0.7368 	WARNING 	We strongly recommend you activate the PTB sound engine in PsychoPy prefs as the preferred audio engine. Its timing is vastly superior. Your prefs are currently set to use ['sounddevice', 'PTB', 'pyo', 'pygame'] (in that order).
3.9104 	INFO 	Loaded monitor calibration from ['2021_09_14 11:10']
3.9108 	ERROR 	'0.5000, 0.5000, 0.5000' is not a valid rgb color
7.2306 	EXP 	Created window1 = Window(allowGUI=False, allowStencil=False, autoLog=True, backendConf=UNKNOWN, bitsMode=UNKNOWN, blendMode='avg', bpc=(8, 8, 8), color=array([0, 0, 0]), colorSpace='rgb', depthBits=8, fullscr=<method-wrapper '__getattribute__' of attributeSetter object at 0x000001490DF5EB00>, gamma=None, gammaErrorPolicy='raise', lms=UNKNOWN, monitor=<psychopy.monitors.calibTools.Monitor object at 0x000001490DFB0B00>, multiSample=False, name='window1', numSamples=2, pos=[0.0, 0.0], screen=0, size=array([1920, 1080]), stencilBits=0, stereo=False, units='height', useFBO=True, useRetina=False, viewOri=0.0, viewPos=None, viewScale=None, waitBlanking=True, winType='pyglet')
7.2311 	EXP 	window1: mouseVisible = True
7.2312 	EXP 	window1: recordFrameIntervals = False
7.2710 	EXP 	window1: recordFrameIntervals = True
7.3171 	DEBUG 	Screen (0) actual frame rate measured at 240.82
7.3171 	EXP 	window1: recordFrameIntervals = False
7.4694 	INFO 	keyboard.Keyboard is using ptb backend.
7.4696 	EXP 	window1: mouseVisible = False
7.6716 	EXP 	Created welcome_text = TextStim(__class__=<class 'psychopy.visual.text.TextStim'>, alignHoriz=method-wrapper(...), alignText='center', alignVert=method-wrapper(...), anchorHoriz='center', anchorVert='center', antialias=True, autoLog=True, bold=False, color=array([1., 1., 1.]), colorSpace='rgb', contrast=1.0, depth=0.0, flipHoriz=False, flipVert=False, font='Arial', fontFiles=[], height=0.04, italic=False, languageStyle='LTR', name='welcome_text', opacity=1, ori=0, pos=array([0., 0.]), rgb=UNKNOWN, text=str(...), units='height', win=Window(...), wrapWidth=1.3)
7.6716 	INFO 	keyboard.Keyboard is using ptb backend.
7.6790 	EXP 	Created instructRight_text = TextStim(__class__=<class 'psychopy.visual.text.TextStim'>, alignHoriz=method-wrapper(...), alignText='center', alignVert=method-wrapper(...), anchorHoriz='center', anchorVert='center', antialias=True, autoLog=True, bold=False, color=array([1., 1., 1.]), colorSpace='rgb', contrast=1.0, depth=0.0, flipHoriz=False, flipVert=False, font='Arial', fontFiles=[], height=0.04, italic=False, languageStyle='LTR', name='instructRight_text', opacity=1, ori=0, pos=array([0., 0.]), rgb=UNKNOWN, text=str(...), units='height', win=Window(...), wrapWidth=1.3)
7.7196 	EXP 	Created instructRight_centerImg = ImageStim(__class__=<class 'psychopy.visual.image.ImageStim'>, autoLog=True, color=array([1., 1., 1.]), colorSpace='rgb', contrast=1.0, depth=-1.0, flipHoriz=False, flipVert=False, image='img/rightArrow.png', interpolate=True, mask=None, maskParams=None, name='instructRight_centerImg', opacity=1, ori=0.0, pos=array([ 0. , -0.3]), size=array([0.02, 0.02]), texRes=512, units='height', win=Window(...))
7.7562 	EXP 	Created instructRight_rightImg1 = ImageStim(__class__=<class 'psychopy.visual.image.ImageStim'>, autoLog=True, color=array([1., 1., 1.]), colorSpace='rgb', contrast=1.0, depth=-2.0, flipHoriz=False, flipVert=False, image='img/rightArrow.png', interpolate=True, mask=None, maskParams=None, name='instructRight_rightImg1', opacity=1, ori=0.0, pos=array([ 0.03, -0.3 ]), size=array([0.02, 0.02]), texRes=512, units='height', win=Window(...))
7.7926 	EXP 	Created instructRight_leftImg1 = ImageStim(__class__=<class 'psychopy.visual.image.ImageStim'>, autoLog=True, color=array([1., 1., 1.]), colorSpace='rgb', contrast=1.0, depth=-3.0, flipHoriz=False, flipVert=False, image='img/rightArrow.png', interpolate=True, mask=None, maskParams=None, name='instructRight_leftImg1', opacity=1, ori=0.0, pos=array([-0.03, -0.3 ]), size=array([0.02, 0.02]), texRes=512, units='height', win=Window(...))
7.7927 	INFO 	keyboard.Keyboard is using ptb backend.
7.8271 	EXP 	Created instructLeft_text = TextStim(__class__=<class 'psychopy.visual.text.TextStim'>, alignHoriz=method-wrapper(...), alignText='center', alignVert=method-wrapper(...), anchorHoriz='center', anchorVert='center', antialias=True, autoLog=True, bold=False, color=array([1., 1., 1.]), colorSpace='rgb', contrast=1.0, depth=0.0, flipHoriz=False, flipVert=False, font='Arial', fontFiles=[], height=0.04, italic=False, languageStyle='LTR', name='instructLeft_text', opacity=1, ori=0, pos=array([0., 0.]), rgb=UNKNOWN, text=str(...), units='height', win=Window(...), wrapWidth=1.3)
7.8635 	EXP 	Created instructLeft_centerImg = ImageStim(__class__=<class 'psychopy.visual.image.ImageStim'>, autoLog=True, color=array([1., 1., 1.]), colorSpace='rgb', contrast=1.0, depth=-1.0, flipHoriz=False, flipVert=False, image='img/leftArrow.png', interpolate=True, mask=None, maskParams=None, name='instructLeft_centerImg', opacity=1, ori=0.0, pos=array([ 0. , -0.3]), size=array([0.02, 0.02]), texRes=512, units='height', win=Window(...))
7.8997 	EXP 	Created instructLeft_rightImg1 = ImageStim(__class__=<class 'psychopy.visual.image.ImageStim'>, autoLog=True, color=array([1., 1., 1.]), colorSpace='rgb', contrast=1.0, depth=-2.0, flipHoriz=False, flipVert=False, image='img/leftArrow.png', interpolate=True, mask=None, maskParams=None, name='instructLeft_rightImg1', opacity=1, ori=0.0, pos=array([ 0.03, -0.3 ]), size=array([0.02, 0.02]), texRes=512, units='height', win=Window(...))
7.9363 	EXP 	Created instructLeft_leftImg1 = ImageStim(__class__=<class 'psychopy.visual.image.ImageStim'>, autoLog=True, color=array([1., 1., 1.]), colorSpace='rgb', contrast=1.0, depth=-3.0, flipHoriz=False, flipVert=False, image='img/leftArrow.png', interpolate=True, mask=None, maskParams=None, name='instructLeft_leftImg1', opacity=1, ori=0.0, pos=array([-0.03, -0.3 ]), size=array([0.02, 0.02]), texRes=512, units='height', win=Window(...))
7.9363 	INFO 	keyboard.Keyboard is using ptb backend.
7.9521 	EXP 	Created instructInconRight_text = TextStim(__class__=<class 'psychopy.visual.text.TextStim'>, alignHoriz=method-wrapper(...), alignText='center', alignVert=method-wrapper(...), anchorHoriz='center', anchorVert='center', antialias=True, autoLog=True, bold=False, color=array([1., 1., 1.]), colorSpace='rgb', contrast=1.0, depth=0.0, flipHoriz=False, flipVert=False, font='Arial', fontFiles=[], height=0.04, italic=False, languageStyle='LTR', name='instructInconRight_text', opacity=1, ori=0, pos=array([0., 0.]), rgb=UNKNOWN, text=str(...), units='height', win=Window(...), wrapWidth=1.3)
7.9761 	EXP 	Created instructIncon_centerImg = ImageStim(__class__=<class 'psychopy.visual.image.ImageStim'>, autoLog=True, color=array([1., 1., 1.]), colorSpace='rgb', contrast=1.0, depth=-1.0, flipHoriz=False, flipVert=False, image='img/rightArrow.png', interpolate=True, mask=None, maskParams=None, name='instructIncon_centerImg', opacity=1, ori=0.0, pos=array([ 0. , -0.3]), size=array([0.02, 0.02]), texRes=512, units='height', win=Window(...))
8.0004 	EXP 	Created instructIncon_rightImg1 = ImageStim(__class__=<class 'psychopy.visual.image.ImageStim'>, autoLog=True, color=array([1., 1., 1.]), colorSpace='rgb', contrast=1.0, depth=-2.0, flipHoriz=False, flipVert=False, image='img/leftArrow.png', interpolate=True, mask=None, maskParams=None, name='instructIncon_rightImg1', opacity=1, ori=0.0, pos=array([ 0.03, -0.3 ]), size=array([0.02, 0.02]), texRes=512, units='height', win=Window(...))
8.0322 	EXP 	Created instructIncon_leftImg1 = ImageStim(__class__=<class 'psychopy.visual.image.ImageStim'>, autoLog=True, color=array([1., 1., 1.]), colorSpace='rgb', contrast=1.0, depth=-3.0, flipHoriz=False, flipVert=False, image='img/leftArrow.png', interpolate=True, mask=None, maskParams=None, name='instructIncon_leftImg1', opacity=1, ori=0.0, pos=array([-0.03, -0.3 ]), size=array([0.02, 0.02]), texRes=512, units='height', win=Window(...))
8.0323 	INFO 	keyboard.Keyboard is using ptb backend.
8.0399 	EXP 	Created instructInconLeft_text = TextStim(__class__=<class 'psychopy.visual.text.TextStim'>, alignHoriz=method-wrapper(...), alignText='center', alignVert=method-wrapper(...), anchorHoriz='center', anchorVert='center', antialias=True, autoLog=True, bold=False, color=array([1., 1., 1.]), colorSpace='rgb', contrast=1.0, depth=0.0, flipHoriz=False, flipVert=False, font='Arial', fontFiles=[], height=0.04, italic=False, languageStyle='LTR', name='instructInconLeft_text', opacity=1, ori=0, pos=array([0., 0.]), rgb=UNKNOWN, text=str(...), units='height', win=Window(...), wrapWidth=1.3)
8.0631 	EXP 	Created instructInconLeft_centerImg = ImageStim(__class__=<class 'psychopy.visual.image.ImageStim'>, autoLog=True, color=array([1., 1., 1.]), colorSpace='rgb', contrast=1.0, depth=-1.0, flipHoriz=False, flipVert=False, image='img/leftArrow.png', interpolate=True, mask=None, maskParams=None, name='instructInconLeft_centerImg', opacity=1, ori=0.0, pos=array([ 0. , -0.3]), size=array([0.02, 0.02]), texRes=512, units='height', win=Window(...))
8.0867 	EXP 	Created instructInconLeft_rightImg1 = ImageStim(__class__=<class 'psychopy.visual.image.ImageStim'>, autoLog=True, color=array([1., 1., 1.]), colorSpace='rgb', contrast=1.0, depth=-2.0, flipHoriz=False, flipVert=False, image='img/rightArrow.png', interpolate=True, mask=None, maskParams=None, name='instructInconLeft_rightImg1', opacity=1, ori=0.0, pos=array([ 0.03, -0.3 ]), size=array([0.02, 0.02]), texRes=512, units='height', win=Window(...))
8.1112 	EXP 	Created instructInconLeft_leftImg1 = ImageStim(__class__=<class 'psychopy.visual.image.ImageStim'>, autoLog=True, color=array([1., 1., 1.]), colorSpace='rgb', contrast=1.0, depth=-3.0, flipHoriz=False, flipVert=False, image='img/rightArrow.png', interpolate=True, mask=None, maskParams=None, name='instructInconLeft_leftImg1', opacity=1, ori=0.0, pos=array([-0.03, -0.3 ]), size=array([0.02, 0.02]), texRes=512, units='height', win=Window(...))
8.1113 	INFO 	keyboard.Keyboard is using ptb backend.
8.1216 	EXP 	Created prac_blockText = TextStim(__class__=<class 'psychopy.visual.text.TextStim'>, alignHoriz=method-wrapper(...), alignText='center', alignVert=method-wrapper(...), anchorHoriz='center', anchorVert='center', antialias=True, autoLog=True, bold=False, color=array([1., 1., 1.]), colorSpace='rgb', contrast=1.0, depth=-1.0, flipHoriz=False, flipVert=False, font='Arial', fontFiles=[], height=0.06, italic=False, languageStyle='LTR', name='prac_blockText', opacity=1, ori=0.0, pos=array([0. , 0.3]), rgb=UNKNOWN, text='Practice', units='height', win=Window(...), wrapWidth=1.3)
8.1345 	EXP 	Created prac_reminder_text = TextStim(__class__=<class 'psychopy.visual.text.TextStim'>, alignHoriz=method-wrapper(...), alignText='center', alignVert=method-wrapper(...), anchorHoriz='center', anchorVert='center', antialias=True, autoLog=True, bold=False, color=array([1., 1., 1.]), colorSpace='rgb', contrast=1.0, depth=-2.0, flipHoriz=False, flipVert=False, font='Arial', fontFiles=[], height=0.04, italic=False, languageStyle='LTR', name='prac_reminder_text', opacity=1, ori=0, pos=array([0., 0.]), rgb=UNKNOWN, text=str(...), units='height', win=Window(...), wrapWidth=1.3)
8.1346 	INFO 	keyboard.Keyboard is using ptb backend.
8.1375 	EXP 	Created initFixation_img = ImageStim(__class__=<class 'psychopy.visual.image.ImageStim'>, autoLog=True, color=array([1., 1., 1.]), colorSpace='rgb', contrast=1.0, depth=0.0, flipHoriz=False, flipVert=False, image='sin', interpolate=True, mask=None, maskParams=None, name='initFixation_img', opacity=1, ori=0.0, pos=array([ 0.   , -0.015]), size=array([0.26, 0.22]), texRes=512, units='height', win=Window(...))
8.1403 	EXP 	Created bigFace = ImageStim(__class__=<class 'psychopy.visual.image.ImageStim'>, autoLog=True, color=array([1., 1., 1.]), colorSpace='rgb', contrast=1.0, depth=-1.0, flipHoriz=False, flipVert=False, image='sin', interpolate=True, mask=None, maskParams=None, name='bigFace', opacity=0.85, ori=0.0, pos=array([0., 0.]), size=array([0.4267, 0.3   ]), texRes=128.0, units='height', win=Window(...))
8.1431 	EXP 	Created cover_background_2 = ImageStim(__class__=<class 'psychopy.visual.image.ImageStim'>, autoLog=True, color=array([1., 1., 1.]), colorSpace='rgb', contrast=1.0, depth=-2.0, flipHoriz=False, flipVert=False, image='sin', interpolate=True, mask=None, maskParams=None, name='cover_background_2', opacity=1, ori=0.0, pos=array([ 0.   , -0.015]), size=array([0.26, 0.22]), texRes=128.0, units='height', win=Window(...))
8.1459 	EXP 	Created prac_centerImg = ImageStim(__class__=<class 'psychopy.visual.image.ImageStim'>, autoLog=True, color=array([1., 1., 1.]), colorSpace='rgb', contrast=1.0, depth=-3.0, flipHoriz=False, flipVert=False, image='sin', interpolate=True, mask=None, maskParams=None, name='prac_centerImg', opacity=1, ori=0.0, pos=array([0., 0.]), size=array([1., 1.]), texRes=512, units='height', win=Window(...))
8.1488 	EXP 	Created prac_rightImg1 = ImageStim(__class__=<class 'psychopy.visual.image.ImageStim'>, autoLog=True, color=array([1., 1., 1.]), colorSpace='rgb', contrast=1.0, depth=-4.0, flipHoriz=False, flipVert=False, image='sin', interpolate=True, mask=None, maskParams=None, name='prac_rightImg1', opacity=1, ori=0.0, pos=array([0., 0.]), size=array([1., 1.]), texRes=512, units='height', win=Window(...))
8.1517 	EXP 	Created prac_leftImg1 = ImageStim(__class__=<class 'psychopy.visual.image.ImageStim'>, autoLog=True, color=array([1., 1., 1.]), colorSpace='rgb', contrast=1.0, depth=-5.0, flipHoriz=False, flipVert=False, image='sin', interpolate=True, mask=None, maskParams=None, name='prac_leftImg1', opacity=1, ori=0.0, pos=array([0., 0.]), size=array([1., 1.]), texRes=512, units='height', win=Window(...))
8.1546 	EXP 	Created prac_fixImg = ImageStim(__class__=<class 'psychopy.visual.image.ImageStim'>, autoLog=True, color=array([1., 1., 1.]), colorSpace='rgb', contrast=1.0, depth=-6.0, flipHoriz=False, flipVert=False, image='sin', interpolate=True, mask=None, maskParams=None, name='prac_fixImg', opacity=1, ori=0.0, pos=array([ 0.   , -0.015]), size=array([0.26, 0.22]), texRes=512, units='height', win=Window(...))
8.1547 	INFO 	keyboard.Keyboard is using ptb backend.
8.1557 	EXP 	Created prac_blockFeed_text = TextStim(__class__=<class 'psychopy.visual.text.TextStim'>, alignHoriz=method-wrapper(...), alignText='center', alignVert=method-wrapper(...), anchorHoriz='center', anchorVert='center', antialias=True, autoLog=True, bold=False, color=array([1., 1., 1.]), colorSpace='rgb', contrast=1.0, depth=-1.0, flipHoriz=False, flipVert=False, font='Arial', fontFiles=[], height=0.04, italic=False, languageStyle='LTR', name='prac_blockFeed_text', opacity=1, ori=0, pos=array([0., 0.]), rgb=UNKNOWN, text='', units='height', win=Window(...), wrapWidth=1.3)
8.1587 	EXP 	Created prac_pressContinue = TextStim(__class__=<class 'psychopy.visual.text.TextStim'>, alignHoriz=method-wrapper(...), alignText='center', alignVert=method-wrapper(...), anchorHoriz='center', anchorVert='center', antialias=True, autoLog=True, bold=False, color=array([1., 1., 1.]), colorSpace='rgb', contrast=1.0, depth=-2.0, flipHoriz=False, flipVert=False, font='Arial', fontFiles=[], height=0.04, italic=False, languageStyle='LTR', name='prac_pressContinue', opacity=1, ori=0.0, pos=array([ 0. , -0.3]), rgb=UNKNOWN, text='Press the right key', units='height', win=Window(...), wrapWidth=1.3)
8.1588 	INFO 	keyboard.Keyboard is using ptb backend.
8.1598 	EXP 	Created task_blockText = TextStim(__class__=<class 'psychopy.visual.text.TextStim'>, alignHoriz=method-wrapper(...), alignText='center', alignVert=method-wrapper(...), anchorHoriz='center', anchorVert='center', antialias=True, autoLog=True, bold=False, color=array([1., 1., 1.]), colorSpace='rgb', contrast=1.0, depth=-1.0, flipHoriz=False, flipVert=False, font='Arial', fontFiles=[], height=0.06, italic=False, languageStyle='LTR', name='task_blockText', opacity=1, ori=0.0, pos=array([0. , 0.3]), rgb=UNKNOWN, text='', units='height', win=Window(...), wrapWidth=1.3)
8.1690 	EXP 	Created task_blockReminders_text = TextStim(__class__=<class 'psychopy.visual.text.TextStim'>, alignHoriz=method-wrapper(...), alignText='center', alignVert=method-wrapper(...), anchorHoriz='center', anchorVert='center', antialias=True, autoLog=True, bold=False, color=array([1., 1., 1.]), colorSpace='rgb', contrast=1.0, depth=-2.0, flipHoriz=False, flipVert=False, font='Arial', fontFiles=[], height=0.04, italic=False, languageStyle='LTR', name='task_blockReminders_text', opacity=1, ori=0, pos=array([0., 0.]), rgb=UNKNOWN, text=str(...), units='height', win=Window(...), wrapWidth=1.3)
8.1690 	INFO 	keyboard.Keyboard is using ptb backend.
8.1719 	EXP 	Created initFixation_img = ImageStim(__class__=<class 'psychopy.visual.image.ImageStim'>, autoLog=True, color=array([1., 1., 1.]), colorSpace='rgb', contrast=1.0, depth=0.0, flipHoriz=False, flipVert=False, image='sin', interpolate=True, mask=None, maskParams=None, name='initFixation_img', opacity=1, ori=0.0, pos=array([ 0.   , -0.015]), size=array([0.26, 0.22]), texRes=512, units='height', win=Window(...))
8.1749 	EXP 	Created bigFace_2 = ImageStim(__class__=<class 'psychopy.visual.image.ImageStim'>, autoLog=True, color=array([1., 1., 1.]), colorSpace='rgb', contrast=1.0, depth=-1.0, flipHoriz=False, flipVert=False, image='sin', interpolate=True, mask=None, maskParams=None, name='bigFace_2', opacity=0.85, ori=0.0, pos=array([0., 0.]), size=array([0.4267, 0.3   ]), texRes=128.0, units='height', win=Window(...))
8.2195 	EXP 	Created cover_background = ImageStim(__class__=<class 'psychopy.visual.image.ImageStim'>, autoLog=True, color=array([1., 1., 1.]), colorSpace='rgb', contrast=1.0, depth=-2.0, flipHoriz=False, flipVert=False, image='img/cover_background.png', interpolate=True, mask=None, maskParams=None, name='cover_background', opacity=1, ori=0.0, pos=array([ 0.   , -0.015]), size=array([0.26, 0.22]), texRes=128.0, units='height', win=Window(...))
8.2224 	EXP 	Created task_centerImg = ImageStim(__class__=<class 'psychopy.visual.image.ImageStim'>, autoLog=True, color=array([1., 1., 1.]), colorSpace='rgb', contrast=1.0, depth=-3.0, flipHoriz=False, flipVert=False, image='sin', interpolate=True, mask=None, maskParams=None, name='task_centerImg', opacity=1, ori=0.0, pos=array([0., 0.]), size=array([1., 1.]), texRes=512, units='height', win=Window(...))
8.2253 	EXP 	Created task_rightImg1 = ImageStim(__class__=<class 'psychopy.visual.image.ImageStim'>, autoLog=True, color=array([1., 1., 1.]), colorSpace='rgb', contrast=1.0, depth=-4.0, flipHoriz=False, flipVert=False, image='sin', interpolate=True, mask=None, maskParams=None, name='task_rightImg1', opacity=1, ori=0.0, pos=array([0., 0.]), size=array([1., 1.]), texRes=512, units='height', win=Window(...))
8.2281 	EXP 	Created task_leftImg1 = ImageStim(__class__=<class 'psychopy.visual.image.ImageStim'>, autoLog=True, color=array([1., 1., 1.]), colorSpace='rgb', contrast=1.0, depth=-5.0, flipHoriz=False, flipVert=False, image='sin', interpolate=True, mask=None, maskParams=None, name='task_leftImg1', opacity=1, ori=0.0, pos=array([0., 0.]), size=array([1., 1.]), texRes=512, units='height', win=Window(...))
8.2311 	EXP 	Created task_fixImg = ImageStim(__class__=<class 'psychopy.visual.image.ImageStim'>, autoLog=True, color=array([1., 1., 1.]), colorSpace='rgb', contrast=1.0, depth=-6.0, flipHoriz=False, flipVert=False, image='sin', interpolate=True, mask=None, maskParams=None, name='task_fixImg', opacity=1, ori=0.0, pos=array([ 0.   , -0.015]), size=array([0.26, 0.22]), texRes=512, units='height', win=Window(...))
8.2311 	INFO 	keyboard.Keyboard is using ptb backend.
8.2327 	EXP 	Created task_blockFeed_text = TextStim(__class__=<class 'psychopy.visual.text.TextStim'>, alignHoriz=method-wrapper(...), alignText='center', alignVert=method-wrapper(...), anchorHoriz='center', anchorVert='center', antialias=True, autoLog=True, bold=False, color=array([1., 1., 1.]), colorSpace='rgb', contrast=1.0, depth=-1.0, flipHoriz=False, flipVert=False, font='Arial', fontFiles=[], height=0.12, italic=False, languageStyle='LTR', name='task_blockFeed_text', opacity=1, ori=0, pos=array([0. , 0.1]), rgb=UNKNOWN, text='', units='height', win=Window(...), wrapWidth=1.8)
8.2337 	EXP 	Created task_blockFeed_text2 = TextStim(__class__=<class 'psychopy.visual.text.TextStim'>, alignHoriz=method-wrapper(...), alignText='center', alignVert=method-wrapper(...), anchorHoriz='center', anchorVert='center', antialias=True, autoLog=True, bold=False, color=array([1., 1., 1.]), colorSpace='rgb', contrast=1.0, depth=-2.0, flipHoriz=False, flipVert=False, font='Arial', fontFiles=[], height=0.04, italic=False, languageStyle='LTR', name='task_blockFeed_text2', opacity=1, ori=0, pos=array([ 0. , -0.3]), rgb=UNKNOWN, text='', units='height', win=Window(...), wrapWidth=1.3)
8.2338 	INFO 	keyboard.Keyboard is using ptb backend.
8.2393 	EXP 	Created fix = TextStim(__class__=<class 'psychopy.visual.text.TextStim'>, alignHoriz=method-wrapper(...), alignText='center', alignVert=method-wrapper(...), anchorHoriz='center', anchorVert='center', antialias=True, autoLog=True, bold=False, color=array([1., 1., 1.]), colorSpace='rgb', contrast=1.0, depth=0.0, flipHoriz=False, flipVert=False, font='Open Sans', fontFiles=[], height=0.1, italic=False, languageStyle='LTR', name='fix', opacity=1, ori=0.0, pos=array([0., 0.]), rgb=UNKNOWN, text='+', units='height', win=Window(...), wrapWidth=1)
8.2573 	EXP 	Created errorNumbers_text_2 = TextStim(__class__=<class 'psychopy.visual.text.TextStim'>, alignHoriz=method-wrapper(...), alignText='center', alignVert=method-wrapper(...), anchorHoriz='center', anchorVert='center', antialias=True, autoLog=True, bold=False, color=array([1., 1., 1.]), colorSpace='rgb', contrast=1.0, depth=-1.0, flipHoriz=False, flipVert=False, font='Open Sans', fontFiles=[], height=0.03, italic=False, languageStyle='LTR', name='errorNumbers_text_2', opacity=1, ori=0.0, pos=array([0.  , 0.12]), rgb=UNKNOWN, text=str(...), units='height', win=Window(...), wrapWidth=1)
8.2575 	DEPRECATION 	'-1.0000, -1.0000, -1.0000' is not a valid rgb color
8.2653 	DEPRECATION 	'-1.0000, -1.0000, -1.0000' is not a valid rgb color
8.2655 	DEPRECATION 	'1.0000, 1.0000, 1.0000' is not a valid rgb color
8.2663 	DEPRECATION 	'1.0000, 1.0000, 1.0000' is not a valid rgb color
8.2665 	DEPRECATION 	'-1.0000, -1.0000, -1.0000' is not a valid rgb color
8.2669 	DEPRECATION 	'1.0000, 1.0000, 1.0000' is not a valid rgb color
8.2675 	INFO 	keyboard.Keyboard is using ptb backend.
8.2778 	EXP 	Created botherRate_text = TextStim(__class__=<class 'psychopy.visual.text.TextStim'>, alignHoriz=method-wrapper(...), alignText='center', alignVert=method-wrapper(...), anchorHoriz='center', anchorVert='center', antialias=True, autoLog=True, bold=False, color=array([1., 1., 1.]), colorSpace='rgb', contrast=1.0, depth=-1.0, flipHoriz=False, flipVert=False, font='Open Sans', fontFiles=[], height=0.03, italic=False, languageStyle='LTR', name='botherRate_text', opacity=1, ori=0.0, pos=array([0.  , 0.12]), rgb=UNKNOWN, text=str(...), units='height', win=Window(...), wrapWidth=1)
8.2781 	DEPRECATION 	'-1.0000, -1.0000, -1.0000' is not a valid rgb color
8.2853 	DEPRECATION 	'-1.0000, -1.0000, -1.0000' is not a valid rgb color
8.2856 	DEPRECATION 	'1.0000, 1.0000, 1.0000' is not a valid rgb color
8.2859 	DEPRECATION 	'1.0000, 1.0000, 1.0000' is not a valid rgb color
8.2861 	DEPRECATION 	'-1.0000, -1.0000, -1.0000' is not a valid rgb color
8.2864 	DEPRECATION 	'1.0000, 1.0000, 1.0000' is not a valid rgb color
8.2870 	INFO 	keyboard.Keyboard is using ptb backend.
8.3036 	EXP 	Created instruct_surprise1_4 = TextStim(__class__=<class 'psychopy.visual.text.TextStim'>, alignHoriz=method-wrapper(...), alignText='center', alignVert=method-wrapper(...), anchorHoriz='center', anchorVert='center', antialias=True, autoLog=True, bold=False, color=array([1., 1., 1.]), colorSpace='rgb', contrast=1.0, depth=0.0, flipHoriz=False, flipVert=False, font='Open Sans', fontFiles=[], height=0.04, italic=False, languageStyle='LTR', name='instruct_surprise1_4', opacity=1, ori=0.0, pos=array([0., 0.]), rgb=UNKNOWN, text=str(...), units='height', win=Window(...), wrapWidth=1)
8.3037 	INFO 	keyboard.Keyboard is using ptb backend.
8.3169 	EXP 	Created instruct_surprise1 = TextStim(__class__=<class 'psychopy.visual.text.TextStim'>, alignHoriz=method-wrapper(...), alignText='center', alignVert=method-wrapper(...), anchorHoriz='center', anchorVert='center', antialias=True, autoLog=True, bold=False, color=array([1., 1., 1.]), colorSpace='rgb', contrast=1.0, depth=0.0, flipHoriz=False, flipVert=False, font='Open Sans', fontFiles=[], height=0.04, italic=False, languageStyle='LTR', name='instruct_surprise1', opacity=1, ori=0.0, pos=array([0., 0.]), rgb=UNKNOWN, text=str(...), units='height', win=Window(...), wrapWidth=1)
8.3169 	INFO 	keyboard.Keyboard is using ptb backend.
8.3179 	EXP 	Created instructMainTask_text = TextStim(__class__=<class 'psychopy.visual.text.TextStim'>, alignHoriz=method-wrapper(...), alignText='center', alignVert=method-wrapper(...), anchorHoriz='center', anchorVert='center', antialias=True, autoLog=True, bold=False, color=array([1., 1., 1.]), colorSpace='rgb', contrast=1.0, depth=0.0, flipHoriz=False, flipVert=False, font='Arial', fontFiles=[], height=0.04, italic=False, languageStyle='LTR', name='instructMainTask_text', opacity=1, ori=0, pos=array([0., 0.]), rgb=UNKNOWN, text='', units='height', win=Window(...), wrapWidth=1.3)
8.3180 	INFO 	keyboard.Keyboard is using ptb backend.
8.3203 	EXP 	Created stimulus = ImageStim(__class__=<class 'psychopy.visual.image.ImageStim'>, autoLog=True, color=array([1., 1., 1.]), colorSpace='rgb', contrast=1.0, depth=0.0, flipHoriz=False, flipVert=False, image='sin', interpolate=True, mask=None, maskParams=None, name='stimulus', opacity=1, ori=0.0, pos=array([0. , 0.2]), size=array([0.5, 0.5]), texRes=128.0, units='height', win=Window(...))
8.3216 	EXP 	Created instructsurpA1_right = TextStim(__class__=<class 'psychopy.visual.text.TextStim'>, alignHoriz=method-wrapper(...), alignText='center', alignVert=method-wrapper(...), anchorHoriz='center', anchorVert='center', antialias=True, autoLog=True, bold=False, color=array([1., 1., 1.]), colorSpace='rgb', contrast=1.0, depth=-1.0, flipHoriz=False, flipVert=False, font='Open Sans', fontFiles=[], height=0.025, italic=False, languageStyle='LTR', name='instructsurpA1_right', opacity=1, ori=0.0, pos=array([0., 0.]), rgb=UNKNOWN, text='', units='height', win=Window(...), wrapWidth=1)
8.3226 	EXP 	Created instructsurpA2_left = TextStim(__class__=<class 'psychopy.visual.text.TextStim'>, alignHoriz=method-wrapper(...), alignText='center', alignVert=method-wrapper(...), anchorHoriz='center', anchorVert='center', antialias=True, autoLog=True, bold=False, color=array([1., 1., 1.]), colorSpace='rgb', contrast=1.0, depth=-2.0, flipHoriz=False, flipVert=False, font='Open Sans', fontFiles=[], height=0.025, italic=False, languageStyle='LTR', name='instructsurpA2_left', opacity=1, ori=0.0, pos=array([-0.4 , -0.03]), rgb=UNKNOWN, text='', units='height', win=Window(...), wrapWidth=1)
8.3226 	INFO 	keyboard.Keyboard is using ptb backend.
8.3320 	EXP 	Created instruct_surprise1_2 = TextStim(__class__=<class 'psychopy.visual.text.TextStim'>, alignHoriz=method-wrapper(...), alignText='center', alignVert=method-wrapper(...), anchorHoriz='center', anchorVert='center', antialias=True, autoLog=True, bold=False, color=array([1., 1., 1.]), colorSpace='rgb', contrast=1.0, depth=0.0, flipHoriz=False, flipVert=False, font='Open Sans', fontFiles=[], height=0.04, italic=False, languageStyle='LTR', name='instruct_surprise1_2', opacity=1, ori=0.0, pos=array([0., 0.]), rgb=UNKNOWN, text=str(...), units='height', win=Window(...), wrapWidth=1)
8.3320 	INFO 	keyboard.Keyboard is using ptb backend.
8.3330 	EXP 	Created instructMainTask_text_2 = TextStim(__class__=<class 'psychopy.visual.text.TextStim'>, alignHoriz=method-wrapper(...), alignText='center', alignVert=method-wrapper(...), anchorHoriz='center', anchorVert='center', antialias=True, autoLog=True, bold=False, color=array([1., 1., 1.]), colorSpace='rgb', contrast=1.0, depth=0.0, flipHoriz=False, flipVert=False, font='Arial', fontFiles=[], height=0.04, italic=False, languageStyle='LTR', name='instructMainTask_text_2', opacity=1, ori=0, pos=array([0., 0.]), rgb=UNKNOWN, text='', units='height', win=Window(...), wrapWidth=1.3)
8.3330 	INFO 	keyboard.Keyboard is using ptb backend.
8.3353 	EXP 	Created stimulus_2 = ImageStim(__class__=<class 'psychopy.visual.image.ImageStim'>, autoLog=True, color=array([1., 1., 1.]), colorSpace='rgb', contrast=1.0, depth=0.0, flipHoriz=False, flipVert=False, image='sin', interpolate=True, mask=None, maskParams=None, name='stimulus_2', opacity=1, ori=0.0, pos=array([0. , 0.2]), size=array([0.5, 0.5]), texRes=128.0, units='height', win=Window(...))
8.3363 	EXP 	Created instructsurpA1_right_2 = TextStim(__class__=<class 'psychopy.visual.text.TextStim'>, alignHoriz=method-wrapper(...), alignText='center', alignVert=method-wrapper(...), anchorHoriz='center', anchorVert='center', antialias=True, autoLog=True, bold=False, color=array([1., 1., 1.]), colorSpace='rgb', contrast=1.0, depth=-1.0, flipHoriz=False, flipVert=False, font='Open Sans', fontFiles=[], height=0.025, italic=False, languageStyle='LTR', name='instructsurpA1_right_2', opacity=1, ori=0.0, pos=array([0., 0.]), rgb=UNKNOWN, text='', units='height', win=Window(...), wrapWidth=1)
8.3373 	EXP 	Created instructsurpA2_left_2 = TextStim(__class__=<class 'psychopy.visual.text.TextStim'>, alignHoriz=method-wrapper(...), alignText='center', alignVert=method-wrapper(...), anchorHoriz='center', anchorVert='center', antialias=True, autoLog=True, bold=False, color=array([1., 1., 1.]), colorSpace='rgb', contrast=1.0, depth=-2.0, flipHoriz=False, flipVert=False, font='Open Sans', fontFiles=[], height=0.025, italic=False, languageStyle='LTR', name='instructsurpA2_left_2', opacity=1, ori=0.0, pos=array([-0.4 , -0.03]), rgb=UNKNOWN, text='', units='height', win=Window(...), wrapWidth=1)
8.3373 	INFO 	keyboard.Keyboard is using ptb backend.
8.3439 	EXP 	Created finishMessage_text = TextStim(__class__=<class 'psychopy.visual.text.TextStim'>, alignHoriz=method-wrapper(...), alignText='center', alignVert=method-wrapper(...), anchorHoriz='center', anchorVert='center', antialias=True, autoLog=True, bold=False, color=array([1., 1., 1.]), colorSpace='rgb', contrast=1.0, depth=0.0, flipHoriz=False, flipVert=False, font='Arial', fontFiles=[], height=0.04, italic=False, languageStyle='LTR', name='finishMessage_text', opacity=1, ori=0, pos=array([0., 0.]), rgb=UNKNOWN, text='Thank you for your participation!', units='height', win=Window(...), wrapWidth=1.3)
8.3773 	EXP 	textbox_2: autoLog = True
8.3773 	EXP 	textbox_3: autoLog = True
8.3773 	EXP 	welcome_text: autoDraw = True
9.0954 	DATA 	Keypress: 8
9.0983 	DEBUG 	TextBox2 loaded 1 chars with 0 blanks and 1 valid
9.0984 	DEBUG 	Uploading Texture Font fontname to graphics card
9.1063 	DEBUG 	Upload of Texture Font fontname complete
9.1099 	EXP 	welcome_text: autoDraw = False
9.1099 	EXP 	instructRight_text: autoDraw = True
9.1099 	EXP 	instructRight_centerImg: autoDraw = True
9.1099 	EXP 	instructRight_rightImg1: autoDraw = True
9.1099 	EXP 	instructRight_leftImg1: autoDraw = True
9.6661 	DATA 	Keypress: 8
9.6783 	EXP 	instructRight_text: autoDraw = False
9.6783 	EXP 	instructRight_centerImg: autoDraw = False
9.6783 	EXP 	instructRight_rightImg1: autoDraw = False
9.6783 	EXP 	instructRight_leftImg1: autoDraw = False
9.6783 	EXP 	instructLeft_text: autoDraw = True
9.6783 	EXP 	instructLeft_centerImg: autoDraw = True
9.6783 	EXP 	instructLeft_rightImg1: autoDraw = True
9.6783 	EXP 	instructLeft_leftImg1: autoDraw = True
9.8543 	DATA 	Keypress: 1
9.8564 	DEBUG 	TextBox2 loaded 1 chars with 0 blanks and 1 valid
9.8564 	DEBUG 	Uploading Texture Font fontname to graphics card
9.8572 	DEBUG 	Upload of Texture Font fontname complete
9.8713 	EXP 	instructLeft_text: autoDraw = False
9.8713 	EXP 	instructLeft_centerImg: autoDraw = False
9.8713 	EXP 	instructLeft_rightImg1: autoDraw = False
9.8713 	EXP 	instructLeft_leftImg1: autoDraw = False
9.8713 	EXP 	instructInconRight_text: autoDraw = True
9.8713 	EXP 	instructIncon_centerImg: autoDraw = True
9.8713 	EXP 	instructIncon_rightImg1: autoDraw = True
9.8713 	EXP 	instructIncon_leftImg1: autoDraw = True
10.0841 	DATA 	Keypress: 8
10.0958 	EXP 	instructInconRight_text: autoDraw = False
10.0958 	EXP 	instructIncon_centerImg: autoDraw = False
10.0958 	EXP 	instructIncon_rightImg1: autoDraw = False
10.0958 	EXP 	instructIncon_leftImg1: autoDraw = False
10.0958 	EXP 	instructInconLeft_text: autoDraw = True
10.0958 	EXP 	instructInconLeft_centerImg: autoDraw = True
10.0958 	EXP 	instructInconLeft_rightImg1: autoDraw = True
10.0958 	EXP 	instructInconLeft_leftImg1: autoDraw = True
10.3292 	DATA 	Keypress: 1
10.3366 	DEBUG 	Read csv file with pandas: blockSelect_practice.csv
10.3378 	DEBUG 	Clearing unnamed columns from blockSelect_practice.csv
10.3379 	EXP 	Imported blockSelect_practice.csv as conditions, 1 conditions, 1 params
10.3382 	EXP 	Created sequence: random, trialTypes=1, nReps=0, seed=None
10.3393 	DEBUG 	Read csv file with pandas: blockSelect.csv
10.3398 	DEBUG 	Clearing unnamed columns from blockSelect.csv
10.3400 	EXP 	Imported blockSelect.csv as conditions, 5 conditions, 1 params
10.3402 	EXP 	Created sequence: random, trialTypes=5, nReps=1, seed=None
10.3404 	EXP 	New trial (rep=0, index=0): OrderedDict([('whichBlock', 'a_halfV_trialTable_1.csv')])
10.3538 	EXP 	instructInconLeft_text: autoDraw = False
10.3538 	EXP 	instructInconLeft_centerImg: autoDraw = False
10.3538 	EXP 	instructInconLeft_rightImg1: autoDraw = False
10.3538 	EXP 	instructInconLeft_leftImg1: autoDraw = False
10.3538 	EXP 	task_blockText: text = 'Block 1 of 6'
10.3538 	EXP 	task_blockText: autoDraw = True
10.3538 	EXP 	task_blockReminders_text: autoDraw = True
10.5676 	DATA 	Keypress: 8
10.5707 	EXP 	task_blockText: autoDraw = False
10.5707 	EXP 	task_blockReminders_text: autoDraw = False
10.5707 	EXP 	initFixation_img: image = 'img/transp_fixation.png'
10.5707 	EXP 	initFixation_img: autoDraw = True
12.5620 	DEBUG 	Read csv file with pandas: a_halfV_trialTable_1.csv
12.5626 	DEBUG 	Clearing unnamed columns from a_halfV_trialTable_1.csv
12.5654 	EXP 	Imported a_halfV_trialTable_1.csv as conditions, 32 conditions, 11 params
12.5657 	EXP 	Created sequence: random, trialTypes=32, nReps=1, seed=None
12.5659 	EXP 	New trial (rep=0, index=0): OrderedDict([('middleStim', 'img/rightArrow.png'), ('leftStim', 'img/rightArrow.png'), ('rightStim', 'img/rightArrow.png'), ('stimNum', 5), ('congruent', 1), ('target', 'right'), ('locationC', [0, 0]), ('locationR', [0.033, 0]), ('locationL', [-0.033, 0]), ('straightFace', 'img/neutralC/CFD-LM-239-075-N.jpg'), ('imageSize', [0.03, 0.03])])
12.6890 	EXP 	initFixation_img: autoDraw = False
12.6890 	EXP 	bigFace_2: image = 'img/neutralC/CFD-LM-239-075-N.jpg'
12.6890 	EXP 	task_centerImg: pos = array([0., 0.])
12.6890 	EXP 	task_centerImg: size = array([0.03, 0.03])
12.6890 	EXP 	task_centerImg: image = 'img/rightArrow.png'
12.6890 	EXP 	task_rightImg1: pos = array([0.033, 0.   ])
12.6890 	EXP 	task_rightImg1: size = array([0.03, 0.03])
12.6890 	EXP 	task_rightImg1: image = 'img/rightArrow.png'
12.6890 	EXP 	task_leftImg1: pos = array([-0.033,  0.   ])
12.6890 	EXP 	task_leftImg1: size = array([0.03, 0.03])
12.6890 	EXP 	task_leftImg1: image = 'img/rightArrow.png'
12.6890 	EXP 	task_fixImg: image = 'img/transp_fixation.png'
12.6890 	EXP 	bigFace_2: autoDraw = True
12.6890 	EXP 	cover_background: autoDraw = True
12.6890 	EXP 	task_centerImg: autoDraw = True
12.6890 	EXP 	task_rightImg1: autoDraw = True
12.6890 	EXP 	task_leftImg1: autoDraw = True
12.6890 	EXP 	task_fixImg: autoDraw = True
12.8912 	EXP 	cover_background: autoDraw = False
12.8912 	EXP 	task_centerImg: autoDraw = False
12.8912 	EXP 	task_rightImg1: autoDraw = False
12.8912 	EXP 	task_leftImg1: autoDraw = False
16.3992 	EXP 	New trial (rep=0, index=1): OrderedDict([('middleStim', 'img/rightArrow.png'), ('leftStim', 'img/leftArrow.png'), ('rightStim', 'img/leftArrow.png'), ('stimNum', 7), ('congruent', 0), ('target', 'right'), ('locationC', [0, 0]), ('locationR', [0.033, 0]), ('locationL', [-0.033, 0]), ('straightFace', 'img/neutralC/CFD-IM-739-012-N.jpg'), ('imageSize', [0.03, 0.03])])
16.4926 	EXP 	bigFace_2: autoDraw = False
16.4926 	EXP 	task_fixImg: autoDraw = False
16.4926 	EXP 	bigFace_2: autoDraw = False
16.4926 	EXP 	cover_background: autoDraw = False
16.4926 	EXP 	task_centerImg: autoDraw = False
16.4926 	EXP 	task_rightImg1: autoDraw = False
16.4926 	EXP 	task_leftImg1: autoDraw = False
16.4926 	EXP 	task_fixImg: autoDraw = False
16.4926 	EXP 	bigFace_2: image = 'img/neutralC/CFD-IM-739-012-N.jpg'
16.4926 	EXP 	task_centerImg: pos = array([0., 0.])
16.4926 	EXP 	task_centerImg: size = array([0.03, 0.03])
16.4926 	EXP 	task_centerImg: image = 'img/rightArrow.png'
16.4926 	EXP 	task_rightImg1: pos = array([0.033, 0.   ])
16.4926 	EXP 	task_rightImg1: size = array([0.03, 0.03])
16.4926 	EXP 	task_rightImg1: image = 'img/leftArrow.png'
16.4926 	EXP 	task_leftImg1: pos = array([-0.033,  0.   ])
16.4926 	EXP 	task_leftImg1: size = array([0.03, 0.03])
16.4926 	EXP 	task_leftImg1: image = 'img/leftArrow.png'
16.4926 	EXP 	task_fixImg: image = 'img/transp_fixation.png'
16.4926 	EXP 	bigFace_2: autoDraw = True
16.4926 	EXP 	cover_background: autoDraw = True
16.4926 	EXP 	task_centerImg: autoDraw = True
16.4926 	EXP 	task_rightImg1: autoDraw = True
16.4926 	EXP 	task_leftImg1: autoDraw = True
16.4926 	EXP 	task_fixImg: autoDraw = True
16.7001 	EXP 	cover_background: autoDraw = False
16.7001 	EXP 	task_centerImg: autoDraw = False
16.7001 	EXP 	task_rightImg1: autoDraw = False
16.7001 	EXP 	task_leftImg1: autoDraw = False
20.3711 	EXP 	New trial (rep=0, index=2): OrderedDict([('middleStim', 'img/rightArrow.png'), ('leftStim', 'img/leftArrow.png'), ('rightStim', 'img/leftArrow.png'), ('stimNum', 7), ('congruent', 0), ('target', 'right'), ('locationC', [0, 0]), ('locationR', [0.033, 0]), ('locationL', [-0.033, 0]), ('straightFace', 'img/neutralC/CFD-BF-232-187-N.jpg'), ('imageSize', [0.03, 0.03])])
20.4631 	EXP 	bigFace_2: autoDraw = False
20.4631 	EXP 	task_fixImg: autoDraw = False
20.4631 	EXP 	bigFace_2: autoDraw = False
20.4631 	EXP 	cover_background: autoDraw = False
20.4631 	EXP 	task_centerImg: autoDraw = False
20.4631 	EXP 	task_rightImg1: autoDraw = False
20.4631 	EXP 	task_leftImg1: autoDraw = False
20.4631 	EXP 	task_fixImg: autoDraw = False
20.4631 	EXP 	bigFace_2: image = 'img/neutralC/CFD-BF-232-187-N.jpg'
20.4631 	EXP 	task_centerImg: pos = array([0., 0.])
20.4631 	EXP 	task_centerImg: size = array([0.03, 0.03])
20.4631 	EXP 	task_centerImg: image = 'img/rightArrow.png'
20.4631 	EXP 	task_rightImg1: pos = array([0.033, 0.   ])
20.4631 	EXP 	task_rightImg1: size = array([0.03, 0.03])
20.4631 	EXP 	task_rightImg1: image = 'img/leftArrow.png'
20.4631 	EXP 	task_leftImg1: pos = array([-0.033,  0.   ])
20.4631 	EXP 	task_leftImg1: size = array([0.03, 0.03])
20.4631 	EXP 	task_leftImg1: image = 'img/leftArrow.png'
20.4631 	EXP 	task_fixImg: image = 'img/transp_fixation.png'
20.4631 	EXP 	bigFace_2: autoDraw = True
20.4631 	EXP 	cover_background: autoDraw = True
20.4631 	EXP 	task_centerImg: autoDraw = True
20.4631 	EXP 	task_rightImg1: autoDraw = True
20.4631 	EXP 	task_leftImg1: autoDraw = True
20.4631 	EXP 	task_fixImg: autoDraw = True
20.6664 	EXP 	cover_background: autoDraw = False
20.6664 	EXP 	task_centerImg: autoDraw = False
20.6664 	EXP 	task_rightImg1: autoDraw = False
20.6664 	EXP 	task_leftImg1: autoDraw = False
24.0755 	EXP 	New trial (rep=0, index=3): OrderedDict([('middleStim', 'img/leftArrow.png'), ('leftStim', 'img/rightArrow.png'), ('rightStim', 'img/rightArrow.png'), ('stimNum', 8), ('congruent', 0), ('target', 'left'), ('locationC', [0, 0]), ('locationR', [0.033, 0]), ('locationL', [-0.033, 0]), ('straightFace', 'img/neutralC/CFD-AF-203-077-N.jpg'), ('imageSize', [0.03, 0.03])])
24.1578 	EXP 	bigFace_2: autoDraw = False
24.1578 	EXP 	task_fixImg: autoDraw = False
24.1578 	EXP 	bigFace_2: autoDraw = False
24.1578 	EXP 	cover_background: autoDraw = False
24.1578 	EXP 	task_centerImg: autoDraw = False
24.1578 	EXP 	task_rightImg1: autoDraw = False
24.1578 	EXP 	task_leftImg1: autoDraw = False
24.1578 	EXP 	task_fixImg: autoDraw = False
24.1578 	EXP 	bigFace_2: image = 'img/neutralC/CFD-AF-203-077-N.jpg'
24.1578 	EXP 	task_centerImg: pos = array([0., 0.])
24.1578 	EXP 	task_centerImg: size = array([0.03, 0.03])
24.1578 	EXP 	task_centerImg: image = 'img/leftArrow.png'
24.1578 	EXP 	task_rightImg1: pos = array([0.033, 0.   ])
24.1578 	EXP 	task_rightImg1: size = array([0.03, 0.03])
24.1578 	EXP 	task_rightImg1: image = 'img/rightArrow.png'
24.1578 	EXP 	task_leftImg1: pos = array([-0.033,  0.   ])
24.1578 	EXP 	task_leftImg1: size = array([0.03, 0.03])
24.1578 	EXP 	task_leftImg1: image = 'img/rightArrow.png'
24.1578 	EXP 	task_fixImg: image = 'img/transp_fixation.png'
24.1578 	EXP 	bigFace_2: autoDraw = True
24.1578 	EXP 	cover_background: autoDraw = True
24.1578 	EXP 	task_centerImg: autoDraw = True
24.1578 	EXP 	task_rightImg1: autoDraw = True
24.1578 	EXP 	task_leftImg1: autoDraw = True
24.1578 	EXP 	task_fixImg: autoDraw = True
24.3603 	EXP 	cover_background: autoDraw = False
24.3603 	EXP 	task_centerImg: autoDraw = False
24.3603 	EXP 	task_rightImg1: autoDraw = False
24.3603 	EXP 	task_leftImg1: autoDraw = False
27.9447 	EXP 	New trial (rep=0, index=4): OrderedDict([('middleStim', 'img/rightArrow.png'), ('leftStim', 'img/rightArrow.png'), ('rightStim', 'img/rightArrow.png'), ('stimNum', 5), ('congruent', 1), ('target', 'right'), ('locationC', [0, 0]), ('locationR', [0.033, 0]), ('locationL', [-0.033, 0]), ('straightFace', 'img/neutralC/CFD-AM-224-126-N.jpg'), ('imageSize', [0.03, 0.03])])
28.0338 	EXP 	bigFace_2: autoDraw = False
28.0338 	EXP 	task_fixImg: autoDraw = False
28.0338 	EXP 	bigFace_2: autoDraw = False
28.0338 	EXP 	cover_background: autoDraw = False
28.0338 	EXP 	task_centerImg: autoDraw = False
28.0338 	EXP 	task_rightImg1: autoDraw = False
28.0338 	EXP 	task_leftImg1: autoDraw = False
28.0338 	EXP 	task_fixImg: autoDraw = False
28.0338 	EXP 	bigFace_2: image = 'img/neutralC/CFD-AM-224-126-N.jpg'
28.0338 	EXP 	task_centerImg: pos = array([0., 0.])
28.0338 	EXP 	task_centerImg: size = array([0.03, 0.03])
28.0338 	EXP 	task_centerImg: image = 'img/rightArrow.png'
28.0338 	EXP 	task_rightImg1: pos = array([0.033, 0.   ])
28.0338 	EXP 	task_rightImg1: size = array([0.03, 0.03])
28.0338 	EXP 	task_rightImg1: image = 'img/rightArrow.png'
28.0338 	EXP 	task_leftImg1: pos = array([-0.033,  0.   ])
28.0338 	EXP 	task_leftImg1: size = array([0.03, 0.03])
28.0338 	EXP 	task_leftImg1: image = 'img/rightArrow.png'
28.0338 	EXP 	task_fixImg: image = 'img/transp_fixation.png'
28.0338 	EXP 	bigFace_2: autoDraw = True
28.0338 	EXP 	cover_background: autoDraw = True
28.0338 	EXP 	task_centerImg: autoDraw = True
28.0338 	EXP 	task_rightImg1: autoDraw = True
28.0338 	EXP 	task_leftImg1: autoDraw = True
28.0338 	EXP 	task_fixImg: autoDraw = True
28.2366 	EXP 	cover_background: autoDraw = False
28.2366 	EXP 	task_centerImg: autoDraw = False
28.2366 	EXP 	task_rightImg1: autoDraw = False
28.2366 	EXP 	task_leftImg1: autoDraw = False
31.5625 	EXP 	New trial (rep=0, index=5): OrderedDict([('middleStim', 'img/rightArrow.png'), ('leftStim', 'img/leftArrow.png'), ('rightStim', 'img/leftArrow.png'), ('stimNum', 7), ('congruent', 0), ('target', 'right'), ('locationC', [0, 0]), ('locationR', [0.033, 0]), ('locationL', [-0.033, 0]), ('straightFace', 'img/neutralC/CFD-WM-029-023-N.jpg'), ('imageSize', [0.03, 0.03])])
31.6502 	EXP 	bigFace_2: autoDraw = False
31.6502 	EXP 	task_fixImg: autoDraw = False
31.6502 	EXP 	bigFace_2: autoDraw = False
31.6502 	EXP 	cover_background: autoDraw = False
31.6502 	EXP 	task_centerImg: autoDraw = False
31.6502 	EXP 	task_rightImg1: autoDraw = False
31.6502 	EXP 	task_leftImg1: autoDraw = False
31.6502 	EXP 	task_fixImg: autoDraw = False
31.6502 	EXP 	bigFace_2: image = 'img/neutralC/CFD-WM-029-023-N.jpg'
31.6502 	EXP 	task_centerImg: pos = array([0., 0.])
31.6502 	EXP 	task_centerImg: size = array([0.03, 0.03])
31.6502 	EXP 	task_centerImg: image = 'img/rightArrow.png'
31.6502 	EXP 	task_rightImg1: pos = array([0.033, 0.   ])
31.6502 	EXP 	task_rightImg1: size = array([0.03, 0.03])
31.6502 	EXP 	task_rightImg1: image = 'img/leftArrow.png'
31.6502 	EXP 	task_leftImg1: pos = array([-0.033,  0.   ])
31.6502 	EXP 	task_leftImg1: size = array([0.03, 0.03])
31.6502 	EXP 	task_leftImg1: image = 'img/leftArrow.png'
31.6502 	EXP 	task_fixImg: image = 'img/transp_fixation.png'
31.6502 	EXP 	bigFace_2: autoDraw = True
31.6502 	EXP 	cover_background: autoDraw = True
31.6502 	EXP 	task_centerImg: autoDraw = True
31.6502 	EXP 	task_rightImg1: autoDraw = True
31.6502 	EXP 	task_leftImg1: autoDraw = True
31.6502 	EXP 	task_fixImg: autoDraw = True
31.8554 	EXP 	cover_background: autoDraw = False
31.8554 	EXP 	task_centerImg: autoDraw = False
31.8554 	EXP 	task_rightImg1: autoDraw = False
31.8554 	EXP 	task_leftImg1: autoDraw = False
35.5830 	EXP 	New trial (rep=0, index=6): OrderedDict([('middleStim', 'img/leftArrow.png'), ('leftStim', 'img/leftArrow.png'), ('rightStim', 'img/leftArrow.png'), ('stimNum', 6), ('congruent', 1), ('target', 'left'), ('locationC', [0, 0]), ('locationR', [0.036, 0]), ('locationL', [-0.036, 0]), ('straightFace', 'img/neutralC/CFD-BF-023-010-N.jpg'), ('imageSize', [0.03, 0.03])])
35.6811 	EXP 	bigFace_2: autoDraw = False
35.6811 	EXP 	task_fixImg: autoDraw = False
35.6811 	EXP 	bigFace_2: autoDraw = False
35.6811 	EXP 	cover_background: autoDraw = False
35.6811 	EXP 	task_centerImg: autoDraw = False
35.6811 	EXP 	task_rightImg1: autoDraw = False
35.6811 	EXP 	task_leftImg1: autoDraw = False
35.6811 	EXP 	task_fixImg: autoDraw = False
35.6811 	EXP 	bigFace_2: image = 'img/neutralC/CFD-BF-023-010-N.jpg'
35.6811 	EXP 	task_centerImg: pos = array([0., 0.])
35.6811 	EXP 	task_centerImg: size = array([0.03, 0.03])
35.6811 	EXP 	task_centerImg: image = 'img/leftArrow.png'
35.6811 	EXP 	task_rightImg1: pos = array([0.036, 0.   ])
35.6811 	EXP 	task_rightImg1: size = array([0.03, 0.03])
35.6811 	EXP 	task_rightImg1: image = 'img/leftArrow.png'
35.6811 	EXP 	task_leftImg1: pos = array([-0.036,  0.   ])
35.6811 	EXP 	task_leftImg1: size = array([0.03, 0.03])
35.6811 	EXP 	task_leftImg1: image = 'img/leftArrow.png'
35.6811 	EXP 	task_fixImg: image = 'img/transp_fixation.png'
35.6811 	EXP 	bigFace_2: autoDraw = True
35.6811 	EXP 	cover_background: autoDraw = True
35.6811 	EXP 	task_centerImg: autoDraw = True
35.6811 	EXP 	task_rightImg1: autoDraw = True
35.6811 	EXP 	task_leftImg1: autoDraw = True
35.6811 	EXP 	task_fixImg: autoDraw = True
35.8813 	EXP 	cover_background: autoDraw = False
35.8813 	EXP 	task_centerImg: autoDraw = False
35.8813 	EXP 	task_rightImg1: autoDraw = False
35.8813 	EXP 	task_leftImg1: autoDraw = False
36.6229 	DATA 	Keypress: 8
39.2233 	EXP 	New trial (rep=0, index=7): OrderedDict([('middleStim', 'img/rightArrow.png'), ('leftStim', 'img/leftArrow.png'), ('rightStim', 'img/leftArrow.png'), ('stimNum', 7), ('congruent', 0), ('target', 'right'), ('locationC', [0, 0]), ('locationR', [0.033, 0]), ('locationL', [-0.033, 0]), ('straightFace', 'img/neutralC/CFD-BM-005-003-N.jpg'), ('imageSize', [0.03, 0.03])])
39.3099 	EXP 	bigFace_2: autoDraw = False
39.3099 	EXP 	task_fixImg: autoDraw = False
39.3099 	EXP 	bigFace_2: autoDraw = False
39.3099 	EXP 	cover_background: autoDraw = False
39.3099 	EXP 	task_centerImg: autoDraw = False
39.3099 	EXP 	task_rightImg1: autoDraw = False
39.3099 	EXP 	task_leftImg1: autoDraw = False
39.3099 	EXP 	task_fixImg: autoDraw = False
39.3099 	EXP 	bigFace_2: image = 'img/neutralC/CFD-BM-005-003-N.jpg'
39.3099 	EXP 	task_centerImg: pos = array([0., 0.])
39.3099 	EXP 	task_centerImg: size = array([0.03, 0.03])
39.3099 	EXP 	task_centerImg: image = 'img/rightArrow.png'
39.3099 	EXP 	task_rightImg1: pos = array([0.033, 0.   ])
39.3099 	EXP 	task_rightImg1: size = array([0.03, 0.03])
39.3099 	EXP 	task_rightImg1: image = 'img/leftArrow.png'
39.3099 	EXP 	task_leftImg1: pos = array([-0.033,  0.   ])
39.3099 	EXP 	task_leftImg1: size = array([0.03, 0.03])
39.3099 	EXP 	task_leftImg1: image = 'img/leftArrow.png'
39.3099 	EXP 	task_fixImg: image = 'img/transp_fixation.png'
39.3099 	EXP 	bigFace_2: autoDraw = True
39.3099 	EXP 	cover_background: autoDraw = True
39.3099 	EXP 	task_centerImg: autoDraw = True
39.3099 	EXP 	task_rightImg1: autoDraw = True
39.3099 	EXP 	task_leftImg1: autoDraw = True
39.3099 	EXP 	task_fixImg: autoDraw = True
39.5123 	EXP 	cover_background: autoDraw = False
39.5123 	EXP 	task_centerImg: autoDraw = False
39.5123 	EXP 	task_rightImg1: autoDraw = False
39.5123 	EXP 	task_leftImg1: autoDraw = False
42.4768 	DATA 	Keypress: escape
44.3578 	EXP 	window1: mouseVisible = True
44.3579 	DEBUG 	Saving data for face_flanker_v1 ExperimentHandler
44.4039 	INFO 	saved data to D:\twice_longer_with_triggers\data/_face_flanker_v1_2022_Jun_06_1602.psydat
44.4357 	INFO 	saved data to 'D:\\twice_longer_with_triggers\\data/_face_flanker_v1_2022_Jun_06_1602.csv'
