1.6387 	WARNING 	We strongly recommend you activate the PTB sound engine in PsychoPy prefs as the preferred audio engine. Its timing is vastly superior. Your prefs are currently set to use ['sounddevice', 'PTB', 'pyo', 'pygame'] (in that order).
20.7344 	INFO 	Loaded monitor calibration from ['2022_06_03 06:43']
20.7349 	ERROR 	'0.5000, 0.5000, 0.5000' is not a valid rgb color
21.5269 	EXP 	Created window1 = Window(allowGUI=False, allowStencil=False, autoLog=True, backendConf=UNKNOWN, bitsMode=UNKNOWN, blendMode='avg', bpc=(8, 8, 8), color=array([0, 0, 0]), colorSpace='rgb', depthBits=8, fullscr=<method-wrapper '__getattribute__' of attributeSetter object at 0x7fb382e46760>, gamma=None, gammaErrorPolicy='raise', lms=UNKNOWN, monitor=<psychopy.monitors.calibTools.Monitor object at 0x7fb381ca8a90>, multiSample=False, name='window1', numSamples=2, pos=[0.0, 0.0], screen=0, size=array([1920, 1080]), stencilBits=0, stereo=False, units='height', useFBO=True, useRetina=False, viewOri=0.0, viewPos=None, viewScale=None, waitBlanking=True, winType='pyglet')
21.5271 	EXP 	window1: mouseVisible = True
21.5271 	EXP 	window1: Attempting to measure frame rate of screen (0) ...
21.5271 	EXP 	window1: recordFrameIntervals = False
21.6949 	EXP 	window1: recordFrameIntervals = True
21.8777 	EXP 	Screen (0) actual frame rate measured at 60.41Hz
21.8778 	EXP 	window1: recordFrameIntervals = False
24.5748 	INFO 	keyboard.Keyboard is using iohub backend.
24.6544 	EXP 	Created welcome_text = TextStim(__class__=<class 'psychopy.visual.text.TextStim'>, alignHoriz=method-wrapper(...), alignText='center', alignVert=method-wrapper(...), anchorHoriz='center', anchorVert='center', antialias=True, autoDraw=False, autoLog=True, bold=False, color=array([1., 1., 1.]), colorSpace='rgb', contrast=1.0, depth=0.0, flipHoriz=False, flipVert=False, font='Arial', fontFiles=[], height=0.04, italic=False, languageStyle='LTR', name='welcome_text', opacity=1.0, ori=0, pos=array([0., 0.]), rgb=UNKNOWN, text=str(...), units='height', win=Window(...), wrapWidth=1.3)
24.6545 	INFO 	keyboard.Keyboard is using iohub backend.
24.6643 	EXP 	Created instructRight_text = TextStim(__class__=<class 'psychopy.visual.text.TextStim'>, alignHoriz=method-wrapper(...), alignText='center', alignVert=method-wrapper(...), anchorHoriz='center', anchorVert='center', antialias=True, autoDraw=False, autoLog=True, bold=False, color=array([1., 1., 1.]), colorSpace='rgb', contrast=1.0, depth=0.0, flipHoriz=False, flipVert=False, font='Arial', fontFiles=[], height=0.04, italic=False, languageStyle='LTR', name='instructRight_text', opacity=1.0, ori=0, pos=array([0., 0.]), rgb=UNKNOWN, text=str(...), units='height', win=Window(...), wrapWidth=1.3)
24.7342 	EXP 	Created instructRight_centerImg = ImageStim(__class__=<class 'psychopy.visual.image.ImageStim'>, anchor=('center', 'center'), autoLog=True, color=array([1., 1., 1.]), colorSpace='rgb', contrast=1.0, depth=-1.0, flipHoriz=False, flipVert=False, image='img/rightArrow.png', interpolate=True, mask=None, maskParams=None, name='instructRight_centerImg', opacity=1.0, ori=0.0, pos=array([ 0. , -0.3]), size=array([0.02, 0.02]), texRes=512, units='height', win=Window(...))
24.7845 	EXP 	Created instructRight_rightImg1 = ImageStim(__class__=<class 'psychopy.visual.image.ImageStim'>, anchor=('center', 'center'), autoLog=True, color=array([1., 1., 1.]), colorSpace='rgb', contrast=1.0, depth=-2.0, flipHoriz=False, flipVert=False, image='img/rightArrow.png', interpolate=True, mask=None, maskParams=None, name='instructRight_rightImg1', opacity=1.0, ori=0.0, pos=array([ 0.03, -0.3 ]), size=array([0.02, 0.02]), texRes=512, units='height', win=Window(...))
24.8339 	EXP 	Created instructRight_leftImg1 = ImageStim(__class__=<class 'psychopy.visual.image.ImageStim'>, anchor=('center', 'center'), autoLog=True, color=array([1., 1., 1.]), colorSpace='rgb', contrast=1.0, depth=-3.0, flipHoriz=False, flipVert=False, image='img/rightArrow.png', interpolate=True, mask=None, maskParams=None, name='instructRight_leftImg1', opacity=1.0, ori=0.0, pos=array([-0.03, -0.3 ]), size=array([0.02, 0.02]), texRes=512, units='height', win=Window(...))
24.8339 	INFO 	keyboard.Keyboard is using iohub backend.
24.8409 	EXP 	Created instructLeft_text = TextStim(__class__=<class 'psychopy.visual.text.TextStim'>, alignHoriz=method-wrapper(...), alignText='center', alignVert=method-wrapper(...), anchorHoriz='center', anchorVert='center', antialias=True, autoDraw=False, autoLog=True, bold=False, color=array([1., 1., 1.]), colorSpace='rgb', contrast=1.0, depth=0.0, flipHoriz=False, flipVert=False, font='Arial', fontFiles=[], height=0.04, italic=False, languageStyle='LTR', name='instructLeft_text', opacity=1.0, ori=0, pos=array([0., 0.]), rgb=UNKNOWN, text=str(...), units='height', win=Window(...), wrapWidth=1.3)
24.8904 	EXP 	Created instructLeft_centerImg = ImageStim(__class__=<class 'psychopy.visual.image.ImageStim'>, anchor=('center', 'center'), autoLog=True, color=array([1., 1., 1.]), colorSpace='rgb', contrast=1.0, depth=-1.0, flipHoriz=False, flipVert=False, image='img/leftArrow.png', interpolate=True, mask=None, maskParams=None, name='instructLeft_centerImg', opacity=1.0, ori=0.0, pos=array([ 0. , -0.3]), size=array([0.02, 0.02]), texRes=512, units='height', win=Window(...))
24.9378 	EXP 	Created instructLeft_rightImg1 = ImageStim(__class__=<class 'psychopy.visual.image.ImageStim'>, anchor=('center', 'center'), autoLog=True, color=array([1., 1., 1.]), colorSpace='rgb', contrast=1.0, depth=-2.0, flipHoriz=False, flipVert=False, image='img/leftArrow.png', interpolate=True, mask=None, maskParams=None, name='instructLeft_rightImg1', opacity=1.0, ori=0.0, pos=array([ 0.03, -0.3 ]), size=array([0.02, 0.02]), texRes=512, units='height', win=Window(...))
24.9863 	EXP 	Created instructLeft_leftImg1 = ImageStim(__class__=<class 'psychopy.visual.image.ImageStim'>, anchor=('center', 'center'), autoLog=True, color=array([1., 1., 1.]), colorSpace='rgb', contrast=1.0, depth=-3.0, flipHoriz=False, flipVert=False, image='img/leftArrow.png', interpolate=True, mask=None, maskParams=None, name='instructLeft_leftImg1', opacity=1.0, ori=0.0, pos=array([-0.03, -0.3 ]), size=array([0.02, 0.02]), texRes=512, units='height', win=Window(...))
24.9864 	INFO 	keyboard.Keyboard is using iohub backend.
25.0002 	EXP 	Created instructInconRight_text = TextStim(__class__=<class 'psychopy.visual.text.TextStim'>, alignHoriz=method-wrapper(...), alignText='center', alignVert=method-wrapper(...), anchorHoriz='center', anchorVert='center', antialias=True, autoDraw=False, autoLog=True, bold=False, color=array([1., 1., 1.]), colorSpace='rgb', contrast=1.0, depth=0.0, flipHoriz=False, flipVert=False, font='Arial', fontFiles=[], height=0.04, italic=False, languageStyle='LTR', name='instructInconRight_text', opacity=1.0, ori=0, pos=array([0., 0.]), rgb=UNKNOWN, text=str(...), units='height', win=Window(...), wrapWidth=1.3)
25.0488 	EXP 	Created instructIncon_centerImg = ImageStim(__class__=<class 'psychopy.visual.image.ImageStim'>, anchor=('center', 'center'), autoLog=True, color=array([1., 1., 1.]), colorSpace='rgb', contrast=1.0, depth=-1.0, flipHoriz=False, flipVert=False, image='img/rightArrow.png', interpolate=True, mask=None, maskParams=None, name='instructIncon_centerImg', opacity=1.0, ori=0.0, pos=array([ 0. , -0.3]), size=array([0.02, 0.02]), texRes=512, units='height', win=Window(...))
25.0973 	EXP 	Created instructIncon_rightImg1 = ImageStim(__class__=<class 'psychopy.visual.image.ImageStim'>, anchor=('center', 'center'), autoLog=True, color=array([1., 1., 1.]), colorSpace='rgb', contrast=1.0, depth=-2.0, flipHoriz=False, flipVert=False, image='img/leftArrow.png', interpolate=True, mask=None, maskParams=None, name='instructIncon_rightImg1', opacity=1.0, ori=0.0, pos=array([ 0.03, -0.3 ]), size=array([0.02, 0.02]), texRes=512, units='height', win=Window(...))
25.1462 	EXP 	Created instructIncon_leftImg1 = ImageStim(__class__=<class 'psychopy.visual.image.ImageStim'>, anchor=('center', 'center'), autoLog=True, color=array([1., 1., 1.]), colorSpace='rgb', contrast=1.0, depth=-3.0, flipHoriz=False, flipVert=False, image='img/leftArrow.png', interpolate=True, mask=None, maskParams=None, name='instructIncon_leftImg1', opacity=1.0, ori=0.0, pos=array([-0.03, -0.3 ]), size=array([0.02, 0.02]), texRes=512, units='height', win=Window(...))
25.1462 	INFO 	keyboard.Keyboard is using iohub backend.
25.1527 	EXP 	Created instructInconLeft_text = TextStim(__class__=<class 'psychopy.visual.text.TextStim'>, alignHoriz=method-wrapper(...), alignText='center', alignVert=method-wrapper(...), anchorHoriz='center', anchorVert='center', antialias=True, autoDraw=False, autoLog=True, bold=False, color=array([1., 1., 1.]), colorSpace='rgb', contrast=1.0, depth=0.0, flipHoriz=False, flipVert=False, font='Arial', fontFiles=[], height=0.04, italic=False, languageStyle='LTR', name='instructInconLeft_text', opacity=1.0, ori=0, pos=array([0., 0.]), rgb=UNKNOWN, text=str(...), units='height', win=Window(...), wrapWidth=1.3)
25.2017 	EXP 	Created instructInconLeft_centerImg = ImageStim(__class__=<class 'psychopy.visual.image.ImageStim'>, anchor=('center', 'center'), autoLog=True, color=array([1., 1., 1.]), colorSpace='rgb', contrast=1.0, depth=-1.0, flipHoriz=False, flipVert=False, image='img/leftArrow.png', interpolate=True, mask=None, maskParams=None, name='instructInconLeft_centerImg', opacity=1.0, ori=0.0, pos=array([ 0. , -0.3]), size=array([0.02, 0.02]), texRes=512, units='height', win=Window(...))
25.2518 	EXP 	Created instructInconLeft_rightImg1 = ImageStim(__class__=<class 'psychopy.visual.image.ImageStim'>, anchor=('center', 'center'), autoLog=True, color=array([1., 1., 1.]), colorSpace='rgb', contrast=1.0, depth=-2.0, flipHoriz=False, flipVert=False, image='img/rightArrow.png', interpolate=True, mask=None, maskParams=None, name='instructInconLeft_rightImg1', opacity=1.0, ori=0.0, pos=array([ 0.03, -0.3 ]), size=array([0.02, 0.02]), texRes=512, units='height', win=Window(...))
25.3002 	EXP 	Created instructInconLeft_leftImg1 = ImageStim(__class__=<class 'psychopy.visual.image.ImageStim'>, anchor=('center', 'center'), autoLog=True, color=array([1., 1., 1.]), colorSpace='rgb', contrast=1.0, depth=-3.0, flipHoriz=False, flipVert=False, image='img/rightArrow.png', interpolate=True, mask=None, maskParams=None, name='instructInconLeft_leftImg1', opacity=1.0, ori=0.0, pos=array([-0.03, -0.3 ]), size=array([0.02, 0.02]), texRes=512, units='height', win=Window(...))
25.3003 	INFO 	keyboard.Keyboard is using iohub backend.
25.3079 	EXP 	Created prac_blockText = TextStim(__class__=<class 'psychopy.visual.text.TextStim'>, alignHoriz=method-wrapper(...), alignText='center', alignVert=method-wrapper(...), anchorHoriz='center', anchorVert='center', antialias=True, autoDraw=False, autoLog=True, bold=False, color=array([1., 1., 1.]), colorSpace='rgb', contrast=1.0, depth=-1.0, flipHoriz=False, flipVert=False, font='Arial', fontFiles=[], height=0.06, italic=False, languageStyle='LTR', name='prac_blockText', opacity=1.0, ori=0.0, pos=array([0. , 0.3]), rgb=UNKNOWN, text='Practice', units='height', win=Window(...), wrapWidth=1.3)
25.3217 	EXP 	Created prac_reminder_text = TextStim(__class__=<class 'psychopy.visual.text.TextStim'>, alignHoriz=method-wrapper(...), alignText='center', alignVert=method-wrapper(...), anchorHoriz='center', anchorVert='center', antialias=True, autoDraw=False, autoLog=True, bold=False, color=array([1., 1., 1.]), colorSpace='rgb', contrast=1.0, depth=-2.0, flipHoriz=False, flipVert=False, font='Arial', fontFiles=[], height=0.04, italic=False, languageStyle='LTR', name='prac_reminder_text', opacity=1.0, ori=0, pos=array([0., 0.]), rgb=UNKNOWN, text=str(...), units='height', win=Window(...), wrapWidth=1.3)
25.3217 	INFO 	keyboard.Keyboard is using iohub backend.
25.3263 	EXP 	Created initFixation_img = ImageStim(__class__=<class 'psychopy.visual.image.ImageStim'>, anchor=('center', 'center'), autoLog=True, color=array([1., 1., 1.]), colorSpace='rgb', contrast=1.0, depth=0.0, flipHoriz=False, flipVert=False, image='sin', interpolate=True, mask=None, maskParams=None, name='initFixation_img', opacity=1.0, ori=0.0, pos=array([ 0.   , -0.015]), size=array([0.26, 0.22]), texRes=512, units='height', win=Window(...))
25.3303 	EXP 	Created bigFace = ImageStim(__class__=<class 'psychopy.visual.image.ImageStim'>, anchor=('center', 'center'), autoLog=True, color=array([1., 1., 1.]), colorSpace='rgb', contrast=1.0, depth=-1.0, flipHoriz=False, flipVert=False, image='sin', interpolate=True, mask=None, maskParams=None, name='bigFace', opacity=0.85, ori=0.0, pos=array([0., 0.]), size=array([0.4267, 0.3   ]), texRes=128.0, units='height', win=Window(...))
25.3340 	EXP 	Created cover_background_2 = ImageStim(__class__=<class 'psychopy.visual.image.ImageStim'>, anchor=('center', 'center'), autoLog=True, color=array([1., 1., 1.]), colorSpace='rgb', contrast=1.0, depth=-2.0, flipHoriz=False, flipVert=False, image='sin', interpolate=True, mask=None, maskParams=None, name='cover_background_2', opacity=1.0, ori=0.0, pos=array([ 0.   , -0.015]), size=array([0.26, 0.22]), texRes=128.0, units='height', win=Window(...))
25.3380 	EXP 	Created prac_centerImg = ImageStim(__class__=<class 'psychopy.visual.image.ImageStim'>, anchor=('center', 'center'), autoLog=True, color=array([1., 1., 1.]), colorSpace='rgb', contrast=1.0, depth=-3.0, flipHoriz=False, flipVert=False, image='sin', interpolate=True, mask=None, maskParams=None, name='prac_centerImg', opacity=1.0, ori=0.0, pos=array([0., 0.]), size=array([1., 1.]), texRes=512, units='height', win=Window(...))
25.3418 	EXP 	Created prac_rightImg1 = ImageStim(__class__=<class 'psychopy.visual.image.ImageStim'>, anchor=('center', 'center'), autoLog=True, color=array([1., 1., 1.]), colorSpace='rgb', contrast=1.0, depth=-4.0, flipHoriz=False, flipVert=False, image='sin', interpolate=True, mask=None, maskParams=None, name='prac_rightImg1', opacity=1.0, ori=0.0, pos=array([0., 0.]), size=array([1., 1.]), texRes=512, units='height', win=Window(...))
25.3456 	EXP 	Created prac_rightImg2 = ImageStim(__class__=<class 'psychopy.visual.image.ImageStim'>, anchor=('center', 'center'), autoLog=True, color=array([1., 1., 1.]), colorSpace='rgb', contrast=1.0, depth=-5.0, flipHoriz=False, flipVert=False, image='sin', interpolate=True, mask=None, maskParams=None, name='prac_rightImg2', opacity=1.0, ori=0.0, pos=array([0., 0.]), size=array([1., 1.]), texRes=512, units='height', win=Window(...))
25.3498 	EXP 	Created prac_leftImg1 = ImageStim(__class__=<class 'psychopy.visual.image.ImageStim'>, anchor=('center', 'center'), autoLog=True, color=array([1., 1., 1.]), colorSpace='rgb', contrast=1.0, depth=-6.0, flipHoriz=False, flipVert=False, image='sin', interpolate=True, mask=None, maskParams=None, name='prac_leftImg1', opacity=1.0, ori=0.0, pos=array([0., 0.]), size=array([1., 1.]), texRes=512, units='height', win=Window(...))
25.3534 	EXP 	Created prac_leftImg2 = ImageStim(__class__=<class 'psychopy.visual.image.ImageStim'>, anchor=('center', 'center'), autoLog=True, color=array([1., 1., 1.]), colorSpace='rgb', contrast=1.0, depth=-7.0, flipHoriz=False, flipVert=False, image='sin', interpolate=True, mask=None, maskParams=None, name='prac_leftImg2', opacity=1.0, ori=0.0, pos=array([0., 0.]), size=array([1., 1.]), texRes=512, units='height', win=Window(...))
25.3572 	EXP 	Created prac_fixImg = ImageStim(__class__=<class 'psychopy.visual.image.ImageStim'>, anchor=('center', 'center'), autoLog=True, color=array([1., 1., 1.]), colorSpace='rgb', contrast=1.0, depth=-8.0, flipHoriz=False, flipVert=False, image='sin', interpolate=True, mask=None, maskParams=None, name='prac_fixImg', opacity=1.0, ori=0.0, pos=array([ 0.   , -0.015]), size=array([0.26, 0.22]), texRes=512, units='height', win=Window(...))
25.3572 	INFO 	keyboard.Keyboard is using iohub backend.
25.3584 	EXP 	Created prac_blockFeed_text = TextStim(__class__=<class 'psychopy.visual.text.TextStim'>, alignHoriz=method-wrapper(...), alignText='center', alignVert=method-wrapper(...), anchorHoriz='center', anchorVert='center', antialias=True, autoDraw=False, autoLog=True, bold=False, color=array([1., 1., 1.]), colorSpace='rgb', contrast=1.0, depth=-1.0, flipHoriz=False, flipVert=False, font='Arial', fontFiles=[], height=0.04, italic=False, languageStyle='LTR', name='prac_blockFeed_text', opacity=1.0, ori=0, pos=array([0., 0.]), rgb=UNKNOWN, text='', units='height', win=Window(...), wrapWidth=1.3)
25.3617 	EXP 	Created prac_pressContinue = TextStim(__class__=<class 'psychopy.visual.text.TextStim'>, alignHoriz=method-wrapper(...), alignText='center', alignVert=method-wrapper(...), anchorHoriz='center', anchorVert='center', antialias=True, autoDraw=False, autoLog=True, bold=False, color=array([1., 1., 1.]), colorSpace='rgb', contrast=1.0, depth=-2.0, flipHoriz=False, flipVert=False, font='Arial', fontFiles=[], height=0.04, italic=False, languageStyle='LTR', name='prac_pressContinue', opacity=1.0, ori=0.0, pos=array([ 0. , -0.3]), rgb=UNKNOWN, text='Press the right key', units='height', win=Window(...), wrapWidth=1.3)
25.3618 	INFO 	keyboard.Keyboard is using iohub backend.
25.3628 	EXP 	Created task_blockText = TextStim(__class__=<class 'psychopy.visual.text.TextStim'>, alignHoriz=method-wrapper(...), alignText='center', alignVert=method-wrapper(...), anchorHoriz='center', anchorVert='center', antialias=True, autoDraw=False, autoLog=True, bold=False, color=array([1., 1., 1.]), colorSpace='rgb', contrast=1.0, depth=-1.0, flipHoriz=False, flipVert=False, font='Arial', fontFiles=[], height=0.06, italic=False, languageStyle='LTR', name='task_blockText', opacity=1.0, ori=0.0, pos=array([0. , 0.3]), rgb=UNKNOWN, text='', units='height', win=Window(...), wrapWidth=1.3)
25.3725 	EXP 	Created task_blockReminders_text = TextStim(__class__=<class 'psychopy.visual.text.TextStim'>, alignHoriz=method-wrapper(...), alignText='center', alignVert=method-wrapper(...), anchorHoriz='center', anchorVert='center', antialias=True, autoDraw=False, autoLog=True, bold=False, color=array([1., 1., 1.]), colorSpace='rgb', contrast=1.0, depth=-2.0, flipHoriz=False, flipVert=False, font='Arial', fontFiles=[], height=0.04, italic=False, languageStyle='LTR', name='task_blockReminders_text', opacity=1.0, ori=0, pos=array([0., 0.]), rgb=UNKNOWN, text=str(...), units='height', win=Window(...), wrapWidth=1.3)
25.3725 	INFO 	keyboard.Keyboard is using iohub backend.
25.3778 	EXP 	Created initFixation_img = ImageStim(__class__=<class 'psychopy.visual.image.ImageStim'>, anchor=('center', 'center'), autoLog=True, color=array([1., 1., 1.]), colorSpace='rgb', contrast=1.0, depth=0.0, flipHoriz=False, flipVert=False, image='sin', interpolate=True, mask=None, maskParams=None, name='initFixation_img', opacity=1.0, ori=0.0, pos=array([ 0.   , -0.015]), size=array([0.26, 0.22]), texRes=512, units='height', win=Window(...))
25.3821 	EXP 	Created bigFace_2 = ImageStim(__class__=<class 'psychopy.visual.image.ImageStim'>, anchor=('center', 'center'), autoLog=True, color=array([1., 1., 1.]), colorSpace='rgb', contrast=1.0, depth=-1.0, flipHoriz=False, flipVert=False, image='sin', interpolate=True, mask=None, maskParams=None, name='bigFace_2', opacity=0.85, ori=0.0, pos=array([0., 0.]), size=array([0.4267, 0.3   ]), texRes=128.0, units='height', win=Window(...))
25.4428 	EXP 	Created cover_background = ImageStim(__class__=<class 'psychopy.visual.image.ImageStim'>, anchor=('center', 'center'), autoLog=True, color=array([1., 1., 1.]), colorSpace='rgb', contrast=1.0, depth=-2.0, flipHoriz=False, flipVert=False, image='img/cover_background.png', interpolate=True, mask=None, maskParams=None, name='cover_background', opacity=1.0, ori=0.0, pos=array([ 0.   , -0.015]), size=array([0.26, 0.22]), texRes=128.0, units='height', win=Window(...))
25.4472 	EXP 	Created task_centerImg = ImageStim(__class__=<class 'psychopy.visual.image.ImageStim'>, anchor=('center', 'center'), autoLog=True, color=array([1., 1., 1.]), colorSpace='rgb', contrast=1.0, depth=-3.0, flipHoriz=False, flipVert=False, image='sin', interpolate=True, mask=None, maskParams=None, name='task_centerImg', opacity=1.0, ori=0.0, pos=array([0., 0.]), size=array([1., 1.]), texRes=512, units='height', win=Window(...))
25.4510 	EXP 	Created task_rightImg1 = ImageStim(__class__=<class 'psychopy.visual.image.ImageStim'>, anchor=('center', 'center'), autoLog=True, color=array([1., 1., 1.]), colorSpace='rgb', contrast=1.0, depth=-4.0, flipHoriz=False, flipVert=False, image='sin', interpolate=True, mask=None, maskParams=None, name='task_rightImg1', opacity=1.0, ori=0.0, pos=array([0., 0.]), size=array([1., 1.]), texRes=512, units='height', win=Window(...))
25.4550 	EXP 	Created task_leftImg1 = ImageStim(__class__=<class 'psychopy.visual.image.ImageStim'>, anchor=('center', 'center'), autoLog=True, color=array([1., 1., 1.]), colorSpace='rgb', contrast=1.0, depth=-5.0, flipHoriz=False, flipVert=False, image='sin', interpolate=True, mask=None, maskParams=None, name='task_leftImg1', opacity=1.0, ori=0.0, pos=array([0., 0.]), size=array([1., 1.]), texRes=512, units='height', win=Window(...))
25.4587 	EXP 	Created task_fixImg = ImageStim(__class__=<class 'psychopy.visual.image.ImageStim'>, anchor=('center', 'center'), autoLog=True, color=array([1., 1., 1.]), colorSpace='rgb', contrast=1.0, depth=-6.0, flipHoriz=False, flipVert=False, image='sin', interpolate=True, mask=None, maskParams=None, name='task_fixImg', opacity=1.0, ori=0.0, pos=array([ 0.   , -0.015]), size=array([0.26, 0.22]), texRes=512, units='height', win=Window(...))
25.4587 	INFO 	keyboard.Keyboard is using iohub backend.
25.4602 	EXP 	Created task_blockFeed_text = TextStim(__class__=<class 'psychopy.visual.text.TextStim'>, alignHoriz=method-wrapper(...), alignText='center', alignVert=method-wrapper(...), anchorHoriz='center', anchorVert='center', antialias=True, autoDraw=False, autoLog=True, bold=False, color=array([1., 1., 1.]), colorSpace='rgb', contrast=1.0, depth=-1.0, flipHoriz=False, flipVert=False, font='Arial', fontFiles=[], height=0.12, italic=False, languageStyle='LTR', name='task_blockFeed_text', opacity=1.0, ori=0, pos=array([0. , 0.1]), rgb=UNKNOWN, text='', units='height', win=Window(...), wrapWidth=1.8)
25.4613 	EXP 	Created task_blockFeed_text2 = TextStim(__class__=<class 'psychopy.visual.text.TextStim'>, alignHoriz=method-wrapper(...), alignText='center', alignVert=method-wrapper(...), anchorHoriz='center', anchorVert='center', antialias=True, autoDraw=False, autoLog=True, bold=False, color=array([1., 1., 1.]), colorSpace='rgb', contrast=1.0, depth=-2.0, flipHoriz=False, flipVert=False, font='Arial', fontFiles=[], height=0.04, italic=False, languageStyle='LTR', name='task_blockFeed_text2', opacity=1.0, ori=0, pos=array([ 0. , -0.3]), rgb=UNKNOWN, text='', units='height', win=Window(...), wrapWidth=1.3)
25.4613 	INFO 	keyboard.Keyboard is using iohub backend.
25.4692 	EXP 	Created fix = TextStim(__class__=<class 'psychopy.visual.text.TextStim'>, alignHoriz=method-wrapper(...), alignText='center', alignVert=method-wrapper(...), anchorHoriz='center', anchorVert='center', antialias=True, autoDraw=False, autoLog=True, bold=False, color=array([1., 1., 1.]), colorSpace='rgb', contrast=1.0, depth=0.0, flipHoriz=False, flipVert=False, font='Open Sans', fontFiles=[], height=0.1, italic=False, languageStyle='LTR', name='fix', opacity=1.0, ori=0.0, pos=array([0., 0.]), rgb=UNKNOWN, text='+', units='height', win=Window(...), wrapWidth=1)
25.4981 	EXP 	Created errorNumbers_text_2 = TextStim(__class__=<class 'psychopy.visual.text.TextStim'>, alignHoriz=method-wrapper(...), alignText='center', alignVert=method-wrapper(...), anchorHoriz='center', anchorVert='center', antialias=True, autoDraw=False, autoLog=True, bold=False, color=array([1., 1., 1.]), colorSpace='rgb', contrast=1.0, depth=-1.0, flipHoriz=False, flipVert=False, font='Open Sans', fontFiles=[], height=0.03, italic=False, languageStyle='LTR', name='errorNumbers_text_2', opacity=1.0, ori=0.0, pos=array([0.  , 0.12]), rgb=UNKNOWN, text=str(...), units='height', win=Window(...), wrapWidth=1)
25.5052 	INFO 	keyboard.Keyboard is using iohub backend.
25.5192 	EXP 	Created botherRate_text = TextStim(__class__=<class 'psychopy.visual.text.TextStim'>, alignHoriz=method-wrapper(...), alignText='center', alignVert=method-wrapper(...), anchorHoriz='center', anchorVert='center', antialias=True, autoDraw=False, autoLog=True, bold=False, color=array([1., 1., 1.]), colorSpace='rgb', contrast=1.0, depth=-1.0, flipHoriz=False, flipVert=False, font='Open Sans', fontFiles=[], height=0.03, italic=False, languageStyle='LTR', name='botherRate_text', opacity=1.0, ori=0.0, pos=array([0.  , 0.12]), rgb=UNKNOWN, text=str(...), units='height', win=Window(...), wrapWidth=1)
25.5230 	INFO 	keyboard.Keyboard is using iohub backend.
25.5485 	EXP 	Created instruct_surprise1_4 = TextStim(__class__=<class 'psychopy.visual.text.TextStim'>, alignHoriz=method-wrapper(...), alignText='center', alignVert=method-wrapper(...), anchorHoriz='center', anchorVert='center', antialias=True, autoDraw=False, autoLog=True, bold=False, color=array([1., 1., 1.]), colorSpace='rgb', contrast=1.0, depth=0.0, flipHoriz=False, flipVert=False, font='Open Sans', fontFiles=[], height=0.04, italic=False, languageStyle='LTR', name='instruct_surprise1_4', opacity=1.0, ori=0.0, pos=array([0., 0.]), rgb=UNKNOWN, text=str(...), units='height', win=Window(...), wrapWidth=1)
25.5486 	INFO 	keyboard.Keyboard is using iohub backend.
25.5673 	EXP 	Created instruct_surprise1 = TextStim(__class__=<class 'psychopy.visual.text.TextStim'>, alignHoriz=method-wrapper(...), alignText='center', alignVert=method-wrapper(...), anchorHoriz='center', anchorVert='center', antialias=True, autoDraw=False, autoLog=True, bold=False, color=array([1., 1., 1.]), colorSpace='rgb', contrast=1.0, depth=0.0, flipHoriz=False, flipVert=False, font='Open Sans', fontFiles=[], height=0.04, italic=False, languageStyle='LTR', name='instruct_surprise1', opacity=1.0, ori=0.0, pos=array([0., 0.]), rgb=UNKNOWN, text=str(...), units='height', win=Window(...), wrapWidth=1)
25.5674 	INFO 	keyboard.Keyboard is using iohub backend.
25.5684 	EXP 	Created instructMainTask_text = TextStim(__class__=<class 'psychopy.visual.text.TextStim'>, alignHoriz=method-wrapper(...), alignText='center', alignVert=method-wrapper(...), anchorHoriz='center', anchorVert='center', antialias=True, autoDraw=False, autoLog=True, bold=False, color=array([1., 1., 1.]), colorSpace='rgb', contrast=1.0, depth=0.0, flipHoriz=False, flipVert=False, font='Arial', fontFiles=[], height=0.04, italic=False, languageStyle='LTR', name='instructMainTask_text', opacity=1.0, ori=0, pos=array([0., 0.]), rgb=UNKNOWN, text='', units='height', win=Window(...), wrapWidth=1.3)
25.5685 	INFO 	keyboard.Keyboard is using iohub backend.
25.5724 	EXP 	Created stimulus = ImageStim(__class__=<class 'psychopy.visual.image.ImageStim'>, anchor=('center', 'center'), autoLog=True, color=array([1., 1., 1.]), colorSpace='rgb', contrast=1.0, depth=0.0, flipHoriz=False, flipVert=False, image='sin', interpolate=True, mask=None, maskParams=None, name='stimulus', opacity=1.0, ori=0.0, pos=array([0. , 0.2]), size=array([0.5, 0.5]), texRes=128.0, units='height', win=Window(...))
25.5739 	EXP 	Created instructsurpA1_right = TextStim(__class__=<class 'psychopy.visual.text.TextStim'>, alignHoriz=method-wrapper(...), alignText='center', alignVert=method-wrapper(...), anchorHoriz='center', anchorVert='center', antialias=True, autoDraw=False, autoLog=True, bold=False, color=array([1., 1., 1.]), colorSpace='rgb', contrast=1.0, depth=-1.0, flipHoriz=False, flipVert=False, font='Open Sans', fontFiles=[], height=0.025, italic=False, languageStyle='LTR', name='instructsurpA1_right', opacity=1.0, ori=0.0, pos=array([0., 0.]), rgb=UNKNOWN, text='', units='height', win=Window(...), wrapWidth=1)
25.5750 	EXP 	Created instructsurpA2_left = TextStim(__class__=<class 'psychopy.visual.text.TextStim'>, alignHoriz=method-wrapper(...), alignText='center', alignVert=method-wrapper(...), anchorHoriz='center', anchorVert='center', antialias=True, autoDraw=False, autoLog=True, bold=False, color=array([1., 1., 1.]), colorSpace='rgb', contrast=1.0, depth=-2.0, flipHoriz=False, flipVert=False, font='Open Sans', fontFiles=[], height=0.025, italic=False, languageStyle='LTR', name='instructsurpA2_left', opacity=1.0, ori=0.0, pos=array([-0.4 , -0.03]), rgb=UNKNOWN, text='', units='height', win=Window(...), wrapWidth=1)
25.5751 	INFO 	keyboard.Keyboard is using iohub backend.
25.5845 	EXP 	Created instruct_surprise1_2 = TextStim(__class__=<class 'psychopy.visual.text.TextStim'>, alignHoriz=method-wrapper(...), alignText='center', alignVert=method-wrapper(...), anchorHoriz='center', anchorVert='center', antialias=True, autoDraw=False, autoLog=True, bold=False, color=array([1., 1., 1.]), colorSpace='rgb', contrast=1.0, depth=0.0, flipHoriz=False, flipVert=False, font='Open Sans', fontFiles=[], height=0.04, italic=False, languageStyle='LTR', name='instruct_surprise1_2', opacity=1.0, ori=0.0, pos=array([0., 0.]), rgb=UNKNOWN, text=str(...), units='height', win=Window(...), wrapWidth=1)
25.5845 	INFO 	keyboard.Keyboard is using iohub backend.
25.5856 	EXP 	Created instructMainTask_text_2 = TextStim(__class__=<class 'psychopy.visual.text.TextStim'>, alignHoriz=method-wrapper(...), alignText='center', alignVert=method-wrapper(...), anchorHoriz='center', anchorVert='center', antialias=True, autoDraw=False, autoLog=True, bold=False, color=array([1., 1., 1.]), colorSpace='rgb', contrast=1.0, depth=0.0, flipHoriz=False, flipVert=False, font='Arial', fontFiles=[], height=0.04, italic=False, languageStyle='LTR', name='instructMainTask_text_2', opacity=1.0, ori=0, pos=array([0., 0.]), rgb=UNKNOWN, text='', units='height', win=Window(...), wrapWidth=1.3)
25.5856 	INFO 	keyboard.Keyboard is using iohub backend.
25.5897 	EXP 	Created stimulus_2 = ImageStim(__class__=<class 'psychopy.visual.image.ImageStim'>, anchor=('center', 'center'), autoLog=True, color=array([1., 1., 1.]), colorSpace='rgb', contrast=1.0, depth=0.0, flipHoriz=False, flipVert=False, image='sin', interpolate=True, mask=None, maskParams=None, name='stimulus_2', opacity=1.0, ori=0.0, pos=array([0. , 0.2]), size=array([0.5, 0.5]), texRes=128.0, units='height', win=Window(...))
25.5908 	EXP 	Created instructsurpA1_right_2 = TextStim(__class__=<class 'psychopy.visual.text.TextStim'>, alignHoriz=method-wrapper(...), alignText='center', alignVert=method-wrapper(...), anchorHoriz='center', anchorVert='center', antialias=True, autoDraw=False, autoLog=True, bold=False, color=array([1., 1., 1.]), colorSpace='rgb', contrast=1.0, depth=-1.0, flipHoriz=False, flipVert=False, font='Open Sans', fontFiles=[], height=0.025, italic=False, languageStyle='LTR', name='instructsurpA1_right_2', opacity=1.0, ori=0.0, pos=array([0., 0.]), rgb=UNKNOWN, text='', units='height', win=Window(...), wrapWidth=1)
25.5918 	EXP 	Created instructsurpA2_left_2 = TextStim(__class__=<class 'psychopy.visual.text.TextStim'>, alignHoriz=method-wrapper(...), alignText='center', alignVert=method-wrapper(...), anchorHoriz='center', anchorVert='center', antialias=True, autoDraw=False, autoLog=True, bold=False, color=array([1., 1., 1.]), colorSpace='rgb', contrast=1.0, depth=-2.0, flipHoriz=False, flipVert=False, font='Open Sans', fontFiles=[], height=0.025, italic=False, languageStyle='LTR', name='instructsurpA2_left_2', opacity=1.0, ori=0.0, pos=array([-0.4 , -0.03]), rgb=UNKNOWN, text='', units='height', win=Window(...), wrapWidth=1)
25.5918 	INFO 	keyboard.Keyboard is using iohub backend.
25.6034 	EXP 	Created finishMessage_text = TextStim(__class__=<class 'psychopy.visual.text.TextStim'>, alignHoriz=method-wrapper(...), alignText='center', alignVert=method-wrapper(...), anchorHoriz='center', anchorVert='center', antialias=True, autoDraw=False, autoLog=True, bold=False, color=array([1., 1., 1.]), colorSpace='rgb', contrast=1.0, depth=0.0, flipHoriz=False, flipVert=False, font='Arial', fontFiles=[], height=0.04, italic=False, languageStyle='LTR', name='finishMessage_text', opacity=1.0, ori=0, pos=array([0., 0.]), rgb=UNKNOWN, text='Thank you for your participation!', units='height', win=Window(...), wrapWidth=1.3)
25.6161 	EXP 	textbox_2: autoLog = True
25.6161 	EXP 	textbox_3: autoLog = True
25.6161 	EXP 	welcome_text: autoDraw = True
28.4810 	DEBUG 	TextBox2 loaded 1 chars with 0 blanks and 1 valid
28.4813 	DEBUG 	Uploading Texture Font fontname to graphics card
28.4852 	DEBUG 	Upload of Texture Font fontname complete
28.4857 	DATA 	Keypress: 8
28.4907 	EXP 	welcome_text: autoDraw = False
28.4907 	EXP 	instructRight_text: autoDraw = True
28.4907 	EXP 	instructRight_centerImg: autoDraw = True
28.4907 	EXP 	instructRight_rightImg1: autoDraw = True
28.4907 	EXP 	instructRight_leftImg1: autoDraw = True
29.3052 	DEBUG 	TextBox2 loaded 1 chars with 0 blanks and 1 valid
29.3057 	DEBUG 	Uploading Texture Font fontname to graphics card
29.3070 	DEBUG 	Upload of Texture Font fontname complete
29.3074 	DATA 	Keypress: 1
30.0161 	DATA 	Keypress: 8
30.0235 	EXP 	instructRight_text: autoDraw = False
30.0235 	EXP 	instructRight_centerImg: autoDraw = False
30.0235 	EXP 	instructRight_rightImg1: autoDraw = False
30.0235 	EXP 	instructRight_leftImg1: autoDraw = False
30.0235 	EXP 	instructLeft_text: autoDraw = True
30.0235 	EXP 	instructLeft_centerImg: autoDraw = True
30.0235 	EXP 	instructLeft_rightImg1: autoDraw = True
30.0235 	EXP 	instructLeft_leftImg1: autoDraw = True
30.6551 	DATA 	Keypress: 1
30.6601 	EXP 	instructLeft_text: autoDraw = False
30.6601 	EXP 	instructLeft_centerImg: autoDraw = False
30.6601 	EXP 	instructLeft_rightImg1: autoDraw = False
30.6601 	EXP 	instructLeft_leftImg1: autoDraw = False
30.6601 	EXP 	instructInconRight_text: autoDraw = True
30.6601 	EXP 	instructIncon_centerImg: autoDraw = True
30.6601 	EXP 	instructIncon_rightImg1: autoDraw = True
30.6601 	EXP 	instructIncon_leftImg1: autoDraw = True
31.4979 	DATA 	Keypress: 8
31.5235 	EXP 	instructInconRight_text: autoDraw = False
31.5235 	EXP 	instructIncon_centerImg: autoDraw = False
31.5235 	EXP 	instructIncon_rightImg1: autoDraw = False
31.5235 	EXP 	instructIncon_leftImg1: autoDraw = False
31.5235 	EXP 	instructInconLeft_text: autoDraw = True
31.5235 	EXP 	instructInconLeft_centerImg: autoDraw = True
31.5235 	EXP 	instructInconLeft_rightImg1: autoDraw = True
31.5235 	EXP 	instructInconLeft_leftImg1: autoDraw = True
32.0465 	DEBUG 	Read csv file with pandas: blockSelect_practice.csv
32.0481 	DEBUG 	Clearing unnamed columns from blockSelect_practice.csv
32.0485 	EXP 	Imported blockSelect_practice.csv as conditions, 1 conditions, 1 params
32.0576 	EXP 	Created sequence: random, trialTypes=1, nReps=999, seed=None
32.0609 	EXP 	New trial (rep=0, index=0): OrderedDict([('whichBlock', 'a_halfV_trialTable_practice.csv')])
32.0667 	DATA 	Keypress: 1
32.0707 	EXP 	instructInconLeft_text: autoDraw = False
32.0707 	EXP 	instructInconLeft_centerImg: autoDraw = False
32.0707 	EXP 	instructInconLeft_rightImg1: autoDraw = False
32.0707 	EXP 	instructInconLeft_leftImg1: autoDraw = False
32.0707 	EXP 	prac_blockText: autoDraw = True
32.0707 	EXP 	prac_reminder_text: autoDraw = True
33.3159 	DATA 	Keypress: 8
33.3218 	EXP 	prac_blockText: autoDraw = False
33.3218 	EXP 	prac_reminder_text: autoDraw = False
33.3218 	EXP 	initFixation_img: image = 'img/transp_fixation.png'
33.3218 	EXP 	initFixation_img: autoDraw = True
35.3203 	DEBUG 	Read csv file with pandas: a_halfV_trialTable_practice.csv
35.3219 	DEBUG 	Clearing unnamed columns from a_halfV_trialTable_practice.csv
35.3255 	EXP 	Imported a_halfV_trialTable_practice.csv as conditions, 20 conditions, 11 params
35.3261 	EXP 	Created sequence: random, trialTypes=20, nReps=1, seed=None
35.3266 	EXP 	New trial (rep=0, index=0): OrderedDict([('middleStim', 'img/rightArrow.png'), ('leftStim', 'img/rightArrow.png'), ('rightStim', 'img/rightArrow.png'), ('stimNum', 5), ('congruent', 1), ('target', 'right'), ('locationC', [0, 0]), ('locationR', [0.033, 0]), ('locationL', [-0.033, 0]), ('straightFace', 'img/neutralC/CFD-WF-221-005-N.jpg'), ('imageSize', [0.03, 0.03])])
35.5669 	EXP 	initFixation_img: autoDraw = False
35.5669 	EXP 	bigFace: image = 'img/neutralC/CFD-WF-221-005-N.jpg'
35.5669 	EXP 	cover_background_2: image = 'img/cover_background.png'
35.5669 	EXP 	prac_centerImg: image = 'img/rightArrow.png'
35.5669 	EXP 	prac_rightImg1: image = 'img/rightArrow.png'
35.5669 	EXP 	prac_rightImg2: image = 'img/rightArrow.png'
35.5669 	EXP 	prac_leftImg1: image = 'img/rightArrow.png'
35.5669 	EXP 	prac_leftImg2: image = 'img/rightArrow.png'
35.5669 	EXP 	prac_fixImg: image = 'img/transp_fixation.png'
35.5669 	EXP 	bigFace: autoDraw = True
35.5669 	EXP 	cover_background_2: autoDraw = True
35.5669 	EXP 	prac_rightImg1: autoDraw = True
35.5669 	EXP 	prac_rightImg2: autoDraw = True
35.5669 	EXP 	prac_leftImg1: autoDraw = True
35.5669 	EXP 	prac_leftImg2: autoDraw = True
35.5669 	EXP 	prac_fixImg: autoDraw = True
35.7073 	EXP 	prac_centerImg: autoDraw = True
35.9241 	EXP 	cover_background_2: autoDraw = False
35.9241 	EXP 	prac_centerImg: autoDraw = False
35.9241 	EXP 	prac_rightImg1: autoDraw = False
35.9241 	EXP 	prac_rightImg2: autoDraw = False
35.9241 	EXP 	prac_leftImg1: autoDraw = False
35.9241 	EXP 	prac_leftImg2: autoDraw = False
39.4458 	EXP 	New trial (rep=0, index=1): OrderedDict([('middleStim', 'img/rightArrow.png'), ('leftStim', 'img/leftArrow.png'), ('rightStim', 'img/leftArrow.png'), ('stimNum', 7), ('congruent', 0), ('target', 'right'), ('locationC', [0, 0]), ('locationR', [0.033, 0]), ('locationL', [-0.033, 0]), ('straightFace', 'img/neutralC/CFD-AM-206-086-N.jpg'), ('imageSize', [0.03, 0.03])])
39.6572 	EXP 	bigFace: autoDraw = False
39.6572 	EXP 	prac_fixImg: autoDraw = False
39.6572 	EXP 	bigFace: autoDraw = False
39.6572 	EXP 	cover_background_2: autoDraw = False
39.6572 	EXP 	prac_centerImg: autoDraw = False
39.6572 	EXP 	prac_rightImg1: autoDraw = False
39.6572 	EXP 	prac_rightImg2: autoDraw = False
39.6572 	EXP 	prac_leftImg1: autoDraw = False
39.6572 	EXP 	prac_leftImg2: autoDraw = False
39.6572 	EXP 	prac_fixImg: autoDraw = False
39.6572 	EXP 	bigFace: image = 'img/neutralC/CFD-AM-206-086-N.jpg'
39.6572 	EXP 	cover_background_2: image = 'img/cover_background.png'
39.6572 	EXP 	prac_centerImg: image = 'img/rightArrow.png'
39.6572 	EXP 	prac_rightImg1: image = 'img/leftArrow.png'
39.6572 	EXP 	prac_rightImg2: image = 'img/leftArrow.png'
39.6572 	EXP 	prac_leftImg1: image = 'img/leftArrow.png'
39.6572 	EXP 	prac_leftImg2: image = 'img/leftArrow.png'
39.6572 	EXP 	prac_fixImg: image = 'img/transp_fixation.png'
39.6572 	EXP 	bigFace: autoDraw = True
39.6572 	EXP 	cover_background_2: autoDraw = True
39.6572 	EXP 	prac_rightImg1: autoDraw = True
39.6572 	EXP 	prac_rightImg2: autoDraw = True
39.6572 	EXP 	prac_leftImg1: autoDraw = True
39.6572 	EXP 	prac_leftImg2: autoDraw = True
39.6572 	EXP 	prac_fixImg: autoDraw = True
39.7892 	EXP 	prac_centerImg: autoDraw = True
39.9885 	EXP 	prac_centerImg: autoDraw = False
40.0214 	EXP 	cover_background_2: autoDraw = False
40.0214 	EXP 	prac_rightImg1: autoDraw = False
40.0214 	EXP 	prac_rightImg2: autoDraw = False
40.0214 	EXP 	prac_leftImg1: autoDraw = False
40.0214 	EXP 	prac_leftImg2: autoDraw = False
43.2391 	EXP 	New trial (rep=0, index=2): OrderedDict([('middleStim', 'img/rightArrow.png'), ('leftStim', 'img/rightArrow.png'), ('rightStim', 'img/rightArrow.png'), ('stimNum', 5), ('congruent', 1), ('target', 'right'), ('locationC', [0, 0]), ('locationR', [0.033, 0]), ('locationL', [-0.033, 0]), ('straightFace', 'img/neutralC/CFD-MF-306-003-N.jpg'), ('imageSize', [0.03, 0.03])])
43.4545 	EXP 	bigFace: autoDraw = False
43.4545 	EXP 	prac_fixImg: autoDraw = False
43.4545 	EXP 	bigFace: autoDraw = False
43.4545 	EXP 	cover_background_2: autoDraw = False
43.4545 	EXP 	prac_centerImg: autoDraw = False
43.4545 	EXP 	prac_rightImg1: autoDraw = False
43.4545 	EXP 	prac_rightImg2: autoDraw = False
43.4545 	EXP 	prac_leftImg1: autoDraw = False
43.4545 	EXP 	prac_leftImg2: autoDraw = False
43.4545 	EXP 	prac_fixImg: autoDraw = False
43.4545 	EXP 	bigFace: image = 'img/neutralC/CFD-MF-306-003-N.jpg'
43.4545 	EXP 	cover_background_2: image = 'img/cover_background.png'
43.4545 	EXP 	prac_centerImg: image = 'img/rightArrow.png'
43.4545 	EXP 	prac_rightImg1: image = 'img/rightArrow.png'
43.4545 	EXP 	prac_rightImg2: image = 'img/rightArrow.png'
43.4545 	EXP 	prac_leftImg1: image = 'img/rightArrow.png'
43.4545 	EXP 	prac_leftImg2: image = 'img/rightArrow.png'
43.4545 	EXP 	prac_fixImg: image = 'img/transp_fixation.png'
43.4545 	EXP 	bigFace: autoDraw = True
43.4545 	EXP 	cover_background_2: autoDraw = True
43.4545 	EXP 	prac_rightImg1: autoDraw = True
43.4545 	EXP 	prac_rightImg2: autoDraw = True
43.4545 	EXP 	prac_leftImg1: autoDraw = True
43.4545 	EXP 	prac_leftImg2: autoDraw = True
43.4545 	EXP 	prac_fixImg: autoDraw = True
43.5873 	EXP 	prac_centerImg: autoDraw = True
43.7873 	EXP 	prac_centerImg: autoDraw = False
43.8038 	EXP 	cover_background_2: autoDraw = False
43.8038 	EXP 	prac_rightImg1: autoDraw = False
43.8038 	EXP 	prac_rightImg2: autoDraw = False
43.8038 	EXP 	prac_leftImg1: autoDraw = False
43.8038 	EXP 	prac_leftImg2: autoDraw = False
47.1242 	EXP 	New trial (rep=0, index=3): OrderedDict([('middleStim', 'img/rightArrow.png'), ('leftStim', 'img/leftArrow.png'), ('rightStim', 'img/leftArrow.png'), ('stimNum', 7), ('congruent', 0), ('target', 'right'), ('locationC', [0, 0]), ('locationR', [0.033, 0]), ('locationL', [-0.033, 0]), ('straightFace', 'img/neutralC/CFD-BM-038-001-N.jpg'), ('imageSize', [0.03, 0.03])])
47.3413 	EXP 	bigFace: autoDraw = False
47.3413 	EXP 	prac_fixImg: autoDraw = False
47.3413 	EXP 	bigFace: autoDraw = False
47.3413 	EXP 	cover_background_2: autoDraw = False
47.3413 	EXP 	prac_centerImg: autoDraw = False
47.3413 	EXP 	prac_rightImg1: autoDraw = False
47.3413 	EXP 	prac_rightImg2: autoDraw = False
47.3413 	EXP 	prac_leftImg1: autoDraw = False
47.3413 	EXP 	prac_leftImg2: autoDraw = False
47.3413 	EXP 	prac_fixImg: autoDraw = False
47.3413 	EXP 	bigFace: image = 'img/neutralC/CFD-BM-038-001-N.jpg'
47.3413 	EXP 	cover_background_2: image = 'img/cover_background.png'
47.3413 	EXP 	prac_centerImg: image = 'img/rightArrow.png'
47.3413 	EXP 	prac_rightImg1: image = 'img/leftArrow.png'
47.3413 	EXP 	prac_rightImg2: image = 'img/leftArrow.png'
47.3413 	EXP 	prac_leftImg1: image = 'img/leftArrow.png'
47.3413 	EXP 	prac_leftImg2: image = 'img/leftArrow.png'
47.3413 	EXP 	prac_fixImg: image = 'img/transp_fixation.png'
47.3413 	EXP 	bigFace: autoDraw = True
47.3413 	EXP 	cover_background_2: autoDraw = True
47.3413 	EXP 	prac_rightImg1: autoDraw = True
47.3413 	EXP 	prac_rightImg2: autoDraw = True
47.3413 	EXP 	prac_leftImg1: autoDraw = True
47.3413 	EXP 	prac_leftImg2: autoDraw = True
47.3413 	EXP 	prac_fixImg: autoDraw = True
47.4866 	EXP 	prac_centerImg: autoDraw = True
47.6879 	EXP 	prac_centerImg: autoDraw = False
47.7035 	EXP 	cover_background_2: autoDraw = False
47.7035 	EXP 	prac_rightImg1: autoDraw = False
47.7035 	EXP 	prac_rightImg2: autoDraw = False
47.7035 	EXP 	prac_leftImg1: autoDraw = False
47.7035 	EXP 	prac_leftImg2: autoDraw = False
51.2389 	EXP 	New trial (rep=0, index=4): OrderedDict([('middleStim', 'img/rightArrow.png'), ('leftStim', 'img/rightArrow.png'), ('rightStim', 'img/rightArrow.png'), ('stimNum', 5), ('congruent', 1), ('target', 'right'), ('locationC', [0, 0]), ('locationR', [0.033, 0]), ('locationL', [-0.033, 0]), ('straightFace', 'img/neutralC/CFD-AF-238-185-N.jpg'), ('imageSize', [0.03, 0.03])])
51.4496 	EXP 	bigFace: autoDraw = False
51.4496 	EXP 	prac_fixImg: autoDraw = False
51.4496 	EXP 	bigFace: autoDraw = False
51.4496 	EXP 	cover_background_2: autoDraw = False
51.4496 	EXP 	prac_centerImg: autoDraw = False
51.4496 	EXP 	prac_rightImg1: autoDraw = False
51.4496 	EXP 	prac_rightImg2: autoDraw = False
51.4496 	EXP 	prac_leftImg1: autoDraw = False
51.4496 	EXP 	prac_leftImg2: autoDraw = False
51.4496 	EXP 	prac_fixImg: autoDraw = False
51.4496 	EXP 	bigFace: image = 'img/neutralC/CFD-AF-238-185-N.jpg'
51.4496 	EXP 	cover_background_2: image = 'img/cover_background.png'
51.4496 	EXP 	prac_centerImg: image = 'img/rightArrow.png'
51.4496 	EXP 	prac_rightImg1: image = 'img/rightArrow.png'
51.4496 	EXP 	prac_rightImg2: image = 'img/rightArrow.png'
51.4496 	EXP 	prac_leftImg1: image = 'img/rightArrow.png'
51.4496 	EXP 	prac_leftImg2: image = 'img/rightArrow.png'
51.4496 	EXP 	prac_fixImg: image = 'img/transp_fixation.png'
51.4496 	EXP 	bigFace: autoDraw = True
51.4496 	EXP 	cover_background_2: autoDraw = True
51.4496 	EXP 	prac_rightImg1: autoDraw = True
51.4496 	EXP 	prac_rightImg2: autoDraw = True
51.4496 	EXP 	prac_leftImg1: autoDraw = True
51.4496 	EXP 	prac_leftImg2: autoDraw = True
51.4496 	EXP 	prac_fixImg: autoDraw = True
51.5865 	EXP 	prac_centerImg: autoDraw = True
51.8023 	EXP 	cover_background_2: autoDraw = False
51.8023 	EXP 	prac_centerImg: autoDraw = False
51.8023 	EXP 	prac_rightImg1: autoDraw = False
51.8023 	EXP 	prac_rightImg2: autoDraw = False
51.8023 	EXP 	prac_leftImg1: autoDraw = False
51.8023 	EXP 	prac_leftImg2: autoDraw = False
55.3048 	EXP 	New trial (rep=0, index=5): OrderedDict([('middleStim', 'img/leftArrow.png'), ('leftStim', 'img/rightArrow.png'), ('rightStim', 'img/rightArrow.png'), ('stimNum', 8), ('congruent', 0), ('target', 'left'), ('locationC', [0, 0]), ('locationR', [0.033, 0]), ('locationL', [-0.033, 0]), ('straightFace', 'img/neutralC/CFD-AM-236-090-N.jpg'), ('imageSize', [0.03, 0.03])])
55.5200 	EXP 	bigFace: autoDraw = False
55.5200 	EXP 	prac_fixImg: autoDraw = False
55.5200 	EXP 	bigFace: autoDraw = False
55.5200 	EXP 	cover_background_2: autoDraw = False
55.5200 	EXP 	prac_centerImg: autoDraw = False
55.5200 	EXP 	prac_rightImg1: autoDraw = False
55.5200 	EXP 	prac_rightImg2: autoDraw = False
55.5200 	EXP 	prac_leftImg1: autoDraw = False
55.5200 	EXP 	prac_leftImg2: autoDraw = False
55.5200 	EXP 	prac_fixImg: autoDraw = False
55.5200 	EXP 	bigFace: image = 'img/neutralC/CFD-AM-236-090-N.jpg'
55.5200 	EXP 	cover_background_2: image = 'img/cover_background.png'
55.5200 	EXP 	prac_centerImg: image = 'img/leftArrow.png'
55.5200 	EXP 	prac_rightImg1: image = 'img/rightArrow.png'
55.5200 	EXP 	prac_rightImg2: image = 'img/rightArrow.png'
55.5200 	EXP 	prac_leftImg1: image = 'img/rightArrow.png'
55.5200 	EXP 	prac_leftImg2: image = 'img/rightArrow.png'
55.5200 	EXP 	prac_fixImg: image = 'img/transp_fixation.png'
55.5200 	EXP 	bigFace: autoDraw = True
55.5200 	EXP 	cover_background_2: autoDraw = True
55.5200 	EXP 	prac_rightImg1: autoDraw = True
55.5200 	EXP 	prac_rightImg2: autoDraw = True
55.5200 	EXP 	prac_leftImg1: autoDraw = True
55.5200 	EXP 	prac_leftImg2: autoDraw = True
55.5200 	EXP 	prac_fixImg: autoDraw = True
55.6683 	EXP 	prac_centerImg: autoDraw = True
55.8675 	EXP 	prac_centerImg: autoDraw = False
55.8848 	EXP 	cover_background_2: autoDraw = False
55.8848 	EXP 	prac_rightImg1: autoDraw = False
55.8848 	EXP 	prac_rightImg2: autoDraw = False
55.8848 	EXP 	prac_leftImg1: autoDraw = False
55.8848 	EXP 	prac_leftImg2: autoDraw = False
59.1015 	EXP 	New trial (rep=0, index=6): OrderedDict([('middleStim', 'img/rightArrow.png'), ('leftStim', 'img/leftArrow.png'), ('rightStim', 'img/leftArrow.png'), ('stimNum', 7), ('congruent', 0), ('target', 'right'), ('locationC', [0, 0]), ('locationR', [0.033, 0]), ('locationL', [-0.033, 0]), ('straightFace', 'img/neutralC/CFD-LF-221-002-N.jpg'), ('imageSize', [0.03, 0.03])])
59.3213 	EXP 	bigFace: autoDraw = False
59.3213 	EXP 	prac_fixImg: autoDraw = False
59.3213 	EXP 	bigFace: autoDraw = False
59.3213 	EXP 	cover_background_2: autoDraw = False
59.3213 	EXP 	prac_centerImg: autoDraw = False
59.3213 	EXP 	prac_rightImg1: autoDraw = False
59.3213 	EXP 	prac_rightImg2: autoDraw = False
59.3213 	EXP 	prac_leftImg1: autoDraw = False
59.3213 	EXP 	prac_leftImg2: autoDraw = False
59.3213 	EXP 	prac_fixImg: autoDraw = False
59.3213 	EXP 	bigFace: image = 'img/neutralC/CFD-LF-221-002-N.jpg'
59.3213 	EXP 	cover_background_2: image = 'img/cover_background.png'
59.3213 	EXP 	prac_centerImg: image = 'img/rightArrow.png'
59.3213 	EXP 	prac_rightImg1: image = 'img/leftArrow.png'
59.3213 	EXP 	prac_rightImg2: image = 'img/leftArrow.png'
59.3213 	EXP 	prac_leftImg1: image = 'img/leftArrow.png'
59.3213 	EXP 	prac_leftImg2: image = 'img/leftArrow.png'
59.3213 	EXP 	prac_fixImg: image = 'img/transp_fixation.png'
59.3213 	EXP 	bigFace: autoDraw = True
59.3213 	EXP 	cover_background_2: autoDraw = True
59.3213 	EXP 	prac_rightImg1: autoDraw = True
59.3213 	EXP 	prac_rightImg2: autoDraw = True
59.3213 	EXP 	prac_leftImg1: autoDraw = True
59.3213 	EXP 	prac_leftImg2: autoDraw = True
59.3213 	EXP 	prac_fixImg: autoDraw = True
59.4680 	EXP 	prac_centerImg: autoDraw = True
59.6683 	EXP 	prac_centerImg: autoDraw = False
59.6846 	EXP 	cover_background_2: autoDraw = False
59.6846 	EXP 	prac_rightImg1: autoDraw = False
59.6846 	EXP 	prac_rightImg2: autoDraw = False
59.6846 	EXP 	prac_leftImg1: autoDraw = False
59.6846 	EXP 	prac_leftImg2: autoDraw = False
62.9358 	EXP 	New trial (rep=0, index=7): OrderedDict([('middleStim', 'img/leftArrow.png'), ('leftStim', 'img/rightArrow.png'), ('rightStim', 'img/rightArrow.png'), ('stimNum', 8), ('congruent', 0), ('target', 'left'), ('locationC', [0, 0]), ('locationR', [0.033, 0]), ('locationL', [-0.033, 0]), ('straightFace', 'img/neutralC/CFD-BF-047-003-N.jpg'), ('imageSize', [0.03, 0.03])])
63.1587 	EXP 	bigFace: autoDraw = False
63.1587 	EXP 	prac_fixImg: autoDraw = False
63.1587 	EXP 	bigFace: autoDraw = False
63.1587 	EXP 	cover_background_2: autoDraw = False
63.1587 	EXP 	prac_centerImg: autoDraw = False
63.1587 	EXP 	prac_rightImg1: autoDraw = False
63.1587 	EXP 	prac_rightImg2: autoDraw = False
63.1587 	EXP 	prac_leftImg1: autoDraw = False
63.1587 	EXP 	prac_leftImg2: autoDraw = False
63.1587 	EXP 	prac_fixImg: autoDraw = False
63.1587 	EXP 	bigFace: image = 'img/neutralC/CFD-BF-047-003-N.jpg'
63.1587 	EXP 	cover_background_2: image = 'img/cover_background.png'
63.1587 	EXP 	prac_centerImg: image = 'img/leftArrow.png'
63.1587 	EXP 	prac_rightImg1: image = 'img/rightArrow.png'
63.1587 	EXP 	prac_rightImg2: image = 'img/rightArrow.png'
63.1587 	EXP 	prac_leftImg1: image = 'img/rightArrow.png'
63.1587 	EXP 	prac_leftImg2: image = 'img/rightArrow.png'
63.1587 	EXP 	prac_fixImg: image = 'img/transp_fixation.png'
63.1587 	EXP 	bigFace: autoDraw = True
63.1587 	EXP 	cover_background_2: autoDraw = True
63.1587 	EXP 	prac_rightImg1: autoDraw = True
63.1587 	EXP 	prac_rightImg2: autoDraw = True
63.1587 	EXP 	prac_leftImg1: autoDraw = True
63.1587 	EXP 	prac_leftImg2: autoDraw = True
63.1587 	EXP 	prac_fixImg: autoDraw = True
63.3002 	EXP 	prac_centerImg: autoDraw = True
63.5004 	EXP 	prac_centerImg: autoDraw = False
63.5174 	EXP 	cover_background_2: autoDraw = False
63.5174 	EXP 	prac_rightImg1: autoDraw = False
63.5174 	EXP 	prac_rightImg2: autoDraw = False
63.5174 	EXP 	prac_leftImg1: autoDraw = False
63.5174 	EXP 	prac_leftImg2: autoDraw = False
66.9318 	EXP 	New trial (rep=0, index=8): OrderedDict([('middleStim', 'img/leftArrow.png'), ('leftStim', 'img/leftArrow.png'), ('rightStim', 'img/leftArrow.png'), ('stimNum', 6), ('congruent', 1), ('target', 'left'), ('locationC', [0, 0]), ('locationR', [0.033, 0]), ('locationL', [-0.033, 0]), ('straightFace', 'img/neutralC/CFD-AF-212-097-N.jpg'), ('imageSize', [0.03, 0.03])])
67.1416 	EXP 	bigFace: autoDraw = False
67.1416 	EXP 	prac_fixImg: autoDraw = False
67.1416 	EXP 	bigFace: autoDraw = False
67.1416 	EXP 	cover_background_2: autoDraw = False
67.1416 	EXP 	prac_centerImg: autoDraw = False
67.1416 	EXP 	prac_rightImg1: autoDraw = False
67.1416 	EXP 	prac_rightImg2: autoDraw = False
67.1416 	EXP 	prac_leftImg1: autoDraw = False
67.1416 	EXP 	prac_leftImg2: autoDraw = False
67.1416 	EXP 	prac_fixImg: autoDraw = False
67.1416 	EXP 	bigFace: image = 'img/neutralC/CFD-AF-212-097-N.jpg'
67.1416 	EXP 	cover_background_2: image = 'img/cover_background.png'
67.1416 	EXP 	prac_centerImg: image = 'img/leftArrow.png'
67.1416 	EXP 	prac_rightImg1: image = 'img/leftArrow.png'
67.1416 	EXP 	prac_rightImg2: image = 'img/leftArrow.png'
67.1416 	EXP 	prac_leftImg1: image = 'img/leftArrow.png'
67.1416 	EXP 	prac_leftImg2: image = 'img/leftArrow.png'
67.1416 	EXP 	prac_fixImg: image = 'img/transp_fixation.png'
67.1416 	EXP 	bigFace: autoDraw = True
67.1416 	EXP 	cover_background_2: autoDraw = True
67.1416 	EXP 	prac_rightImg1: autoDraw = True
67.1416 	EXP 	prac_rightImg2: autoDraw = True
67.1416 	EXP 	prac_leftImg1: autoDraw = True
67.1416 	EXP 	prac_leftImg2: autoDraw = True
67.1416 	EXP 	prac_fixImg: autoDraw = True
67.2811 	EXP 	prac_centerImg: autoDraw = True
67.4811 	EXP 	prac_centerImg: autoDraw = False
67.4981 	EXP 	cover_background_2: autoDraw = False
67.4981 	EXP 	prac_rightImg1: autoDraw = False
67.4981 	EXP 	prac_rightImg2: autoDraw = False
67.4981 	EXP 	prac_leftImg1: autoDraw = False
67.4981 	EXP 	prac_leftImg2: autoDraw = False
70.8686 	EXP 	New trial (rep=0, index=9): OrderedDict([('middleStim', 'img/rightArrow.png'), ('leftStim', 'img/rightArrow.png'), ('rightStim', 'img/rightArrow.png'), ('stimNum', 5), ('congruent', 1), ('target', 'right'), ('locationC', [0, 0]), ('locationR', [0.033, 0]), ('locationL', [-0.033, 0]), ('straightFace', 'img/neutralC/CFD-WM-225-127-N.jpg'), ('imageSize', [0.03, 0.03])])
71.1035 	EXP 	bigFace: autoDraw = False
71.1035 	EXP 	prac_fixImg: autoDraw = False
71.1035 	EXP 	bigFace: autoDraw = False
71.1035 	EXP 	cover_background_2: autoDraw = False
71.1035 	EXP 	prac_centerImg: autoDraw = False
71.1035 	EXP 	prac_rightImg1: autoDraw = False
71.1035 	EXP 	prac_rightImg2: autoDraw = False
71.1035 	EXP 	prac_leftImg1: autoDraw = False
71.1035 	EXP 	prac_leftImg2: autoDraw = False
71.1035 	EXP 	prac_fixImg: autoDraw = False
71.1035 	EXP 	bigFace: image = 'img/neutralC/CFD-WM-225-127-N.jpg'
71.1035 	EXP 	cover_background_2: image = 'img/cover_background.png'
71.1035 	EXP 	prac_centerImg: image = 'img/rightArrow.png'
71.1035 	EXP 	prac_rightImg1: image = 'img/rightArrow.png'
71.1035 	EXP 	prac_rightImg2: image = 'img/rightArrow.png'
71.1035 	EXP 	prac_leftImg1: image = 'img/rightArrow.png'
71.1035 	EXP 	prac_leftImg2: image = 'img/rightArrow.png'
71.1035 	EXP 	prac_fixImg: image = 'img/transp_fixation.png'
71.1035 	EXP 	bigFace: autoDraw = True
71.1035 	EXP 	cover_background_2: autoDraw = True
71.1035 	EXP 	prac_rightImg1: autoDraw = True
71.1035 	EXP 	prac_rightImg2: autoDraw = True
71.1035 	EXP 	prac_leftImg1: autoDraw = True
71.1035 	EXP 	prac_leftImg2: autoDraw = True
71.1035 	EXP 	prac_fixImg: autoDraw = True
71.2465 	EXP 	prac_centerImg: autoDraw = True
71.4464 	EXP 	prac_centerImg: autoDraw = False
71.4630 	EXP 	cover_background_2: autoDraw = False
71.4630 	EXP 	prac_rightImg1: autoDraw = False
71.4630 	EXP 	prac_rightImg2: autoDraw = False
71.4630 	EXP 	prac_leftImg1: autoDraw = False
71.4630 	EXP 	prac_leftImg2: autoDraw = False
74.6502 	EXP 	New trial (rep=0, index=10): OrderedDict([('middleStim', 'img/rightArrow.png'), ('leftStim', 'img/leftArrow.png'), ('rightStim', 'img/leftArrow.png'), ('stimNum', 7), ('congruent', 0), ('target', 'right'), ('locationC', [0, 0]), ('locationR', [0.033, 0]), ('locationL', [-0.033, 0]), ('straightFace', 'img/neutralC/CFD-AF-228-173-N.jpg'), ('imageSize', [0.03, 0.03])])
74.8762 	EXP 	bigFace: autoDraw = False
74.8762 	EXP 	prac_fixImg: autoDraw = False
74.8762 	EXP 	bigFace: autoDraw = False
74.8762 	EXP 	cover_background_2: autoDraw = False
74.8762 	EXP 	prac_centerImg: autoDraw = False
74.8762 	EXP 	prac_rightImg1: autoDraw = False
74.8762 	EXP 	prac_rightImg2: autoDraw = False
74.8762 	EXP 	prac_leftImg1: autoDraw = False
74.8762 	EXP 	prac_leftImg2: autoDraw = False
74.8762 	EXP 	prac_fixImg: autoDraw = False
74.8762 	EXP 	bigFace: image = 'img/neutralC/CFD-AF-228-173-N.jpg'
74.8762 	EXP 	cover_background_2: image = 'img/cover_background.png'
74.8762 	EXP 	prac_centerImg: image = 'img/rightArrow.png'
74.8762 	EXP 	prac_rightImg1: image = 'img/leftArrow.png'
74.8762 	EXP 	prac_rightImg2: image = 'img/leftArrow.png'
74.8762 	EXP 	prac_leftImg1: image = 'img/leftArrow.png'
74.8762 	EXP 	prac_leftImg2: image = 'img/leftArrow.png'
74.8762 	EXP 	prac_fixImg: image = 'img/transp_fixation.png'
74.8762 	EXP 	bigFace: autoDraw = True
74.8762 	EXP 	cover_background_2: autoDraw = True
74.8762 	EXP 	prac_rightImg1: autoDraw = True
74.8762 	EXP 	prac_rightImg2: autoDraw = True
74.8762 	EXP 	prac_leftImg1: autoDraw = True
74.8762 	EXP 	prac_leftImg2: autoDraw = True
74.8762 	EXP 	prac_fixImg: autoDraw = True
75.0136 	EXP 	prac_centerImg: autoDraw = True
75.2278 	EXP 	cover_background_2: autoDraw = False
75.2278 	EXP 	prac_centerImg: autoDraw = False
75.2278 	EXP 	prac_rightImg1: autoDraw = False
75.2278 	EXP 	prac_rightImg2: autoDraw = False
75.2278 	EXP 	prac_leftImg1: autoDraw = False
75.2278 	EXP 	prac_leftImg2: autoDraw = False
78.6667 	EXP 	New trial (rep=0, index=11): OrderedDict([('middleStim', 'img/leftArrow.png'), ('leftStim', 'img/leftArrow.png'), ('rightStim', 'img/leftArrow.png'), ('stimNum', 6), ('congruent', 1), ('target', 'left'), ('locationC', [0, 0]), ('locationR', [0.033, 0]), ('locationL', [-0.033, 0]), ('straightFace', 'img/neutralC/CFD-LF-222-147-N.jpg'), ('imageSize', [0.03, 0.03])])
78.9040 	EXP 	bigFace: autoDraw = False
78.9040 	EXP 	prac_fixImg: autoDraw = False
78.9040 	EXP 	bigFace: autoDraw = False
78.9040 	EXP 	cover_background_2: autoDraw = False
78.9040 	EXP 	prac_centerImg: autoDraw = False
78.9040 	EXP 	prac_rightImg1: autoDraw = False
78.9040 	EXP 	prac_rightImg2: autoDraw = False
78.9040 	EXP 	prac_leftImg1: autoDraw = False
78.9040 	EXP 	prac_leftImg2: autoDraw = False
78.9040 	EXP 	prac_fixImg: autoDraw = False
78.9040 	EXP 	bigFace: image = 'img/neutralC/CFD-LF-222-147-N.jpg'
78.9040 	EXP 	cover_background_2: image = 'img/cover_background.png'
78.9040 	EXP 	prac_centerImg: image = 'img/leftArrow.png'
78.9040 	EXP 	prac_rightImg1: image = 'img/leftArrow.png'
78.9040 	EXP 	prac_rightImg2: image = 'img/leftArrow.png'
78.9040 	EXP 	prac_leftImg1: image = 'img/leftArrow.png'
78.9040 	EXP 	prac_leftImg2: image = 'img/leftArrow.png'
78.9040 	EXP 	prac_fixImg: image = 'img/transp_fixation.png'
78.9040 	EXP 	bigFace: autoDraw = True
78.9040 	EXP 	cover_background_2: autoDraw = True
78.9040 	EXP 	prac_rightImg1: autoDraw = True
78.9040 	EXP 	prac_rightImg2: autoDraw = True
78.9040 	EXP 	prac_leftImg1: autoDraw = True
78.9040 	EXP 	prac_leftImg2: autoDraw = True
78.9040 	EXP 	prac_fixImg: autoDraw = True
79.0464 	EXP 	prac_centerImg: autoDraw = True
79.2626 	EXP 	cover_background_2: autoDraw = False
79.2626 	EXP 	prac_centerImg: autoDraw = False
79.2626 	EXP 	prac_rightImg1: autoDraw = False
79.2626 	EXP 	prac_rightImg2: autoDraw = False
79.2626 	EXP 	prac_leftImg1: autoDraw = False
79.2626 	EXP 	prac_leftImg2: autoDraw = False
82.7987 	EXP 	New trial (rep=0, index=12): OrderedDict([('middleStim', 'img/leftArrow.png'), ('leftStim', 'img/rightArrow.png'), ('rightStim', 'img/rightArrow.png'), ('stimNum', 8), ('congruent', 0), ('target', 'left'), ('locationC', [0, 0]), ('locationR', [0.033, 0]), ('locationL', [-0.033, 0]), ('straightFace', 'img/neutralC/CFD-BF-028-001-N.jpg'), ('imageSize', [0.03, 0.03])])
83.0261 	EXP 	bigFace: autoDraw = False
83.0261 	EXP 	prac_fixImg: autoDraw = False
83.0261 	EXP 	bigFace: autoDraw = False
83.0261 	EXP 	cover_background_2: autoDraw = False
83.0261 	EXP 	prac_centerImg: autoDraw = False
83.0261 	EXP 	prac_rightImg1: autoDraw = False
83.0261 	EXP 	prac_rightImg2: autoDraw = False
83.0261 	EXP 	prac_leftImg1: autoDraw = False
83.0261 	EXP 	prac_leftImg2: autoDraw = False
83.0261 	EXP 	prac_fixImg: autoDraw = False
83.0261 	EXP 	bigFace: image = 'img/neutralC/CFD-BF-028-001-N.jpg'
83.0261 	EXP 	cover_background_2: image = 'img/cover_background.png'
83.0261 	EXP 	prac_centerImg: image = 'img/leftArrow.png'
83.0261 	EXP 	prac_rightImg1: image = 'img/rightArrow.png'
83.0261 	EXP 	prac_rightImg2: image = 'img/rightArrow.png'
83.0261 	EXP 	prac_leftImg1: image = 'img/rightArrow.png'
83.0261 	EXP 	prac_leftImg2: image = 'img/rightArrow.png'
83.0261 	EXP 	prac_fixImg: image = 'img/transp_fixation.png'
83.0261 	EXP 	bigFace: autoDraw = True
83.0261 	EXP 	cover_background_2: autoDraw = True
83.0261 	EXP 	prac_rightImg1: autoDraw = True
83.0261 	EXP 	prac_rightImg2: autoDraw = True
83.0261 	EXP 	prac_leftImg1: autoDraw = True
83.0261 	EXP 	prac_leftImg2: autoDraw = True
83.0261 	EXP 	prac_fixImg: autoDraw = True
83.1509 	EXP 	prac_centerImg: autoDraw = True
83.3492 	EXP 	prac_centerImg: autoDraw = False
83.3645 	EXP 	cover_background_2: autoDraw = False
83.3645 	EXP 	prac_rightImg1: autoDraw = False
83.3645 	EXP 	prac_rightImg2: autoDraw = False
83.3645 	EXP 	prac_leftImg1: autoDraw = False
83.3645 	EXP 	prac_leftImg2: autoDraw = False
86.6270 	EXP 	New trial (rep=0, index=13): OrderedDict([('middleStim', 'img/leftArrow.png'), ('leftStim', 'img/leftArrow.png'), ('rightStim', 'img/leftArrow.png'), ('stimNum', 6), ('congruent', 1), ('target', 'left'), ('locationC', [0, 0]), ('locationR', [0.033, 0]), ('locationL', [-0.033, 0]), ('straightFace', 'img/neutralC/CFD-BF-049-032-N.jpg'), ('imageSize', [0.03, 0.03])])
86.8471 	DATA 	Keypress: escape
86.8527 	EXP 	bigFace: autoDraw = False
86.8527 	EXP 	prac_fixImg: autoDraw = False
86.8527 	EXP 	bigFace: autoDraw = False
86.8527 	EXP 	cover_background_2: autoDraw = False
86.8527 	EXP 	prac_centerImg: autoDraw = False
86.8527 	EXP 	prac_rightImg1: autoDraw = False
86.8527 	EXP 	prac_rightImg2: autoDraw = False
86.8527 	EXP 	prac_leftImg1: autoDraw = False
86.8527 	EXP 	prac_leftImg2: autoDraw = False
86.8527 	EXP 	prac_fixImg: autoDraw = False
86.8527 	EXP 	bigFace: image = 'img/neutralC/CFD-BF-049-032-N.jpg'
86.8527 	EXP 	cover_background_2: image = 'img/cover_background.png'
86.8527 	EXP 	prac_centerImg: image = 'img/leftArrow.png'
86.8527 	EXP 	prac_rightImg1: image = 'img/leftArrow.png'
86.8527 	EXP 	prac_rightImg2: image = 'img/leftArrow.png'
86.8527 	EXP 	prac_leftImg1: image = 'img/leftArrow.png'
86.8527 	EXP 	prac_leftImg2: image = 'img/leftArrow.png'
86.8527 	EXP 	prac_fixImg: image = 'img/transp_fixation.png'
86.8527 	EXP 	bigFace: autoDraw = True
86.8527 	EXP 	cover_background_2: autoDraw = True
86.8527 	EXP 	prac_rightImg1: autoDraw = True
86.8527 	EXP 	prac_rightImg2: autoDraw = True
86.8527 	EXP 	prac_leftImg1: autoDraw = True
86.8527 	EXP 	prac_leftImg2: autoDraw = True
86.8527 	EXP 	prac_fixImg: autoDraw = True
86.9764 	EXP 	prac_centerImg: autoDraw = True
87.1762 	EXP 	prac_centerImg: autoDraw = False
87.2095 	EXP 	cover_background_2: autoDraw = False
87.2095 	EXP 	prac_rightImg1: autoDraw = False
87.2095 	EXP 	prac_rightImg2: autoDraw = False
87.2095 	EXP 	prac_leftImg1: autoDraw = False
87.2095 	EXP 	prac_leftImg2: autoDraw = False
90.6801 	EXP 	New trial (rep=0, index=14): OrderedDict([('middleStim', 'img/leftArrow.png'), ('leftStim', 'img/rightArrow.png'), ('rightStim', 'img/rightArrow.png'), ('stimNum', 8), ('congruent', 0), ('target', 'left'), ('locationC', [0, 0]), ('locationR', [0.033, 0]), ('locationL', [-0.033, 0]), ('straightFace', 'img/neutralC/CFD-BF-205-141-N.jpg'), ('imageSize', [0.03, 0.03])])
90.9126 	EXP 	bigFace: autoDraw = False
90.9126 	EXP 	prac_fixImg: autoDraw = False
90.9126 	EXP 	bigFace: autoDraw = False
90.9126 	EXP 	cover_background_2: autoDraw = False
90.9126 	EXP 	prac_centerImg: autoDraw = False
90.9126 	EXP 	prac_rightImg1: autoDraw = False
90.9126 	EXP 	prac_rightImg2: autoDraw = False
90.9126 	EXP 	prac_leftImg1: autoDraw = False
90.9126 	EXP 	prac_leftImg2: autoDraw = False
90.9126 	EXP 	prac_fixImg: autoDraw = False
90.9126 	EXP 	bigFace: image = 'img/neutralC/CFD-BF-205-141-N.jpg'
90.9126 	EXP 	cover_background_2: image = 'img/cover_background.png'
90.9126 	EXP 	prac_centerImg: image = 'img/leftArrow.png'
90.9126 	EXP 	prac_rightImg1: image = 'img/rightArrow.png'
90.9126 	EXP 	prac_rightImg2: image = 'img/rightArrow.png'
90.9126 	EXP 	prac_leftImg1: image = 'img/rightArrow.png'
90.9126 	EXP 	prac_leftImg2: image = 'img/rightArrow.png'
90.9126 	EXP 	prac_fixImg: image = 'img/transp_fixation.png'
90.9126 	EXP 	bigFace: autoDraw = True
90.9126 	EXP 	cover_background_2: autoDraw = True
90.9126 	EXP 	prac_rightImg1: autoDraw = True
90.9126 	EXP 	prac_rightImg2: autoDraw = True
90.9126 	EXP 	prac_leftImg1: autoDraw = True
90.9126 	EXP 	prac_leftImg2: autoDraw = True
90.9126 	EXP 	prac_fixImg: autoDraw = True
91.0589 	EXP 	prac_centerImg: autoDraw = True
91.2593 	EXP 	prac_centerImg: autoDraw = False
91.2754 	EXP 	cover_background_2: autoDraw = False
91.2754 	EXP 	prac_rightImg1: autoDraw = False
91.2754 	EXP 	prac_rightImg2: autoDraw = False
91.2754 	EXP 	prac_leftImg1: autoDraw = False
91.2754 	EXP 	prac_leftImg2: autoDraw = False
94.7124 	EXP 	New trial (rep=0, index=15): OrderedDict([('middleStim', 'img/rightArrow.png'), ('leftStim', 'img/leftArrow.png'), ('rightStim', 'img/leftArrow.png'), ('stimNum', 7), ('congruent', 0), ('target', 'right'), ('locationC', [0, 0]), ('locationR', [0.033, 0]), ('locationL', [-0.033, 0]), ('straightFace', 'img/neutralC/CFD-BM-020-001-N.jpg'), ('imageSize', [0.03, 0.03])])
94.9278 	EXP 	bigFace: autoDraw = False
94.9278 	EXP 	prac_fixImg: autoDraw = False
94.9278 	EXP 	bigFace: autoDraw = False
94.9278 	EXP 	cover_background_2: autoDraw = False
94.9278 	EXP 	prac_centerImg: autoDraw = False
94.9278 	EXP 	prac_rightImg1: autoDraw = False
94.9278 	EXP 	prac_rightImg2: autoDraw = False
94.9278 	EXP 	prac_leftImg1: autoDraw = False
94.9278 	EXP 	prac_leftImg2: autoDraw = False
94.9278 	EXP 	prac_fixImg: autoDraw = False
94.9278 	EXP 	bigFace: image = 'img/neutralC/CFD-BM-020-001-N.jpg'
94.9278 	EXP 	cover_background_2: image = 'img/cover_background.png'
94.9278 	EXP 	prac_centerImg: image = 'img/rightArrow.png'
94.9278 	EXP 	prac_rightImg1: image = 'img/leftArrow.png'
94.9278 	EXP 	prac_rightImg2: image = 'img/leftArrow.png'
94.9278 	EXP 	prac_leftImg1: image = 'img/leftArrow.png'
94.9278 	EXP 	prac_leftImg2: image = 'img/leftArrow.png'
94.9278 	EXP 	prac_fixImg: image = 'img/transp_fixation.png'
94.9278 	EXP 	bigFace: autoDraw = True
94.9278 	EXP 	cover_background_2: autoDraw = True
94.9278 	EXP 	prac_rightImg1: autoDraw = True
94.9278 	EXP 	prac_rightImg2: autoDraw = True
94.9278 	EXP 	prac_leftImg1: autoDraw = True
94.9278 	EXP 	prac_leftImg2: autoDraw = True
94.9278 	EXP 	prac_fixImg: autoDraw = True
95.0741 	EXP 	prac_centerImg: autoDraw = True
95.2745 	EXP 	prac_centerImg: autoDraw = False
95.2910 	EXP 	cover_background_2: autoDraw = False
95.2910 	EXP 	prac_rightImg1: autoDraw = False
95.2910 	EXP 	prac_rightImg2: autoDraw = False
95.2910 	EXP 	prac_leftImg1: autoDraw = False
95.2910 	EXP 	prac_leftImg2: autoDraw = False
98.5936 	EXP 	New trial (rep=0, index=16): OrderedDict([('middleStim', 'img/leftArrow.png'), ('leftStim', 'img/leftArrow.png'), ('rightStim', 'img/leftArrow.png'), ('stimNum', 6), ('congruent', 1), ('target', 'left'), ('locationC', [0, 0]), ('locationR', [0.033, 0]), ('locationL', [-0.033, 0]), ('straightFace', 'img/neutralC/CFD-MM-308-001-N.jpg'), ('imageSize', [0.03, 0.03])])
98.8165 	EXP 	bigFace: autoDraw = False
98.8165 	EXP 	prac_fixImg: autoDraw = False
98.8165 	EXP 	bigFace: autoDraw = False
98.8165 	EXP 	cover_background_2: autoDraw = False
98.8165 	EXP 	prac_centerImg: autoDraw = False
98.8165 	EXP 	prac_rightImg1: autoDraw = False
98.8165 	EXP 	prac_rightImg2: autoDraw = False
98.8165 	EXP 	prac_leftImg1: autoDraw = False
98.8165 	EXP 	prac_leftImg2: autoDraw = False
98.8165 	EXP 	prac_fixImg: autoDraw = False
98.8165 	EXP 	bigFace: image = 'img/neutralC/CFD-MM-308-001-N.jpg'
98.8165 	EXP 	cover_background_2: image = 'img/cover_background.png'
98.8165 	EXP 	prac_centerImg: image = 'img/leftArrow.png'
98.8165 	EXP 	prac_rightImg1: image = 'img/leftArrow.png'
98.8165 	EXP 	prac_rightImg2: image = 'img/leftArrow.png'
98.8165 	EXP 	prac_leftImg1: image = 'img/leftArrow.png'
98.8165 	EXP 	prac_leftImg2: image = 'img/leftArrow.png'
98.8165 	EXP 	prac_fixImg: image = 'img/transp_fixation.png'
98.8165 	EXP 	bigFace: autoDraw = True
98.8165 	EXP 	cover_background_2: autoDraw = True
98.8165 	EXP 	prac_rightImg1: autoDraw = True
98.8165 	EXP 	prac_rightImg2: autoDraw = True
98.8165 	EXP 	prac_leftImg1: autoDraw = True
98.8165 	EXP 	prac_leftImg2: autoDraw = True
98.8165 	EXP 	prac_fixImg: autoDraw = True
98.9566 	EXP 	prac_centerImg: autoDraw = True
99.1579 	EXP 	prac_centerImg: autoDraw = False
99.1743 	EXP 	cover_background_2: autoDraw = False
99.1743 	EXP 	prac_rightImg1: autoDraw = False
99.1743 	EXP 	prac_rightImg2: autoDraw = False
99.1743 	EXP 	prac_leftImg1: autoDraw = False
99.1743 	EXP 	prac_leftImg2: autoDraw = False
102.7762 	EXP 	New trial (rep=0, index=17): OrderedDict([('middleStim', 'img/rightArrow.png'), ('leftStim', 'img/rightArrow.png'), ('rightStim', 'img/rightArrow.png'), ('stimNum', 5), ('congruent', 1), ('target', 'right'), ('locationC', [0, 0]), ('locationR', [0.033, 0]), ('locationL', [-0.033, 0]), ('straightFace', 'img/neutralC/CFD-IM-617-174-N.jpg'), ('imageSize', [0.03, 0.03])])
102.9992 	EXP 	bigFace: autoDraw = False
102.9992 	EXP 	prac_fixImg: autoDraw = False
102.9992 	EXP 	bigFace: autoDraw = False
102.9992 	EXP 	cover_background_2: autoDraw = False
102.9992 	EXP 	prac_centerImg: autoDraw = False
102.9992 	EXP 	prac_rightImg1: autoDraw = False
102.9992 	EXP 	prac_rightImg2: autoDraw = False
102.9992 	EXP 	prac_leftImg1: autoDraw = False
102.9992 	EXP 	prac_leftImg2: autoDraw = False
102.9992 	EXP 	prac_fixImg: autoDraw = False
102.9992 	EXP 	bigFace: image = 'img/neutralC/CFD-IM-617-174-N.jpg'
102.9992 	EXP 	cover_background_2: image = 'img/cover_background.png'
102.9992 	EXP 	prac_centerImg: image = 'img/rightArrow.png'
102.9992 	EXP 	prac_rightImg1: image = 'img/rightArrow.png'
102.9992 	EXP 	prac_rightImg2: image = 'img/rightArrow.png'
102.9992 	EXP 	prac_leftImg1: image = 'img/rightArrow.png'
102.9992 	EXP 	prac_leftImg2: image = 'img/rightArrow.png'
102.9992 	EXP 	prac_fixImg: image = 'img/transp_fixation.png'
102.9992 	EXP 	bigFace: autoDraw = True
102.9992 	EXP 	cover_background_2: autoDraw = True
102.9992 	EXP 	prac_rightImg1: autoDraw = True
102.9992 	EXP 	prac_rightImg2: autoDraw = True
102.9992 	EXP 	prac_leftImg1: autoDraw = True
102.9992 	EXP 	prac_leftImg2: autoDraw = True
102.9992 	EXP 	prac_fixImg: autoDraw = True
103.1398 	EXP 	prac_centerImg: autoDraw = True
103.3385 	EXP 	prac_centerImg: autoDraw = False
103.3561 	EXP 	cover_background_2: autoDraw = False
103.3561 	EXP 	prac_rightImg1: autoDraw = False
103.3561 	EXP 	prac_rightImg2: autoDraw = False
103.3561 	EXP 	prac_leftImg1: autoDraw = False
103.3561 	EXP 	prac_leftImg2: autoDraw = False
106.6405 	EXP 	New trial (rep=0, index=18): OrderedDict([('middleStim', 'img/leftArrow.png'), ('leftStim', 'img/leftArrow.png'), ('rightStim', 'img/leftArrow.png'), ('stimNum', 6), ('congruent', 1), ('target', 'left'), ('locationC', [0, 0]), ('locationR', [0.033, 0]), ('locationL', [-0.033, 0]), ('straightFace', 'img/neutralC/CFD-WF-039-025-N.jpg'), ('imageSize', [0.03, 0.03])])
106.8774 	EXP 	bigFace: autoDraw = False
106.8774 	EXP 	prac_fixImg: autoDraw = False
106.8774 	EXP 	bigFace: autoDraw = False
106.8774 	EXP 	cover_background_2: autoDraw = False
106.8774 	EXP 	prac_centerImg: autoDraw = False
106.8774 	EXP 	prac_rightImg1: autoDraw = False
106.8774 	EXP 	prac_rightImg2: autoDraw = False
106.8774 	EXP 	prac_leftImg1: autoDraw = False
106.8774 	EXP 	prac_leftImg2: autoDraw = False
106.8774 	EXP 	prac_fixImg: autoDraw = False
106.8774 	EXP 	bigFace: image = 'img/neutralC/CFD-WF-039-025-N.jpg'
106.8774 	EXP 	cover_background_2: image = 'img/cover_background.png'
106.8774 	EXP 	prac_centerImg: image = 'img/leftArrow.png'
106.8774 	EXP 	prac_rightImg1: image = 'img/leftArrow.png'
106.8774 	EXP 	prac_rightImg2: image = 'img/leftArrow.png'
106.8774 	EXP 	prac_leftImg1: image = 'img/leftArrow.png'
106.8774 	EXP 	prac_leftImg2: image = 'img/leftArrow.png'
106.8774 	EXP 	prac_fixImg: image = 'img/transp_fixation.png'
106.8774 	EXP 	bigFace: autoDraw = True
106.8774 	EXP 	cover_background_2: autoDraw = True
106.8774 	EXP 	prac_rightImg1: autoDraw = True
106.8774 	EXP 	prac_rightImg2: autoDraw = True
106.8774 	EXP 	prac_leftImg1: autoDraw = True
106.8774 	EXP 	prac_leftImg2: autoDraw = True
106.8774 	EXP 	prac_fixImg: autoDraw = True
107.0206 	EXP 	prac_centerImg: autoDraw = True
107.2216 	EXP 	prac_centerImg: autoDraw = False
107.2387 	EXP 	cover_background_2: autoDraw = False
107.2387 	EXP 	prac_rightImg1: autoDraw = False
107.2387 	EXP 	prac_rightImg2: autoDraw = False
107.2387 	EXP 	prac_leftImg1: autoDraw = False
107.2387 	EXP 	prac_leftImg2: autoDraw = False
110.6063 	EXP 	New trial (rep=0, index=19): OrderedDict([('middleStim', 'img/leftArrow.png'), ('leftStim', 'img/rightArrow.png'), ('rightStim', 'img/rightArrow.png'), ('stimNum', 8), ('congruent', 0), ('target', 'left'), ('locationC', [0, 0]), ('locationR', [0.033, 0]), ('locationL', [-0.033, 0]), ('straightFace', 'img/neutralC/CFD-MM-303-002-N.jpg'), ('imageSize', [0.03, 0.03])])
110.8271 	EXP 	bigFace: autoDraw = False
110.8271 	EXP 	prac_fixImg: autoDraw = False
110.8271 	EXP 	bigFace: autoDraw = False
110.8271 	EXP 	cover_background_2: autoDraw = False
110.8271 	EXP 	prac_centerImg: autoDraw = False
110.8271 	EXP 	prac_rightImg1: autoDraw = False
110.8271 	EXP 	prac_rightImg2: autoDraw = False
110.8271 	EXP 	prac_leftImg1: autoDraw = False
110.8271 	EXP 	prac_leftImg2: autoDraw = False
110.8271 	EXP 	prac_fixImg: autoDraw = False
110.8271 	EXP 	bigFace: image = 'img/neutralC/CFD-MM-303-002-N.jpg'
110.8271 	EXP 	cover_background_2: image = 'img/cover_background.png'
110.8271 	EXP 	prac_centerImg: image = 'img/leftArrow.png'
110.8271 	EXP 	prac_rightImg1: image = 'img/rightArrow.png'
110.8271 	EXP 	prac_rightImg2: image = 'img/rightArrow.png'
110.8271 	EXP 	prac_leftImg1: image = 'img/rightArrow.png'
110.8271 	EXP 	prac_leftImg2: image = 'img/rightArrow.png'
110.8271 	EXP 	prac_fixImg: image = 'img/transp_fixation.png'
110.8271 	EXP 	bigFace: autoDraw = True
110.8271 	EXP 	cover_background_2: autoDraw = True
110.8271 	EXP 	prac_rightImg1: autoDraw = True
110.8271 	EXP 	prac_rightImg2: autoDraw = True
110.8271 	EXP 	prac_leftImg1: autoDraw = True
110.8271 	EXP 	prac_leftImg2: autoDraw = True
110.8271 	EXP 	prac_fixImg: autoDraw = True
110.9706 	EXP 	prac_centerImg: autoDraw = True
111.1701 	EXP 	prac_centerImg: autoDraw = False
111.1866 	EXP 	cover_background_2: autoDraw = False
111.1866 	EXP 	prac_rightImg1: autoDraw = False
111.1866 	EXP 	prac_rightImg2: autoDraw = False
111.1866 	EXP 	prac_leftImg1: autoDraw = False
111.1866 	EXP 	prac_leftImg2: autoDraw = False
114.6066 	EXP 	bigFace: autoDraw = False
114.6066 	EXP 	prac_fixImg: autoDraw = False
114.6066 	EXP 	bigFace: autoDraw = False
114.6066 	EXP 	cover_background_2: autoDraw = False
114.6066 	EXP 	prac_centerImg: autoDraw = False
114.6066 	EXP 	prac_rightImg1: autoDraw = False
114.6066 	EXP 	prac_rightImg2: autoDraw = False
114.6066 	EXP 	prac_leftImg1: autoDraw = False
114.6066 	EXP 	prac_leftImg2: autoDraw = False
114.6066 	EXP 	prac_fixImg: autoDraw = False
114.6066 	EXP 	prac_blockFeed_text: height = 0.04
114.6066 	EXP 	prac_blockFeed_text: height = 0.04
114.6066 	EXP 	prac_blockFeed_text: height = 0.04
114.6066 	EXP 	prac_blockFeed_text: text = 'Please try the practice again'
114.6066 	EXP 	prac_blockFeed_text: autoDraw = True
114.6066 	EXP 	prac_pressContinue: autoDraw = True
155.8983 	DATA 	Keypress: escape
157.1975 	EXP 	window1: mouseVisible = True
157.1976 	DEBUG 	Saving data for face_flanker_v1 ExperimentHandler
157.2011 	INFO 	saved data to /Users/kihossei/Documents/GitHub/memory-for-error-dataset/materials/experiments/twice_longer_with_delay/data/999_face_flanker_v1_2022-06-07_16h06.04.058.psydat
157.2053 	INFO 	saved data to '/Users/kihossei/Documents/GitHub/memory-for-error-dataset/materials/experiments/twice_longer_with_delay/data/999_face_flanker_v1_2022-06-07_16h06.04.058.csv'
