1.1640 	WARNING 	We strongly recommend you activate the PTB sound engine in PsychoPy prefs as the preferred audio engine. Its timing is vastly superior. Your prefs are currently set to use ['sounddevice', 'PTB', 'pyo', 'pygame'] (in that order).
8.2873 	INFO 	Loaded monitor calibration from ['2022_05_31 11:34']
8.2881 	ERROR 	'0.5000, 0.5000, 0.5000' is not a valid rgb color
10.1650 	EXP 	Created window1 = Window(allowGUI=False, allowStencil=False, autoLog=True, backendConf=UNKNOWN, bitsMode=UNKNOWN, blendMode='avg', bpc=(8, 8, 8), color=array([0, 0, 0]), colorSpace='rgb', depthBits=8, fullscr=<method-wrapper '__getattribute__' of attributeSetter object at 0x000001C649B4CA30>, gamma=None, gammaErrorPolicy='raise', lms=UNKNOWN, monitor=<psychopy.monitors.calibTools.Monitor object at 0x000001C64B7A32B0>, multiSample=False, name='window1', numSamples=2, pos=(0, 0), screen=0, size=array([1920, 1080]), stencilBits=0, stereo=False, units='height', useFBO=True, useRetina=False, viewOri=0.0, viewPos=None, viewScale=None, waitBlanking=True, winType='pyglet')
10.1656 	EXP 	window1: mouseVisible = True
10.1657 	EXP 	window1: Attempting to measure frame rate of screen (0) ...
10.1658 	EXP 	window1: recordFrameIntervals = False
10.3309 	EXP 	window1: recordFrameIntervals = True
10.5145 	EXP 	Screen (0) actual frame rate measured at 60.04Hz
10.5146 	EXP 	window1: recordFrameIntervals = False
12.4635 	INFO 	keyboard.Keyboard is using iohub backend.
12.7198 	EXP 	Created welcome_text = TextStim(__class__=<class 'psychopy.visual.text.TextStim'>, alignHoriz=method-wrapper(...), alignText='center', alignVert=method-wrapper(...), anchorHoriz='center', anchorVert='center', antialias=True, autoDraw=False, autoLog=True, bold=False, color=array([1., 1., 1.]), colorSpace='rgb', contrast=1.0, depth=0.0, flipHoriz=False, flipVert=False, font='Arial', fontFiles=[], height=0.04, italic=False, languageStyle='LTR', name='welcome_text', opacity=1.0, ori=0, pos=array([0., 0.]), rgb=UNKNOWN, text=str(...), units='height', win=Window(...), wrapWidth=1.3)
12.7198 	INFO 	keyboard.Keyboard is using iohub backend.
12.7292 	EXP 	Created instructRight_text = TextStim(__class__=<class 'psychopy.visual.text.TextStim'>, alignHoriz=method-wrapper(...), alignText='center', alignVert=method-wrapper(...), anchorHoriz='center', anchorVert='center', antialias=True, autoDraw=False, autoLog=True, bold=False, color=array([1., 1., 1.]), colorSpace='rgb', contrast=1.0, depth=0.0, flipHoriz=False, flipVert=False, font='Arial', fontFiles=[], height=0.04, italic=False, languageStyle='LTR', name='instructRight_text', opacity=1.0, ori=0, pos=array([0., 0.]), rgb=UNKNOWN, text=str(...), units='height', win=Window(...), wrapWidth=1.3)
12.8003 	EXP 	Created instructRight_centerImg = ImageStim(__class__=<class 'psychopy.visual.image.ImageStim'>, anchor=('center', 'center'), autoLog=True, color=array([1., 1., 1.]), colorSpace='rgb', contrast=1.0, depth=-1.0, flipHoriz=False, flipVert=False, image='img/rightArrow.png', interpolate=True, mask=None, maskParams=None, name='instructRight_centerImg', opacity=1.0, ori=0.0, pos=array([ 0. , -0.3]), size=array([0.02, 0.02]), texRes=512, units='height', win=Window(...))
12.8606 	EXP 	Created instructRight_rightImg1 = ImageStim(__class__=<class 'psychopy.visual.image.ImageStim'>, anchor=('center', 'center'), autoLog=True, color=array([1., 1., 1.]), colorSpace='rgb', contrast=1.0, depth=-2.0, flipHoriz=False, flipVert=False, image='img/rightArrow.png', interpolate=True, mask=None, maskParams=None, name='instructRight_rightImg1', opacity=1.0, ori=0.0, pos=array([ 0.03, -0.3 ]), size=array([0.02, 0.02]), texRes=512, units='height', win=Window(...))
12.9287 	EXP 	Created instructRight_leftImg1 = ImageStim(__class__=<class 'psychopy.visual.image.ImageStim'>, anchor=('center', 'center'), autoLog=True, color=array([1., 1., 1.]), colorSpace='rgb', contrast=1.0, depth=-3.0, flipHoriz=False, flipVert=False, image='img/rightArrow.png', interpolate=True, mask=None, maskParams=None, name='instructRight_leftImg1', opacity=1.0, ori=0.0, pos=array([-0.03, -0.3 ]), size=array([0.02, 0.02]), texRes=512, units='height', win=Window(...))
12.9287 	INFO 	keyboard.Keyboard is using iohub backend.
12.9390 	EXP 	Created instructLeft_text = TextStim(__class__=<class 'psychopy.visual.text.TextStim'>, alignHoriz=method-wrapper(...), alignText='center', alignVert=method-wrapper(...), anchorHoriz='center', anchorVert='center', antialias=True, autoDraw=False, autoLog=True, bold=False, color=array([1., 1., 1.]), colorSpace='rgb', contrast=1.0, depth=0.0, flipHoriz=False, flipVert=False, font='Arial', fontFiles=[], height=0.04, italic=False, languageStyle='LTR', name='instructLeft_text', opacity=1.0, ori=0, pos=array([0., 0.]), rgb=UNKNOWN, text=str(...), units='height', win=Window(...), wrapWidth=1.3)
13.0180 	EXP 	Created instructLeft_centerImg = ImageStim(__class__=<class 'psychopy.visual.image.ImageStim'>, anchor=('center', 'center'), autoLog=True, color=array([1., 1., 1.]), colorSpace='rgb', contrast=1.0, depth=-1.0, flipHoriz=False, flipVert=False, image='img/leftArrow.png', interpolate=True, mask=None, maskParams=None, name='instructLeft_centerImg', opacity=1.0, ori=0.0, pos=array([ 0. , -0.3]), size=array([0.02, 0.02]), texRes=512, units='height', win=Window(...))
13.0853 	EXP 	Created instructLeft_rightImg1 = ImageStim(__class__=<class 'psychopy.visual.image.ImageStim'>, anchor=('center', 'center'), autoLog=True, color=array([1., 1., 1.]), colorSpace='rgb', contrast=1.0, depth=-2.0, flipHoriz=False, flipVert=False, image='img/leftArrow.png', interpolate=True, mask=None, maskParams=None, name='instructLeft_rightImg1', opacity=1.0, ori=0.0, pos=array([ 0.03, -0.3 ]), size=array([0.02, 0.02]), texRes=512, units='height', win=Window(...))
13.1469 	EXP 	Created instructLeft_leftImg1 = ImageStim(__class__=<class 'psychopy.visual.image.ImageStim'>, anchor=('center', 'center'), autoLog=True, color=array([1., 1., 1.]), colorSpace='rgb', contrast=1.0, depth=-3.0, flipHoriz=False, flipVert=False, image='img/leftArrow.png', interpolate=True, mask=None, maskParams=None, name='instructLeft_leftImg1', opacity=1.0, ori=0.0, pos=array([-0.03, -0.3 ]), size=array([0.02, 0.02]), texRes=512, units='height', win=Window(...))
13.1470 	INFO 	keyboard.Keyboard is using iohub backend.
13.1757 	EXP 	Created instructInconRight_text = TextStim(__class__=<class 'psychopy.visual.text.TextStim'>, alignHoriz=method-wrapper(...), alignText='center', alignVert=method-wrapper(...), anchorHoriz='center', anchorVert='center', antialias=True, autoDraw=False, autoLog=True, bold=False, color=array([1., 1., 1.]), colorSpace='rgb', contrast=1.0, depth=0.0, flipHoriz=False, flipVert=False, font='Arial', fontFiles=[], height=0.04, italic=False, languageStyle='LTR', name='instructInconRight_text', opacity=1.0, ori=0, pos=array([0., 0.]), rgb=UNKNOWN, text=str(...), units='height', win=Window(...), wrapWidth=1.3)
13.2201 	EXP 	Created instructIncon_centerImg = ImageStim(__class__=<class 'psychopy.visual.image.ImageStim'>, anchor=('center', 'center'), autoLog=True, color=array([1., 1., 1.]), colorSpace='rgb', contrast=1.0, depth=-1.0, flipHoriz=False, flipVert=False, image='img/rightArrow.png', interpolate=True, mask=None, maskParams=None, name='instructIncon_centerImg', opacity=1.0, ori=0.0, pos=array([ 0. , -0.3]), size=array([0.02, 0.02]), texRes=512, units='height', win=Window(...))
13.2658 	EXP 	Created instructIncon_rightImg1 = ImageStim(__class__=<class 'psychopy.visual.image.ImageStim'>, anchor=('center', 'center'), autoLog=True, color=array([1., 1., 1.]), colorSpace='rgb', contrast=1.0, depth=-2.0, flipHoriz=False, flipVert=False, image='img/leftArrow.png', interpolate=True, mask=None, maskParams=None, name='instructIncon_rightImg1', opacity=1.0, ori=0.0, pos=array([ 0.03, -0.3 ]), size=array([0.02, 0.02]), texRes=512, units='height', win=Window(...))
13.3132 	EXP 	Created instructIncon_leftImg1 = ImageStim(__class__=<class 'psychopy.visual.image.ImageStim'>, anchor=('center', 'center'), autoLog=True, color=array([1., 1., 1.]), colorSpace='rgb', contrast=1.0, depth=-3.0, flipHoriz=False, flipVert=False, image='img/leftArrow.png', interpolate=True, mask=None, maskParams=None, name='instructIncon_leftImg1', opacity=1.0, ori=0.0, pos=array([-0.03, -0.3 ]), size=array([0.02, 0.02]), texRes=512, units='height', win=Window(...))
13.3133 	INFO 	keyboard.Keyboard is using iohub backend.
13.3211 	EXP 	Created instructInconLeft_text = TextStim(__class__=<class 'psychopy.visual.text.TextStim'>, alignHoriz=method-wrapper(...), alignText='center', alignVert=method-wrapper(...), anchorHoriz='center', anchorVert='center', antialias=True, autoDraw=False, autoLog=True, bold=False, color=array([1., 1., 1.]), colorSpace='rgb', contrast=1.0, depth=0.0, flipHoriz=False, flipVert=False, font='Arial', fontFiles=[], height=0.04, italic=False, languageStyle='LTR', name='instructInconLeft_text', opacity=1.0, ori=0, pos=array([0., 0.]), rgb=UNKNOWN, text=str(...), units='height', win=Window(...), wrapWidth=1.3)
13.3688 	EXP 	Created instructInconLeft_centerImg = ImageStim(__class__=<class 'psychopy.visual.image.ImageStim'>, anchor=('center', 'center'), autoLog=True, color=array([1., 1., 1.]), colorSpace='rgb', contrast=1.0, depth=-1.0, flipHoriz=False, flipVert=False, image='img/leftArrow.png', interpolate=True, mask=None, maskParams=None, name='instructInconLeft_centerImg', opacity=1.0, ori=0.0, pos=array([ 0. , -0.3]), size=array([0.02, 0.02]), texRes=512, units='height', win=Window(...))
13.4172 	EXP 	Created instructInconLeft_rightImg1 = ImageStim(__class__=<class 'psychopy.visual.image.ImageStim'>, anchor=('center', 'center'), autoLog=True, color=array([1., 1., 1.]), colorSpace='rgb', contrast=1.0, depth=-2.0, flipHoriz=False, flipVert=False, image='img/rightArrow.png', interpolate=True, mask=None, maskParams=None, name='instructInconLeft_rightImg1', opacity=1.0, ori=0.0, pos=array([ 0.03, -0.3 ]), size=array([0.02, 0.02]), texRes=512, units='height', win=Window(...))
13.4640 	EXP 	Created instructInconLeft_leftImg1 = ImageStim(__class__=<class 'psychopy.visual.image.ImageStim'>, anchor=('center', 'center'), autoLog=True, color=array([1., 1., 1.]), colorSpace='rgb', contrast=1.0, depth=-3.0, flipHoriz=False, flipVert=False, image='img/rightArrow.png', interpolate=True, mask=None, maskParams=None, name='instructInconLeft_leftImg1', opacity=1.0, ori=0.0, pos=array([-0.03, -0.3 ]), size=array([0.02, 0.02]), texRes=512, units='height', win=Window(...))
13.4640 	INFO 	keyboard.Keyboard is using iohub backend.
13.4901 	EXP 	Created prac_blockText = TextStim(__class__=<class 'psychopy.visual.text.TextStim'>, alignHoriz=method-wrapper(...), alignText='center', alignVert=method-wrapper(...), anchorHoriz='center', anchorVert='center', antialias=True, autoDraw=False, autoLog=True, bold=False, color=array([1., 1., 1.]), colorSpace='rgb', contrast=1.0, depth=-1.0, flipHoriz=False, flipVert=False, font='Arial', fontFiles=[], height=0.06, italic=False, languageStyle='LTR', name='prac_blockText', opacity=1.0, ori=0.0, pos=array([0. , 0.3]), rgb=UNKNOWN, text='Practice', units='height', win=Window(...), wrapWidth=1.3)
13.5068 	EXP 	Created prac_reminder_text = TextStim(__class__=<class 'psychopy.visual.text.TextStim'>, alignHoriz=method-wrapper(...), alignText='center', alignVert=method-wrapper(...), anchorHoriz='center', anchorVert='center', antialias=True, autoDraw=False, autoLog=True, bold=False, color=array([1., 1., 1.]), colorSpace='rgb', contrast=1.0, depth=-2.0, flipHoriz=False, flipVert=False, font='Arial', fontFiles=[], height=0.04, italic=False, languageStyle='LTR', name='prac_reminder_text', opacity=1.0, ori=0, pos=array([0., 0.]), rgb=UNKNOWN, text=str(...), units='height', win=Window(...), wrapWidth=1.3)
13.5068 	INFO 	keyboard.Keyboard is using iohub backend.
13.5118 	EXP 	Created initFixation_img = ImageStim(__class__=<class 'psychopy.visual.image.ImageStim'>, anchor=('center', 'center'), autoLog=True, color=array([1., 1., 1.]), colorSpace='rgb', contrast=1.0, depth=0.0, flipHoriz=False, flipVert=False, image='sin', interpolate=True, mask=None, maskParams=None, name='initFixation_img', opacity=1.0, ori=0.0, pos=array([ 0.   , -0.015]), size=array([0.26, 0.22]), texRes=512, units='height', win=Window(...))
13.5167 	EXP 	Created bigFace = ImageStim(__class__=<class 'psychopy.visual.image.ImageStim'>, anchor=('center', 'center'), autoLog=True, color=array([1., 1., 1.]), colorSpace='rgb', contrast=1.0, depth=-1.0, flipHoriz=False, flipVert=False, image='sin', interpolate=True, mask=None, maskParams=None, name='bigFace', opacity=0.85, ori=0.0, pos=array([0., 0.]), size=array([0.4267, 0.3   ]), texRes=128.0, units='height', win=Window(...))
13.5216 	EXP 	Created cover_background_2 = ImageStim(__class__=<class 'psychopy.visual.image.ImageStim'>, anchor=('center', 'center'), autoLog=True, color=array([1., 1., 1.]), colorSpace='rgb', contrast=1.0, depth=-2.0, flipHoriz=False, flipVert=False, image='sin', interpolate=True, mask=None, maskParams=None, name='cover_background_2', opacity=1.0, ori=0.0, pos=array([ 0.   , -0.015]), size=array([0.26, 0.22]), texRes=128.0, units='height', win=Window(...))
13.5260 	EXP 	Created prac_centerImg = ImageStim(__class__=<class 'psychopy.visual.image.ImageStim'>, anchor=('center', 'center'), autoLog=True, color=array([1., 1., 1.]), colorSpace='rgb', contrast=1.0, depth=-3.0, flipHoriz=False, flipVert=False, image='sin', interpolate=True, mask=None, maskParams=None, name='prac_centerImg', opacity=1.0, ori=0.0, pos=array([0., 0.]), size=array([1., 1.]), texRes=512, units='height', win=Window(...))
13.5315 	EXP 	Created prac_rightImg1 = ImageStim(__class__=<class 'psychopy.visual.image.ImageStim'>, anchor=('center', 'center'), autoLog=True, color=array([1., 1., 1.]), colorSpace='rgb', contrast=1.0, depth=-4.0, flipHoriz=False, flipVert=False, image='sin', interpolate=True, mask=None, maskParams=None, name='prac_rightImg1', opacity=1.0, ori=0.0, pos=array([0., 0.]), size=array([1., 1.]), texRes=512, units='height', win=Window(...))
13.5366 	EXP 	Created prac_rightImg2 = ImageStim(__class__=<class 'psychopy.visual.image.ImageStim'>, anchor=('center', 'center'), autoLog=True, color=array([1., 1., 1.]), colorSpace='rgb', contrast=1.0, depth=-5.0, flipHoriz=False, flipVert=False, image='sin', interpolate=True, mask=None, maskParams=None, name='prac_rightImg2', opacity=1.0, ori=0.0, pos=array([0., 0.]), size=array([1., 1.]), texRes=512, units='height', win=Window(...))
13.5417 	EXP 	Created prac_leftImg1 = ImageStim(__class__=<class 'psychopy.visual.image.ImageStim'>, anchor=('center', 'center'), autoLog=True, color=array([1., 1., 1.]), colorSpace='rgb', contrast=1.0, depth=-6.0, flipHoriz=False, flipVert=False, image='sin', interpolate=True, mask=None, maskParams=None, name='prac_leftImg1', opacity=1.0, ori=0.0, pos=array([0., 0.]), size=array([1., 1.]), texRes=512, units='height', win=Window(...))
13.5468 	EXP 	Created prac_leftImg2 = ImageStim(__class__=<class 'psychopy.visual.image.ImageStim'>, anchor=('center', 'center'), autoLog=True, color=array([1., 1., 1.]), colorSpace='rgb', contrast=1.0, depth=-7.0, flipHoriz=False, flipVert=False, image='sin', interpolate=True, mask=None, maskParams=None, name='prac_leftImg2', opacity=1.0, ori=0.0, pos=array([0., 0.]), size=array([1., 1.]), texRes=512, units='height', win=Window(...))
13.5526 	EXP 	Created prac_fixImg = ImageStim(__class__=<class 'psychopy.visual.image.ImageStim'>, anchor=('center', 'center'), autoLog=True, color=array([1., 1., 1.]), colorSpace='rgb', contrast=1.0, depth=-8.0, flipHoriz=False, flipVert=False, image='sin', interpolate=True, mask=None, maskParams=None, name='prac_fixImg', opacity=1.0, ori=0.0, pos=array([ 0.   , -0.015]), size=array([0.26, 0.22]), texRes=512, units='height', win=Window(...))
13.5526 	INFO 	keyboard.Keyboard is using iohub backend.
13.5539 	EXP 	Created prac_blockFeed_text = TextStim(__class__=<class 'psychopy.visual.text.TextStim'>, alignHoriz=method-wrapper(...), alignText='center', alignVert=method-wrapper(...), anchorHoriz='center', anchorVert='center', antialias=True, autoDraw=False, autoLog=True, bold=False, color=array([1., 1., 1.]), colorSpace='rgb', contrast=1.0, depth=-1.0, flipHoriz=False, flipVert=False, font='Arial', fontFiles=[], height=0.04, italic=False, languageStyle='LTR', name='prac_blockFeed_text', opacity=1.0, ori=0, pos=array([0., 0.]), rgb=UNKNOWN, text='', units='height', win=Window(...), wrapWidth=1.3)
13.5579 	EXP 	Created prac_pressContinue = TextStim(__class__=<class 'psychopy.visual.text.TextStim'>, alignHoriz=method-wrapper(...), alignText='center', alignVert=method-wrapper(...), anchorHoriz='center', anchorVert='center', antialias=True, autoDraw=False, autoLog=True, bold=False, color=array([1., 1., 1.]), colorSpace='rgb', contrast=1.0, depth=-2.0, flipHoriz=False, flipVert=False, font='Arial', fontFiles=[], height=0.04, italic=False, languageStyle='LTR', name='prac_pressContinue', opacity=1.0, ori=0.0, pos=array([ 0. , -0.3]), rgb=UNKNOWN, text='Press the right key', units='height', win=Window(...), wrapWidth=1.3)
13.5579 	INFO 	keyboard.Keyboard is using iohub backend.
13.5593 	EXP 	Created task_blockText = TextStim(__class__=<class 'psychopy.visual.text.TextStim'>, alignHoriz=method-wrapper(...), alignText='center', alignVert=method-wrapper(...), anchorHoriz='center', anchorVert='center', antialias=True, autoDraw=False, autoLog=True, bold=False, color=array([1., 1., 1.]), colorSpace='rgb', contrast=1.0, depth=-1.0, flipHoriz=False, flipVert=False, font='Arial', fontFiles=[], height=0.06, italic=False, languageStyle='LTR', name='task_blockText', opacity=1.0, ori=0.0, pos=array([0. , 0.3]), rgb=UNKNOWN, text='', units='height', win=Window(...), wrapWidth=1.3)
13.5708 	EXP 	Created task_blockReminders_text = TextStim(__class__=<class 'psychopy.visual.text.TextStim'>, alignHoriz=method-wrapper(...), alignText='center', alignVert=method-wrapper(...), anchorHoriz='center', anchorVert='center', antialias=True, autoDraw=False, autoLog=True, bold=False, color=array([1., 1., 1.]), colorSpace='rgb', contrast=1.0, depth=-2.0, flipHoriz=False, flipVert=False, font='Arial', fontFiles=[], height=0.04, italic=False, languageStyle='LTR', name='task_blockReminders_text', opacity=1.0, ori=0, pos=array([0., 0.]), rgb=UNKNOWN, text=str(...), units='height', win=Window(...), wrapWidth=1.3)
13.5709 	INFO 	keyboard.Keyboard is using iohub backend.
13.5753 	EXP 	Created initFixation_img = ImageStim(__class__=<class 'psychopy.visual.image.ImageStim'>, anchor=('center', 'center'), autoLog=True, color=array([1., 1., 1.]), colorSpace='rgb', contrast=1.0, depth=0.0, flipHoriz=False, flipVert=False, image='sin', interpolate=True, mask=None, maskParams=None, name='initFixation_img', opacity=1.0, ori=0.0, pos=array([ 0.   , -0.015]), size=array([0.26, 0.22]), texRes=512, units='height', win=Window(...))
13.5803 	EXP 	Created bigFace_2 = ImageStim(__class__=<class 'psychopy.visual.image.ImageStim'>, anchor=('center', 'center'), autoLog=True, color=array([1., 1., 1.]), colorSpace='rgb', contrast=1.0, depth=-1.0, flipHoriz=False, flipVert=False, image='sin', interpolate=True, mask=None, maskParams=None, name='bigFace_2', opacity=0.85, ori=0.0, pos=array([0., 0.]), size=array([0.4267, 0.3   ]), texRes=128.0, units='height', win=Window(...))
13.6607 	EXP 	Created cover_background = ImageStim(__class__=<class 'psychopy.visual.image.ImageStim'>, anchor=('center', 'center'), autoLog=True, color=array([1., 1., 1.]), colorSpace='rgb', contrast=1.0, depth=-2.0, flipHoriz=False, flipVert=False, image='img/cover_background.png', interpolate=True, mask=None, maskParams=None, name='cover_background', opacity=1.0, ori=0.0, pos=array([ 0.   , -0.015]), size=array([0.26, 0.22]), texRes=128.0, units='height', win=Window(...))
13.6656 	EXP 	Created task_centerImg = ImageStim(__class__=<class 'psychopy.visual.image.ImageStim'>, anchor=('center', 'center'), autoLog=True, color=array([1., 1., 1.]), colorSpace='rgb', contrast=1.0, depth=-3.0, flipHoriz=False, flipVert=False, image='sin', interpolate=True, mask=None, maskParams=None, name='task_centerImg', opacity=1.0, ori=0.0, pos=array([0., 0.]), size=array([1., 1.]), texRes=512, units='height', win=Window(...))
13.6705 	EXP 	Created task_rightImg1 = ImageStim(__class__=<class 'psychopy.visual.image.ImageStim'>, anchor=('center', 'center'), autoLog=True, color=array([1., 1., 1.]), colorSpace='rgb', contrast=1.0, depth=-4.0, flipHoriz=False, flipVert=False, image='sin', interpolate=True, mask=None, maskParams=None, name='task_rightImg1', opacity=1.0, ori=0.0, pos=array([0., 0.]), size=array([1., 1.]), texRes=512, units='height', win=Window(...))
13.6753 	EXP 	Created task_rightImg2 = ImageStim(__class__=<class 'psychopy.visual.image.ImageStim'>, anchor=('center', 'center'), autoLog=True, color=array([1., 1., 1.]), colorSpace='rgb', contrast=1.0, depth=-5.0, flipHoriz=False, flipVert=False, image='sin', interpolate=True, mask=None, maskParams=None, name='task_rightImg2', opacity=1.0, ori=0.0, pos=array([0., 0.]), size=array([1., 1.]), texRes=512, units='height', win=Window(...))
13.6803 	EXP 	Created task_leftImg1 = ImageStim(__class__=<class 'psychopy.visual.image.ImageStim'>, anchor=('center', 'center'), autoLog=True, color=array([1., 1., 1.]), colorSpace='rgb', contrast=1.0, depth=-6.0, flipHoriz=False, flipVert=False, image='sin', interpolate=True, mask=None, maskParams=None, name='task_leftImg1', opacity=1.0, ori=0.0, pos=array([0., 0.]), size=array([1., 1.]), texRes=512, units='height', win=Window(...))
13.6848 	EXP 	Created task_leftImg2 = ImageStim(__class__=<class 'psychopy.visual.image.ImageStim'>, anchor=('center', 'center'), autoLog=True, color=array([1., 1., 1.]), colorSpace='rgb', contrast=1.0, depth=-7.0, flipHoriz=False, flipVert=False, image='sin', interpolate=True, mask=None, maskParams=None, name='task_leftImg2', opacity=1.0, ori=0.0, pos=array([0., 0.]), size=array([1., 1.]), texRes=512, units='height', win=Window(...))
13.6896 	EXP 	Created task_fixImg = ImageStim(__class__=<class 'psychopy.visual.image.ImageStim'>, anchor=('center', 'center'), autoLog=True, color=array([1., 1., 1.]), colorSpace='rgb', contrast=1.0, depth=-8.0, flipHoriz=False, flipVert=False, image='sin', interpolate=True, mask=None, maskParams=None, name='task_fixImg', opacity=1.0, ori=0.0, pos=array([ 0.   , -0.015]), size=array([0.26, 0.22]), texRes=512, units='height', win=Window(...))
13.6897 	INFO 	keyboard.Keyboard is using iohub backend.
13.6917 	EXP 	Created task_blockFeed_text = TextStim(__class__=<class 'psychopy.visual.text.TextStim'>, alignHoriz=method-wrapper(...), alignText='center', alignVert=method-wrapper(...), anchorHoriz='center', anchorVert='center', antialias=True, autoDraw=False, autoLog=True, bold=False, color=array([1., 1., 1.]), colorSpace='rgb', contrast=1.0, depth=-1.0, flipHoriz=False, flipVert=False, font='Arial', fontFiles=[], height=0.12, italic=False, languageStyle='LTR', name='task_blockFeed_text', opacity=1.0, ori=0, pos=array([0. , 0.1]), rgb=UNKNOWN, text='', units='height', win=Window(...), wrapWidth=1.8)
13.6929 	EXP 	Created task_blockFeed_text2 = TextStim(__class__=<class 'psychopy.visual.text.TextStim'>, alignHoriz=method-wrapper(...), alignText='center', alignVert=method-wrapper(...), anchorHoriz='center', anchorVert='center', antialias=True, autoDraw=False, autoLog=True, bold=False, color=array([1., 1., 1.]), colorSpace='rgb', contrast=1.0, depth=-2.0, flipHoriz=False, flipVert=False, font='Arial', fontFiles=[], height=0.04, italic=False, languageStyle='LTR', name='task_blockFeed_text2', opacity=1.0, ori=0, pos=array([ 0. , -0.3]), rgb=UNKNOWN, text='', units='height', win=Window(...), wrapWidth=1.3)
13.6929 	INFO 	keyboard.Keyboard is using iohub backend.
13.7043 	EXP 	Created fix = TextStim(__class__=<class 'psychopy.visual.text.TextStim'>, alignHoriz=method-wrapper(...), alignText='center', alignVert=method-wrapper(...), anchorHoriz='center', anchorVert='center', antialias=True, autoDraw=False, autoLog=True, bold=False, color=array([1., 1., 1.]), colorSpace='rgb', contrast=1.0, depth=0.0, flipHoriz=False, flipVert=False, font='Open Sans', fontFiles=[], height=0.1, italic=False, languageStyle='LTR', name='fix', opacity=1.0, ori=0.0, pos=array([0., 0.]), rgb=UNKNOWN, text='+', units='height', win=Window(...), wrapWidth=1)
13.7291 	EXP 	Created errorNumbers_text_2 = TextStim(__class__=<class 'psychopy.visual.text.TextStim'>, alignHoriz=method-wrapper(...), alignText='center', alignVert=method-wrapper(...), anchorHoriz='center', anchorVert='center', antialias=True, autoDraw=False, autoLog=True, bold=False, color=array([1., 1., 1.]), colorSpace='rgb', contrast=1.0, depth=-1.0, flipHoriz=False, flipVert=False, font='Open Sans', fontFiles=[], height=0.03, italic=False, languageStyle='LTR', name='errorNumbers_text_2', opacity=1.0, ori=0.0, pos=array([0.  , 0.12]), rgb=UNKNOWN, text=str(...), units='height', win=Window(...), wrapWidth=1)
13.7501 	INFO 	keyboard.Keyboard is using iohub backend.
13.7658 	EXP 	Created botherRate_text = TextStim(__class__=<class 'psychopy.visual.text.TextStim'>, alignHoriz=method-wrapper(...), alignText='center', alignVert=method-wrapper(...), anchorHoriz='center', anchorVert='center', antialias=True, autoDraw=False, autoLog=True, bold=False, color=array([1., 1., 1.]), colorSpace='rgb', contrast=1.0, depth=-1.0, flipHoriz=False, flipVert=False, font='Open Sans', fontFiles=[], height=0.03, italic=False, languageStyle='LTR', name='botherRate_text', opacity=1.0, ori=0.0, pos=array([0.  , 0.12]), rgb=UNKNOWN, text=str(...), units='height', win=Window(...), wrapWidth=1)
13.7809 	INFO 	keyboard.Keyboard is using iohub backend.
13.8114 	EXP 	Created instruct_surprise1 = TextStim(__class__=<class 'psychopy.visual.text.TextStim'>, alignHoriz=method-wrapper(...), alignText='center', alignVert=method-wrapper(...), anchorHoriz='center', anchorVert='center', antialias=True, autoDraw=False, autoLog=True, bold=False, color=array([1., 1., 1.]), colorSpace='rgb', contrast=1.0, depth=0.0, flipHoriz=False, flipVert=False, font='Open Sans', fontFiles=[], height=0.04, italic=False, languageStyle='LTR', name='instruct_surprise1', opacity=1.0, ori=0.0, pos=array([0., 0.]), rgb=UNKNOWN, text=str(...), units='height', win=Window(...), wrapWidth=1)
13.8114 	INFO 	keyboard.Keyboard is using iohub backend.
13.8127 	EXP 	Created instructMainTask_text = TextStim(__class__=<class 'psychopy.visual.text.TextStim'>, alignHoriz=method-wrapper(...), alignText='center', alignVert=method-wrapper(...), anchorHoriz='center', anchorVert='center', antialias=True, autoDraw=False, autoLog=True, bold=False, color=array([1., 1., 1.]), colorSpace='rgb', contrast=1.0, depth=0.0, flipHoriz=False, flipVert=False, font='Arial', fontFiles=[], height=0.04, italic=False, languageStyle='LTR', name='instructMainTask_text', opacity=1.0, ori=0, pos=array([0., 0.]), rgb=UNKNOWN, text='', units='height', win=Window(...), wrapWidth=1.3)
13.8127 	INFO 	keyboard.Keyboard is using iohub backend.
13.8159 	EXP 	Created stimulus = ImageStim(__class__=<class 'psychopy.visual.image.ImageStim'>, anchor=('center', 'center'), autoLog=True, color=array([1., 1., 1.]), colorSpace='rgb', contrast=1.0, depth=0.0, flipHoriz=False, flipVert=False, image='sin', interpolate=True, mask=None, maskParams=None, name='stimulus', opacity=1.0, ori=0.0, pos=array([0. , 0.2]), size=array([0.71116667, 0.5       ]), texRes=128.0, units='height', win=Window(...))
13.8177 	EXP 	Created instructsurpA1_right = TextStim(__class__=<class 'psychopy.visual.text.TextStim'>, alignHoriz=method-wrapper(...), alignText='center', alignVert=method-wrapper(...), anchorHoriz='center', anchorVert='center', antialias=True, autoDraw=False, autoLog=True, bold=False, color=array([1., 1., 1.]), colorSpace='rgb', contrast=1.0, depth=-1.0, flipHoriz=False, flipVert=False, font='Open Sans', fontFiles=[], height=0.025, italic=False, languageStyle='LTR', name='instructsurpA1_right', opacity=1.0, ori=0.0, pos=array([0., 0.]), rgb=UNKNOWN, text='', units='height', win=Window(...), wrapWidth=1)
13.8189 	EXP 	Created instructsurpA2_left = TextStim(__class__=<class 'psychopy.visual.text.TextStim'>, alignHoriz=method-wrapper(...), alignText='center', alignVert=method-wrapper(...), anchorHoriz='center', anchorVert='center', antialias=True, autoDraw=False, autoLog=True, bold=False, color=array([1., 1., 1.]), colorSpace='rgb', contrast=1.0, depth=-2.0, flipHoriz=False, flipVert=False, font='Open Sans', fontFiles=[], height=0.025, italic=False, languageStyle='LTR', name='instructsurpA2_left', opacity=1.0, ori=0.0, pos=array([-0.6 , -0.03]), rgb=UNKNOWN, text='', units='height', win=Window(...), wrapWidth=1)
13.8190 	INFO 	keyboard.Keyboard is using iohub backend.
13.8310 	EXP 	Created instruct_surprise1_2 = TextStim(__class__=<class 'psychopy.visual.text.TextStim'>, alignHoriz=method-wrapper(...), alignText='center', alignVert=method-wrapper(...), anchorHoriz='center', anchorVert='center', antialias=True, autoDraw=False, autoLog=True, bold=False, color=array([1., 1., 1.]), colorSpace='rgb', contrast=1.0, depth=0.0, flipHoriz=False, flipVert=False, font='Open Sans', fontFiles=[], height=0.04, italic=False, languageStyle='LTR', name='instruct_surprise1_2', opacity=1.0, ori=0.0, pos=array([0., 0.]), rgb=UNKNOWN, text=str(...), units='height', win=Window(...), wrapWidth=1)
13.8310 	INFO 	keyboard.Keyboard is using iohub backend.
13.8321 	EXP 	Created instructMainTask_text_2 = TextStim(__class__=<class 'psychopy.visual.text.TextStim'>, alignHoriz=method-wrapper(...), alignText='center', alignVert=method-wrapper(...), anchorHoriz='center', anchorVert='center', antialias=True, autoDraw=False, autoLog=True, bold=False, color=array([1., 1., 1.]), colorSpace='rgb', contrast=1.0, depth=0.0, flipHoriz=False, flipVert=False, font='Arial', fontFiles=[], height=0.04, italic=False, languageStyle='LTR', name='instructMainTask_text_2', opacity=1.0, ori=0, pos=array([0., 0.]), rgb=UNKNOWN, text='', units='height', win=Window(...), wrapWidth=1.3)
13.8322 	INFO 	keyboard.Keyboard is using iohub backend.
13.8353 	EXP 	Created stimulus12 = ImageStim(__class__=<class 'psychopy.visual.image.ImageStim'>, anchor=('center', 'center'), autoLog=True, color=array([1., 1., 1.]), colorSpace='rgb', contrast=1.0, depth=0.0, flipHoriz=False, flipVert=False, image='sin', interpolate=True, mask=None, maskParams=None, name='stimulus12', opacity=1.0, ori=0.0, pos=array([0. , 0.2]), size=array([0.71116667, 0.5       ]), texRes=128.0, units='height', win=Window(...))
13.8365 	EXP 	Created instructsurpA1_right_2 = TextStim(__class__=<class 'psychopy.visual.text.TextStim'>, alignHoriz=method-wrapper(...), alignText='center', alignVert=method-wrapper(...), anchorHoriz='center', anchorVert='center', antialias=True, autoDraw=False, autoLog=True, bold=False, color=array([1., 1., 1.]), colorSpace='rgb', contrast=1.0, depth=-1.0, flipHoriz=False, flipVert=False, font='Open Sans', fontFiles=[], height=0.025, italic=False, languageStyle='LTR', name='instructsurpA1_right_2', opacity=1.0, ori=0.0, pos=array([0., 0.]), rgb=UNKNOWN, text='', units='height', win=Window(...), wrapWidth=1)
13.8376 	EXP 	Created instructsurpA2_left_2 = TextStim(__class__=<class 'psychopy.visual.text.TextStim'>, alignHoriz=method-wrapper(...), alignText='center', alignVert=method-wrapper(...), anchorHoriz='center', anchorVert='center', antialias=True, autoDraw=False, autoLog=True, bold=False, color=array([1., 1., 1.]), colorSpace='rgb', contrast=1.0, depth=-2.0, flipHoriz=False, flipVert=False, font='Open Sans', fontFiles=[], height=0.025, italic=False, languageStyle='LTR', name='instructsurpA2_left_2', opacity=1.0, ori=0.0, pos=array([-0.6 , -0.03]), rgb=UNKNOWN, text='', units='height', win=Window(...), wrapWidth=1)
13.8377 	INFO 	keyboard.Keyboard is using iohub backend.
13.8481 	EXP 	Created finishMessage_text = TextStim(__class__=<class 'psychopy.visual.text.TextStim'>, alignHoriz=method-wrapper(...), alignText='center', alignVert=method-wrapper(...), anchorHoriz='center', anchorVert='center', antialias=True, autoDraw=False, autoLog=True, bold=False, color=array([1., 1., 1.]), colorSpace='rgb', contrast=1.0, depth=0.0, flipHoriz=False, flipVert=False, font='Arial', fontFiles=[], height=0.04, italic=False, languageStyle='LTR', name='finishMessage_text', opacity=1.0, ori=0, pos=array([0., 0.]), rgb=UNKNOWN, text='Thank you for your participation!', units='height', win=Window(...), wrapWidth=1.3)
13.8576 	EXP 	textbox_2: autoLog = True
13.8576 	EXP 	textbox_3: autoLog = True
13.8576 	EXP 	welcome_text: autoDraw = True
14.8425 	DATA 	Keypress: 8
14.8468 	DEBUG 	TextBox2 loaded 1 chars with 0 blanks and 1 valid
14.8471 	DEBUG 	Uploading Texture Font fontname to graphics card
14.8555 	DEBUG 	Upload of Texture Font fontname complete
14.8622 	EXP 	welcome_text: autoDraw = False
14.8622 	EXP 	instructRight_text: autoDraw = True
14.8622 	EXP 	instructRight_centerImg: autoDraw = True
14.8622 	EXP 	instructRight_rightImg1: autoDraw = True
14.8622 	EXP 	instructRight_leftImg1: autoDraw = True
15.5854 	DATA 	Keypress: 8
15.5982 	EXP 	instructRight_text: autoDraw = False
15.5982 	EXP 	instructRight_centerImg: autoDraw = False
15.5982 	EXP 	instructRight_rightImg1: autoDraw = False
15.5982 	EXP 	instructRight_leftImg1: autoDraw = False
15.5982 	EXP 	instructLeft_text: autoDraw = True
15.5982 	EXP 	instructLeft_centerImg: autoDraw = True
15.5982 	EXP 	instructLeft_rightImg1: autoDraw = True
15.5982 	EXP 	instructLeft_leftImg1: autoDraw = True
15.8191 	DATA 	Keypress: 1
15.8228 	DEBUG 	TextBox2 loaded 1 chars with 0 blanks and 1 valid
15.8231 	DEBUG 	Uploading Texture Font fontname to graphics card
15.8250 	DEBUG 	Upload of Texture Font fontname complete
15.8349 	EXP 	instructLeft_text: autoDraw = False
15.8349 	EXP 	instructLeft_centerImg: autoDraw = False
15.8349 	EXP 	instructLeft_rightImg1: autoDraw = False
15.8349 	EXP 	instructLeft_leftImg1: autoDraw = False
15.8349 	EXP 	instructInconRight_text: autoDraw = True
15.8349 	EXP 	instructIncon_centerImg: autoDraw = True
15.8349 	EXP 	instructIncon_rightImg1: autoDraw = True
15.8349 	EXP 	instructIncon_leftImg1: autoDraw = True
16.0357 	DATA 	Keypress: 8
16.0482 	EXP 	instructInconRight_text: autoDraw = False
16.0482 	EXP 	instructIncon_centerImg: autoDraw = False
16.0482 	EXP 	instructIncon_rightImg1: autoDraw = False
16.0482 	EXP 	instructIncon_leftImg1: autoDraw = False
16.0482 	EXP 	instructInconLeft_text: autoDraw = True
16.0482 	EXP 	instructInconLeft_centerImg: autoDraw = True
16.0482 	EXP 	instructInconLeft_rightImg1: autoDraw = True
16.0482 	EXP 	instructInconLeft_leftImg1: autoDraw = True
16.4668 	DEBUG 	Read csv file with pandas: blockSelect_practice.csv
16.4677 	DEBUG 	Clearing unnamed columns from blockSelect_practice.csv
16.4679 	EXP 	Imported blockSelect_practice.csv as conditions, 1 conditions, 1 params
16.4682 	EXP 	Created sequence: random, trialTypes=1, nReps=0, seed=None
16.4704 	DEBUG 	Read csv file with pandas: blockSelect.csv
16.4711 	DEBUG 	Clearing unnamed columns from blockSelect.csv
16.4713 	EXP 	Imported blockSelect.csv as conditions, 5 conditions, 1 params
16.4716 	EXP 	Created sequence: random, trialTypes=5, nReps=0, seed=None
16.4719 	DATA 	Keypress: 1
16.4798 	EXP 	instructInconLeft_text: autoDraw = False
16.4798 	EXP 	instructInconLeft_centerImg: autoDraw = False
16.4798 	EXP 	instructInconLeft_rightImg1: autoDraw = False
16.4798 	EXP 	instructInconLeft_leftImg1: autoDraw = False
16.4798 	EXP 	fix: autoDraw = True
16.9797 	EXP 	fix: autoDraw = False
16.9797 	EXP 	fix: autoDraw = False
16.9797 	EXP 	errorNumbers_text_2: autoDraw = True
16.9797 	EXP 	textbox_2: autoDraw = True
17.8161 	DATA 	Keypress: space
17.8178 	DEBUG 	TextBox2 loaded 1 chars with 0 blanks and 1 valid
17.8198 	DEBUG 	TextBox2 loaded 1 chars with 0 blanks and 1 valid
17.8201 	DEBUG 	Uploading Texture Font fontname to graphics card
17.8209 	DEBUG 	Upload of Texture Font fontname complete
17.8467 	EXP 	errorNumbers_text_2: autoDraw = False
17.8467 	EXP 	textbox_2: autoDraw = False
17.8467 	EXP 	botherRate_text: autoDraw = True
17.8467 	EXP 	textbox_3: autoDraw = True
18.2328 	DATA 	Keypress: space
18.2468 	EXP 	botherRate_text: autoDraw = False
18.2468 	EXP 	textbox_3: autoDraw = False
18.2468 	EXP 	instruct_surprise1: autoDraw = True
18.8824 	DATA 	Keypress: space
19.1991 	DEBUG 	Read excel file with openpyxl: surpriseBlock_select_A.xlsx
19.1994 	EXP 	Imported surpriseBlock_select_A.xlsx as conditions, 2 conditions, 5 params
19.1998 	EXP 	Created sequence: sequential, trialTypes=2, nReps=1, seed=None
19.2000 	EXP 	New trial (rep=0, index=0): {'whichSurpriseBlock': 'a_halfV_surpriseTable1.csv', 'instructsurpA1': 'OLD - Right Key', 'instructsurpA2': 'NEW - Left Key', 'newKey': 'left', 'taskTextSource': 'In this round, press Right key when the face is OLD and the left key when it is new.\n\nTo get ready, rest your right and left index fingers on the right and left buttons, then press the right button when you are ready to begin.'}
19.2161 	DATA 	Keypress: 8
19.2195 	EXP 	instruct_surprise1: autoDraw = False
19.2195 	EXP 	instructMainTask_text: height = 0.04
19.2195 	EXP 	instructMainTask_text: height = 0.04
19.2195 	EXP 	instructMainTask_text: height = 0.04
19.2195 	EXP 	instructMainTask_text: text = 'In this round, press Right key when the face is OLD and the left key when it is new.\n\nTo get ready, rest your right and left index fingers on the right and left buttons, then press the right button when you are ready to begin.'
19.2195 	EXP 	instructMainTask_text: autoDraw = True
19.6891 	DEBUG 	Read csv file with pandas: a_halfV_surpriseTable1.csv
19.6902 	DEBUG 	Clearing unnamed columns from a_halfV_surpriseTable1.csv
19.6919 	EXP 	Imported a_halfV_surpriseTable1.csv as conditions, 120 conditions, 2 params
19.6927 	EXP 	Created sequence: random, trialTypes=120, nReps=1, seed=None
19.6929 	EXP 	New trial (rep=0, index=0): OrderedDict([('surpriseFaces', 'img/neutralC/CFD-WF-244-163-N.jpg'), ('new', 1)])
19.8551 	DATA 	Keypress: 8
19.8641 	EXP 	instructMainTask_text: autoDraw = False
19.8641 	EXP 	stimulus: image = 'img/neutralC/CFD-WF-244-163-N.jpg'
19.8641 	EXP 	instructsurpA1_right: height = 0.025
19.8641 	EXP 	instructsurpA1_right: height = 0.025
19.8641 	EXP 	instructsurpA1_right: height = 0.025
19.8641 	EXP 	instructsurpA1_right: text = 'OLD - Right Key'
19.8641 	EXP 	instructsurpA2_left: height = 0.025
19.8641 	EXP 	instructsurpA2_left: height = 0.025
19.8641 	EXP 	instructsurpA2_left: height = 0.025
19.8641 	EXP 	instructsurpA2_left: text = 'NEW - Left Key'
19.8641 	EXP 	stimulus: autoDraw = True
19.8641 	EXP 	instructsurpA1_right: autoDraw = True
19.8641 	EXP 	instructsurpA2_left: autoDraw = True
21.9165 	EXP 	New trial (rep=0, index=1): OrderedDict([('surpriseFaces', 'img/neutralC/CFD-LM-227-103-N.jpg'), ('new', 0)])
22.0129 	DATA 	Keypress: 8
22.0215 	EXP 	stimulus: autoDraw = False
22.0215 	EXP 	instructsurpA1_right: autoDraw = False
22.0215 	EXP 	instructsurpA2_left: autoDraw = False
22.0215 	EXP 	stimulus: image = 'img/neutralC/CFD-LM-227-103-N.jpg'
22.0215 	EXP 	instructsurpA1_right: text = 'OLD - Right Key'
22.0215 	EXP 	instructsurpA2_left: text = 'NEW - Left Key'
22.0215 	EXP 	stimulus: autoDraw = True
22.0215 	EXP 	instructsurpA1_right: autoDraw = True
22.0215 	EXP 	instructsurpA2_left: autoDraw = True
22.5170 	EXP 	New trial (rep=0, index=2): OrderedDict([('surpriseFaces', 'img/neutralC/CFD-WM-237-052-N.jpg'), ('new', 0)])
22.6204 	DATA 	Keypress: 8
22.6294 	EXP 	stimulus: autoDraw = False
22.6294 	EXP 	instructsurpA1_right: autoDraw = False
22.6294 	EXP 	instructsurpA2_left: autoDraw = False
22.6294 	EXP 	stimulus: image = 'img/neutralC/CFD-WM-237-052-N.jpg'
22.6294 	EXP 	instructsurpA1_right: text = 'OLD - Right Key'
22.6294 	EXP 	instructsurpA2_left: text = 'NEW - Left Key'
22.6294 	EXP 	stimulus: autoDraw = True
22.6294 	EXP 	instructsurpA1_right: autoDraw = True
22.6294 	EXP 	instructsurpA2_left: autoDraw = True
23.0497 	EXP 	New trial (rep=0, index=3): OrderedDict([('surpriseFaces', 'img/neutralC/CFD-LF-225-164-N.jpg'), ('new', 0)])
23.1604 	DATA 	Keypress: 8
23.1691 	EXP 	stimulus: autoDraw = False
23.1691 	EXP 	instructsurpA1_right: autoDraw = False
23.1691 	EXP 	instructsurpA2_left: autoDraw = False
23.1691 	EXP 	stimulus: image = 'img/neutralC/CFD-LF-225-164-N.jpg'
23.1691 	EXP 	instructsurpA1_right: text = 'OLD - Right Key'
23.1691 	EXP 	instructsurpA2_left: text = 'NEW - Left Key'
23.1691 	EXP 	stimulus: autoDraw = True
23.1691 	EXP 	instructsurpA1_right: autoDraw = True
23.1691 	EXP 	instructsurpA2_left: autoDraw = True
23.5007 	DATA 	Keypress: 8
23.5158 	EXP 	New trial (rep=0, index=4): OrderedDict([('surpriseFaces', 'img/neutralC/CFD-BM-230-232-N.jpg'), ('new', 1)])
23.6241 	EXP 	stimulus: autoDraw = False
23.6241 	EXP 	instructsurpA1_right: autoDraw = False
23.6241 	EXP 	instructsurpA2_left: autoDraw = False
23.6241 	EXP 	stimulus: image = 'img/neutralC/CFD-BM-230-232-N.jpg'
23.6241 	EXP 	instructsurpA1_right: text = 'OLD - Right Key'
23.6241 	EXP 	instructsurpA2_left: text = 'NEW - Left Key'
23.6241 	EXP 	stimulus: autoDraw = True
23.6241 	EXP 	instructsurpA1_right: autoDraw = True
23.6241 	EXP 	instructsurpA2_left: autoDraw = True
23.9495 	EXP 	New trial (rep=0, index=5): OrderedDict([('surpriseFaces', 'img/neutralC/CFD-IF-609-408-N.jpg'), ('new', 0)])
24.0626 	DATA 	Keypress: 8
24.0715 	EXP 	stimulus: autoDraw = False
24.0715 	EXP 	instructsurpA1_right: autoDraw = False
24.0715 	EXP 	instructsurpA2_left: autoDraw = False
24.0715 	EXP 	stimulus: image = 'img/neutralC/CFD-IF-609-408-N.jpg'
24.0715 	EXP 	instructsurpA1_right: text = 'OLD - Right Key'
24.0715 	EXP 	instructsurpA2_left: text = 'NEW - Left Key'
24.0715 	EXP 	stimulus: autoDraw = True
24.0715 	EXP 	instructsurpA1_right: autoDraw = True
24.0715 	EXP 	instructsurpA2_left: autoDraw = True
24.4506 	DATA 	Keypress: 8
24.4656 	EXP 	New trial (rep=0, index=6): OrderedDict([('surpriseFaces', 'img/neutralC/CFD-LM-204-001-N.jpg'), ('new', 1)])
24.5833 	EXP 	stimulus: autoDraw = False
24.5833 	EXP 	instructsurpA1_right: autoDraw = False
24.5833 	EXP 	instructsurpA2_left: autoDraw = False
24.5833 	EXP 	stimulus: image = 'img/neutralC/CFD-LM-204-001-N.jpg'
24.5833 	EXP 	instructsurpA1_right: text = 'OLD - Right Key'
24.5833 	EXP 	instructsurpA2_left: text = 'NEW - Left Key'
24.5833 	EXP 	stimulus: autoDraw = True
24.5833 	EXP 	instructsurpA1_right: autoDraw = True
24.5833 	EXP 	instructsurpA2_left: autoDraw = True
24.8488 	EXP 	New trial (rep=0, index=7): OrderedDict([('surpriseFaces', 'img/neutralC/CFD-MM-305-003-N.jpg'), ('new', 0)])
24.9558 	DATA 	Keypress: 8
24.9651 	EXP 	stimulus: autoDraw = False
24.9651 	EXP 	instructsurpA1_right: autoDraw = False
24.9651 	EXP 	instructsurpA2_left: autoDraw = False
24.9651 	EXP 	stimulus: image = 'img/neutralC/CFD-MM-305-003-N.jpg'
24.9651 	EXP 	instructsurpA1_right: text = 'OLD - Right Key'
24.9651 	EXP 	instructsurpA2_left: text = 'NEW - Left Key'
24.9651 	EXP 	stimulus: autoDraw = True
24.9651 	EXP 	instructsurpA1_right: autoDraw = True
24.9651 	EXP 	instructsurpA2_left: autoDraw = True
24.9670 	EXP 	New trial (rep=0, index=8): OrderedDict([('surpriseFaces', 'img/neutralC/CFD-MF-323-001-N.jpg'), ('new', 0)])
25.0743 	DATA 	Keypress: 1
25.0837 	EXP 	stimulus: autoDraw = False
25.0837 	EXP 	instructsurpA1_right: autoDraw = False
25.0837 	EXP 	instructsurpA2_left: autoDraw = False
25.0837 	EXP 	stimulus: image = 'img/neutralC/CFD-MF-323-001-N.jpg'
25.0837 	EXP 	instructsurpA1_right: text = 'OLD - Right Key'
25.0837 	EXP 	instructsurpA2_left: text = 'NEW - Left Key'
25.0837 	EXP 	stimulus: autoDraw = True
25.0837 	EXP 	instructsurpA1_right: autoDraw = True
25.0837 	EXP 	instructsurpA2_left: autoDraw = True
25.2003 	DATA 	Keypress: 8
25.2156 	EXP 	New trial (rep=0, index=9): OrderedDict([('surpriseFaces', 'img/neutralC/CFD-MF-325-002-N.jpg'), ('new', 0)])
25.3328 	EXP 	stimulus: autoDraw = False
25.3328 	EXP 	instructsurpA1_right: autoDraw = False
25.3328 	EXP 	instructsurpA2_left: autoDraw = False
25.3328 	EXP 	stimulus: image = 'img/neutralC/CFD-MF-325-002-N.jpg'
25.3328 	EXP 	instructsurpA1_right: text = 'OLD - Right Key'
25.3328 	EXP 	instructsurpA2_left: text = 'NEW - Left Key'
25.3328 	EXP 	stimulus: autoDraw = True
25.3328 	EXP 	instructsurpA1_right: autoDraw = True
25.3328 	EXP 	instructsurpA2_left: autoDraw = True
25.3357 	DATA 	Keypress: 1
25.5487 	EXP 	New trial (rep=0, index=10): OrderedDict([('surpriseFaces', 'img/neutralC/CFD-WM-211-054-N.jpg'), ('new', 0)])
25.6665 	DATA 	Keypress: 8
25.6765 	EXP 	stimulus: autoDraw = False
25.6765 	EXP 	instructsurpA1_right: autoDraw = False
25.6765 	EXP 	instructsurpA2_left: autoDraw = False
25.6765 	EXP 	stimulus: image = 'img/neutralC/CFD-WM-211-054-N.jpg'
25.6765 	EXP 	instructsurpA1_right: text = 'OLD - Right Key'
25.6765 	EXP 	instructsurpA2_left: text = 'NEW - Left Key'
25.6765 	EXP 	stimulus: autoDraw = True
25.6765 	EXP 	instructsurpA1_right: autoDraw = True
25.6765 	EXP 	instructsurpA2_left: autoDraw = True
25.7826 	EXP 	New trial (rep=0, index=11): OrderedDict([('surpriseFaces', 'img/neutralC/CFD-MF-313-002-N.jpg'), ('new', 0)])
25.8929 	DATA 	Keypress: 8
25.9025 	EXP 	stimulus: autoDraw = False
25.9025 	EXP 	instructsurpA1_right: autoDraw = False
25.9025 	EXP 	instructsurpA2_left: autoDraw = False
25.9025 	EXP 	stimulus: image = 'img/neutralC/CFD-MF-313-002-N.jpg'
25.9025 	EXP 	instructsurpA1_right: text = 'OLD - Right Key'
25.9025 	EXP 	instructsurpA2_left: text = 'NEW - Left Key'
25.9025 	EXP 	stimulus: autoDraw = True
25.9025 	EXP 	instructsurpA1_right: autoDraw = True
25.9025 	EXP 	instructsurpA2_left: autoDraw = True
26.0155 	EXP 	New trial (rep=0, index=12): OrderedDict([('surpriseFaces', 'img/neutralC/CFD-IM-670-215-N.jpg'), ('new', 0)])
26.1270 	DATA 	Keypress: 8
26.1279 	DATA 	Keypress: 1
26.1388 	EXP 	stimulus: autoDraw = False
26.1388 	EXP 	instructsurpA1_right: autoDraw = False
26.1388 	EXP 	instructsurpA2_left: autoDraw = False
26.1388 	EXP 	stimulus: image = 'img/neutralC/CFD-IM-670-215-N.jpg'
26.1388 	EXP 	instructsurpA1_right: text = 'OLD - Right Key'
26.1388 	EXP 	instructsurpA2_left: text = 'NEW - Left Key'
26.1388 	EXP 	stimulus: autoDraw = True
26.1388 	EXP 	instructsurpA1_right: autoDraw = True
26.1388 	EXP 	instructsurpA2_left: autoDraw = True
26.3484 	EXP 	New trial (rep=0, index=13): OrderedDict([('surpriseFaces', 'img/neutralC/CFD-IM-607-018-N.jpg'), ('new', 0)])
26.4551 	DATA 	Keypress: 8
26.4644 	EXP 	stimulus: autoDraw = False
26.4644 	EXP 	instructsurpA1_right: autoDraw = False
26.4644 	EXP 	instructsurpA2_left: autoDraw = False
26.4644 	EXP 	stimulus: image = 'img/neutralC/CFD-IM-607-018-N.jpg'
26.4644 	EXP 	instructsurpA1_right: text = 'OLD - Right Key'
26.4644 	EXP 	instructsurpA2_left: text = 'NEW - Left Key'
26.4644 	EXP 	stimulus: autoDraw = True
26.4644 	EXP 	instructsurpA1_right: autoDraw = True
26.4644 	EXP 	instructsurpA2_left: autoDraw = True
26.5992 	EXP 	New trial (rep=0, index=14): OrderedDict([('surpriseFaces', 'img/neutralC/CFD-BM-032-024-N.jpg'), ('new', 1)])
26.7077 	DATA 	Keypress: 8
26.7085 	DATA 	Keypress: 1
26.7179 	EXP 	stimulus: autoDraw = False
26.7179 	EXP 	instructsurpA1_right: autoDraw = False
26.7179 	EXP 	instructsurpA2_left: autoDraw = False
26.7179 	EXP 	stimulus: image = 'img/neutralC/CFD-BM-032-024-N.jpg'
26.7179 	EXP 	instructsurpA1_right: text = 'OLD - Right Key'
26.7179 	EXP 	instructsurpA2_left: text = 'NEW - Left Key'
26.7179 	EXP 	stimulus: autoDraw = True
26.7179 	EXP 	instructsurpA1_right: autoDraw = True
26.7179 	EXP 	instructsurpA2_left: autoDraw = True
26.8334 	DATA 	Keypress: 8
26.8483 	EXP 	New trial (rep=0, index=15): OrderedDict([('surpriseFaces', 'img/neutralC/CFD-BM-241-235-N.jpg'), ('new', 1)])
26.9586 	EXP 	stimulus: autoDraw = False
26.9586 	EXP 	instructsurpA1_right: autoDraw = False
26.9586 	EXP 	instructsurpA2_left: autoDraw = False
26.9586 	EXP 	stimulus: image = 'img/neutralC/CFD-BM-241-235-N.jpg'
26.9586 	EXP 	instructsurpA1_right: text = 'OLD - Right Key'
26.9586 	EXP 	instructsurpA2_left: text = 'NEW - Left Key'
26.9586 	EXP 	stimulus: autoDraw = True
26.9586 	EXP 	instructsurpA1_right: autoDraw = True
26.9586 	EXP 	instructsurpA2_left: autoDraw = True
27.7830 	DATA 	Keypress: escape
28.6670 	EXP 	window1: mouseVisible = True
28.6670 	DEBUG 	Saving data for face_flanker_v1 ExperimentHandler
28.6690 	INFO 	saved data to C:\Users\kihossei\Documents\GitHub\memory-for-error-dataset\materials\experiments\larger_arrows_triggers\data/_face_flanker_v1_2022-08-11_02h24.05.156.psydat
28.6761 	INFO 	saved data to 'C:\\Users\\kihossei\\Documents\\GitHub\\memory-for-error-dataset\\materials\\experiments\\larger_arrows_triggers\\data/_face_flanker_v1_2022-08-11_02h24.05.156.csv'
