1.1026 	WARNING 	We strongly recommend you activate the PTB sound engine in PsychoPy prefs as the preferred audio engine. Its timing is vastly superior. Your prefs are currently set to use ['sounddevice', 'PTB', 'pyo', 'pygame'] (in that order).
4.1204 	INFO 	Loaded monitor calibration from ['2022_05_03 01:14']
4.1214 	ERROR 	'0.5000, 0.5000, 0.5000' is not a valid rgb color
5.4550 	EXP 	Created window1 = Window(allowGUI=False, allowStencil=False, autoLog=True, backendConf=UNKNOWN, bitsMode=UNKNOWN, blendMode='avg', bpc=(8, 8, 8), color=array([0, 0, 0]), colorSpace='rgb', depthBits=8, fullscr=<method-wrapper '__getattribute__' of attributeSetter object at 0x0000029F13704070>, gamma=None, gammaErrorPolicy='raise', lms=UNKNOWN, monitor=<psychopy.monitors.calibTools.Monitor object at 0x0000029F15357160>, multiSample=False, name='window1', numSamples=2, pos=(0, 0), screen=0, size=array([1920, 1080]), stencilBits=0, stereo=False, units='height', useFBO=True, useRetina=False, viewOri=0.0, viewPos=None, viewScale=None, waitBlanking=True, winType='pyglet')
5.4552 	EXP 	window1: mouseVisible = True
5.4553 	EXP 	window1: Attempting to measure frame rate of screen (0) ...
5.4553 	EXP 	window1: recordFrameIntervals = False
5.6216 	EXP 	window1: recordFrameIntervals = True
5.8059 	EXP 	Screen (0) actual frame rate measured at 59.74Hz
5.8059 	EXP 	window1: recordFrameIntervals = False
7.1322 	INFO 	keyboard.Keyboard is using iohub backend.
7.1988 	EXP 	Created welcome_text = TextStim(__class__=<class 'psychopy.visual.text.TextStim'>, alignHoriz=method-wrapper(...), alignText='center', alignVert=method-wrapper(...), anchorHoriz='center', anchorVert='center', antialias=True, autoLog=True, bold=False, color=array([1., 1., 1.]), colorSpace='rgb', contrast=1.0, depth=0.0, flipHoriz=False, flipVert=False, font='Arial', fontFiles=[], height=0.04, italic=False, languageStyle='LTR', name='welcome_text', opacity=1.0, ori=0, pos=array([0., 0.]), rgb=UNKNOWN, text=str(...), units='height', win=Window(...), wrapWidth=1.3)
7.1988 	INFO 	keyboard.Keyboard is using iohub backend.
7.2069 	EXP 	Created instructRight_text = TextStim(__class__=<class 'psychopy.visual.text.TextStim'>, alignHoriz=method-wrapper(...), alignText='center', alignVert=method-wrapper(...), anchorHoriz='center', anchorVert='center', antialias=True, autoLog=True, bold=False, color=array([1., 1., 1.]), colorSpace='rgb', contrast=1.0, depth=0.0, flipHoriz=False, flipVert=False, font='Arial', fontFiles=[], height=0.04, italic=False, languageStyle='LTR', name='instructRight_text', opacity=1.0, ori=0, pos=array([0., 0.]), rgb=UNKNOWN, text=str(...), units='height', win=Window(...), wrapWidth=1.3)
7.2702 	EXP 	Created instructRight_centerImg = ImageStim(__class__=<class 'psychopy.visual.image.ImageStim'>, anchor=('center', 'center'), autoLog=True, color=array([1., 1., 1.]), colorSpace='rgb', contrast=1.0, depth=-1.0, flipHoriz=False, flipVert=False, image='img/rightArrow.png', interpolate=True, mask=None, maskParams=None, name='instructRight_centerImg', opacity=1.0, ori=0.0, pos=array([ 0. , -0.3]), size=array([0.02, 0.02]), texRes=512, units='height', win=Window(...))
7.3276 	EXP 	Created instructRight_rightImg1 = ImageStim(__class__=<class 'psychopy.visual.image.ImageStim'>, anchor=('center', 'center'), autoLog=True, color=array([1., 1., 1.]), colorSpace='rgb', contrast=1.0, depth=-2.0, flipHoriz=False, flipVert=False, image='img/rightArrow.png', interpolate=True, mask=None, maskParams=None, name='instructRight_rightImg1', opacity=1.0, ori=0.0, pos=array([ 0.03, -0.3 ]), size=array([0.02, 0.02]), texRes=512, units='height', win=Window(...))
7.3852 	EXP 	Created instructRight_leftImg1 = ImageStim(__class__=<class 'psychopy.visual.image.ImageStim'>, anchor=('center', 'center'), autoLog=True, color=array([1., 1., 1.]), colorSpace='rgb', contrast=1.0, depth=-3.0, flipHoriz=False, flipVert=False, image='img/rightArrow.png', interpolate=True, mask=None, maskParams=None, name='instructRight_leftImg1', opacity=1.0, ori=0.0, pos=array([-0.03, -0.3 ]), size=array([0.02, 0.02]), texRes=512, units='height', win=Window(...))
7.3852 	INFO 	keyboard.Keyboard is using iohub backend.
7.3924 	EXP 	Created instructLeft_text = TextStim(__class__=<class 'psychopy.visual.text.TextStim'>, alignHoriz=method-wrapper(...), alignText='center', alignVert=method-wrapper(...), anchorHoriz='center', anchorVert='center', antialias=True, autoLog=True, bold=False, color=array([1., 1., 1.]), colorSpace='rgb', contrast=1.0, depth=0.0, flipHoriz=False, flipVert=False, font='Arial', fontFiles=[], height=0.04, italic=False, languageStyle='LTR', name='instructLeft_text', opacity=1.0, ori=0, pos=array([0., 0.]), rgb=UNKNOWN, text=str(...), units='height', win=Window(...), wrapWidth=1.3)
7.4480 	EXP 	Created instructLeft_centerImg = ImageStim(__class__=<class 'psychopy.visual.image.ImageStim'>, anchor=('center', 'center'), autoLog=True, color=array([1., 1., 1.]), colorSpace='rgb', contrast=1.0, depth=-1.0, flipHoriz=False, flipVert=False, image='img/leftArrow.png', interpolate=True, mask=None, maskParams=None, name='instructLeft_centerImg', opacity=1.0, ori=0.0, pos=array([ 0. , -0.3]), size=array([0.02, 0.02]), texRes=512, units='height', win=Window(...))
7.5045 	EXP 	Created instructLeft_rightImg1 = ImageStim(__class__=<class 'psychopy.visual.image.ImageStim'>, anchor=('center', 'center'), autoLog=True, color=array([1., 1., 1.]), colorSpace='rgb', contrast=1.0, depth=-2.0, flipHoriz=False, flipVert=False, image='img/leftArrow.png', interpolate=True, mask=None, maskParams=None, name='instructLeft_rightImg1', opacity=1.0, ori=0.0, pos=array([ 0.03, -0.3 ]), size=array([0.02, 0.02]), texRes=512, units='height', win=Window(...))
7.5596 	EXP 	Created instructLeft_leftImg1 = ImageStim(__class__=<class 'psychopy.visual.image.ImageStim'>, anchor=('center', 'center'), autoLog=True, color=array([1., 1., 1.]), colorSpace='rgb', contrast=1.0, depth=-3.0, flipHoriz=False, flipVert=False, image='img/leftArrow.png', interpolate=True, mask=None, maskParams=None, name='instructLeft_leftImg1', opacity=1.0, ori=0.0, pos=array([-0.03, -0.3 ]), size=array([0.02, 0.02]), texRes=512, units='height', win=Window(...))
7.5596 	INFO 	keyboard.Keyboard is using iohub backend.
7.5821 	EXP 	Created instructInconRight_text = TextStim(__class__=<class 'psychopy.visual.text.TextStim'>, alignHoriz=method-wrapper(...), alignText='center', alignVert=method-wrapper(...), anchorHoriz='center', anchorVert='center', antialias=True, autoLog=True, bold=False, color=array([1., 1., 1.]), colorSpace='rgb', contrast=1.0, depth=0.0, flipHoriz=False, flipVert=False, font='Arial', fontFiles=[], height=0.04, italic=False, languageStyle='LTR', name='instructInconRight_text', opacity=1.0, ori=0, pos=array([0., 0.]), rgb=UNKNOWN, text=str(...), units='height', win=Window(...), wrapWidth=1.3)
7.6168 	EXP 	Created instructIncon_centerImg = ImageStim(__class__=<class 'psychopy.visual.image.ImageStim'>, anchor=('center', 'center'), autoLog=True, color=array([1., 1., 1.]), colorSpace='rgb', contrast=1.0, depth=-1.0, flipHoriz=False, flipVert=False, image='img/rightArrow.png', interpolate=True, mask=None, maskParams=None, name='instructIncon_centerImg', opacity=1.0, ori=0.0, pos=array([ 0. , -0.3]), size=array([0.02, 0.02]), texRes=512, units='height', win=Window(...))
7.6519 	EXP 	Created instructIncon_rightImg1 = ImageStim(__class__=<class 'psychopy.visual.image.ImageStim'>, anchor=('center', 'center'), autoLog=True, color=array([1., 1., 1.]), colorSpace='rgb', contrast=1.0, depth=-2.0, flipHoriz=False, flipVert=False, image='img/leftArrow.png', interpolate=True, mask=None, maskParams=None, name='instructIncon_rightImg1', opacity=1.0, ori=0.0, pos=array([ 0.03, -0.3 ]), size=array([0.02, 0.02]), texRes=512, units='height', win=Window(...))
7.6866 	EXP 	Created instructIncon_leftImg1 = ImageStim(__class__=<class 'psychopy.visual.image.ImageStim'>, anchor=('center', 'center'), autoLog=True, color=array([1., 1., 1.]), colorSpace='rgb', contrast=1.0, depth=-3.0, flipHoriz=False, flipVert=False, image='img/leftArrow.png', interpolate=True, mask=None, maskParams=None, name='instructIncon_leftImg1', opacity=1.0, ori=0.0, pos=array([-0.03, -0.3 ]), size=array([0.02, 0.02]), texRes=512, units='height', win=Window(...))
7.6867 	INFO 	keyboard.Keyboard is using iohub backend.
7.6954 	EXP 	Created instructInconLeft_text = TextStim(__class__=<class 'psychopy.visual.text.TextStim'>, alignHoriz=method-wrapper(...), alignText='center', alignVert=method-wrapper(...), anchorHoriz='center', anchorVert='center', antialias=True, autoLog=True, bold=False, color=array([1., 1., 1.]), colorSpace='rgb', contrast=1.0, depth=0.0, flipHoriz=False, flipVert=False, font='Arial', fontFiles=[], height=0.04, italic=False, languageStyle='LTR', name='instructInconLeft_text', opacity=1.0, ori=0, pos=array([0., 0.]), rgb=UNKNOWN, text=str(...), units='height', win=Window(...), wrapWidth=1.3)
7.7305 	EXP 	Created instructInconLeft_centerImg = ImageStim(__class__=<class 'psychopy.visual.image.ImageStim'>, anchor=('center', 'center'), autoLog=True, color=array([1., 1., 1.]), colorSpace='rgb', contrast=1.0, depth=-1.0, flipHoriz=False, flipVert=False, image='img/leftArrow.png', interpolate=True, mask=None, maskParams=None, name='instructInconLeft_centerImg', opacity=1.0, ori=0.0, pos=array([ 0. , -0.3]), size=array([0.02, 0.02]), texRes=512, units='height', win=Window(...))
7.7681 	EXP 	Created instructInconLeft_rightImg1 = ImageStim(__class__=<class 'psychopy.visual.image.ImageStim'>, anchor=('center', 'center'), autoLog=True, color=array([1., 1., 1.]), colorSpace='rgb', contrast=1.0, depth=-2.0, flipHoriz=False, flipVert=False, image='img/rightArrow.png', interpolate=True, mask=None, maskParams=None, name='instructInconLeft_rightImg1', opacity=1.0, ori=0.0, pos=array([ 0.03, -0.3 ]), size=array([0.02, 0.02]), texRes=512, units='height', win=Window(...))
7.8083 	EXP 	Created instructInconLeft_leftImg1 = ImageStim(__class__=<class 'psychopy.visual.image.ImageStim'>, anchor=('center', 'center'), autoLog=True, color=array([1., 1., 1.]), colorSpace='rgb', contrast=1.0, depth=-3.0, flipHoriz=False, flipVert=False, image='img/rightArrow.png', interpolate=True, mask=None, maskParams=None, name='instructInconLeft_leftImg1', opacity=1.0, ori=0.0, pos=array([-0.03, -0.3 ]), size=array([0.02, 0.02]), texRes=512, units='height', win=Window(...))
7.8083 	INFO 	keyboard.Keyboard is using iohub backend.
7.8212 	EXP 	Created prac_blockText = TextStim(__class__=<class 'psychopy.visual.text.TextStim'>, alignHoriz=method-wrapper(...), alignText='center', alignVert=method-wrapper(...), anchorHoriz='center', anchorVert='center', antialias=True, autoLog=True, bold=False, color=array([1., 1., 1.]), colorSpace='rgb', contrast=1.0, depth=-1.0, flipHoriz=False, flipVert=False, font='Arial', fontFiles=[], height=0.06, italic=False, languageStyle='LTR', name='prac_blockText', opacity=1.0, ori=0.0, pos=array([0. , 0.3]), rgb=UNKNOWN, text='Practice', units='height', win=Window(...), wrapWidth=1.3)
7.8401 	EXP 	Created prac_reminder_text = TextStim(__class__=<class 'psychopy.visual.text.TextStim'>, alignHoriz=method-wrapper(...), alignText='center', alignVert=method-wrapper(...), anchorHoriz='center', anchorVert='center', antialias=True, autoLog=True, bold=False, color=array([1., 1., 1.]), colorSpace='rgb', contrast=1.0, depth=-2.0, flipHoriz=False, flipVert=False, font='Arial', fontFiles=[], height=0.04, italic=False, languageStyle='LTR', name='prac_reminder_text', opacity=1.0, ori=0, pos=array([0., 0.]), rgb=UNKNOWN, text=str(...), units='height', win=Window(...), wrapWidth=1.3)
7.8401 	INFO 	keyboard.Keyboard is using iohub backend.
7.8447 	EXP 	Created initFixation_img = ImageStim(__class__=<class 'psychopy.visual.image.ImageStim'>, anchor=('center', 'center'), autoLog=True, color=array([1., 1., 1.]), colorSpace='rgb', contrast=1.0, depth=0.0, flipHoriz=False, flipVert=False, image='sin', interpolate=True, mask=None, maskParams=None, name='initFixation_img', opacity=1.0, ori=0.0, pos=array([ 0.   , -0.015]), size=array([0.26, 0.22]), texRes=512, units='height', win=Window(...))
7.8489 	EXP 	Created bigFace = ImageStim(__class__=<class 'psychopy.visual.image.ImageStim'>, anchor=('center', 'center'), autoLog=True, color=array([1., 1., 1.]), colorSpace='rgb', contrast=1.0, depth=-1.0, flipHoriz=False, flipVert=False, image='sin', interpolate=True, mask=None, maskParams=None, name='bigFace', opacity=0.85, ori=0.0, pos=array([0., 0.]), size=array([0.88888889, 0.5       ]), texRes=128.0, units='height', win=Window(...))
7.8526 	EXP 	Created cover_background_2 = ImageStim(__class__=<class 'psychopy.visual.image.ImageStim'>, anchor=('center', 'center'), autoLog=True, color=array([1., 1., 1.]), colorSpace='rgb', contrast=1.0, depth=-2.0, flipHoriz=False, flipVert=False, image='sin', interpolate=True, mask=None, maskParams=None, name='cover_background_2', opacity=1.0, ori=0.0, pos=array([ 0.   , -0.015]), size=array([0.26, 0.22]), texRes=128.0, units='height', win=Window(...))
7.8564 	EXP 	Created prac_centerImg = ImageStim(__class__=<class 'psychopy.visual.image.ImageStim'>, anchor=('center', 'center'), autoLog=True, color=array([1., 1., 1.]), colorSpace='rgb', contrast=1.0, depth=-3.0, flipHoriz=False, flipVert=False, image='sin', interpolate=True, mask=None, maskParams=None, name='prac_centerImg', opacity=1.0, ori=0.0, pos=array([0., 0.]), size=array([1., 1.]), texRes=512, units='height', win=Window(...))
7.8598 	EXP 	Created prac_rightImg1 = ImageStim(__class__=<class 'psychopy.visual.image.ImageStim'>, anchor=('center', 'center'), autoLog=True, color=array([1., 1., 1.]), colorSpace='rgb', contrast=1.0, depth=-4.0, flipHoriz=False, flipVert=False, image='sin', interpolate=True, mask=None, maskParams=None, name='prac_rightImg1', opacity=1.0, ori=0.0, pos=array([0., 0.]), size=array([1., 1.]), texRes=512, units='height', win=Window(...))
7.8636 	EXP 	Created prac_leftImg1 = ImageStim(__class__=<class 'psychopy.visual.image.ImageStim'>, anchor=('center', 'center'), autoLog=True, color=array([1., 1., 1.]), colorSpace='rgb', contrast=1.0, depth=-5.0, flipHoriz=False, flipVert=False, image='sin', interpolate=True, mask=None, maskParams=None, name='prac_leftImg1', opacity=1.0, ori=0.0, pos=array([0., 0.]), size=array([1., 1.]), texRes=512, units='height', win=Window(...))
7.8674 	EXP 	Created prac_fixImg = ImageStim(__class__=<class 'psychopy.visual.image.ImageStim'>, anchor=('center', 'center'), autoLog=True, color=array([1., 1., 1.]), colorSpace='rgb', contrast=1.0, depth=-6.0, flipHoriz=False, flipVert=False, image='sin', interpolate=True, mask=None, maskParams=None, name='prac_fixImg', opacity=1.0, ori=0.0, pos=array([ 0.   , -0.015]), size=array([0.26, 0.22]), texRes=512, units='height', win=Window(...))
7.8675 	INFO 	keyboard.Keyboard is using iohub backend.
7.8685 	EXP 	Created prac_blockFeed_text = TextStim(__class__=<class 'psychopy.visual.text.TextStim'>, alignHoriz=method-wrapper(...), alignText='center', alignVert=method-wrapper(...), anchorHoriz='center', anchorVert='center', antialias=True, autoLog=True, bold=False, color=array([1., 1., 1.]), colorSpace='rgb', contrast=1.0, depth=-1.0, flipHoriz=False, flipVert=False, font='Arial', fontFiles=[], height=0.04, italic=False, languageStyle='LTR', name='prac_blockFeed_text', opacity=1.0, ori=0, pos=array([0., 0.]), rgb=UNKNOWN, text='', units='height', win=Window(...), wrapWidth=1.3)
7.8733 	EXP 	Created prac_pressContinue = TextStim(__class__=<class 'psychopy.visual.text.TextStim'>, alignHoriz=method-wrapper(...), alignText='center', alignVert=method-wrapper(...), anchorHoriz='center', anchorVert='center', antialias=True, autoLog=True, bold=False, color=array([1., 1., 1.]), colorSpace='rgb', contrast=1.0, depth=-2.0, flipHoriz=False, flipVert=False, font='Arial', fontFiles=[], height=0.04, italic=False, languageStyle='LTR', name='prac_pressContinue', opacity=1.0, ori=0.0, pos=array([ 0. , -0.3]), rgb=UNKNOWN, text='Press the right key', units='height', win=Window(...), wrapWidth=1.3)
7.8733 	INFO 	keyboard.Keyboard is using iohub backend.
7.8743 	EXP 	Created task_blockText = TextStim(__class__=<class 'psychopy.visual.text.TextStim'>, alignHoriz=method-wrapper(...), alignText='center', alignVert=method-wrapper(...), anchorHoriz='center', anchorVert='center', antialias=True, autoLog=True, bold=False, color=array([1., 1., 1.]), colorSpace='rgb', contrast=1.0, depth=-1.0, flipHoriz=False, flipVert=False, font='Arial', fontFiles=[], height=0.06, italic=False, languageStyle='LTR', name='task_blockText', opacity=1.0, ori=0.0, pos=array([0. , 0.3]), rgb=UNKNOWN, text='', units='height', win=Window(...), wrapWidth=1.3)
7.8840 	EXP 	Created task_blockReminders_text = TextStim(__class__=<class 'psychopy.visual.text.TextStim'>, alignHoriz=method-wrapper(...), alignText='center', alignVert=method-wrapper(...), anchorHoriz='center', anchorVert='center', antialias=True, autoLog=True, bold=False, color=array([1., 1., 1.]), colorSpace='rgb', contrast=1.0, depth=-2.0, flipHoriz=False, flipVert=False, font='Arial', fontFiles=[], height=0.04, italic=False, languageStyle='LTR', name='task_blockReminders_text', opacity=1.0, ori=0, pos=array([0., 0.]), rgb=UNKNOWN, text=str(...), units='height', win=Window(...), wrapWidth=1.3)
7.8840 	INFO 	keyboard.Keyboard is using iohub backend.
7.8885 	EXP 	Created initFixation_img = ImageStim(__class__=<class 'psychopy.visual.image.ImageStim'>, anchor=('center', 'center'), autoLog=True, color=array([1., 1., 1.]), colorSpace='rgb', contrast=1.0, depth=0.0, flipHoriz=False, flipVert=False, image='sin', interpolate=True, mask=None, maskParams=None, name='initFixation_img', opacity=1.0, ori=0.0, pos=array([ 0.   , -0.015]), size=array([0.26, 0.22]), texRes=512, units='height', win=Window(...))
7.8922 	EXP 	Created bigFace_2 = ImageStim(__class__=<class 'psychopy.visual.image.ImageStim'>, anchor=('center', 'center'), autoLog=True, color=array([1., 1., 1.]), colorSpace='rgb', contrast=1.0, depth=-1.0, flipHoriz=False, flipVert=False, image='sin', interpolate=True, mask=None, maskParams=None, name='bigFace_2', opacity=0.85, ori=0.0, pos=array([0., 0.]), size=array([0.3, 0.3]), texRes=128.0, units='height', win=Window(...))
7.9616 	EXP 	Created cover_background = ImageStim(__class__=<class 'psychopy.visual.image.ImageStim'>, anchor=('center', 'center'), autoLog=True, color=array([1., 1., 1.]), colorSpace='rgb', contrast=1.0, depth=-2.0, flipHoriz=False, flipVert=False, image='img/cover_background.png', interpolate=True, mask=None, maskParams=None, name='cover_background', opacity=1.0, ori=0.0, pos=array([ 0.   , -0.015]), size=array([0.26, 0.22]), texRes=128.0, units='height', win=Window(...))
7.9659 	EXP 	Created task_centerImg = ImageStim(__class__=<class 'psychopy.visual.image.ImageStim'>, anchor=('center', 'center'), autoLog=True, color=array([1., 1., 1.]), colorSpace='rgb', contrast=1.0, depth=-3.0, flipHoriz=False, flipVert=False, image='sin', interpolate=True, mask=None, maskParams=None, name='task_centerImg', opacity=1.0, ori=0.0, pos=array([0., 0.]), size=array([1., 1.]), texRes=512, units='height', win=Window(...))
7.9696 	EXP 	Created task_rightImg1 = ImageStim(__class__=<class 'psychopy.visual.image.ImageStim'>, anchor=('center', 'center'), autoLog=True, color=array([1., 1., 1.]), colorSpace='rgb', contrast=1.0, depth=-4.0, flipHoriz=False, flipVert=False, image='sin', interpolate=True, mask=None, maskParams=None, name='task_rightImg1', opacity=1.0, ori=0.0, pos=array([0., 0.]), size=array([1., 1.]), texRes=512, units='height', win=Window(...))
7.9729 	EXP 	Created task_leftImg1 = ImageStim(__class__=<class 'psychopy.visual.image.ImageStim'>, anchor=('center', 'center'), autoLog=True, color=array([1., 1., 1.]), colorSpace='rgb', contrast=1.0, depth=-5.0, flipHoriz=False, flipVert=False, image='sin', interpolate=True, mask=None, maskParams=None, name='task_leftImg1', opacity=1.0, ori=0.0, pos=array([0., 0.]), size=array([1., 1.]), texRes=512, units='height', win=Window(...))
7.9762 	EXP 	Created task_fixImg = ImageStim(__class__=<class 'psychopy.visual.image.ImageStim'>, anchor=('center', 'center'), autoLog=True, color=array([1., 1., 1.]), colorSpace='rgb', contrast=1.0, depth=-6.0, flipHoriz=False, flipVert=False, image='sin', interpolate=True, mask=None, maskParams=None, name='task_fixImg', opacity=1.0, ori=0.0, pos=array([ 0.   , -0.015]), size=array([0.26, 0.22]), texRes=512, units='height', win=Window(...))
7.9762 	INFO 	keyboard.Keyboard is using iohub backend.
7.9777 	EXP 	Created task_blockFeed_text = TextStim(__class__=<class 'psychopy.visual.text.TextStim'>, alignHoriz=method-wrapper(...), alignText='center', alignVert=method-wrapper(...), anchorHoriz='center', anchorVert='center', antialias=True, autoLog=True, bold=False, color=array([1., 1., 1.]), colorSpace='rgb', contrast=1.0, depth=-1.0, flipHoriz=False, flipVert=False, font='Arial', fontFiles=[], height=0.12, italic=False, languageStyle='LTR', name='task_blockFeed_text', opacity=1.0, ori=0, pos=array([0. , 0.1]), rgb=UNKNOWN, text='', units='height', win=Window(...), wrapWidth=1.8)
7.9788 	EXP 	Created task_blockFeed_text2 = TextStim(__class__=<class 'psychopy.visual.text.TextStim'>, alignHoriz=method-wrapper(...), alignText='center', alignVert=method-wrapper(...), anchorHoriz='center', anchorVert='center', antialias=True, autoLog=True, bold=False, color=array([1., 1., 1.]), colorSpace='rgb', contrast=1.0, depth=-2.0, flipHoriz=False, flipVert=False, font='Arial', fontFiles=[], height=0.04, italic=False, languageStyle='LTR', name='task_blockFeed_text2', opacity=1.0, ori=0, pos=array([ 0. , -0.3]), rgb=UNKNOWN, text='', units='height', win=Window(...), wrapWidth=1.3)
7.9788 	INFO 	keyboard.Keyboard is using iohub backend.
7.9871 	EXP 	Created fix = TextStim(__class__=<class 'psychopy.visual.text.TextStim'>, alignHoriz=method-wrapper(...), alignText='center', alignVert=method-wrapper(...), anchorHoriz='center', anchorVert='center', antialias=True, autoLog=True, bold=False, color=array([1., 1., 1.]), colorSpace='rgb', contrast=1.0, depth=0.0, flipHoriz=False, flipVert=False, font='Open Sans', fontFiles=[], height=0.1, italic=False, languageStyle='LTR', name='fix', opacity=1.0, ori=0.0, pos=array([0., 0.]), rgb=UNKNOWN, text='+', units='height', win=Window(...), wrapWidth=1)
8.0102 	EXP 	Created errorNumbers_text_2 = TextStim(__class__=<class 'psychopy.visual.text.TextStim'>, alignHoriz=method-wrapper(...), alignText='center', alignVert=method-wrapper(...), anchorHoriz='center', anchorVert='center', antialias=True, autoLog=True, bold=False, color=array([1., 1., 1.]), colorSpace='rgb', contrast=1.0, depth=-1.0, flipHoriz=False, flipVert=False, font='Open Sans', fontFiles=[], height=0.03, italic=False, languageStyle='LTR', name='errorNumbers_text_2', opacity=1.0, ori=0.0, pos=array([0.  , 0.12]), rgb=UNKNOWN, text=str(...), units='height', win=Window(...), wrapWidth=1)
8.0232 	INFO 	keyboard.Keyboard is using iohub backend.
8.0471 	EXP 	Created instruct_surprise1_4 = TextStim(__class__=<class 'psychopy.visual.text.TextStim'>, alignHoriz=method-wrapper(...), alignText='center', alignVert=method-wrapper(...), anchorHoriz='center', anchorVert='center', antialias=True, autoLog=True, bold=False, color=array([1., 1., 1.]), colorSpace='rgb', contrast=1.0, depth=0.0, flipHoriz=False, flipVert=False, font='Open Sans', fontFiles=[], height=0.04, italic=False, languageStyle='LTR', name='instruct_surprise1_4', opacity=1.0, ori=0.0, pos=array([0., 0.]), rgb=UNKNOWN, text=str(...), units='height', win=Window(...), wrapWidth=1)
8.0471 	INFO 	keyboard.Keyboard is using iohub backend.
8.0626 	EXP 	Created instruct_surprise1 = TextStim(__class__=<class 'psychopy.visual.text.TextStim'>, alignHoriz=method-wrapper(...), alignText='center', alignVert=method-wrapper(...), anchorHoriz='center', anchorVert='center', antialias=True, autoLog=True, bold=False, color=array([1., 1., 1.]), colorSpace='rgb', contrast=1.0, depth=0.0, flipHoriz=False, flipVert=False, font='Open Sans', fontFiles=[], height=0.04, italic=False, languageStyle='LTR', name='instruct_surprise1', opacity=1.0, ori=0.0, pos=array([0., 0.]), rgb=UNKNOWN, text=str(...), units='height', win=Window(...), wrapWidth=1)
8.0626 	INFO 	keyboard.Keyboard is using iohub backend.
8.0637 	EXP 	Created instructMainTask_text = TextStim(__class__=<class 'psychopy.visual.text.TextStim'>, alignHoriz=method-wrapper(...), alignText='center', alignVert=method-wrapper(...), anchorHoriz='center', anchorVert='center', antialias=True, autoLog=True, bold=False, color=array([1., 1., 1.]), colorSpace='rgb', contrast=1.0, depth=0.0, flipHoriz=False, flipVert=False, font='Arial', fontFiles=[], height=0.04, italic=False, languageStyle='LTR', name='instructMainTask_text', opacity=1.0, ori=0, pos=array([0., 0.]), rgb=UNKNOWN, text='', units='height', win=Window(...), wrapWidth=1.3)
8.0637 	INFO 	keyboard.Keyboard is using iohub backend.
8.0663 	EXP 	Created stimulus = ImageStim(__class__=<class 'psychopy.visual.image.ImageStim'>, anchor=('center', 'center'), autoLog=True, color=array([1., 1., 1.]), colorSpace='rgb', contrast=1.0, depth=0.0, flipHoriz=False, flipVert=False, image='sin', interpolate=True, mask=None, maskParams=None, name='stimulus', opacity=1.0, ori=0.0, pos=array([0. , 0.2]), size=array([0.5, 0.5]), texRes=128.0, units='height', win=Window(...))
8.0677 	EXP 	Created instructsurpA1_right = TextStim(__class__=<class 'psychopy.visual.text.TextStim'>, alignHoriz=method-wrapper(...), alignText='center', alignVert=method-wrapper(...), anchorHoriz='center', anchorVert='center', antialias=True, autoLog=True, bold=False, color=array([1., 1., 1.]), colorSpace='rgb', contrast=1.0, depth=-1.0, flipHoriz=False, flipVert=False, font='Open Sans', fontFiles=[], height=0.025, italic=False, languageStyle='LTR', name='instructsurpA1_right', opacity=1.0, ori=0.0, pos=array([0., 0.]), rgb=UNKNOWN, text='', units='height', win=Window(...), wrapWidth=1)
8.0687 	EXP 	Created instructsurpA2_left = TextStim(__class__=<class 'psychopy.visual.text.TextStim'>, alignHoriz=method-wrapper(...), alignText='center', alignVert=method-wrapper(...), anchorHoriz='center', anchorVert='center', antialias=True, autoLog=True, bold=False, color=array([1., 1., 1.]), colorSpace='rgb', contrast=1.0, depth=-2.0, flipHoriz=False, flipVert=False, font='Open Sans', fontFiles=[], height=0.025, italic=False, languageStyle='LTR', name='instructsurpA2_left', opacity=1.0, ori=0.0, pos=array([-0.4 , -0.03]), rgb=UNKNOWN, text='', units='height', win=Window(...), wrapWidth=1)
8.0688 	INFO 	keyboard.Keyboard is using iohub backend.
8.0788 	EXP 	Created instruct_surprise1_2 = TextStim(__class__=<class 'psychopy.visual.text.TextStim'>, alignHoriz=method-wrapper(...), alignText='center', alignVert=method-wrapper(...), anchorHoriz='center', anchorVert='center', antialias=True, autoLog=True, bold=False, color=array([1., 1., 1.]), colorSpace='rgb', contrast=1.0, depth=0.0, flipHoriz=False, flipVert=False, font='Open Sans', fontFiles=[], height=0.04, italic=False, languageStyle='LTR', name='instruct_surprise1_2', opacity=1.0, ori=0.0, pos=array([0., 0.]), rgb=UNKNOWN, text=str(...), units='height', win=Window(...), wrapWidth=1)
8.0788 	INFO 	keyboard.Keyboard is using iohub backend.
8.0798 	EXP 	Created instructMainTask_text_2 = TextStim(__class__=<class 'psychopy.visual.text.TextStim'>, alignHoriz=method-wrapper(...), alignText='center', alignVert=method-wrapper(...), anchorHoriz='center', anchorVert='center', antialias=True, autoLog=True, bold=False, color=array([1., 1., 1.]), colorSpace='rgb', contrast=1.0, depth=0.0, flipHoriz=False, flipVert=False, font='Arial', fontFiles=[], height=0.04, italic=False, languageStyle='LTR', name='instructMainTask_text_2', opacity=1.0, ori=0, pos=array([0., 0.]), rgb=UNKNOWN, text='', units='height', win=Window(...), wrapWidth=1.3)
8.0799 	INFO 	keyboard.Keyboard is using iohub backend.
8.0825 	EXP 	Created stimulus_2 = ImageStim(__class__=<class 'psychopy.visual.image.ImageStim'>, anchor=('center', 'center'), autoLog=True, color=array([1., 1., 1.]), colorSpace='rgb', contrast=1.0, depth=0.0, flipHoriz=False, flipVert=False, image='sin', interpolate=True, mask=None, maskParams=None, name='stimulus_2', opacity=1.0, ori=0.0, pos=array([0. , 0.2]), size=array([0.5, 0.5]), texRes=128.0, units='height', win=Window(...))
8.0835 	EXP 	Created instructsurpA1_right_2 = TextStim(__class__=<class 'psychopy.visual.text.TextStim'>, alignHoriz=method-wrapper(...), alignText='center', alignVert=method-wrapper(...), anchorHoriz='center', anchorVert='center', antialias=True, autoLog=True, bold=False, color=array([1., 1., 1.]), colorSpace='rgb', contrast=1.0, depth=-1.0, flipHoriz=False, flipVert=False, font='Open Sans', fontFiles=[], height=0.025, italic=False, languageStyle='LTR', name='instructsurpA1_right_2', opacity=1.0, ori=0.0, pos=array([0., 0.]), rgb=UNKNOWN, text='', units='height', win=Window(...), wrapWidth=1)
8.0845 	EXP 	Created instructsurpA2_left_2 = TextStim(__class__=<class 'psychopy.visual.text.TextStim'>, alignHoriz=method-wrapper(...), alignText='center', alignVert=method-wrapper(...), anchorHoriz='center', anchorVert='center', antialias=True, autoLog=True, bold=False, color=array([1., 1., 1.]), colorSpace='rgb', contrast=1.0, depth=-2.0, flipHoriz=False, flipVert=False, font='Open Sans', fontFiles=[], height=0.025, italic=False, languageStyle='LTR', name='instructsurpA2_left_2', opacity=1.0, ori=0.0, pos=array([-0.4 , -0.03]), rgb=UNKNOWN, text='', units='height', win=Window(...), wrapWidth=1)
8.0845 	INFO 	keyboard.Keyboard is using iohub backend.
8.1006 	EXP 	Created instruct_surprise1_3 = TextStim(__class__=<class 'psychopy.visual.text.TextStim'>, alignHoriz=method-wrapper(...), alignText='center', alignVert=method-wrapper(...), anchorHoriz='center', anchorVert='center', antialias=True, autoLog=True, bold=False, color=array([1., 1., 1.]), colorSpace='rgb', contrast=1.0, depth=0.0, flipHoriz=False, flipVert=False, font='Open Sans', fontFiles=[], height=0.04, italic=False, languageStyle='LTR', name='instruct_surprise1_3', opacity=1.0, ori=0.0, pos=array([0., 0.]), rgb=UNKNOWN, text=str(...), units='height', win=Window(...), wrapWidth=1)
8.1006 	INFO 	keyboard.Keyboard is using iohub backend.
8.1016 	EXP 	Created instructMainTask_text_3 = TextStim(__class__=<class 'psychopy.visual.text.TextStim'>, alignHoriz=method-wrapper(...), alignText='center', alignVert=method-wrapper(...), anchorHoriz='center', anchorVert='center', antialias=True, autoLog=True, bold=False, color=array([1., 1., 1.]), colorSpace='rgb', contrast=1.0, depth=0.0, flipHoriz=False, flipVert=False, font='Arial', fontFiles=[], height=0.04, italic=False, languageStyle='LTR', name='instructMainTask_text_3', opacity=1.0, ori=0, pos=array([0., 0.]), rgb=UNKNOWN, text='', units='height', win=Window(...), wrapWidth=1.3)
8.1016 	INFO 	keyboard.Keyboard is using iohub backend.
8.1043 	EXP 	Created stimulus_3 = ImageStim(__class__=<class 'psychopy.visual.image.ImageStim'>, anchor=('center', 'center'), autoLog=True, color=array([1., 1., 1.]), colorSpace='rgb', contrast=1.0, depth=0.0, flipHoriz=False, flipVert=False, image='sin', interpolate=True, mask=None, maskParams=None, name='stimulus_3', opacity=1.0, ori=0.0, pos=array([0. , 0.2]), size=array([0.5, 0.5]), texRes=128.0, units='height', win=Window(...))
8.1054 	EXP 	Created instructsurpA1_right_3 = TextStim(__class__=<class 'psychopy.visual.text.TextStim'>, alignHoriz=method-wrapper(...), alignText='center', alignVert=method-wrapper(...), anchorHoriz='center', anchorVert='center', antialias=True, autoLog=True, bold=False, color=array([1., 1., 1.]), colorSpace='rgb', contrast=1.0, depth=-1.0, flipHoriz=False, flipVert=False, font='Open Sans', fontFiles=[], height=0.025, italic=False, languageStyle='LTR', name='instructsurpA1_right_3', opacity=1.0, ori=0.0, pos=array([0., 0.]), rgb=UNKNOWN, text='', units='height', win=Window(...), wrapWidth=1)
8.1064 	EXP 	Created instructsurpA2_left_3 = TextStim(__class__=<class 'psychopy.visual.text.TextStim'>, alignHoriz=method-wrapper(...), alignText='center', alignVert=method-wrapper(...), anchorHoriz='center', anchorVert='center', antialias=True, autoLog=True, bold=False, color=array([1., 1., 1.]), colorSpace='rgb', contrast=1.0, depth=-2.0, flipHoriz=False, flipVert=False, font='Open Sans', fontFiles=[], height=0.025, italic=False, languageStyle='LTR', name='instructsurpA2_left_3', opacity=1.0, ori=0.0, pos=array([-0.4 , -0.03]), rgb=UNKNOWN, text='', units='height', win=Window(...), wrapWidth=1)
8.1064 	INFO 	keyboard.Keyboard is using iohub backend.
8.1143 	EXP 	Created finishMessage_text = TextStim(__class__=<class 'psychopy.visual.text.TextStim'>, alignHoriz=method-wrapper(...), alignText='center', alignVert=method-wrapper(...), anchorHoriz='center', anchorVert='center', antialias=True, autoLog=True, bold=False, color=array([1., 1., 1.]), colorSpace='rgb', contrast=1.0, depth=0.0, flipHoriz=False, flipVert=False, font='Arial', fontFiles=[], height=0.04, italic=False, languageStyle='LTR', name='finishMessage_text', opacity=1.0, ori=0, pos=array([0., 0.]), rgb=UNKNOWN, text='Thank you for your participation!', units='height', win=Window(...), wrapWidth=1.3)
8.1217 	EXP 	textbox_2: autoLog = True
8.1217 	EXP 	welcome_text: autoDraw = True
9.9424 	DATA 	Keypress: 8
9.9458 	DEBUG 	TextBox2 loaded 1 chars with 0 blanks and 1 valid
9.9460 	DEBUG 	Uploading Texture Font fontname to graphics card
9.9525 	DEBUG 	Upload of Texture Font fontname complete
9.9594 	EXP 	welcome_text: autoDraw = False
9.9594 	EXP 	instructRight_text: autoDraw = True
9.9594 	EXP 	instructRight_centerImg: autoDraw = True
9.9594 	EXP 	instructRight_rightImg1: autoDraw = True
9.9594 	EXP 	instructRight_leftImg1: autoDraw = True
10.2814 	DATA 	Keypress: 8
10.2943 	EXP 	instructRight_text: autoDraw = False
10.2943 	EXP 	instructRight_centerImg: autoDraw = False
10.2943 	EXP 	instructRight_rightImg1: autoDraw = False
10.2943 	EXP 	instructRight_leftImg1: autoDraw = False
10.2943 	EXP 	instructLeft_text: autoDraw = True
10.2943 	EXP 	instructLeft_centerImg: autoDraw = True
10.2943 	EXP 	instructLeft_rightImg1: autoDraw = True
10.2943 	EXP 	instructLeft_leftImg1: autoDraw = True
10.5788 	DATA 	Keypress: 8
10.9321 	DATA 	Keypress: 1
10.9358 	DEBUG 	TextBox2 loaded 1 chars with 0 blanks and 1 valid
10.9361 	DEBUG 	Uploading Texture Font fontname to graphics card
10.9384 	DEBUG 	Upload of Texture Font fontname complete
10.9480 	EXP 	instructLeft_text: autoDraw = False
10.9480 	EXP 	instructLeft_centerImg: autoDraw = False
10.9480 	EXP 	instructLeft_rightImg1: autoDraw = False
10.9480 	EXP 	instructLeft_leftImg1: autoDraw = False
10.9480 	EXP 	instructInconRight_text: autoDraw = True
10.9480 	EXP 	instructIncon_centerImg: autoDraw = True
10.9480 	EXP 	instructIncon_rightImg1: autoDraw = True
10.9480 	EXP 	instructIncon_leftImg1: autoDraw = True
11.2170 	DATA 	Keypress: 8
11.2281 	EXP 	instructInconRight_text: autoDraw = False
11.2281 	EXP 	instructIncon_centerImg: autoDraw = False
11.2281 	EXP 	instructIncon_rightImg1: autoDraw = False
11.2281 	EXP 	instructIncon_leftImg1: autoDraw = False
11.2281 	EXP 	instructInconLeft_text: autoDraw = True
11.2281 	EXP 	instructInconLeft_centerImg: autoDraw = True
11.2281 	EXP 	instructInconLeft_rightImg1: autoDraw = True
11.2281 	EXP 	instructInconLeft_leftImg1: autoDraw = True
11.3633 	DEBUG 	Read csv file with pandas: blockSelect_practice.csv
11.3642 	DEBUG 	Clearing unnamed columns from blockSelect_practice.csv
11.3644 	EXP 	Imported blockSelect_practice.csv as conditions, 1 conditions, 1 params
11.3716 	EXP 	Created sequence: random, trialTypes=1, nReps=999, seed=None
11.3742 	EXP 	New trial (rep=0, index=0): OrderedDict([('whichBlock', 'a_halfV_trialTable_practice.csv')])
11.3770 	DATA 	Keypress: 1
11.3805 	EXP 	instructInconLeft_text: autoDraw = False
11.3805 	EXP 	instructInconLeft_centerImg: autoDraw = False
11.3805 	EXP 	instructInconLeft_rightImg1: autoDraw = False
11.3805 	EXP 	instructInconLeft_leftImg1: autoDraw = False
11.3805 	EXP 	prac_blockText: autoDraw = True
11.3805 	EXP 	prac_reminder_text: autoDraw = True
11.6196 	DATA 	Keypress: 8
11.6244 	EXP 	prac_blockText: autoDraw = False
11.6244 	EXP 	prac_reminder_text: autoDraw = False
11.6244 	EXP 	initFixation_img: image = 'img/transp_fixation.png'
11.6244 	EXP 	initFixation_img: autoDraw = True
11.7955 	DATA 	Keypress: 1
13.6182 	DEBUG 	Read csv file with pandas: a_halfV_trialTable_practice.csv
13.6188 	DEBUG 	Clearing unnamed columns from a_halfV_trialTable_practice.csv
13.6210 	EXP 	Imported a_halfV_trialTable_practice.csv as conditions, 20 conditions, 11 params
13.6213 	EXP 	Created sequence: random, trialTypes=20, nReps=1, seed=None
13.6215 	EXP 	New trial (rep=0, index=0): OrderedDict([('middleStim', 'img/rightArrow.png'), ('leftStim', 'img/rightArrow.png'), ('rightStim', 'img/rightArrow.png'), ('stimNum', 5), ('congruent', 1), ('target', 'right'), ('locationC', [0, 0]), ('locationR', [0.033, 0]), ('locationL', [-0.033, 0]), ('straightFace', 'img/neutralC/CFD-IM-674-281-N.jpg'), ('imageSize', [0.03, 0.03])])
13.8088 	EXP 	initFixation_img: autoDraw = False
13.8088 	EXP 	bigFace: image = 'img/neutralC/CFD-IM-674-281-N.jpg'
13.8088 	EXP 	cover_background_2: image = 'img/cover_background.png'
13.8088 	EXP 	prac_centerImg: image = 'img/rightArrow.png'
13.8088 	EXP 	prac_rightImg1: image = 'img/rightArrow.png'
13.8088 	EXP 	prac_leftImg1: image = 'img/rightArrow.png'
13.8088 	EXP 	prac_fixImg: image = 'img/transp_fixation.png'
13.8088 	EXP 	bigFace: autoDraw = True
13.8088 	EXP 	cover_background_2: autoDraw = True
13.8088 	EXP 	prac_centerImg: autoDraw = True
13.8088 	EXP 	prac_rightImg1: autoDraw = True
13.8088 	EXP 	prac_leftImg1: autoDraw = True
13.8088 	EXP 	prac_fixImg: autoDraw = True
14.0190 	EXP 	cover_background_2: autoDraw = False
14.0190 	EXP 	prac_centerImg: autoDraw = False
14.0190 	EXP 	prac_rightImg1: autoDraw = False
14.0190 	EXP 	prac_leftImg1: autoDraw = False
15.5715 	EXP 	New trial (rep=0, index=1): OrderedDict([('middleStim', 'img/rightArrow.png'), ('leftStim', 'img/rightArrow.png'), ('rightStim', 'img/rightArrow.png'), ('stimNum', 5), ('congruent', 1), ('target', 'right'), ('locationC', [0, 0]), ('locationR', [0.033, 0]), ('locationL', [-0.033, 0]), ('straightFace', 'img/neutralC/CFD-MM-306-010-N.jpg'), ('imageSize', [0.03, 0.03])])
15.7120 	EXP 	bigFace: autoDraw = False
15.7120 	EXP 	prac_fixImg: autoDraw = False
15.7120 	EXP 	bigFace: autoDraw = False
15.7120 	EXP 	cover_background_2: autoDraw = False
15.7120 	EXP 	prac_centerImg: autoDraw = False
15.7120 	EXP 	prac_rightImg1: autoDraw = False
15.7120 	EXP 	prac_leftImg1: autoDraw = False
15.7120 	EXP 	prac_fixImg: autoDraw = False
15.7120 	EXP 	bigFace: image = 'img/neutralC/CFD-MM-306-010-N.jpg'
15.7120 	EXP 	cover_background_2: image = 'img/cover_background.png'
15.7120 	EXP 	prac_centerImg: image = 'img/rightArrow.png'
15.7120 	EXP 	prac_rightImg1: image = 'img/rightArrow.png'
15.7120 	EXP 	prac_leftImg1: image = 'img/rightArrow.png'
15.7120 	EXP 	prac_fixImg: image = 'img/transp_fixation.png'
15.7120 	EXP 	bigFace: autoDraw = True
15.7120 	EXP 	cover_background_2: autoDraw = True
15.7120 	EXP 	prac_centerImg: autoDraw = True
15.7120 	EXP 	prac_rightImg1: autoDraw = True
15.7120 	EXP 	prac_leftImg1: autoDraw = True
15.7120 	EXP 	prac_fixImg: autoDraw = True
15.9205 	EXP 	cover_background_2: autoDraw = False
15.9205 	EXP 	prac_centerImg: autoDraw = False
15.9205 	EXP 	prac_rightImg1: autoDraw = False
15.9205 	EXP 	prac_leftImg1: autoDraw = False
17.4897 	EXP 	New trial (rep=0, index=2): OrderedDict([('middleStim', 'img/rightArrow.png'), ('leftStim', 'img/leftArrow.png'), ('rightStim', 'img/leftArrow.png'), ('stimNum', 7), ('congruent', 0), ('target', 'right'), ('locationC', [0, 0]), ('locationR', [0.033, 0]), ('locationL', [-0.033, 0]), ('straightFace', 'img/neutralC/CFD-WM-228-065-N.jpg'), ('imageSize', [0.03, 0.03])])
17.6292 	EXP 	bigFace: autoDraw = False
17.6292 	EXP 	prac_fixImg: autoDraw = False
17.6292 	EXP 	bigFace: autoDraw = False
17.6292 	EXP 	cover_background_2: autoDraw = False
17.6292 	EXP 	prac_centerImg: autoDraw = False
17.6292 	EXP 	prac_rightImg1: autoDraw = False
17.6292 	EXP 	prac_leftImg1: autoDraw = False
17.6292 	EXP 	prac_fixImg: autoDraw = False
17.6292 	EXP 	bigFace: image = 'img/neutralC/CFD-WM-228-065-N.jpg'
17.6292 	EXP 	cover_background_2: image = 'img/cover_background.png'
17.6292 	EXP 	prac_centerImg: image = 'img/rightArrow.png'
17.6292 	EXP 	prac_rightImg1: image = 'img/leftArrow.png'
17.6292 	EXP 	prac_leftImg1: image = 'img/leftArrow.png'
17.6292 	EXP 	prac_fixImg: image = 'img/transp_fixation.png'
17.6292 	EXP 	bigFace: autoDraw = True
17.6292 	EXP 	cover_background_2: autoDraw = True
17.6292 	EXP 	prac_centerImg: autoDraw = True
17.6292 	EXP 	prac_rightImg1: autoDraw = True
17.6292 	EXP 	prac_leftImg1: autoDraw = True
17.6292 	EXP 	prac_fixImg: autoDraw = True
17.8390 	EXP 	cover_background_2: autoDraw = False
17.8390 	EXP 	prac_centerImg: autoDraw = False
17.8390 	EXP 	prac_rightImg1: autoDraw = False
17.8390 	EXP 	prac_leftImg1: autoDraw = False
19.5585 	EXP 	New trial (rep=0, index=3): OrderedDict([('middleStim', 'img/leftArrow.png'), ('leftStim', 'img/rightArrow.png'), ('rightStim', 'img/rightArrow.png'), ('stimNum', 8), ('congruent', 0), ('target', 'left'), ('locationC', [0, 0]), ('locationR', [0.033, 0]), ('locationL', [-0.033, 0]), ('straightFace', 'img/neutralC/CFD-WM-242-011-N.jpg'), ('imageSize', [0.03, 0.03])])
19.7039 	EXP 	bigFace: autoDraw = False
19.7039 	EXP 	prac_fixImg: autoDraw = False
19.7039 	EXP 	bigFace: autoDraw = False
19.7039 	EXP 	cover_background_2: autoDraw = False
19.7039 	EXP 	prac_centerImg: autoDraw = False
19.7039 	EXP 	prac_rightImg1: autoDraw = False
19.7039 	EXP 	prac_leftImg1: autoDraw = False
19.7039 	EXP 	prac_fixImg: autoDraw = False
19.7039 	EXP 	bigFace: image = 'img/neutralC/CFD-WM-242-011-N.jpg'
19.7039 	EXP 	cover_background_2: image = 'img/cover_background.png'
19.7039 	EXP 	prac_centerImg: image = 'img/leftArrow.png'
19.7039 	EXP 	prac_rightImg1: image = 'img/rightArrow.png'
19.7039 	EXP 	prac_leftImg1: image = 'img/rightArrow.png'
19.7039 	EXP 	prac_fixImg: image = 'img/transp_fixation.png'
19.7039 	EXP 	bigFace: autoDraw = True
19.7039 	EXP 	cover_background_2: autoDraw = True
19.7039 	EXP 	prac_centerImg: autoDraw = True
19.7039 	EXP 	prac_rightImg1: autoDraw = True
19.7039 	EXP 	prac_leftImg1: autoDraw = True
19.7039 	EXP 	prac_fixImg: autoDraw = True
19.9080 	EXP 	cover_background_2: autoDraw = False
19.9080 	EXP 	prac_centerImg: autoDraw = False
19.9080 	EXP 	prac_rightImg1: autoDraw = False
19.9080 	EXP 	prac_leftImg1: autoDraw = False
21.4770 	EXP 	New trial (rep=0, index=4): OrderedDict([('middleStim', 'img/rightArrow.png'), ('leftStim', 'img/leftArrow.png'), ('rightStim', 'img/leftArrow.png'), ('stimNum', 7), ('congruent', 0), ('target', 'right'), ('locationC', [0, 0]), ('locationR', [0.033, 0]), ('locationL', [-0.033, 0]), ('straightFace', 'img/neutralC/CFD-AM-243-212-N.jpg'), ('imageSize', [0.03, 0.03])])
21.6047 	EXP 	bigFace: autoDraw = False
21.6047 	EXP 	prac_fixImg: autoDraw = False
21.6047 	EXP 	bigFace: autoDraw = False
21.6047 	EXP 	cover_background_2: autoDraw = False
21.6047 	EXP 	prac_centerImg: autoDraw = False
21.6047 	EXP 	prac_rightImg1: autoDraw = False
21.6047 	EXP 	prac_leftImg1: autoDraw = False
21.6047 	EXP 	prac_fixImg: autoDraw = False
21.6047 	EXP 	bigFace: image = 'img/neutralC/CFD-AM-243-212-N.jpg'
21.6047 	EXP 	cover_background_2: image = 'img/cover_background.png'
21.6047 	EXP 	prac_centerImg: image = 'img/rightArrow.png'
21.6047 	EXP 	prac_rightImg1: image = 'img/leftArrow.png'
21.6047 	EXP 	prac_leftImg1: image = 'img/leftArrow.png'
21.6047 	EXP 	prac_fixImg: image = 'img/transp_fixation.png'
21.6047 	EXP 	bigFace: autoDraw = True
21.6047 	EXP 	cover_background_2: autoDraw = True
21.6047 	EXP 	prac_centerImg: autoDraw = True
21.6047 	EXP 	prac_rightImg1: autoDraw = True
21.6047 	EXP 	prac_leftImg1: autoDraw = True
21.6047 	EXP 	prac_fixImg: autoDraw = True
21.8097 	EXP 	cover_background_2: autoDraw = False
21.8097 	EXP 	prac_centerImg: autoDraw = False
21.8097 	EXP 	prac_rightImg1: autoDraw = False
21.8097 	EXP 	prac_leftImg1: autoDraw = False
23.3958 	EXP 	New trial (rep=0, index=5): OrderedDict([('middleStim', 'img/rightArrow.png'), ('leftStim', 'img/leftArrow.png'), ('rightStim', 'img/leftArrow.png'), ('stimNum', 7), ('congruent', 0), ('target', 'right'), ('locationC', [0, 0]), ('locationR', [0.033, 0]), ('locationL', [-0.033, 0]), ('straightFace', 'img/neutralC/CFD-AM-235-241-N.jpg'), ('imageSize', [0.03, 0.03])])
23.5245 	EXP 	bigFace: autoDraw = False
23.5245 	EXP 	prac_fixImg: autoDraw = False
23.5245 	EXP 	bigFace: autoDraw = False
23.5245 	EXP 	cover_background_2: autoDraw = False
23.5245 	EXP 	prac_centerImg: autoDraw = False
23.5245 	EXP 	prac_rightImg1: autoDraw = False
23.5245 	EXP 	prac_leftImg1: autoDraw = False
23.5245 	EXP 	prac_fixImg: autoDraw = False
23.5245 	EXP 	bigFace: image = 'img/neutralC/CFD-AM-235-241-N.jpg'
23.5245 	EXP 	cover_background_2: image = 'img/cover_background.png'
23.5245 	EXP 	prac_centerImg: image = 'img/rightArrow.png'
23.5245 	EXP 	prac_rightImg1: image = 'img/leftArrow.png'
23.5245 	EXP 	prac_leftImg1: image = 'img/leftArrow.png'
23.5245 	EXP 	prac_fixImg: image = 'img/transp_fixation.png'
23.5245 	EXP 	bigFace: autoDraw = True
23.5245 	EXP 	cover_background_2: autoDraw = True
23.5245 	EXP 	prac_centerImg: autoDraw = True
23.5245 	EXP 	prac_rightImg1: autoDraw = True
23.5245 	EXP 	prac_leftImg1: autoDraw = True
23.5245 	EXP 	prac_fixImg: autoDraw = True
23.7286 	EXP 	cover_background_2: autoDraw = False
23.7286 	EXP 	prac_centerImg: autoDraw = False
23.7286 	EXP 	prac_rightImg1: autoDraw = False
23.7286 	EXP 	prac_leftImg1: autoDraw = False
25.0312 	EXP 	New trial (rep=0, index=6): OrderedDict([('middleStim', 'img/leftArrow.png'), ('leftStim', 'img/leftArrow.png'), ('rightStim', 'img/leftArrow.png'), ('stimNum', 6), ('congruent', 1), ('target', 'left'), ('locationC', [0, 0]), ('locationR', [0.033, 0]), ('locationL', [-0.033, 0]), ('straightFace', 'img/neutralC/CFD-BF-228-212-N.jpg'), ('imageSize', [0.03, 0.03])])
25.1637 	EXP 	bigFace: autoDraw = False
25.1637 	EXP 	prac_fixImg: autoDraw = False
25.1637 	EXP 	bigFace: autoDraw = False
25.1637 	EXP 	cover_background_2: autoDraw = False
25.1637 	EXP 	prac_centerImg: autoDraw = False
25.1637 	EXP 	prac_rightImg1: autoDraw = False
25.1637 	EXP 	prac_leftImg1: autoDraw = False
25.1637 	EXP 	prac_fixImg: autoDraw = False
25.1637 	EXP 	bigFace: image = 'img/neutralC/CFD-BF-228-212-N.jpg'
25.1637 	EXP 	cover_background_2: image = 'img/cover_background.png'
25.1637 	EXP 	prac_centerImg: image = 'img/leftArrow.png'
25.1637 	EXP 	prac_rightImg1: image = 'img/leftArrow.png'
25.1637 	EXP 	prac_leftImg1: image = 'img/leftArrow.png'
25.1637 	EXP 	prac_fixImg: image = 'img/transp_fixation.png'
25.1637 	EXP 	bigFace: autoDraw = True
25.1637 	EXP 	cover_background_2: autoDraw = True
25.1637 	EXP 	prac_centerImg: autoDraw = True
25.1637 	EXP 	prac_rightImg1: autoDraw = True
25.1637 	EXP 	prac_leftImg1: autoDraw = True
25.1637 	EXP 	prac_fixImg: autoDraw = True
25.3635 	EXP 	cover_background_2: autoDraw = False
25.3635 	EXP 	prac_centerImg: autoDraw = False
25.3635 	EXP 	prac_rightImg1: autoDraw = False
25.3635 	EXP 	prac_leftImg1: autoDraw = False
26.8996 	EXP 	New trial (rep=0, index=7): OrderedDict([('middleStim', 'img/leftArrow.png'), ('leftStim', 'img/leftArrow.png'), ('rightStim', 'img/leftArrow.png'), ('stimNum', 6), ('congruent', 1), ('target', 'left'), ('locationC', [0, 0]), ('locationR', [0.033, 0]), ('locationL', [-0.033, 0]), ('straightFace', 'img/neutralC/CFD-BF-014-002-N.jpg'), ('imageSize', [0.03, 0.03])])
27.0348 	EXP 	bigFace: autoDraw = False
27.0348 	EXP 	prac_fixImg: autoDraw = False
27.0348 	EXP 	bigFace: autoDraw = False
27.0348 	EXP 	cover_background_2: autoDraw = False
27.0348 	EXP 	prac_centerImg: autoDraw = False
27.0348 	EXP 	prac_rightImg1: autoDraw = False
27.0348 	EXP 	prac_leftImg1: autoDraw = False
27.0348 	EXP 	prac_fixImg: autoDraw = False
27.0348 	EXP 	bigFace: image = 'img/neutralC/CFD-BF-014-002-N.jpg'
27.0348 	EXP 	cover_background_2: image = 'img/cover_background.png'
27.0348 	EXP 	prac_centerImg: image = 'img/leftArrow.png'
27.0348 	EXP 	prac_rightImg1: image = 'img/leftArrow.png'
27.0348 	EXP 	prac_leftImg1: image = 'img/leftArrow.png'
27.0348 	EXP 	prac_fixImg: image = 'img/transp_fixation.png'
27.0348 	EXP 	bigFace: autoDraw = True
27.0348 	EXP 	cover_background_2: autoDraw = True
27.0348 	EXP 	prac_centerImg: autoDraw = True
27.0348 	EXP 	prac_rightImg1: autoDraw = True
27.0348 	EXP 	prac_leftImg1: autoDraw = True
27.0348 	EXP 	prac_fixImg: autoDraw = True
27.2484 	EXP 	cover_background_2: autoDraw = False
27.2484 	EXP 	prac_centerImg: autoDraw = False
27.2484 	EXP 	prac_rightImg1: autoDraw = False
27.2484 	EXP 	prac_leftImg1: autoDraw = False
28.6510 	EXP 	New trial (rep=0, index=8): OrderedDict([('middleStim', 'img/rightArrow.png'), ('leftStim', 'img/rightArrow.png'), ('rightStim', 'img/rightArrow.png'), ('stimNum', 5), ('congruent', 1), ('target', 'right'), ('locationC', [0, 0]), ('locationR', [0.033, 0]), ('locationL', [-0.033, 0]), ('straightFace', 'img/neutralC/CFD-BF-212-315-N.jpg'), ('imageSize', [0.03, 0.03])])
28.7865 	EXP 	bigFace: autoDraw = False
28.7865 	EXP 	prac_fixImg: autoDraw = False
28.7865 	EXP 	bigFace: autoDraw = False
28.7865 	EXP 	cover_background_2: autoDraw = False
28.7865 	EXP 	prac_centerImg: autoDraw = False
28.7865 	EXP 	prac_rightImg1: autoDraw = False
28.7865 	EXP 	prac_leftImg1: autoDraw = False
28.7865 	EXP 	prac_fixImg: autoDraw = False
28.7865 	EXP 	bigFace: image = 'img/neutralC/CFD-BF-212-315-N.jpg'
28.7865 	EXP 	cover_background_2: image = 'img/cover_background.png'
28.7865 	EXP 	prac_centerImg: image = 'img/rightArrow.png'
28.7865 	EXP 	prac_rightImg1: image = 'img/rightArrow.png'
28.7865 	EXP 	prac_leftImg1: image = 'img/rightArrow.png'
28.7865 	EXP 	prac_fixImg: image = 'img/transp_fixation.png'
28.7865 	EXP 	bigFace: autoDraw = True
28.7865 	EXP 	cover_background_2: autoDraw = True
28.7865 	EXP 	prac_centerImg: autoDraw = True
28.7865 	EXP 	prac_rightImg1: autoDraw = True
28.7865 	EXP 	prac_leftImg1: autoDraw = True
28.7865 	EXP 	prac_fixImg: autoDraw = True
29.0003 	EXP 	cover_background_2: autoDraw = False
29.0003 	EXP 	prac_centerImg: autoDraw = False
29.0003 	EXP 	prac_rightImg1: autoDraw = False
29.0003 	EXP 	prac_leftImg1: autoDraw = False
30.4026 	EXP 	New trial (rep=0, index=9): OrderedDict([('middleStim', 'img/leftArrow.png'), ('leftStim', 'img/rightArrow.png'), ('rightStim', 'img/rightArrow.png'), ('stimNum', 8), ('congruent', 0), ('target', 'left'), ('locationC', [0, 0]), ('locationR', [0.033, 0]), ('locationL', [-0.033, 0]), ('straightFace', 'img/neutralC/CFD-IM-627-178-N.jpg'), ('imageSize', [0.03, 0.03])])
30.5414 	EXP 	bigFace: autoDraw = False
30.5414 	EXP 	prac_fixImg: autoDraw = False
30.5414 	EXP 	bigFace: autoDraw = False
30.5414 	EXP 	cover_background_2: autoDraw = False
30.5414 	EXP 	prac_centerImg: autoDraw = False
30.5414 	EXP 	prac_rightImg1: autoDraw = False
30.5414 	EXP 	prac_leftImg1: autoDraw = False
30.5414 	EXP 	prac_fixImg: autoDraw = False
30.5414 	EXP 	bigFace: image = 'img/neutralC/CFD-IM-627-178-N.jpg'
30.5414 	EXP 	cover_background_2: image = 'img/cover_background.png'
30.5414 	EXP 	prac_centerImg: image = 'img/leftArrow.png'
30.5414 	EXP 	prac_rightImg1: image = 'img/rightArrow.png'
30.5414 	EXP 	prac_leftImg1: image = 'img/rightArrow.png'
30.5414 	EXP 	prac_fixImg: image = 'img/transp_fixation.png'
30.5414 	EXP 	bigFace: autoDraw = True
30.5414 	EXP 	cover_background_2: autoDraw = True
30.5414 	EXP 	prac_centerImg: autoDraw = True
30.5414 	EXP 	prac_rightImg1: autoDraw = True
30.5414 	EXP 	prac_leftImg1: autoDraw = True
30.5414 	EXP 	prac_fixImg: autoDraw = True
30.7521 	EXP 	cover_background_2: autoDraw = False
30.7521 	EXP 	prac_centerImg: autoDraw = False
30.7521 	EXP 	prac_rightImg1: autoDraw = False
30.7521 	EXP 	prac_leftImg1: autoDraw = False
32.3380 	EXP 	New trial (rep=0, index=10): OrderedDict([('middleStim', 'img/rightArrow.png'), ('leftStim', 'img/rightArrow.png'), ('rightStim', 'img/rightArrow.png'), ('stimNum', 5), ('congruent', 1), ('target', 'right'), ('locationC', [0, 0]), ('locationR', [0.033, 0]), ('locationL', [-0.033, 0]), ('straightFace', 'img/neutralC/CFD-WF-008-002-N.jpg'), ('imageSize', [0.03, 0.03])])
32.4729 	EXP 	bigFace: autoDraw = False
32.4729 	EXP 	prac_fixImg: autoDraw = False
32.4729 	EXP 	bigFace: autoDraw = False
32.4729 	EXP 	cover_background_2: autoDraw = False
32.4729 	EXP 	prac_centerImg: autoDraw = False
32.4729 	EXP 	prac_rightImg1: autoDraw = False
32.4729 	EXP 	prac_leftImg1: autoDraw = False
32.4729 	EXP 	prac_fixImg: autoDraw = False
32.4729 	EXP 	bigFace: image = 'img/neutralC/CFD-WF-008-002-N.jpg'
32.4729 	EXP 	cover_background_2: image = 'img/cover_background.png'
32.4729 	EXP 	prac_centerImg: image = 'img/rightArrow.png'
32.4729 	EXP 	prac_rightImg1: image = 'img/rightArrow.png'
32.4729 	EXP 	prac_leftImg1: image = 'img/rightArrow.png'
32.4729 	EXP 	prac_fixImg: image = 'img/transp_fixation.png'
32.4729 	EXP 	bigFace: autoDraw = True
32.4729 	EXP 	cover_background_2: autoDraw = True
32.4729 	EXP 	prac_centerImg: autoDraw = True
32.4729 	EXP 	prac_rightImg1: autoDraw = True
32.4729 	EXP 	prac_leftImg1: autoDraw = True
32.4729 	EXP 	prac_fixImg: autoDraw = True
32.6874 	EXP 	cover_background_2: autoDraw = False
32.6874 	EXP 	prac_centerImg: autoDraw = False
32.6874 	EXP 	prac_rightImg1: autoDraw = False
32.6874 	EXP 	prac_leftImg1: autoDraw = False
34.2566 	EXP 	New trial (rep=0, index=11): OrderedDict([('middleStim', 'img/rightArrow.png'), ('leftStim', 'img/leftArrow.png'), ('rightStim', 'img/leftArrow.png'), ('stimNum', 7), ('congruent', 0), ('target', 'right'), ('locationC', [0, 0]), ('locationR', [0.033, 0]), ('locationL', [-0.033, 0]), ('straightFace', 'img/neutralC/CFD-IM-671-601-N.jpg'), ('imageSize', [0.03, 0.03])])
34.3879 	EXP 	bigFace: autoDraw = False
34.3879 	EXP 	prac_fixImg: autoDraw = False
34.3879 	EXP 	bigFace: autoDraw = False
34.3879 	EXP 	cover_background_2: autoDraw = False
34.3879 	EXP 	prac_centerImg: autoDraw = False
34.3879 	EXP 	prac_rightImg1: autoDraw = False
34.3879 	EXP 	prac_leftImg1: autoDraw = False
34.3879 	EXP 	prac_fixImg: autoDraw = False
34.3879 	EXP 	bigFace: image = 'img/neutralC/CFD-IM-671-601-N.jpg'
34.3879 	EXP 	cover_background_2: image = 'img/cover_background.png'
34.3879 	EXP 	prac_centerImg: image = 'img/rightArrow.png'
34.3879 	EXP 	prac_rightImg1: image = 'img/leftArrow.png'
34.3879 	EXP 	prac_leftImg1: image = 'img/leftArrow.png'
34.3879 	EXP 	prac_fixImg: image = 'img/transp_fixation.png'
34.3879 	EXP 	bigFace: autoDraw = True
34.3879 	EXP 	cover_background_2: autoDraw = True
34.3879 	EXP 	prac_centerImg: autoDraw = True
34.3879 	EXP 	prac_rightImg1: autoDraw = True
34.3879 	EXP 	prac_leftImg1: autoDraw = True
34.3879 	EXP 	prac_fixImg: autoDraw = True
34.5890 	EXP 	cover_background_2: autoDraw = False
34.5890 	EXP 	prac_centerImg: autoDraw = False
34.5890 	EXP 	prac_rightImg1: autoDraw = False
34.5890 	EXP 	prac_leftImg1: autoDraw = False
36.1916 	EXP 	New trial (rep=0, index=12): OrderedDict([('middleStim', 'img/rightArrow.png'), ('leftStim', 'img/leftArrow.png'), ('rightStim', 'img/leftArrow.png'), ('stimNum', 7), ('congruent', 0), ('target', 'right'), ('locationC', [0, 0]), ('locationR', [0.033, 0]), ('locationL', [-0.033, 0]), ('straightFace', 'img/neutralC/CFD-MF-328-020-N.jpg'), ('imageSize', [0.03, 0.03])])
36.3328 	EXP 	bigFace: autoDraw = False
36.3328 	EXP 	prac_fixImg: autoDraw = False
36.3328 	EXP 	bigFace: autoDraw = False
36.3328 	EXP 	cover_background_2: autoDraw = False
36.3328 	EXP 	prac_centerImg: autoDraw = False
36.3328 	EXP 	prac_rightImg1: autoDraw = False
36.3328 	EXP 	prac_leftImg1: autoDraw = False
36.3328 	EXP 	prac_fixImg: autoDraw = False
36.3328 	EXP 	bigFace: image = 'img/neutralC/CFD-MF-328-020-N.jpg'
36.3328 	EXP 	cover_background_2: image = 'img/cover_background.png'
36.3328 	EXP 	prac_centerImg: image = 'img/rightArrow.png'
36.3328 	EXP 	prac_rightImg1: image = 'img/leftArrow.png'
36.3328 	EXP 	prac_leftImg1: image = 'img/leftArrow.png'
36.3328 	EXP 	prac_fixImg: image = 'img/transp_fixation.png'
36.3328 	EXP 	bigFace: autoDraw = True
36.3328 	EXP 	cover_background_2: autoDraw = True
36.3328 	EXP 	prac_centerImg: autoDraw = True
36.3328 	EXP 	prac_rightImg1: autoDraw = True
36.3328 	EXP 	prac_leftImg1: autoDraw = True
36.3328 	EXP 	prac_fixImg: autoDraw = True
36.5414 	EXP 	cover_background_2: autoDraw = False
36.5414 	EXP 	prac_centerImg: autoDraw = False
36.5414 	EXP 	prac_rightImg1: autoDraw = False
36.5414 	EXP 	prac_leftImg1: autoDraw = False
38.2614 	EXP 	New trial (rep=0, index=13): OrderedDict([('middleStim', 'img/leftArrow.png'), ('leftStim', 'img/leftArrow.png'), ('rightStim', 'img/leftArrow.png'), ('stimNum', 6), ('congruent', 1), ('target', 'left'), ('locationC', [0, 0]), ('locationR', [0.033, 0]), ('locationL', [-0.033, 0]), ('straightFace', 'img/neutralC/CFD-IF-634-382-N.jpg'), ('imageSize', [0.03, 0.03])])
38.4397 	EXP 	bigFace: autoDraw = False
38.4397 	EXP 	prac_fixImg: autoDraw = False
38.4397 	EXP 	bigFace: autoDraw = False
38.4397 	EXP 	cover_background_2: autoDraw = False
38.4397 	EXP 	prac_centerImg: autoDraw = False
38.4397 	EXP 	prac_rightImg1: autoDraw = False
38.4397 	EXP 	prac_leftImg1: autoDraw = False
38.4397 	EXP 	prac_fixImg: autoDraw = False
38.4397 	EXP 	bigFace: image = 'img/neutralC/CFD-IF-634-382-N.jpg'
38.4397 	EXP 	cover_background_2: image = 'img/cover_background.png'
38.4397 	EXP 	prac_centerImg: image = 'img/leftArrow.png'
38.4397 	EXP 	prac_rightImg1: image = 'img/leftArrow.png'
38.4397 	EXP 	prac_leftImg1: image = 'img/leftArrow.png'
38.4397 	EXP 	prac_fixImg: image = 'img/transp_fixation.png'
38.4397 	EXP 	bigFace: autoDraw = True
38.4397 	EXP 	cover_background_2: autoDraw = True
38.4397 	EXP 	prac_centerImg: autoDraw = True
38.4397 	EXP 	prac_rightImg1: autoDraw = True
38.4397 	EXP 	prac_leftImg1: autoDraw = True
38.4397 	EXP 	prac_fixImg: autoDraw = True
38.6433 	EXP 	cover_background_2: autoDraw = False
38.6433 	EXP 	prac_centerImg: autoDraw = False
38.6433 	EXP 	prac_rightImg1: autoDraw = False
38.6433 	EXP 	prac_leftImg1: autoDraw = False
40.2631 	EXP 	New trial (rep=0, index=14): OrderedDict([('middleStim', 'img/leftArrow.png'), ('leftStim', 'img/leftArrow.png'), ('rightStim', 'img/leftArrow.png'), ('stimNum', 6), ('congruent', 1), ('target', 'left'), ('locationC', [0, 0]), ('locationR', [0.033, 0]), ('locationL', [-0.033, 0]), ('straightFace', 'img/neutralC/CFD-BF-213-188-N.jpg'), ('imageSize', [0.03, 0.03])])
40.4059 	EXP 	bigFace: autoDraw = False
40.4059 	EXP 	prac_fixImg: autoDraw = False
40.4059 	EXP 	bigFace: autoDraw = False
40.4059 	EXP 	cover_background_2: autoDraw = False
40.4059 	EXP 	prac_centerImg: autoDraw = False
40.4059 	EXP 	prac_rightImg1: autoDraw = False
40.4059 	EXP 	prac_leftImg1: autoDraw = False
40.4059 	EXP 	prac_fixImg: autoDraw = False
40.4059 	EXP 	bigFace: image = 'img/neutralC/CFD-BF-213-188-N.jpg'
40.4059 	EXP 	cover_background_2: image = 'img/cover_background.png'
40.4059 	EXP 	prac_centerImg: image = 'img/leftArrow.png'
40.4059 	EXP 	prac_rightImg1: image = 'img/leftArrow.png'
40.4059 	EXP 	prac_leftImg1: image = 'img/leftArrow.png'
40.4059 	EXP 	prac_fixImg: image = 'img/transp_fixation.png'
40.4059 	EXP 	bigFace: autoDraw = True
40.4059 	EXP 	cover_background_2: autoDraw = True
40.4059 	EXP 	prac_centerImg: autoDraw = True
40.4059 	EXP 	prac_rightImg1: autoDraw = True
40.4059 	EXP 	prac_leftImg1: autoDraw = True
40.4059 	EXP 	prac_fixImg: autoDraw = True
40.6117 	EXP 	cover_background_2: autoDraw = False
40.6117 	EXP 	prac_centerImg: autoDraw = False
40.6117 	EXP 	prac_rightImg1: autoDraw = False
40.6117 	EXP 	prac_leftImg1: autoDraw = False
42.0312 	EXP 	New trial (rep=0, index=15): OrderedDict([('middleStim', 'img/leftArrow.png'), ('leftStim', 'img/rightArrow.png'), ('rightStim', 'img/rightArrow.png'), ('stimNum', 8), ('congruent', 0), ('target', 'left'), ('locationC', [0, 0]), ('locationR', [0.033, 0]), ('locationL', [-0.033, 0]), ('straightFace', 'img/neutralC/CFD-MF-342-022-N.jpg'), ('imageSize', [0.03, 0.03])])
42.1709 	EXP 	bigFace: autoDraw = False
42.1709 	EXP 	prac_fixImg: autoDraw = False
42.1709 	EXP 	bigFace: autoDraw = False
42.1709 	EXP 	cover_background_2: autoDraw = False
42.1709 	EXP 	prac_centerImg: autoDraw = False
42.1709 	EXP 	prac_rightImg1: autoDraw = False
42.1709 	EXP 	prac_leftImg1: autoDraw = False
42.1709 	EXP 	prac_fixImg: autoDraw = False
42.1709 	EXP 	bigFace: image = 'img/neutralC/CFD-MF-342-022-N.jpg'
42.1709 	EXP 	cover_background_2: image = 'img/cover_background.png'
42.1709 	EXP 	prac_centerImg: image = 'img/leftArrow.png'
42.1709 	EXP 	prac_rightImg1: image = 'img/rightArrow.png'
42.1709 	EXP 	prac_leftImg1: image = 'img/rightArrow.png'
42.1709 	EXP 	prac_fixImg: image = 'img/transp_fixation.png'
42.1709 	EXP 	bigFace: autoDraw = True
42.1709 	EXP 	cover_background_2: autoDraw = True
42.1709 	EXP 	prac_centerImg: autoDraw = True
42.1709 	EXP 	prac_rightImg1: autoDraw = True
42.1709 	EXP 	prac_leftImg1: autoDraw = True
42.1709 	EXP 	prac_fixImg: autoDraw = True
42.3805 	EXP 	cover_background_2: autoDraw = False
42.3805 	EXP 	prac_centerImg: autoDraw = False
42.3805 	EXP 	prac_rightImg1: autoDraw = False
42.3805 	EXP 	prac_leftImg1: autoDraw = False
43.9833 	EXP 	New trial (rep=0, index=16): OrderedDict([('middleStim', 'img/leftArrow.png'), ('leftStim', 'img/leftArrow.png'), ('rightStim', 'img/leftArrow.png'), ('stimNum', 6), ('congruent', 1), ('target', 'left'), ('locationC', [0, 0]), ('locationR', [0.033, 0]), ('locationL', [-0.033, 0]), ('straightFace', 'img/neutralC/CFD-BM-041-035-N.jpg'), ('imageSize', [0.03, 0.03])])
44.1207 	EXP 	bigFace: autoDraw = False
44.1207 	EXP 	prac_fixImg: autoDraw = False
44.1207 	EXP 	bigFace: autoDraw = False
44.1207 	EXP 	cover_background_2: autoDraw = False
44.1207 	EXP 	prac_centerImg: autoDraw = False
44.1207 	EXP 	prac_rightImg1: autoDraw = False
44.1207 	EXP 	prac_leftImg1: autoDraw = False
44.1207 	EXP 	prac_fixImg: autoDraw = False
44.1207 	EXP 	bigFace: image = 'img/neutralC/CFD-BM-041-035-N.jpg'
44.1207 	EXP 	cover_background_2: image = 'img/cover_background.png'
44.1207 	EXP 	prac_centerImg: image = 'img/leftArrow.png'
44.1207 	EXP 	prac_rightImg1: image = 'img/leftArrow.png'
44.1207 	EXP 	prac_leftImg1: image = 'img/leftArrow.png'
44.1207 	EXP 	prac_fixImg: image = 'img/transp_fixation.png'
44.1207 	EXP 	bigFace: autoDraw = True
44.1207 	EXP 	cover_background_2: autoDraw = True
44.1207 	EXP 	prac_centerImg: autoDraw = True
44.1207 	EXP 	prac_rightImg1: autoDraw = True
44.1207 	EXP 	prac_leftImg1: autoDraw = True
44.1207 	EXP 	prac_fixImg: autoDraw = True
44.3319 	EXP 	cover_background_2: autoDraw = False
44.3319 	EXP 	prac_centerImg: autoDraw = False
44.3319 	EXP 	prac_rightImg1: autoDraw = False
44.3319 	EXP 	prac_leftImg1: autoDraw = False
45.7855 	EXP 	New trial (rep=0, index=17): OrderedDict([('middleStim', 'img/leftArrow.png'), ('leftStim', 'img/rightArrow.png'), ('rightStim', 'img/rightArrow.png'), ('stimNum', 8), ('congruent', 0), ('target', 'left'), ('locationC', [0, 0]), ('locationR', [0.033, 0]), ('locationL', [-0.033, 0]), ('straightFace', 'img/neutralC/CFD-WF-223-133-N.jpg'), ('imageSize', [0.03, 0.03])])
45.9282 	EXP 	bigFace: autoDraw = False
45.9282 	EXP 	prac_fixImg: autoDraw = False
45.9282 	EXP 	bigFace: autoDraw = False
45.9282 	EXP 	cover_background_2: autoDraw = False
45.9282 	EXP 	prac_centerImg: autoDraw = False
45.9282 	EXP 	prac_rightImg1: autoDraw = False
45.9282 	EXP 	prac_leftImg1: autoDraw = False
45.9282 	EXP 	prac_fixImg: autoDraw = False
45.9282 	EXP 	bigFace: image = 'img/neutralC/CFD-WF-223-133-N.jpg'
45.9282 	EXP 	cover_background_2: image = 'img/cover_background.png'
45.9282 	EXP 	prac_centerImg: image = 'img/leftArrow.png'
45.9282 	EXP 	prac_rightImg1: image = 'img/rightArrow.png'
45.9282 	EXP 	prac_leftImg1: image = 'img/rightArrow.png'
45.9282 	EXP 	prac_fixImg: image = 'img/transp_fixation.png'
45.9282 	EXP 	bigFace: autoDraw = True
45.9282 	EXP 	cover_background_2: autoDraw = True
45.9282 	EXP 	prac_centerImg: autoDraw = True
45.9282 	EXP 	prac_rightImg1: autoDraw = True
45.9282 	EXP 	prac_leftImg1: autoDraw = True
45.9282 	EXP 	prac_fixImg: autoDraw = True
46.1339 	EXP 	cover_background_2: autoDraw = False
46.1339 	EXP 	prac_centerImg: autoDraw = False
46.1339 	EXP 	prac_rightImg1: autoDraw = False
46.1339 	EXP 	prac_leftImg1: autoDraw = False
47.5030 	EXP 	New trial (rep=0, index=18): OrderedDict([('middleStim', 'img/leftArrow.png'), ('leftStim', 'img/rightArrow.png'), ('rightStim', 'img/rightArrow.png'), ('stimNum', 8), ('congruent', 0), ('target', 'left'), ('locationC', [0, 0]), ('locationR', [0.033, 0]), ('locationL', [-0.033, 0]), ('straightFace', 'img/neutralC/CFD-LM-226-175-N.jpg'), ('imageSize', [0.03, 0.03])])
47.6544 	EXP 	bigFace: autoDraw = False
47.6544 	EXP 	prac_fixImg: autoDraw = False
47.6544 	EXP 	bigFace: autoDraw = False
47.6544 	EXP 	cover_background_2: autoDraw = False
47.6544 	EXP 	prac_centerImg: autoDraw = False
47.6544 	EXP 	prac_rightImg1: autoDraw = False
47.6544 	EXP 	prac_leftImg1: autoDraw = False
47.6544 	EXP 	prac_fixImg: autoDraw = False
47.6544 	EXP 	bigFace: image = 'img/neutralC/CFD-LM-226-175-N.jpg'
47.6544 	EXP 	cover_background_2: image = 'img/cover_background.png'
47.6544 	EXP 	prac_centerImg: image = 'img/leftArrow.png'
47.6544 	EXP 	prac_rightImg1: image = 'img/rightArrow.png'
47.6544 	EXP 	prac_leftImg1: image = 'img/rightArrow.png'
47.6544 	EXP 	prac_fixImg: image = 'img/transp_fixation.png'
47.6544 	EXP 	bigFace: autoDraw = True
47.6544 	EXP 	cover_background_2: autoDraw = True
47.6544 	EXP 	prac_centerImg: autoDraw = True
47.6544 	EXP 	prac_rightImg1: autoDraw = True
47.6544 	EXP 	prac_leftImg1: autoDraw = True
47.6544 	EXP 	prac_fixImg: autoDraw = True
47.8690 	EXP 	cover_background_2: autoDraw = False
47.8690 	EXP 	prac_centerImg: autoDraw = False
47.8690 	EXP 	prac_rightImg1: autoDraw = False
47.8690 	EXP 	prac_leftImg1: autoDraw = False
49.2546 	EXP 	New trial (rep=0, index=19): OrderedDict([('middleStim', 'img/rightArrow.png'), ('leftStim', 'img/rightArrow.png'), ('rightStim', 'img/rightArrow.png'), ('stimNum', 5), ('congruent', 1), ('target', 'right'), ('locationC', [0, 0]), ('locationR', [0.033, 0]), ('locationL', [-0.033, 0]), ('straightFace', 'img/neutralC/CFD-WF-036-023-N.jpg'), ('imageSize', [0.03, 0.03])])
49.3881 	EXP 	bigFace: autoDraw = False
49.3881 	EXP 	prac_fixImg: autoDraw = False
49.3881 	EXP 	bigFace: autoDraw = False
49.3881 	EXP 	cover_background_2: autoDraw = False
49.3881 	EXP 	prac_centerImg: autoDraw = False
49.3881 	EXP 	prac_rightImg1: autoDraw = False
49.3881 	EXP 	prac_leftImg1: autoDraw = False
49.3881 	EXP 	prac_fixImg: autoDraw = False
49.3881 	EXP 	bigFace: image = 'img/neutralC/CFD-WF-036-023-N.jpg'
49.3881 	EXP 	cover_background_2: image = 'img/cover_background.png'
49.3881 	EXP 	prac_centerImg: image = 'img/rightArrow.png'
49.3881 	EXP 	prac_rightImg1: image = 'img/rightArrow.png'
49.3881 	EXP 	prac_leftImg1: image = 'img/rightArrow.png'
49.3881 	EXP 	prac_fixImg: image = 'img/transp_fixation.png'
49.3881 	EXP 	bigFace: autoDraw = True
49.3881 	EXP 	cover_background_2: autoDraw = True
49.3881 	EXP 	prac_centerImg: autoDraw = True
49.3881 	EXP 	prac_rightImg1: autoDraw = True
49.3881 	EXP 	prac_leftImg1: autoDraw = True
49.3881 	EXP 	prac_fixImg: autoDraw = True
49.5882 	EXP 	cover_background_2: autoDraw = False
49.5882 	EXP 	prac_centerImg: autoDraw = False
49.5882 	EXP 	prac_rightImg1: autoDraw = False
49.5882 	EXP 	prac_leftImg1: autoDraw = False
51.1338 	EXP 	bigFace: autoDraw = False
51.1338 	EXP 	prac_fixImg: autoDraw = False
51.1338 	EXP 	bigFace: autoDraw = False
51.1338 	EXP 	cover_background_2: autoDraw = False
51.1338 	EXP 	prac_centerImg: autoDraw = False
51.1338 	EXP 	prac_rightImg1: autoDraw = False
51.1338 	EXP 	prac_leftImg1: autoDraw = False
51.1338 	EXP 	prac_fixImg: autoDraw = False
51.1338 	EXP 	prac_blockFeed_text: height = 0.04
51.1338 	EXP 	prac_blockFeed_text: height = 0.04
51.1338 	EXP 	prac_blockFeed_text: text = 'Please try the practice again'
51.1338 	EXP 	prac_blockFeed_text: autoDraw = True
51.1338 	EXP 	prac_pressContinue: autoDraw = True
251.9860 	DATA 	Keypress: escape
252.4889 	EXP 	window1: mouseVisible = True
252.4906 	DEBUG 	Saving data for face_flanker_v1 ExperimentHandler
252.4968 	INFO 	saved data to C:\Users\kihossei\Desktop\Github_repos\memory-for-error-dataset\materials\experiments\arrowFlanker_with_chicago_background_half\data/_face_flanker_v1_2022-05-31_11h13.14.021.psydat
252.5036 	INFO 	saved data to 'C:\\Users\\kihossei\\Desktop\\Github_repos\\memory-for-error-dataset\\materials\\experiments\\arrowFlanker_with_chicago_background_half\\data/_face_flanker_v1_2022-05-31_11h13.14.021.csv'
