1.4295 	WARNING 	We strongly recommend you activate the PTB sound engine in PsychoPy prefs as the preferred audio engine. Its timing is vastly superior. Your prefs are currently set to use ['sounddevice', 'PTB', 'pyo', 'pygame'] (in that order).
7.8303 	INFO 	Loaded monitor calibration from ['2022_01_06 13:13']
7.8347 	ERROR 	'0.5000, 0.5000, 0.5000' is not a valid rgb color
7.8499 	WARNING 	User requested fullscreen with size [1920 1080], but screen is actually [1440, 900]. Using actual size
8.8251 	EXP 	Created window1 = Window(allowGUI=False, allowStencil=False, autoLog=True, backendConf=UNKNOWN, bitsMode=UNKNOWN, blendMode='avg', bpc=(8, 8, 8), color=array([0, 0, 0]), colorSpace='rgb', depthBits=8, fullscr=<method-wrapper '__getattribute__' of attributeSetter object at 0x7fc9b5fe3a20>, gamma=None, gammaErrorPolicy='raise', lms=UNKNOWN, monitor=<psychopy.monitors.calibTools.Monitor object at 0x7fc9d3f0c780>, multiSample=False, name='window1', numSamples=2, pos=[360.0, 225.0], screen=0, size=array([2880, 1800]), stencilBits=0, stereo=False, units='height', useFBO=True, useRetina=True, viewOri=0.0, viewPos=None, viewScale=None, waitBlanking=True, winType='pyglet')
8.8253 	EXP 	window1: mouseVisible = True
8.8254 	EXP 	window1: recordFrameIntervals = False
8.9903 	EXP 	window1: recordFrameIntervals = True
9.1909 	DEBUG 	Screen (0) actual frame rate measured at 59.48
9.1910 	EXP 	window1: recordFrameIntervals = False
11.5532 	INFO 	keyboard.Keyboard is using ptb backend.
11.6776 	EXP 	Created welcome_text = TextStim(__class__=<class 'psychopy.visual.text.TextStim'>, alignHoriz=method-wrapper(...), alignText='center', alignVert=method-wrapper(...), anchorHoriz='center', anchorVert='center', antialias=True, autoLog=True, bold=False, color=array([1., 1., 1.]), colorSpace='rgb', contrast=1.0, depth=0.0, flipHoriz=False, flipVert=False, font='Arial', fontFiles=[], height=0.04, italic=False, languageStyle='LTR', name='welcome_text', opacity=1, ori=0, pos=array([0., 0.]), rgb=UNKNOWN, text=str(...), units='height', win=Window(...), wrapWidth=1.3)
11.9919 	INFO 	keyboard.Keyboard is using ptb backend.
12.0079 	EXP 	Created instructRight_text = TextStim(__class__=<class 'psychopy.visual.text.TextStim'>, alignHoriz=method-wrapper(...), alignText='center', alignVert=method-wrapper(...), anchorHoriz='center', anchorVert='center', antialias=True, autoLog=True, bold=False, color=array([1., 1., 1.]), colorSpace='rgb', contrast=1.0, depth=0.0, flipHoriz=False, flipVert=False, font='Arial', fontFiles=[], height=0.04, italic=False, languageStyle='LTR', name='instructRight_text', opacity=1, ori=0, pos=array([0., 0.]), rgb=UNKNOWN, text=str(...), units='height', win=Window(...), wrapWidth=1.3)
12.1488 	EXP 	Created instructRight_centerImg = ImageStim(__class__=<class 'psychopy.visual.image.ImageStim'>, autoLog=True, color=array([1., 1., 1.]), colorSpace='rgb', contrast=1.0, depth=-1.0, flipHoriz=False, flipVert=False, image='img/rightArrow.png', interpolate=True, mask=None, maskParams=None, name='instructRight_centerImg', opacity=1, ori=0.0, pos=array([ 0. , -0.3]), size=array([0.02, 0.02]), texRes=512, units='height', win=Window(...))
12.2176 	EXP 	Created instructRight_rightImg1 = ImageStim(__class__=<class 'psychopy.visual.image.ImageStim'>, autoLog=True, color=array([1., 1., 1.]), colorSpace='rgb', contrast=1.0, depth=-2.0, flipHoriz=False, flipVert=False, image='img/rightArrow.png', interpolate=True, mask=None, maskParams=None, name='instructRight_rightImg1', opacity=1, ori=0.0, pos=array([ 0.03, -0.3 ]), size=array([0.02, 0.02]), texRes=512, units='height', win=Window(...))
12.2750 	EXP 	Created instructRight_leftImg1 = ImageStim(__class__=<class 'psychopy.visual.image.ImageStim'>, autoLog=True, color=array([1., 1., 1.]), colorSpace='rgb', contrast=1.0, depth=-3.0, flipHoriz=False, flipVert=False, image='img/rightArrow.png', interpolate=True, mask=None, maskParams=None, name='instructRight_leftImg1', opacity=1, ori=0.0, pos=array([-0.03, -0.3 ]), size=array([0.02, 0.02]), texRes=512, units='height', win=Window(...))
12.5740 	INFO 	keyboard.Keyboard is using ptb backend.
12.5816 	EXP 	Created instructLeft_text = TextStim(__class__=<class 'psychopy.visual.text.TextStim'>, alignHoriz=method-wrapper(...), alignText='center', alignVert=method-wrapper(...), anchorHoriz='center', anchorVert='center', antialias=True, autoLog=True, bold=False, color=array([1., 1., 1.]), colorSpace='rgb', contrast=1.0, depth=0.0, flipHoriz=False, flipVert=False, font='Arial', fontFiles=[], height=0.04, italic=False, languageStyle='LTR', name='instructLeft_text', opacity=1, ori=0, pos=array([0., 0.]), rgb=UNKNOWN, text=str(...), units='height', win=Window(...), wrapWidth=1.3)
12.6402 	EXP 	Created instructLeft_centerImg = ImageStim(__class__=<class 'psychopy.visual.image.ImageStim'>, autoLog=True, color=array([1., 1., 1.]), colorSpace='rgb', contrast=1.0, depth=-1.0, flipHoriz=False, flipVert=False, image='img/leftArrow.png', interpolate=True, mask=None, maskParams=None, name='instructLeft_centerImg', opacity=1, ori=0.0, pos=array([ 0. , -0.3]), size=array([0.02, 0.02]), texRes=512, units='height', win=Window(...))
12.7000 	EXP 	Created instructLeft_rightImg1 = ImageStim(__class__=<class 'psychopy.visual.image.ImageStim'>, autoLog=True, color=array([1., 1., 1.]), colorSpace='rgb', contrast=1.0, depth=-2.0, flipHoriz=False, flipVert=False, image='img/leftArrow.png', interpolate=True, mask=None, maskParams=None, name='instructLeft_rightImg1', opacity=1, ori=0.0, pos=array([ 0.03, -0.3 ]), size=array([0.02, 0.02]), texRes=512, units='height', win=Window(...))
12.7605 	EXP 	Created instructLeft_leftImg1 = ImageStim(__class__=<class 'psychopy.visual.image.ImageStim'>, autoLog=True, color=array([1., 1., 1.]), colorSpace='rgb', contrast=1.0, depth=-3.0, flipHoriz=False, flipVert=False, image='img/leftArrow.png', interpolate=True, mask=None, maskParams=None, name='instructLeft_leftImg1', opacity=1, ori=0.0, pos=array([-0.03, -0.3 ]), size=array([0.02, 0.02]), texRes=512, units='height', win=Window(...))
13.0654 	INFO 	keyboard.Keyboard is using ptb backend.
13.0805 	EXP 	Created instructInconRight_text = TextStim(__class__=<class 'psychopy.visual.text.TextStim'>, alignHoriz=method-wrapper(...), alignText='center', alignVert=method-wrapper(...), anchorHoriz='center', anchorVert='center', antialias=True, autoLog=True, bold=False, color=array([1., 1., 1.]), colorSpace='rgb', contrast=1.0, depth=0.0, flipHoriz=False, flipVert=False, font='Arial', fontFiles=[], height=0.04, italic=False, languageStyle='LTR', name='instructInconRight_text', opacity=1, ori=0, pos=array([0., 0.]), rgb=UNKNOWN, text=str(...), units='height', win=Window(...), wrapWidth=1.3)
13.1386 	EXP 	Created instructIncon_centerImg = ImageStim(__class__=<class 'psychopy.visual.image.ImageStim'>, autoLog=True, color=array([1., 1., 1.]), colorSpace='rgb', contrast=1.0, depth=-1.0, flipHoriz=False, flipVert=False, image='img/rightArrow.png', interpolate=True, mask=None, maskParams=None, name='instructIncon_centerImg', opacity=1, ori=0.0, pos=array([ 0. , -0.3]), size=array([0.02, 0.02]), texRes=512, units='height', win=Window(...))
13.1961 	EXP 	Created instructIncon_rightImg1 = ImageStim(__class__=<class 'psychopy.visual.image.ImageStim'>, autoLog=True, color=array([1., 1., 1.]), colorSpace='rgb', contrast=1.0, depth=-2.0, flipHoriz=False, flipVert=False, image='img/leftArrow.png', interpolate=True, mask=None, maskParams=None, name='instructIncon_rightImg1', opacity=1, ori=0.0, pos=array([ 0.03, -0.3 ]), size=array([0.02, 0.02]), texRes=512, units='height', win=Window(...))
13.2795 	EXP 	Created instructIncon_leftImg1 = ImageStim(__class__=<class 'psychopy.visual.image.ImageStim'>, autoLog=True, color=array([1., 1., 1.]), colorSpace='rgb', contrast=1.0, depth=-3.0, flipHoriz=False, flipVert=False, image='img/leftArrow.png', interpolate=True, mask=None, maskParams=None, name='instructIncon_leftImg1', opacity=1, ori=0.0, pos=array([-0.03, -0.3 ]), size=array([0.02, 0.02]), texRes=512, units='height', win=Window(...))
13.5747 	INFO 	keyboard.Keyboard is using ptb backend.
13.5813 	EXP 	Created instructInconLeft_text = TextStim(__class__=<class 'psychopy.visual.text.TextStim'>, alignHoriz=method-wrapper(...), alignText='center', alignVert=method-wrapper(...), anchorHoriz='center', anchorVert='center', antialias=True, autoLog=True, bold=False, color=array([1., 1., 1.]), colorSpace='rgb', contrast=1.0, depth=0.0, flipHoriz=False, flipVert=False, font='Arial', fontFiles=[], height=0.04, italic=False, languageStyle='LTR', name='instructInconLeft_text', opacity=1, ori=0, pos=array([0., 0.]), rgb=UNKNOWN, text=str(...), units='height', win=Window(...), wrapWidth=1.3)
13.6365 	EXP 	Created instructInconLeft_centerImg = ImageStim(__class__=<class 'psychopy.visual.image.ImageStim'>, autoLog=True, color=array([1., 1., 1.]), colorSpace='rgb', contrast=1.0, depth=-1.0, flipHoriz=False, flipVert=False, image='img/leftArrow.png', interpolate=True, mask=None, maskParams=None, name='instructInconLeft_centerImg', opacity=1, ori=0.0, pos=array([ 0. , -0.3]), size=array([0.02, 0.02]), texRes=512, units='height', win=Window(...))
13.6932 	EXP 	Created instructInconLeft_rightImg1 = ImageStim(__class__=<class 'psychopy.visual.image.ImageStim'>, autoLog=True, color=array([1., 1., 1.]), colorSpace='rgb', contrast=1.0, depth=-2.0, flipHoriz=False, flipVert=False, image='img/rightArrow.png', interpolate=True, mask=None, maskParams=None, name='instructInconLeft_rightImg1', opacity=1, ori=0.0, pos=array([ 0.03, -0.3 ]), size=array([0.02, 0.02]), texRes=512, units='height', win=Window(...))
13.7515 	EXP 	Created instructInconLeft_leftImg1 = ImageStim(__class__=<class 'psychopy.visual.image.ImageStim'>, autoLog=True, color=array([1., 1., 1.]), colorSpace='rgb', contrast=1.0, depth=-3.0, flipHoriz=False, flipVert=False, image='img/rightArrow.png', interpolate=True, mask=None, maskParams=None, name='instructInconLeft_leftImg1', opacity=1, ori=0.0, pos=array([-0.03, -0.3 ]), size=array([0.02, 0.02]), texRes=512, units='height', win=Window(...))
14.0442 	INFO 	keyboard.Keyboard is using ptb backend.
14.0558 	EXP 	Created prac_blockText = TextStim(__class__=<class 'psychopy.visual.text.TextStim'>, alignHoriz=method-wrapper(...), alignText='center', alignVert=method-wrapper(...), anchorHoriz='center', anchorVert='center', antialias=True, autoLog=True, bold=False, color=array([1., 1., 1.]), colorSpace='rgb', contrast=1.0, depth=-1.0, flipHoriz=False, flipVert=False, font='Arial', fontFiles=[], height=0.06, italic=False, languageStyle='LTR', name='prac_blockText', opacity=1, ori=0.0, pos=array([0. , 0.3]), rgb=UNKNOWN, text='Practice', units='height', win=Window(...), wrapWidth=1.3)
14.0759 	EXP 	Created prac_reminder_text = TextStim(__class__=<class 'psychopy.visual.text.TextStim'>, alignHoriz=method-wrapper(...), alignText='center', alignVert=method-wrapper(...), anchorHoriz='center', anchorVert='center', antialias=True, autoLog=True, bold=False, color=array([1., 1., 1.]), colorSpace='rgb', contrast=1.0, depth=-2.0, flipHoriz=False, flipVert=False, font='Arial', fontFiles=[], height=0.04, italic=False, languageStyle='LTR', name='prac_reminder_text', opacity=1, ori=0, pos=array([0., 0.]), rgb=UNKNOWN, text=str(...), units='height', win=Window(...), wrapWidth=1.3)
14.3734 	INFO 	keyboard.Keyboard is using ptb backend.
14.3822 	EXP 	Created initFixation_img = ImageStim(__class__=<class 'psychopy.visual.image.ImageStim'>, autoLog=True, color=array([1., 1., 1.]), colorSpace='rgb', contrast=1.0, depth=0.0, flipHoriz=False, flipVert=False, image='sin', interpolate=True, mask=None, maskParams=None, name='initFixation_img', opacity=1, ori=0.0, pos=array([ 0.   , -0.015]), size=array([0.26, 0.22]), texRes=512, units='height', win=Window(...))
14.3857 	EXP 	Created bigFace = ImageStim(__class__=<class 'psychopy.visual.image.ImageStim'>, autoLog=True, color=array([1., 1., 1.]), colorSpace='rgb', contrast=1.0, depth=-1.0, flipHoriz=False, flipVert=False, image='sin', interpolate=True, mask=None, maskParams=None, name='bigFace', opacity=0.85, ori=0.0, pos=array([0., 0.]), size=array([0.3, 0.3]), texRes=128.0, units='height', win=Window(...))
14.3898 	EXP 	Created cover_background_2 = ImageStim(__class__=<class 'psychopy.visual.image.ImageStim'>, autoLog=True, color=array([1., 1., 1.]), colorSpace='rgb', contrast=1.0, depth=-2.0, flipHoriz=False, flipVert=False, image='sin', interpolate=True, mask=None, maskParams=None, name='cover_background_2', opacity=1, ori=0.0, pos=array([ 0.   , -0.015]), size=array([0.26, 0.22]), texRes=128.0, units='height', win=Window(...))
14.3961 	EXP 	Created prac_centerImg = ImageStim(__class__=<class 'psychopy.visual.image.ImageStim'>, autoLog=True, color=array([1., 1., 1.]), colorSpace='rgb', contrast=1.0, depth=-3.0, flipHoriz=False, flipVert=False, image='sin', interpolate=True, mask=None, maskParams=None, name='prac_centerImg', opacity=1, ori=0.0, pos=array([0., 0.]), size=array([1., 1.]), texRes=512, units='height', win=Window(...))
14.4021 	EXP 	Created prac_rightImg1 = ImageStim(__class__=<class 'psychopy.visual.image.ImageStim'>, autoLog=True, color=array([1., 1., 1.]), colorSpace='rgb', contrast=1.0, depth=-4.0, flipHoriz=False, flipVert=False, image='sin', interpolate=True, mask=None, maskParams=None, name='prac_rightImg1', opacity=1, ori=0.0, pos=array([0., 0.]), size=array([1., 1.]), texRes=512, units='height', win=Window(...))
14.4081 	EXP 	Created prac_leftImg1 = ImageStim(__class__=<class 'psychopy.visual.image.ImageStim'>, autoLog=True, color=array([1., 1., 1.]), colorSpace='rgb', contrast=1.0, depth=-5.0, flipHoriz=False, flipVert=False, image='sin', interpolate=True, mask=None, maskParams=None, name='prac_leftImg1', opacity=1, ori=0.0, pos=array([0., 0.]), size=array([1., 1.]), texRes=512, units='height', win=Window(...))
14.4138 	EXP 	Created prac_fixImg = ImageStim(__class__=<class 'psychopy.visual.image.ImageStim'>, autoLog=True, color=array([1., 1., 1.]), colorSpace='rgb', contrast=1.0, depth=-6.0, flipHoriz=False, flipVert=False, image='sin', interpolate=True, mask=None, maskParams=None, name='prac_fixImg', opacity=1, ori=0.0, pos=array([ 0.   , -0.015]), size=array([0.26, 0.22]), texRes=512, units='height', win=Window(...))
14.6971 	INFO 	keyboard.Keyboard is using ptb backend.
14.6992 	EXP 	Created prac_blockFeed_text = TextStim(__class__=<class 'psychopy.visual.text.TextStim'>, alignHoriz=method-wrapper(...), alignText='center', alignVert=method-wrapper(...), anchorHoriz='center', anchorVert='center', antialias=True, autoLog=True, bold=False, color=array([1., 1., 1.]), colorSpace='rgb', contrast=1.0, depth=-1.0, flipHoriz=False, flipVert=False, font='Arial', fontFiles=[], height=0.04, italic=False, languageStyle='LTR', name='prac_blockFeed_text', opacity=1, ori=0, pos=array([0., 0.]), rgb=UNKNOWN, text='', units='height', win=Window(...), wrapWidth=1.3)
14.7054 	EXP 	Created prac_pressContinue = TextStim(__class__=<class 'psychopy.visual.text.TextStim'>, alignHoriz=method-wrapper(...), alignText='center', alignVert=method-wrapper(...), anchorHoriz='center', anchorVert='center', antialias=True, autoLog=True, bold=False, color=array([1., 1., 1.]), colorSpace='rgb', contrast=1.0, depth=-2.0, flipHoriz=False, flipVert=False, font='Arial', fontFiles=[], height=0.04, italic=False, languageStyle='LTR', name='prac_pressContinue', opacity=1, ori=0.0, pos=array([ 0. , -0.3]), rgb=UNKNOWN, text='Press the right key', units='height', win=Window(...), wrapWidth=1.3)
14.9999 	INFO 	keyboard.Keyboard is using ptb backend.
15.0024 	EXP 	Created task_blockText = TextStim(__class__=<class 'psychopy.visual.text.TextStim'>, alignHoriz=method-wrapper(...), alignText='center', alignVert=method-wrapper(...), anchorHoriz='center', anchorVert='center', antialias=True, autoLog=True, bold=False, color=array([1., 1., 1.]), colorSpace='rgb', contrast=1.0, depth=-1.0, flipHoriz=False, flipVert=False, font='Arial', fontFiles=[], height=0.06, italic=False, languageStyle='LTR', name='task_blockText', opacity=1, ori=0.0, pos=array([0. , 0.3]), rgb=UNKNOWN, text='', units='height', win=Window(...), wrapWidth=1.3)
15.0171 	EXP 	Created task_blockReminders_text = TextStim(__class__=<class 'psychopy.visual.text.TextStim'>, alignHoriz=method-wrapper(...), alignText='center', alignVert=method-wrapper(...), anchorHoriz='center', anchorVert='center', antialias=True, autoLog=True, bold=False, color=array([1., 1., 1.]), colorSpace='rgb', contrast=1.0, depth=-2.0, flipHoriz=False, flipVert=False, font='Arial', fontFiles=[], height=0.04, italic=False, languageStyle='LTR', name='task_blockReminders_text', opacity=1, ori=0, pos=array([0., 0.]), rgb=UNKNOWN, text=str(...), units='height', win=Window(...), wrapWidth=1.3)
15.3148 	INFO 	keyboard.Keyboard is using ptb backend.
15.3189 	EXP 	Created initFixation_img = ImageStim(__class__=<class 'psychopy.visual.image.ImageStim'>, autoLog=True, color=array([1., 1., 1.]), colorSpace='rgb', contrast=1.0, depth=0.0, flipHoriz=False, flipVert=False, image='sin', interpolate=True, mask=None, maskParams=None, name='initFixation_img', opacity=1, ori=0.0, pos=array([ 0.   , -0.015]), size=array([0.26, 0.22]), texRes=512, units='height', win=Window(...))
15.3226 	EXP 	Created bigFace_2 = ImageStim(__class__=<class 'psychopy.visual.image.ImageStim'>, autoLog=True, color=array([1., 1., 1.]), colorSpace='rgb', contrast=1.0, depth=-1.0, flipHoriz=False, flipVert=False, image='sin', interpolate=True, mask=None, maskParams=None, name='bigFace_2', opacity=0.85, ori=0.0, pos=array([0., 0.]), size=array([0.3, 0.3]), texRes=128.0, units='height', win=Window(...))
15.3933 	EXP 	Created cover_background = ImageStim(__class__=<class 'psychopy.visual.image.ImageStim'>, autoLog=True, color=array([1., 1., 1.]), colorSpace='rgb', contrast=1.0, depth=-2.0, flipHoriz=False, flipVert=False, image='img/cover_background.png', interpolate=True, mask=None, maskParams=None, name='cover_background', opacity=1, ori=0.0, pos=array([ 0.   , -0.015]), size=array([0.3 , 0.22]), texRes=128.0, units='height', win=Window(...))
15.4001 	EXP 	Created task_centerImg = ImageStim(__class__=<class 'psychopy.visual.image.ImageStim'>, autoLog=True, color=array([1., 1., 1.]), colorSpace='rgb', contrast=1.0, depth=-3.0, flipHoriz=False, flipVert=False, image='sin', interpolate=True, mask=None, maskParams=None, name='task_centerImg', opacity=1, ori=0.0, pos=array([0., 0.]), size=array([1., 1.]), texRes=512, units='height', win=Window(...))
15.4066 	EXP 	Created task_rightImg1 = ImageStim(__class__=<class 'psychopy.visual.image.ImageStim'>, autoLog=True, color=array([1., 1., 1.]), colorSpace='rgb', contrast=1.0, depth=-4.0, flipHoriz=False, flipVert=False, image='sin', interpolate=True, mask=None, maskParams=None, name='task_rightImg1', opacity=1, ori=0.0, pos=array([0., 0.]), size=array([1., 1.]), texRes=512, units='height', win=Window(...))
15.4129 	EXP 	Created task_leftImg1 = ImageStim(__class__=<class 'psychopy.visual.image.ImageStim'>, autoLog=True, color=array([1., 1., 1.]), colorSpace='rgb', contrast=1.0, depth=-5.0, flipHoriz=False, flipVert=False, image='sin', interpolate=True, mask=None, maskParams=None, name='task_leftImg1', opacity=1, ori=0.0, pos=array([0., 0.]), size=array([1., 1.]), texRes=512, units='height', win=Window(...))
15.4172 	EXP 	Created task_fixImg = ImageStim(__class__=<class 'psychopy.visual.image.ImageStim'>, autoLog=True, color=array([1., 1., 1.]), colorSpace='rgb', contrast=1.0, depth=-6.0, flipHoriz=False, flipVert=False, image='sin', interpolate=True, mask=None, maskParams=None, name='task_fixImg', opacity=1, ori=0.0, pos=array([ 0.   , -0.015]), size=array([0.26, 0.22]), texRes=512, units='height', win=Window(...))
15.7036 	INFO 	keyboard.Keyboard is using ptb backend.
15.7063 	EXP 	Created task_blockFeed_text = TextStim(__class__=<class 'psychopy.visual.text.TextStim'>, alignHoriz=method-wrapper(...), alignText='center', alignVert=method-wrapper(...), anchorHoriz='center', anchorVert='center', antialias=True, autoLog=True, bold=False, color=array([1., 1., 1.]), colorSpace='rgb', contrast=1.0, depth=-1.0, flipHoriz=False, flipVert=False, font='Arial', fontFiles=[], height=0.12, italic=False, languageStyle='LTR', name='task_blockFeed_text', opacity=1, ori=0, pos=array([0. , 0.1]), rgb=UNKNOWN, text='', units='height', win=Window(...), wrapWidth=1.8)
15.7084 	EXP 	Created task_blockFeed_text2 = TextStim(__class__=<class 'psychopy.visual.text.TextStim'>, alignHoriz=method-wrapper(...), alignText='center', alignVert=method-wrapper(...), anchorHoriz='center', anchorVert='center', antialias=True, autoLog=True, bold=False, color=array([1., 1., 1.]), colorSpace='rgb', contrast=1.0, depth=-2.0, flipHoriz=False, flipVert=False, font='Arial', fontFiles=[], height=0.04, italic=False, languageStyle='LTR', name='task_blockFeed_text2', opacity=1, ori=0, pos=array([ 0. , -0.3]), rgb=UNKNOWN, text='', units='height', win=Window(...), wrapWidth=1.3)
16.0056 	INFO 	keyboard.Keyboard is using ptb backend.
16.0155 	EXP 	Created fix = TextStim(__class__=<class 'psychopy.visual.text.TextStim'>, alignHoriz=method-wrapper(...), alignText='center', alignVert=method-wrapper(...), anchorHoriz='center', anchorVert='center', antialias=True, autoLog=True, bold=False, color=array([1., 1., 1.]), colorSpace='rgb', contrast=1.0, depth=0.0, flipHoriz=False, flipVert=False, font='Open Sans', fontFiles=[], height=0.1, italic=False, languageStyle='LTR', name='fix', opacity=1, ori=0.0, pos=array([0., 0.]), rgb=UNKNOWN, text='+', units='height', win=Window(...), wrapWidth=1)
16.0503 	EXP 	Created errorNumbers_text_2 = TextStim(__class__=<class 'psychopy.visual.text.TextStim'>, alignHoriz=method-wrapper(...), alignText='center', alignVert=method-wrapper(...), anchorHoriz='center', anchorVert='center', antialias=True, autoLog=True, bold=False, color=array([1., 1., 1.]), colorSpace='rgb', contrast=1.0, depth=-1.0, flipHoriz=False, flipVert=False, font='Open Sans', fontFiles=[], height=0.03, italic=False, languageStyle='LTR', name='errorNumbers_text_2', opacity=1, ori=0.0, pos=array([0.  , 0.12]), rgb=UNKNOWN, text=str(...), units='height', win=Window(...), wrapWidth=1)
16.0509 	DEPRECATION 	'-1.0000, -1.0000, -1.0000' is not a valid rgb color
16.0549 	DEPRECATION 	'-1.0000, -1.0000, -1.0000' is not a valid rgb color
16.0553 	DEPRECATION 	'1.0000, 1.0000, 1.0000' is not a valid rgb color
16.0581 	DEPRECATION 	'1.0000, 1.0000, 1.0000' is not a valid rgb color
16.0585 	DEPRECATION 	'-1.0000, -1.0000, -1.0000' is not a valid rgb color
16.0592 	DEPRECATION 	'1.0000, 1.0000, 1.0000' is not a valid rgb color
16.3497 	INFO 	keyboard.Keyboard is using ptb backend.
16.4067 	EXP 	Created instruct_surprise1 = TextStim(__class__=<class 'psychopy.visual.text.TextStim'>, alignHoriz=method-wrapper(...), alignText='center', alignVert=method-wrapper(...), anchorHoriz='center', anchorVert='center', antialias=True, autoLog=True, bold=False, color=array([1., 1., 1.]), colorSpace='rgb', contrast=1.0, depth=0.0, flipHoriz=False, flipVert=False, font='Open Sans', fontFiles=[], height=0.04, italic=False, languageStyle='LTR', name='instruct_surprise1', opacity=1, ori=0.0, pos=array([0., 0.]), rgb=UNKNOWN, text=str(...), units='height', win=Window(...), wrapWidth=1)
16.7008 	INFO 	keyboard.Keyboard is using ptb backend.
16.7029 	EXP 	Created instructMainTask_text = TextStim(__class__=<class 'psychopy.visual.text.TextStim'>, alignHoriz=method-wrapper(...), alignText='center', alignVert=method-wrapper(...), anchorHoriz='center', anchorVert='center', antialias=True, autoLog=True, bold=False, color=array([1., 1., 1.]), colorSpace='rgb', contrast=1.0, depth=0.0, flipHoriz=False, flipVert=False, font='Arial', fontFiles=[], height=0.04, italic=False, languageStyle='LTR', name='instructMainTask_text', opacity=1, ori=0, pos=array([0., 0.]), rgb=UNKNOWN, text='', units='height', win=Window(...), wrapWidth=1.3)
16.9988 	INFO 	keyboard.Keyboard is using ptb backend.
17.0053 	EXP 	Created stimulus = ImageStim(__class__=<class 'psychopy.visual.image.ImageStim'>, autoLog=True, color=array([1., 1., 1.]), colorSpace='rgb', contrast=1.0, depth=0.0, flipHoriz=False, flipVert=False, image='sin', interpolate=True, mask=None, maskParams=None, name='stimulus', opacity=1, ori=0.0, pos=array([0. , 0.2]), size=array([0.5, 0.5]), texRes=128.0, units='height', win=Window(...))
17.0082 	EXP 	Created instructsurpA1_right = TextStim(__class__=<class 'psychopy.visual.text.TextStim'>, alignHoriz=method-wrapper(...), alignText='center', alignVert=method-wrapper(...), anchorHoriz='center', anchorVert='center', antialias=True, autoLog=True, bold=False, color=array([1., 1., 1.]), colorSpace='rgb', contrast=1.0, depth=-1.0, flipHoriz=False, flipVert=False, font='Open Sans', fontFiles=[], height=0.025, italic=False, languageStyle='LTR', name='instructsurpA1_right', opacity=1, ori=0.0, pos=array([0., 0.]), rgb=UNKNOWN, text='', units='height', win=Window(...), wrapWidth=1)
17.0102 	EXP 	Created instructsurpA2_left = TextStim(__class__=<class 'psychopy.visual.text.TextStim'>, alignHoriz=method-wrapper(...), alignText='center', alignVert=method-wrapper(...), anchorHoriz='center', anchorVert='center', antialias=True, autoLog=True, bold=False, color=array([1., 1., 1.]), colorSpace='rgb', contrast=1.0, depth=-2.0, flipHoriz=False, flipVert=False, font='Open Sans', fontFiles=[], height=0.025, italic=False, languageStyle='LTR', name='instructsurpA2_left', opacity=1, ori=0.0, pos=array([-0.4 , -0.03]), rgb=UNKNOWN, text='', units='height', win=Window(...), wrapWidth=1)
17.2915 	INFO 	keyboard.Keyboard is using ptb backend.
17.3129 	EXP 	Created instruct_surprise1_2 = TextStim(__class__=<class 'psychopy.visual.text.TextStim'>, alignHoriz=method-wrapper(...), alignText='center', alignVert=method-wrapper(...), anchorHoriz='center', anchorVert='center', antialias=True, autoLog=True, bold=False, color=array([1., 1., 1.]), colorSpace='rgb', contrast=1.0, depth=0.0, flipHoriz=False, flipVert=False, font='Open Sans', fontFiles=[], height=0.04, italic=False, languageStyle='LTR', name='instruct_surprise1_2', opacity=1, ori=0.0, pos=array([0., 0.]), rgb=UNKNOWN, text=str(...), units='height', win=Window(...), wrapWidth=1)
17.6081 	INFO 	keyboard.Keyboard is using ptb backend.
17.6103 	EXP 	Created instructMainTask_text_2 = TextStim(__class__=<class 'psychopy.visual.text.TextStim'>, alignHoriz=method-wrapper(...), alignText='center', alignVert=method-wrapper(...), anchorHoriz='center', anchorVert='center', antialias=True, autoLog=True, bold=False, color=array([1., 1., 1.]), colorSpace='rgb', contrast=1.0, depth=0.0, flipHoriz=False, flipVert=False, font='Arial', fontFiles=[], height=0.04, italic=False, languageStyle='LTR', name='instructMainTask_text_2', opacity=1, ori=0, pos=array([0., 0.]), rgb=UNKNOWN, text='', units='height', win=Window(...), wrapWidth=1.3)
17.8988 	INFO 	keyboard.Keyboard is using ptb backend.
17.9060 	EXP 	Created stimulus_2 = ImageStim(__class__=<class 'psychopy.visual.image.ImageStim'>, autoLog=True, color=array([1., 1., 1.]), colorSpace='rgb', contrast=1.0, depth=0.0, flipHoriz=False, flipVert=False, image='sin', interpolate=True, mask=None, maskParams=None, name='stimulus_2', opacity=1, ori=0.0, pos=array([0. , 0.2]), size=array([0.5, 0.5]), texRes=128.0, units='height', win=Window(...))
17.9095 	EXP 	Created instructsurpA1_right_2 = TextStim(__class__=<class 'psychopy.visual.text.TextStim'>, alignHoriz=method-wrapper(...), alignText='center', alignVert=method-wrapper(...), anchorHoriz='center', anchorVert='center', antialias=True, autoLog=True, bold=False, color=array([1., 1., 1.]), colorSpace='rgb', contrast=1.0, depth=-1.0, flipHoriz=False, flipVert=False, font='Open Sans', fontFiles=[], height=0.025, italic=False, languageStyle='LTR', name='instructsurpA1_right_2', opacity=1, ori=0.0, pos=array([0., 0.]), rgb=UNKNOWN, text='', units='height', win=Window(...), wrapWidth=1)
17.9117 	EXP 	Created instructsurpA2_left_2 = TextStim(__class__=<class 'psychopy.visual.text.TextStim'>, alignHoriz=method-wrapper(...), alignText='center', alignVert=method-wrapper(...), anchorHoriz='center', anchorVert='center', antialias=True, autoLog=True, bold=False, color=array([1., 1., 1.]), colorSpace='rgb', contrast=1.0, depth=-2.0, flipHoriz=False, flipVert=False, font='Open Sans', fontFiles=[], height=0.025, italic=False, languageStyle='LTR', name='instructsurpA2_left_2', opacity=1, ori=0.0, pos=array([-0.4 , -0.03]), rgb=UNKNOWN, text='', units='height', win=Window(...), wrapWidth=1)
18.2516 	INFO 	keyboard.Keyboard is using ptb backend.
18.2689 	EXP 	Created finishMessage_text = TextStim(__class__=<class 'psychopy.visual.text.TextStim'>, alignHoriz=method-wrapper(...), alignText='center', alignVert=method-wrapper(...), anchorHoriz='center', anchorVert='center', antialias=True, autoLog=True, bold=False, color=array([1., 1., 1.]), colorSpace='rgb', contrast=1.0, depth=0.0, flipHoriz=False, flipVert=False, font='Arial', fontFiles=[], height=0.04, italic=False, languageStyle='LTR', name='finishMessage_text', opacity=1, ori=0, pos=array([0., 0.]), rgb=UNKNOWN, text='Thank you for your participation!', units='height', win=Window(...), wrapWidth=1.3)
18.2832 	EXP 	textbox_2: autoLog = True
18.2832 	EXP 	welcome_text: autoDraw = True
20.7991 	DEBUG 	TextBox2 loaded 1 chars with 0 blanks and 1 valid
20.7993 	DEBUG 	Uploading Texture Font fontname to graphics card
20.8046 	DEBUG 	Upload of Texture Font fontname complete
20.8052 	DATA 	Keypress: 8
20.8147 	EXP 	welcome_text: autoDraw = False
20.8147 	EXP 	instructRight_text: autoDraw = True
20.8147 	EXP 	instructRight_centerImg: autoDraw = True
20.8147 	EXP 	instructRight_rightImg1: autoDraw = True
20.8147 	EXP 	instructRight_leftImg1: autoDraw = True
21.5303 	DATA 	Keypress: 8
21.5399 	EXP 	instructRight_text: autoDraw = False
21.5399 	EXP 	instructRight_centerImg: autoDraw = False
21.5399 	EXP 	instructRight_rightImg1: autoDraw = False
21.5399 	EXP 	instructRight_leftImg1: autoDraw = False
21.5399 	EXP 	instructLeft_text: autoDraw = True
21.5399 	EXP 	instructLeft_centerImg: autoDraw = True
21.5399 	EXP 	instructLeft_rightImg1: autoDraw = True
21.5399 	EXP 	instructLeft_leftImg1: autoDraw = True
21.7690 	DEBUG 	TextBox2 loaded 1 chars with 0 blanks and 1 valid
21.7694 	DEBUG 	Uploading Texture Font fontname to graphics card
21.7706 	DEBUG 	Upload of Texture Font fontname complete
21.7710 	DATA 	Keypress: 1
21.7771 	EXP 	instructLeft_text: autoDraw = False
21.7771 	EXP 	instructLeft_centerImg: autoDraw = False
21.7771 	EXP 	instructLeft_rightImg1: autoDraw = False
21.7771 	EXP 	instructLeft_leftImg1: autoDraw = False
21.7771 	EXP 	instructInconRight_text: autoDraw = True
21.7771 	EXP 	instructIncon_centerImg: autoDraw = True
21.7771 	EXP 	instructIncon_rightImg1: autoDraw = True
21.7771 	EXP 	instructIncon_leftImg1: autoDraw = True
22.0977 	DATA 	Keypress: 8
22.1081 	EXP 	instructInconRight_text: autoDraw = False
22.1081 	EXP 	instructIncon_centerImg: autoDraw = False
22.1081 	EXP 	instructIncon_rightImg1: autoDraw = False
22.1081 	EXP 	instructIncon_leftImg1: autoDraw = False
22.1081 	EXP 	instructInconLeft_text: autoDraw = True
22.1081 	EXP 	instructInconLeft_centerImg: autoDraw = True
22.1081 	EXP 	instructInconLeft_rightImg1: autoDraw = True
22.1081 	EXP 	instructInconLeft_leftImg1: autoDraw = True
22.3155 	DEBUG 	Read csv file with pandas: blockSelect_practice.csv
22.3286 	DEBUG 	Clearing unnamed columns from blockSelect_practice.csv
22.3290 	EXP 	Imported blockSelect_practice.csv as conditions, 1 conditions, 1 params
22.3576 	EXP 	Created sequence: random, trialTypes=1, nReps=999, seed=None
22.3656 	EXP 	New trial (rep=0, index=0): OrderedDict([('whichBlock', 'a_halfV_trialTable_practice.csv')])
22.3701 	DATA 	Keypress: 1
22.3783 	EXP 	instructInconLeft_text: autoDraw = False
22.3783 	EXP 	instructInconLeft_centerImg: autoDraw = False
22.3783 	EXP 	instructInconLeft_rightImg1: autoDraw = False
22.3783 	EXP 	instructInconLeft_leftImg1: autoDraw = False
22.3783 	EXP 	prac_blockText: autoDraw = True
22.3783 	EXP 	prac_reminder_text: autoDraw = True
22.5938 	DATA 	Keypress: 8
22.6046 	EXP 	prac_blockText: autoDraw = False
22.6046 	EXP 	prac_reminder_text: autoDraw = False
22.6046 	EXP 	initFixation_img: image = 'img/transp_fixation.png'
22.6046 	EXP 	initFixation_img: autoDraw = True
22.7252 	DATA 	Keypress: 1
24.6080 	DEBUG 	Read csv file with pandas: a_halfV_trialTable_practice.csv
24.6100 	DEBUG 	Clearing unnamed columns from a_halfV_trialTable_practice.csv
24.6142 	EXP 	Imported a_halfV_trialTable_practice.csv as conditions, 20 conditions, 11 params
24.6152 	EXP 	Created sequence: random, trialTypes=20, nReps=1, seed=None
24.6156 	EXP 	New trial (rep=0, index=0): OrderedDict([('middleStim', 'img/leftArrow.png'), ('leftStim', 'img/rightArrow.png'), ('rightStim', 'img/rightArrow.png'), ('stimNum', 8), ('congruent', 0), ('target', 'left'), ('locationC', [0, 0]), ('locationR', [0.036, 0]), ('locationL', [-0.036, 0]), ('straightFace', 'img/neutralC/CFD-IM-627-178-N.jpg'), ('imageSize', [0.03, 0.03])])
24.8900 	EXP 	initFixation_img: autoDraw = False
24.8900 	EXP 	bigFace: image = 'img/neutralC/CFD-IM-627-178-N.jpg'
24.8900 	EXP 	cover_background_2: image = 'img/cover_background.png'
24.8900 	EXP 	prac_centerImg: pos = array([0., 0.])
24.8900 	EXP 	prac_centerImg: size = array([0.03, 0.03])
24.8900 	EXP 	prac_centerImg: image = 'img/leftArrow.png'
24.8900 	EXP 	prac_rightImg1: pos = array([0.036, 0.   ])
24.8900 	EXP 	prac_rightImg1: size = array([0.03, 0.03])
24.8900 	EXP 	prac_rightImg1: image = 'img/rightArrow.png'
24.8900 	EXP 	prac_leftImg1: pos = array([-0.036,  0.   ])
24.8900 	EXP 	prac_leftImg1: size = array([0.03, 0.03])
24.8900 	EXP 	prac_leftImg1: image = 'img/rightArrow.png'
24.8900 	EXP 	prac_fixImg: image = 'img/transp_fixation.png'
24.8900 	EXP 	bigFace: autoDraw = True
24.8900 	EXP 	cover_background_2: autoDraw = True
24.8900 	EXP 	prac_centerImg: autoDraw = True
24.8900 	EXP 	prac_rightImg1: autoDraw = True
24.8900 	EXP 	prac_leftImg1: autoDraw = True
24.8900 	EXP 	prac_fixImg: autoDraw = True
25.1072 	EXP 	cover_background_2: autoDraw = False
25.1072 	EXP 	prac_centerImg: autoDraw = False
25.1072 	EXP 	prac_rightImg1: autoDraw = False
25.1072 	EXP 	prac_leftImg1: autoDraw = False
26.5485 	EXP 	New trial (rep=0, index=1): OrderedDict([('middleStim', 'img/leftArrow.png'), ('leftStim', 'img/rightArrow.png'), ('rightStim', 'img/rightArrow.png'), ('stimNum', 8), ('congruent', 0), ('target', 'left'), ('locationC', [0, 0]), ('locationR', [0.036, 0]), ('locationL', [-0.036, 0]), ('straightFace', 'img/neutralC/CFD-WF-223-133-N.jpg'), ('imageSize', [0.03, 0.03])])
26.8024 	EXP 	bigFace: autoDraw = False
26.8024 	EXP 	prac_fixImg: autoDraw = False
26.8024 	EXP 	bigFace: autoDraw = False
26.8024 	EXP 	cover_background_2: autoDraw = False
26.8024 	EXP 	prac_centerImg: autoDraw = False
26.8024 	EXP 	prac_rightImg1: autoDraw = False
26.8024 	EXP 	prac_leftImg1: autoDraw = False
26.8024 	EXP 	prac_fixImg: autoDraw = False
26.8024 	EXP 	bigFace: image = 'img/neutralC/CFD-WF-223-133-N.jpg'
26.8024 	EXP 	cover_background_2: image = 'img/cover_background.png'
26.8024 	EXP 	prac_centerImg: pos = array([0., 0.])
26.8024 	EXP 	prac_centerImg: size = array([0.03, 0.03])
26.8024 	EXP 	prac_centerImg: image = 'img/leftArrow.png'
26.8024 	EXP 	prac_rightImg1: pos = array([0.036, 0.   ])
26.8024 	EXP 	prac_rightImg1: size = array([0.03, 0.03])
26.8024 	EXP 	prac_rightImg1: image = 'img/rightArrow.png'
26.8024 	EXP 	prac_leftImg1: pos = array([-0.036,  0.   ])
26.8024 	EXP 	prac_leftImg1: size = array([0.03, 0.03])
26.8024 	EXP 	prac_leftImg1: image = 'img/rightArrow.png'
26.8024 	EXP 	prac_fixImg: image = 'img/transp_fixation.png'
26.8024 	EXP 	bigFace: autoDraw = True
26.8024 	EXP 	cover_background_2: autoDraw = True
26.8024 	EXP 	prac_centerImg: autoDraw = True
26.8024 	EXP 	prac_rightImg1: autoDraw = True
26.8024 	EXP 	prac_leftImg1: autoDraw = True
26.8024 	EXP 	prac_fixImg: autoDraw = True
27.0073 	EXP 	cover_background_2: autoDraw = False
27.0073 	EXP 	prac_centerImg: autoDraw = False
27.0073 	EXP 	prac_rightImg1: autoDraw = False
27.0073 	EXP 	prac_leftImg1: autoDraw = False
27.5939 	DATA 	Keypress: 1
28.3099 	EXP 	New trial (rep=0, index=2): OrderedDict([('middleStim', 'img/rightArrow.png'), ('leftStim', 'img/leftArrow.png'), ('rightStim', 'img/leftArrow.png'), ('stimNum', 7), ('congruent', 0), ('target', 'right'), ('locationC', [0, 0]), ('locationR', [0.036, 0]), ('locationL', [-0.036, 0]), ('straightFace', 'img/neutralC/CFD-AM-235-241-N.jpg'), ('imageSize', [0.03, 0.03])])
28.5236 	EXP 	bigFace: autoDraw = False
28.5236 	EXP 	prac_fixImg: autoDraw = False
28.5236 	EXP 	bigFace: autoDraw = False
28.5236 	EXP 	cover_background_2: autoDraw = False
28.5236 	EXP 	prac_centerImg: autoDraw = False
28.5236 	EXP 	prac_rightImg1: autoDraw = False
28.5236 	EXP 	prac_leftImg1: autoDraw = False
28.5236 	EXP 	prac_fixImg: autoDraw = False
28.5236 	EXP 	bigFace: image = 'img/neutralC/CFD-AM-235-241-N.jpg'
28.5236 	EXP 	cover_background_2: image = 'img/cover_background.png'
28.5236 	EXP 	prac_centerImg: pos = array([0., 0.])
28.5236 	EXP 	prac_centerImg: size = array([0.03, 0.03])
28.5236 	EXP 	prac_centerImg: image = 'img/rightArrow.png'
28.5236 	EXP 	prac_rightImg1: pos = array([0.036, 0.   ])
28.5236 	EXP 	prac_rightImg1: size = array([0.03, 0.03])
28.5236 	EXP 	prac_rightImg1: image = 'img/leftArrow.png'
28.5236 	EXP 	prac_leftImg1: pos = array([-0.036,  0.   ])
28.5236 	EXP 	prac_leftImg1: size = array([0.03, 0.03])
28.5236 	EXP 	prac_leftImg1: image = 'img/leftArrow.png'
28.5236 	EXP 	prac_fixImg: image = 'img/transp_fixation.png'
28.5236 	EXP 	bigFace: autoDraw = True
28.5236 	EXP 	cover_background_2: autoDraw = True
28.5236 	EXP 	prac_centerImg: autoDraw = True
28.5236 	EXP 	prac_rightImg1: autoDraw = True
28.5236 	EXP 	prac_leftImg1: autoDraw = True
28.5236 	EXP 	prac_fixImg: autoDraw = True
28.7219 	EXP 	cover_background_2: autoDraw = False
28.7219 	EXP 	prac_centerImg: autoDraw = False
28.7219 	EXP 	prac_rightImg1: autoDraw = False
28.7219 	EXP 	prac_leftImg1: autoDraw = False
29.1253 	DATA 	Keypress: 8
30.3463 	EXP 	New trial (rep=0, index=3): OrderedDict([('middleStim', 'img/leftArrow.png'), ('leftStim', 'img/rightArrow.png'), ('rightStim', 'img/rightArrow.png'), ('stimNum', 8), ('congruent', 0), ('target', 'left'), ('locationC', [0, 0]), ('locationR', [0.036, 0]), ('locationL', [-0.036, 0]), ('straightFace', 'img/neutralC/CFD-LM-226-175-N.jpg'), ('imageSize', [0.03, 0.03])])
30.5762 	EXP 	bigFace: autoDraw = False
30.5762 	EXP 	prac_fixImg: autoDraw = False
30.5762 	EXP 	bigFace: autoDraw = False
30.5762 	EXP 	cover_background_2: autoDraw = False
30.5762 	EXP 	prac_centerImg: autoDraw = False
30.5762 	EXP 	prac_rightImg1: autoDraw = False
30.5762 	EXP 	prac_leftImg1: autoDraw = False
30.5762 	EXP 	prac_fixImg: autoDraw = False
30.5762 	EXP 	bigFace: image = 'img/neutralC/CFD-LM-226-175-N.jpg'
30.5762 	EXP 	cover_background_2: image = 'img/cover_background.png'
30.5762 	EXP 	prac_centerImg: pos = array([0., 0.])
30.5762 	EXP 	prac_centerImg: size = array([0.03, 0.03])
30.5762 	EXP 	prac_centerImg: image = 'img/leftArrow.png'
30.5762 	EXP 	prac_rightImg1: pos = array([0.036, 0.   ])
30.5762 	EXP 	prac_rightImg1: size = array([0.03, 0.03])
30.5762 	EXP 	prac_rightImg1: image = 'img/rightArrow.png'
30.5762 	EXP 	prac_leftImg1: pos = array([-0.036,  0.   ])
30.5762 	EXP 	prac_leftImg1: size = array([0.03, 0.03])
30.5762 	EXP 	prac_leftImg1: image = 'img/rightArrow.png'
30.5762 	EXP 	prac_fixImg: image = 'img/transp_fixation.png'
30.5762 	EXP 	bigFace: autoDraw = True
30.5762 	EXP 	cover_background_2: autoDraw = True
30.5762 	EXP 	prac_centerImg: autoDraw = True
30.5762 	EXP 	prac_rightImg1: autoDraw = True
30.5762 	EXP 	prac_leftImg1: autoDraw = True
30.5762 	EXP 	prac_fixImg: autoDraw = True
30.7907 	EXP 	cover_background_2: autoDraw = False
30.7907 	EXP 	prac_centerImg: autoDraw = False
30.7907 	EXP 	prac_rightImg1: autoDraw = False
30.7907 	EXP 	prac_leftImg1: autoDraw = False
31.0756 	DATA 	Keypress: 1
32.1756 	EXP 	New trial (rep=0, index=4): OrderedDict([('middleStim', 'img/rightArrow.png'), ('leftStim', 'img/leftArrow.png'), ('rightStim', 'img/leftArrow.png'), ('stimNum', 7), ('congruent', 0), ('target', 'right'), ('locationC', [0, 0]), ('locationR', [0.036, 0]), ('locationL', [-0.036, 0]), ('straightFace', 'img/neutralC/CFD-WM-228-065-N.jpg'), ('imageSize', [0.03, 0.03])])
32.4070 	EXP 	bigFace: autoDraw = False
32.4070 	EXP 	prac_fixImg: autoDraw = False
32.4070 	EXP 	bigFace: autoDraw = False
32.4070 	EXP 	cover_background_2: autoDraw = False
32.4070 	EXP 	prac_centerImg: autoDraw = False
32.4070 	EXP 	prac_rightImg1: autoDraw = False
32.4070 	EXP 	prac_leftImg1: autoDraw = False
32.4070 	EXP 	prac_fixImg: autoDraw = False
32.4070 	EXP 	bigFace: image = 'img/neutralC/CFD-WM-228-065-N.jpg'
32.4070 	EXP 	cover_background_2: image = 'img/cover_background.png'
32.4070 	EXP 	prac_centerImg: pos = array([0., 0.])
32.4070 	EXP 	prac_centerImg: size = array([0.03, 0.03])
32.4070 	EXP 	prac_centerImg: image = 'img/rightArrow.png'
32.4070 	EXP 	prac_rightImg1: pos = array([0.036, 0.   ])
32.4070 	EXP 	prac_rightImg1: size = array([0.03, 0.03])
32.4070 	EXP 	prac_rightImg1: image = 'img/leftArrow.png'
32.4070 	EXP 	prac_leftImg1: pos = array([-0.036,  0.   ])
32.4070 	EXP 	prac_leftImg1: size = array([0.03, 0.03])
32.4070 	EXP 	prac_leftImg1: image = 'img/leftArrow.png'
32.4070 	EXP 	prac_fixImg: image = 'img/transp_fixation.png'
32.4070 	EXP 	bigFace: autoDraw = True
32.4070 	EXP 	cover_background_2: autoDraw = True
32.4070 	EXP 	prac_centerImg: autoDraw = True
32.4070 	EXP 	prac_rightImg1: autoDraw = True
32.4070 	EXP 	prac_leftImg1: autoDraw = True
32.4070 	EXP 	prac_fixImg: autoDraw = True
32.6090 	EXP 	cover_background_2: autoDraw = False
32.6090 	EXP 	prac_centerImg: autoDraw = False
32.6090 	EXP 	prac_rightImg1: autoDraw = False
32.6090 	EXP 	prac_leftImg1: autoDraw = False
33.1450 	DATA 	Keypress: 8
34.2595 	EXP 	New trial (rep=0, index=5): OrderedDict([('middleStim', 'img/rightArrow.png'), ('leftStim', 'img/leftArrow.png'), ('rightStim', 'img/leftArrow.png'), ('stimNum', 7), ('congruent', 0), ('target', 'right'), ('locationC', [0, 0]), ('locationR', [0.036, 0]), ('locationL', [-0.036, 0]), ('straightFace', 'img/neutralC/CFD-MF-328-020-N.jpg'), ('imageSize', [0.03, 0.03])])
34.4935 	EXP 	bigFace: autoDraw = False
34.4935 	EXP 	prac_fixImg: autoDraw = False
34.4935 	EXP 	bigFace: autoDraw = False
34.4935 	EXP 	cover_background_2: autoDraw = False
34.4935 	EXP 	prac_centerImg: autoDraw = False
34.4935 	EXP 	prac_rightImg1: autoDraw = False
34.4935 	EXP 	prac_leftImg1: autoDraw = False
34.4935 	EXP 	prac_fixImg: autoDraw = False
34.4935 	EXP 	bigFace: image = 'img/neutralC/CFD-MF-328-020-N.jpg'
34.4935 	EXP 	cover_background_2: image = 'img/cover_background.png'
34.4935 	EXP 	prac_centerImg: pos = array([0., 0.])
34.4935 	EXP 	prac_centerImg: size = array([0.03, 0.03])
34.4935 	EXP 	prac_centerImg: image = 'img/rightArrow.png'
34.4935 	EXP 	prac_rightImg1: pos = array([0.036, 0.   ])
34.4935 	EXP 	prac_rightImg1: size = array([0.03, 0.03])
34.4935 	EXP 	prac_rightImg1: image = 'img/leftArrow.png'
34.4935 	EXP 	prac_leftImg1: pos = array([-0.036,  0.   ])
34.4935 	EXP 	prac_leftImg1: size = array([0.03, 0.03])
34.4935 	EXP 	prac_leftImg1: image = 'img/leftArrow.png'
34.4935 	EXP 	prac_fixImg: image = 'img/transp_fixation.png'
34.4935 	EXP 	bigFace: autoDraw = True
34.4935 	EXP 	cover_background_2: autoDraw = True
34.4935 	EXP 	prac_centerImg: autoDraw = True
34.4935 	EXP 	prac_rightImg1: autoDraw = True
34.4935 	EXP 	prac_leftImg1: autoDraw = True
34.4935 	EXP 	prac_fixImg: autoDraw = True
34.7079 	EXP 	cover_background_2: autoDraw = False
34.7079 	EXP 	prac_centerImg: autoDraw = False
34.7079 	EXP 	prac_rightImg1: autoDraw = False
34.7079 	EXP 	prac_leftImg1: autoDraw = False
35.0273 	DATA 	Keypress: 8
36.0275 	EXP 	New trial (rep=0, index=6): OrderedDict([('middleStim', 'img/leftArrow.png'), ('leftStim', 'img/rightArrow.png'), ('rightStim', 'img/rightArrow.png'), ('stimNum', 8), ('congruent', 0), ('target', 'left'), ('locationC', [0, 0]), ('locationR', [0.036, 0]), ('locationL', [-0.036, 0]), ('straightFace', 'img/neutralC/CFD-WM-242-011-N.jpg'), ('imageSize', [0.03, 0.03])])
36.2585 	EXP 	bigFace: autoDraw = False
36.2585 	EXP 	prac_fixImg: autoDraw = False
36.2585 	EXP 	bigFace: autoDraw = False
36.2585 	EXP 	cover_background_2: autoDraw = False
36.2585 	EXP 	prac_centerImg: autoDraw = False
36.2585 	EXP 	prac_rightImg1: autoDraw = False
36.2585 	EXP 	prac_leftImg1: autoDraw = False
36.2585 	EXP 	prac_fixImg: autoDraw = False
36.2585 	EXP 	bigFace: image = 'img/neutralC/CFD-WM-242-011-N.jpg'
36.2585 	EXP 	cover_background_2: image = 'img/cover_background.png'
36.2585 	EXP 	prac_centerImg: pos = array([0., 0.])
36.2585 	EXP 	prac_centerImg: size = array([0.03, 0.03])
36.2585 	EXP 	prac_centerImg: image = 'img/leftArrow.png'
36.2585 	EXP 	prac_rightImg1: pos = array([0.036, 0.   ])
36.2585 	EXP 	prac_rightImg1: size = array([0.03, 0.03])
36.2585 	EXP 	prac_rightImg1: image = 'img/rightArrow.png'
36.2585 	EXP 	prac_leftImg1: pos = array([-0.036,  0.   ])
36.2585 	EXP 	prac_leftImg1: size = array([0.03, 0.03])
36.2585 	EXP 	prac_leftImg1: image = 'img/rightArrow.png'
36.2585 	EXP 	prac_fixImg: image = 'img/transp_fixation.png'
36.2585 	EXP 	bigFace: autoDraw = True
36.2585 	EXP 	cover_background_2: autoDraw = True
36.2585 	EXP 	prac_centerImg: autoDraw = True
36.2585 	EXP 	prac_rightImg1: autoDraw = True
36.2585 	EXP 	prac_leftImg1: autoDraw = True
36.2585 	EXP 	prac_fixImg: autoDraw = True
36.4578 	EXP 	cover_background_2: autoDraw = False
36.4578 	EXP 	prac_centerImg: autoDraw = False
36.4578 	EXP 	prac_rightImg1: autoDraw = False
36.4578 	EXP 	prac_leftImg1: autoDraw = False
36.6755 	DATA 	Keypress: 1
37.8909 	EXP 	New trial (rep=0, index=7): OrderedDict([('middleStim', 'img/leftArrow.png'), ('leftStim', 'img/leftArrow.png'), ('rightStim', 'img/leftArrow.png'), ('stimNum', 6), ('congruent', 1), ('target', 'left'), ('locationC', [0, 0]), ('locationR', [0.036, 0]), ('locationL', [-0.036, 0]), ('straightFace', 'img/neutralC/CFD-BF-213-188-N.jpg'), ('imageSize', [0.03, 0.03])])
38.1169 	EXP 	bigFace: autoDraw = False
38.1169 	EXP 	prac_fixImg: autoDraw = False
38.1169 	EXP 	bigFace: autoDraw = False
38.1169 	EXP 	cover_background_2: autoDraw = False
38.1169 	EXP 	prac_centerImg: autoDraw = False
38.1169 	EXP 	prac_rightImg1: autoDraw = False
38.1169 	EXP 	prac_leftImg1: autoDraw = False
38.1169 	EXP 	prac_fixImg: autoDraw = False
38.1169 	EXP 	bigFace: image = 'img/neutralC/CFD-BF-213-188-N.jpg'
38.1169 	EXP 	cover_background_2: image = 'img/cover_background.png'
38.1169 	EXP 	prac_centerImg: pos = array([0., 0.])
38.1169 	EXP 	prac_centerImg: size = array([0.03, 0.03])
38.1169 	EXP 	prac_centerImg: image = 'img/leftArrow.png'
38.1169 	EXP 	prac_rightImg1: pos = array([0.036, 0.   ])
38.1169 	EXP 	prac_rightImg1: size = array([0.03, 0.03])
38.1169 	EXP 	prac_rightImg1: image = 'img/leftArrow.png'
38.1169 	EXP 	prac_leftImg1: pos = array([-0.036,  0.   ])
38.1169 	EXP 	prac_leftImg1: size = array([0.03, 0.03])
38.1169 	EXP 	prac_leftImg1: image = 'img/leftArrow.png'
38.1169 	EXP 	prac_fixImg: image = 'img/transp_fixation.png'
38.1169 	EXP 	bigFace: autoDraw = True
38.1169 	EXP 	cover_background_2: autoDraw = True
38.1169 	EXP 	prac_centerImg: autoDraw = True
38.1169 	EXP 	prac_rightImg1: autoDraw = True
38.1169 	EXP 	prac_leftImg1: autoDraw = True
38.1169 	EXP 	prac_fixImg: autoDraw = True
38.3221 	EXP 	cover_background_2: autoDraw = False
38.3221 	EXP 	prac_centerImg: autoDraw = False
38.3221 	EXP 	prac_rightImg1: autoDraw = False
38.3221 	EXP 	prac_leftImg1: autoDraw = False
39.2258 	DATA 	Keypress: 8
39.6138 	EXP 	New trial (rep=0, index=8): OrderedDict([('middleStim', 'img/leftArrow.png'), ('leftStim', 'img/rightArrow.png'), ('rightStim', 'img/rightArrow.png'), ('stimNum', 8), ('congruent', 0), ('target', 'left'), ('locationC', [0, 0]), ('locationR', [0.036, 0]), ('locationL', [-0.036, 0]), ('straightFace', 'img/neutralC/CFD-MF-342-022-N.jpg'), ('imageSize', [0.03, 0.03])])
39.8453 	EXP 	bigFace: autoDraw = False
39.8453 	EXP 	prac_fixImg: autoDraw = False
39.8453 	EXP 	bigFace: autoDraw = False
39.8453 	EXP 	cover_background_2: autoDraw = False
39.8453 	EXP 	prac_centerImg: autoDraw = False
39.8453 	EXP 	prac_rightImg1: autoDraw = False
39.8453 	EXP 	prac_leftImg1: autoDraw = False
39.8453 	EXP 	prac_fixImg: autoDraw = False
39.8453 	EXP 	bigFace: image = 'img/neutralC/CFD-MF-342-022-N.jpg'
39.8453 	EXP 	cover_background_2: image = 'img/cover_background.png'
39.8453 	EXP 	prac_centerImg: pos = array([0., 0.])
39.8453 	EXP 	prac_centerImg: size = array([0.03, 0.03])
39.8453 	EXP 	prac_centerImg: image = 'img/leftArrow.png'
39.8453 	EXP 	prac_rightImg1: pos = array([0.036, 0.   ])
39.8453 	EXP 	prac_rightImg1: size = array([0.03, 0.03])
39.8453 	EXP 	prac_rightImg1: image = 'img/rightArrow.png'
39.8453 	EXP 	prac_leftImg1: pos = array([-0.036,  0.   ])
39.8453 	EXP 	prac_leftImg1: size = array([0.03, 0.03])
39.8453 	EXP 	prac_leftImg1: image = 'img/rightArrow.png'
39.8453 	EXP 	prac_fixImg: image = 'img/transp_fixation.png'
39.8453 	EXP 	bigFace: autoDraw = True
39.8453 	EXP 	cover_background_2: autoDraw = True
39.8453 	EXP 	prac_centerImg: autoDraw = True
39.8453 	EXP 	prac_rightImg1: autoDraw = True
39.8453 	EXP 	prac_leftImg1: autoDraw = True
39.8453 	EXP 	prac_fixImg: autoDraw = True
40.0574 	EXP 	cover_background_2: autoDraw = False
40.0574 	EXP 	prac_centerImg: autoDraw = False
40.0574 	EXP 	prac_rightImg1: autoDraw = False
40.0574 	EXP 	prac_leftImg1: autoDraw = False
40.4249 	DATA 	Keypress: 1
41.6612 	EXP 	New trial (rep=0, index=9): OrderedDict([('middleStim', 'img/leftArrow.png'), ('leftStim', 'img/leftArrow.png'), ('rightStim', 'img/leftArrow.png'), ('stimNum', 6), ('congruent', 1), ('target', 'left'), ('locationC', [0, 0]), ('locationR', [0.036, 0]), ('locationL', [-0.036, 0]), ('straightFace', 'img/neutralC/CFD-BF-228-212-N.jpg'), ('imageSize', [0.03, 0.03])])
41.8856 	EXP 	bigFace: autoDraw = False
41.8856 	EXP 	prac_fixImg: autoDraw = False
41.8856 	EXP 	bigFace: autoDraw = False
41.8856 	EXP 	cover_background_2: autoDraw = False
41.8856 	EXP 	prac_centerImg: autoDraw = False
41.8856 	EXP 	prac_rightImg1: autoDraw = False
41.8856 	EXP 	prac_leftImg1: autoDraw = False
41.8856 	EXP 	prac_fixImg: autoDraw = False
41.8856 	EXP 	bigFace: image = 'img/neutralC/CFD-BF-228-212-N.jpg'
41.8856 	EXP 	cover_background_2: image = 'img/cover_background.png'
41.8856 	EXP 	prac_centerImg: pos = array([0., 0.])
41.8856 	EXP 	prac_centerImg: size = array([0.03, 0.03])
41.8856 	EXP 	prac_centerImg: image = 'img/leftArrow.png'
41.8856 	EXP 	prac_rightImg1: pos = array([0.036, 0.   ])
41.8856 	EXP 	prac_rightImg1: size = array([0.03, 0.03])
41.8856 	EXP 	prac_rightImg1: image = 'img/leftArrow.png'
41.8856 	EXP 	prac_leftImg1: pos = array([-0.036,  0.   ])
41.8856 	EXP 	prac_leftImg1: size = array([0.03, 0.03])
41.8856 	EXP 	prac_leftImg1: image = 'img/leftArrow.png'
41.8856 	EXP 	prac_fixImg: image = 'img/transp_fixation.png'
41.8856 	EXP 	bigFace: autoDraw = True
41.8856 	EXP 	cover_background_2: autoDraw = True
41.8856 	EXP 	prac_centerImg: autoDraw = True
41.8856 	EXP 	prac_rightImg1: autoDraw = True
41.8856 	EXP 	prac_leftImg1: autoDraw = True
41.8856 	EXP 	prac_fixImg: autoDraw = True
42.0903 	EXP 	cover_background_2: autoDraw = False
42.0903 	EXP 	prac_centerImg: autoDraw = False
42.0903 	EXP 	prac_rightImg1: autoDraw = False
42.0903 	EXP 	prac_leftImg1: autoDraw = False
42.3302 	DATA 	Keypress: 1
43.5229 	EXP 	New trial (rep=0, index=10): OrderedDict([('middleStim', 'img/rightArrow.png'), ('leftStim', 'img/rightArrow.png'), ('rightStim', 'img/rightArrow.png'), ('stimNum', 5), ('congruent', 1), ('target', 'right'), ('locationC', [0, 0]), ('locationR', [0.036, 0]), ('locationL', [-0.036, 0]), ('straightFace', 'img/neutralC/CFD-WF-036-023-N.jpg'), ('imageSize', [0.03, 0.03])])
43.7492 	EXP 	bigFace: autoDraw = False
43.7492 	EXP 	prac_fixImg: autoDraw = False
43.7492 	EXP 	bigFace: autoDraw = False
43.7492 	EXP 	cover_background_2: autoDraw = False
43.7492 	EXP 	prac_centerImg: autoDraw = False
43.7492 	EXP 	prac_rightImg1: autoDraw = False
43.7492 	EXP 	prac_leftImg1: autoDraw = False
43.7492 	EXP 	prac_fixImg: autoDraw = False
43.7492 	EXP 	bigFace: image = 'img/neutralC/CFD-WF-036-023-N.jpg'
43.7492 	EXP 	cover_background_2: image = 'img/cover_background.png'
43.7492 	EXP 	prac_centerImg: pos = array([0., 0.])
43.7492 	EXP 	prac_centerImg: size = array([0.03, 0.03])
43.7492 	EXP 	prac_centerImg: image = 'img/rightArrow.png'
43.7492 	EXP 	prac_rightImg1: pos = array([0.036, 0.   ])
43.7492 	EXP 	prac_rightImg1: size = array([0.03, 0.03])
43.7492 	EXP 	prac_rightImg1: image = 'img/rightArrow.png'
43.7492 	EXP 	prac_leftImg1: pos = array([-0.036,  0.   ])
43.7492 	EXP 	prac_leftImg1: size = array([0.03, 0.03])
43.7492 	EXP 	prac_leftImg1: image = 'img/rightArrow.png'
43.7492 	EXP 	prac_fixImg: image = 'img/transp_fixation.png'
43.7492 	EXP 	bigFace: autoDraw = True
43.7492 	EXP 	cover_background_2: autoDraw = True
43.7492 	EXP 	prac_centerImg: autoDraw = True
43.7492 	EXP 	prac_rightImg1: autoDraw = True
43.7492 	EXP 	prac_leftImg1: autoDraw = True
43.7492 	EXP 	prac_fixImg: autoDraw = True
43.9577 	EXP 	cover_background_2: autoDraw = False
43.9577 	EXP 	prac_centerImg: autoDraw = False
43.9577 	EXP 	prac_rightImg1: autoDraw = False
43.9577 	EXP 	prac_leftImg1: autoDraw = False
44.2778 	DATA 	Keypress: 8
45.4119 	EXP 	New trial (rep=0, index=11): OrderedDict([('middleStim', 'img/rightArrow.png'), ('leftStim', 'img/rightArrow.png'), ('rightStim', 'img/rightArrow.png'), ('stimNum', 5), ('congruent', 1), ('target', 'right'), ('locationC', [0, 0]), ('locationR', [0.036, 0]), ('locationL', [-0.036, 0]), ('straightFace', 'img/neutralC/CFD-MM-306-010-N.jpg'), ('imageSize', [0.03, 0.03])])
45.6540 	EXP 	bigFace: autoDraw = False
45.6540 	EXP 	prac_fixImg: autoDraw = False
45.6540 	EXP 	bigFace: autoDraw = False
45.6540 	EXP 	cover_background_2: autoDraw = False
45.6540 	EXP 	prac_centerImg: autoDraw = False
45.6540 	EXP 	prac_rightImg1: autoDraw = False
45.6540 	EXP 	prac_leftImg1: autoDraw = False
45.6540 	EXP 	prac_fixImg: autoDraw = False
45.6540 	EXP 	bigFace: image = 'img/neutralC/CFD-MM-306-010-N.jpg'
45.6540 	EXP 	cover_background_2: image = 'img/cover_background.png'
45.6540 	EXP 	prac_centerImg: pos = array([0., 0.])
45.6540 	EXP 	prac_centerImg: size = array([0.03, 0.03])
45.6540 	EXP 	prac_centerImg: image = 'img/rightArrow.png'
45.6540 	EXP 	prac_rightImg1: pos = array([0.036, 0.   ])
45.6540 	EXP 	prac_rightImg1: size = array([0.03, 0.03])
45.6540 	EXP 	prac_rightImg1: image = 'img/rightArrow.png'
45.6540 	EXP 	prac_leftImg1: pos = array([-0.036,  0.   ])
45.6540 	EXP 	prac_leftImg1: size = array([0.03, 0.03])
45.6540 	EXP 	prac_leftImg1: image = 'img/rightArrow.png'
45.6540 	EXP 	prac_fixImg: image = 'img/transp_fixation.png'
45.6540 	EXP 	bigFace: autoDraw = True
45.6540 	EXP 	cover_background_2: autoDraw = True
45.6540 	EXP 	prac_centerImg: autoDraw = True
45.6540 	EXP 	prac_rightImg1: autoDraw = True
45.6540 	EXP 	prac_leftImg1: autoDraw = True
45.6540 	EXP 	prac_fixImg: autoDraw = True
45.8576 	EXP 	cover_background_2: autoDraw = False
45.8576 	EXP 	prac_centerImg: autoDraw = False
45.8576 	EXP 	prac_rightImg1: autoDraw = False
45.8576 	EXP 	prac_leftImg1: autoDraw = False
46.1132 	DATA 	Keypress: 8
47.4733 	EXP 	New trial (rep=0, index=12): OrderedDict([('middleStim', 'img/rightArrow.png'), ('leftStim', 'img/rightArrow.png'), ('rightStim', 'img/rightArrow.png'), ('stimNum', 5), ('congruent', 1), ('target', 'right'), ('locationC', [0, 0]), ('locationR', [0.036, 0]), ('locationL', [-0.036, 0]), ('straightFace', 'img/neutralC/CFD-WF-008-002-N.jpg'), ('imageSize', [0.03, 0.03])])
47.6966 	EXP 	bigFace: autoDraw = False
47.6966 	EXP 	prac_fixImg: autoDraw = False
47.6966 	EXP 	bigFace: autoDraw = False
47.6966 	EXP 	cover_background_2: autoDraw = False
47.6966 	EXP 	prac_centerImg: autoDraw = False
47.6966 	EXP 	prac_rightImg1: autoDraw = False
47.6966 	EXP 	prac_leftImg1: autoDraw = False
47.6966 	EXP 	prac_fixImg: autoDraw = False
47.6966 	EXP 	bigFace: image = 'img/neutralC/CFD-WF-008-002-N.jpg'
47.6966 	EXP 	cover_background_2: image = 'img/cover_background.png'
47.6966 	EXP 	prac_centerImg: pos = array([0., 0.])
47.6966 	EXP 	prac_centerImg: size = array([0.03, 0.03])
47.6966 	EXP 	prac_centerImg: image = 'img/rightArrow.png'
47.6966 	EXP 	prac_rightImg1: pos = array([0.036, 0.   ])
47.6966 	EXP 	prac_rightImg1: size = array([0.03, 0.03])
47.6966 	EXP 	prac_rightImg1: image = 'img/rightArrow.png'
47.6966 	EXP 	prac_leftImg1: pos = array([-0.036,  0.   ])
47.6966 	EXP 	prac_leftImg1: size = array([0.03, 0.03])
47.6966 	EXP 	prac_leftImg1: image = 'img/rightArrow.png'
47.6966 	EXP 	prac_fixImg: image = 'img/transp_fixation.png'
47.6966 	EXP 	bigFace: autoDraw = True
47.6966 	EXP 	cover_background_2: autoDraw = True
47.6966 	EXP 	prac_centerImg: autoDraw = True
47.6966 	EXP 	prac_rightImg1: autoDraw = True
47.6966 	EXP 	prac_leftImg1: autoDraw = True
47.6966 	EXP 	prac_fixImg: autoDraw = True
47.9077 	EXP 	cover_background_2: autoDraw = False
47.9077 	EXP 	prac_centerImg: autoDraw = False
47.9077 	EXP 	prac_rightImg1: autoDraw = False
47.9077 	EXP 	prac_leftImg1: autoDraw = False
48.2747 	DATA 	Keypress: 8
49.6764 	EXP 	New trial (rep=0, index=13): OrderedDict([('middleStim', 'img/leftArrow.png'), ('leftStim', 'img/leftArrow.png'), ('rightStim', 'img/leftArrow.png'), ('stimNum', 6), ('congruent', 1), ('target', 'left'), ('locationC', [0, 0]), ('locationR', [0.036, 0]), ('locationL', [-0.036, 0]), ('straightFace', 'img/neutralC/CFD-IF-634-382-N.jpg'), ('imageSize', [0.03, 0.03])])
49.9192 	EXP 	bigFace: autoDraw = False
49.9192 	EXP 	prac_fixImg: autoDraw = False
49.9192 	EXP 	bigFace: autoDraw = False
49.9192 	EXP 	cover_background_2: autoDraw = False
49.9192 	EXP 	prac_centerImg: autoDraw = False
49.9192 	EXP 	prac_rightImg1: autoDraw = False
49.9192 	EXP 	prac_leftImg1: autoDraw = False
49.9192 	EXP 	prac_fixImg: autoDraw = False
49.9192 	EXP 	bigFace: image = 'img/neutralC/CFD-IF-634-382-N.jpg'
49.9192 	EXP 	cover_background_2: image = 'img/cover_background.png'
49.9192 	EXP 	prac_centerImg: pos = array([0., 0.])
49.9192 	EXP 	prac_centerImg: size = array([0.03, 0.03])
49.9192 	EXP 	prac_centerImg: image = 'img/leftArrow.png'
49.9192 	EXP 	prac_rightImg1: pos = array([0.036, 0.   ])
49.9192 	EXP 	prac_rightImg1: size = array([0.03, 0.03])
49.9192 	EXP 	prac_rightImg1: image = 'img/leftArrow.png'
49.9192 	EXP 	prac_leftImg1: pos = array([-0.036,  0.   ])
49.9192 	EXP 	prac_leftImg1: size = array([0.03, 0.03])
49.9192 	EXP 	prac_leftImg1: image = 'img/leftArrow.png'
49.9192 	EXP 	prac_fixImg: image = 'img/transp_fixation.png'
49.9192 	EXP 	bigFace: autoDraw = True
49.9192 	EXP 	cover_background_2: autoDraw = True
49.9192 	EXP 	prac_centerImg: autoDraw = True
49.9192 	EXP 	prac_rightImg1: autoDraw = True
49.9192 	EXP 	prac_leftImg1: autoDraw = True
49.9192 	EXP 	prac_fixImg: autoDraw = True
50.1222 	EXP 	cover_background_2: autoDraw = False
50.1222 	EXP 	prac_centerImg: autoDraw = False
50.1222 	EXP 	prac_rightImg1: autoDraw = False
50.1222 	EXP 	prac_leftImg1: autoDraw = False
50.5928 	DATA 	Keypress: 1
51.5457 	EXP 	New trial (rep=0, index=14): OrderedDict([('middleStim', 'img/rightArrow.png'), ('leftStim', 'img/rightArrow.png'), ('rightStim', 'img/rightArrow.png'), ('stimNum', 5), ('congruent', 1), ('target', 'right'), ('locationC', [0, 0]), ('locationR', [0.036, 0]), ('locationL', [-0.036, 0]), ('straightFace', 'img/neutralC/CFD-IM-674-281-N.jpg'), ('imageSize', [0.03, 0.03])])
51.8183 	EXP 	bigFace: autoDraw = False
51.8183 	EXP 	prac_fixImg: autoDraw = False
51.8183 	EXP 	bigFace: autoDraw = False
51.8183 	EXP 	cover_background_2: autoDraw = False
51.8183 	EXP 	prac_centerImg: autoDraw = False
51.8183 	EXP 	prac_rightImg1: autoDraw = False
51.8183 	EXP 	prac_leftImg1: autoDraw = False
51.8183 	EXP 	prac_fixImg: autoDraw = False
51.8183 	EXP 	bigFace: image = 'img/neutralC/CFD-IM-674-281-N.jpg'
51.8183 	EXP 	cover_background_2: image = 'img/cover_background.png'
51.8183 	EXP 	prac_centerImg: pos = array([0., 0.])
51.8183 	EXP 	prac_centerImg: size = array([0.03, 0.03])
51.8183 	EXP 	prac_centerImg: image = 'img/rightArrow.png'
51.8183 	EXP 	prac_rightImg1: pos = array([0.036, 0.   ])
51.8183 	EXP 	prac_rightImg1: size = array([0.03, 0.03])
51.8183 	EXP 	prac_rightImg1: image = 'img/rightArrow.png'
51.8183 	EXP 	prac_leftImg1: pos = array([-0.036,  0.   ])
51.8183 	EXP 	prac_leftImg1: size = array([0.03, 0.03])
51.8183 	EXP 	prac_leftImg1: image = 'img/rightArrow.png'
51.8183 	EXP 	prac_fixImg: image = 'img/transp_fixation.png'
51.8183 	EXP 	bigFace: autoDraw = True
51.8183 	EXP 	cover_background_2: autoDraw = True
51.8183 	EXP 	prac_centerImg: autoDraw = True
51.8183 	EXP 	prac_rightImg1: autoDraw = True
51.8183 	EXP 	prac_leftImg1: autoDraw = True
51.8183 	EXP 	prac_fixImg: autoDraw = True
52.0238 	EXP 	cover_background_2: autoDraw = False
52.0238 	EXP 	prac_centerImg: autoDraw = False
52.0238 	EXP 	prac_rightImg1: autoDraw = False
52.0238 	EXP 	prac_leftImg1: autoDraw = False
52.4416 	DATA 	Keypress: 8
53.6616 	EXP 	New trial (rep=0, index=15): OrderedDict([('middleStim', 'img/rightArrow.png'), ('leftStim', 'img/rightArrow.png'), ('rightStim', 'img/rightArrow.png'), ('stimNum', 5), ('congruent', 1), ('target', 'right'), ('locationC', [0, 0]), ('locationR', [0.036, 0]), ('locationL', [-0.036, 0]), ('straightFace', 'img/neutralC/CFD-BF-212-315-N.jpg'), ('imageSize', [0.03, 0.03])])
53.8880 	EXP 	bigFace: autoDraw = False
53.8880 	EXP 	prac_fixImg: autoDraw = False
53.8880 	EXP 	bigFace: autoDraw = False
53.8880 	EXP 	cover_background_2: autoDraw = False
53.8880 	EXP 	prac_centerImg: autoDraw = False
53.8880 	EXP 	prac_rightImg1: autoDraw = False
53.8880 	EXP 	prac_leftImg1: autoDraw = False
53.8880 	EXP 	prac_fixImg: autoDraw = False
53.8880 	EXP 	bigFace: image = 'img/neutralC/CFD-BF-212-315-N.jpg'
53.8880 	EXP 	cover_background_2: image = 'img/cover_background.png'
53.8880 	EXP 	prac_centerImg: pos = array([0., 0.])
53.8880 	EXP 	prac_centerImg: size = array([0.03, 0.03])
53.8880 	EXP 	prac_centerImg: image = 'img/rightArrow.png'
53.8880 	EXP 	prac_rightImg1: pos = array([0.036, 0.   ])
53.8880 	EXP 	prac_rightImg1: size = array([0.03, 0.03])
53.8880 	EXP 	prac_rightImg1: image = 'img/rightArrow.png'
53.8880 	EXP 	prac_leftImg1: pos = array([-0.036,  0.   ])
53.8880 	EXP 	prac_leftImg1: size = array([0.03, 0.03])
53.8880 	EXP 	prac_leftImg1: image = 'img/rightArrow.png'
53.8880 	EXP 	prac_fixImg: image = 'img/transp_fixation.png'
53.8880 	EXP 	bigFace: autoDraw = True
53.8880 	EXP 	cover_background_2: autoDraw = True
53.8880 	EXP 	prac_centerImg: autoDraw = True
53.8880 	EXP 	prac_rightImg1: autoDraw = True
53.8880 	EXP 	prac_leftImg1: autoDraw = True
53.8880 	EXP 	prac_fixImg: autoDraw = True
54.0908 	EXP 	cover_background_2: autoDraw = False
54.0908 	EXP 	prac_centerImg: autoDraw = False
54.0908 	EXP 	prac_rightImg1: autoDraw = False
54.0908 	EXP 	prac_leftImg1: autoDraw = False
54.4144 	DATA 	Keypress: 1
55.5126 	EXP 	New trial (rep=0, index=16): OrderedDict([('middleStim', 'img/rightArrow.png'), ('leftStim', 'img/leftArrow.png'), ('rightStim', 'img/leftArrow.png'), ('stimNum', 7), ('congruent', 0), ('target', 'right'), ('locationC', [0, 0]), ('locationR', [0.036, 0]), ('locationL', [-0.036, 0]), ('straightFace', 'img/neutralC/CFD-IM-671-601-N.jpg'), ('imageSize', [0.03, 0.03])])
55.7400 	EXP 	bigFace: autoDraw = False
55.7400 	EXP 	prac_fixImg: autoDraw = False
55.7400 	EXP 	bigFace: autoDraw = False
55.7400 	EXP 	cover_background_2: autoDraw = False
55.7400 	EXP 	prac_centerImg: autoDraw = False
55.7400 	EXP 	prac_rightImg1: autoDraw = False
55.7400 	EXP 	prac_leftImg1: autoDraw = False
55.7400 	EXP 	prac_fixImg: autoDraw = False
55.7400 	EXP 	bigFace: image = 'img/neutralC/CFD-IM-671-601-N.jpg'
55.7400 	EXP 	cover_background_2: image = 'img/cover_background.png'
55.7400 	EXP 	prac_centerImg: pos = array([0., 0.])
55.7400 	EXP 	prac_centerImg: size = array([0.03, 0.03])
55.7400 	EXP 	prac_centerImg: image = 'img/rightArrow.png'
55.7400 	EXP 	prac_rightImg1: pos = array([0.036, 0.   ])
55.7400 	EXP 	prac_rightImg1: size = array([0.03, 0.03])
55.7400 	EXP 	prac_rightImg1: image = 'img/leftArrow.png'
55.7400 	EXP 	prac_leftImg1: pos = array([-0.036,  0.   ])
55.7400 	EXP 	prac_leftImg1: size = array([0.03, 0.03])
55.7400 	EXP 	prac_leftImg1: image = 'img/leftArrow.png'
55.7400 	EXP 	prac_fixImg: image = 'img/transp_fixation.png'
55.7400 	EXP 	bigFace: autoDraw = True
55.7400 	EXP 	cover_background_2: autoDraw = True
55.7400 	EXP 	prac_centerImg: autoDraw = True
55.7400 	EXP 	prac_rightImg1: autoDraw = True
55.7400 	EXP 	prac_leftImg1: autoDraw = True
55.7400 	EXP 	prac_fixImg: autoDraw = True
55.9402 	EXP 	cover_background_2: autoDraw = False
55.9402 	EXP 	prac_centerImg: autoDraw = False
55.9402 	EXP 	prac_rightImg1: autoDraw = False
55.9402 	EXP 	prac_leftImg1: autoDraw = False
56.5632 	DATA 	Keypress: 8
57.4751 	EXP 	New trial (rep=0, index=17): OrderedDict([('middleStim', 'img/leftArrow.png'), ('leftStim', 'img/leftArrow.png'), ('rightStim', 'img/leftArrow.png'), ('stimNum', 6), ('congruent', 1), ('target', 'left'), ('locationC', [0, 0]), ('locationR', [0.036, 0]), ('locationL', [-0.036, 0]), ('straightFace', 'img/neutralC/CFD-BM-041-035-N.jpg'), ('imageSize', [0.03, 0.03])])
57.7035 	EXP 	bigFace: autoDraw = False
57.7035 	EXP 	prac_fixImg: autoDraw = False
57.7035 	EXP 	bigFace: autoDraw = False
57.7035 	EXP 	cover_background_2: autoDraw = False
57.7035 	EXP 	prac_centerImg: autoDraw = False
57.7035 	EXP 	prac_rightImg1: autoDraw = False
57.7035 	EXP 	prac_leftImg1: autoDraw = False
57.7035 	EXP 	prac_fixImg: autoDraw = False
57.7035 	EXP 	bigFace: image = 'img/neutralC/CFD-BM-041-035-N.jpg'
57.7035 	EXP 	cover_background_2: image = 'img/cover_background.png'
57.7035 	EXP 	prac_centerImg: pos = array([0., 0.])
57.7035 	EXP 	prac_centerImg: size = array([0.03, 0.03])
57.7035 	EXP 	prac_centerImg: image = 'img/leftArrow.png'
57.7035 	EXP 	prac_rightImg1: pos = array([0.036, 0.   ])
57.7035 	EXP 	prac_rightImg1: size = array([0.03, 0.03])
57.7035 	EXP 	prac_rightImg1: image = 'img/leftArrow.png'
57.7035 	EXP 	prac_leftImg1: pos = array([-0.036,  0.   ])
57.7035 	EXP 	prac_leftImg1: size = array([0.03, 0.03])
57.7035 	EXP 	prac_leftImg1: image = 'img/leftArrow.png'
57.7035 	EXP 	prac_fixImg: image = 'img/transp_fixation.png'
57.7035 	EXP 	bigFace: autoDraw = True
57.7035 	EXP 	cover_background_2: autoDraw = True
57.7035 	EXP 	prac_centerImg: autoDraw = True
57.7035 	EXP 	prac_rightImg1: autoDraw = True
57.7035 	EXP 	prac_leftImg1: autoDraw = True
57.7035 	EXP 	prac_fixImg: autoDraw = True
57.9065 	EXP 	cover_background_2: autoDraw = False
57.9065 	EXP 	prac_centerImg: autoDraw = False
57.9065 	EXP 	prac_rightImg1: autoDraw = False
57.9065 	EXP 	prac_leftImg1: autoDraw = False
58.0270 	DATA 	Keypress: 1
59.5417 	EXP 	New trial (rep=0, index=18): OrderedDict([('middleStim', 'img/leftArrow.png'), ('leftStim', 'img/leftArrow.png'), ('rightStim', 'img/leftArrow.png'), ('stimNum', 6), ('congruent', 1), ('target', 'left'), ('locationC', [0, 0]), ('locationR', [0.036, 0]), ('locationL', [-0.036, 0]), ('straightFace', 'img/neutralC/CFD-BF-014-002-N.jpg'), ('imageSize', [0.03, 0.03])])
59.7721 	EXP 	bigFace: autoDraw = False
59.7721 	EXP 	prac_fixImg: autoDraw = False
59.7721 	EXP 	bigFace: autoDraw = False
59.7721 	EXP 	cover_background_2: autoDraw = False
59.7721 	EXP 	prac_centerImg: autoDraw = False
59.7721 	EXP 	prac_rightImg1: autoDraw = False
59.7721 	EXP 	prac_leftImg1: autoDraw = False
59.7721 	EXP 	prac_fixImg: autoDraw = False
59.7721 	EXP 	bigFace: image = 'img/neutralC/CFD-BF-014-002-N.jpg'
59.7721 	EXP 	cover_background_2: image = 'img/cover_background.png'
59.7721 	EXP 	prac_centerImg: pos = array([0., 0.])
59.7721 	EXP 	prac_centerImg: size = array([0.03, 0.03])
59.7721 	EXP 	prac_centerImg: image = 'img/leftArrow.png'
59.7721 	EXP 	prac_rightImg1: pos = array([0.036, 0.   ])
59.7721 	EXP 	prac_rightImg1: size = array([0.03, 0.03])
59.7721 	EXP 	prac_rightImg1: image = 'img/leftArrow.png'
59.7721 	EXP 	prac_leftImg1: pos = array([-0.036,  0.   ])
59.7721 	EXP 	prac_leftImg1: size = array([0.03, 0.03])
59.7721 	EXP 	prac_leftImg1: image = 'img/leftArrow.png'
59.7721 	EXP 	prac_fixImg: image = 'img/transp_fixation.png'
59.7721 	EXP 	bigFace: autoDraw = True
59.7721 	EXP 	cover_background_2: autoDraw = True
59.7721 	EXP 	prac_centerImg: autoDraw = True
59.7721 	EXP 	prac_rightImg1: autoDraw = True
59.7721 	EXP 	prac_leftImg1: autoDraw = True
59.7721 	EXP 	prac_fixImg: autoDraw = True
59.9721 	EXP 	cover_background_2: autoDraw = False
59.9721 	EXP 	prac_centerImg: autoDraw = False
59.9721 	EXP 	prac_rightImg1: autoDraw = False
59.9721 	EXP 	prac_leftImg1: autoDraw = False
60.2751 	DATA 	Keypress: 8
61.3434 	EXP 	New trial (rep=0, index=19): OrderedDict([('middleStim', 'img/rightArrow.png'), ('leftStim', 'img/leftArrow.png'), ('rightStim', 'img/leftArrow.png'), ('stimNum', 7), ('congruent', 0), ('target', 'right'), ('locationC', [0, 0]), ('locationR', [0.036, 0]), ('locationL', [-0.036, 0]), ('straightFace', 'img/neutralC/CFD-AM-243-212-N.jpg'), ('imageSize', [0.03, 0.03])])
61.5669 	EXP 	bigFace: autoDraw = False
61.5669 	EXP 	prac_fixImg: autoDraw = False
61.5669 	EXP 	bigFace: autoDraw = False
61.5669 	EXP 	cover_background_2: autoDraw = False
61.5669 	EXP 	prac_centerImg: autoDraw = False
61.5669 	EXP 	prac_rightImg1: autoDraw = False
61.5669 	EXP 	prac_leftImg1: autoDraw = False
61.5669 	EXP 	prac_fixImg: autoDraw = False
61.5669 	EXP 	bigFace: image = 'img/neutralC/CFD-AM-243-212-N.jpg'
61.5669 	EXP 	cover_background_2: image = 'img/cover_background.png'
61.5669 	EXP 	prac_centerImg: pos = array([0., 0.])
61.5669 	EXP 	prac_centerImg: size = array([0.03, 0.03])
61.5669 	EXP 	prac_centerImg: image = 'img/rightArrow.png'
61.5669 	EXP 	prac_rightImg1: pos = array([0.036, 0.   ])
61.5669 	EXP 	prac_rightImg1: size = array([0.03, 0.03])
61.5669 	EXP 	prac_rightImg1: image = 'img/leftArrow.png'
61.5669 	EXP 	prac_leftImg1: pos = array([-0.036,  0.   ])
61.5669 	EXP 	prac_leftImg1: size = array([0.03, 0.03])
61.5669 	EXP 	prac_leftImg1: image = 'img/leftArrow.png'
61.5669 	EXP 	prac_fixImg: image = 'img/transp_fixation.png'
61.5669 	EXP 	bigFace: autoDraw = True
61.5669 	EXP 	cover_background_2: autoDraw = True
61.5669 	EXP 	prac_centerImg: autoDraw = True
61.5669 	EXP 	prac_rightImg1: autoDraw = True
61.5669 	EXP 	prac_leftImg1: autoDraw = True
61.5669 	EXP 	prac_fixImg: autoDraw = True
61.7732 	EXP 	cover_background_2: autoDraw = False
61.7732 	EXP 	prac_centerImg: autoDraw = False
61.7732 	EXP 	prac_rightImg1: autoDraw = False
61.7732 	EXP 	prac_leftImg1: autoDraw = False
63.1114 	DATA 	Keypress: 8
63.5807 	EXP 	bigFace: autoDraw = False
63.5807 	EXP 	prac_fixImg: autoDraw = False
63.5807 	EXP 	bigFace: autoDraw = False
63.5807 	EXP 	cover_background_2: autoDraw = False
63.5807 	EXP 	prac_centerImg: autoDraw = False
63.5807 	EXP 	prac_rightImg1: autoDraw = False
63.5807 	EXP 	prac_leftImg1: autoDraw = False
63.5807 	EXP 	prac_fixImg: autoDraw = False
63.5807 	EXP 	prac_blockFeed_text: text = 'You have completed the practice'
63.5807 	EXP 	prac_blockFeed_text: autoDraw = True
63.5807 	EXP 	prac_pressContinue: autoDraw = True
64.6245 	DEBUG 	Read csv file with pandas: blockSelect.csv
64.6254 	DEBUG 	Clearing unnamed columns from blockSelect.csv
64.6256 	EXP 	Imported blockSelect.csv as conditions, 6 conditions, 1 params
64.6259 	EXP 	Created sequence: random, trialTypes=6, nReps=1, seed=None
64.6261 	EXP 	New trial (rep=0, index=0): OrderedDict([('whichBlock', 'a_halfV_trialTable_4.csv')])
64.6376 	DATA 	Keypress: 8
64.6460 	EXP 	prac_blockFeed_text: autoDraw = False
64.6460 	EXP 	prac_pressContinue: autoDraw = False
64.6460 	EXP 	task_blockText: text = 'Block 1 of 6'
64.6460 	EXP 	task_blockText: autoDraw = True
64.6460 	EXP 	task_blockReminders_text: autoDraw = True
65.3854 	DATA 	Keypress: 8
65.3912 	EXP 	task_blockText: autoDraw = False
65.3912 	EXP 	task_blockReminders_text: autoDraw = False
65.3912 	EXP 	initFixation_img: image = 'img/transp_fixation.png'
65.3912 	EXP 	initFixation_img: autoDraw = True
67.3782 	DEBUG 	Read csv file with pandas: a_halfV_trialTable_4.csv
67.3796 	DEBUG 	Clearing unnamed columns from a_halfV_trialTable_4.csv
67.3847 	EXP 	Imported a_halfV_trialTable_4.csv as conditions, 32 conditions, 11 params
67.3858 	EXP 	Created sequence: random, trialTypes=32, nReps=1, seed=None
67.3863 	EXP 	New trial (rep=0, index=0): OrderedDict([('middleStim', 'img/rightArrow.png'), ('leftStim', 'img/rightArrow.png'), ('rightStim', 'img/rightArrow.png'), ('stimNum', 5), ('congruent', 1), ('target', 'right'), ('locationC', [0, 0]), ('locationR', [0.036, 0]), ('locationL', [-0.036, 0]), ('straightFace', 'img/neutralC/CFD-WF-200-099-N.jpg'), ('imageSize', [0.03, 0.03])])
67.6374 	EXP 	initFixation_img: autoDraw = False
67.6374 	EXP 	bigFace_2: image = 'img/neutralC/CFD-WF-200-099-N.jpg'
67.6374 	EXP 	task_centerImg: pos = array([0., 0.])
67.6374 	EXP 	task_centerImg: size = array([0.03, 0.03])
67.6374 	EXP 	task_centerImg: image = 'img/rightArrow.png'
67.6374 	EXP 	task_rightImg1: pos = array([0.036, 0.   ])
67.6374 	EXP 	task_rightImg1: size = array([0.03, 0.03])
67.6374 	EXP 	task_rightImg1: image = 'img/rightArrow.png'
67.6374 	EXP 	task_leftImg1: pos = array([-0.036,  0.   ])
67.6374 	EXP 	task_leftImg1: size = array([0.03, 0.03])
67.6374 	EXP 	task_leftImg1: image = 'img/rightArrow.png'
67.6374 	EXP 	task_fixImg: image = 'img/transp_fixation.png'
67.6374 	EXP 	bigFace_2: autoDraw = True
67.6374 	EXP 	cover_background: autoDraw = True
67.6374 	EXP 	task_centerImg: autoDraw = True
67.6374 	EXP 	task_rightImg1: autoDraw = True
67.6374 	EXP 	task_leftImg1: autoDraw = True
67.6374 	EXP 	task_fixImg: autoDraw = True
67.8386 	EXP 	cover_background: autoDraw = False
67.8386 	EXP 	task_centerImg: autoDraw = False
67.8386 	EXP 	task_rightImg1: autoDraw = False
67.8386 	EXP 	task_leftImg1: autoDraw = False
69.4064 	DATA 	Keypress: escape
70.0191 	EXP 	window1: mouseVisible = True
70.0192 	DEBUG 	Saving data for face_flanker_v1 ExperimentHandler
70.0284 	INFO 	saved data to /Users/khoss005/Documents/memory-for-error-dataset/materials/experiments/arrowFlanker_with_chicago_background_half/data/_face_flanker_v1_2022_May_24_1549.psydat
70.0334 	INFO 	saved data to '/Users/khoss005/Documents/memory-for-error-dataset/materials/experiments/arrowFlanker_with_chicago_background_half/data/_face_flanker_v1_2022_May_24_1549.csv'
