0.7312 	WARNING 	We strongly recommend you activate the PTB sound engine in PsychoPy prefs as the preferred audio engine. Its timing is vastly superior. Your prefs are currently set to use ['sounddevice', 'PTB', 'pyo', 'pygame'] (in that order).
2.1183 	INFO 	Loaded monitor calibration from ['2021_09_14 11:10']
2.1189 	ERROR 	'0.5000, 0.5000, 0.5000' is not a valid rgb color
5.4632 	EXP 	Created window1 = Window(allowGUI=False, allowStencil=False, autoLog=True, backendConf=UNKNOWN, bitsMode=UNKNOWN, blendMode='avg', bpc=(8, 8, 8), color=array([0, 0, 0]), colorSpace='rgb', depthBits=8, fullscr=<method-wrapper '__getattribute__' of attributeSetter object at 0x000002BA3677EB00>, gamma=None, gammaErrorPolicy='raise', lms=UNKNOWN, monitor=<psychopy.monitors.calibTools.Monitor object at 0x000002BA367D0B00>, multiSample=False, name='window1', numSamples=2, pos=[0.0, 0.0], screen=0, size=array([1920, 1080]), stencilBits=0, stereo=False, units='height', useFBO=True, useRetina=False, viewOri=0.0, viewPos=None, viewScale=None, waitBlanking=True, winType='pyglet')
5.4637 	EXP 	window1: mouseVisible = True
5.4638 	EXP 	window1: recordFrameIntervals = False
5.5036 	EXP 	window1: recordFrameIntervals = True
5.5498 	DEBUG 	Screen (0) actual frame rate measured at 240.47
5.5498 	EXP 	window1: recordFrameIntervals = False
5.7183 	INFO 	keyboard.Keyboard is using ptb backend.
5.7185 	EXP 	window1: mouseVisible = False
6.1187 	EXP 	Created welcome_text = TextStim(__class__=<class 'psychopy.visual.text.TextStim'>, alignHoriz=method-wrapper(...), alignText='center', alignVert=method-wrapper(...), anchorHoriz='center', anchorVert='center', antialias=True, autoLog=True, bold=False, color=array([1., 1., 1.]), colorSpace='rgb', contrast=1.0, depth=0.0, flipHoriz=False, flipVert=False, font='Arial', fontFiles=[], height=0.04, italic=False, languageStyle='LTR', name='welcome_text', opacity=1, ori=0, pos=array([0., 0.]), rgb=UNKNOWN, text=str(...), units='height', win=Window(...), wrapWidth=1.3)
6.1187 	INFO 	keyboard.Keyboard is using ptb backend.
6.1261 	EXP 	Created instructRight_text = TextStim(__class__=<class 'psychopy.visual.text.TextStim'>, alignHoriz=method-wrapper(...), alignText='center', alignVert=method-wrapper(...), anchorHoriz='center', anchorVert='center', antialias=True, autoLog=True, bold=False, color=array([1., 1., 1.]), colorSpace='rgb', contrast=1.0, depth=0.0, flipHoriz=False, flipVert=False, font='Arial', fontFiles=[], height=0.04, italic=False, languageStyle='LTR', name='instructRight_text', opacity=1, ori=0, pos=array([0., 0.]), rgb=UNKNOWN, text=str(...), units='height', win=Window(...), wrapWidth=1.3)
6.1666 	EXP 	Created instructRight_centerImg = ImageStim(__class__=<class 'psychopy.visual.image.ImageStim'>, autoLog=True, color=array([1., 1., 1.]), colorSpace='rgb', contrast=1.0, depth=-1.0, flipHoriz=False, flipVert=False, image='img/rightArrow.png', interpolate=True, mask=None, maskParams=None, name='instructRight_centerImg', opacity=1, ori=0.0, pos=array([ 0. , -0.3]), size=array([0.02, 0.02]), texRes=512, units='height', win=Window(...))
6.2037 	EXP 	Created instructRight_rightImg1 = ImageStim(__class__=<class 'psychopy.visual.image.ImageStim'>, autoLog=True, color=array([1., 1., 1.]), colorSpace='rgb', contrast=1.0, depth=-2.0, flipHoriz=False, flipVert=False, image='img/rightArrow.png', interpolate=True, mask=None, maskParams=None, name='instructRight_rightImg1', opacity=1, ori=0.0, pos=array([ 0.03, -0.3 ]), size=array([0.02, 0.02]), texRes=512, units='height', win=Window(...))
6.2400 	EXP 	Created instructRight_leftImg1 = ImageStim(__class__=<class 'psychopy.visual.image.ImageStim'>, autoLog=True, color=array([1., 1., 1.]), colorSpace='rgb', contrast=1.0, depth=-3.0, flipHoriz=False, flipVert=False, image='img/rightArrow.png', interpolate=True, mask=None, maskParams=None, name='instructRight_leftImg1', opacity=1, ori=0.0, pos=array([-0.03, -0.3 ]), size=array([0.02, 0.02]), texRes=512, units='height', win=Window(...))
6.2400 	INFO 	keyboard.Keyboard is using ptb backend.
6.2745 	EXP 	Created instructLeft_text = TextStim(__class__=<class 'psychopy.visual.text.TextStim'>, alignHoriz=method-wrapper(...), alignText='center', alignVert=method-wrapper(...), anchorHoriz='center', anchorVert='center', antialias=True, autoLog=True, bold=False, color=array([1., 1., 1.]), colorSpace='rgb', contrast=1.0, depth=0.0, flipHoriz=False, flipVert=False, font='Arial', fontFiles=[], height=0.04, italic=False, languageStyle='LTR', name='instructLeft_text', opacity=1, ori=0, pos=array([0., 0.]), rgb=UNKNOWN, text=str(...), units='height', win=Window(...), wrapWidth=1.3)
6.3097 	EXP 	Created instructLeft_centerImg = ImageStim(__class__=<class 'psychopy.visual.image.ImageStim'>, autoLog=True, color=array([1., 1., 1.]), colorSpace='rgb', contrast=1.0, depth=-1.0, flipHoriz=False, flipVert=False, image='img/leftArrow.png', interpolate=True, mask=None, maskParams=None, name='instructLeft_centerImg', opacity=1, ori=0.0, pos=array([ 0. , -0.3]), size=array([0.02, 0.02]), texRes=512, units='height', win=Window(...))
6.3463 	EXP 	Created instructLeft_rightImg1 = ImageStim(__class__=<class 'psychopy.visual.image.ImageStim'>, autoLog=True, color=array([1., 1., 1.]), colorSpace='rgb', contrast=1.0, depth=-2.0, flipHoriz=False, flipVert=False, image='img/leftArrow.png', interpolate=True, mask=None, maskParams=None, name='instructLeft_rightImg1', opacity=1, ori=0.0, pos=array([ 0.03, -0.3 ]), size=array([0.02, 0.02]), texRes=512, units='height', win=Window(...))
6.3830 	EXP 	Created instructLeft_leftImg1 = ImageStim(__class__=<class 'psychopy.visual.image.ImageStim'>, autoLog=True, color=array([1., 1., 1.]), colorSpace='rgb', contrast=1.0, depth=-3.0, flipHoriz=False, flipVert=False, image='img/leftArrow.png', interpolate=True, mask=None, maskParams=None, name='instructLeft_leftImg1', opacity=1, ori=0.0, pos=array([-0.03, -0.3 ]), size=array([0.02, 0.02]), texRes=512, units='height', win=Window(...))
6.3831 	INFO 	keyboard.Keyboard is using ptb backend.
6.3988 	EXP 	Created instructInconRight_text = TextStim(__class__=<class 'psychopy.visual.text.TextStim'>, alignHoriz=method-wrapper(...), alignText='center', alignVert=method-wrapper(...), anchorHoriz='center', anchorVert='center', antialias=True, autoLog=True, bold=False, color=array([1., 1., 1.]), colorSpace='rgb', contrast=1.0, depth=0.0, flipHoriz=False, flipVert=False, font='Arial', fontFiles=[], height=0.04, italic=False, languageStyle='LTR', name='instructInconRight_text', opacity=1, ori=0, pos=array([0., 0.]), rgb=UNKNOWN, text=str(...), units='height', win=Window(...), wrapWidth=1.3)
6.4229 	EXP 	Created instructIncon_centerImg = ImageStim(__class__=<class 'psychopy.visual.image.ImageStim'>, autoLog=True, color=array([1., 1., 1.]), colorSpace='rgb', contrast=1.0, depth=-1.0, flipHoriz=False, flipVert=False, image='img/rightArrow.png', interpolate=True, mask=None, maskParams=None, name='instructIncon_centerImg', opacity=1, ori=0.0, pos=array([ 0. , -0.3]), size=array([0.02, 0.02]), texRes=512, units='height', win=Window(...))
6.4472 	EXP 	Created instructIncon_rightImg1 = ImageStim(__class__=<class 'psychopy.visual.image.ImageStim'>, autoLog=True, color=array([1., 1., 1.]), colorSpace='rgb', contrast=1.0, depth=-2.0, flipHoriz=False, flipVert=False, image='img/leftArrow.png', interpolate=True, mask=None, maskParams=None, name='instructIncon_rightImg1', opacity=1, ori=0.0, pos=array([ 0.03, -0.3 ]), size=array([0.02, 0.02]), texRes=512, units='height', win=Window(...))
6.4713 	EXP 	Created instructIncon_leftImg1 = ImageStim(__class__=<class 'psychopy.visual.image.ImageStim'>, autoLog=True, color=array([1., 1., 1.]), colorSpace='rgb', contrast=1.0, depth=-3.0, flipHoriz=False, flipVert=False, image='img/leftArrow.png', interpolate=True, mask=None, maskParams=None, name='instructIncon_leftImg1', opacity=1, ori=0.0, pos=array([-0.03, -0.3 ]), size=array([0.02, 0.02]), texRes=512, units='height', win=Window(...))
6.4713 	INFO 	keyboard.Keyboard is using ptb backend.
6.4787 	EXP 	Created instructInconLeft_text = TextStim(__class__=<class 'psychopy.visual.text.TextStim'>, alignHoriz=method-wrapper(...), alignText='center', alignVert=method-wrapper(...), anchorHoriz='center', anchorVert='center', antialias=True, autoLog=True, bold=False, color=array([1., 1., 1.]), colorSpace='rgb', contrast=1.0, depth=0.0, flipHoriz=False, flipVert=False, font='Arial', fontFiles=[], height=0.04, italic=False, languageStyle='LTR', name='instructInconLeft_text', opacity=1, ori=0, pos=array([0., 0.]), rgb=UNKNOWN, text=str(...), units='height', win=Window(...), wrapWidth=1.3)
6.5026 	EXP 	Created instructInconLeft_centerImg = ImageStim(__class__=<class 'psychopy.visual.image.ImageStim'>, autoLog=True, color=array([1., 1., 1.]), colorSpace='rgb', contrast=1.0, depth=-1.0, flipHoriz=False, flipVert=False, image='img/leftArrow.png', interpolate=True, mask=None, maskParams=None, name='instructInconLeft_centerImg', opacity=1, ori=0.0, pos=array([ 0. , -0.3]), size=array([0.02, 0.02]), texRes=512, units='height', win=Window(...))
6.5270 	EXP 	Created instructInconLeft_rightImg1 = ImageStim(__class__=<class 'psychopy.visual.image.ImageStim'>, autoLog=True, color=array([1., 1., 1.]), colorSpace='rgb', contrast=1.0, depth=-2.0, flipHoriz=False, flipVert=False, image='img/rightArrow.png', interpolate=True, mask=None, maskParams=None, name='instructInconLeft_rightImg1', opacity=1, ori=0.0, pos=array([ 0.03, -0.3 ]), size=array([0.02, 0.02]), texRes=512, units='height', win=Window(...))
6.5527 	EXP 	Created instructInconLeft_leftImg1 = ImageStim(__class__=<class 'psychopy.visual.image.ImageStim'>, autoLog=True, color=array([1., 1., 1.]), colorSpace='rgb', contrast=1.0, depth=-3.0, flipHoriz=False, flipVert=False, image='img/rightArrow.png', interpolate=True, mask=None, maskParams=None, name='instructInconLeft_leftImg1', opacity=1, ori=0.0, pos=array([-0.03, -0.3 ]), size=array([0.02, 0.02]), texRes=512, units='height', win=Window(...))
6.5528 	INFO 	keyboard.Keyboard is using ptb backend.
6.5635 	EXP 	Created prac_blockText = TextStim(__class__=<class 'psychopy.visual.text.TextStim'>, alignHoriz=method-wrapper(...), alignText='center', alignVert=method-wrapper(...), anchorHoriz='center', anchorVert='center', antialias=True, autoLog=True, bold=False, color=array([1., 1., 1.]), colorSpace='rgb', contrast=1.0, depth=-1.0, flipHoriz=False, flipVert=False, font='Arial', fontFiles=[], height=0.06, italic=False, languageStyle='LTR', name='prac_blockText', opacity=1, ori=0.0, pos=array([0. , 0.3]), rgb=UNKNOWN, text='Practice', units='height', win=Window(...), wrapWidth=1.3)
6.5763 	EXP 	Created prac_reminder_text = TextStim(__class__=<class 'psychopy.visual.text.TextStim'>, alignHoriz=method-wrapper(...), alignText='center', alignVert=method-wrapper(...), anchorHoriz='center', anchorVert='center', antialias=True, autoLog=True, bold=False, color=array([1., 1., 1.]), colorSpace='rgb', contrast=1.0, depth=-2.0, flipHoriz=False, flipVert=False, font='Arial', fontFiles=[], height=0.04, italic=False, languageStyle='LTR', name='prac_reminder_text', opacity=1, ori=0, pos=array([0., 0.]), rgb=UNKNOWN, text=str(...), units='height', win=Window(...), wrapWidth=1.3)
6.5764 	INFO 	keyboard.Keyboard is using ptb backend.
6.5793 	EXP 	Created initFixation_img = ImageStim(__class__=<class 'psychopy.visual.image.ImageStim'>, autoLog=True, color=array([1., 1., 1.]), colorSpace='rgb', contrast=1.0, depth=0.0, flipHoriz=False, flipVert=False, image='sin', interpolate=True, mask=None, maskParams=None, name='initFixation_img', opacity=1, ori=0.0, pos=array([ 0.   , -0.015]), size=array([0.26, 0.22]), texRes=512, units='height', win=Window(...))
6.5821 	EXP 	Created bigFace = ImageStim(__class__=<class 'psychopy.visual.image.ImageStim'>, autoLog=True, color=array([1., 1., 1.]), colorSpace='rgb', contrast=1.0, depth=-1.0, flipHoriz=False, flipVert=False, image='sin', interpolate=True, mask=None, maskParams=None, name='bigFace', opacity=0.85, ori=0.0, pos=array([0., 0.]), size=array([0.4267, 0.3   ]), texRes=128.0, units='height', win=Window(...))
6.5849 	EXP 	Created cover_background_2 = ImageStim(__class__=<class 'psychopy.visual.image.ImageStim'>, autoLog=True, color=array([1., 1., 1.]), colorSpace='rgb', contrast=1.0, depth=-2.0, flipHoriz=False, flipVert=False, image='sin', interpolate=True, mask=None, maskParams=None, name='cover_background_2', opacity=1, ori=0.0, pos=array([ 0.   , -0.015]), size=array([0.26, 0.22]), texRes=128.0, units='height', win=Window(...))
6.5877 	EXP 	Created prac_centerImg = ImageStim(__class__=<class 'psychopy.visual.image.ImageStim'>, autoLog=True, color=array([1., 1., 1.]), colorSpace='rgb', contrast=1.0, depth=-3.0, flipHoriz=False, flipVert=False, image='sin', interpolate=True, mask=None, maskParams=None, name='prac_centerImg', opacity=1, ori=0.0, pos=array([0., 0.]), size=array([1., 1.]), texRes=512, units='height', win=Window(...))
6.5905 	EXP 	Created prac_rightImg1 = ImageStim(__class__=<class 'psychopy.visual.image.ImageStim'>, autoLog=True, color=array([1., 1., 1.]), colorSpace='rgb', contrast=1.0, depth=-4.0, flipHoriz=False, flipVert=False, image='sin', interpolate=True, mask=None, maskParams=None, name='prac_rightImg1', opacity=1, ori=0.0, pos=array([0., 0.]), size=array([1., 1.]), texRes=512, units='height', win=Window(...))
6.5934 	EXP 	Created prac_leftImg1 = ImageStim(__class__=<class 'psychopy.visual.image.ImageStim'>, autoLog=True, color=array([1., 1., 1.]), colorSpace='rgb', contrast=1.0, depth=-5.0, flipHoriz=False, flipVert=False, image='sin', interpolate=True, mask=None, maskParams=None, name='prac_leftImg1', opacity=1, ori=0.0, pos=array([0., 0.]), size=array([1., 1.]), texRes=512, units='height', win=Window(...))
6.5963 	EXP 	Created prac_fixImg = ImageStim(__class__=<class 'psychopy.visual.image.ImageStim'>, autoLog=True, color=array([1., 1., 1.]), colorSpace='rgb', contrast=1.0, depth=-6.0, flipHoriz=False, flipVert=False, image='sin', interpolate=True, mask=None, maskParams=None, name='prac_fixImg', opacity=1, ori=0.0, pos=array([ 0.   , -0.015]), size=array([0.26, 0.22]), texRes=512, units='height', win=Window(...))
6.5963 	INFO 	keyboard.Keyboard is using ptb backend.
6.5973 	EXP 	Created prac_blockFeed_text = TextStim(__class__=<class 'psychopy.visual.text.TextStim'>, alignHoriz=method-wrapper(...), alignText='center', alignVert=method-wrapper(...), anchorHoriz='center', anchorVert='center', antialias=True, autoLog=True, bold=False, color=array([1., 1., 1.]), colorSpace='rgb', contrast=1.0, depth=-1.0, flipHoriz=False, flipVert=False, font='Arial', fontFiles=[], height=0.04, italic=False, languageStyle='LTR', name='prac_blockFeed_text', opacity=1, ori=0, pos=array([0., 0.]), rgb=UNKNOWN, text='', units='height', win=Window(...), wrapWidth=1.3)
6.6003 	EXP 	Created prac_pressContinue = TextStim(__class__=<class 'psychopy.visual.text.TextStim'>, alignHoriz=method-wrapper(...), alignText='center', alignVert=method-wrapper(...), anchorHoriz='center', anchorVert='center', antialias=True, autoLog=True, bold=False, color=array([1., 1., 1.]), colorSpace='rgb', contrast=1.0, depth=-2.0, flipHoriz=False, flipVert=False, font='Arial', fontFiles=[], height=0.04, italic=False, languageStyle='LTR', name='prac_pressContinue', opacity=1, ori=0.0, pos=array([ 0. , -0.3]), rgb=UNKNOWN, text='Press the right key', units='height', win=Window(...), wrapWidth=1.3)
6.6004 	INFO 	keyboard.Keyboard is using ptb backend.
6.6014 	EXP 	Created task_blockText = TextStim(__class__=<class 'psychopy.visual.text.TextStim'>, alignHoriz=method-wrapper(...), alignText='center', alignVert=method-wrapper(...), anchorHoriz='center', anchorVert='center', antialias=True, autoLog=True, bold=False, color=array([1., 1., 1.]), colorSpace='rgb', contrast=1.0, depth=-1.0, flipHoriz=False, flipVert=False, font='Arial', fontFiles=[], height=0.06, italic=False, languageStyle='LTR', name='task_blockText', opacity=1, ori=0.0, pos=array([0. , 0.3]), rgb=UNKNOWN, text='', units='height', win=Window(...), wrapWidth=1.3)
6.6105 	EXP 	Created task_blockReminders_text = TextStim(__class__=<class 'psychopy.visual.text.TextStim'>, alignHoriz=method-wrapper(...), alignText='center', alignVert=method-wrapper(...), anchorHoriz='center', anchorVert='center', antialias=True, autoLog=True, bold=False, color=array([1., 1., 1.]), colorSpace='rgb', contrast=1.0, depth=-2.0, flipHoriz=False, flipVert=False, font='Arial', fontFiles=[], height=0.04, italic=False, languageStyle='LTR', name='task_blockReminders_text', opacity=1, ori=0, pos=array([0., 0.]), rgb=UNKNOWN, text=str(...), units='height', win=Window(...), wrapWidth=1.3)
6.6106 	INFO 	keyboard.Keyboard is using ptb backend.
6.6135 	EXP 	Created initFixation_img = ImageStim(__class__=<class 'psychopy.visual.image.ImageStim'>, autoLog=True, color=array([1., 1., 1.]), colorSpace='rgb', contrast=1.0, depth=0.0, flipHoriz=False, flipVert=False, image='sin', interpolate=True, mask=None, maskParams=None, name='initFixation_img', opacity=1, ori=0.0, pos=array([ 0.   , -0.015]), size=array([0.26, 0.22]), texRes=512, units='height', win=Window(...))
6.6165 	EXP 	Created bigFace_2 = ImageStim(__class__=<class 'psychopy.visual.image.ImageStim'>, autoLog=True, color=array([1., 1., 1.]), colorSpace='rgb', contrast=1.0, depth=-1.0, flipHoriz=False, flipVert=False, image='sin', interpolate=True, mask=None, maskParams=None, name='bigFace_2', opacity=0.85, ori=0.0, pos=array([0., 0.]), size=array([0.4267, 0.3   ]), texRes=128.0, units='height', win=Window(...))
6.6610 	EXP 	Created cover_background = ImageStim(__class__=<class 'psychopy.visual.image.ImageStim'>, autoLog=True, color=array([1., 1., 1.]), colorSpace='rgb', contrast=1.0, depth=-2.0, flipHoriz=False, flipVert=False, image='img/cover_background.png', interpolate=True, mask=None, maskParams=None, name='cover_background', opacity=1, ori=0.0, pos=array([ 0.   , -0.015]), size=array([0.26, 0.22]), texRes=128.0, units='height', win=Window(...))
6.6640 	EXP 	Created task_centerImg = ImageStim(__class__=<class 'psychopy.visual.image.ImageStim'>, autoLog=True, color=array([1., 1., 1.]), colorSpace='rgb', contrast=1.0, depth=-3.0, flipHoriz=False, flipVert=False, image='sin', interpolate=True, mask=None, maskParams=None, name='task_centerImg', opacity=1, ori=0.0, pos=array([0., 0.]), size=array([1., 1.]), texRes=512, units='height', win=Window(...))
6.6669 	EXP 	Created task_rightImg1 = ImageStim(__class__=<class 'psychopy.visual.image.ImageStim'>, autoLog=True, color=array([1., 1., 1.]), colorSpace='rgb', contrast=1.0, depth=-4.0, flipHoriz=False, flipVert=False, image='sin', interpolate=True, mask=None, maskParams=None, name='task_rightImg1', opacity=1, ori=0.0, pos=array([0., 0.]), size=array([1., 1.]), texRes=512, units='height', win=Window(...))
6.6698 	EXP 	Created task_leftImg1 = ImageStim(__class__=<class 'psychopy.visual.image.ImageStim'>, autoLog=True, color=array([1., 1., 1.]), colorSpace='rgb', contrast=1.0, depth=-5.0, flipHoriz=False, flipVert=False, image='sin', interpolate=True, mask=None, maskParams=None, name='task_leftImg1', opacity=1, ori=0.0, pos=array([0., 0.]), size=array([1., 1.]), texRes=512, units='height', win=Window(...))
6.6728 	EXP 	Created task_fixImg = ImageStim(__class__=<class 'psychopy.visual.image.ImageStim'>, autoLog=True, color=array([1., 1., 1.]), colorSpace='rgb', contrast=1.0, depth=-6.0, flipHoriz=False, flipVert=False, image='sin', interpolate=True, mask=None, maskParams=None, name='task_fixImg', opacity=1, ori=0.0, pos=array([ 0.   , -0.015]), size=array([0.26, 0.22]), texRes=512, units='height', win=Window(...))
6.6728 	INFO 	keyboard.Keyboard is using ptb backend.
6.6743 	EXP 	Created task_blockFeed_text = TextStim(__class__=<class 'psychopy.visual.text.TextStim'>, alignHoriz=method-wrapper(...), alignText='center', alignVert=method-wrapper(...), anchorHoriz='center', anchorVert='center', antialias=True, autoLog=True, bold=False, color=array([1., 1., 1.]), colorSpace='rgb', contrast=1.0, depth=-1.0, flipHoriz=False, flipVert=False, font='Arial', fontFiles=[], height=0.12, italic=False, languageStyle='LTR', name='task_blockFeed_text', opacity=1, ori=0, pos=array([0. , 0.1]), rgb=UNKNOWN, text='', units='height', win=Window(...), wrapWidth=1.8)
6.6753 	EXP 	Created task_blockFeed_text2 = TextStim(__class__=<class 'psychopy.visual.text.TextStim'>, alignHoriz=method-wrapper(...), alignText='center', alignVert=method-wrapper(...), anchorHoriz='center', anchorVert='center', antialias=True, autoLog=True, bold=False, color=array([1., 1., 1.]), colorSpace='rgb', contrast=1.0, depth=-2.0, flipHoriz=False, flipVert=False, font='Arial', fontFiles=[], height=0.04, italic=False, languageStyle='LTR', name='task_blockFeed_text2', opacity=1, ori=0, pos=array([ 0. , -0.3]), rgb=UNKNOWN, text='', units='height', win=Window(...), wrapWidth=1.3)
6.6753 	INFO 	keyboard.Keyboard is using ptb backend.
6.6808 	EXP 	Created fix = TextStim(__class__=<class 'psychopy.visual.text.TextStim'>, alignHoriz=method-wrapper(...), alignText='center', alignVert=method-wrapper(...), anchorHoriz='center', anchorVert='center', antialias=True, autoLog=True, bold=False, color=array([1., 1., 1.]), colorSpace='rgb', contrast=1.0, depth=0.0, flipHoriz=False, flipVert=False, font='Open Sans', fontFiles=[], height=0.1, italic=False, languageStyle='LTR', name='fix', opacity=1, ori=0.0, pos=array([0., 0.]), rgb=UNKNOWN, text='+', units='height', win=Window(...), wrapWidth=1)
6.6990 	EXP 	Created errorNumbers_text_2 = TextStim(__class__=<class 'psychopy.visual.text.TextStim'>, alignHoriz=method-wrapper(...), alignText='center', alignVert=method-wrapper(...), anchorHoriz='center', anchorVert='center', antialias=True, autoLog=True, bold=False, color=array([1., 1., 1.]), colorSpace='rgb', contrast=1.0, depth=-1.0, flipHoriz=False, flipVert=False, font='Open Sans', fontFiles=[], height=0.03, italic=False, languageStyle='LTR', name='errorNumbers_text_2', opacity=1, ori=0.0, pos=array([0.  , 0.12]), rgb=UNKNOWN, text=str(...), units='height', win=Window(...), wrapWidth=1)
6.6993 	DEPRECATION 	'-1.0000, -1.0000, -1.0000' is not a valid rgb color
6.7071 	DEPRECATION 	'-1.0000, -1.0000, -1.0000' is not a valid rgb color
6.7073 	DEPRECATION 	'1.0000, 1.0000, 1.0000' is not a valid rgb color
6.7081 	DEPRECATION 	'1.0000, 1.0000, 1.0000' is not a valid rgb color
6.7083 	DEPRECATION 	'-1.0000, -1.0000, -1.0000' is not a valid rgb color
6.7087 	DEPRECATION 	'1.0000, 1.0000, 1.0000' is not a valid rgb color
6.7093 	INFO 	keyboard.Keyboard is using ptb backend.
6.7202 	EXP 	Created botherRate_text = TextStim(__class__=<class 'psychopy.visual.text.TextStim'>, alignHoriz=method-wrapper(...), alignText='center', alignVert=method-wrapper(...), anchorHoriz='center', anchorVert='center', antialias=True, autoLog=True, bold=False, color=array([1., 1., 1.]), colorSpace='rgb', contrast=1.0, depth=-1.0, flipHoriz=False, flipVert=False, font='Open Sans', fontFiles=[], height=0.03, italic=False, languageStyle='LTR', name='botherRate_text', opacity=1, ori=0.0, pos=array([0.  , 0.12]), rgb=UNKNOWN, text=str(...), units='height', win=Window(...), wrapWidth=1)
6.7204 	DEPRECATION 	'-1.0000, -1.0000, -1.0000' is not a valid rgb color
6.7278 	DEPRECATION 	'-1.0000, -1.0000, -1.0000' is not a valid rgb color
6.7280 	DEPRECATION 	'1.0000, 1.0000, 1.0000' is not a valid rgb color
6.7283 	DEPRECATION 	'1.0000, 1.0000, 1.0000' is not a valid rgb color
6.7285 	DEPRECATION 	'-1.0000, -1.0000, -1.0000' is not a valid rgb color
6.7288 	DEPRECATION 	'1.0000, 1.0000, 1.0000' is not a valid rgb color
6.7294 	INFO 	keyboard.Keyboard is using ptb backend.
6.7462 	EXP 	Created instruct_surprise1_4 = TextStim(__class__=<class 'psychopy.visual.text.TextStim'>, alignHoriz=method-wrapper(...), alignText='center', alignVert=method-wrapper(...), anchorHoriz='center', anchorVert='center', antialias=True, autoLog=True, bold=False, color=array([1., 1., 1.]), colorSpace='rgb', contrast=1.0, depth=0.0, flipHoriz=False, flipVert=False, font='Open Sans', fontFiles=[], height=0.04, italic=False, languageStyle='LTR', name='instruct_surprise1_4', opacity=1, ori=0.0, pos=array([0., 0.]), rgb=UNKNOWN, text=str(...), units='height', win=Window(...), wrapWidth=1)
6.7463 	INFO 	keyboard.Keyboard is using ptb backend.
6.7595 	EXP 	Created instruct_surprise1 = TextStim(__class__=<class 'psychopy.visual.text.TextStim'>, alignHoriz=method-wrapper(...), alignText='center', alignVert=method-wrapper(...), anchorHoriz='center', anchorVert='center', antialias=True, autoLog=True, bold=False, color=array([1., 1., 1.]), colorSpace='rgb', contrast=1.0, depth=0.0, flipHoriz=False, flipVert=False, font='Open Sans', fontFiles=[], height=0.04, italic=False, languageStyle='LTR', name='instruct_surprise1', opacity=1, ori=0.0, pos=array([0., 0.]), rgb=UNKNOWN, text=str(...), units='height', win=Window(...), wrapWidth=1)
6.7595 	INFO 	keyboard.Keyboard is using ptb backend.
6.7606 	EXP 	Created instructMainTask_text = TextStim(__class__=<class 'psychopy.visual.text.TextStim'>, alignHoriz=method-wrapper(...), alignText='center', alignVert=method-wrapper(...), anchorHoriz='center', anchorVert='center', antialias=True, autoLog=True, bold=False, color=array([1., 1., 1.]), colorSpace='rgb', contrast=1.0, depth=0.0, flipHoriz=False, flipVert=False, font='Arial', fontFiles=[], height=0.04, italic=False, languageStyle='LTR', name='instructMainTask_text', opacity=1, ori=0, pos=array([0., 0.]), rgb=UNKNOWN, text='', units='height', win=Window(...), wrapWidth=1.3)
6.7606 	INFO 	keyboard.Keyboard is using ptb backend.
6.7629 	EXP 	Created stimulus = ImageStim(__class__=<class 'psychopy.visual.image.ImageStim'>, autoLog=True, color=array([1., 1., 1.]), colorSpace='rgb', contrast=1.0, depth=0.0, flipHoriz=False, flipVert=False, image='sin', interpolate=True, mask=None, maskParams=None, name='stimulus', opacity=1, ori=0.0, pos=array([0. , 0.2]), size=array([0.5, 0.5]), texRes=128.0, units='height', win=Window(...))
6.7643 	EXP 	Created instructsurpA1_right = TextStim(__class__=<class 'psychopy.visual.text.TextStim'>, alignHoriz=method-wrapper(...), alignText='center', alignVert=method-wrapper(...), anchorHoriz='center', anchorVert='center', antialias=True, autoLog=True, bold=False, color=array([1., 1., 1.]), colorSpace='rgb', contrast=1.0, depth=-1.0, flipHoriz=False, flipVert=False, font='Open Sans', fontFiles=[], height=0.025, italic=False, languageStyle='LTR', name='instructsurpA1_right', opacity=1, ori=0.0, pos=array([0., 0.]), rgb=UNKNOWN, text='', units='height', win=Window(...), wrapWidth=1)
6.7654 	EXP 	Created instructsurpA2_left = TextStim(__class__=<class 'psychopy.visual.text.TextStim'>, alignHoriz=method-wrapper(...), alignText='center', alignVert=method-wrapper(...), anchorHoriz='center', anchorVert='center', antialias=True, autoLog=True, bold=False, color=array([1., 1., 1.]), colorSpace='rgb', contrast=1.0, depth=-2.0, flipHoriz=False, flipVert=False, font='Open Sans', fontFiles=[], height=0.025, italic=False, languageStyle='LTR', name='instructsurpA2_left', opacity=1, ori=0.0, pos=array([-0.4 , -0.03]), rgb=UNKNOWN, text='', units='height', win=Window(...), wrapWidth=1)
6.7654 	INFO 	keyboard.Keyboard is using ptb backend.
6.7748 	EXP 	Created instruct_surprise1_2 = TextStim(__class__=<class 'psychopy.visual.text.TextStim'>, alignHoriz=method-wrapper(...), alignText='center', alignVert=method-wrapper(...), anchorHoriz='center', anchorVert='center', antialias=True, autoLog=True, bold=False, color=array([1., 1., 1.]), colorSpace='rgb', contrast=1.0, depth=0.0, flipHoriz=False, flipVert=False, font='Open Sans', fontFiles=[], height=0.04, italic=False, languageStyle='LTR', name='instruct_surprise1_2', opacity=1, ori=0.0, pos=array([0., 0.]), rgb=UNKNOWN, text=str(...), units='height', win=Window(...), wrapWidth=1)
6.7748 	INFO 	keyboard.Keyboard is using ptb backend.
6.7758 	EXP 	Created instructMainTask_text_2 = TextStim(__class__=<class 'psychopy.visual.text.TextStim'>, alignHoriz=method-wrapper(...), alignText='center', alignVert=method-wrapper(...), anchorHoriz='center', anchorVert='center', antialias=True, autoLog=True, bold=False, color=array([1., 1., 1.]), colorSpace='rgb', contrast=1.0, depth=0.0, flipHoriz=False, flipVert=False, font='Arial', fontFiles=[], height=0.04, italic=False, languageStyle='LTR', name='instructMainTask_text_2', opacity=1, ori=0, pos=array([0., 0.]), rgb=UNKNOWN, text='', units='height', win=Window(...), wrapWidth=1.3)
6.7758 	INFO 	keyboard.Keyboard is using ptb backend.
6.7781 	EXP 	Created stimulus_2 = ImageStim(__class__=<class 'psychopy.visual.image.ImageStim'>, autoLog=True, color=array([1., 1., 1.]), colorSpace='rgb', contrast=1.0, depth=0.0, flipHoriz=False, flipVert=False, image='sin', interpolate=True, mask=None, maskParams=None, name='stimulus_2', opacity=1, ori=0.0, pos=array([0. , 0.2]), size=array([0.5, 0.5]), texRes=128.0, units='height', win=Window(...))
6.7791 	EXP 	Created instructsurpA1_right_2 = TextStim(__class__=<class 'psychopy.visual.text.TextStim'>, alignHoriz=method-wrapper(...), alignText='center', alignVert=method-wrapper(...), anchorHoriz='center', anchorVert='center', antialias=True, autoLog=True, bold=False, color=array([1., 1., 1.]), colorSpace='rgb', contrast=1.0, depth=-1.0, flipHoriz=False, flipVert=False, font='Open Sans', fontFiles=[], height=0.025, italic=False, languageStyle='LTR', name='instructsurpA1_right_2', opacity=1, ori=0.0, pos=array([0., 0.]), rgb=UNKNOWN, text='', units='height', win=Window(...), wrapWidth=1)
6.7801 	EXP 	Created instructsurpA2_left_2 = TextStim(__class__=<class 'psychopy.visual.text.TextStim'>, alignHoriz=method-wrapper(...), alignText='center', alignVert=method-wrapper(...), anchorHoriz='center', anchorVert='center', antialias=True, autoLog=True, bold=False, color=array([1., 1., 1.]), colorSpace='rgb', contrast=1.0, depth=-2.0, flipHoriz=False, flipVert=False, font='Open Sans', fontFiles=[], height=0.025, italic=False, languageStyle='LTR', name='instructsurpA2_left_2', opacity=1, ori=0.0, pos=array([-0.4 , -0.03]), rgb=UNKNOWN, text='', units='height', win=Window(...), wrapWidth=1)
6.7802 	INFO 	keyboard.Keyboard is using ptb backend.
6.7868 	EXP 	Created finishMessage_text = TextStim(__class__=<class 'psychopy.visual.text.TextStim'>, alignHoriz=method-wrapper(...), alignText='center', alignVert=method-wrapper(...), anchorHoriz='center', anchorVert='center', antialias=True, autoLog=True, bold=False, color=array([1., 1., 1.]), colorSpace='rgb', contrast=1.0, depth=0.0, flipHoriz=False, flipVert=False, font='Arial', fontFiles=[], height=0.04, italic=False, languageStyle='LTR', name='finishMessage_text', opacity=1, ori=0, pos=array([0., 0.]), rgb=UNKNOWN, text='Thank you for your participation!', units='height', win=Window(...), wrapWidth=1.3)
6.8203 	EXP 	textbox_2: autoLog = True
6.8203 	EXP 	textbox_3: autoLog = True
6.8203 	EXP 	welcome_text: autoDraw = True
8.4778 	DATA 	Keypress: 8
8.4805 	DEBUG 	TextBox2 loaded 1 chars with 0 blanks and 1 valid
8.4806 	DEBUG 	Uploading Texture Font fontname to graphics card
8.4885 	DEBUG 	Upload of Texture Font fontname complete
8.4920 	EXP 	welcome_text: autoDraw = False
8.4920 	EXP 	instructRight_text: autoDraw = True
8.4920 	EXP 	instructRight_centerImg: autoDraw = True
8.4920 	EXP 	instructRight_rightImg1: autoDraw = True
8.4920 	EXP 	instructRight_leftImg1: autoDraw = True
9.5573 	DATA 	Keypress: 8
9.5603 	EXP 	instructRight_text: autoDraw = False
9.5603 	EXP 	instructRight_centerImg: autoDraw = False
9.5603 	EXP 	instructRight_rightImg1: autoDraw = False
9.5603 	EXP 	instructRight_leftImg1: autoDraw = False
9.5603 	EXP 	instructLeft_text: autoDraw = True
9.5603 	EXP 	instructLeft_centerImg: autoDraw = True
9.5603 	EXP 	instructLeft_rightImg1: autoDraw = True
9.5603 	EXP 	instructLeft_leftImg1: autoDraw = True
9.8672 	DATA 	Keypress: 1
9.8694 	DEBUG 	TextBox2 loaded 1 chars with 0 blanks and 1 valid
9.8695 	DEBUG 	Uploading Texture Font fontname to graphics card
9.8703 	DEBUG 	Upload of Texture Font fontname complete
9.8859 	EXP 	instructLeft_text: autoDraw = False
9.8859 	EXP 	instructLeft_centerImg: autoDraw = False
9.8859 	EXP 	instructLeft_rightImg1: autoDraw = False
9.8859 	EXP 	instructLeft_leftImg1: autoDraw = False
9.8859 	EXP 	instructInconRight_text: autoDraw = True
9.8859 	EXP 	instructIncon_centerImg: autoDraw = True
9.8859 	EXP 	instructIncon_rightImg1: autoDraw = True
9.8859 	EXP 	instructIncon_leftImg1: autoDraw = True
10.2009 	DATA 	Keypress: 8
10.2148 	EXP 	instructInconRight_text: autoDraw = False
10.2148 	EXP 	instructIncon_centerImg: autoDraw = False
10.2148 	EXP 	instructIncon_rightImg1: autoDraw = False
10.2148 	EXP 	instructIncon_leftImg1: autoDraw = False
10.2148 	EXP 	instructInconLeft_text: autoDraw = True
10.2148 	EXP 	instructInconLeft_centerImg: autoDraw = True
10.2148 	EXP 	instructInconLeft_rightImg1: autoDraw = True
10.2148 	EXP 	instructInconLeft_leftImg1: autoDraw = True
10.5201 	DATA 	Keypress: 1
10.5300 	DEBUG 	Read csv file with pandas: blockSelect_practice.csv
10.5321 	DEBUG 	Clearing unnamed columns from blockSelect_practice.csv
10.5323 	EXP 	Imported blockSelect_practice.csv as conditions, 1 conditions, 1 params
10.5424 	EXP 	Created sequence: random, trialTypes=1, nReps=999, seed=None
10.5460 	EXP 	New trial (rep=0, index=0): OrderedDict([('whichBlock', 'a_halfV_trialTable_practice.csv')])
10.5524 	EXP 	instructInconLeft_text: autoDraw = False
10.5524 	EXP 	instructInconLeft_centerImg: autoDraw = False
10.5524 	EXP 	instructInconLeft_rightImg1: autoDraw = False
10.5524 	EXP 	instructInconLeft_leftImg1: autoDraw = False
10.5524 	EXP 	prac_blockText: autoDraw = True
10.5524 	EXP 	prac_reminder_text: autoDraw = True
10.8567 	DATA 	Keypress: 8
10.8884 	EXP 	prac_blockText: autoDraw = False
10.8884 	EXP 	prac_reminder_text: autoDraw = False
10.8884 	EXP 	initFixation_img: image = 'img/transp_fixation.png'
10.8884 	EXP 	initFixation_img: autoDraw = True
12.8851 	DEBUG 	Read csv file with pandas: a_halfV_trialTable_practice.csv
12.8857 	DEBUG 	Clearing unnamed columns from a_halfV_trialTable_practice.csv
12.8875 	EXP 	Imported a_halfV_trialTable_practice.csv as conditions, 20 conditions, 11 params
12.8878 	EXP 	Created sequence: random, trialTypes=20, nReps=1, seed=None
12.8880 	EXP 	New trial (rep=0, index=0): OrderedDict([('middleStim', 'img/rightArrow.png'), ('leftStim', 'img/rightArrow.png'), ('rightStim', 'img/rightArrow.png'), ('stimNum', 5), ('congruent', 1), ('target', 'right'), ('locationC', [0, 0]), ('locationR', [0.033, 0]), ('locationL', [-0.033, 0]), ('straightFace', 'img/neutralC/CFD-AF-238-185-N.jpg'), ('imageSize', [0.03, 0.03])])
13.0104 	EXP 	initFixation_img: autoDraw = False
13.0104 	EXP 	bigFace: image = 'img/neutralC/CFD-AF-238-185-N.jpg'
13.0104 	EXP 	cover_background_2: image = 'img/cover_background.png'
13.0104 	EXP 	prac_centerImg: pos = array([0., 0.])
13.0104 	EXP 	prac_centerImg: size = array([0.03, 0.03])
13.0104 	EXP 	prac_centerImg: image = 'img/rightArrow.png'
13.0104 	EXP 	prac_rightImg1: pos = array([0.033, 0.   ])
13.0104 	EXP 	prac_rightImg1: size = array([0.03, 0.03])
13.0104 	EXP 	prac_rightImg1: image = 'img/rightArrow.png'
13.0104 	EXP 	prac_leftImg1: pos = array([-0.033,  0.   ])
13.0104 	EXP 	prac_leftImg1: size = array([0.03, 0.03])
13.0104 	EXP 	prac_leftImg1: image = 'img/rightArrow.png'
13.0104 	EXP 	prac_fixImg: image = 'img/transp_fixation.png'
13.0104 	EXP 	bigFace: autoDraw = True
13.0104 	EXP 	cover_background_2: autoDraw = True
13.0104 	EXP 	prac_centerImg: autoDraw = True
13.0104 	EXP 	prac_rightImg1: autoDraw = True
13.0104 	EXP 	prac_leftImg1: autoDraw = True
13.0104 	EXP 	prac_fixImg: autoDraw = True
13.2190 	EXP 	cover_background_2: autoDraw = False
13.2190 	EXP 	prac_centerImg: autoDraw = False
13.2190 	EXP 	prac_rightImg1: autoDraw = False
13.2190 	EXP 	prac_leftImg1: autoDraw = False
16.9578 	EXP 	New trial (rep=0, index=1): OrderedDict([('middleStim', 'img/leftArrow.png'), ('leftStim', 'img/rightArrow.png'), ('rightStim', 'img/rightArrow.png'), ('stimNum', 8), ('congruent', 0), ('target', 'left'), ('locationC', [0, 0]), ('locationR', [0.033, 0]), ('locationL', [-0.033, 0]), ('straightFace', 'img/neutralC/CFD-BF-205-141-N.jpg'), ('imageSize', [0.03, 0.03])])
17.0528 	EXP 	bigFace: autoDraw = False
17.0528 	EXP 	prac_fixImg: autoDraw = False
17.0528 	EXP 	bigFace: autoDraw = False
17.0528 	EXP 	cover_background_2: autoDraw = False
17.0528 	EXP 	prac_centerImg: autoDraw = False
17.0528 	EXP 	prac_rightImg1: autoDraw = False
17.0528 	EXP 	prac_leftImg1: autoDraw = False
17.0528 	EXP 	prac_fixImg: autoDraw = False
17.0528 	EXP 	bigFace: image = 'img/neutralC/CFD-BF-205-141-N.jpg'
17.0528 	EXP 	cover_background_2: image = 'img/cover_background.png'
17.0528 	EXP 	prac_centerImg: pos = array([0., 0.])
17.0528 	EXP 	prac_centerImg: size = array([0.03, 0.03])
17.0528 	EXP 	prac_centerImg: image = 'img/leftArrow.png'
17.0528 	EXP 	prac_rightImg1: pos = array([0.033, 0.   ])
17.0528 	EXP 	prac_rightImg1: size = array([0.03, 0.03])
17.0528 	EXP 	prac_rightImg1: image = 'img/rightArrow.png'
17.0528 	EXP 	prac_leftImg1: pos = array([-0.033,  0.   ])
17.0528 	EXP 	prac_leftImg1: size = array([0.03, 0.03])
17.0528 	EXP 	prac_leftImg1: image = 'img/rightArrow.png'
17.0528 	EXP 	prac_fixImg: image = 'img/transp_fixation.png'
17.0528 	EXP 	bigFace: autoDraw = True
17.0528 	EXP 	cover_background_2: autoDraw = True
17.0528 	EXP 	prac_centerImg: autoDraw = True
17.0528 	EXP 	prac_rightImg1: autoDraw = True
17.0528 	EXP 	prac_leftImg1: autoDraw = True
17.0528 	EXP 	prac_fixImg: autoDraw = True
17.2584 	EXP 	cover_background_2: autoDraw = False
17.2584 	EXP 	prac_centerImg: autoDraw = False
17.2584 	EXP 	prac_rightImg1: autoDraw = False
17.2584 	EXP 	prac_leftImg1: autoDraw = False
20.8664 	EXP 	New trial (rep=0, index=2): OrderedDict([('middleStim', 'img/rightArrow.png'), ('leftStim', 'img/leftArrow.png'), ('rightStim', 'img/leftArrow.png'), ('stimNum', 7), ('congruent', 0), ('target', 'right'), ('locationC', [0, 0]), ('locationR', [0.033, 0]), ('locationL', [-0.033, 0]), ('straightFace', 'img/neutralC/CFD-AF-228-173-N.jpg'), ('imageSize', [0.03, 0.03])])
20.9597 	EXP 	bigFace: autoDraw = False
20.9597 	EXP 	prac_fixImg: autoDraw = False
20.9597 	EXP 	bigFace: autoDraw = False
20.9597 	EXP 	cover_background_2: autoDraw = False
20.9597 	EXP 	prac_centerImg: autoDraw = False
20.9597 	EXP 	prac_rightImg1: autoDraw = False
20.9597 	EXP 	prac_leftImg1: autoDraw = False
20.9597 	EXP 	prac_fixImg: autoDraw = False
20.9597 	EXP 	bigFace: image = 'img/neutralC/CFD-AF-228-173-N.jpg'
20.9597 	EXP 	cover_background_2: image = 'img/cover_background.png'
20.9597 	EXP 	prac_centerImg: pos = array([0., 0.])
20.9597 	EXP 	prac_centerImg: size = array([0.03, 0.03])
20.9597 	EXP 	prac_centerImg: image = 'img/rightArrow.png'
20.9597 	EXP 	prac_rightImg1: pos = array([0.033, 0.   ])
20.9597 	EXP 	prac_rightImg1: size = array([0.03, 0.03])
20.9597 	EXP 	prac_rightImg1: image = 'img/leftArrow.png'
20.9597 	EXP 	prac_leftImg1: pos = array([-0.033,  0.   ])
20.9597 	EXP 	prac_leftImg1: size = array([0.03, 0.03])
20.9597 	EXP 	prac_leftImg1: image = 'img/leftArrow.png'
20.9597 	EXP 	prac_fixImg: image = 'img/transp_fixation.png'
20.9597 	EXP 	bigFace: autoDraw = True
20.9597 	EXP 	cover_background_2: autoDraw = True
20.9597 	EXP 	prac_centerImg: autoDraw = True
20.9597 	EXP 	prac_rightImg1: autoDraw = True
20.9597 	EXP 	prac_leftImg1: autoDraw = True
20.9597 	EXP 	prac_fixImg: autoDraw = True
21.1650 	EXP 	cover_background_2: autoDraw = False
21.1650 	EXP 	prac_centerImg: autoDraw = False
21.1650 	EXP 	prac_rightImg1: autoDraw = False
21.1650 	EXP 	prac_leftImg1: autoDraw = False
24.8570 	EXP 	New trial (rep=0, index=3): OrderedDict([('middleStim', 'img/leftArrow.png'), ('leftStim', 'img/rightArrow.png'), ('rightStim', 'img/rightArrow.png'), ('stimNum', 8), ('congruent', 0), ('target', 'left'), ('locationC', [0, 0]), ('locationR', [0.033, 0]), ('locationL', [-0.033, 0]), ('straightFace', 'img/neutralC/CFD-AM-236-090-N.jpg'), ('imageSize', [0.03, 0.03])])
24.9497 	EXP 	bigFace: autoDraw = False
24.9497 	EXP 	prac_fixImg: autoDraw = False
24.9497 	EXP 	bigFace: autoDraw = False
24.9497 	EXP 	cover_background_2: autoDraw = False
24.9497 	EXP 	prac_centerImg: autoDraw = False
24.9497 	EXP 	prac_rightImg1: autoDraw = False
24.9497 	EXP 	prac_leftImg1: autoDraw = False
24.9497 	EXP 	prac_fixImg: autoDraw = False
24.9497 	EXP 	bigFace: image = 'img/neutralC/CFD-AM-236-090-N.jpg'
24.9497 	EXP 	cover_background_2: image = 'img/cover_background.png'
24.9497 	EXP 	prac_centerImg: pos = array([0., 0.])
24.9497 	EXP 	prac_centerImg: size = array([0.03, 0.03])
24.9497 	EXP 	prac_centerImg: image = 'img/leftArrow.png'
24.9497 	EXP 	prac_rightImg1: pos = array([0.033, 0.   ])
24.9497 	EXP 	prac_rightImg1: size = array([0.03, 0.03])
24.9497 	EXP 	prac_rightImg1: image = 'img/rightArrow.png'
24.9497 	EXP 	prac_leftImg1: pos = array([-0.033,  0.   ])
24.9497 	EXP 	prac_leftImg1: size = array([0.03, 0.03])
24.9497 	EXP 	prac_leftImg1: image = 'img/rightArrow.png'
24.9497 	EXP 	prac_fixImg: image = 'img/transp_fixation.png'
24.9497 	EXP 	bigFace: autoDraw = True
24.9497 	EXP 	cover_background_2: autoDraw = True
24.9497 	EXP 	prac_centerImg: autoDraw = True
24.9497 	EXP 	prac_rightImg1: autoDraw = True
24.9497 	EXP 	prac_leftImg1: autoDraw = True
24.9497 	EXP 	prac_fixImg: autoDraw = True
25.1528 	EXP 	cover_background_2: autoDraw = False
25.1528 	EXP 	prac_centerImg: autoDraw = False
25.1528 	EXP 	prac_rightImg1: autoDraw = False
25.1528 	EXP 	prac_leftImg1: autoDraw = False
28.8965 	EXP 	New trial (rep=0, index=4): OrderedDict([('middleStim', 'img/rightArrow.png'), ('leftStim', 'img/rightArrow.png'), ('rightStim', 'img/rightArrow.png'), ('stimNum', 5), ('congruent', 1), ('target', 'right'), ('locationC', [0, 0]), ('locationR', [0.033, 0]), ('locationL', [-0.033, 0]), ('straightFace', 'img/neutralC/CFD-IM-617-174-N.jpg'), ('imageSize', [0.03, 0.03])])
28.9938 	EXP 	bigFace: autoDraw = False
28.9938 	EXP 	prac_fixImg: autoDraw = False
28.9938 	EXP 	bigFace: autoDraw = False
28.9938 	EXP 	cover_background_2: autoDraw = False
28.9938 	EXP 	prac_centerImg: autoDraw = False
28.9938 	EXP 	prac_rightImg1: autoDraw = False
28.9938 	EXP 	prac_leftImg1: autoDraw = False
28.9938 	EXP 	prac_fixImg: autoDraw = False
28.9938 	EXP 	bigFace: image = 'img/neutralC/CFD-IM-617-174-N.jpg'
28.9938 	EXP 	cover_background_2: image = 'img/cover_background.png'
28.9938 	EXP 	prac_centerImg: pos = array([0., 0.])
28.9938 	EXP 	prac_centerImg: size = array([0.03, 0.03])
28.9938 	EXP 	prac_centerImg: image = 'img/rightArrow.png'
28.9938 	EXP 	prac_rightImg1: pos = array([0.033, 0.   ])
28.9938 	EXP 	prac_rightImg1: size = array([0.03, 0.03])
28.9938 	EXP 	prac_rightImg1: image = 'img/rightArrow.png'
28.9938 	EXP 	prac_leftImg1: pos = array([-0.033,  0.   ])
28.9938 	EXP 	prac_leftImg1: size = array([0.03, 0.03])
28.9938 	EXP 	prac_leftImg1: image = 'img/rightArrow.png'
28.9938 	EXP 	prac_fixImg: image = 'img/transp_fixation.png'
28.9938 	EXP 	bigFace: autoDraw = True
28.9938 	EXP 	cover_background_2: autoDraw = True
28.9938 	EXP 	prac_centerImg: autoDraw = True
28.9938 	EXP 	prac_rightImg1: autoDraw = True
28.9938 	EXP 	prac_leftImg1: autoDraw = True
28.9938 	EXP 	prac_fixImg: autoDraw = True
29.1974 	EXP 	cover_background_2: autoDraw = False
29.1974 	EXP 	prac_centerImg: autoDraw = False
29.1974 	EXP 	prac_rightImg1: autoDraw = False
29.1974 	EXP 	prac_leftImg1: autoDraw = False
29.3933 	DATA 	Keypress: 8
32.7405 	EXP 	New trial (rep=0, index=5): OrderedDict([('middleStim', 'img/leftArrow.png'), ('leftStim', 'img/rightArrow.png'), ('rightStim', 'img/rightArrow.png'), ('stimNum', 8), ('congruent', 0), ('target', 'left'), ('locationC', [0, 0]), ('locationR', [0.033, 0]), ('locationL', [-0.033, 0]), ('straightFace', 'img/neutralC/CFD-MM-303-002-N.jpg'), ('imageSize', [0.03, 0.03])])
32.8321 	EXP 	bigFace: autoDraw = False
32.8321 	EXP 	prac_fixImg: autoDraw = False
32.8321 	EXP 	bigFace: autoDraw = False
32.8321 	EXP 	cover_background_2: autoDraw = False
32.8321 	EXP 	prac_centerImg: autoDraw = False
32.8321 	EXP 	prac_rightImg1: autoDraw = False
32.8321 	EXP 	prac_leftImg1: autoDraw = False
32.8321 	EXP 	prac_fixImg: autoDraw = False
32.8321 	EXP 	bigFace: image = 'img/neutralC/CFD-MM-303-002-N.jpg'
32.8321 	EXP 	cover_background_2: image = 'img/cover_background.png'
32.8321 	EXP 	prac_centerImg: pos = array([0., 0.])
32.8321 	EXP 	prac_centerImg: size = array([0.03, 0.03])
32.8321 	EXP 	prac_centerImg: image = 'img/leftArrow.png'
32.8321 	EXP 	prac_rightImg1: pos = array([0.033, 0.   ])
32.8321 	EXP 	prac_rightImg1: size = array([0.03, 0.03])
32.8321 	EXP 	prac_rightImg1: image = 'img/rightArrow.png'
32.8321 	EXP 	prac_leftImg1: pos = array([-0.033,  0.   ])
32.8321 	EXP 	prac_leftImg1: size = array([0.03, 0.03])
32.8321 	EXP 	prac_leftImg1: image = 'img/rightArrow.png'
32.8321 	EXP 	prac_fixImg: image = 'img/transp_fixation.png'
32.8321 	EXP 	bigFace: autoDraw = True
32.8321 	EXP 	cover_background_2: autoDraw = True
32.8321 	EXP 	prac_centerImg: autoDraw = True
32.8321 	EXP 	prac_rightImg1: autoDraw = True
32.8321 	EXP 	prac_leftImg1: autoDraw = True
32.8321 	EXP 	prac_fixImg: autoDraw = True
33.0351 	EXP 	cover_background_2: autoDraw = False
33.0351 	EXP 	prac_centerImg: autoDraw = False
33.0351 	EXP 	prac_rightImg1: autoDraw = False
33.0351 	EXP 	prac_leftImg1: autoDraw = False
33.3825 	DATA 	Keypress: 1
36.4988 	EXP 	New trial (rep=0, index=6): OrderedDict([('middleStim', 'img/rightArrow.png'), ('leftStim', 'img/rightArrow.png'), ('rightStim', 'img/rightArrow.png'), ('stimNum', 5), ('congruent', 1), ('target', 'right'), ('locationC', [0, 0]), ('locationR', [0.033, 0]), ('locationL', [-0.033, 0]), ('straightFace', 'img/neutralC/CFD-WM-225-127-N.jpg'), ('imageSize', [0.03, 0.03])])
36.6080 	EXP 	bigFace: autoDraw = False
36.6080 	EXP 	prac_fixImg: autoDraw = False
36.6080 	EXP 	bigFace: autoDraw = False
36.6080 	EXP 	cover_background_2: autoDraw = False
36.6080 	EXP 	prac_centerImg: autoDraw = False
36.6080 	EXP 	prac_rightImg1: autoDraw = False
36.6080 	EXP 	prac_leftImg1: autoDraw = False
36.6080 	EXP 	prac_fixImg: autoDraw = False
36.6080 	EXP 	bigFace: image = 'img/neutralC/CFD-WM-225-127-N.jpg'
36.6080 	EXP 	cover_background_2: image = 'img/cover_background.png'
36.6080 	EXP 	prac_centerImg: pos = array([0., 0.])
36.6080 	EXP 	prac_centerImg: size = array([0.03, 0.03])
36.6080 	EXP 	prac_centerImg: image = 'img/rightArrow.png'
36.6080 	EXP 	prac_rightImg1: pos = array([0.033, 0.   ])
36.6080 	EXP 	prac_rightImg1: size = array([0.03, 0.03])
36.6080 	EXP 	prac_rightImg1: image = 'img/rightArrow.png'
36.6080 	EXP 	prac_leftImg1: pos = array([-0.033,  0.   ])
36.6080 	EXP 	prac_leftImg1: size = array([0.03, 0.03])
36.6080 	EXP 	prac_leftImg1: image = 'img/rightArrow.png'
36.6080 	EXP 	prac_fixImg: image = 'img/transp_fixation.png'
36.6080 	EXP 	bigFace: autoDraw = True
36.6080 	EXP 	cover_background_2: autoDraw = True
36.6080 	EXP 	prac_centerImg: autoDraw = True
36.6080 	EXP 	prac_rightImg1: autoDraw = True
36.6080 	EXP 	prac_leftImg1: autoDraw = True
36.6080 	EXP 	prac_fixImg: autoDraw = True
36.8096 	EXP 	cover_background_2: autoDraw = False
36.8096 	EXP 	prac_centerImg: autoDraw = False
36.8096 	EXP 	prac_rightImg1: autoDraw = False
36.8096 	EXP 	prac_leftImg1: autoDraw = False
40.1641 	EXP 	New trial (rep=0, index=7): OrderedDict([('middleStim', 'img/leftArrow.png'), ('leftStim', 'img/leftArrow.png'), ('rightStim', 'img/leftArrow.png'), ('stimNum', 6), ('congruent', 1), ('target', 'left'), ('locationC', [0, 0]), ('locationR', [0.033, 0]), ('locationL', [-0.033, 0]), ('straightFace', 'img/neutralC/CFD-LF-222-147-N.jpg'), ('imageSize', [0.03, 0.03])])
40.2638 	EXP 	bigFace: autoDraw = False
40.2638 	EXP 	prac_fixImg: autoDraw = False
40.2638 	EXP 	bigFace: autoDraw = False
40.2638 	EXP 	cover_background_2: autoDraw = False
40.2638 	EXP 	prac_centerImg: autoDraw = False
40.2638 	EXP 	prac_rightImg1: autoDraw = False
40.2638 	EXP 	prac_leftImg1: autoDraw = False
40.2638 	EXP 	prac_fixImg: autoDraw = False
40.2638 	EXP 	bigFace: image = 'img/neutralC/CFD-LF-222-147-N.jpg'
40.2638 	EXP 	cover_background_2: image = 'img/cover_background.png'
40.2638 	EXP 	prac_centerImg: pos = array([0., 0.])
40.2638 	EXP 	prac_centerImg: size = array([0.03, 0.03])
40.2638 	EXP 	prac_centerImg: image = 'img/leftArrow.png'
40.2638 	EXP 	prac_rightImg1: pos = array([0.033, 0.   ])
40.2638 	EXP 	prac_rightImg1: size = array([0.03, 0.03])
40.2638 	EXP 	prac_rightImg1: image = 'img/leftArrow.png'
40.2638 	EXP 	prac_leftImg1: pos = array([-0.033,  0.   ])
40.2638 	EXP 	prac_leftImg1: size = array([0.03, 0.03])
40.2638 	EXP 	prac_leftImg1: image = 'img/leftArrow.png'
40.2638 	EXP 	prac_fixImg: image = 'img/transp_fixation.png'
40.2638 	EXP 	bigFace: autoDraw = True
40.2638 	EXP 	cover_background_2: autoDraw = True
40.2638 	EXP 	prac_centerImg: autoDraw = True
40.2638 	EXP 	prac_rightImg1: autoDraw = True
40.2638 	EXP 	prac_leftImg1: autoDraw = True
40.2638 	EXP 	prac_fixImg: autoDraw = True
40.4661 	EXP 	cover_background_2: autoDraw = False
40.4661 	EXP 	prac_centerImg: autoDraw = False
40.4661 	EXP 	prac_rightImg1: autoDraw = False
40.4661 	EXP 	prac_leftImg1: autoDraw = False
41.4389 	DATA 	Keypress: 8
44.1918 	EXP 	New trial (rep=0, index=8): OrderedDict([('middleStim', 'img/leftArrow.png'), ('leftStim', 'img/leftArrow.png'), ('rightStim', 'img/leftArrow.png'), ('stimNum', 6), ('congruent', 1), ('target', 'left'), ('locationC', [0, 0]), ('locationR', [0.033, 0]), ('locationL', [-0.033, 0]), ('straightFace', 'img/neutralC/CFD-WF-039-025-N.jpg'), ('imageSize', [0.03, 0.03])])
44.2972 	EXP 	bigFace: autoDraw = False
44.2972 	EXP 	prac_fixImg: autoDraw = False
44.2972 	EXP 	bigFace: autoDraw = False
44.2972 	EXP 	cover_background_2: autoDraw = False
44.2972 	EXP 	prac_centerImg: autoDraw = False
44.2972 	EXP 	prac_rightImg1: autoDraw = False
44.2972 	EXP 	prac_leftImg1: autoDraw = False
44.2972 	EXP 	prac_fixImg: autoDraw = False
44.2972 	EXP 	bigFace: image = 'img/neutralC/CFD-WF-039-025-N.jpg'
44.2972 	EXP 	cover_background_2: image = 'img/cover_background.png'
44.2972 	EXP 	prac_centerImg: pos = array([0., 0.])
44.2972 	EXP 	prac_centerImg: size = array([0.03, 0.03])
44.2972 	EXP 	prac_centerImg: image = 'img/leftArrow.png'
44.2972 	EXP 	prac_rightImg1: pos = array([0.033, 0.   ])
44.2972 	EXP 	prac_rightImg1: size = array([0.03, 0.03])
44.2972 	EXP 	prac_rightImg1: image = 'img/leftArrow.png'
44.2972 	EXP 	prac_leftImg1: pos = array([-0.033,  0.   ])
44.2972 	EXP 	prac_leftImg1: size = array([0.03, 0.03])
44.2972 	EXP 	prac_leftImg1: image = 'img/leftArrow.png'
44.2972 	EXP 	prac_fixImg: image = 'img/transp_fixation.png'
44.2972 	EXP 	bigFace: autoDraw = True
44.2972 	EXP 	cover_background_2: autoDraw = True
44.2972 	EXP 	prac_centerImg: autoDraw = True
44.2972 	EXP 	prac_rightImg1: autoDraw = True
44.2972 	EXP 	prac_leftImg1: autoDraw = True
44.2972 	EXP 	prac_fixImg: autoDraw = True
44.5027 	EXP 	cover_background_2: autoDraw = False
44.5027 	EXP 	prac_centerImg: autoDraw = False
44.5027 	EXP 	prac_rightImg1: autoDraw = False
44.5027 	EXP 	prac_leftImg1: autoDraw = False
48.2328 	EXP 	New trial (rep=0, index=9): OrderedDict([('middleStim', 'img/leftArrow.png'), ('leftStim', 'img/leftArrow.png'), ('rightStim', 'img/leftArrow.png'), ('stimNum', 6), ('congruent', 1), ('target', 'left'), ('locationC', [0, 0]), ('locationR', [0.033, 0]), ('locationL', [-0.033, 0]), ('straightFace', 'img/neutralC/CFD-MM-308-001-N.jpg'), ('imageSize', [0.03, 0.03])])
48.3226 	EXP 	bigFace: autoDraw = False
48.3226 	EXP 	prac_fixImg: autoDraw = False
48.3226 	EXP 	bigFace: autoDraw = False
48.3226 	EXP 	cover_background_2: autoDraw = False
48.3226 	EXP 	prac_centerImg: autoDraw = False
48.3226 	EXP 	prac_rightImg1: autoDraw = False
48.3226 	EXP 	prac_leftImg1: autoDraw = False
48.3226 	EXP 	prac_fixImg: autoDraw = False
48.3226 	EXP 	bigFace: image = 'img/neutralC/CFD-MM-308-001-N.jpg'
48.3226 	EXP 	cover_background_2: image = 'img/cover_background.png'
48.3226 	EXP 	prac_centerImg: pos = array([0., 0.])
48.3226 	EXP 	prac_centerImg: size = array([0.03, 0.03])
48.3226 	EXP 	prac_centerImg: image = 'img/leftArrow.png'
48.3226 	EXP 	prac_rightImg1: pos = array([0.033, 0.   ])
48.3226 	EXP 	prac_rightImg1: size = array([0.03, 0.03])
48.3226 	EXP 	prac_rightImg1: image = 'img/leftArrow.png'
48.3226 	EXP 	prac_leftImg1: pos = array([-0.033,  0.   ])
48.3226 	EXP 	prac_leftImg1: size = array([0.03, 0.03])
48.3226 	EXP 	prac_leftImg1: image = 'img/leftArrow.png'
48.3226 	EXP 	prac_fixImg: image = 'img/transp_fixation.png'
48.3226 	EXP 	bigFace: autoDraw = True
48.3226 	EXP 	cover_background_2: autoDraw = True
48.3226 	EXP 	prac_centerImg: autoDraw = True
48.3226 	EXP 	prac_rightImg1: autoDraw = True
48.3226 	EXP 	prac_leftImg1: autoDraw = True
48.3226 	EXP 	prac_fixImg: autoDraw = True
48.5282 	EXP 	cover_background_2: autoDraw = False
48.5282 	EXP 	prac_centerImg: autoDraw = False
48.5282 	EXP 	prac_rightImg1: autoDraw = False
48.5282 	EXP 	prac_leftImg1: autoDraw = False
50.5340 	DATA 	Keypress: escape
52.4952 	EXP 	window1: mouseVisible = True
52.4953 	DEBUG 	Saving data for face_flanker_v1 ExperimentHandler
52.5423 	INFO 	saved data to D:\twice_longer_with_triggers\data/_face_flanker_v1_2022_Jun_06_1558.psydat
52.5760 	INFO 	saved data to 'D:\\twice_longer_with_triggers\\data/_face_flanker_v1_2022_Jun_06_1558.csv'
