2.9690 	WARNING 	We strongly recommend you activate the PTB sound engine in PsychoPy prefs as the preferred audio engine. Its timing is vastly superior. Your prefs are currently set to use ['sounddevice', 'PTB', 'pyo', 'pygame'] (in that order).
13.0098 	INFO 	Loaded monitor calibration from ['2022_05_31 11:34']
13.0110 	ERROR 	'0.5000, 0.5000, 0.5000' is not a valid rgb color
13.0260 	WARNING 	User requested fullscreen with size [1440  900], but screen is actually [1920, 1080]. Using actual size
14.8825 	EXP 	Created window1 = Window(allowGUI=False, allowStencil=False, autoLog=True, backendConf=UNKNOWN, bitsMode=UNKNOWN, blendMode='avg', bpc=(8, 8, 8), color=array([0, 0, 0]), colorSpace='rgb', depthBits=8, fullscr=<method-wrapper '__getattribute__' of attributeSetter object at 0x0000024A03D9DA60>, gamma=None, gammaErrorPolicy='raise', lms=UNKNOWN, monitor=<psychopy.monitors.calibTools.Monitor object at 0x0000024A059F5340>, multiSample=False, name='window1', numSamples=2, pos=(0, 0), screen=0, size=array([1920, 1080]), stencilBits=0, stereo=False, units='height', useFBO=True, useRetina=False, viewOri=0.0, viewPos=None, viewScale=None, waitBlanking=True, winType='pyglet')
14.8831 	EXP 	window1: mouseVisible = True
14.8832 	EXP 	window1: Attempting to measure frame rate of screen (0) ...
14.8832 	EXP 	window1: recordFrameIntervals = False
15.0481 	EXP 	window1: recordFrameIntervals = True
15.2317 	EXP 	Screen (0) actual frame rate measured at 60.04Hz
15.2318 	EXP 	window1: recordFrameIntervals = False
18.2132 	INFO 	keyboard.Keyboard is using iohub backend.
18.6080 	EXP 	Created welcome_text = TextStim(__class__=<class 'psychopy.visual.text.TextStim'>, alignHoriz=method-wrapper(...), alignText='center', alignVert=method-wrapper(...), anchorHoriz='center', anchorVert='center', antialias=True, autoDraw=False, autoLog=True, bold=False, color=array([1., 1., 1.]), colorSpace='rgb', contrast=1.0, depth=0.0, flipHoriz=False, flipVert=False, font='Arial', fontFiles=[], height=0.04, italic=False, languageStyle='LTR', name='welcome_text', opacity=1.0, ori=0, pos=array([0., 0.]), rgb=UNKNOWN, text=str(...), units='height', win=Window(...), wrapWidth=1.3)
18.6081 	INFO 	keyboard.Keyboard is using iohub backend.
18.6335 	EXP 	Created instructRight_text = TextStim(__class__=<class 'psychopy.visual.text.TextStim'>, alignHoriz=method-wrapper(...), alignText='center', alignVert=method-wrapper(...), anchorHoriz='center', anchorVert='center', antialias=True, autoDraw=False, autoLog=True, bold=False, color=array([1., 1., 1.]), colorSpace='rgb', contrast=1.0, depth=0.0, flipHoriz=False, flipVert=False, font='Arial', fontFiles=[], height=0.04, italic=False, languageStyle='LTR', name='instructRight_text', opacity=1.0, ori=0, pos=array([0., 0.]), rgb=UNKNOWN, text=str(...), units='height', win=Window(...), wrapWidth=1.3)
18.7293 	EXP 	Created instructRight_centerImg = ImageStim(__class__=<class 'psychopy.visual.image.ImageStim'>, anchor=('center', 'center'), autoLog=True, color=array([1., 1., 1.]), colorSpace='rgb', contrast=1.0, depth=-1.0, flipHoriz=False, flipVert=False, image='img/rightArrow.png', interpolate=True, mask=None, maskParams=None, name='instructRight_centerImg', opacity=1.0, ori=0.0, pos=array([ 0. , -0.3]), size=array([0.02, 0.02]), texRes=512, units='height', win=Window(...))
18.7915 	EXP 	Created instructRight_rightImg1 = ImageStim(__class__=<class 'psychopy.visual.image.ImageStim'>, anchor=('center', 'center'), autoLog=True, color=array([1., 1., 1.]), colorSpace='rgb', contrast=1.0, depth=-2.0, flipHoriz=False, flipVert=False, image='img/rightArrow.png', interpolate=True, mask=None, maskParams=None, name='instructRight_rightImg1', opacity=1.0, ori=0.0, pos=array([ 0.03, -0.3 ]), size=array([0.02, 0.02]), texRes=512, units='height', win=Window(...))
18.8525 	EXP 	Created instructRight_leftImg1 = ImageStim(__class__=<class 'psychopy.visual.image.ImageStim'>, anchor=('center', 'center'), autoLog=True, color=array([1., 1., 1.]), colorSpace='rgb', contrast=1.0, depth=-3.0, flipHoriz=False, flipVert=False, image='img/rightArrow.png', interpolate=True, mask=None, maskParams=None, name='instructRight_leftImg1', opacity=1.0, ori=0.0, pos=array([-0.03, -0.3 ]), size=array([0.02, 0.02]), texRes=512, units='height', win=Window(...))
18.8525 	INFO 	keyboard.Keyboard is using iohub backend.
18.8639 	EXP 	Created instructLeft_text = TextStim(__class__=<class 'psychopy.visual.text.TextStim'>, alignHoriz=method-wrapper(...), alignText='center', alignVert=method-wrapper(...), anchorHoriz='center', anchorVert='center', antialias=True, autoDraw=False, autoLog=True, bold=False, color=array([1., 1., 1.]), colorSpace='rgb', contrast=1.0, depth=0.0, flipHoriz=False, flipVert=False, font='Arial', fontFiles=[], height=0.04, italic=False, languageStyle='LTR', name='instructLeft_text', opacity=1.0, ori=0, pos=array([0., 0.]), rgb=UNKNOWN, text=str(...), units='height', win=Window(...), wrapWidth=1.3)
18.9271 	EXP 	Created instructLeft_centerImg = ImageStim(__class__=<class 'psychopy.visual.image.ImageStim'>, anchor=('center', 'center'), autoLog=True, color=array([1., 1., 1.]), colorSpace='rgb', contrast=1.0, depth=-1.0, flipHoriz=False, flipVert=False, image='img/leftArrow.png', interpolate=True, mask=None, maskParams=None, name='instructLeft_centerImg', opacity=1.0, ori=0.0, pos=array([ 0. , -0.3]), size=array([0.02, 0.02]), texRes=512, units='height', win=Window(...))
18.9880 	EXP 	Created instructLeft_rightImg1 = ImageStim(__class__=<class 'psychopy.visual.image.ImageStim'>, anchor=('center', 'center'), autoLog=True, color=array([1., 1., 1.]), colorSpace='rgb', contrast=1.0, depth=-2.0, flipHoriz=False, flipVert=False, image='img/leftArrow.png', interpolate=True, mask=None, maskParams=None, name='instructLeft_rightImg1', opacity=1.0, ori=0.0, pos=array([ 0.03, -0.3 ]), size=array([0.02, 0.02]), texRes=512, units='height', win=Window(...))
19.0490 	EXP 	Created instructLeft_leftImg1 = ImageStim(__class__=<class 'psychopy.visual.image.ImageStim'>, anchor=('center', 'center'), autoLog=True, color=array([1., 1., 1.]), colorSpace='rgb', contrast=1.0, depth=-3.0, flipHoriz=False, flipVert=False, image='img/leftArrow.png', interpolate=True, mask=None, maskParams=None, name='instructLeft_leftImg1', opacity=1.0, ori=0.0, pos=array([-0.03, -0.3 ]), size=array([0.02, 0.02]), texRes=512, units='height', win=Window(...))
19.0490 	INFO 	keyboard.Keyboard is using iohub backend.
19.0792 	EXP 	Created instructInconRight_text = TextStim(__class__=<class 'psychopy.visual.text.TextStim'>, alignHoriz=method-wrapper(...), alignText='center', alignVert=method-wrapper(...), anchorHoriz='center', anchorVert='center', antialias=True, autoDraw=False, autoLog=True, bold=False, color=array([1., 1., 1.]), colorSpace='rgb', contrast=1.0, depth=0.0, flipHoriz=False, flipVert=False, font='Arial', fontFiles=[], height=0.04, italic=False, languageStyle='LTR', name='instructInconRight_text', opacity=1.0, ori=0, pos=array([0., 0.]), rgb=UNKNOWN, text=str(...), units='height', win=Window(...), wrapWidth=1.3)
19.1241 	EXP 	Created instructIncon_centerImg = ImageStim(__class__=<class 'psychopy.visual.image.ImageStim'>, anchor=('center', 'center'), autoLog=True, color=array([1., 1., 1.]), colorSpace='rgb', contrast=1.0, depth=-1.0, flipHoriz=False, flipVert=False, image='img/rightArrow.png', interpolate=True, mask=None, maskParams=None, name='instructIncon_centerImg', opacity=1.0, ori=0.0, pos=array([ 0. , -0.3]), size=array([0.02, 0.02]), texRes=512, units='height', win=Window(...))
19.1686 	EXP 	Created instructIncon_rightImg1 = ImageStim(__class__=<class 'psychopy.visual.image.ImageStim'>, anchor=('center', 'center'), autoLog=True, color=array([1., 1., 1.]), colorSpace='rgb', contrast=1.0, depth=-2.0, flipHoriz=False, flipVert=False, image='img/leftArrow.png', interpolate=True, mask=None, maskParams=None, name='instructIncon_rightImg1', opacity=1.0, ori=0.0, pos=array([ 0.03, -0.3 ]), size=array([0.02, 0.02]), texRes=512, units='height', win=Window(...))
19.2197 	EXP 	Created instructIncon_leftImg1 = ImageStim(__class__=<class 'psychopy.visual.image.ImageStim'>, anchor=('center', 'center'), autoLog=True, color=array([1., 1., 1.]), colorSpace='rgb', contrast=1.0, depth=-3.0, flipHoriz=False, flipVert=False, image='img/leftArrow.png', interpolate=True, mask=None, maskParams=None, name='instructIncon_leftImg1', opacity=1.0, ori=0.0, pos=array([-0.03, -0.3 ]), size=array([0.02, 0.02]), texRes=512, units='height', win=Window(...))
19.2198 	INFO 	keyboard.Keyboard is using iohub backend.
19.2272 	EXP 	Created instructInconLeft_text = TextStim(__class__=<class 'psychopy.visual.text.TextStim'>, alignHoriz=method-wrapper(...), alignText='center', alignVert=method-wrapper(...), anchorHoriz='center', anchorVert='center', antialias=True, autoDraw=False, autoLog=True, bold=False, color=array([1., 1., 1.]), colorSpace='rgb', contrast=1.0, depth=0.0, flipHoriz=False, flipVert=False, font='Arial', fontFiles=[], height=0.04, italic=False, languageStyle='LTR', name='instructInconLeft_text', opacity=1.0, ori=0, pos=array([0., 0.]), rgb=UNKNOWN, text=str(...), units='height', win=Window(...), wrapWidth=1.3)
19.2736 	EXP 	Created instructInconLeft_centerImg = ImageStim(__class__=<class 'psychopy.visual.image.ImageStim'>, anchor=('center', 'center'), autoLog=True, color=array([1., 1., 1.]), colorSpace='rgb', contrast=1.0, depth=-1.0, flipHoriz=False, flipVert=False, image='img/leftArrow.png', interpolate=True, mask=None, maskParams=None, name='instructInconLeft_centerImg', opacity=1.0, ori=0.0, pos=array([ 0. , -0.3]), size=array([0.02, 0.02]), texRes=512, units='height', win=Window(...))
19.3243 	EXP 	Created instructInconLeft_rightImg1 = ImageStim(__class__=<class 'psychopy.visual.image.ImageStim'>, anchor=('center', 'center'), autoLog=True, color=array([1., 1., 1.]), colorSpace='rgb', contrast=1.0, depth=-2.0, flipHoriz=False, flipVert=False, image='img/rightArrow.png', interpolate=True, mask=None, maskParams=None, name='instructInconLeft_rightImg1', opacity=1.0, ori=0.0, pos=array([ 0.03, -0.3 ]), size=array([0.02, 0.02]), texRes=512, units='height', win=Window(...))
19.3819 	EXP 	Created instructInconLeft_leftImg1 = ImageStim(__class__=<class 'psychopy.visual.image.ImageStim'>, anchor=('center', 'center'), autoLog=True, color=array([1., 1., 1.]), colorSpace='rgb', contrast=1.0, depth=-3.0, flipHoriz=False, flipVert=False, image='img/rightArrow.png', interpolate=True, mask=None, maskParams=None, name='instructInconLeft_leftImg1', opacity=1.0, ori=0.0, pos=array([-0.03, -0.3 ]), size=array([0.02, 0.02]), texRes=512, units='height', win=Window(...))
19.3820 	INFO 	keyboard.Keyboard is using iohub backend.
19.4078 	EXP 	Created prac_blockText = TextStim(__class__=<class 'psychopy.visual.text.TextStim'>, alignHoriz=method-wrapper(...), alignText='center', alignVert=method-wrapper(...), anchorHoriz='center', anchorVert='center', antialias=True, autoDraw=False, autoLog=True, bold=False, color=array([1., 1., 1.]), colorSpace='rgb', contrast=1.0, depth=-1.0, flipHoriz=False, flipVert=False, font='Arial', fontFiles=[], height=0.06, italic=False, languageStyle='LTR', name='prac_blockText', opacity=1.0, ori=0.0, pos=array([0. , 0.3]), rgb=UNKNOWN, text='Practice', units='height', win=Window(...), wrapWidth=1.3)
19.4254 	EXP 	Created prac_reminder_text = TextStim(__class__=<class 'psychopy.visual.text.TextStim'>, alignHoriz=method-wrapper(...), alignText='center', alignVert=method-wrapper(...), anchorHoriz='center', anchorVert='center', antialias=True, autoDraw=False, autoLog=True, bold=False, color=array([1., 1., 1.]), colorSpace='rgb', contrast=1.0, depth=-2.0, flipHoriz=False, flipVert=False, font='Arial', fontFiles=[], height=0.04, italic=False, languageStyle='LTR', name='prac_reminder_text', opacity=1.0, ori=0, pos=array([0., 0.]), rgb=UNKNOWN, text=str(...), units='height', win=Window(...), wrapWidth=1.3)
19.4254 	INFO 	keyboard.Keyboard is using iohub backend.
19.4306 	EXP 	Created initFixation_img = ImageStim(__class__=<class 'psychopy.visual.image.ImageStim'>, anchor=('center', 'center'), autoLog=True, color=array([1., 1., 1.]), colorSpace='rgb', contrast=1.0, depth=0.0, flipHoriz=False, flipVert=False, image='sin', interpolate=True, mask=None, maskParams=None, name='initFixation_img', opacity=1.0, ori=0.0, pos=array([ 0.   , -0.015]), size=array([0.26, 0.22]), texRes=512, units='height', win=Window(...))
19.4350 	EXP 	Created bigFace = ImageStim(__class__=<class 'psychopy.visual.image.ImageStim'>, anchor=('center', 'center'), autoLog=True, color=array([1., 1., 1.]), colorSpace='rgb', contrast=1.0, depth=-1.0, flipHoriz=False, flipVert=False, image='sin', interpolate=True, mask=None, maskParams=None, name='bigFace', opacity=0.85, ori=0.0, pos=array([0., 0.]), size=array([0.4267, 0.3   ]), texRes=128.0, units='height', win=Window(...))
19.4398 	EXP 	Created cover_background_2 = ImageStim(__class__=<class 'psychopy.visual.image.ImageStim'>, anchor=('center', 'center'), autoLog=True, color=array([1., 1., 1.]), colorSpace='rgb', contrast=1.0, depth=-2.0, flipHoriz=False, flipVert=False, image='sin', interpolate=True, mask=None, maskParams=None, name='cover_background_2', opacity=1.0, ori=0.0, pos=array([ 0.   , -0.015]), size=array([0.26, 0.22]), texRes=128.0, units='height', win=Window(...))
19.4442 	EXP 	Created prac_centerImg = ImageStim(__class__=<class 'psychopy.visual.image.ImageStim'>, anchor=('center', 'center'), autoLog=True, color=array([1., 1., 1.]), colorSpace='rgb', contrast=1.0, depth=-3.0, flipHoriz=False, flipVert=False, image='sin', interpolate=True, mask=None, maskParams=None, name='prac_centerImg', opacity=1.0, ori=0.0, pos=array([0., 0.]), size=array([1., 1.]), texRes=512, units='height', win=Window(...))
19.4493 	EXP 	Created prac_rightImg1 = ImageStim(__class__=<class 'psychopy.visual.image.ImageStim'>, anchor=('center', 'center'), autoLog=True, color=array([1., 1., 1.]), colorSpace='rgb', contrast=1.0, depth=-4.0, flipHoriz=False, flipVert=False, image='sin', interpolate=True, mask=None, maskParams=None, name='prac_rightImg1', opacity=1.0, ori=0.0, pos=array([0., 0.]), size=array([1., 1.]), texRes=512, units='height', win=Window(...))
19.4541 	EXP 	Created prac_rightImg2 = ImageStim(__class__=<class 'psychopy.visual.image.ImageStim'>, anchor=('center', 'center'), autoLog=True, color=array([1., 1., 1.]), colorSpace='rgb', contrast=1.0, depth=-5.0, flipHoriz=False, flipVert=False, image='sin', interpolate=True, mask=None, maskParams=None, name='prac_rightImg2', opacity=1.0, ori=0.0, pos=array([0., 0.]), size=array([1., 1.]), texRes=512, units='height', win=Window(...))
19.4593 	EXP 	Created prac_leftImg1 = ImageStim(__class__=<class 'psychopy.visual.image.ImageStim'>, anchor=('center', 'center'), autoLog=True, color=array([1., 1., 1.]), colorSpace='rgb', contrast=1.0, depth=-6.0, flipHoriz=False, flipVert=False, image='sin', interpolate=True, mask=None, maskParams=None, name='prac_leftImg1', opacity=1.0, ori=0.0, pos=array([0., 0.]), size=array([1., 1.]), texRes=512, units='height', win=Window(...))
19.4644 	EXP 	Created prac_leftImg2 = ImageStim(__class__=<class 'psychopy.visual.image.ImageStim'>, anchor=('center', 'center'), autoLog=True, color=array([1., 1., 1.]), colorSpace='rgb', contrast=1.0, depth=-7.0, flipHoriz=False, flipVert=False, image='sin', interpolate=True, mask=None, maskParams=None, name='prac_leftImg2', opacity=1.0, ori=0.0, pos=array([0., 0.]), size=array([1., 1.]), texRes=512, units='height', win=Window(...))
19.4690 	EXP 	Created prac_fixImg = ImageStim(__class__=<class 'psychopy.visual.image.ImageStim'>, anchor=('center', 'center'), autoLog=True, color=array([1., 1., 1.]), colorSpace='rgb', contrast=1.0, depth=-8.0, flipHoriz=False, flipVert=False, image='sin', interpolate=True, mask=None, maskParams=None, name='prac_fixImg', opacity=1.0, ori=0.0, pos=array([ 0.   , -0.015]), size=array([0.26, 0.22]), texRes=512, units='height', win=Window(...))
19.4691 	INFO 	keyboard.Keyboard is using iohub backend.
19.4704 	EXP 	Created prac_blockFeed_text = TextStim(__class__=<class 'psychopy.visual.text.TextStim'>, alignHoriz=method-wrapper(...), alignText='center', alignVert=method-wrapper(...), anchorHoriz='center', anchorVert='center', antialias=True, autoDraw=False, autoLog=True, bold=False, color=array([1., 1., 1.]), colorSpace='rgb', contrast=1.0, depth=-1.0, flipHoriz=False, flipVert=False, font='Arial', fontFiles=[], height=0.04, italic=False, languageStyle='LTR', name='prac_blockFeed_text', opacity=1.0, ori=0, pos=array([0., 0.]), rgb=UNKNOWN, text='', units='height', win=Window(...), wrapWidth=1.3)
19.4745 	EXP 	Created prac_pressContinue = TextStim(__class__=<class 'psychopy.visual.text.TextStim'>, alignHoriz=method-wrapper(...), alignText='center', alignVert=method-wrapper(...), anchorHoriz='center', anchorVert='center', antialias=True, autoDraw=False, autoLog=True, bold=False, color=array([1., 1., 1.]), colorSpace='rgb', contrast=1.0, depth=-2.0, flipHoriz=False, flipVert=False, font='Arial', fontFiles=[], height=0.04, italic=False, languageStyle='LTR', name='prac_pressContinue', opacity=1.0, ori=0.0, pos=array([ 0. , -0.3]), rgb=UNKNOWN, text='Press the right key', units='height', win=Window(...), wrapWidth=1.3)
19.4745 	INFO 	keyboard.Keyboard is using iohub backend.
19.4758 	EXP 	Created task_blockText = TextStim(__class__=<class 'psychopy.visual.text.TextStim'>, alignHoriz=method-wrapper(...), alignText='center', alignVert=method-wrapper(...), anchorHoriz='center', anchorVert='center', antialias=True, autoDraw=False, autoLog=True, bold=False, color=array([1., 1., 1.]), colorSpace='rgb', contrast=1.0, depth=-1.0, flipHoriz=False, flipVert=False, font='Arial', fontFiles=[], height=0.06, italic=False, languageStyle='LTR', name='task_blockText', opacity=1.0, ori=0.0, pos=array([0. , 0.3]), rgb=UNKNOWN, text='', units='height', win=Window(...), wrapWidth=1.3)
19.4881 	EXP 	Created task_blockReminders_text = TextStim(__class__=<class 'psychopy.visual.text.TextStim'>, alignHoriz=method-wrapper(...), alignText='center', alignVert=method-wrapper(...), anchorHoriz='center', anchorVert='center', antialias=True, autoDraw=False, autoLog=True, bold=False, color=array([1., 1., 1.]), colorSpace='rgb', contrast=1.0, depth=-2.0, flipHoriz=False, flipVert=False, font='Arial', fontFiles=[], height=0.04, italic=False, languageStyle='LTR', name='task_blockReminders_text', opacity=1.0, ori=0, pos=array([0., 0.]), rgb=UNKNOWN, text=str(...), units='height', win=Window(...), wrapWidth=1.3)
19.4882 	INFO 	keyboard.Keyboard is using iohub backend.
19.4932 	EXP 	Created initFixation_img = ImageStim(__class__=<class 'psychopy.visual.image.ImageStim'>, anchor=('center', 'center'), autoLog=True, color=array([1., 1., 1.]), colorSpace='rgb', contrast=1.0, depth=0.0, flipHoriz=False, flipVert=False, image='sin', interpolate=True, mask=None, maskParams=None, name='initFixation_img', opacity=1.0, ori=0.0, pos=array([ 0.   , -0.015]), size=array([0.26, 0.22]), texRes=512, units='height', win=Window(...))
19.4983 	EXP 	Created bigFace_2 = ImageStim(__class__=<class 'psychopy.visual.image.ImageStim'>, anchor=('center', 'center'), autoLog=True, color=array([1., 1., 1.]), colorSpace='rgb', contrast=1.0, depth=-1.0, flipHoriz=False, flipVert=False, image='sin', interpolate=True, mask=None, maskParams=None, name='bigFace_2', opacity=0.85, ori=0.0, pos=array([0., 0.]), size=array([0.4267, 0.3   ]), texRes=128.0, units='height', win=Window(...))
19.5759 	EXP 	Created cover_background = ImageStim(__class__=<class 'psychopy.visual.image.ImageStim'>, anchor=('center', 'center'), autoLog=True, color=array([1., 1., 1.]), colorSpace='rgb', contrast=1.0, depth=-2.0, flipHoriz=False, flipVert=False, image='img/cover_background.png', interpolate=True, mask=None, maskParams=None, name='cover_background', opacity=1.0, ori=0.0, pos=array([ 0.   , -0.015]), size=array([0.26, 0.22]), texRes=128.0, units='height', win=Window(...))
19.5810 	EXP 	Created task_centerImg = ImageStim(__class__=<class 'psychopy.visual.image.ImageStim'>, anchor=('center', 'center'), autoLog=True, color=array([1., 1., 1.]), colorSpace='rgb', contrast=1.0, depth=-3.0, flipHoriz=False, flipVert=False, image='sin', interpolate=True, mask=None, maskParams=None, name='task_centerImg', opacity=1.0, ori=0.0, pos=array([0., 0.]), size=array([1., 1.]), texRes=512, units='height', win=Window(...))
19.5858 	EXP 	Created task_rightImg1 = ImageStim(__class__=<class 'psychopy.visual.image.ImageStim'>, anchor=('center', 'center'), autoLog=True, color=array([1., 1., 1.]), colorSpace='rgb', contrast=1.0, depth=-4.0, flipHoriz=False, flipVert=False, image='sin', interpolate=True, mask=None, maskParams=None, name='task_rightImg1', opacity=1.0, ori=0.0, pos=array([0., 0.]), size=array([1., 1.]), texRes=512, units='height', win=Window(...))
19.5907 	EXP 	Created task_rightImg2 = ImageStim(__class__=<class 'psychopy.visual.image.ImageStim'>, anchor=('center', 'center'), autoLog=True, color=array([1., 1., 1.]), colorSpace='rgb', contrast=1.0, depth=-5.0, flipHoriz=False, flipVert=False, image='sin', interpolate=True, mask=None, maskParams=None, name='task_rightImg2', opacity=1.0, ori=0.0, pos=array([0., 0.]), size=array([1., 1.]), texRes=512, units='height', win=Window(...))
19.5958 	EXP 	Created task_leftImg1 = ImageStim(__class__=<class 'psychopy.visual.image.ImageStim'>, anchor=('center', 'center'), autoLog=True, color=array([1., 1., 1.]), colorSpace='rgb', contrast=1.0, depth=-6.0, flipHoriz=False, flipVert=False, image='sin', interpolate=True, mask=None, maskParams=None, name='task_leftImg1', opacity=1.0, ori=0.0, pos=array([0., 0.]), size=array([1., 1.]), texRes=512, units='height', win=Window(...))
19.6008 	EXP 	Created task_leftImg2 = ImageStim(__class__=<class 'psychopy.visual.image.ImageStim'>, anchor=('center', 'center'), autoLog=True, color=array([1., 1., 1.]), colorSpace='rgb', contrast=1.0, depth=-7.0, flipHoriz=False, flipVert=False, image='sin', interpolate=True, mask=None, maskParams=None, name='task_leftImg2', opacity=1.0, ori=0.0, pos=array([0., 0.]), size=array([1., 1.]), texRes=512, units='height', win=Window(...))
19.6056 	EXP 	Created task_fixImg = ImageStim(__class__=<class 'psychopy.visual.image.ImageStim'>, anchor=('center', 'center'), autoLog=True, color=array([1., 1., 1.]), colorSpace='rgb', contrast=1.0, depth=-8.0, flipHoriz=False, flipVert=False, image='sin', interpolate=True, mask=None, maskParams=None, name='task_fixImg', opacity=1.0, ori=0.0, pos=array([ 0.   , -0.015]), size=array([0.26, 0.22]), texRes=512, units='height', win=Window(...))
19.6056 	INFO 	keyboard.Keyboard is using iohub backend.
19.6076 	EXP 	Created task_blockFeed_text = TextStim(__class__=<class 'psychopy.visual.text.TextStim'>, alignHoriz=method-wrapper(...), alignText='center', alignVert=method-wrapper(...), anchorHoriz='center', anchorVert='center', antialias=True, autoDraw=False, autoLog=True, bold=False, color=array([1., 1., 1.]), colorSpace='rgb', contrast=1.0, depth=-1.0, flipHoriz=False, flipVert=False, font='Arial', fontFiles=[], height=0.12, italic=False, languageStyle='LTR', name='task_blockFeed_text', opacity=1.0, ori=0, pos=array([0. , 0.1]), rgb=UNKNOWN, text='', units='height', win=Window(...), wrapWidth=1.8)
19.6088 	EXP 	Created task_blockFeed_text2 = TextStim(__class__=<class 'psychopy.visual.text.TextStim'>, alignHoriz=method-wrapper(...), alignText='center', alignVert=method-wrapper(...), anchorHoriz='center', anchorVert='center', antialias=True, autoDraw=False, autoLog=True, bold=False, color=array([1., 1., 1.]), colorSpace='rgb', contrast=1.0, depth=-2.0, flipHoriz=False, flipVert=False, font='Arial', fontFiles=[], height=0.04, italic=False, languageStyle='LTR', name='task_blockFeed_text2', opacity=1.0, ori=0, pos=array([ 0. , -0.3]), rgb=UNKNOWN, text='', units='height', win=Window(...), wrapWidth=1.3)
19.6088 	INFO 	keyboard.Keyboard is using iohub backend.
19.6208 	EXP 	Created fix = TextStim(__class__=<class 'psychopy.visual.text.TextStim'>, alignHoriz=method-wrapper(...), alignText='center', alignVert=method-wrapper(...), anchorHoriz='center', anchorVert='center', antialias=True, autoDraw=False, autoLog=True, bold=False, color=array([1., 1., 1.]), colorSpace='rgb', contrast=1.0, depth=0.0, flipHoriz=False, flipVert=False, font='Open Sans', fontFiles=[], height=0.1, italic=False, languageStyle='LTR', name='fix', opacity=1.0, ori=0.0, pos=array([0., 0.]), rgb=UNKNOWN, text='+', units='height', win=Window(...), wrapWidth=1)
19.6461 	EXP 	Created errorNumbers_text_2 = TextStim(__class__=<class 'psychopy.visual.text.TextStim'>, alignHoriz=method-wrapper(...), alignText='center', alignVert=method-wrapper(...), anchorHoriz='center', anchorVert='center', antialias=True, autoDraw=False, autoLog=True, bold=False, color=array([1., 1., 1.]), colorSpace='rgb', contrast=1.0, depth=-1.0, flipHoriz=False, flipVert=False, font='Open Sans', fontFiles=[], height=0.03, italic=False, languageStyle='LTR', name='errorNumbers_text_2', opacity=1.0, ori=0.0, pos=array([0.  , 0.12]), rgb=UNKNOWN, text=str(...), units='height', win=Window(...), wrapWidth=1)
19.6628 	INFO 	keyboard.Keyboard is using iohub backend.
19.6791 	EXP 	Created botherRate_text = TextStim(__class__=<class 'psychopy.visual.text.TextStim'>, alignHoriz=method-wrapper(...), alignText='center', alignVert=method-wrapper(...), anchorHoriz='center', anchorVert='center', antialias=True, autoDraw=False, autoLog=True, bold=False, color=array([1., 1., 1.]), colorSpace='rgb', contrast=1.0, depth=-1.0, flipHoriz=False, flipVert=False, font='Open Sans', fontFiles=[], height=0.03, italic=False, languageStyle='LTR', name='botherRate_text', opacity=1.0, ori=0.0, pos=array([0.  , 0.12]), rgb=UNKNOWN, text=str(...), units='height', win=Window(...), wrapWidth=1)
19.6936 	INFO 	keyboard.Keyboard is using iohub backend.
19.7249 	EXP 	Created instruct_surprise1 = TextStim(__class__=<class 'psychopy.visual.text.TextStim'>, alignHoriz=method-wrapper(...), alignText='center', alignVert=method-wrapper(...), anchorHoriz='center', anchorVert='center', antialias=True, autoDraw=False, autoLog=True, bold=False, color=array([1., 1., 1.]), colorSpace='rgb', contrast=1.0, depth=0.0, flipHoriz=False, flipVert=False, font='Open Sans', fontFiles=[], height=0.04, italic=False, languageStyle='LTR', name='instruct_surprise1', opacity=1.0, ori=0.0, pos=array([0., 0.]), rgb=UNKNOWN, text=str(...), units='height', win=Window(...), wrapWidth=1)
19.7249 	INFO 	keyboard.Keyboard is using iohub backend.
19.7263 	EXP 	Created instructMainTask_text = TextStim(__class__=<class 'psychopy.visual.text.TextStim'>, alignHoriz=method-wrapper(...), alignText='center', alignVert=method-wrapper(...), anchorHoriz='center', anchorVert='center', antialias=True, autoDraw=False, autoLog=True, bold=False, color=array([1., 1., 1.]), colorSpace='rgb', contrast=1.0, depth=0.0, flipHoriz=False, flipVert=False, font='Arial', fontFiles=[], height=0.04, italic=False, languageStyle='LTR', name='instructMainTask_text', opacity=1.0, ori=0, pos=array([0., 0.]), rgb=UNKNOWN, text='', units='height', win=Window(...), wrapWidth=1.3)
19.7264 	INFO 	keyboard.Keyboard is using iohub backend.
19.7297 	EXP 	Created first_surpStimuli_2 = ImageStim(__class__=<class 'psychopy.visual.image.ImageStim'>, anchor=('center', 'center'), autoLog=True, color=array([1., 1., 1.]), colorSpace='rgb', contrast=1.0, depth=0.0, flipHoriz=False, flipVert=False, image='sin', interpolate=True, mask=None, maskParams=None, name='first_surpStimuli_2', opacity=1.0, ori=0.0, pos=array([0., 0.]), size=array([0.45514667, 0.32      ]), texRes=128.0, units='height', win=Window(...))
19.7319 	EXP 	Created topQ_2 = TextStim(__class__=<class 'psychopy.visual.text.TextStim'>, alignHoriz=method-wrapper(...), alignText='center', alignVert=method-wrapper(...), anchorHoriz='center', anchorVert='center', antialias=True, autoDraw=False, autoLog=True, bold=False, color=array([1., 1., 1.]), colorSpace='rgb', contrast=1.0, depth=-1.0, flipHoriz=False, flipVert=False, font='Open Sans', fontFiles=[], height=0.025, italic=False, languageStyle='LTR', name='topQ_2', opacity=1.0, ori=0.0, pos=array([0., 0.]), rgb=UNKNOWN, text='', units='height', win=Window(...), wrapWidth=1)
19.7319 	INFO 	keyboard.Keyboard is using iohub backend.
19.7426 	EXP 	window1: mouseVisible = True
19.7654 	DEBUG 	TextBox2 loaded 1 chars with 0 blanks and 1 valid
19.7685 	DEBUG 	TextBox2 loaded 1 chars with 0 blanks and 1 valid
19.7717 	DEBUG 	TextBox2 loaded 1 chars with 0 blanks and 1 valid
19.7737 	DEBUG 	TextBox2 loaded 1 chars with 0 blanks and 1 valid
19.7767 	DEBUG 	TextBox2 loaded 1 chars with 0 blanks and 1 valid
19.7801 	DEBUG 	TextBox2 loaded 1 chars with 0 blanks and 1 valid
19.7821 	DEBUG 	TextBox2 loaded 1 chars with 0 blanks and 1 valid
19.7857 	DEBUG 	TextBox2 loaded 1 chars with 0 blanks and 1 valid
19.7872 	DEBUG 	TextBox2 loaded 1 chars with 0 blanks and 1 valid
19.7887 	DEBUG 	TextBox2 loaded 1 chars with 0 blanks and 1 valid
19.7923 	DEBUG 	TextBox2 loaded 1 chars with 0 blanks and 1 valid
19.7926 	DEBUG 	Uploading Texture Font fontname to graphics card
19.8028 	DEBUG 	Upload of Texture Font fontname complete
19.8228 	DEBUG 	TextBox2 loaded 1 chars with 0 blanks and 1 valid
19.8253 	DEBUG 	TextBox2 loaded 1 chars with 0 blanks and 1 valid
19.8284 	DEBUG 	TextBox2 loaded 1 chars with 0 blanks and 1 valid
19.8320 	DEBUG 	TextBox2 loaded 1 chars with 0 blanks and 1 valid
19.8347 	DEBUG 	TextBox2 loaded 1 chars with 0 blanks and 1 valid
19.8351 	DEBUG 	Uploading Texture Font fontname to graphics card
19.8434 	DEBUG 	Upload of Texture Font fontname complete
19.8659 	DEBUG 	TextBox2 loaded 1 chars with 0 blanks and 1 valid
19.8664 	DEBUG 	Uploading Texture Font fontname to graphics card
19.8743 	DEBUG 	Upload of Texture Font fontname complete
19.8958 	DEBUG 	TextBox2 loaded 1 chars with 0 blanks and 1 valid
19.8962 	DEBUG 	Uploading Texture Font fontname to graphics card
19.9039 	DEBUG 	Upload of Texture Font fontname complete
19.9806 	EXP 	Created first_slider_2 = Slider(__class__=<class 'psychopy.visual.slider.Slider'>, autoDraw=False, autoLog=True, borderColor=None, color=None, colorSpace='rgb', depth=-3, fillColor=None, flip=False, font='Open Sans', granularity=1.0, labelColor=None, labelHeight=0.05, labelWrapWidth=None, labels=list(...), lineColor=None, markerColor=None, name='first_slider_2', opacity=None, ori=0.0, pos=array([ 0. , -0.4]), readOnly=False, self=UNKNOWN, size=array([1. , 0.1]), startValue=None, style='rating', styleTweaks=[], ticks=array([1, 2, 3, 4, 5, 6]), units='height', win=Window(...))
19.9839 	EXP 	Created first_surpStimuli = ImageStim(__class__=<class 'psychopy.visual.image.ImageStim'>, anchor=('center', 'center'), autoLog=True, color=array([1., 1., 1.]), colorSpace='rgb', contrast=1.0, depth=0.0, flipHoriz=False, flipVert=False, image='sin', interpolate=True, mask=None, maskParams=None, name='first_surpStimuli', opacity=1.0, ori=0.0, pos=array([0., 0.]), size=array([0.45514667, 0.32      ]), texRes=128.0, units='height', win=Window(...))
19.9852 	EXP 	Created topQ = TextStim(__class__=<class 'psychopy.visual.text.TextStim'>, alignHoriz=method-wrapper(...), alignText='center', alignVert=method-wrapper(...), anchorHoriz='center', anchorVert='center', antialias=True, autoDraw=False, autoLog=True, bold=False, color=array([1., 1., 1.]), colorSpace='rgb', contrast=1.0, depth=-1.0, flipHoriz=False, flipVert=False, font='Open Sans', fontFiles=[], height=0.025, italic=False, languageStyle='LTR', name='topQ', opacity=1.0, ori=0.0, pos=array([0., 0.]), rgb=UNKNOWN, text='', units='height', win=Window(...), wrapWidth=1)
19.9852 	INFO 	keyboard.Keyboard is using iohub backend.
19.9912 	EXP 	window1: mouseVisible = True
20.1341 	EXP 	Created first_slider = Slider(__class__=<class 'psychopy.visual.slider.Slider'>, autoDraw=False, autoLog=True, borderColor=None, color=None, colorSpace='rgb', depth=-3, fillColor=None, flip=False, font='Open Sans', granularity=1.0, labelColor=None, labelHeight=0.05, labelWrapWidth=None, labels=list(...), lineColor=None, markerColor=None, name='first_slider', opacity=None, ori=0.0, pos=array([ 0. , -0.4]), readOnly=False, self=UNKNOWN, size=array([1. , 0.1]), startValue=None, style='rating', styleTweaks=[], ticks=array([6, 5, 4, 3, 2, 1]), units='height', win=Window(...))
20.1488 	EXP 	Created finishMessage_text = TextStim(__class__=<class 'psychopy.visual.text.TextStim'>, alignHoriz=method-wrapper(...), alignText='center', alignVert=method-wrapper(...), anchorHoriz='center', anchorVert='center', antialias=True, autoDraw=False, autoLog=True, bold=False, color=array([1., 1., 1.]), colorSpace='rgb', contrast=1.0, depth=0.0, flipHoriz=False, flipVert=False, font='Arial', fontFiles=[], height=0.04, italic=False, languageStyle='LTR', name='finishMessage_text', opacity=1.0, ori=0, pos=array([0., 0.]), rgb=UNKNOWN, text='Thank you for your participation!', units='height', win=Window(...), wrapWidth=1.3)
20.1580 	EXP 	textbox_2: autoLog = True
20.1580 	EXP 	textbox_3: autoLog = True
20.1580 	EXP 	first_slider_2: autoLog = True
20.1580 	EXP 	first_slider_2: markerPos = None
20.1580 	EXP 	first_slider_2: styleTweaks = []
20.1580 	EXP 	first_slider_2: styleTweaks = []
20.1580 	EXP 	first_slider_2: styleTweaks = []
20.1580 	EXP 	first_slider_2: styleTweaks = []
20.1580 	EXP 	first_slider_2: contrast = 1.0
20.1580 	EXP 	first_slider_2: autoLog = True
20.1580 	EXP 	first_slider: autoLog = True
20.1580 	EXP 	first_slider: markerPos = None
20.1580 	EXP 	first_slider: styleTweaks = []
20.1580 	EXP 	first_slider: styleTweaks = []
20.1580 	EXP 	first_slider: styleTweaks = []
20.1580 	EXP 	first_slider: styleTweaks = []
20.1580 	EXP 	first_slider: contrast = 1.0
20.1580 	EXP 	first_slider: autoLog = True
20.1580 	EXP 	welcome_text: autoDraw = True
20.8375 	DATA 	Keypress: 8
20.8508 	DEBUG 	TextBox2 loaded 1 chars with 0 blanks and 1 valid
20.8516 	DEBUG 	Uploading Texture Font fontname to graphics card
20.8545 	DEBUG 	Upload of Texture Font fontname complete
20.9486 	EXP 	welcome_text: autoDraw = False
20.9486 	EXP 	instructRight_text: autoDraw = True
20.9486 	EXP 	instructRight_centerImg: autoDraw = True
20.9486 	EXP 	instructRight_rightImg1: autoDraw = True
20.9486 	EXP 	instructRight_leftImg1: autoDraw = True
21.5079 	DATA 	Keypress: 8
21.5381 	EXP 	instructRight_text: autoDraw = False
21.5381 	EXP 	instructRight_centerImg: autoDraw = False
21.5381 	EXP 	instructRight_rightImg1: autoDraw = False
21.5381 	EXP 	instructRight_leftImg1: autoDraw = False
21.5381 	EXP 	instructLeft_text: autoDraw = True
21.5381 	EXP 	instructLeft_centerImg: autoDraw = True
21.5381 	EXP 	instructLeft_rightImg1: autoDraw = True
21.5381 	EXP 	instructLeft_leftImg1: autoDraw = True
21.9335 	DATA 	Keypress: 8
22.0383 	DATA 	Keypress: 1
22.0501 	DEBUG 	TextBox2 loaded 1 chars with 0 blanks and 1 valid
22.0509 	DEBUG 	Uploading Texture Font fontname to graphics card
22.0523 	DEBUG 	Upload of Texture Font fontname complete
22.0810 	EXP 	instructLeft_text: autoDraw = False
22.0810 	EXP 	instructLeft_centerImg: autoDraw = False
22.0810 	EXP 	instructLeft_rightImg1: autoDraw = False
22.0810 	EXP 	instructLeft_leftImg1: autoDraw = False
22.0810 	EXP 	instructInconRight_text: autoDraw = True
22.0810 	EXP 	instructIncon_centerImg: autoDraw = True
22.0810 	EXP 	instructIncon_rightImg1: autoDraw = True
22.0810 	EXP 	instructIncon_leftImg1: autoDraw = True
22.3122 	DATA 	Keypress: 8
22.3190 	EXP 	instructInconRight_text: autoDraw = False
22.3190 	EXP 	instructIncon_centerImg: autoDraw = False
22.3190 	EXP 	instructIncon_rightImg1: autoDraw = False
22.3190 	EXP 	instructIncon_leftImg1: autoDraw = False
22.3190 	EXP 	instructInconLeft_text: autoDraw = True
22.3190 	EXP 	instructInconLeft_centerImg: autoDraw = True
22.3190 	EXP 	instructInconLeft_rightImg1: autoDraw = True
22.3190 	EXP 	instructInconLeft_leftImg1: autoDraw = True
22.4596 	DEBUG 	Read csv file with pandas: blockSelect_practice.csv
22.4628 	DEBUG 	Clearing unnamed columns from blockSelect_practice.csv
22.4635 	EXP 	Imported blockSelect_practice.csv as conditions, 1 conditions, 1 params
22.4644 	EXP 	Created sequence: random, trialTypes=1, nReps=0, seed=None
22.4701 	DEBUG 	Read csv file with pandas: blockSelect.csv
22.4733 	DEBUG 	Clearing unnamed columns from blockSelect.csv
22.4744 	EXP 	Imported blockSelect.csv as conditions, 10 conditions, 1 params
22.4754 	EXP 	Created sequence: random, trialTypes=10, nReps=0, seed=None
22.4761 	DATA 	Keypress: 1
22.4856 	EXP 	instructInconLeft_text: autoDraw = False
22.4856 	EXP 	instructInconLeft_centerImg: autoDraw = False
22.4856 	EXP 	instructInconLeft_rightImg1: autoDraw = False
22.4856 	EXP 	instructInconLeft_leftImg1: autoDraw = False
22.4856 	EXP 	fix: autoDraw = True
22.6684 	DATA 	Keypress: 8
22.9805 	EXP 	fix: autoDraw = False
22.9805 	EXP 	errorNumbers_text_2: autoDraw = True
22.9805 	EXP 	textbox_2: autoDraw = True
23.4335 	DATA 	Keypress: space
23.4392 	DEBUG 	TextBox2 loaded 1 chars with 0 blanks and 1 valid
23.4448 	DEBUG 	TextBox2 loaded 1 chars with 0 blanks and 1 valid
23.4459 	DEBUG 	Uploading Texture Font fontname to graphics card
23.4473 	DEBUG 	Upload of Texture Font fontname complete
23.4632 	EXP 	errorNumbers_text_2: autoDraw = False
23.4632 	EXP 	textbox_2: autoDraw = False
23.4632 	EXP 	botherRate_text: autoDraw = True
23.4632 	EXP 	textbox_3: autoDraw = True
23.8089 	DATA 	Keypress: space
23.8144 	EXP 	botherRate_text: autoDraw = False
23.8144 	EXP 	textbox_3: autoDraw = False
23.8144 	EXP 	instruct_surprise1: autoDraw = True
24.4903 	DATA 	Keypress: space
24.8305 	DEBUG 	Read excel file with openpyxl: surpriseBlock_select_A.xlsx
24.8326 	EXP 	Imported surpriseBlock_select_A.xlsx as conditions, 2 conditions, 7 params
24.8339 	EXP 	Created sequence: sequential, trialTypes=2, nReps=1, seed=None
24.8352 	EXP 	New trial (rep=0, index=0): {'whichSurpriseBlock': 'half_surp_table1.csv', 'topQ_1': 'Old or New?', 'bottomQ_2': 'Approving or Disapproving?', 'fTick': [1, 2, 3, 4, 5, 6], 'fLabel': '["Definitely new", "Probably new", "Maybe new", "Maybe old", "Probably old", "Definitely old"] \xa0', 'newKey': 'left', 'taskTextSource': 'In this round, press Right key when the face is OLD and the left key when it is new.\n\nTo get ready, rest your right and left index fingers on the right and left buttons, then press the right button when you are ready to begin.'}
24.9095 	DATA 	Keypress: 8
24.9157 	EXP 	instruct_surprise1: autoDraw = False
24.9157 	EXP 	instructMainTask_text: height = 0.04
24.9157 	EXP 	instructMainTask_text: height = 0.04
24.9157 	EXP 	instructMainTask_text: height = 0.04
24.9157 	EXP 	instructMainTask_text: text = 'In this round, press Right key when the face is OLD and the left key when it is new.\n\nTo get ready, rest your right and left index fingers on the right and left buttons, then press the right button when you are ready to begin.'
24.9157 	EXP 	instructMainTask_text: autoDraw = True
26.0124 	DEBUG 	Read csv file with pandas: half_surp_table1.csv
26.0156 	DEBUG 	Clearing unnamed columns from half_surp_table1.csv
26.0250 	EXP 	Imported half_surp_table1.csv as conditions, 240 conditions, 1 params
26.0318 	EXP 	Created sequence: random, trialTypes=240, nReps=1, seed=None
26.0327 	EXP 	New trial (rep=0, index=0): OrderedDict([('surp_csv_name', 'csv_files/surprise_csv_files/surpriseTable_row322.csv')])
26.0556 	DEBUG 	Read csv file with pandas: csv_files/surprise_csv_files/surpriseTable_row322.csv
26.0587 	DEBUG 	Clearing unnamed columns from csv_files/surprise_csv_files/surpriseTable_row322.csv
26.0606 	EXP 	Imported csv_files/surprise_csv_files/surpriseTable_row322.csv as conditions, 1 conditions, 2 params
26.0621 	EXP 	Created sequence: random, trialTypes=1, nReps=1, seed=None
26.0632 	EXP 	New trial (rep=0, index=0): OrderedDict([('surpriseFaces', 'img/neutralC/CFD-LM-228-188-N.jpg'), ('new', 0)])
26.4673 	DATA 	Keypress: 8
26.5035 	EXP 	instructMainTask_text: autoDraw = False
26.5035 	EXP 	first_surpStimuli_2: image = 'img/neutralC/CFD-LM-228-188-N.jpg'
26.5035 	EXP 	topQ_2: height = 0.025
26.5035 	EXP 	topQ_2: height = 0.025
26.5035 	EXP 	topQ_2: height = 0.025
26.5035 	EXP 	topQ_2: text = 'Old or New?'
26.5035 	EXP 	first_slider_2: markerPos = None
26.5035 	EXP 	first_slider_2: markerPos = None
26.5035 	EXP 	first_surpStimuli_2: autoDraw = True
26.5035 	EXP 	topQ_2: autoDraw = True
26.5035 	EXP 	first_slider_2: autoDraw = True
31.3597 	DATA 	Keypress: 8
31.4759 	EXP 	New trial (rep=0, index=1): OrderedDict([('surp_csv_name', 'csv_files/surprise_csv_files/surpriseTable_row451.csv')])
31.4825 	DEBUG 	Read csv file with pandas: csv_files/surprise_csv_files/surpriseTable_row451.csv
31.4832 	DEBUG 	Clearing unnamed columns from csv_files/surprise_csv_files/surpriseTable_row451.csv
31.4835 	EXP 	Imported csv_files/surprise_csv_files/surpriseTable_row451.csv as conditions, 1 conditions, 2 params
31.4838 	EXP 	Created sequence: random, trialTypes=1, nReps=1, seed=None
31.4840 	EXP 	New trial (rep=0, index=0): OrderedDict([('surpriseFaces', 'img/neutralC/CFD-MF-336-016-N.jpg'), ('new', 1)])
31.6666 	EXP 	first_surpStimuli_2: autoDraw = False
31.6666 	EXP 	topQ_2: autoDraw = False
31.6666 	EXP 	first_slider_2: autoDraw = False
31.6666 	EXP 	first_surpStimuli: image = 'img/neutralC/CFD-LM-228-188-N.jpg'
31.6666 	EXP 	topQ: height = 0.025
31.6666 	EXP 	topQ: height = 0.025
31.6666 	EXP 	topQ: height = 0.025
31.6666 	EXP 	topQ: text = 'Old or New?'
31.6666 	EXP 	first_slider: markerPos = None
31.6666 	EXP 	first_slider: markerPos = None
31.6666 	EXP 	first_surpStimuli: autoDraw = False
31.6666 	EXP 	topQ: autoDraw = False
31.6666 	EXP 	first_slider: autoDraw = False
31.6666 	EXP 	first_surpStimuli_2: image = 'img/neutralC/CFD-MF-336-016-N.jpg'
31.6666 	EXP 	topQ_2: text = 'Old or New?'
31.6666 	EXP 	first_slider_2: markerPos = None
31.6666 	EXP 	first_slider_2: markerPos = None
31.6666 	EXP 	first_surpStimuli_2: autoDraw = True
31.6666 	EXP 	topQ_2: autoDraw = True
31.6666 	EXP 	first_slider_2: autoDraw = True
32.2036 	DATA 	Keypress: 8
32.3380 	EXP 	New trial (rep=0, index=2): OrderedDict([('surp_csv_name', 'csv_files/surprise_csv_files/surpriseTable_row455.csv')])
32.3441 	DEBUG 	Read csv file with pandas: csv_files/surprise_csv_files/surpriseTable_row455.csv
32.3448 	DEBUG 	Clearing unnamed columns from csv_files/surprise_csv_files/surpriseTable_row455.csv
32.3451 	EXP 	Imported csv_files/surprise_csv_files/surpriseTable_row455.csv as conditions, 1 conditions, 2 params
32.3454 	EXP 	Created sequence: random, trialTypes=1, nReps=1, seed=None
32.3456 	EXP 	New trial (rep=0, index=0): OrderedDict([('surpriseFaces', 'img/neutralC/CFD-AM-219-101-N.jpg'), ('new', 1)])
32.4937 	EXP 	first_surpStimuli_2: autoDraw = False
32.4937 	EXP 	topQ_2: autoDraw = False
32.4937 	EXP 	first_slider_2: autoDraw = False
32.4937 	EXP 	first_surpStimuli: image = 'img/neutralC/CFD-MF-336-016-N.jpg'
32.4937 	EXP 	topQ: text = 'Old or New?'
32.4937 	EXP 	first_slider: markerPos = None
32.4937 	EXP 	first_slider: markerPos = None
32.4937 	EXP 	first_surpStimuli: autoDraw = False
32.4937 	EXP 	topQ: autoDraw = False
32.4937 	EXP 	first_slider: autoDraw = False
32.4937 	EXP 	first_surpStimuli_2: image = 'img/neutralC/CFD-AM-219-101-N.jpg'
32.4937 	EXP 	topQ_2: text = 'Old or New?'
32.4937 	EXP 	first_slider_2: markerPos = None
32.4937 	EXP 	first_slider_2: markerPos = None
32.4937 	EXP 	first_surpStimuli_2: autoDraw = True
32.4937 	EXP 	topQ_2: autoDraw = True
32.4937 	EXP 	first_slider_2: autoDraw = True
33.1381 	EXP 	New trial (rep=0, index=3): OrderedDict([('surp_csv_name', 'csv_files/surprise_csv_files/surpriseTable_row417.csv')])
33.1488 	DEBUG 	Read csv file with pandas: csv_files/surprise_csv_files/surpriseTable_row417.csv
33.1503 	DEBUG 	Clearing unnamed columns from csv_files/surprise_csv_files/surpriseTable_row417.csv
33.1509 	EXP 	Imported csv_files/surprise_csv_files/surpriseTable_row417.csv as conditions, 1 conditions, 2 params
33.1517 	EXP 	Created sequence: random, trialTypes=1, nReps=1, seed=None
33.1522 	EXP 	New trial (rep=0, index=0): OrderedDict([('surpriseFaces', 'img/neutralC/CFD-IM-615-167-N.jpg'), ('new', 0)])
33.3713 	DATA 	Keypress: 8
33.3925 	EXP 	first_surpStimuli_2: autoDraw = False
33.3925 	EXP 	topQ_2: autoDraw = False
33.3925 	EXP 	first_slider_2: autoDraw = False
33.3925 	EXP 	first_surpStimuli: image = 'img/neutralC/CFD-AM-219-101-N.jpg'
33.3925 	EXP 	topQ: text = 'Old or New?'
33.3925 	EXP 	first_slider: markerPos = None
33.3925 	EXP 	first_slider: markerPos = None
33.3925 	EXP 	first_surpStimuli: autoDraw = False
33.3925 	EXP 	topQ: autoDraw = False
33.3925 	EXP 	first_slider: autoDraw = False
33.3925 	EXP 	first_surpStimuli_2: image = 'img/neutralC/CFD-IM-615-167-N.jpg'
33.3925 	EXP 	topQ_2: text = 'Old or New?'
33.3925 	EXP 	first_slider_2: markerPos = None
33.3925 	EXP 	first_slider_2: markerPos = None
33.3925 	EXP 	first_surpStimuli_2: autoDraw = True
33.3925 	EXP 	topQ_2: autoDraw = True
33.3925 	EXP 	first_slider_2: autoDraw = True
33.8394 	DATA 	Keypress: 8
33.9855 	EXP 	New trial (rep=0, index=4): OrderedDict([('surp_csv_name', 'csv_files/surprise_csv_files/surpriseTable_row82.csv')])
33.9913 	DEBUG 	Read csv file with pandas: csv_files/surprise_csv_files/surpriseTable_row82.csv
33.9920 	DEBUG 	Clearing unnamed columns from csv_files/surprise_csv_files/surpriseTable_row82.csv
33.9923 	EXP 	Imported csv_files/surprise_csv_files/surpriseTable_row82.csv as conditions, 1 conditions, 2 params
33.9926 	EXP 	Created sequence: random, trialTypes=1, nReps=1, seed=None
33.9928 	EXP 	New trial (rep=0, index=0): OrderedDict([('surpriseFaces', 'img/neutralC/CFD-LM-249-001-N.jpg'), ('new', 0)])
34.1585 	EXP 	first_surpStimuli_2: autoDraw = False
34.1585 	EXP 	topQ_2: autoDraw = False
34.1585 	EXP 	first_slider_2: autoDraw = False
34.1585 	EXP 	first_surpStimuli: image = 'img/neutralC/CFD-IM-615-167-N.jpg'
34.1585 	EXP 	topQ: text = 'Old or New?'
34.1585 	EXP 	first_slider: markerPos = None
34.1585 	EXP 	first_slider: markerPos = None
34.1585 	EXP 	first_surpStimuli: autoDraw = False
34.1585 	EXP 	topQ: autoDraw = False
34.1585 	EXP 	first_slider: autoDraw = False
34.1585 	EXP 	first_surpStimuli_2: image = 'img/neutralC/CFD-LM-249-001-N.jpg'
34.1585 	EXP 	topQ_2: text = 'Old or New?'
34.1585 	EXP 	first_slider_2: markerPos = None
34.1585 	EXP 	first_slider_2: markerPos = None
34.1585 	EXP 	first_surpStimuli_2: autoDraw = True
34.1585 	EXP 	topQ_2: autoDraw = True
34.1585 	EXP 	first_slider_2: autoDraw = True
34.5158 	DATA 	Keypress: 8
34.6519 	EXP 	New trial (rep=0, index=5): OrderedDict([('surp_csv_name', 'csv_files/surprise_csv_files/surpriseTable_row176.csv')])
34.6581 	DEBUG 	Read csv file with pandas: csv_files/surprise_csv_files/surpriseTable_row176.csv
34.6589 	DEBUG 	Clearing unnamed columns from csv_files/surprise_csv_files/surpriseTable_row176.csv
34.6592 	EXP 	Imported csv_files/surprise_csv_files/surpriseTable_row176.csv as conditions, 1 conditions, 2 params
34.6595 	EXP 	Created sequence: random, trialTypes=1, nReps=1, seed=None
34.6598 	EXP 	New trial (rep=0, index=0): OrderedDict([('surpriseFaces', 'img/neutralC/CFD-BM-037-033-N.jpg'), ('new', 0)])
34.9060 	EXP 	first_surpStimuli_2: autoDraw = False
34.9060 	EXP 	topQ_2: autoDraw = False
34.9060 	EXP 	first_slider_2: autoDraw = False
34.9060 	EXP 	first_surpStimuli: image = 'img/neutralC/CFD-LM-249-001-N.jpg'
34.9060 	EXP 	topQ: text = 'Old or New?'
34.9060 	EXP 	first_slider: markerPos = None
34.9060 	EXP 	first_slider: markerPos = None
34.9060 	EXP 	first_surpStimuli: autoDraw = False
34.9060 	EXP 	topQ: autoDraw = False
34.9060 	EXP 	first_slider: autoDraw = False
34.9060 	EXP 	first_surpStimuli_2: image = 'img/neutralC/CFD-BM-037-033-N.jpg'
34.9060 	EXP 	topQ_2: text = 'Old or New?'
34.9060 	EXP 	first_slider_2: markerPos = None
34.9060 	EXP 	first_slider_2: markerPos = None
34.9060 	EXP 	first_surpStimuli_2: autoDraw = True
34.9060 	EXP 	topQ_2: autoDraw = True
34.9060 	EXP 	first_slider_2: autoDraw = True
35.2238 	DATA 	Keypress: 8
35.3567 	EXP 	New trial (rep=0, index=6): OrderedDict([('surp_csv_name', 'csv_files/surprise_csv_files/surpriseTable_row151.csv')])
35.3630 	DEBUG 	Read csv file with pandas: csv_files/surprise_csv_files/surpriseTable_row151.csv
35.3636 	DEBUG 	Clearing unnamed columns from csv_files/surprise_csv_files/surpriseTable_row151.csv
35.3639 	EXP 	Imported csv_files/surprise_csv_files/surpriseTable_row151.csv as conditions, 1 conditions, 2 params
35.3642 	EXP 	Created sequence: random, trialTypes=1, nReps=1, seed=None
35.3645 	EXP 	New trial (rep=0, index=0): OrderedDict([('surpriseFaces', 'img/neutralC/CFD-LM-225-130-N.jpg'), ('new', 1)])
35.5264 	EXP 	first_surpStimuli_2: autoDraw = False
35.5264 	EXP 	topQ_2: autoDraw = False
35.5264 	EXP 	first_slider_2: autoDraw = False
35.5264 	EXP 	first_surpStimuli: image = 'img/neutralC/CFD-BM-037-033-N.jpg'
35.5264 	EXP 	topQ: text = 'Old or New?'
35.5264 	EXP 	first_slider: markerPos = None
35.5264 	EXP 	first_slider: markerPos = None
35.5264 	EXP 	first_surpStimuli: autoDraw = False
35.5264 	EXP 	topQ: autoDraw = False
35.5264 	EXP 	first_slider: autoDraw = False
35.5264 	EXP 	first_surpStimuli_2: image = 'img/neutralC/CFD-LM-225-130-N.jpg'
35.5264 	EXP 	topQ_2: text = 'Old or New?'
35.5264 	EXP 	first_slider_2: markerPos = None
35.5264 	EXP 	first_slider_2: markerPos = None
35.5264 	EXP 	first_surpStimuli_2: autoDraw = True
35.5264 	EXP 	topQ_2: autoDraw = True
35.5264 	EXP 	first_slider_2: autoDraw = True
35.8150 	DATA 	Keypress: 8
35.9355 	EXP 	New trial (rep=0, index=7): OrderedDict([('surp_csv_name', 'csv_files/surprise_csv_files/surpriseTable_row89.csv')])
35.9421 	DEBUG 	Read csv file with pandas: csv_files/surprise_csv_files/surpriseTable_row89.csv
35.9430 	DEBUG 	Clearing unnamed columns from csv_files/surprise_csv_files/surpriseTable_row89.csv
35.9434 	EXP 	Imported csv_files/surprise_csv_files/surpriseTable_row89.csv as conditions, 1 conditions, 2 params
35.9437 	EXP 	Created sequence: random, trialTypes=1, nReps=1, seed=None
35.9440 	EXP 	New trial (rep=0, index=0): OrderedDict([('surpriseFaces', 'img/neutralC/CFD-AM-251-124-N.jpg'), ('new', 0)])
36.1154 	EXP 	first_surpStimuli_2: autoDraw = False
36.1154 	EXP 	topQ_2: autoDraw = False
36.1154 	EXP 	first_slider_2: autoDraw = False
36.1154 	EXP 	first_surpStimuli: image = 'img/neutralC/CFD-LM-225-130-N.jpg'
36.1154 	EXP 	topQ: text = 'Old or New?'
36.1154 	EXP 	first_slider: markerPos = None
36.1154 	EXP 	first_slider: markerPos = None
36.1154 	EXP 	first_surpStimuli: autoDraw = False
36.1154 	EXP 	topQ: autoDraw = False
36.1154 	EXP 	first_slider: autoDraw = False
36.1154 	EXP 	first_surpStimuli_2: image = 'img/neutralC/CFD-AM-251-124-N.jpg'
36.1154 	EXP 	topQ_2: text = 'Old or New?'
36.1154 	EXP 	first_slider_2: markerPos = None
36.1154 	EXP 	first_slider_2: markerPos = None
36.1154 	EXP 	first_surpStimuli_2: autoDraw = True
36.1154 	EXP 	topQ_2: autoDraw = True
36.1154 	EXP 	first_slider_2: autoDraw = True
36.4787 	DATA 	Keypress: 8
36.5910 	EXP 	New trial (rep=0, index=8): OrderedDict([('surp_csv_name', 'csv_files/surprise_csv_files/surpriseTable_row379.csv')])
36.5979 	DEBUG 	Read csv file with pandas: csv_files/surprise_csv_files/surpriseTable_row379.csv
36.5987 	DEBUG 	Clearing unnamed columns from csv_files/surprise_csv_files/surpriseTable_row379.csv
36.5990 	EXP 	Imported csv_files/surprise_csv_files/surpriseTable_row379.csv as conditions, 1 conditions, 2 params
36.5993 	EXP 	Created sequence: random, trialTypes=1, nReps=1, seed=None
36.5995 	EXP 	New trial (rep=0, index=0): OrderedDict([('surpriseFaces', 'img/neutralC/CFD-AF-222-134-N.jpg'), ('new', 1)])
36.7520 	EXP 	first_surpStimuli_2: autoDraw = False
36.7520 	EXP 	topQ_2: autoDraw = False
36.7520 	EXP 	first_slider_2: autoDraw = False
36.7520 	EXP 	first_surpStimuli: image = 'img/neutralC/CFD-AM-251-124-N.jpg'
36.7520 	EXP 	topQ: text = 'Old or New?'
36.7520 	EXP 	first_slider: markerPos = None
36.7520 	EXP 	first_slider: markerPos = None
36.7520 	EXP 	first_surpStimuli: autoDraw = False
36.7520 	EXP 	topQ: autoDraw = False
36.7520 	EXP 	first_slider: autoDraw = False
36.7520 	EXP 	first_surpStimuli_2: image = 'img/neutralC/CFD-AF-222-134-N.jpg'
36.7520 	EXP 	topQ_2: text = 'Old or New?'
36.7520 	EXP 	first_slider_2: markerPos = None
36.7520 	EXP 	first_slider_2: markerPos = None
36.7520 	EXP 	first_surpStimuli_2: autoDraw = True
36.7520 	EXP 	topQ_2: autoDraw = True
36.7520 	EXP 	first_slider_2: autoDraw = True
37.0395 	DATA 	Keypress: 8
37.1431 	EXP 	New trial (rep=0, index=9): OrderedDict([('surp_csv_name', 'csv_files/surprise_csv_files/surpriseTable_row47.csv')])
37.1490 	DEBUG 	Read csv file with pandas: csv_files/surprise_csv_files/surpriseTable_row47.csv
37.1496 	DEBUG 	Clearing unnamed columns from csv_files/surprise_csv_files/surpriseTable_row47.csv
37.1499 	EXP 	Imported csv_files/surprise_csv_files/surpriseTable_row47.csv as conditions, 1 conditions, 2 params
37.1502 	EXP 	Created sequence: random, trialTypes=1, nReps=1, seed=None
37.1505 	EXP 	New trial (rep=0, index=0): OrderedDict([('surpriseFaces', 'img/neutralC/CFD-BM-229-209-N.jpg'), ('new', 1)])
37.4157 	EXP 	first_surpStimuli_2: autoDraw = False
37.4157 	EXP 	topQ_2: autoDraw = False
37.4157 	EXP 	first_slider_2: autoDraw = False
37.4157 	EXP 	first_surpStimuli: image = 'img/neutralC/CFD-AF-222-134-N.jpg'
37.4157 	EXP 	topQ: text = 'Old or New?'
37.4157 	EXP 	first_slider: markerPos = None
37.4157 	EXP 	first_slider: markerPos = None
37.4157 	EXP 	first_surpStimuli: autoDraw = False
37.4157 	EXP 	topQ: autoDraw = False
37.4157 	EXP 	first_slider: autoDraw = False
37.4157 	EXP 	first_surpStimuli_2: image = 'img/neutralC/CFD-BM-229-209-N.jpg'
37.4157 	EXP 	topQ_2: text = 'Old or New?'
37.4157 	EXP 	first_slider_2: markerPos = None
37.4157 	EXP 	first_slider_2: markerPos = None
37.4157 	EXP 	first_surpStimuli_2: autoDraw = True
37.4157 	EXP 	topQ_2: autoDraw = True
37.4157 	EXP 	first_slider_2: autoDraw = True
37.7298 	EXP 	New trial (rep=0, index=10): OrderedDict([('surp_csv_name', 'csv_files/surprise_csv_files/surpriseTable_row313.csv')])
37.7354 	DEBUG 	Read csv file with pandas: csv_files/surprise_csv_files/surpriseTable_row313.csv
37.7361 	DEBUG 	Clearing unnamed columns from csv_files/surprise_csv_files/surpriseTable_row313.csv
37.7364 	EXP 	Imported csv_files/surprise_csv_files/surpriseTable_row313.csv as conditions, 1 conditions, 2 params
37.7367 	EXP 	Created sequence: random, trialTypes=1, nReps=1, seed=None
37.7371 	EXP 	New trial (rep=0, index=0): OrderedDict([('surpriseFaces', 'img/neutralC/CFD-LM-247-095-N.jpg'), ('new', 0)])
37.9093 	DATA 	Keypress: 8
37.9297 	EXP 	first_surpStimuli_2: autoDraw = False
37.9297 	EXP 	topQ_2: autoDraw = False
37.9297 	EXP 	first_slider_2: autoDraw = False
37.9297 	EXP 	first_surpStimuli: image = 'img/neutralC/CFD-BM-229-209-N.jpg'
37.9297 	EXP 	topQ: text = 'Old or New?'
37.9297 	EXP 	first_slider: markerPos = None
37.9297 	EXP 	first_slider: markerPos = None
37.9297 	EXP 	first_surpStimuli: autoDraw = False
37.9297 	EXP 	topQ: autoDraw = False
37.9297 	EXP 	first_slider: autoDraw = False
37.9297 	EXP 	first_surpStimuli_2: image = 'img/neutralC/CFD-LM-247-095-N.jpg'
37.9297 	EXP 	topQ_2: text = 'Old or New?'
37.9297 	EXP 	first_slider_2: markerPos = None
37.9297 	EXP 	first_slider_2: markerPos = None
37.9297 	EXP 	first_surpStimuli_2: autoDraw = True
37.9297 	EXP 	topQ_2: autoDraw = True
37.9297 	EXP 	first_slider_2: autoDraw = True
37.9420 	DATA 	Keypress: 8
38.0495 	EXP 	New trial (rep=0, index=11): OrderedDict([('surp_csv_name', 'csv_files/surprise_csv_files/surpriseTable_row52.csv')])
38.0564 	DEBUG 	Read csv file with pandas: csv_files/surprise_csv_files/surpriseTable_row52.csv
38.0574 	DEBUG 	Clearing unnamed columns from csv_files/surprise_csv_files/surpriseTable_row52.csv
38.0578 	EXP 	Imported csv_files/surprise_csv_files/surpriseTable_row52.csv as conditions, 1 conditions, 2 params
38.0581 	EXP 	Created sequence: random, trialTypes=1, nReps=1, seed=None
38.0583 	EXP 	New trial (rep=0, index=0): OrderedDict([('surpriseFaces', 'img/neutralC/CFD-AM-246-184-N.jpg'), ('new', 1)])
38.2188 	DATA 	Keypress: 8
38.2387 	EXP 	first_surpStimuli_2: autoDraw = False
38.2387 	EXP 	topQ_2: autoDraw = False
38.2387 	EXP 	first_slider_2: autoDraw = False
38.2387 	EXP 	first_surpStimuli: image = 'img/neutralC/CFD-LM-247-095-N.jpg'
38.2387 	EXP 	topQ: text = 'Old or New?'
38.2387 	EXP 	first_slider: markerPos = None
38.2387 	EXP 	first_slider: markerPos = None
38.2387 	EXP 	first_surpStimuli: autoDraw = False
38.2387 	EXP 	topQ: autoDraw = False
38.2387 	EXP 	first_slider: autoDraw = False
38.2387 	EXP 	first_surpStimuli_2: image = 'img/neutralC/CFD-AM-246-184-N.jpg'
38.2387 	EXP 	topQ_2: text = 'Old or New?'
38.2387 	EXP 	first_slider_2: markerPos = None
38.2387 	EXP 	first_slider_2: markerPos = None
38.2387 	EXP 	first_surpStimuli_2: autoDraw = True
38.2387 	EXP 	topQ_2: autoDraw = True
38.2387 	EXP 	first_slider_2: autoDraw = True
38.4797 	DATA 	Keypress: 8
38.6067 	EXP 	New trial (rep=0, index=12): OrderedDict([('surp_csv_name', 'csv_files/surprise_csv_files/surpriseTable_row118.csv')])
38.6129 	DEBUG 	Read csv file with pandas: csv_files/surprise_csv_files/surpriseTable_row118.csv
38.6136 	DEBUG 	Clearing unnamed columns from csv_files/surprise_csv_files/surpriseTable_row118.csv
38.6139 	EXP 	Imported csv_files/surprise_csv_files/surpriseTable_row118.csv as conditions, 1 conditions, 2 params
38.6142 	EXP 	Created sequence: random, trialTypes=1, nReps=1, seed=None
38.6144 	EXP 	New trial (rep=0, index=0): OrderedDict([('surpriseFaces', 'img/neutralC/CFD-WM-222-057-N.jpg'), ('new', 0)])
38.7784 	DATA 	Keypress: 8
38.8044 	EXP 	first_surpStimuli_2: autoDraw = False
38.8044 	EXP 	topQ_2: autoDraw = False
38.8044 	EXP 	first_slider_2: autoDraw = False
38.8044 	EXP 	first_surpStimuli: image = 'img/neutralC/CFD-AM-246-184-N.jpg'
38.8044 	EXP 	topQ: text = 'Old or New?'
38.8044 	EXP 	first_slider: markerPos = None
38.8044 	EXP 	first_slider: markerPos = None
38.8044 	EXP 	first_surpStimuli: autoDraw = False
38.8044 	EXP 	topQ: autoDraw = False
38.8044 	EXP 	first_slider: autoDraw = False
38.8044 	EXP 	first_surpStimuli_2: image = 'img/neutralC/CFD-WM-222-057-N.jpg'
38.8044 	EXP 	topQ_2: text = 'Old or New?'
38.8044 	EXP 	first_slider_2: markerPos = None
38.8044 	EXP 	first_slider_2: markerPos = None
38.8044 	EXP 	first_surpStimuli_2: autoDraw = True
38.8044 	EXP 	topQ_2: autoDraw = True
38.8044 	EXP 	first_slider_2: autoDraw = True
39.4408 	EXP 	New trial (rep=0, index=13): OrderedDict([('surp_csv_name', 'csv_files/surprise_csv_files/surpriseTable_row247.csv')])
39.4476 	DEBUG 	Read csv file with pandas: csv_files/surprise_csv_files/surpriseTable_row247.csv
39.4484 	DEBUG 	Clearing unnamed columns from csv_files/surprise_csv_files/surpriseTable_row247.csv
39.4487 	EXP 	Imported csv_files/surprise_csv_files/surpriseTable_row247.csv as conditions, 1 conditions, 2 params
39.4490 	EXP 	Created sequence: random, trialTypes=1, nReps=1, seed=None
39.4493 	EXP 	New trial (rep=0, index=0): OrderedDict([('surpriseFaces', 'img/neutralC/CFD-LM-246-087-N.jpg'), ('new', 0)])
39.5980 	DATA 	Keypress: 8
39.5989 	DATA 	Keypress: 1
39.6201 	EXP 	first_surpStimuli_2: autoDraw = False
39.6201 	EXP 	topQ_2: autoDraw = False
39.6201 	EXP 	first_slider_2: autoDraw = False
39.6201 	EXP 	first_surpStimuli: image = 'img/neutralC/CFD-WM-222-057-N.jpg'
39.6201 	EXP 	topQ: text = 'Old or New?'
39.6201 	EXP 	first_slider: markerPos = None
39.6201 	EXP 	first_slider: markerPos = None
39.6201 	EXP 	first_surpStimuli: autoDraw = False
39.6201 	EXP 	topQ: autoDraw = False
39.6201 	EXP 	first_slider: autoDraw = False
39.6201 	EXP 	first_surpStimuli_2: image = 'img/neutralC/CFD-LM-246-087-N.jpg'
39.6201 	EXP 	topQ_2: text = 'Old or New?'
39.6201 	EXP 	first_slider_2: markerPos = None
39.6201 	EXP 	first_slider_2: markerPos = None
39.6201 	EXP 	first_surpStimuli_2: autoDraw = True
39.6201 	EXP 	topQ_2: autoDraw = True
39.6201 	EXP 	first_slider_2: autoDraw = True
39.7689 	DATA 	Keypress: 8
39.8805 	EXP 	New trial (rep=0, index=14): OrderedDict([('surp_csv_name', 'csv_files/surprise_csv_files/surpriseTable_row233.csv')])
39.8861 	DEBUG 	Read csv file with pandas: csv_files/surprise_csv_files/surpriseTable_row233.csv
39.8869 	DEBUG 	Clearing unnamed columns from csv_files/surprise_csv_files/surpriseTable_row233.csv
39.8872 	EXP 	Imported csv_files/surprise_csv_files/surpriseTable_row233.csv as conditions, 1 conditions, 2 params
39.8875 	EXP 	Created sequence: random, trialTypes=1, nReps=1, seed=None
39.8877 	EXP 	New trial (rep=0, index=0): OrderedDict([('surpriseFaces', 'img/neutralC/CFD-WF-240-083-N.jpg'), ('new', 0)])
40.0440 	EXP 	first_surpStimuli_2: autoDraw = False
40.0440 	EXP 	topQ_2: autoDraw = False
40.0440 	EXP 	first_slider_2: autoDraw = False
40.0440 	EXP 	first_surpStimuli: image = 'img/neutralC/CFD-LM-246-087-N.jpg'
40.0440 	EXP 	topQ: text = 'Old or New?'
40.0440 	EXP 	first_slider: markerPos = None
40.0440 	EXP 	first_slider: markerPos = None
40.0440 	EXP 	first_surpStimuli: autoDraw = False
40.0440 	EXP 	topQ: autoDraw = False
40.0440 	EXP 	first_slider: autoDraw = False
40.0440 	EXP 	first_surpStimuli_2: image = 'img/neutralC/CFD-WF-240-083-N.jpg'
40.0440 	EXP 	topQ_2: text = 'Old or New?'
40.0440 	EXP 	first_slider_2: markerPos = None
40.0440 	EXP 	first_slider_2: markerPos = None
40.0440 	EXP 	first_surpStimuli_2: autoDraw = True
40.0440 	EXP 	topQ_2: autoDraw = True
40.0440 	EXP 	first_slider_2: autoDraw = True
40.1507 	EXP 	New trial (rep=0, index=15): OrderedDict([('surp_csv_name', 'csv_files/surprise_csv_files/surpriseTable_row230.csv')])
40.1569 	DEBUG 	Read csv file with pandas: csv_files/surprise_csv_files/surpriseTable_row230.csv
40.1577 	DEBUG 	Clearing unnamed columns from csv_files/surprise_csv_files/surpriseTable_row230.csv
40.1580 	EXP 	Imported csv_files/surprise_csv_files/surpriseTable_row230.csv as conditions, 1 conditions, 2 params
40.1583 	EXP 	Created sequence: random, trialTypes=1, nReps=1, seed=None
40.1585 	EXP 	New trial (rep=0, index=0): OrderedDict([('surpriseFaces', 'img/neutralC/CFD-IM-719-221-N.jpg'), ('new', 1)])
40.2947 	DATA 	Keypress: 1
40.3141 	DATA 	Keypress: 8
40.3175 	EXP 	first_surpStimuli_2: autoDraw = False
40.3175 	EXP 	topQ_2: autoDraw = False
40.3175 	EXP 	first_slider_2: autoDraw = False
40.3175 	EXP 	first_surpStimuli: image = 'img/neutralC/CFD-WF-240-083-N.jpg'
40.3175 	EXP 	topQ: text = 'Old or New?'
40.3175 	EXP 	first_slider: markerPos = None
40.3175 	EXP 	first_slider: markerPos = None
40.3175 	EXP 	first_surpStimuli: autoDraw = False
40.3175 	EXP 	topQ: autoDraw = False
40.3175 	EXP 	first_slider: autoDraw = False
40.3175 	EXP 	first_surpStimuli_2: image = 'img/neutralC/CFD-IM-719-221-N.jpg'
40.3175 	EXP 	topQ_2: text = 'Old or New?'
40.3175 	EXP 	first_slider_2: markerPos = None
40.3175 	EXP 	first_slider_2: markerPos = None
40.3175 	EXP 	first_surpStimuli_2: autoDraw = True
40.3175 	EXP 	topQ_2: autoDraw = True
40.3175 	EXP 	first_slider_2: autoDraw = True
41.3685 	DATA 	Keypress: escape
41.8425 	EXP 	window1: mouseVisible = True
41.8440 	DEBUG 	Saving data for mfe_flanker_v1 ExperimentHandler
41.8511 	INFO 	saved data to C:\Users\kihossei\Documents\GitHub\memory-for-error-dataset\materials\experiments\mfeFlanker\data/0001_mfe_flanker_v1_2022-08-11_12h14.29.221.psydat
41.8563 	INFO 	saved data to 'C:\\Users\\kihossei\\Documents\\GitHub\\memory-for-error-dataset\\materials\\experiments\\mfeFlanker\\data/0001_mfe_flanker_v1_2022-08-11_12h14.29.221.csv'
