1.0852 	WARNING 	We strongly recommend you activate the PTB sound engine in PsychoPy prefs as the preferred audio engine. Its timing is vastly superior. Your prefs are currently set to use ['sounddevice', 'PTB', 'pyo', 'pygame'] (in that order).
8.0817 	INFO 	Loaded monitor calibration from ['2022_01_06 13:13']
8.0826 	ERROR 	'0.5000, 0.5000, 0.5000' is not a valid rgb color
8.0908 	WARNING 	User requested fullscreen with size [1440  900], but screen is actually [1920, 1080]. Using actual size
8.9178 	EXP 	Created window1 = Window(allowGUI=False, allowStencil=False, autoLog=True, backendConf=UNKNOWN, bitsMode=UNKNOWN, blendMode='avg', bpc=(8, 8, 8), color=array([0, 0, 0]), colorSpace='rgb', depthBits=8, fullscr=<method-wrapper '__getattribute__' of attributeSetter object at 0x7fbbaf60aa90>, gamma=None, gammaErrorPolicy='raise', lms=UNKNOWN, monitor=<psychopy.monitors.calibTools.Monitor object at 0x7fbbcde45748>, multiSample=False, name='window1', numSamples=2, pos=[0.0, 0.0], screen=0, size=array([1920, 1080]), stencilBits=0, stereo=False, units='height', useFBO=True, useRetina=False, viewOri=0.0, viewPos=None, viewScale=None, waitBlanking=True, winType='pyglet')
8.9181 	EXP 	window1: mouseVisible = True
8.9182 	EXP 	window1: recordFrameIntervals = False
9.0837 	EXP 	window1: recordFrameIntervals = True
9.2666 	DEBUG 	Screen (0) actual frame rate measured at 59.96
9.2667 	EXP 	window1: recordFrameIntervals = False
10.8626 	INFO 	keyboard.Keyboard is using ptb backend.
10.9513 	EXP 	Created welcome_text = TextStim(__class__=<class 'psychopy.visual.text.TextStim'>, alignHoriz=method-wrapper(...), alignText='center', alignVert=method-wrapper(...), anchorHoriz='center', anchorVert='center', antialias=True, autoLog=True, bold=False, color=array([1., 1., 1.]), colorSpace='rgb', contrast=1.0, depth=0.0, flipHoriz=False, flipVert=False, font='Arial', fontFiles=[], height=0.04, italic=False, languageStyle='LTR', name='welcome_text', opacity=1, ori=0, pos=array([0., 0.]), rgb=UNKNOWN, text=str(...), units='height', win=Window(...), wrapWidth=1.3)
11.2323 	INFO 	keyboard.Keyboard is using ptb backend.
11.2436 	EXP 	Created instructRight_text = TextStim(__class__=<class 'psychopy.visual.text.TextStim'>, alignHoriz=method-wrapper(...), alignText='center', alignVert=method-wrapper(...), anchorHoriz='center', anchorVert='center', antialias=True, autoLog=True, bold=False, color=array([1., 1., 1.]), colorSpace='rgb', contrast=1.0, depth=0.0, flipHoriz=False, flipVert=False, font='Arial', fontFiles=[], height=0.04, italic=False, languageStyle='LTR', name='instructRight_text', opacity=1, ori=0, pos=array([0., 0.]), rgb=UNKNOWN, text=str(...), units='height', win=Window(...), wrapWidth=1.3)
11.2874 	EXP 	Created instructRight_centerImg = ImageStim(__class__=<class 'psychopy.visual.image.ImageStim'>, autoLog=True, color=array([1., 1., 1.]), colorSpace='rgb', contrast=1.0, depth=-1.0, flipHoriz=False, flipVert=False, image='img/renders/face000_45.png', interpolate=True, mask=None, maskParams=None, name='instructRight_centerImg', opacity=1, ori=0.0, pos=array([ 0. , -0.3]), size=array([0.18, 0.18]), texRes=512, units='height', win=Window(...))
11.3067 	EXP 	Created instructRight_rightImg1 = ImageStim(__class__=<class 'psychopy.visual.image.ImageStim'>, autoLog=True, color=array([1., 1., 1.]), colorSpace='rgb', contrast=1.0, depth=-2.0, flipHoriz=False, flipVert=False, image='img/renders/face000_45.png', interpolate=True, mask=None, maskParams=None, name='instructRight_rightImg1', opacity=1, ori=0.0, pos=array([ 0.13, -0.3 ]), size=array([0.18, 0.18]), texRes=512, units='height', win=Window(...))
11.3265 	EXP 	Created instructRight_leftImg1 = ImageStim(__class__=<class 'psychopy.visual.image.ImageStim'>, autoLog=True, color=array([1., 1., 1.]), colorSpace='rgb', contrast=1.0, depth=-3.0, flipHoriz=False, flipVert=False, image='img/renders/face000_45.png', interpolate=True, mask=None, maskParams=None, name='instructRight_leftImg1', opacity=1, ori=0.0, pos=array([-0.13, -0.3 ]), size=array([0.18, 0.18]), texRes=512, units='height', win=Window(...))
11.6140 	INFO 	keyboard.Keyboard is using ptb backend.
11.6230 	EXP 	Created instructLeft_text = TextStim(__class__=<class 'psychopy.visual.text.TextStim'>, alignHoriz=method-wrapper(...), alignText='center', alignVert=method-wrapper(...), anchorHoriz='center', anchorVert='center', antialias=True, autoLog=True, bold=False, color=array([1., 1., 1.]), colorSpace='rgb', contrast=1.0, depth=0.0, flipHoriz=False, flipVert=False, font='Arial', fontFiles=[], height=0.04, italic=False, languageStyle='LTR', name='instructLeft_text', opacity=1, ori=0, pos=array([0., 0.]), rgb=UNKNOWN, text=str(...), units='height', win=Window(...), wrapWidth=1.3)
11.6432 	EXP 	Created instructLeft_centerImg = ImageStim(__class__=<class 'psychopy.visual.image.ImageStim'>, autoLog=True, color=array([1., 1., 1.]), colorSpace='rgb', contrast=1.0, depth=-1.0, flipHoriz=False, flipVert=False, image='img/renders/face000_-45.png', interpolate=True, mask=None, maskParams=None, name='instructLeft_centerImg', opacity=1, ori=0.0, pos=array([ 0. , -0.3]), size=array([0.18, 0.18]), texRes=512, units='height', win=Window(...))
11.6643 	EXP 	Created instructLeft_rightImg1 = ImageStim(__class__=<class 'psychopy.visual.image.ImageStim'>, autoLog=True, color=array([1., 1., 1.]), colorSpace='rgb', contrast=1.0, depth=-2.0, flipHoriz=False, flipVert=False, image='img/renders/face000_-45.png', interpolate=True, mask=None, maskParams=None, name='instructLeft_rightImg1', opacity=1, ori=0.0, pos=array([ 0.13, -0.3 ]), size=array([0.18, 0.18]), texRes=512, units='height', win=Window(...))
11.6871 	EXP 	Created instructLeft_leftImg1 = ImageStim(__class__=<class 'psychopy.visual.image.ImageStim'>, autoLog=True, color=array([1., 1., 1.]), colorSpace='rgb', contrast=1.0, depth=-3.0, flipHoriz=False, flipVert=False, image='img/renders/face000_-45.png', interpolate=True, mask=None, maskParams=None, name='instructLeft_leftImg1', opacity=1, ori=0.0, pos=array([-0.13, -0.3 ]), size=array([0.18, 0.18]), texRes=512, units='height', win=Window(...))
11.9754 	INFO 	keyboard.Keyboard is using ptb backend.
11.9995 	EXP 	Created instructInconRight_text = TextStim(__class__=<class 'psychopy.visual.text.TextStim'>, alignHoriz=method-wrapper(...), alignText='center', alignVert=method-wrapper(...), anchorHoriz='center', anchorVert='center', antialias=True, autoLog=True, bold=False, color=array([1., 1., 1.]), colorSpace='rgb', contrast=1.0, depth=0.0, flipHoriz=False, flipVert=False, font='Arial', fontFiles=[], height=0.04, italic=False, languageStyle='LTR', name='instructInconRight_text', opacity=1, ori=0, pos=array([0., 0.]), rgb=UNKNOWN, text=str(...), units='height', win=Window(...), wrapWidth=1.3)
12.0244 	EXP 	Created instructIncon_centerImg = ImageStim(__class__=<class 'psychopy.visual.image.ImageStim'>, autoLog=True, color=array([1., 1., 1.]), colorSpace='rgb', contrast=1.0, depth=-1.0, flipHoriz=False, flipVert=False, image='img/renders/face000_45.png', interpolate=True, mask=None, maskParams=None, name='instructIncon_centerImg', opacity=1, ori=0.0, pos=array([ 0.058, -0.3  ]), size=array([0.18, 0.18]), texRes=512, units='height', win=Window(...))
12.0541 	EXP 	Created instructIncon_rightImg1 = ImageStim(__class__=<class 'psychopy.visual.image.ImageStim'>, autoLog=True, color=array([1., 1., 1.]), colorSpace='rgb', contrast=1.0, depth=-2.0, flipHoriz=False, flipVert=False, image='img/renders/face000_-45.png', interpolate=True, mask=None, maskParams=None, name='instructIncon_rightImg1', opacity=1, ori=0.0, pos=array([ 0.14, -0.3 ]), size=array([0.18, 0.18]), texRes=512, units='height', win=Window(...))
12.0783 	EXP 	Created instructIncon_leftImg1 = ImageStim(__class__=<class 'psychopy.visual.image.ImageStim'>, autoLog=True, color=array([1., 1., 1.]), colorSpace='rgb', contrast=1.0, depth=-3.0, flipHoriz=False, flipVert=False, image='img/renders/face000_-45.png', interpolate=True, mask=None, maskParams=None, name='instructIncon_leftImg1', opacity=1, ori=0.0, pos=array([-0.13, -0.3 ]), size=array([0.18, 0.18]), texRes=512, units='height', win=Window(...))
12.3742 	INFO 	keyboard.Keyboard is using ptb backend.
12.3830 	EXP 	Created instructInconLeft_text = TextStim(__class__=<class 'psychopy.visual.text.TextStim'>, alignHoriz=method-wrapper(...), alignText='center', alignVert=method-wrapper(...), anchorHoriz='center', anchorVert='center', antialias=True, autoLog=True, bold=False, color=array([1., 1., 1.]), colorSpace='rgb', contrast=1.0, depth=0.0, flipHoriz=False, flipVert=False, font='Arial', fontFiles=[], height=0.04, italic=False, languageStyle='LTR', name='instructInconLeft_text', opacity=1, ori=0, pos=array([0., 0.]), rgb=UNKNOWN, text=str(...), units='height', win=Window(...), wrapWidth=1.3)
12.4035 	EXP 	Created instructInconLeft_centerImg = ImageStim(__class__=<class 'psychopy.visual.image.ImageStim'>, autoLog=True, color=array([1., 1., 1.]), colorSpace='rgb', contrast=1.0, depth=-1.0, flipHoriz=False, flipVert=False, image='img/renders/face000_-45.png', interpolate=True, mask=None, maskParams=None, name='instructInconLeft_centerImg', opacity=1, ori=0.0, pos=array([-0.058, -0.3  ]), size=array([0.18, 0.18]), texRes=512, units='height', win=Window(...))
12.4224 	EXP 	Created instructInconLeft_rightImg1 = ImageStim(__class__=<class 'psychopy.visual.image.ImageStim'>, autoLog=True, color=array([1., 1., 1.]), colorSpace='rgb', contrast=1.0, depth=-2.0, flipHoriz=False, flipVert=False, image='img/renders/face000_45.png', interpolate=True, mask=None, maskParams=None, name='instructInconLeft_rightImg1', opacity=1, ori=0.0, pos=array([ 0.13, -0.3 ]), size=array([0.18, 0.18]), texRes=512, units='height', win=Window(...))
12.4419 	EXP 	Created instructInconLeft_leftImg1 = ImageStim(__class__=<class 'psychopy.visual.image.ImageStim'>, autoLog=True, color=array([1., 1., 1.]), colorSpace='rgb', contrast=1.0, depth=-3.0, flipHoriz=False, flipVert=False, image='img/renders/face000_45.png', interpolate=True, mask=None, maskParams=None, name='instructInconLeft_leftImg1', opacity=1, ori=0.0, pos=array([-0.13, -0.3 ]), size=array([0.18, 0.18]), texRes=512, units='height', win=Window(...))
12.7245 	INFO 	keyboard.Keyboard is using ptb backend.
12.7319 	EXP 	Created prac_blockText = TextStim(__class__=<class 'psychopy.visual.text.TextStim'>, alignHoriz=method-wrapper(...), alignText='center', alignVert=method-wrapper(...), anchorHoriz='center', anchorVert='center', antialias=True, autoLog=True, bold=False, color=array([1., 1., 1.]), colorSpace='rgb', contrast=1.0, depth=-1.0, flipHoriz=False, flipVert=False, font='Arial', fontFiles=[], height=0.06, italic=False, languageStyle='LTR', name='prac_blockText', opacity=1, ori=0.0, pos=array([0. , 0.3]), rgb=UNKNOWN, text='Practice', units='height', win=Window(...), wrapWidth=1.3)
12.7488 	EXP 	Created prac_reminder_text = TextStim(__class__=<class 'psychopy.visual.text.TextStim'>, alignHoriz=method-wrapper(...), alignText='center', alignVert=method-wrapper(...), anchorHoriz='center', anchorVert='center', antialias=True, autoLog=True, bold=False, color=array([1., 1., 1.]), colorSpace='rgb', contrast=1.0, depth=-2.0, flipHoriz=False, flipVert=False, font='Arial', fontFiles=[], height=0.04, italic=False, languageStyle='LTR', name='prac_reminder_text', opacity=1, ori=0, pos=array([0., 0.]), rgb=UNKNOWN, text=str(...), units='height', win=Window(...), wrapWidth=1.3)
13.0512 	INFO 	keyboard.Keyboard is using ptb backend.
13.0561 	EXP 	Created initFixation_img = ImageStim(__class__=<class 'psychopy.visual.image.ImageStim'>, autoLog=True, color=array([1., 1., 1.]), colorSpace='rgb', contrast=1.0, depth=0.0, flipHoriz=False, flipVert=False, image='sin', interpolate=True, mask=None, maskParams=None, name='initFixation_img', opacity=1, ori=0.0, pos=array([ 0.  , -0.05]), size=array([0.015, 0.015]), texRes=512, units='height', win=Window(...))
13.0607 	EXP 	Created prac_centerImg = ImageStim(__class__=<class 'psychopy.visual.image.ImageStim'>, autoLog=True, color=array([1., 1., 1.]), colorSpace='rgb', contrast=1.0, depth=-1.0, flipHoriz=False, flipVert=False, image='sin', interpolate=True, mask=None, maskParams=None, name='prac_centerImg', opacity=1, ori=0.0, pos=array([0., 0.]), size=array([0.18, 0.18]), texRes=512, units='height', win=Window(...))
13.0654 	EXP 	Created prac_rightImg1 = ImageStim(__class__=<class 'psychopy.visual.image.ImageStim'>, autoLog=True, color=array([1., 1., 1.]), colorSpace='rgb', contrast=1.0, depth=-2.0, flipHoriz=False, flipVert=False, image='sin', interpolate=True, mask=None, maskParams=None, name='prac_rightImg1', opacity=1, ori=0.0, pos=array([0., 0.]), size=array([0.18, 0.18]), texRes=512, units='height', win=Window(...))
13.0701 	EXP 	Created prac_leftImg1 = ImageStim(__class__=<class 'psychopy.visual.image.ImageStim'>, autoLog=True, color=array([1., 1., 1.]), colorSpace='rgb', contrast=1.0, depth=-3.0, flipHoriz=False, flipVert=False, image='sin', interpolate=True, mask=None, maskParams=None, name='prac_leftImg1', opacity=1, ori=0.0, pos=array([0., 0.]), size=array([0.18, 0.18]), texRes=512, units='height', win=Window(...))
13.0750 	EXP 	Created prac_fixImg = ImageStim(__class__=<class 'psychopy.visual.image.ImageStim'>, autoLog=True, color=array([1., 1., 1.]), colorSpace='rgb', contrast=1.0, depth=-4.0, flipHoriz=False, flipVert=False, image='sin', interpolate=True, mask=None, maskParams=None, name='prac_fixImg', opacity=1, ori=0.0, pos=array([ 0.  , -0.05]), size=array([0.015, 0.015]), texRes=512, units='height', win=Window(...))
13.3598 	INFO 	keyboard.Keyboard is using ptb backend.
13.3614 	EXP 	Created prac_blockFeed_text = TextStim(__class__=<class 'psychopy.visual.text.TextStim'>, alignHoriz=method-wrapper(...), alignText='center', alignVert=method-wrapper(...), anchorHoriz='center', anchorVert='center', antialias=True, autoLog=True, bold=False, color=array([1., 1., 1.]), colorSpace='rgb', contrast=1.0, depth=-1.0, flipHoriz=False, flipVert=False, font='Arial', fontFiles=[], height=0.04, italic=False, languageStyle='LTR', name='prac_blockFeed_text', opacity=1, ori=0, pos=array([0., 0.]), rgb=UNKNOWN, text='', units='height', win=Window(...), wrapWidth=1.3)
13.3660 	EXP 	Created prac_pressContinue = TextStim(__class__=<class 'psychopy.visual.text.TextStim'>, alignHoriz=method-wrapper(...), alignText='center', alignVert=method-wrapper(...), anchorHoriz='center', anchorVert='center', antialias=True, autoLog=True, bold=False, color=array([1., 1., 1.]), colorSpace='rgb', contrast=1.0, depth=-2.0, flipHoriz=False, flipVert=False, font='Arial', fontFiles=[], height=0.04, italic=False, languageStyle='LTR', name='prac_pressContinue', opacity=1, ori=0.0, pos=array([ 0. , -0.3]), rgb=UNKNOWN, text='Press the right key', units='height', win=Window(...), wrapWidth=1.3)
13.6582 	INFO 	keyboard.Keyboard is using ptb backend.
13.6599 	EXP 	Created instructMainTask_text = TextStim(__class__=<class 'psychopy.visual.text.TextStim'>, alignHoriz=method-wrapper(...), alignText='center', alignVert=method-wrapper(...), anchorHoriz='center', anchorVert='center', antialias=True, autoLog=True, bold=False, color=array([1., 1., 1.]), colorSpace='rgb', contrast=1.0, depth=0.0, flipHoriz=False, flipVert=False, font='Arial', fontFiles=[], height=0.04, italic=False, languageStyle='LTR', name='instructMainTask_text', opacity=1, ori=0, pos=array([0., 0.]), rgb=UNKNOWN, text='', units='height', win=Window(...), wrapWidth=1.3)
13.9489 	INFO 	keyboard.Keyboard is using ptb backend.
13.9512 	EXP 	Created task_blockText = TextStim(__class__=<class 'psychopy.visual.text.TextStim'>, alignHoriz=method-wrapper(...), alignText='center', alignVert=method-wrapper(...), anchorHoriz='center', anchorVert='center', antialias=True, autoLog=True, bold=False, color=array([1., 1., 1.]), colorSpace='rgb', contrast=1.0, depth=-1.0, flipHoriz=False, flipVert=False, font='Arial', fontFiles=[], height=0.06, italic=False, languageStyle='LTR', name='task_blockText', opacity=1, ori=0.0, pos=array([0. , 0.3]), rgb=UNKNOWN, text='', units='height', win=Window(...), wrapWidth=1.3)
13.9643 	EXP 	Created task_blockReminders_text = TextStim(__class__=<class 'psychopy.visual.text.TextStim'>, alignHoriz=method-wrapper(...), alignText='center', alignVert=method-wrapper(...), anchorHoriz='center', anchorVert='center', antialias=True, autoLog=True, bold=False, color=array([1., 1., 1.]), colorSpace='rgb', contrast=1.0, depth=-2.0, flipHoriz=False, flipVert=False, font='Arial', fontFiles=[], height=0.04, italic=False, languageStyle='LTR', name='task_blockReminders_text', opacity=1, ori=0, pos=array([0., 0.]), rgb=UNKNOWN, text=str(...), units='height', win=Window(...), wrapWidth=1.3)
14.2668 	INFO 	keyboard.Keyboard is using ptb backend.
14.2710 	EXP 	Created initFixation_img = ImageStim(__class__=<class 'psychopy.visual.image.ImageStim'>, autoLog=True, color=array([1., 1., 1.]), colorSpace='rgb', contrast=1.0, depth=0.0, flipHoriz=False, flipVert=False, image='sin', interpolate=True, mask=None, maskParams=None, name='initFixation_img', opacity=1, ori=0.0, pos=array([ 0.  , -0.05]), size=array([0.015, 0.015]), texRes=512, units='height', win=Window(...))
14.2767 	EXP 	Created task_centerImg = ImageStim(__class__=<class 'psychopy.visual.image.ImageStim'>, autoLog=True, color=array([1., 1., 1.]), colorSpace='rgb', contrast=1.0, depth=-1.0, flipHoriz=False, flipVert=False, image='sin', interpolate=True, mask=None, maskParams=None, name='task_centerImg', opacity=1, ori=0.0, pos=array([0., 0.]), size=array([0.18, 0.18]), texRes=512, units='height', win=Window(...))
14.2813 	EXP 	Created task_rightImg1 = ImageStim(__class__=<class 'psychopy.visual.image.ImageStim'>, autoLog=True, color=array([1., 1., 1.]), colorSpace='rgb', contrast=1.0, depth=-2.0, flipHoriz=False, flipVert=False, image='sin', interpolate=True, mask=None, maskParams=None, name='task_rightImg1', opacity=1, ori=0.0, pos=array([0., 0.]), size=array([0.18, 0.18]), texRes=512, units='height', win=Window(...))
14.2876 	EXP 	Created task_leftImg1 = ImageStim(__class__=<class 'psychopy.visual.image.ImageStim'>, autoLog=True, color=array([1., 1., 1.]), colorSpace='rgb', contrast=1.0, depth=-3.0, flipHoriz=False, flipVert=False, image='sin', interpolate=True, mask=None, maskParams=None, name='task_leftImg1', opacity=1, ori=0.0, pos=array([0., 0.]), size=array([0.18, 0.18]), texRes=512, units='height', win=Window(...))
14.2946 	EXP 	Created task_fixImg = ImageStim(__class__=<class 'psychopy.visual.image.ImageStim'>, autoLog=True, color=array([1., 1., 1.]), colorSpace='rgb', contrast=1.0, depth=-4.0, flipHoriz=False, flipVert=False, image='sin', interpolate=True, mask=None, maskParams=None, name='task_fixImg', opacity=1, ori=0.0, pos=array([ 0.  , -0.05]), size=array([0.015, 0.015]), texRes=512, units='height', win=Window(...))
14.6302 	INFO 	keyboard.Keyboard is using ptb backend.
14.6321 	EXP 	Created task_blockFeed_text = TextStim(__class__=<class 'psychopy.visual.text.TextStim'>, alignHoriz=method-wrapper(...), alignText='center', alignVert=method-wrapper(...), anchorHoriz='center', anchorVert='center', antialias=True, autoLog=True, bold=False, color=array([1., 1., 1.]), colorSpace='rgb', contrast=1.0, depth=-1.0, flipHoriz=False, flipVert=False, font='Arial', fontFiles=[], height=0.12, italic=False, languageStyle='LTR', name='task_blockFeed_text', opacity=1, ori=0, pos=array([0. , 0.1]), rgb=UNKNOWN, text='', units='height', win=Window(...), wrapWidth=1.8)
14.6340 	EXP 	Created task_blockFeed_text2 = TextStim(__class__=<class 'psychopy.visual.text.TextStim'>, alignHoriz=method-wrapper(...), alignText='center', alignVert=method-wrapper(...), anchorHoriz='center', anchorVert='center', antialias=True, autoLog=True, bold=False, color=array([1., 1., 1.]), colorSpace='rgb', contrast=1.0, depth=-2.0, flipHoriz=False, flipVert=False, font='Arial', fontFiles=[], height=0.04, italic=False, languageStyle='LTR', name='task_blockFeed_text2', opacity=1, ori=0, pos=array([ 0. , -0.3]), rgb=UNKNOWN, text='', units='height', win=Window(...), wrapWidth=1.3)
14.9351 	INFO 	keyboard.Keyboard is using ptb backend.
14.9883 	EXP 	Created instruct_surprise1 = TextStim(__class__=<class 'psychopy.visual.text.TextStim'>, alignHoriz=method-wrapper(...), alignText='center', alignVert=method-wrapper(...), anchorHoriz='center', anchorVert='center', antialias=True, autoLog=True, bold=False, color=array([1., 1., 1.]), colorSpace='rgb', contrast=1.0, depth=0.0, flipHoriz=False, flipVert=False, font='Open Sans', fontFiles=[], height=0.04, italic=False, languageStyle='LTR', name='instruct_surprise1', opacity=1, ori=0.0, pos=array([0., 0.]), rgb=UNKNOWN, text=str(...), units='height', win=Window(...), wrapWidth=1)
15.2968 	INFO 	keyboard.Keyboard is using ptb backend.
15.2987 	EXP 	Created instructMainTask_text = TextStim(__class__=<class 'psychopy.visual.text.TextStim'>, alignHoriz=method-wrapper(...), alignText='center', alignVert=method-wrapper(...), anchorHoriz='center', anchorVert='center', antialias=True, autoLog=True, bold=False, color=array([1., 1., 1.]), colorSpace='rgb', contrast=1.0, depth=0.0, flipHoriz=False, flipVert=False, font='Arial', fontFiles=[], height=0.04, italic=False, languageStyle='LTR', name='instructMainTask_text', opacity=1, ori=0, pos=array([0., 0.]), rgb=UNKNOWN, text='', units='height', win=Window(...), wrapWidth=1.3)
15.5860 	INFO 	keyboard.Keyboard is using ptb backend.
15.5911 	EXP 	Created stimulus = ImageStim(__class__=<class 'psychopy.visual.image.ImageStim'>, autoLog=True, color=array([1., 1., 1.]), colorSpace='rgb', contrast=1.0, depth=0.0, flipHoriz=False, flipVert=False, image='sin', interpolate=True, mask=None, maskParams=None, name='stimulus', opacity=1, ori=0.0, pos=array([0. , 0.2]), size=array([0.5, 0.5]), texRes=128.0, units='height', win=Window(...))
15.5931 	EXP 	Created instructsurpA1_right = TextStim(__class__=<class 'psychopy.visual.text.TextStim'>, alignHoriz=method-wrapper(...), alignText='center', alignVert=method-wrapper(...), anchorHoriz='center', anchorVert='center', antialias=True, autoLog=True, bold=False, color=array([1., 1., 1.]), colorSpace='rgb', contrast=1.0, depth=-1.0, flipHoriz=False, flipVert=False, font='Open Sans', fontFiles=[], height=0.025, italic=False, languageStyle='LTR', name='instructsurpA1_right', opacity=1, ori=0.0, pos=array([0., 0.]), rgb=UNKNOWN, text='', units='height', win=Window(...), wrapWidth=1)
15.5950 	EXP 	Created instructsurpA2_left = TextStim(__class__=<class 'psychopy.visual.text.TextStim'>, alignHoriz=method-wrapper(...), alignText='center', alignVert=method-wrapper(...), anchorHoriz='center', anchorVert='center', antialias=True, autoLog=True, bold=False, color=array([1., 1., 1.]), colorSpace='rgb', contrast=1.0, depth=-2.0, flipHoriz=False, flipVert=False, font='Open Sans', fontFiles=[], height=0.025, italic=False, languageStyle='LTR', name='instructsurpA2_left', opacity=1, ori=0.0, pos=array([-0.4 , -0.03]), rgb=UNKNOWN, text='', units='height', win=Window(...), wrapWidth=1)
15.8719 	INFO 	keyboard.Keyboard is using ptb backend.
15.8851 	EXP 	Created finishMessage_text = TextStim(__class__=<class 'psychopy.visual.text.TextStim'>, alignHoriz=method-wrapper(...), alignText='center', alignVert=method-wrapper(...), anchorHoriz='center', anchorVert='center', antialias=True, autoLog=True, bold=False, color=array([1., 1., 1.]), colorSpace='rgb', contrast=1.0, depth=0.0, flipHoriz=False, flipVert=False, font='Arial', fontFiles=[], height=0.04, italic=False, languageStyle='LTR', name='finishMessage_text', opacity=1, ori=0, pos=array([0., 0.]), rgb=UNKNOWN, text='Thank you for your participation!', units='height', win=Window(...), wrapWidth=1.3)
15.8952 	EXP 	welcome_text: autoDraw = True
17.8292 	DATA 	Keypress: 8
17.8359 	EXP 	welcome_text: autoDraw = False
17.8359 	EXP 	instructRight_text: autoDraw = True
17.8359 	EXP 	instructRight_centerImg: autoDraw = True
17.8359 	EXP 	instructRight_rightImg1: autoDraw = True
17.8359 	EXP 	instructRight_leftImg1: autoDraw = True
18.4878 	DATA 	Keypress: 8
18.4968 	EXP 	instructRight_text: autoDraw = False
18.4968 	EXP 	instructRight_centerImg: autoDraw = False
18.4968 	EXP 	instructRight_rightImg1: autoDraw = False
18.4968 	EXP 	instructRight_leftImg1: autoDraw = False
18.4968 	EXP 	instructLeft_text: autoDraw = True
18.4968 	EXP 	instructLeft_centerImg: autoDraw = True
18.4968 	EXP 	instructLeft_rightImg1: autoDraw = True
18.4968 	EXP 	instructLeft_leftImg1: autoDraw = True
18.8522 	DATA 	Keypress: 1
18.8637 	EXP 	instructLeft_text: autoDraw = False
18.8637 	EXP 	instructLeft_centerImg: autoDraw = False
18.8637 	EXP 	instructLeft_rightImg1: autoDraw = False
18.8637 	EXP 	instructLeft_leftImg1: autoDraw = False
18.8637 	EXP 	instructInconRight_text: autoDraw = True
18.8637 	EXP 	instructIncon_centerImg: autoDraw = True
18.8637 	EXP 	instructIncon_rightImg1: autoDraw = True
18.8637 	EXP 	instructIncon_leftImg1: autoDraw = True
19.3018 	DATA 	Keypress: 8
19.3131 	EXP 	instructInconRight_text: autoDraw = False
19.3131 	EXP 	instructIncon_centerImg: autoDraw = False
19.3131 	EXP 	instructIncon_rightImg1: autoDraw = False
19.3131 	EXP 	instructIncon_leftImg1: autoDraw = False
19.3131 	EXP 	instructInconLeft_text: autoDraw = True
19.3131 	EXP 	instructInconLeft_centerImg: autoDraw = True
19.3131 	EXP 	instructInconLeft_rightImg1: autoDraw = True
19.3131 	EXP 	instructInconLeft_leftImg1: autoDraw = True
19.7034 	DEBUG 	Read csv file with pandas: blockSelect_practice.csv
19.7063 	DEBUG 	Clearing unnamed columns from blockSelect_practice.csv
19.7066 	EXP 	Imported blockSelect_practice.csv as conditions, 1 conditions, 1 params
19.7190 	EXP 	Created sequence: random, trialTypes=1, nReps=999, seed=None
19.7246 	EXP 	New trial (rep=0, index=0): OrderedDict([('whichBlock', 'trialTable_practice.csv')])
19.7290 	DATA 	Keypress: 1
19.7328 	EXP 	instructInconLeft_text: autoDraw = False
19.7328 	EXP 	instructInconLeft_centerImg: autoDraw = False
19.7328 	EXP 	instructInconLeft_rightImg1: autoDraw = False
19.7328 	EXP 	instructInconLeft_leftImg1: autoDraw = False
19.7328 	EXP 	prac_blockText: autoDraw = True
19.7328 	EXP 	prac_reminder_text: autoDraw = True
20.3044 	DATA 	Keypress: 8
20.3092 	EXP 	prac_blockText: autoDraw = False
20.3092 	EXP 	prac_reminder_text: autoDraw = False
20.3092 	EXP 	initFixation_img: image = 'img/fixationCross.png'
20.3092 	EXP 	initFixation_img: autoDraw = True
22.2929 	DEBUG 	Read csv file with pandas: trialTable_practice.csv
22.2954 	DEBUG 	Clearing unnamed columns from trialTable_practice.csv
22.2983 	EXP 	Imported trialTable_practice.csv as conditions, 20 conditions, 9 params
22.2988 	EXP 	Created sequence: random, trialTypes=20, nReps=1, seed=None
22.2992 	EXP 	New trial (rep=0, index=0): OrderedDict([('middleStim', 'img/renders/face586_-45.png'), ('leftStim', 'img/renders/face586_-45.png'), ('rightStim', 'img/renders/face586_-45.png'), ('stimNum', 6), ('congruent', 1), ('target', 'left'), ('locationC', [0, 0]), ('locationR', [0.13, 0]), ('locationL', [-0.13, 0])])
22.3427 	EXP 	initFixation_img: autoDraw = False
22.3427 	EXP 	prac_centerImg: pos = array([0., 0.])
22.3427 	EXP 	prac_centerImg: image = 'img/renders/face586_-45.png'
22.3427 	EXP 	prac_rightImg1: pos = array([0.13, 0.  ])
22.3427 	EXP 	prac_rightImg1: image = 'img/renders/face586_-45.png'
22.3427 	EXP 	prac_leftImg1: pos = array([-0.13,  0.  ])
22.3427 	EXP 	prac_leftImg1: image = 'img/renders/face586_-45.png'
22.3427 	EXP 	prac_fixImg: image = 'img/fixationCross.png'
22.3427 	EXP 	prac_centerImg: autoDraw = True
22.3427 	EXP 	prac_rightImg1: autoDraw = True
22.3427 	EXP 	prac_leftImg1: autoDraw = True
22.3427 	EXP 	prac_fixImg: autoDraw = True
22.5456 	EXP 	prac_centerImg: autoDraw = False
22.5456 	EXP 	prac_rightImg1: autoDraw = False
22.5456 	EXP 	prac_leftImg1: autoDraw = False
22.7817 	DATA 	Keypress: 8
24.3135 	EXP 	New trial (rep=0, index=1): OrderedDict([('middleStim', 'img/renders/face559_-45.png'), ('leftStim', 'img/renders/face559_45.png'), ('rightStim', 'img/renders/face559_45.png'), ('stimNum', 8), ('congruent', 0), ('target', 'left'), ('locationC', [-0.058, 0]), ('locationR', [0.14, 0]), ('locationL', [-0.14, 0])])
24.3473 	EXP 	prac_fixImg: autoDraw = False
24.3473 	EXP 	prac_centerImg: autoDraw = False
24.3473 	EXP 	prac_rightImg1: autoDraw = False
24.3473 	EXP 	prac_leftImg1: autoDraw = False
24.3473 	EXP 	prac_fixImg: autoDraw = False
24.3473 	EXP 	prac_centerImg: pos = array([-0.058,  0.   ])
24.3473 	EXP 	prac_centerImg: image = 'img/renders/face559_-45.png'
24.3473 	EXP 	prac_rightImg1: pos = array([0.14, 0.  ])
24.3473 	EXP 	prac_rightImg1: image = 'img/renders/face559_45.png'
24.3473 	EXP 	prac_leftImg1: pos = array([-0.14,  0.  ])
24.3473 	EXP 	prac_leftImg1: image = 'img/renders/face559_45.png'
24.3473 	EXP 	prac_fixImg: image = 'img/fixationCross.png'
24.3473 	EXP 	prac_centerImg: autoDraw = True
24.3473 	EXP 	prac_rightImg1: autoDraw = True
24.3473 	EXP 	prac_leftImg1: autoDraw = True
24.3473 	EXP 	prac_fixImg: autoDraw = True
24.5628 	EXP 	prac_centerImg: autoDraw = False
24.5628 	EXP 	prac_rightImg1: autoDraw = False
24.5628 	EXP 	prac_leftImg1: autoDraw = False
24.8157 	DATA 	Keypress: 1
26.1803 	EXP 	New trial (rep=0, index=2): OrderedDict([('middleStim', 'img/renders/face028_45.png'), ('leftStim', 'img/renders/face028_-45.png'), ('rightStim', 'img/renders/face028_-45.png'), ('stimNum', 7), ('congruent', 0), ('target', 'right'), ('locationC', [0.058, 0]), ('locationR', [0.14, 0]), ('locationL', [-0.14, 0])])
26.2149 	EXP 	prac_fixImg: autoDraw = False
26.2149 	EXP 	prac_centerImg: autoDraw = False
26.2149 	EXP 	prac_rightImg1: autoDraw = False
26.2149 	EXP 	prac_leftImg1: autoDraw = False
26.2149 	EXP 	prac_fixImg: autoDraw = False
26.2149 	EXP 	prac_centerImg: pos = array([0.058, 0.   ])
26.2149 	EXP 	prac_centerImg: image = 'img/renders/face028_45.png'
26.2149 	EXP 	prac_rightImg1: pos = array([0.14, 0.  ])
26.2149 	EXP 	prac_rightImg1: image = 'img/renders/face028_-45.png'
26.2149 	EXP 	prac_leftImg1: pos = array([-0.14,  0.  ])
26.2149 	EXP 	prac_leftImg1: image = 'img/renders/face028_-45.png'
26.2149 	EXP 	prac_fixImg: image = 'img/fixationCross.png'
26.2149 	EXP 	prac_centerImg: autoDraw = True
26.2149 	EXP 	prac_rightImg1: autoDraw = True
26.2149 	EXP 	prac_leftImg1: autoDraw = True
26.2149 	EXP 	prac_fixImg: autoDraw = True
26.4284 	EXP 	prac_centerImg: autoDraw = False
26.4284 	EXP 	prac_rightImg1: autoDraw = False
26.4284 	EXP 	prac_leftImg1: autoDraw = False
26.5642 	DATA 	Keypress: 8
27.8794 	EXP 	New trial (rep=0, index=3): OrderedDict([('middleStim', 'img/renders/face269_45.png'), ('leftStim', 'img/renders/face269_-45.png'), ('rightStim', 'img/renders/face269_-45.png'), ('stimNum', 7), ('congruent', 0), ('target', 'right'), ('locationC', [0.058, 0]), ('locationR', [0.14, 0]), ('locationL', [-0.14, 0])])
27.9174 	EXP 	prac_fixImg: autoDraw = False
27.9174 	EXP 	prac_centerImg: autoDraw = False
27.9174 	EXP 	prac_rightImg1: autoDraw = False
27.9174 	EXP 	prac_leftImg1: autoDraw = False
27.9174 	EXP 	prac_fixImg: autoDraw = False
27.9174 	EXP 	prac_centerImg: pos = array([0.058, 0.   ])
27.9174 	EXP 	prac_centerImg: image = 'img/renders/face269_45.png'
27.9174 	EXP 	prac_rightImg1: pos = array([0.14, 0.  ])
27.9174 	EXP 	prac_rightImg1: image = 'img/renders/face269_-45.png'
27.9174 	EXP 	prac_leftImg1: pos = array([-0.14,  0.  ])
27.9174 	EXP 	prac_leftImg1: image = 'img/renders/face269_-45.png'
27.9174 	EXP 	prac_fixImg: image = 'img/fixationCross.png'
27.9174 	EXP 	prac_centerImg: autoDraw = True
27.9174 	EXP 	prac_rightImg1: autoDraw = True
27.9174 	EXP 	prac_leftImg1: autoDraw = True
27.9174 	EXP 	prac_fixImg: autoDraw = True
28.1277 	EXP 	prac_centerImg: autoDraw = False
28.1277 	EXP 	prac_rightImg1: autoDraw = False
28.1277 	EXP 	prac_leftImg1: autoDraw = False
28.3801 	DATA 	Keypress: 8
29.4283 	EXP 	New trial (rep=0, index=4): OrderedDict([('middleStim', 'img/renders/face482_45.png'), ('leftStim', 'img/renders/face482_45.png'), ('rightStim', 'img/renders/face482_45.png'), ('stimNum', 5), ('congruent', 1), ('target', 'right'), ('locationC', [0, 0]), ('locationR', [0.13, 0]), ('locationL', [-0.13, 0])])
29.4618 	EXP 	prac_fixImg: autoDraw = False
29.4618 	EXP 	prac_centerImg: autoDraw = False
29.4618 	EXP 	prac_rightImg1: autoDraw = False
29.4618 	EXP 	prac_leftImg1: autoDraw = False
29.4618 	EXP 	prac_fixImg: autoDraw = False
29.4618 	EXP 	prac_centerImg: pos = array([0., 0.])
29.4618 	EXP 	prac_centerImg: image = 'img/renders/face482_45.png'
29.4618 	EXP 	prac_rightImg1: pos = array([0.13, 0.  ])
29.4618 	EXP 	prac_rightImg1: image = 'img/renders/face482_45.png'
29.4618 	EXP 	prac_leftImg1: pos = array([-0.13,  0.  ])
29.4618 	EXP 	prac_leftImg1: image = 'img/renders/face482_45.png'
29.4618 	EXP 	prac_fixImg: image = 'img/fixationCross.png'
29.4618 	EXP 	prac_centerImg: autoDraw = True
29.4618 	EXP 	prac_rightImg1: autoDraw = True
29.4618 	EXP 	prac_leftImg1: autoDraw = True
29.4618 	EXP 	prac_fixImg: autoDraw = True
29.6605 	EXP 	prac_centerImg: autoDraw = False
29.6605 	EXP 	prac_rightImg1: autoDraw = False
29.6605 	EXP 	prac_leftImg1: autoDraw = False
30.0131 	DATA 	Keypress: 8
31.4116 	EXP 	New trial (rep=0, index=5): OrderedDict([('middleStim', 'img/renders/face120_-45.png'), ('leftStim', 'img/renders/face120_-45.png'), ('rightStim', 'img/renders/face120_-45.png'), ('stimNum', 6), ('congruent', 1), ('target', 'left'), ('locationC', [0, 0]), ('locationR', [0.13, 0]), ('locationL', [-0.13, 0])])
31.4509 	EXP 	prac_fixImg: autoDraw = False
31.4509 	EXP 	prac_centerImg: autoDraw = False
31.4509 	EXP 	prac_rightImg1: autoDraw = False
31.4509 	EXP 	prac_leftImg1: autoDraw = False
31.4509 	EXP 	prac_fixImg: autoDraw = False
31.4509 	EXP 	prac_centerImg: pos = array([0., 0.])
31.4509 	EXP 	prac_centerImg: image = 'img/renders/face120_-45.png'
31.4509 	EXP 	prac_rightImg1: pos = array([0.13, 0.  ])
31.4509 	EXP 	prac_rightImg1: image = 'img/renders/face120_-45.png'
31.4509 	EXP 	prac_leftImg1: pos = array([-0.13,  0.  ])
31.4509 	EXP 	prac_leftImg1: image = 'img/renders/face120_-45.png'
31.4509 	EXP 	prac_fixImg: image = 'img/fixationCross.png'
31.4509 	EXP 	prac_centerImg: autoDraw = True
31.4509 	EXP 	prac_rightImg1: autoDraw = True
31.4509 	EXP 	prac_leftImg1: autoDraw = True
31.4509 	EXP 	prac_fixImg: autoDraw = True
31.6600 	EXP 	prac_centerImg: autoDraw = False
31.6600 	EXP 	prac_rightImg1: autoDraw = False
31.6600 	EXP 	prac_leftImg1: autoDraw = False
31.9451 	DATA 	Keypress: 1
33.0108 	EXP 	New trial (rep=0, index=6): OrderedDict([('middleStim', 'img/renders/face781_-45.png'), ('leftStim', 'img/renders/face781_45.png'), ('rightStim', 'img/renders/face781_45.png'), ('stimNum', 8), ('congruent', 0), ('target', 'left'), ('locationC', [-0.058, 0]), ('locationR', [0.14, 0]), ('locationL', [-0.14, 0])])
33.0566 	EXP 	prac_fixImg: autoDraw = False
33.0566 	EXP 	prac_centerImg: autoDraw = False
33.0566 	EXP 	prac_rightImg1: autoDraw = False
33.0566 	EXP 	prac_leftImg1: autoDraw = False
33.0566 	EXP 	prac_fixImg: autoDraw = False
33.0566 	EXP 	prac_centerImg: pos = array([-0.058,  0.   ])
33.0566 	EXP 	prac_centerImg: image = 'img/renders/face781_-45.png'
33.0566 	EXP 	prac_rightImg1: pos = array([0.14, 0.  ])
33.0566 	EXP 	prac_rightImg1: image = 'img/renders/face781_45.png'
33.0566 	EXP 	prac_leftImg1: pos = array([-0.14,  0.  ])
33.0566 	EXP 	prac_leftImg1: image = 'img/renders/face781_45.png'
33.0566 	EXP 	prac_fixImg: image = 'img/fixationCross.png'
33.0566 	EXP 	prac_centerImg: autoDraw = True
33.0566 	EXP 	prac_rightImg1: autoDraw = True
33.0566 	EXP 	prac_leftImg1: autoDraw = True
33.0566 	EXP 	prac_fixImg: autoDraw = True
33.2595 	EXP 	prac_centerImg: autoDraw = False
33.2595 	EXP 	prac_rightImg1: autoDraw = False
33.2595 	EXP 	prac_leftImg1: autoDraw = False
33.6284 	DATA 	Keypress: 1
34.9603 	EXP 	New trial (rep=0, index=7): OrderedDict([('middleStim', 'img/renders/face211_45.png'), ('leftStim', 'img/renders/face211_45.png'), ('rightStim', 'img/renders/face211_45.png'), ('stimNum', 5), ('congruent', 1), ('target', 'right'), ('locationC', [0, 0]), ('locationR', [0.13, 0]), ('locationL', [-0.13, 0])])
34.9923 	EXP 	prac_fixImg: autoDraw = False
34.9923 	EXP 	prac_centerImg: autoDraw = False
34.9923 	EXP 	prac_rightImg1: autoDraw = False
34.9923 	EXP 	prac_leftImg1: autoDraw = False
34.9923 	EXP 	prac_fixImg: autoDraw = False
34.9923 	EXP 	prac_centerImg: pos = array([0., 0.])
34.9923 	EXP 	prac_centerImg: image = 'img/renders/face211_45.png'
34.9923 	EXP 	prac_rightImg1: pos = array([0.13, 0.  ])
34.9923 	EXP 	prac_rightImg1: image = 'img/renders/face211_45.png'
34.9923 	EXP 	prac_leftImg1: pos = array([-0.13,  0.  ])
34.9923 	EXP 	prac_leftImg1: image = 'img/renders/face211_45.png'
34.9923 	EXP 	prac_fixImg: image = 'img/fixationCross.png'
34.9923 	EXP 	prac_centerImg: autoDraw = True
34.9923 	EXP 	prac_rightImg1: autoDraw = True
34.9923 	EXP 	prac_leftImg1: autoDraw = True
34.9923 	EXP 	prac_fixImg: autoDraw = True
35.1926 	EXP 	prac_centerImg: autoDraw = False
35.1926 	EXP 	prac_rightImg1: autoDraw = False
35.1926 	EXP 	prac_leftImg1: autoDraw = False
35.3946 	DATA 	Keypress: 8
36.5096 	EXP 	New trial (rep=0, index=8): OrderedDict([('middleStim', 'img/renders/face418_45.png'), ('leftStim', 'img/renders/face418_-45.png'), ('rightStim', 'img/renders/face418_-45.png'), ('stimNum', 7), ('congruent', 0), ('target', 'right'), ('locationC', [0.058, 0]), ('locationR', [0.14, 0]), ('locationL', [-0.14, 0])])
36.5453 	EXP 	prac_fixImg: autoDraw = False
36.5453 	EXP 	prac_centerImg: autoDraw = False
36.5453 	EXP 	prac_rightImg1: autoDraw = False
36.5453 	EXP 	prac_leftImg1: autoDraw = False
36.5453 	EXP 	prac_fixImg: autoDraw = False
36.5453 	EXP 	prac_centerImg: pos = array([0.058, 0.   ])
36.5453 	EXP 	prac_centerImg: image = 'img/renders/face418_45.png'
36.5453 	EXP 	prac_rightImg1: pos = array([0.14, 0.  ])
36.5453 	EXP 	prac_rightImg1: image = 'img/renders/face418_-45.png'
36.5453 	EXP 	prac_leftImg1: pos = array([-0.14,  0.  ])
36.5453 	EXP 	prac_leftImg1: image = 'img/renders/face418_-45.png'
36.5453 	EXP 	prac_fixImg: image = 'img/fixationCross.png'
36.5453 	EXP 	prac_centerImg: autoDraw = True
36.5453 	EXP 	prac_rightImg1: autoDraw = True
36.5453 	EXP 	prac_leftImg1: autoDraw = True
36.5453 	EXP 	prac_fixImg: autoDraw = True
36.7587 	EXP 	prac_centerImg: autoDraw = False
36.7587 	EXP 	prac_rightImg1: autoDraw = False
36.7587 	EXP 	prac_leftImg1: autoDraw = False
36.9610 	DATA 	Keypress: 8
38.1932 	EXP 	New trial (rep=0, index=9): OrderedDict([('middleStim', 'img/renders/face037_-45.png'), ('leftStim', 'img/renders/face037_45.png'), ('rightStim', 'img/renders/face037_45.png'), ('stimNum', 8), ('congruent', 0), ('target', 'left'), ('locationC', [-0.058, 0]), ('locationR', [0.14, 0]), ('locationL', [-0.14, 0])])
38.2266 	EXP 	prac_fixImg: autoDraw = False
38.2266 	EXP 	prac_centerImg: autoDraw = False
38.2266 	EXP 	prac_rightImg1: autoDraw = False
38.2266 	EXP 	prac_leftImg1: autoDraw = False
38.2266 	EXP 	prac_fixImg: autoDraw = False
38.2266 	EXP 	prac_centerImg: pos = array([-0.058,  0.   ])
38.2266 	EXP 	prac_centerImg: image = 'img/renders/face037_-45.png'
38.2266 	EXP 	prac_rightImg1: pos = array([0.14, 0.  ])
38.2266 	EXP 	prac_rightImg1: image = 'img/renders/face037_45.png'
38.2266 	EXP 	prac_leftImg1: pos = array([-0.14,  0.  ])
38.2266 	EXP 	prac_leftImg1: image = 'img/renders/face037_45.png'
38.2266 	EXP 	prac_fixImg: image = 'img/fixationCross.png'
38.2266 	EXP 	prac_centerImg: autoDraw = True
38.2266 	EXP 	prac_rightImg1: autoDraw = True
38.2266 	EXP 	prac_leftImg1: autoDraw = True
38.2266 	EXP 	prac_fixImg: autoDraw = True
38.4419 	EXP 	prac_centerImg: autoDraw = False
38.4419 	EXP 	prac_rightImg1: autoDraw = False
38.4419 	EXP 	prac_leftImg1: autoDraw = False
38.7438 	DATA 	Keypress: 1
40.0089 	EXP 	New trial (rep=0, index=10): OrderedDict([('middleStim', 'img/renders/face013_-45.png'), ('leftStim', 'img/renders/face013_-45.png'), ('rightStim', 'img/renders/face013_-45.png'), ('stimNum', 6), ('congruent', 1), ('target', 'left'), ('locationC', [0, 0]), ('locationR', [0.13, 0]), ('locationL', [-0.13, 0])])
40.0428 	EXP 	prac_fixImg: autoDraw = False
40.0428 	EXP 	prac_centerImg: autoDraw = False
40.0428 	EXP 	prac_rightImg1: autoDraw = False
40.0428 	EXP 	prac_leftImg1: autoDraw = False
40.0428 	EXP 	prac_fixImg: autoDraw = False
40.0428 	EXP 	prac_centerImg: pos = array([0., 0.])
40.0428 	EXP 	prac_centerImg: image = 'img/renders/face013_-45.png'
40.0428 	EXP 	prac_rightImg1: pos = array([0.13, 0.  ])
40.0428 	EXP 	prac_rightImg1: image = 'img/renders/face013_-45.png'
40.0428 	EXP 	prac_leftImg1: pos = array([-0.13,  0.  ])
40.0428 	EXP 	prac_leftImg1: image = 'img/renders/face013_-45.png'
40.0428 	EXP 	prac_fixImg: image = 'img/fixationCross.png'
40.0428 	EXP 	prac_centerImg: autoDraw = True
40.0428 	EXP 	prac_rightImg1: autoDraw = True
40.0428 	EXP 	prac_leftImg1: autoDraw = True
40.0428 	EXP 	prac_fixImg: autoDraw = True
40.2578 	EXP 	prac_centerImg: autoDraw = False
40.2578 	EXP 	prac_rightImg1: autoDraw = False
40.2578 	EXP 	prac_leftImg1: autoDraw = False
40.5097 	DATA 	Keypress: 1
41.6585 	EXP 	New trial (rep=0, index=11): OrderedDict([('middleStim', 'img/renders/face395_-45.png'), ('leftStim', 'img/renders/face395_-45.png'), ('rightStim', 'img/renders/face395_-45.png'), ('stimNum', 6), ('congruent', 1), ('target', 'left'), ('locationC', [0, 0]), ('locationR', [0.13, 0]), ('locationL', [-0.13, 0])])
41.6916 	EXP 	prac_fixImg: autoDraw = False
41.6916 	EXP 	prac_centerImg: autoDraw = False
41.6916 	EXP 	prac_rightImg1: autoDraw = False
41.6916 	EXP 	prac_leftImg1: autoDraw = False
41.6916 	EXP 	prac_fixImg: autoDraw = False
41.6916 	EXP 	prac_centerImg: pos = array([0., 0.])
41.6916 	EXP 	prac_centerImg: image = 'img/renders/face395_-45.png'
41.6916 	EXP 	prac_rightImg1: pos = array([0.13, 0.  ])
41.6916 	EXP 	prac_rightImg1: image = 'img/renders/face395_-45.png'
41.6916 	EXP 	prac_leftImg1: pos = array([-0.13,  0.  ])
41.6916 	EXP 	prac_leftImg1: image = 'img/renders/face395_-45.png'
41.6916 	EXP 	prac_fixImg: image = 'img/fixationCross.png'
41.6916 	EXP 	prac_centerImg: autoDraw = True
41.6916 	EXP 	prac_rightImg1: autoDraw = True
41.6916 	EXP 	prac_leftImg1: autoDraw = True
41.6916 	EXP 	prac_fixImg: autoDraw = True
41.8909 	EXP 	prac_centerImg: autoDraw = False
41.8909 	EXP 	prac_rightImg1: autoDraw = False
41.8909 	EXP 	prac_leftImg1: autoDraw = False
42.1928 	DATA 	Keypress: 1
43.3414 	EXP 	New trial (rep=0, index=12): OrderedDict([('middleStim', 'img/renders/face994_45.png'), ('leftStim', 'img/renders/face994_45.png'), ('rightStim', 'img/renders/face994_45.png'), ('stimNum', 5), ('congruent', 1), ('target', 'right'), ('locationC', [0, 0]), ('locationR', [0.13, 0]), ('locationL', [-0.13, 0])])
43.3770 	EXP 	prac_fixImg: autoDraw = False
43.3770 	EXP 	prac_centerImg: autoDraw = False
43.3770 	EXP 	prac_rightImg1: autoDraw = False
43.3770 	EXP 	prac_leftImg1: autoDraw = False
43.3770 	EXP 	prac_fixImg: autoDraw = False
43.3770 	EXP 	prac_centerImg: pos = array([0., 0.])
43.3770 	EXP 	prac_centerImg: image = 'img/renders/face994_45.png'
43.3770 	EXP 	prac_rightImg1: pos = array([0.13, 0.  ])
43.3770 	EXP 	prac_rightImg1: image = 'img/renders/face994_45.png'
43.3770 	EXP 	prac_leftImg1: pos = array([-0.13,  0.  ])
43.3770 	EXP 	prac_leftImg1: image = 'img/renders/face994_45.png'
43.3770 	EXP 	prac_fixImg: image = 'img/fixationCross.png'
43.3770 	EXP 	prac_centerImg: autoDraw = True
43.3770 	EXP 	prac_rightImg1: autoDraw = True
43.3770 	EXP 	prac_leftImg1: autoDraw = True
43.3770 	EXP 	prac_fixImg: autoDraw = True
43.5903 	EXP 	prac_centerImg: autoDraw = False
43.5903 	EXP 	prac_rightImg1: autoDraw = False
43.5903 	EXP 	prac_leftImg1: autoDraw = False
43.7927 	DATA 	Keypress: 8
45.1739 	EXP 	New trial (rep=0, index=13): OrderedDict([('middleStim', 'img/renders/face634_-45.png'), ('leftStim', 'img/renders/face634_-45.png'), ('rightStim', 'img/renders/face634_-45.png'), ('stimNum', 6), ('congruent', 1), ('target', 'left'), ('locationC', [0, 0]), ('locationR', [0.13, 0]), ('locationL', [-0.13, 0])])
45.2074 	EXP 	prac_fixImg: autoDraw = False
45.2074 	EXP 	prac_centerImg: autoDraw = False
45.2074 	EXP 	prac_rightImg1: autoDraw = False
45.2074 	EXP 	prac_leftImg1: autoDraw = False
45.2074 	EXP 	prac_fixImg: autoDraw = False
45.2074 	EXP 	prac_centerImg: pos = array([0., 0.])
45.2074 	EXP 	prac_centerImg: image = 'img/renders/face634_-45.png'
45.2074 	EXP 	prac_rightImg1: pos = array([0.13, 0.  ])
45.2074 	EXP 	prac_rightImg1: image = 'img/renders/face634_-45.png'
45.2074 	EXP 	prac_leftImg1: pos = array([-0.13,  0.  ])
45.2074 	EXP 	prac_leftImg1: image = 'img/renders/face634_-45.png'
45.2074 	EXP 	prac_fixImg: image = 'img/fixationCross.png'
45.2074 	EXP 	prac_centerImg: autoDraw = True
45.2074 	EXP 	prac_rightImg1: autoDraw = True
45.2074 	EXP 	prac_leftImg1: autoDraw = True
45.2074 	EXP 	prac_fixImg: autoDraw = True
45.4229 	EXP 	prac_centerImg: autoDraw = False
45.4229 	EXP 	prac_rightImg1: autoDraw = False
45.4229 	EXP 	prac_leftImg1: autoDraw = False
45.6751 	DATA 	Keypress: 1
47.0413 	EXP 	New trial (rep=0, index=14): OrderedDict([('middleStim', 'img/renders/face800_-45.png'), ('leftStim', 'img/renders/face800_45.png'), ('rightStim', 'img/renders/face800_45.png'), ('stimNum', 8), ('congruent', 0), ('target', 'left'), ('locationC', [-0.058, 0]), ('locationR', [0.14, 0]), ('locationL', [-0.14, 0])])
47.0735 	EXP 	prac_fixImg: autoDraw = False
47.0735 	EXP 	prac_centerImg: autoDraw = False
47.0735 	EXP 	prac_rightImg1: autoDraw = False
47.0735 	EXP 	prac_leftImg1: autoDraw = False
47.0735 	EXP 	prac_fixImg: autoDraw = False
47.0735 	EXP 	prac_centerImg: pos = array([-0.058,  0.   ])
47.0735 	EXP 	prac_centerImg: image = 'img/renders/face800_-45.png'
47.0735 	EXP 	prac_rightImg1: pos = array([0.14, 0.  ])
47.0735 	EXP 	prac_rightImg1: image = 'img/renders/face800_45.png'
47.0735 	EXP 	prac_leftImg1: pos = array([-0.14,  0.  ])
47.0735 	EXP 	prac_leftImg1: image = 'img/renders/face800_45.png'
47.0735 	EXP 	prac_fixImg: image = 'img/fixationCross.png'
47.0735 	EXP 	prac_centerImg: autoDraw = True
47.0735 	EXP 	prac_rightImg1: autoDraw = True
47.0735 	EXP 	prac_leftImg1: autoDraw = True
47.0735 	EXP 	prac_fixImg: autoDraw = True
47.2732 	EXP 	prac_centerImg: autoDraw = False
47.2732 	EXP 	prac_rightImg1: autoDraw = False
47.2732 	EXP 	prac_leftImg1: autoDraw = False
47.6430 	DATA 	Keypress: 1
48.8068 	EXP 	New trial (rep=0, index=15): OrderedDict([('middleStim', 'img/renders/face351_45.png'), ('leftStim', 'img/renders/face351_-45.png'), ('rightStim', 'img/renders/face351_-45.png'), ('stimNum', 7), ('congruent', 0), ('target', 'right'), ('locationC', [0.058, 0]), ('locationR', [0.14, 0]), ('locationL', [-0.14, 0])])
48.8480 	EXP 	prac_fixImg: autoDraw = False
48.8480 	EXP 	prac_centerImg: autoDraw = False
48.8480 	EXP 	prac_rightImg1: autoDraw = False
48.8480 	EXP 	prac_leftImg1: autoDraw = False
48.8480 	EXP 	prac_fixImg: autoDraw = False
48.8480 	EXP 	prac_centerImg: pos = array([0.058, 0.   ])
48.8480 	EXP 	prac_centerImg: image = 'img/renders/face351_45.png'
48.8480 	EXP 	prac_rightImg1: pos = array([0.14, 0.  ])
48.8480 	EXP 	prac_rightImg1: image = 'img/renders/face351_-45.png'
48.8480 	EXP 	prac_leftImg1: pos = array([-0.14,  0.  ])
48.8480 	EXP 	prac_leftImg1: image = 'img/renders/face351_-45.png'
48.8480 	EXP 	prac_fixImg: image = 'img/fixationCross.png'
48.8480 	EXP 	prac_centerImg: autoDraw = True
48.8480 	EXP 	prac_rightImg1: autoDraw = True
48.8480 	EXP 	prac_leftImg1: autoDraw = True
48.8480 	EXP 	prac_fixImg: autoDraw = True
49.0554 	EXP 	prac_centerImg: autoDraw = False
49.0554 	EXP 	prac_rightImg1: autoDraw = False
49.0554 	EXP 	prac_leftImg1: autoDraw = False
49.3076 	DATA 	Keypress: 8
50.7897 	EXP 	New trial (rep=0, index=16): OrderedDict([('middleStim', 'img/renders/face581_45.png'), ('leftStim', 'img/renders/face581_45.png'), ('rightStim', 'img/renders/face581_45.png'), ('stimNum', 5), ('congruent', 1), ('target', 'right'), ('locationC', [0, 0]), ('locationR', [0.13, 0]), ('locationL', [-0.13, 0])])
50.8232 	EXP 	prac_fixImg: autoDraw = False
50.8232 	EXP 	prac_centerImg: autoDraw = False
50.8232 	EXP 	prac_rightImg1: autoDraw = False
50.8232 	EXP 	prac_leftImg1: autoDraw = False
50.8232 	EXP 	prac_fixImg: autoDraw = False
50.8232 	EXP 	prac_centerImg: pos = array([0., 0.])
50.8232 	EXP 	prac_centerImg: image = 'img/renders/face581_45.png'
50.8232 	EXP 	prac_rightImg1: pos = array([0.13, 0.  ])
50.8232 	EXP 	prac_rightImg1: image = 'img/renders/face581_45.png'
50.8232 	EXP 	prac_leftImg1: pos = array([-0.13,  0.  ])
50.8232 	EXP 	prac_leftImg1: image = 'img/renders/face581_45.png'
50.8232 	EXP 	prac_fixImg: image = 'img/fixationCross.png'
50.8232 	EXP 	prac_centerImg: autoDraw = True
50.8232 	EXP 	prac_rightImg1: autoDraw = True
50.8232 	EXP 	prac_leftImg1: autoDraw = True
50.8232 	EXP 	prac_fixImg: autoDraw = True
51.0388 	EXP 	prac_centerImg: autoDraw = False
51.0388 	EXP 	prac_rightImg1: autoDraw = False
51.0388 	EXP 	prac_leftImg1: autoDraw = False
51.2408 	DATA 	Keypress: 8
52.7557 	EXP 	New trial (rep=0, index=17): OrderedDict([('middleStim', 'img/renders/face040_45.png'), ('leftStim', 'img/renders/face040_-45.png'), ('rightStim', 'img/renders/face040_-45.png'), ('stimNum', 7), ('congruent', 0), ('target', 'right'), ('locationC', [0.058, 0]), ('locationR', [0.14, 0]), ('locationL', [-0.14, 0])])
52.7907 	EXP 	prac_fixImg: autoDraw = False
52.7907 	EXP 	prac_centerImg: autoDraw = False
52.7907 	EXP 	prac_rightImg1: autoDraw = False
52.7907 	EXP 	prac_leftImg1: autoDraw = False
52.7907 	EXP 	prac_fixImg: autoDraw = False
52.7907 	EXP 	prac_centerImg: pos = array([0.058, 0.   ])
52.7907 	EXP 	prac_centerImg: image = 'img/renders/face040_45.png'
52.7907 	EXP 	prac_rightImg1: pos = array([0.14, 0.  ])
52.7907 	EXP 	prac_rightImg1: image = 'img/renders/face040_-45.png'
52.7907 	EXP 	prac_leftImg1: pos = array([-0.14,  0.  ])
52.7907 	EXP 	prac_leftImg1: image = 'img/renders/face040_-45.png'
52.7907 	EXP 	prac_fixImg: image = 'img/fixationCross.png'
52.7907 	EXP 	prac_centerImg: autoDraw = True
52.7907 	EXP 	prac_rightImg1: autoDraw = True
52.7907 	EXP 	prac_leftImg1: autoDraw = True
52.7907 	EXP 	prac_fixImg: autoDraw = True
53.0046 	EXP 	prac_centerImg: autoDraw = False
53.0046 	EXP 	prac_rightImg1: autoDraw = False
53.0046 	EXP 	prac_leftImg1: autoDraw = False
53.2737 	DATA 	Keypress: 8
54.5891 	EXP 	New trial (rep=0, index=18): OrderedDict([('middleStim', 'img/renders/face704_45.png'), ('leftStim', 'img/renders/face704_45.png'), ('rightStim', 'img/renders/face704_45.png'), ('stimNum', 5), ('congruent', 1), ('target', 'right'), ('locationC', [0, 0]), ('locationR', [0.13, 0]), ('locationL', [-0.13, 0])])
54.6229 	EXP 	prac_fixImg: autoDraw = False
54.6229 	EXP 	prac_centerImg: autoDraw = False
54.6229 	EXP 	prac_rightImg1: autoDraw = False
54.6229 	EXP 	prac_leftImg1: autoDraw = False
54.6229 	EXP 	prac_fixImg: autoDraw = False
54.6229 	EXP 	prac_centerImg: pos = array([0., 0.])
54.6229 	EXP 	prac_centerImg: image = 'img/renders/face704_45.png'
54.6229 	EXP 	prac_rightImg1: pos = array([0.13, 0.  ])
54.6229 	EXP 	prac_rightImg1: image = 'img/renders/face704_45.png'
54.6229 	EXP 	prac_leftImg1: pos = array([-0.13,  0.  ])
54.6229 	EXP 	prac_leftImg1: image = 'img/renders/face704_45.png'
54.6229 	EXP 	prac_fixImg: image = 'img/fixationCross.png'
54.6229 	EXP 	prac_centerImg: autoDraw = True
54.6229 	EXP 	prac_rightImg1: autoDraw = True
54.6229 	EXP 	prac_leftImg1: autoDraw = True
54.6229 	EXP 	prac_fixImg: autoDraw = True
54.8376 	EXP 	prac_centerImg: autoDraw = False
54.8376 	EXP 	prac_rightImg1: autoDraw = False
54.8376 	EXP 	prac_leftImg1: autoDraw = False
54.9900 	DATA 	Keypress: 8
56.3554 	EXP 	New trial (rep=0, index=19): OrderedDict([('middleStim', 'img/renders/face602_-45.png'), ('leftStim', 'img/renders/face602_45.png'), ('rightStim', 'img/renders/face602_45.png'), ('stimNum', 8), ('congruent', 0), ('target', 'left'), ('locationC', [-0.058, 0]), ('locationR', [0.14, 0]), ('locationL', [-0.14, 0])])
56.3897 	EXP 	prac_fixImg: autoDraw = False
56.3897 	EXP 	prac_centerImg: autoDraw = False
56.3897 	EXP 	prac_rightImg1: autoDraw = False
56.3897 	EXP 	prac_leftImg1: autoDraw = False
56.3897 	EXP 	prac_fixImg: autoDraw = False
56.3897 	EXP 	prac_centerImg: pos = array([-0.058,  0.   ])
56.3897 	EXP 	prac_centerImg: image = 'img/renders/face602_-45.png'
56.3897 	EXP 	prac_rightImg1: pos = array([0.14, 0.  ])
56.3897 	EXP 	prac_rightImg1: image = 'img/renders/face602_45.png'
56.3897 	EXP 	prac_leftImg1: pos = array([-0.14,  0.  ])
56.3897 	EXP 	prac_leftImg1: image = 'img/renders/face602_45.png'
56.3897 	EXP 	prac_fixImg: image = 'img/fixationCross.png'
56.3897 	EXP 	prac_centerImg: autoDraw = True
56.3897 	EXP 	prac_rightImg1: autoDraw = True
56.3897 	EXP 	prac_leftImg1: autoDraw = True
56.3897 	EXP 	prac_fixImg: autoDraw = True
56.6035 	EXP 	prac_centerImg: autoDraw = False
56.6035 	EXP 	prac_rightImg1: autoDraw = False
56.6035 	EXP 	prac_leftImg1: autoDraw = False
57.0223 	DATA 	Keypress: 1
58.3389 	EXP 	prac_fixImg: autoDraw = False
58.3389 	EXP 	prac_centerImg: autoDraw = False
58.3389 	EXP 	prac_rightImg1: autoDraw = False
58.3389 	EXP 	prac_leftImg1: autoDraw = False
58.3389 	EXP 	prac_fixImg: autoDraw = False
58.3389 	EXP 	prac_blockFeed_text: text = 'You have completed the practice'
58.3389 	EXP 	prac_blockFeed_text: autoDraw = True
58.3389 	EXP 	prac_pressContinue: autoDraw = True
61.7224 	DATA 	Keypress: escape
62.4393 	EXP 	window1: mouseVisible = True
62.4394 	DEBUG 	Saving data for flanker-basic_v2 ExperimentHandler
62.4431 	INFO 	saved data to /Users/khoss005/Library/CloudStorage/OneDrive-FloridaInternationalUniversity/Projects/Psychopy/mfeFlanker/data/12_flanker-basic_v2_2022_May_11_1453.psydat
62.4477 	INFO 	saved data to '/Users/khoss005/Library/CloudStorage/OneDrive-FloridaInternationalUniversity/Projects/Psychopy/mfeFlanker/data/12_flanker-basic_v2_2022_May_11_1453.csv'
