1.5045 	WARNING 	We strongly recommend you activate the PTB sound engine in PsychoPy prefs as the preferred audio engine. Its timing is vastly superior. Your prefs are currently set to use ['sounddevice', 'PTB', 'pyo', 'pygame'] (in that order).
9.5612 	INFO 	Loaded monitor calibration from ['2022_01_06 13:13']
9.5626 	ERROR 	'0.5000, 0.5000, 0.5000' is not a valid rgb color
9.5747 	WARNING 	User requested fullscreen with size [1440  900], but screen is actually [1920, 1080]. Using actual size
10.3967 	EXP 	Created window1 = Window(allowGUI=False, allowStencil=False, autoLog=True, backendConf=UNKNOWN, bitsMode=UNKNOWN, blendMode='avg', bpc=(8, 8, 8), color=array([0, 0, 0]), colorSpace='rgb', depthBits=8, fullscr=<method-wrapper '__getattribute__' of attributeSetter object at 0x7fd403cc0a58>, gamma=None, gammaErrorPolicy='raise', lms=UNKNOWN, monitor=<psychopy.monitors.calibTools.Monitor object at 0x7fd421697ac8>, multiSample=False, name='window1', numSamples=2, pos=[0.0, 0.0], screen=0, size=array([1920, 1080]), stencilBits=0, stereo=False, units='height', useFBO=True, useRetina=False, viewOri=0.0, viewPos=None, viewScale=None, waitBlanking=True, winType='pyglet')
10.3969 	EXP 	window1: mouseVisible = True
10.3969 	EXP 	window1: recordFrameIntervals = False
10.5625 	EXP 	window1: recordFrameIntervals = True
10.7460 	DEBUG 	Screen (0) actual frame rate measured at 59.96
10.7460 	EXP 	window1: recordFrameIntervals = False
12.8416 	INFO 	keyboard.Keyboard is using ptb backend.
12.9519 	EXP 	Created welcome_text = TextStim(__class__=<class 'psychopy.visual.text.TextStim'>, alignHoriz=method-wrapper(...), alignText='center', alignVert=method-wrapper(...), anchorHoriz='center', anchorVert='center', antialias=True, autoLog=True, bold=False, color=array([1., 1., 1.]), colorSpace='rgb', contrast=1.0, depth=0.0, flipHoriz=False, flipVert=False, font='Arial', fontFiles=[], height=0.04, italic=False, languageStyle='LTR', name='welcome_text', opacity=1, ori=0, pos=array([0., 0.]), rgb=UNKNOWN, text=str(...), units='height', win=Window(...), wrapWidth=1.3)
13.3088 	INFO 	keyboard.Keyboard is using ptb backend.
13.3208 	EXP 	Created instructRight_text = TextStim(__class__=<class 'psychopy.visual.text.TextStim'>, alignHoriz=method-wrapper(...), alignText='center', alignVert=method-wrapper(...), anchorHoriz='center', anchorVert='center', antialias=True, autoLog=True, bold=False, color=array([1., 1., 1.]), colorSpace='rgb', contrast=1.0, depth=0.0, flipHoriz=False, flipVert=False, font='Arial', fontFiles=[], height=0.04, italic=False, languageStyle='LTR', name='instructRight_text', opacity=1, ori=0, pos=array([0., 0.]), rgb=UNKNOWN, text=str(...), units='height', win=Window(...), wrapWidth=1.3)
13.3796 	EXP 	Created instructRight_centerImg = ImageStim(__class__=<class 'psychopy.visual.image.ImageStim'>, autoLog=True, color=array([1., 1., 1.]), colorSpace='rgb', contrast=1.0, depth=-1.0, flipHoriz=False, flipVert=False, image='img/renders/face000_45.png', interpolate=True, mask=None, maskParams=None, name='instructRight_centerImg', opacity=1, ori=0.0, pos=array([ 0. , -0.3]), size=array([0.18, 0.18]), texRes=512, units='height', win=Window(...))
13.4119 	EXP 	Created instructRight_rightImg1 = ImageStim(__class__=<class 'psychopy.visual.image.ImageStim'>, autoLog=True, color=array([1., 1., 1.]), colorSpace='rgb', contrast=1.0, depth=-2.0, flipHoriz=False, flipVert=False, image='img/renders/face000_45.png', interpolate=True, mask=None, maskParams=None, name='instructRight_rightImg1', opacity=1, ori=0.0, pos=array([ 0.13, -0.3 ]), size=array([0.18, 0.18]), texRes=512, units='height', win=Window(...))
13.4330 	EXP 	Created instructRight_leftImg1 = ImageStim(__class__=<class 'psychopy.visual.image.ImageStim'>, autoLog=True, color=array([1., 1., 1.]), colorSpace='rgb', contrast=1.0, depth=-3.0, flipHoriz=False, flipVert=False, image='img/renders/face000_45.png', interpolate=True, mask=None, maskParams=None, name='instructRight_leftImg1', opacity=1, ori=0.0, pos=array([-0.13, -0.3 ]), size=array([0.18, 0.18]), texRes=512, units='height', win=Window(...))
13.7788 	INFO 	keyboard.Keyboard is using ptb backend.
13.7899 	EXP 	Created instructLeft_text = TextStim(__class__=<class 'psychopy.visual.text.TextStim'>, alignHoriz=method-wrapper(...), alignText='center', alignVert=method-wrapper(...), anchorHoriz='center', anchorVert='center', antialias=True, autoLog=True, bold=False, color=array([1., 1., 1.]), colorSpace='rgb', contrast=1.0, depth=0.0, flipHoriz=False, flipVert=False, font='Arial', fontFiles=[], height=0.04, italic=False, languageStyle='LTR', name='instructLeft_text', opacity=1, ori=0, pos=array([0., 0.]), rgb=UNKNOWN, text=str(...), units='height', win=Window(...), wrapWidth=1.3)
13.8138 	EXP 	Created instructLeft_centerImg = ImageStim(__class__=<class 'psychopy.visual.image.ImageStim'>, autoLog=True, color=array([1., 1., 1.]), colorSpace='rgb', contrast=1.0, depth=-1.0, flipHoriz=False, flipVert=False, image='img/renders/face000_-45.png', interpolate=True, mask=None, maskParams=None, name='instructLeft_centerImg', opacity=1, ori=0.0, pos=array([ 0. , -0.3]), size=array([0.18, 0.18]), texRes=512, units='height', win=Window(...))
13.8338 	EXP 	Created instructLeft_rightImg1 = ImageStim(__class__=<class 'psychopy.visual.image.ImageStim'>, autoLog=True, color=array([1., 1., 1.]), colorSpace='rgb', contrast=1.0, depth=-2.0, flipHoriz=False, flipVert=False, image='img/renders/face000_-45.png', interpolate=True, mask=None, maskParams=None, name='instructLeft_rightImg1', opacity=1, ori=0.0, pos=array([ 0.13, -0.3 ]), size=array([0.18, 0.18]), texRes=512, units='height', win=Window(...))
13.8553 	EXP 	Created instructLeft_leftImg1 = ImageStim(__class__=<class 'psychopy.visual.image.ImageStim'>, autoLog=True, color=array([1., 1., 1.]), colorSpace='rgb', contrast=1.0, depth=-3.0, flipHoriz=False, flipVert=False, image='img/renders/face000_-45.png', interpolate=True, mask=None, maskParams=None, name='instructLeft_leftImg1', opacity=1, ori=0.0, pos=array([-0.13, -0.3 ]), size=array([0.18, 0.18]), texRes=512, units='height', win=Window(...))
14.2054 	INFO 	keyboard.Keyboard is using ptb backend.
14.2270 	EXP 	Created instructInconRight_text = TextStim(__class__=<class 'psychopy.visual.text.TextStim'>, alignHoriz=method-wrapper(...), alignText='center', alignVert=method-wrapper(...), anchorHoriz='center', anchorVert='center', antialias=True, autoLog=True, bold=False, color=array([1., 1., 1.]), colorSpace='rgb', contrast=1.0, depth=0.0, flipHoriz=False, flipVert=False, font='Arial', fontFiles=[], height=0.04, italic=False, languageStyle='LTR', name='instructInconRight_text', opacity=1, ori=0, pos=array([0., 0.]), rgb=UNKNOWN, text=str(...), units='height', win=Window(...), wrapWidth=1.3)
14.2475 	EXP 	Created instructIncon_centerImg = ImageStim(__class__=<class 'psychopy.visual.image.ImageStim'>, autoLog=True, color=array([1., 1., 1.]), colorSpace='rgb', contrast=1.0, depth=-1.0, flipHoriz=False, flipVert=False, image='img/renders/face000_45.png', interpolate=True, mask=None, maskParams=None, name='instructIncon_centerImg', opacity=1, ori=0.0, pos=array([ 0.058, -0.3  ]), size=array([0.18, 0.18]), texRes=512, units='height', win=Window(...))
14.2711 	EXP 	Created instructIncon_rightImg1 = ImageStim(__class__=<class 'psychopy.visual.image.ImageStim'>, autoLog=True, color=array([1., 1., 1.]), colorSpace='rgb', contrast=1.0, depth=-2.0, flipHoriz=False, flipVert=False, image='img/renders/face000_-45.png', interpolate=True, mask=None, maskParams=None, name='instructIncon_rightImg1', opacity=1, ori=0.0, pos=array([ 0.14, -0.3 ]), size=array([0.18, 0.18]), texRes=512, units='height', win=Window(...))
14.2942 	EXP 	Created instructIncon_leftImg1 = ImageStim(__class__=<class 'psychopy.visual.image.ImageStim'>, autoLog=True, color=array([1., 1., 1.]), colorSpace='rgb', contrast=1.0, depth=-3.0, flipHoriz=False, flipVert=False, image='img/renders/face000_-45.png', interpolate=True, mask=None, maskParams=None, name='instructIncon_leftImg1', opacity=1, ori=0.0, pos=array([-0.13, -0.3 ]), size=array([0.18, 0.18]), texRes=512, units='height', win=Window(...))
14.6307 	INFO 	keyboard.Keyboard is using ptb backend.
14.6454 	EXP 	Created instructInconLeft_text = TextStim(__class__=<class 'psychopy.visual.text.TextStim'>, alignHoriz=method-wrapper(...), alignText='center', alignVert=method-wrapper(...), anchorHoriz='center', anchorVert='center', antialias=True, autoLog=True, bold=False, color=array([1., 1., 1.]), colorSpace='rgb', contrast=1.0, depth=0.0, flipHoriz=False, flipVert=False, font='Arial', fontFiles=[], height=0.04, italic=False, languageStyle='LTR', name='instructInconLeft_text', opacity=1, ori=0, pos=array([0., 0.]), rgb=UNKNOWN, text=str(...), units='height', win=Window(...), wrapWidth=1.3)
14.6697 	EXP 	Created instructInconLeft_centerImg = ImageStim(__class__=<class 'psychopy.visual.image.ImageStim'>, autoLog=True, color=array([1., 1., 1.]), colorSpace='rgb', contrast=1.0, depth=-1.0, flipHoriz=False, flipVert=False, image='img/renders/face000_-45.png', interpolate=True, mask=None, maskParams=None, name='instructInconLeft_centerImg', opacity=1, ori=0.0, pos=array([-0.058, -0.3  ]), size=array([0.18, 0.18]), texRes=512, units='height', win=Window(...))
14.6918 	EXP 	Created instructInconLeft_rightImg1 = ImageStim(__class__=<class 'psychopy.visual.image.ImageStim'>, autoLog=True, color=array([1., 1., 1.]), colorSpace='rgb', contrast=1.0, depth=-2.0, flipHoriz=False, flipVert=False, image='img/renders/face000_45.png', interpolate=True, mask=None, maskParams=None, name='instructInconLeft_rightImg1', opacity=1, ori=0.0, pos=array([ 0.13, -0.3 ]), size=array([0.18, 0.18]), texRes=512, units='height', win=Window(...))
14.7207 	EXP 	Created instructInconLeft_leftImg1 = ImageStim(__class__=<class 'psychopy.visual.image.ImageStim'>, autoLog=True, color=array([1., 1., 1.]), colorSpace='rgb', contrast=1.0, depth=-3.0, flipHoriz=False, flipVert=False, image='img/renders/face000_45.png', interpolate=True, mask=None, maskParams=None, name='instructInconLeft_leftImg1', opacity=1, ori=0.0, pos=array([-0.13, -0.3 ]), size=array([0.18, 0.18]), texRes=512, units='height', win=Window(...))
15.0580 	INFO 	keyboard.Keyboard is using ptb backend.
15.0662 	EXP 	Created prac_blockText = TextStim(__class__=<class 'psychopy.visual.text.TextStim'>, alignHoriz=method-wrapper(...), alignText='center', alignVert=method-wrapper(...), anchorHoriz='center', anchorVert='center', antialias=True, autoLog=True, bold=False, color=array([1., 1., 1.]), colorSpace='rgb', contrast=1.0, depth=-1.0, flipHoriz=False, flipVert=False, font='Arial', fontFiles=[], height=0.06, italic=False, languageStyle='LTR', name='prac_blockText', opacity=1, ori=0.0, pos=array([0. , 0.3]), rgb=UNKNOWN, text='Practice', units='height', win=Window(...), wrapWidth=1.3)
15.0857 	EXP 	Created prac_reminder_text = TextStim(__class__=<class 'psychopy.visual.text.TextStim'>, alignHoriz=method-wrapper(...), alignText='center', alignVert=method-wrapper(...), anchorHoriz='center', anchorVert='center', antialias=True, autoLog=True, bold=False, color=array([1., 1., 1.]), colorSpace='rgb', contrast=1.0, depth=-2.0, flipHoriz=False, flipVert=False, font='Arial', fontFiles=[], height=0.04, italic=False, languageStyle='LTR', name='prac_reminder_text', opacity=1, ori=0, pos=array([0., 0.]), rgb=UNKNOWN, text=str(...), units='height', win=Window(...), wrapWidth=1.3)
15.4124 	INFO 	keyboard.Keyboard is using ptb backend.
15.4178 	EXP 	Created initFixation_img = ImageStim(__class__=<class 'psychopy.visual.image.ImageStim'>, autoLog=True, color=array([1., 1., 1.]), colorSpace='rgb', contrast=1.0, depth=0.0, flipHoriz=False, flipVert=False, image='sin', interpolate=True, mask=None, maskParams=None, name='initFixation_img', opacity=1, ori=0.0, pos=array([ 0.  , -0.05]), size=array([0.015, 0.015]), texRes=512, units='height', win=Window(...))
15.4227 	EXP 	Created prac_centerImg = ImageStim(__class__=<class 'psychopy.visual.image.ImageStim'>, autoLog=True, color=array([1., 1., 1.]), colorSpace='rgb', contrast=1.0, depth=-1.0, flipHoriz=False, flipVert=False, image='sin', interpolate=True, mask=None, maskParams=None, name='prac_centerImg', opacity=1, ori=0.0, pos=array([0., 0.]), size=array([0.18, 0.18]), texRes=512, units='height', win=Window(...))
15.4270 	EXP 	Created prac_rightImg1 = ImageStim(__class__=<class 'psychopy.visual.image.ImageStim'>, autoLog=True, color=array([1., 1., 1.]), colorSpace='rgb', contrast=1.0, depth=-2.0, flipHoriz=False, flipVert=False, image='sin', interpolate=True, mask=None, maskParams=None, name='prac_rightImg1', opacity=1, ori=0.0, pos=array([0., 0.]), size=array([0.18, 0.18]), texRes=512, units='height', win=Window(...))
15.4318 	EXP 	Created prac_leftImg1 = ImageStim(__class__=<class 'psychopy.visual.image.ImageStim'>, autoLog=True, color=array([1., 1., 1.]), colorSpace='rgb', contrast=1.0, depth=-3.0, flipHoriz=False, flipVert=False, image='sin', interpolate=True, mask=None, maskParams=None, name='prac_leftImg1', opacity=1, ori=0.0, pos=array([0., 0.]), size=array([0.18, 0.18]), texRes=512, units='height', win=Window(...))
15.4373 	EXP 	Created prac_fixImg = ImageStim(__class__=<class 'psychopy.visual.image.ImageStim'>, autoLog=True, color=array([1., 1., 1.]), colorSpace='rgb', contrast=1.0, depth=-4.0, flipHoriz=False, flipVert=False, image='sin', interpolate=True, mask=None, maskParams=None, name='prac_fixImg', opacity=1, ori=0.0, pos=array([ 0.  , -0.05]), size=array([0.015, 0.015]), texRes=512, units='height', win=Window(...))
15.7953 	INFO 	keyboard.Keyboard is using ptb backend.
15.7969 	EXP 	Created prac_blockFeed_text = TextStim(__class__=<class 'psychopy.visual.text.TextStim'>, alignHoriz=method-wrapper(...), alignText='center', alignVert=method-wrapper(...), anchorHoriz='center', anchorVert='center', antialias=True, autoLog=True, bold=False, color=array([1., 1., 1.]), colorSpace='rgb', contrast=1.0, depth=-1.0, flipHoriz=False, flipVert=False, font='Arial', fontFiles=[], height=0.04, italic=False, languageStyle='LTR', name='prac_blockFeed_text', opacity=1, ori=0, pos=array([0., 0.]), rgb=UNKNOWN, text='', units='height', win=Window(...), wrapWidth=1.3)
15.8016 	EXP 	Created prac_pressContinue = TextStim(__class__=<class 'psychopy.visual.text.TextStim'>, alignHoriz=method-wrapper(...), alignText='center', alignVert=method-wrapper(...), anchorHoriz='center', anchorVert='center', antialias=True, autoLog=True, bold=False, color=array([1., 1., 1.]), colorSpace='rgb', contrast=1.0, depth=-2.0, flipHoriz=False, flipVert=False, font='Arial', fontFiles=[], height=0.04, italic=False, languageStyle='LTR', name='prac_pressContinue', opacity=1, ori=0.0, pos=array([ 0. , -0.3]), rgb=UNKNOWN, text='Press the right key', units='height', win=Window(...), wrapWidth=1.3)
16.1259 	INFO 	keyboard.Keyboard is using ptb backend.
16.1781 	EXP 	Created cb_text1 = TextStim(__class__=<class 'psychopy.visual.text.TextStim'>, alignHoriz=method-wrapper(...), alignText='center', alignVert=method-wrapper(...), anchorHoriz='center', anchorVert='center', antialias=True, autoLog=True, bold=False, color=array([1., 1., 1.]), colorSpace='rgb', contrast=1.0, depth=0.0, flipHoriz=False, flipVert=False, font='Open Sans', fontFiles=[], height=0.04, italic=False, languageStyle='LTR', name='cb_text1', opacity=1, ori=0.0, pos=array([0., 0.]), rgb=UNKNOWN, text=str(...), units='height', win=Window(...), wrapWidth=1)
16.5182 	INFO 	keyboard.Keyboard is using ptb backend.
16.5201 	EXP 	Created firstT_text1 = TextStim(__class__=<class 'psychopy.visual.text.TextStim'>, alignHoriz=method-wrapper(...), alignText='center', alignVert=method-wrapper(...), anchorHoriz='center', anchorVert='center', antialias=True, autoLog=True, bold=False, color=array([1., 1., 1.]), colorSpace='rgb', contrast=1.0, depth=-1.0, flipHoriz=False, flipVert=False, font='Arial', fontFiles=[], height=0.06, italic=False, languageStyle='LTR', name='firstT_text1', opacity=1, ori=0.0, pos=array([0. , 0.3]), rgb=UNKNOWN, text='', units='height', win=Window(...), wrapWidth=1.3)
16.5533 	EXP 	Created firstT_text2 = TextStim(__class__=<class 'psychopy.visual.text.TextStim'>, alignHoriz=method-wrapper(...), alignText='center', alignVert=method-wrapper(...), anchorHoriz='center', anchorVert='center', antialias=True, autoLog=True, bold=False, color=array([1., 1., 1.]), colorSpace='rgb', contrast=1.0, depth=-2.0, flipHoriz=False, flipVert=False, font='Arial', fontFiles=[], height=0.04, italic=False, languageStyle='LTR', name='firstT_text2', opacity=1, ori=0, pos=array([0., 0.]), rgb=UNKNOWN, text=str(...), units='height', win=Window(...), wrapWidth=1.3)
16.8961 	INFO 	keyboard.Keyboard is using ptb backend.
16.9036 	EXP 	Created initFixation_img = ImageStim(__class__=<class 'psychopy.visual.image.ImageStim'>, autoLog=True, color=array([1., 1., 1.]), colorSpace='rgb', contrast=1.0, depth=0.0, flipHoriz=False, flipVert=False, image='sin', interpolate=True, mask=None, maskParams=None, name='initFixation_img', opacity=1, ori=0.0, pos=array([ 0.  , -0.05]), size=array([0.015, 0.015]), texRes=512, units='height', win=Window(...))
16.9111 	EXP 	Created bigFace_2 = ImageStim(__class__=<class 'psychopy.visual.image.ImageStim'>, autoLog=True, color=array([1., 1., 1.]), colorSpace='rgb', contrast=1.0, depth=-1.0, flipHoriz=False, flipVert=False, image='sin', interpolate=True, mask=None, maskParams=None, name='bigFace_2', opacity=1, ori=0.0, pos=array([0., 0.]), size=array([0.36, 0.36]), texRes=128.0, units='height', win=Window(...))
16.9964 	EXP 	Created cover_background = ImageStim(__class__=<class 'psychopy.visual.image.ImageStim'>, autoLog=True, color=array([1., 1., 1.]), colorSpace='rgb', contrast=1.0, depth=-2.0, flipHoriz=False, flipVert=False, image='img/cover_background.png', interpolate=True, mask=None, maskParams=None, name='cover_background', opacity=1, ori=0.0, pos=array([0., 0.]), size=array([0.65, 0.22]), texRes=128.0, units='height', win=Window(...))
17.0028 	EXP 	Created task_centerImg_3 = ImageStim(__class__=<class 'psychopy.visual.image.ImageStim'>, autoLog=True, color=array([1., 1., 1.]), colorSpace='rgb', contrast=1.0, depth=-3.0, flipHoriz=False, flipVert=False, image='sin', interpolate=True, mask=None, maskParams=None, name='task_centerImg_3', opacity=1, ori=0.0, pos=array([0., 0.]), size=array([0.18, 0.18]), texRes=512, units='height', win=Window(...))
17.0085 	EXP 	Created task_rightImg1_3 = ImageStim(__class__=<class 'psychopy.visual.image.ImageStim'>, autoLog=True, color=array([1., 1., 1.]), colorSpace='rgb', contrast=1.0, depth=-4.0, flipHoriz=False, flipVert=False, image='sin', interpolate=True, mask=None, maskParams=None, name='task_rightImg1_3', opacity=1, ori=0.0, pos=array([0., 0.]), size=array([0.18, 0.18]), texRes=512, units='height', win=Window(...))
17.0142 	EXP 	Created task_leftImg1_3 = ImageStim(__class__=<class 'psychopy.visual.image.ImageStim'>, autoLog=True, color=array([1., 1., 1.]), colorSpace='rgb', contrast=1.0, depth=-5.0, flipHoriz=False, flipVert=False, image='sin', interpolate=True, mask=None, maskParams=None, name='task_leftImg1_3', opacity=1, ori=0.0, pos=array([0., 0.]), size=array([0.18, 0.18]), texRes=512, units='height', win=Window(...))
17.0189 	EXP 	Created task_fixImg_3 = ImageStim(__class__=<class 'psychopy.visual.image.ImageStim'>, autoLog=True, color=array([1., 1., 1.]), colorSpace='rgb', contrast=1.0, depth=-6.0, flipHoriz=False, flipVert=False, image='sin', interpolate=True, mask=None, maskParams=None, name='task_fixImg_3', opacity=1, ori=0.0, pos=array([ 0.  , -0.05]), size=array([0.015, 0.015]), texRes=512, units='height', win=Window(...))
17.3497 	INFO 	keyboard.Keyboard is using ptb backend.
17.3523 	EXP 	Created fTfeed_text1_1 = TextStim(__class__=<class 'psychopy.visual.text.TextStim'>, alignHoriz=method-wrapper(...), alignText='center', alignVert=method-wrapper(...), anchorHoriz='center', anchorVert='center', antialias=True, autoLog=True, bold=False, color=array([1., 1., 1.]), colorSpace='rgb', contrast=1.0, depth=-1.0, flipHoriz=False, flipVert=False, font='Arial', fontFiles=[], height=0.12, italic=False, languageStyle='LTR', name='fTfeed_text1_1', opacity=1, ori=0, pos=array([0. , 0.1]), rgb=UNKNOWN, text='', units='height', win=Window(...), wrapWidth=1.8)
17.3539 	EXP 	Created fTFeed_text2_1 = TextStim(__class__=<class 'psychopy.visual.text.TextStim'>, alignHoriz=method-wrapper(...), alignText='center', alignVert=method-wrapper(...), anchorHoriz='center', anchorVert='center', antialias=True, autoLog=True, bold=False, color=array([1., 1., 1.]), colorSpace='rgb', contrast=1.0, depth=-2.0, flipHoriz=False, flipVert=False, font='Arial', fontFiles=[], height=0.04, italic=False, languageStyle='LTR', name='fTFeed_text2_1', opacity=1, ori=0, pos=array([ 0. , -0.3]), rgb=UNKNOWN, text='', units='height', win=Window(...), wrapWidth=1.3)
17.6909 	INFO 	keyboard.Keyboard is using ptb backend.
17.6937 	EXP 	Created firstT_text1 = TextStim(__class__=<class 'psychopy.visual.text.TextStim'>, alignHoriz=method-wrapper(...), alignText='center', alignVert=method-wrapper(...), anchorHoriz='center', anchorVert='center', antialias=True, autoLog=True, bold=False, color=array([1., 1., 1.]), colorSpace='rgb', contrast=1.0, depth=-1.0, flipHoriz=False, flipVert=False, font='Arial', fontFiles=[], height=0.06, italic=False, languageStyle='LTR', name='firstT_text1', opacity=1, ori=0.0, pos=array([0. , 0.3]), rgb=UNKNOWN, text='', units='height', win=Window(...), wrapWidth=1.3)
17.7154 	EXP 	Created firstT_text2 = TextStim(__class__=<class 'psychopy.visual.text.TextStim'>, alignHoriz=method-wrapper(...), alignText='center', alignVert=method-wrapper(...), anchorHoriz='center', anchorVert='center', antialias=True, autoLog=True, bold=False, color=array([1., 1., 1.]), colorSpace='rgb', contrast=1.0, depth=-2.0, flipHoriz=False, flipVert=False, font='Arial', fontFiles=[], height=0.04, italic=False, languageStyle='LTR', name='firstT_text2', opacity=1, ori=0, pos=array([0., 0.]), rgb=UNKNOWN, text=str(...), units='height', win=Window(...), wrapWidth=1.3)
18.0643 	INFO 	keyboard.Keyboard is using ptb backend.
18.0695 	EXP 	Created initFixation_img = ImageStim(__class__=<class 'psychopy.visual.image.ImageStim'>, autoLog=True, color=array([1., 1., 1.]), colorSpace='rgb', contrast=1.0, depth=0.0, flipHoriz=False, flipVert=False, image='sin', interpolate=True, mask=None, maskParams=None, name='initFixation_img', opacity=1, ori=0.0, pos=array([ 0.  , -0.05]), size=array([0.015, 0.015]), texRes=512, units='height', win=Window(...))
18.0742 	EXP 	Created bigFace = ImageStim(__class__=<class 'psychopy.visual.image.ImageStim'>, autoLog=True, color=array([1., 1., 1.]), colorSpace='rgb', contrast=1.0, depth=-1.0, flipHoriz=False, flipVert=False, image='sin', interpolate=True, mask=None, maskParams=None, name='bigFace', opacity=1, ori=0.0, pos=array([0., 0.]), size=array([0.36, 0.36]), texRes=128.0, units='height', win=Window(...))
18.0788 	EXP 	Created task_centerImg_2 = ImageStim(__class__=<class 'psychopy.visual.image.ImageStim'>, autoLog=True, color=array([1., 1., 1.]), colorSpace='rgb', contrast=1.0, depth=-2.0, flipHoriz=False, flipVert=False, image='sin', interpolate=True, mask=None, maskParams=None, name='task_centerImg_2', opacity=1, ori=0.0, pos=array([0., 0.]), size=array([0.18, 0.18]), texRes=512, units='height', win=Window(...))
18.0841 	EXP 	Created task_rightImg1_2 = ImageStim(__class__=<class 'psychopy.visual.image.ImageStim'>, autoLog=True, color=array([1., 1., 1.]), colorSpace='rgb', contrast=1.0, depth=-3.0, flipHoriz=False, flipVert=False, image='sin', interpolate=True, mask=None, maskParams=None, name='task_rightImg1_2', opacity=1, ori=0.0, pos=array([0., 0.]), size=array([0.18, 0.18]), texRes=512, units='height', win=Window(...))
18.0896 	EXP 	Created task_leftImg1_2 = ImageStim(__class__=<class 'psychopy.visual.image.ImageStim'>, autoLog=True, color=array([1., 1., 1.]), colorSpace='rgb', contrast=1.0, depth=-4.0, flipHoriz=False, flipVert=False, image='sin', interpolate=True, mask=None, maskParams=None, name='task_leftImg1_2', opacity=1, ori=0.0, pos=array([0., 0.]), size=array([0.18, 0.18]), texRes=512, units='height', win=Window(...))
18.0950 	EXP 	Created task_fixImg_2 = ImageStim(__class__=<class 'psychopy.visual.image.ImageStim'>, autoLog=True, color=array([1., 1., 1.]), colorSpace='rgb', contrast=1.0, depth=-5.0, flipHoriz=False, flipVert=False, image='sin', interpolate=True, mask=None, maskParams=None, name='task_fixImg_2', opacity=1, ori=0.0, pos=array([ 0.  , -0.05]), size=array([0.015, 0.015]), texRes=512, units='height', win=Window(...))
18.4195 	INFO 	keyboard.Keyboard is using ptb backend.
18.4213 	EXP 	Created sTfeed_text1 = TextStim(__class__=<class 'psychopy.visual.text.TextStim'>, alignHoriz=method-wrapper(...), alignText='center', alignVert=method-wrapper(...), anchorHoriz='center', anchorVert='center', antialias=True, autoLog=True, bold=False, color=array([1., 1., 1.]), colorSpace='rgb', contrast=1.0, depth=-1.0, flipHoriz=False, flipVert=False, font='Arial', fontFiles=[], height=0.12, italic=False, languageStyle='LTR', name='sTfeed_text1', opacity=1, ori=0, pos=array([0. , 0.1]), rgb=UNKNOWN, text='', units='height', win=Window(...), wrapWidth=1.8)
18.4231 	EXP 	Created scFeed_text2 = TextStim(__class__=<class 'psychopy.visual.text.TextStim'>, alignHoriz=method-wrapper(...), alignText='center', alignVert=method-wrapper(...), anchorHoriz='center', anchorVert='center', antialias=True, autoLog=True, bold=False, color=array([1., 1., 1.]), colorSpace='rgb', contrast=1.0, depth=-2.0, flipHoriz=False, flipVert=False, font='Arial', fontFiles=[], height=0.04, italic=False, languageStyle='LTR', name='scFeed_text2', opacity=1, ori=0, pos=array([ 0. , -0.3]), rgb=UNKNOWN, text='', units='height', win=Window(...), wrapWidth=1.3)
18.7651 	INFO 	keyboard.Keyboard is using ptb backend.
18.7933 	EXP 	Created instruct_surprise1 = TextStim(__class__=<class 'psychopy.visual.text.TextStim'>, alignHoriz=method-wrapper(...), alignText='center', alignVert=method-wrapper(...), anchorHoriz='center', anchorVert='center', antialias=True, autoLog=True, bold=False, color=array([1., 1., 1.]), colorSpace='rgb', contrast=1.0, depth=0.0, flipHoriz=False, flipVert=False, font='Open Sans', fontFiles=[], height=0.04, italic=False, languageStyle='LTR', name='instruct_surprise1', opacity=1, ori=0.0, pos=array([0., 0.]), rgb=UNKNOWN, text=str(...), units='height', win=Window(...), wrapWidth=1)
19.0981 	INFO 	keyboard.Keyboard is using ptb backend.
19.1160 	EXP 	Created cb_text1_2 = TextStim(__class__=<class 'psychopy.visual.text.TextStim'>, alignHoriz=method-wrapper(...), alignText='center', alignVert=method-wrapper(...), anchorHoriz='center', anchorVert='center', antialias=True, autoLog=True, bold=False, color=array([1., 1., 1.]), colorSpace='rgb', contrast=1.0, depth=0.0, flipHoriz=False, flipVert=False, font='Open Sans', fontFiles=[], height=0.04, italic=False, languageStyle='LTR', name='cb_text1_2', opacity=1, ori=0.0, pos=array([0., 0.]), rgb=UNKNOWN, text=str(...), units='height', win=Window(...), wrapWidth=1)
19.4518 	INFO 	keyboard.Keyboard is using ptb backend.
19.4547 	EXP 	Created instructMainTask_text = TextStim(__class__=<class 'psychopy.visual.text.TextStim'>, alignHoriz=method-wrapper(...), alignText='center', alignVert=method-wrapper(...), anchorHoriz='center', anchorVert='center', antialias=True, autoLog=True, bold=False, color=array([1., 1., 1.]), colorSpace='rgb', contrast=1.0, depth=0.0, flipHoriz=False, flipVert=False, font='Arial', fontFiles=[], height=0.04, italic=False, languageStyle='LTR', name='instructMainTask_text', opacity=1, ori=0, pos=array([0., 0.]), rgb=UNKNOWN, text='', units='height', win=Window(...), wrapWidth=1.3)
19.8437 	INFO 	keyboard.Keyboard is using ptb backend.
19.8510 	EXP 	Created stimulus = ImageStim(__class__=<class 'psychopy.visual.image.ImageStim'>, autoLog=True, color=array([1., 1., 1.]), colorSpace='rgb', contrast=1.0, depth=0.0, flipHoriz=False, flipVert=False, image='sin', interpolate=True, mask=None, maskParams=None, name='stimulus', opacity=1, ori=0.0, pos=array([0. , 0.2]), size=array([0.5, 0.5]), texRes=128.0, units='height', win=Window(...))
19.8543 	EXP 	Created instructsurpA1_right = TextStim(__class__=<class 'psychopy.visual.text.TextStim'>, alignHoriz=method-wrapper(...), alignText='center', alignVert=method-wrapper(...), anchorHoriz='center', anchorVert='center', antialias=True, autoLog=True, bold=False, color=array([1., 1., 1.]), colorSpace='rgb', contrast=1.0, depth=-1.0, flipHoriz=False, flipVert=False, font='Open Sans', fontFiles=[], height=0.025, italic=False, languageStyle='LTR', name='instructsurpA1_right', opacity=1, ori=0.0, pos=array([0., 0.]), rgb=UNKNOWN, text='', units='height', win=Window(...), wrapWidth=1)
19.8577 	EXP 	Created instructsurpA2_left = TextStim(__class__=<class 'psychopy.visual.text.TextStim'>, alignHoriz=method-wrapper(...), alignText='center', alignVert=method-wrapper(...), anchorHoriz='center', anchorVert='center', antialias=True, autoLog=True, bold=False, color=array([1., 1., 1.]), colorSpace='rgb', contrast=1.0, depth=-2.0, flipHoriz=False, flipVert=False, font='Open Sans', fontFiles=[], height=0.025, italic=False, languageStyle='LTR', name='instructsurpA2_left', opacity=1, ori=0.0, pos=array([-0.4 , -0.03]), rgb=UNKNOWN, text='', units='height', win=Window(...), wrapWidth=1)
20.1830 	INFO 	keyboard.Keyboard is using ptb backend.
20.1847 	EXP 	Created instructMainTask_text_2 = TextStim(__class__=<class 'psychopy.visual.text.TextStim'>, alignHoriz=method-wrapper(...), alignText='center', alignVert=method-wrapper(...), anchorHoriz='center', anchorVert='center', antialias=True, autoLog=True, bold=False, color=array([1., 1., 1.]), colorSpace='rgb', contrast=1.0, depth=0.0, flipHoriz=False, flipVert=False, font='Arial', fontFiles=[], height=0.04, italic=False, languageStyle='LTR', name='instructMainTask_text_2', opacity=1, ori=0, pos=array([0., 0.]), rgb=UNKNOWN, text='', units='height', win=Window(...), wrapWidth=1.3)
20.5148 	INFO 	keyboard.Keyboard is using ptb backend.
20.5195 	EXP 	Created stimulus_2 = ImageStim(__class__=<class 'psychopy.visual.image.ImageStim'>, autoLog=True, color=array([1., 1., 1.]), colorSpace='rgb', contrast=1.0, depth=0.0, flipHoriz=False, flipVert=False, image='sin', interpolate=True, mask=None, maskParams=None, name='stimulus_2', opacity=1, ori=0.0, pos=array([0. , 0.2]), size=array([0.5, 0.5]), texRes=128.0, units='height', win=Window(...))
20.5210 	EXP 	Created instructsurpA1_right_2 = TextStim(__class__=<class 'psychopy.visual.text.TextStim'>, alignHoriz=method-wrapper(...), alignText='center', alignVert=method-wrapper(...), anchorHoriz='center', anchorVert='center', antialias=True, autoLog=True, bold=False, color=array([1., 1., 1.]), colorSpace='rgb', contrast=1.0, depth=-1.0, flipHoriz=False, flipVert=False, font='Open Sans', fontFiles=[], height=0.025, italic=False, languageStyle='LTR', name='instructsurpA1_right_2', opacity=1, ori=0.0, pos=array([0., 0.]), rgb=UNKNOWN, text='', units='height', win=Window(...), wrapWidth=1)
20.5225 	EXP 	Created instructsurpA2_left_2 = TextStim(__class__=<class 'psychopy.visual.text.TextStim'>, alignHoriz=method-wrapper(...), alignText='center', alignVert=method-wrapper(...), anchorHoriz='center', anchorVert='center', antialias=True, autoLog=True, bold=False, color=array([1., 1., 1.]), colorSpace='rgb', contrast=1.0, depth=-2.0, flipHoriz=False, flipVert=False, font='Open Sans', fontFiles=[], height=0.025, italic=False, languageStyle='LTR', name='instructsurpA2_left_2', opacity=1, ori=0.0, pos=array([-0.4 , -0.03]), rgb=UNKNOWN, text='', units='height', win=Window(...), wrapWidth=1)
20.8572 	INFO 	keyboard.Keyboard is using ptb backend.
20.8711 	EXP 	Created finishMessage_text = TextStim(__class__=<class 'psychopy.visual.text.TextStim'>, alignHoriz=method-wrapper(...), alignText='center', alignVert=method-wrapper(...), anchorHoriz='center', anchorVert='center', antialias=True, autoLog=True, bold=False, color=array([1., 1., 1.]), colorSpace='rgb', contrast=1.0, depth=0.0, flipHoriz=False, flipVert=False, font='Arial', fontFiles=[], height=0.04, italic=False, languageStyle='LTR', name='finishMessage_text', opacity=1, ori=0, pos=array([0., 0.]), rgb=UNKNOWN, text='Thank you for your participation!', units='height', win=Window(...), wrapWidth=1.3)
20.8834 	EXP 	welcome_text: autoDraw = True
22.4256 	DATA 	Keypress: 8
22.4323 	EXP 	welcome_text: autoDraw = False
22.4323 	EXP 	instructRight_text: autoDraw = True
22.4323 	EXP 	instructRight_centerImg: autoDraw = True
22.4323 	EXP 	instructRight_rightImg1: autoDraw = True
22.4323 	EXP 	instructRight_leftImg1: autoDraw = True
22.8689 	DATA 	Keypress: 8
22.8759 	EXP 	instructRight_text: autoDraw = False
22.8759 	EXP 	instructRight_centerImg: autoDraw = False
22.8759 	EXP 	instructRight_rightImg1: autoDraw = False
22.8759 	EXP 	instructRight_leftImg1: autoDraw = False
22.8759 	EXP 	instructLeft_text: autoDraw = True
22.8759 	EXP 	instructLeft_centerImg: autoDraw = True
22.8759 	EXP 	instructLeft_rightImg1: autoDraw = True
22.8759 	EXP 	instructLeft_leftImg1: autoDraw = True
23.8662 	DATA 	Keypress: 1
23.8755 	EXP 	instructLeft_text: autoDraw = False
23.8755 	EXP 	instructLeft_centerImg: autoDraw = False
23.8755 	EXP 	instructLeft_rightImg1: autoDraw = False
23.8755 	EXP 	instructLeft_leftImg1: autoDraw = False
23.8755 	EXP 	instructInconRight_text: autoDraw = True
23.8755 	EXP 	instructIncon_centerImg: autoDraw = True
23.8755 	EXP 	instructIncon_rightImg1: autoDraw = True
23.8755 	EXP 	instructIncon_leftImg1: autoDraw = True
24.4645 	DATA 	Keypress: 8
24.4752 	EXP 	instructInconRight_text: autoDraw = False
24.4752 	EXP 	instructIncon_centerImg: autoDraw = False
24.4752 	EXP 	instructIncon_rightImg1: autoDraw = False
24.4752 	EXP 	instructIncon_leftImg1: autoDraw = False
24.4752 	EXP 	instructInconLeft_text: autoDraw = True
24.4752 	EXP 	instructInconLeft_centerImg: autoDraw = True
24.4752 	EXP 	instructInconLeft_rightImg1: autoDraw = True
24.4752 	EXP 	instructInconLeft_leftImg1: autoDraw = True
24.8655 	DEBUG 	Read csv file with pandas: blockSelect_practice.csv
24.8687 	DEBUG 	Clearing unnamed columns from blockSelect_practice.csv
24.8690 	EXP 	Imported blockSelect_practice.csv as conditions, 1 conditions, 1 params
24.8814 	EXP 	Created sequence: random, trialTypes=1, nReps=999, seed=None
24.8898 	EXP 	New trial (rep=0, index=0): OrderedDict([('whichBlock', 'trialTable_practice.csv')])
24.8958 	DATA 	Keypress: 1
24.9004 	EXP 	instructInconLeft_text: autoDraw = False
24.9004 	EXP 	instructInconLeft_centerImg: autoDraw = False
24.9004 	EXP 	instructInconLeft_rightImg1: autoDraw = False
24.9004 	EXP 	instructInconLeft_leftImg1: autoDraw = False
24.9004 	EXP 	prac_blockText: autoDraw = True
24.9004 	EXP 	prac_reminder_text: autoDraw = True
25.5210 	DATA 	Keypress: 8
25.5258 	EXP 	prac_blockText: autoDraw = False
25.5258 	EXP 	prac_reminder_text: autoDraw = False
25.5258 	EXP 	initFixation_img: image = 'img/fixationCross.png'
25.5258 	EXP 	initFixation_img: autoDraw = True
27.5219 	DEBUG 	Read csv file with pandas: trialTable_practice.csv
27.5240 	DEBUG 	Clearing unnamed columns from trialTable_practice.csv
27.5269 	EXP 	Imported trialTable_practice.csv as conditions, 20 conditions, 9 params
27.5274 	EXP 	Created sequence: random, trialTypes=20, nReps=1, seed=None
27.5278 	EXP 	New trial (rep=0, index=0): OrderedDict([('middleStim', 'img/renders/face040_45.png'), ('leftStim', 'img/renders/face040_-45.png'), ('rightStim', 'img/renders/face040_-45.png'), ('stimNum', 7), ('congruent', 0), ('target', 'right'), ('locationC', [0.058, 0]), ('locationR', [0.14, 0]), ('locationL', [-0.14, 0])])
27.5715 	EXP 	initFixation_img: autoDraw = False
27.5715 	EXP 	prac_centerImg: pos = array([0.058, 0.   ])
27.5715 	EXP 	prac_centerImg: image = 'img/renders/face040_45.png'
27.5715 	EXP 	prac_rightImg1: pos = array([0.14, 0.  ])
27.5715 	EXP 	prac_rightImg1: image = 'img/renders/face040_-45.png'
27.5715 	EXP 	prac_leftImg1: pos = array([-0.14,  0.  ])
27.5715 	EXP 	prac_leftImg1: image = 'img/renders/face040_-45.png'
27.5715 	EXP 	prac_fixImg: image = 'img/fixationCross.png'
27.5715 	EXP 	prac_centerImg: autoDraw = True
27.5715 	EXP 	prac_rightImg1: autoDraw = True
27.5715 	EXP 	prac_leftImg1: autoDraw = True
27.5715 	EXP 	prac_fixImg: autoDraw = True
27.7742 	EXP 	prac_centerImg: autoDraw = False
27.7742 	EXP 	prac_rightImg1: autoDraw = False
27.7742 	EXP 	prac_leftImg1: autoDraw = False
28.2100 	DATA 	Keypress: 8
29.3087 	EXP 	New trial (rep=0, index=1): OrderedDict([('middleStim', 'img/renders/face351_45.png'), ('leftStim', 'img/renders/face351_-45.png'), ('rightStim', 'img/renders/face351_-45.png'), ('stimNum', 7), ('congruent', 0), ('target', 'right'), ('locationC', [0.058, 0]), ('locationR', [0.14, 0]), ('locationL', [-0.14, 0])])
29.3461 	EXP 	prac_fixImg: autoDraw = False
29.3461 	EXP 	prac_centerImg: autoDraw = False
29.3461 	EXP 	prac_rightImg1: autoDraw = False
29.3461 	EXP 	prac_leftImg1: autoDraw = False
29.3461 	EXP 	prac_fixImg: autoDraw = False
29.3461 	EXP 	prac_centerImg: pos = array([0.058, 0.   ])
29.3461 	EXP 	prac_centerImg: image = 'img/renders/face351_45.png'
29.3461 	EXP 	prac_rightImg1: pos = array([0.14, 0.  ])
29.3461 	EXP 	prac_rightImg1: image = 'img/renders/face351_-45.png'
29.3461 	EXP 	prac_leftImg1: pos = array([-0.14,  0.  ])
29.3461 	EXP 	prac_leftImg1: image = 'img/renders/face351_-45.png'
29.3461 	EXP 	prac_fixImg: image = 'img/fixationCross.png'
29.3461 	EXP 	prac_centerImg: autoDraw = True
29.3461 	EXP 	prac_rightImg1: autoDraw = True
29.3461 	EXP 	prac_leftImg1: autoDraw = True
29.3461 	EXP 	prac_fixImg: autoDraw = True
29.5573 	EXP 	prac_centerImg: autoDraw = False
29.5573 	EXP 	prac_rightImg1: autoDraw = False
29.5573 	EXP 	prac_leftImg1: autoDraw = False
29.6937 	DATA 	Keypress: 1
31.2917 	EXP 	New trial (rep=0, index=2): OrderedDict([('middleStim', 'img/renders/face581_45.png'), ('leftStim', 'img/renders/face581_45.png'), ('rightStim', 'img/renders/face581_45.png'), ('stimNum', 5), ('congruent', 1), ('target', 'right'), ('locationC', [0, 0]), ('locationR', [0.13, 0]), ('locationL', [-0.13, 0])])
31.3262 	EXP 	prac_fixImg: autoDraw = False
31.3262 	EXP 	prac_centerImg: autoDraw = False
31.3262 	EXP 	prac_rightImg1: autoDraw = False
31.3262 	EXP 	prac_leftImg1: autoDraw = False
31.3262 	EXP 	prac_fixImg: autoDraw = False
31.3262 	EXP 	prac_centerImg: pos = array([0., 0.])
31.3262 	EXP 	prac_centerImg: image = 'img/renders/face581_45.png'
31.3262 	EXP 	prac_rightImg1: pos = array([0.13, 0.  ])
31.3262 	EXP 	prac_rightImg1: image = 'img/renders/face581_45.png'
31.3262 	EXP 	prac_leftImg1: pos = array([-0.13,  0.  ])
31.3262 	EXP 	prac_leftImg1: image = 'img/renders/face581_45.png'
31.3262 	EXP 	prac_fixImg: image = 'img/fixationCross.png'
31.3262 	EXP 	prac_centerImg: autoDraw = True
31.3262 	EXP 	prac_rightImg1: autoDraw = True
31.3262 	EXP 	prac_leftImg1: autoDraw = True
31.3262 	EXP 	prac_fixImg: autoDraw = True
31.5405 	EXP 	prac_centerImg: autoDraw = False
31.5405 	EXP 	prac_rightImg1: autoDraw = False
31.5405 	EXP 	prac_leftImg1: autoDraw = False
31.7432 	DATA 	Keypress: 8
32.9411 	EXP 	New trial (rep=0, index=3): OrderedDict([('middleStim', 'img/renders/face704_45.png'), ('leftStim', 'img/renders/face704_45.png'), ('rightStim', 'img/renders/face704_45.png'), ('stimNum', 5), ('congruent', 1), ('target', 'right'), ('locationC', [0, 0]), ('locationR', [0.13, 0]), ('locationL', [-0.13, 0])])
32.9776 	EXP 	prac_fixImg: autoDraw = False
32.9776 	EXP 	prac_centerImg: autoDraw = False
32.9776 	EXP 	prac_rightImg1: autoDraw = False
32.9776 	EXP 	prac_leftImg1: autoDraw = False
32.9776 	EXP 	prac_fixImg: autoDraw = False
32.9776 	EXP 	prac_centerImg: pos = array([0., 0.])
32.9776 	EXP 	prac_centerImg: image = 'img/renders/face704_45.png'
32.9776 	EXP 	prac_rightImg1: pos = array([0.13, 0.  ])
32.9776 	EXP 	prac_rightImg1: image = 'img/renders/face704_45.png'
32.9776 	EXP 	prac_leftImg1: pos = array([-0.13,  0.  ])
32.9776 	EXP 	prac_leftImg1: image = 'img/renders/face704_45.png'
32.9776 	EXP 	prac_fixImg: image = 'img/fixationCross.png'
32.9776 	EXP 	prac_centerImg: autoDraw = True
32.9776 	EXP 	prac_rightImg1: autoDraw = True
32.9776 	EXP 	prac_leftImg1: autoDraw = True
32.9776 	EXP 	prac_fixImg: autoDraw = True
33.1895 	EXP 	prac_centerImg: autoDraw = False
33.1895 	EXP 	prac_rightImg1: autoDraw = False
33.1895 	EXP 	prac_leftImg1: autoDraw = False
33.3422 	DATA 	Keypress: 8
34.7418 	EXP 	New trial (rep=0, index=4): OrderedDict([('middleStim', 'img/renders/face013_-45.png'), ('leftStim', 'img/renders/face013_-45.png'), ('rightStim', 'img/renders/face013_-45.png'), ('stimNum', 6), ('congruent', 1), ('target', 'left'), ('locationC', [0, 0]), ('locationR', [0.13, 0]), ('locationL', [-0.13, 0])])
34.7883 	EXP 	prac_fixImg: autoDraw = False
34.7883 	EXP 	prac_centerImg: autoDraw = False
34.7883 	EXP 	prac_rightImg1: autoDraw = False
34.7883 	EXP 	prac_leftImg1: autoDraw = False
34.7883 	EXP 	prac_fixImg: autoDraw = False
34.7883 	EXP 	prac_centerImg: pos = array([0., 0.])
34.7883 	EXP 	prac_centerImg: image = 'img/renders/face013_-45.png'
34.7883 	EXP 	prac_rightImg1: pos = array([0.13, 0.  ])
34.7883 	EXP 	prac_rightImg1: image = 'img/renders/face013_-45.png'
34.7883 	EXP 	prac_leftImg1: pos = array([-0.13,  0.  ])
34.7883 	EXP 	prac_leftImg1: image = 'img/renders/face013_-45.png'
34.7883 	EXP 	prac_fixImg: image = 'img/fixationCross.png'
34.7883 	EXP 	prac_centerImg: autoDraw = True
34.7883 	EXP 	prac_rightImg1: autoDraw = True
34.7883 	EXP 	prac_leftImg1: autoDraw = True
34.7883 	EXP 	prac_fixImg: autoDraw = True
34.9893 	EXP 	prac_centerImg: autoDraw = False
34.9893 	EXP 	prac_rightImg1: autoDraw = False
34.9893 	EXP 	prac_leftImg1: autoDraw = False
35.1428 	DATA 	Keypress: 1
36.3409 	EXP 	New trial (rep=0, index=5): OrderedDict([('middleStim', 'img/renders/face211_45.png'), ('leftStim', 'img/renders/face211_45.png'), ('rightStim', 'img/renders/face211_45.png'), ('stimNum', 5), ('congruent', 1), ('target', 'right'), ('locationC', [0, 0]), ('locationR', [0.13, 0]), ('locationL', [-0.13, 0])])
36.3768 	EXP 	prac_fixImg: autoDraw = False
36.3768 	EXP 	prac_centerImg: autoDraw = False
36.3768 	EXP 	prac_rightImg1: autoDraw = False
36.3768 	EXP 	prac_leftImg1: autoDraw = False
36.3768 	EXP 	prac_fixImg: autoDraw = False
36.3768 	EXP 	prac_centerImg: pos = array([0., 0.])
36.3768 	EXP 	prac_centerImg: image = 'img/renders/face211_45.png'
36.3768 	EXP 	prac_rightImg1: pos = array([0.13, 0.  ])
36.3768 	EXP 	prac_rightImg1: image = 'img/renders/face211_45.png'
36.3768 	EXP 	prac_leftImg1: pos = array([-0.13,  0.  ])
36.3768 	EXP 	prac_leftImg1: image = 'img/renders/face211_45.png'
36.3768 	EXP 	prac_fixImg: image = 'img/fixationCross.png'
36.3768 	EXP 	prac_centerImg: autoDraw = True
36.3768 	EXP 	prac_rightImg1: autoDraw = True
36.3768 	EXP 	prac_leftImg1: autoDraw = True
36.3768 	EXP 	prac_fixImg: autoDraw = True
36.5888 	EXP 	prac_centerImg: autoDraw = False
36.5888 	EXP 	prac_rightImg1: autoDraw = False
36.5888 	EXP 	prac_leftImg1: autoDraw = False
36.7919 	DATA 	Keypress: 8
38.1894 	EXP 	New trial (rep=0, index=6): OrderedDict([('middleStim', 'img/renders/face482_45.png'), ('leftStim', 'img/renders/face482_45.png'), ('rightStim', 'img/renders/face482_45.png'), ('stimNum', 5), ('congruent', 1), ('target', 'right'), ('locationC', [0, 0]), ('locationR', [0.13, 0]), ('locationL', [-0.13, 0])])
38.2248 	EXP 	prac_fixImg: autoDraw = False
38.2248 	EXP 	prac_centerImg: autoDraw = False
38.2248 	EXP 	prac_rightImg1: autoDraw = False
38.2248 	EXP 	prac_leftImg1: autoDraw = False
38.2248 	EXP 	prac_fixImg: autoDraw = False
38.2248 	EXP 	prac_centerImg: pos = array([0., 0.])
38.2248 	EXP 	prac_centerImg: image = 'img/renders/face482_45.png'
38.2248 	EXP 	prac_rightImg1: pos = array([0.13, 0.  ])
38.2248 	EXP 	prac_rightImg1: image = 'img/renders/face482_45.png'
38.2248 	EXP 	prac_leftImg1: pos = array([-0.13,  0.  ])
38.2248 	EXP 	prac_leftImg1: image = 'img/renders/face482_45.png'
38.2248 	EXP 	prac_fixImg: image = 'img/fixationCross.png'
38.2248 	EXP 	prac_centerImg: autoDraw = True
38.2248 	EXP 	prac_rightImg1: autoDraw = True
38.2248 	EXP 	prac_leftImg1: autoDraw = True
38.2248 	EXP 	prac_fixImg: autoDraw = True
38.4381 	EXP 	prac_centerImg: autoDraw = False
38.4381 	EXP 	prac_rightImg1: autoDraw = False
38.4381 	EXP 	prac_leftImg1: autoDraw = False
38.5243 	DATA 	Keypress: 1
40.2061 	EXP 	New trial (rep=0, index=7): OrderedDict([('middleStim', 'img/renders/face634_-45.png'), ('leftStim', 'img/renders/face634_-45.png'), ('rightStim', 'img/renders/face634_-45.png'), ('stimNum', 6), ('congruent', 1), ('target', 'left'), ('locationC', [0, 0]), ('locationR', [0.13, 0]), ('locationL', [-0.13, 0])])
40.2390 	EXP 	prac_fixImg: autoDraw = False
40.2390 	EXP 	prac_centerImg: autoDraw = False
40.2390 	EXP 	prac_rightImg1: autoDraw = False
40.2390 	EXP 	prac_leftImg1: autoDraw = False
40.2390 	EXP 	prac_fixImg: autoDraw = False
40.2390 	EXP 	prac_centerImg: pos = array([0., 0.])
40.2390 	EXP 	prac_centerImg: image = 'img/renders/face634_-45.png'
40.2390 	EXP 	prac_rightImg1: pos = array([0.13, 0.  ])
40.2390 	EXP 	prac_rightImg1: image = 'img/renders/face634_-45.png'
40.2390 	EXP 	prac_leftImg1: pos = array([-0.13,  0.  ])
40.2390 	EXP 	prac_leftImg1: image = 'img/renders/face634_-45.png'
40.2390 	EXP 	prac_fixImg: image = 'img/fixationCross.png'
40.2390 	EXP 	prac_centerImg: autoDraw = True
40.2390 	EXP 	prac_rightImg1: autoDraw = True
40.2390 	EXP 	prac_leftImg1: autoDraw = True
40.2390 	EXP 	prac_fixImg: autoDraw = True
40.4555 	EXP 	prac_centerImg: autoDraw = False
40.4555 	EXP 	prac_rightImg1: autoDraw = False
40.4555 	EXP 	prac_leftImg1: autoDraw = False
40.7399 	DATA 	Keypress: 1
41.7888 	EXP 	New trial (rep=0, index=8): OrderedDict([('middleStim', 'img/renders/face028_45.png'), ('leftStim', 'img/renders/face028_-45.png'), ('rightStim', 'img/renders/face028_-45.png'), ('stimNum', 7), ('congruent', 0), ('target', 'right'), ('locationC', [0.058, 0]), ('locationR', [0.14, 0]), ('locationL', [-0.14, 0])])
41.8239 	EXP 	prac_fixImg: autoDraw = False
41.8239 	EXP 	prac_centerImg: autoDraw = False
41.8239 	EXP 	prac_rightImg1: autoDraw = False
41.8239 	EXP 	prac_leftImg1: autoDraw = False
41.8239 	EXP 	prac_fixImg: autoDraw = False
41.8239 	EXP 	prac_centerImg: pos = array([0.058, 0.   ])
41.8239 	EXP 	prac_centerImg: image = 'img/renders/face028_45.png'
41.8239 	EXP 	prac_rightImg1: pos = array([0.14, 0.  ])
41.8239 	EXP 	prac_rightImg1: image = 'img/renders/face028_-45.png'
41.8239 	EXP 	prac_leftImg1: pos = array([-0.14,  0.  ])
41.8239 	EXP 	prac_leftImg1: image = 'img/renders/face028_-45.png'
41.8239 	EXP 	prac_fixImg: image = 'img/fixationCross.png'
41.8239 	EXP 	prac_centerImg: autoDraw = True
41.8239 	EXP 	prac_rightImg1: autoDraw = True
41.8239 	EXP 	prac_leftImg1: autoDraw = True
41.8239 	EXP 	prac_fixImg: autoDraw = True
42.0381 	EXP 	prac_centerImg: autoDraw = False
42.0381 	EXP 	prac_rightImg1: autoDraw = False
42.0381 	EXP 	prac_leftImg1: autoDraw = False
42.2400 	DATA 	Keypress: 8
43.4881 	EXP 	New trial (rep=0, index=9): OrderedDict([('middleStim', 'img/renders/face994_45.png'), ('leftStim', 'img/renders/face994_45.png'), ('rightStim', 'img/renders/face994_45.png'), ('stimNum', 5), ('congruent', 1), ('target', 'right'), ('locationC', [0, 0]), ('locationR', [0.13, 0]), ('locationL', [-0.13, 0])])
43.5235 	EXP 	prac_fixImg: autoDraw = False
43.5235 	EXP 	prac_centerImg: autoDraw = False
43.5235 	EXP 	prac_rightImg1: autoDraw = False
43.5235 	EXP 	prac_leftImg1: autoDraw = False
43.5235 	EXP 	prac_fixImg: autoDraw = False
43.5235 	EXP 	prac_centerImg: pos = array([0., 0.])
43.5235 	EXP 	prac_centerImg: image = 'img/renders/face994_45.png'
43.5235 	EXP 	prac_rightImg1: pos = array([0.13, 0.  ])
43.5235 	EXP 	prac_rightImg1: image = 'img/renders/face994_45.png'
43.5235 	EXP 	prac_leftImg1: pos = array([-0.13,  0.  ])
43.5235 	EXP 	prac_leftImg1: image = 'img/renders/face994_45.png'
43.5235 	EXP 	prac_fixImg: image = 'img/fixationCross.png'
43.5235 	EXP 	prac_centerImg: autoDraw = True
43.5235 	EXP 	prac_rightImg1: autoDraw = True
43.5235 	EXP 	prac_leftImg1: autoDraw = True
43.5235 	EXP 	prac_fixImg: autoDraw = True
43.7372 	EXP 	prac_centerImg: autoDraw = False
43.7372 	EXP 	prac_rightImg1: autoDraw = False
43.7372 	EXP 	prac_leftImg1: autoDraw = False
43.9889 	DATA 	Keypress: 8
45.0873 	EXP 	New trial (rep=0, index=10): OrderedDict([('middleStim', 'img/renders/face586_-45.png'), ('leftStim', 'img/renders/face586_-45.png'), ('rightStim', 'img/renders/face586_-45.png'), ('stimNum', 6), ('congruent', 1), ('target', 'left'), ('locationC', [0, 0]), ('locationR', [0.13, 0]), ('locationL', [-0.13, 0])])
45.1282 	EXP 	prac_fixImg: autoDraw = False
45.1282 	EXP 	prac_centerImg: autoDraw = False
45.1282 	EXP 	prac_rightImg1: autoDraw = False
45.1282 	EXP 	prac_leftImg1: autoDraw = False
45.1282 	EXP 	prac_fixImg: autoDraw = False
45.1282 	EXP 	prac_centerImg: pos = array([0., 0.])
45.1282 	EXP 	prac_centerImg: image = 'img/renders/face586_-45.png'
45.1282 	EXP 	prac_rightImg1: pos = array([0.13, 0.  ])
45.1282 	EXP 	prac_rightImg1: image = 'img/renders/face586_-45.png'
45.1282 	EXP 	prac_leftImg1: pos = array([-0.13,  0.  ])
45.1282 	EXP 	prac_leftImg1: image = 'img/renders/face586_-45.png'
45.1282 	EXP 	prac_fixImg: image = 'img/fixationCross.png'
45.1282 	EXP 	prac_centerImg: autoDraw = True
45.1282 	EXP 	prac_rightImg1: autoDraw = True
45.1282 	EXP 	prac_leftImg1: autoDraw = True
45.1282 	EXP 	prac_fixImg: autoDraw = True
45.3363 	EXP 	prac_centerImg: autoDraw = False
45.3363 	EXP 	prac_rightImg1: autoDraw = False
45.3363 	EXP 	prac_leftImg1: autoDraw = False
45.5384 	DATA 	Keypress: 1
46.6203 	EXP 	New trial (rep=0, index=11): OrderedDict([('middleStim', 'img/renders/face418_45.png'), ('leftStim', 'img/renders/face418_-45.png'), ('rightStim', 'img/renders/face418_-45.png'), ('stimNum', 7), ('congruent', 0), ('target', 'right'), ('locationC', [0.058, 0]), ('locationR', [0.14, 0]), ('locationL', [-0.14, 0])])
46.6586 	EXP 	prac_fixImg: autoDraw = False
46.6586 	EXP 	prac_centerImg: autoDraw = False
46.6586 	EXP 	prac_rightImg1: autoDraw = False
46.6586 	EXP 	prac_leftImg1: autoDraw = False
46.6586 	EXP 	prac_fixImg: autoDraw = False
46.6586 	EXP 	prac_centerImg: pos = array([0.058, 0.   ])
46.6586 	EXP 	prac_centerImg: image = 'img/renders/face418_45.png'
46.6586 	EXP 	prac_rightImg1: pos = array([0.14, 0.  ])
46.6586 	EXP 	prac_rightImg1: image = 'img/renders/face418_-45.png'
46.6586 	EXP 	prac_leftImg1: pos = array([-0.14,  0.  ])
46.6586 	EXP 	prac_leftImg1: image = 'img/renders/face418_-45.png'
46.6586 	EXP 	prac_fixImg: image = 'img/fixationCross.png'
46.6586 	EXP 	prac_centerImg: autoDraw = True
46.6586 	EXP 	prac_rightImg1: autoDraw = True
46.6586 	EXP 	prac_leftImg1: autoDraw = True
46.6586 	EXP 	prac_fixImg: autoDraw = True
46.8693 	EXP 	prac_centerImg: autoDraw = False
46.8693 	EXP 	prac_rightImg1: autoDraw = False
46.8693 	EXP 	prac_leftImg1: autoDraw = False
47.0056 	DATA 	Keypress: 8
48.2868 	EXP 	New trial (rep=0, index=12): OrderedDict([('middleStim', 'img/renders/face120_-45.png'), ('leftStim', 'img/renders/face120_-45.png'), ('rightStim', 'img/renders/face120_-45.png'), ('stimNum', 6), ('congruent', 1), ('target', 'left'), ('locationC', [0, 0]), ('locationR', [0.13, 0]), ('locationL', [-0.13, 0])])
48.3233 	EXP 	prac_fixImg: autoDraw = False
48.3233 	EXP 	prac_centerImg: autoDraw = False
48.3233 	EXP 	prac_rightImg1: autoDraw = False
48.3233 	EXP 	prac_leftImg1: autoDraw = False
48.3233 	EXP 	prac_fixImg: autoDraw = False
48.3233 	EXP 	prac_centerImg: pos = array([0., 0.])
48.3233 	EXP 	prac_centerImg: image = 'img/renders/face120_-45.png'
48.3233 	EXP 	prac_rightImg1: pos = array([0.13, 0.  ])
48.3233 	EXP 	prac_rightImg1: image = 'img/renders/face120_-45.png'
48.3233 	EXP 	prac_leftImg1: pos = array([-0.13,  0.  ])
48.3233 	EXP 	prac_leftImg1: image = 'img/renders/face120_-45.png'
48.3233 	EXP 	prac_fixImg: image = 'img/fixationCross.png'
48.3233 	EXP 	prac_centerImg: autoDraw = True
48.3233 	EXP 	prac_rightImg1: autoDraw = True
48.3233 	EXP 	prac_leftImg1: autoDraw = True
48.3233 	EXP 	prac_fixImg: autoDraw = True
48.5357 	EXP 	prac_centerImg: autoDraw = False
48.5357 	EXP 	prac_rightImg1: autoDraw = False
48.5357 	EXP 	prac_leftImg1: autoDraw = False
48.7215 	DATA 	Keypress: 1
50.2541 	EXP 	New trial (rep=0, index=13): OrderedDict([('middleStim', 'img/renders/face395_-45.png'), ('leftStim', 'img/renders/face395_-45.png'), ('rightStim', 'img/renders/face395_-45.png'), ('stimNum', 6), ('congruent', 1), ('target', 'left'), ('locationC', [0, 0]), ('locationR', [0.13, 0]), ('locationL', [-0.13, 0])])
50.2882 	EXP 	prac_fixImg: autoDraw = False
50.2882 	EXP 	prac_centerImg: autoDraw = False
50.2882 	EXP 	prac_rightImg1: autoDraw = False
50.2882 	EXP 	prac_leftImg1: autoDraw = False
50.2882 	EXP 	prac_fixImg: autoDraw = False
50.2882 	EXP 	prac_centerImg: pos = array([0., 0.])
50.2882 	EXP 	prac_centerImg: image = 'img/renders/face395_-45.png'
50.2882 	EXP 	prac_rightImg1: pos = array([0.13, 0.  ])
50.2882 	EXP 	prac_rightImg1: image = 'img/renders/face395_-45.png'
50.2882 	EXP 	prac_leftImg1: pos = array([-0.13,  0.  ])
50.2882 	EXP 	prac_leftImg1: image = 'img/renders/face395_-45.png'
50.2882 	EXP 	prac_fixImg: image = 'img/fixationCross.png'
50.2882 	EXP 	prac_centerImg: autoDraw = True
50.2882 	EXP 	prac_rightImg1: autoDraw = True
50.2882 	EXP 	prac_leftImg1: autoDraw = True
50.2882 	EXP 	prac_fixImg: autoDraw = True
50.5020 	EXP 	prac_centerImg: autoDraw = False
50.5020 	EXP 	prac_rightImg1: autoDraw = False
50.5020 	EXP 	prac_leftImg1: autoDraw = False
50.6548 	DATA 	Keypress: 8
52.1033 	EXP 	New trial (rep=0, index=14): OrderedDict([('middleStim', 'img/renders/face559_-45.png'), ('leftStim', 'img/renders/face559_45.png'), ('rightStim', 'img/renders/face559_45.png'), ('stimNum', 8), ('congruent', 0), ('target', 'left'), ('locationC', [-0.058, 0]), ('locationR', [0.14, 0]), ('locationL', [-0.14, 0])])
52.1381 	EXP 	prac_fixImg: autoDraw = False
52.1381 	EXP 	prac_centerImg: autoDraw = False
52.1381 	EXP 	prac_rightImg1: autoDraw = False
52.1381 	EXP 	prac_leftImg1: autoDraw = False
52.1381 	EXP 	prac_fixImg: autoDraw = False
52.1381 	EXP 	prac_centerImg: pos = array([-0.058,  0.   ])
52.1381 	EXP 	prac_centerImg: image = 'img/renders/face559_-45.png'
52.1381 	EXP 	prac_rightImg1: pos = array([0.14, 0.  ])
52.1381 	EXP 	prac_rightImg1: image = 'img/renders/face559_45.png'
52.1381 	EXP 	prac_leftImg1: pos = array([-0.14,  0.  ])
52.1381 	EXP 	prac_leftImg1: image = 'img/renders/face559_45.png'
52.1381 	EXP 	prac_fixImg: image = 'img/fixationCross.png'
52.1381 	EXP 	prac_centerImg: autoDraw = True
52.1381 	EXP 	prac_rightImg1: autoDraw = True
52.1381 	EXP 	prac_leftImg1: autoDraw = True
52.1381 	EXP 	prac_fixImg: autoDraw = True
52.3513 	EXP 	prac_centerImg: autoDraw = False
52.3513 	EXP 	prac_rightImg1: autoDraw = False
52.3513 	EXP 	prac_leftImg1: autoDraw = False
52.6365 	DATA 	Keypress: 1
53.9856 	EXP 	New trial (rep=0, index=15): OrderedDict([('middleStim', 'img/renders/face781_-45.png'), ('leftStim', 'img/renders/face781_45.png'), ('rightStim', 'img/renders/face781_45.png'), ('stimNum', 8), ('congruent', 0), ('target', 'left'), ('locationC', [-0.058, 0]), ('locationR', [0.14, 0]), ('locationL', [-0.14, 0])])
54.0238 	EXP 	prac_fixImg: autoDraw = False
54.0238 	EXP 	prac_centerImg: autoDraw = False
54.0238 	EXP 	prac_rightImg1: autoDraw = False
54.0238 	EXP 	prac_leftImg1: autoDraw = False
54.0238 	EXP 	prac_fixImg: autoDraw = False
54.0238 	EXP 	prac_centerImg: pos = array([-0.058,  0.   ])
54.0238 	EXP 	prac_centerImg: image = 'img/renders/face781_-45.png'
54.0238 	EXP 	prac_rightImg1: pos = array([0.14, 0.  ])
54.0238 	EXP 	prac_rightImg1: image = 'img/renders/face781_45.png'
54.0238 	EXP 	prac_leftImg1: pos = array([-0.14,  0.  ])
54.0238 	EXP 	prac_leftImg1: image = 'img/renders/face781_45.png'
54.0238 	EXP 	prac_fixImg: image = 'img/fixationCross.png'
54.0238 	EXP 	prac_centerImg: autoDraw = True
54.0238 	EXP 	prac_rightImg1: autoDraw = True
54.0238 	EXP 	prac_leftImg1: autoDraw = True
54.0238 	EXP 	prac_fixImg: autoDraw = True
54.2341 	EXP 	prac_centerImg: autoDraw = False
54.2341 	EXP 	prac_rightImg1: autoDraw = False
54.2341 	EXP 	prac_leftImg1: autoDraw = False
54.4196 	DATA 	Keypress: 1
55.5683 	EXP 	New trial (rep=0, index=16): OrderedDict([('middleStim', 'img/renders/face037_-45.png'), ('leftStim', 'img/renders/face037_45.png'), ('rightStim', 'img/renders/face037_45.png'), ('stimNum', 8), ('congruent', 0), ('target', 'left'), ('locationC', [-0.058, 0]), ('locationR', [0.14, 0]), ('locationL', [-0.14, 0])])
55.6071 	EXP 	prac_fixImg: autoDraw = False
55.6071 	EXP 	prac_centerImg: autoDraw = False
55.6071 	EXP 	prac_rightImg1: autoDraw = False
55.6071 	EXP 	prac_leftImg1: autoDraw = False
55.6071 	EXP 	prac_fixImg: autoDraw = False
55.6071 	EXP 	prac_centerImg: pos = array([-0.058,  0.   ])
55.6071 	EXP 	prac_centerImg: image = 'img/renders/face037_-45.png'
55.6071 	EXP 	prac_rightImg1: pos = array([0.14, 0.  ])
55.6071 	EXP 	prac_rightImg1: image = 'img/renders/face037_45.png'
55.6071 	EXP 	prac_leftImg1: pos = array([-0.14,  0.  ])
55.6071 	EXP 	prac_leftImg1: image = 'img/renders/face037_45.png'
55.6071 	EXP 	prac_fixImg: image = 'img/fixationCross.png'
55.6071 	EXP 	prac_centerImg: autoDraw = True
55.6071 	EXP 	prac_rightImg1: autoDraw = True
55.6071 	EXP 	prac_leftImg1: autoDraw = True
55.6071 	EXP 	prac_fixImg: autoDraw = True
55.8170 	EXP 	prac_centerImg: autoDraw = False
55.8170 	EXP 	prac_rightImg1: autoDraw = False
55.8170 	EXP 	prac_leftImg1: autoDraw = False
56.0192 	DATA 	Keypress: 1
57.1843 	EXP 	New trial (rep=0, index=17): OrderedDict([('middleStim', 'img/renders/face269_45.png'), ('leftStim', 'img/renders/face269_-45.png'), ('rightStim', 'img/renders/face269_-45.png'), ('stimNum', 7), ('congruent', 0), ('target', 'right'), ('locationC', [0.058, 0]), ('locationR', [0.14, 0]), ('locationL', [-0.14, 0])])
57.2215 	EXP 	prac_fixImg: autoDraw = False
57.2215 	EXP 	prac_centerImg: autoDraw = False
57.2215 	EXP 	prac_rightImg1: autoDraw = False
57.2215 	EXP 	prac_leftImg1: autoDraw = False
57.2215 	EXP 	prac_fixImg: autoDraw = False
57.2215 	EXP 	prac_centerImg: pos = array([0.058, 0.   ])
57.2215 	EXP 	prac_centerImg: image = 'img/renders/face269_45.png'
57.2215 	EXP 	prac_rightImg1: pos = array([0.14, 0.  ])
57.2215 	EXP 	prac_rightImg1: image = 'img/renders/face269_-45.png'
57.2215 	EXP 	prac_leftImg1: pos = array([-0.14,  0.  ])
57.2215 	EXP 	prac_leftImg1: image = 'img/renders/face269_-45.png'
57.2215 	EXP 	prac_fixImg: image = 'img/fixationCross.png'
57.2215 	EXP 	prac_centerImg: autoDraw = True
57.2215 	EXP 	prac_rightImg1: autoDraw = True
57.2215 	EXP 	prac_leftImg1: autoDraw = True
57.2215 	EXP 	prac_fixImg: autoDraw = True
57.4331 	EXP 	prac_centerImg: autoDraw = False
57.4331 	EXP 	prac_rightImg1: autoDraw = False
57.4331 	EXP 	prac_leftImg1: autoDraw = False
57.6690 	DATA 	Keypress: 8
59.1171 	EXP 	New trial (rep=0, index=18): OrderedDict([('middleStim', 'img/renders/face800_-45.png'), ('leftStim', 'img/renders/face800_45.png'), ('rightStim', 'img/renders/face800_45.png'), ('stimNum', 8), ('congruent', 0), ('target', 'left'), ('locationC', [-0.058, 0]), ('locationR', [0.14, 0]), ('locationL', [-0.14, 0])])
59.1515 	EXP 	prac_fixImg: autoDraw = False
59.1515 	EXP 	prac_centerImg: autoDraw = False
59.1515 	EXP 	prac_rightImg1: autoDraw = False
59.1515 	EXP 	prac_leftImg1: autoDraw = False
59.1515 	EXP 	prac_fixImg: autoDraw = False
59.1515 	EXP 	prac_centerImg: pos = array([-0.058,  0.   ])
59.1515 	EXP 	prac_centerImg: image = 'img/renders/face800_-45.png'
59.1515 	EXP 	prac_rightImg1: pos = array([0.14, 0.  ])
59.1515 	EXP 	prac_rightImg1: image = 'img/renders/face800_45.png'
59.1515 	EXP 	prac_leftImg1: pos = array([-0.14,  0.  ])
59.1515 	EXP 	prac_leftImg1: image = 'img/renders/face800_45.png'
59.1515 	EXP 	prac_fixImg: image = 'img/fixationCross.png'
59.1515 	EXP 	prac_centerImg: autoDraw = True
59.1515 	EXP 	prac_rightImg1: autoDraw = True
59.1515 	EXP 	prac_leftImg1: autoDraw = True
59.1515 	EXP 	prac_fixImg: autoDraw = True
59.3659 	EXP 	prac_centerImg: autoDraw = False
59.3659 	EXP 	prac_rightImg1: autoDraw = False
59.3659 	EXP 	prac_leftImg1: autoDraw = False
59.6018 	DATA 	Keypress: 1
60.7008 	EXP 	New trial (rep=0, index=19): OrderedDict([('middleStim', 'img/renders/face602_-45.png'), ('leftStim', 'img/renders/face602_45.png'), ('rightStim', 'img/renders/face602_45.png'), ('stimNum', 8), ('congruent', 0), ('target', 'left'), ('locationC', [-0.058, 0]), ('locationR', [0.14, 0]), ('locationL', [-0.14, 0])])
60.7334 	EXP 	prac_fixImg: autoDraw = False
60.7334 	EXP 	prac_centerImg: autoDraw = False
60.7334 	EXP 	prac_rightImg1: autoDraw = False
60.7334 	EXP 	prac_leftImg1: autoDraw = False
60.7334 	EXP 	prac_fixImg: autoDraw = False
60.7334 	EXP 	prac_centerImg: pos = array([-0.058,  0.   ])
60.7334 	EXP 	prac_centerImg: image = 'img/renders/face602_-45.png'
60.7334 	EXP 	prac_rightImg1: pos = array([0.14, 0.  ])
60.7334 	EXP 	prac_rightImg1: image = 'img/renders/face602_45.png'
60.7334 	EXP 	prac_leftImg1: pos = array([-0.14,  0.  ])
60.7334 	EXP 	prac_leftImg1: image = 'img/renders/face602_45.png'
60.7334 	EXP 	prac_fixImg: image = 'img/fixationCross.png'
60.7334 	EXP 	prac_centerImg: autoDraw = True
60.7334 	EXP 	prac_rightImg1: autoDraw = True
60.7334 	EXP 	prac_leftImg1: autoDraw = True
60.7334 	EXP 	prac_fixImg: autoDraw = True
60.9321 	EXP 	prac_centerImg: autoDraw = False
60.9321 	EXP 	prac_rightImg1: autoDraw = False
60.9321 	EXP 	prac_leftImg1: autoDraw = False
61.2344 	DATA 	Keypress: 1
62.6701 	EXP 	prac_fixImg: autoDraw = False
62.6701 	EXP 	prac_centerImg: autoDraw = False
62.6701 	EXP 	prac_rightImg1: autoDraw = False
62.6701 	EXP 	prac_leftImg1: autoDraw = False
62.6701 	EXP 	prac_fixImg: autoDraw = False
62.6701 	EXP 	prac_blockFeed_text: text = 'You have completed the practice'
62.6701 	EXP 	prac_blockFeed_text: autoDraw = True
62.6701 	EXP 	prac_pressContinue: autoDraw = True
64.4670 	DATA 	Keypress: 8
64.4709 	EXP 	prac_blockFeed_text: autoDraw = False
64.4709 	EXP 	prac_pressContinue: autoDraw = False
64.4709 	EXP 	cb_text1: autoDraw = True
67.0585 	DEBUG 	Read excel file with openpyxl: alt_arrow_blockSelect.xlsx
67.0588 	EXP 	Imported alt_arrow_blockSelect.xlsx as conditions, 6 conditions, 1 params
67.0593 	EXP 	Created sequence: random, trialTypes=6, nReps=1, seed=None
67.0596 	EXP 	New trial (rep=0, index=0): {'whichBlock': 'alt_trialTable_2.csv'}
67.0747 	DATA 	Keypress: 8
67.0794 	EXP 	cb_text1: autoDraw = False
67.0794 	EXP 	firstT_text1: text = 'Block 1 of 6'
67.0794 	EXP 	firstT_text1: autoDraw = True
67.0794 	EXP 	firstT_text2: autoDraw = True
68.5534 	DATA 	Keypress: 8
68.5816 	EXP 	firstT_text1: autoDraw = False
68.5816 	EXP 	firstT_text2: autoDraw = False
68.5816 	EXP 	initFixation_img: image = 'img/fixationCross.png'
68.5816 	EXP 	initFixation_img: autoDraw = True
70.5865 	DEBUG 	Read csv file with pandas: alt_trialTable_2.csv
70.5879 	DEBUG 	Clearing unnamed columns from alt_trialTable_2.csv
70.5923 	EXP 	Imported alt_trialTable_2.csv as conditions, 32 conditions, 10 params
70.5931 	EXP 	Created sequence: random, trialTypes=32, nReps=1, seed=None
70.5935 	EXP 	New trial (rep=0, index=0): OrderedDict([('middleStim', 'img/renders/face915_-45.png'), ('leftStim', 'img/renders/face915_-45.png'), ('rightStim', 'img/renders/face915_-45.png'), ('stimNum', 6), ('congruent', 1), ('target', 'left'), ('locationC', [0, 0]), ('locationR', [0.18, 0]), ('locationL', [-0.18, 0]), ('straightFace', 'img/renders/face915_0.png')])
70.6511 	EXP 	initFixation_img: autoDraw = False
70.6511 	EXP 	bigFace_2: image = 'img/renders/face915_0.png'
70.6511 	EXP 	task_centerImg_3: pos = array([0., 0.])
70.6511 	EXP 	task_centerImg_3: image = 'img/renders/face915_-45.png'
70.6511 	EXP 	task_rightImg1_3: pos = array([0.18, 0.  ])
70.6511 	EXP 	task_rightImg1_3: image = 'img/renders/face915_-45.png'
70.6511 	EXP 	task_leftImg1_3: pos = array([-0.18,  0.  ])
70.6511 	EXP 	task_leftImg1_3: image = 'img/renders/face915_-45.png'
70.6511 	EXP 	task_fixImg_3: image = 'img/fixationCross.png'
70.6511 	EXP 	bigFace_2: autoDraw = True
70.6511 	EXP 	cover_background: autoDraw = True
70.6511 	EXP 	task_centerImg_3: autoDraw = True
70.6511 	EXP 	task_rightImg1_3: autoDraw = True
70.6511 	EXP 	task_leftImg1_3: autoDraw = True
70.6511 	EXP 	task_fixImg_3: autoDraw = True
70.8643 	EXP 	cover_background: autoDraw = False
70.8643 	EXP 	task_centerImg_3: autoDraw = False
70.8643 	EXP 	task_rightImg1_3: autoDraw = False
70.8643 	EXP 	task_leftImg1_3: autoDraw = False
72.3127 	EXP 	task_fixImg_3: autoDraw = False
72.4816 	DATA 	Keypress: 8
74.5497 	DATA 	Keypress: 8
74.9312 	DATA 	Keypress: 8
75.2475 	DATA 	Keypress: 8
75.5147 	DATA 	Keypress: 8
75.7974 	DATA 	Keypress: 8
76.0801 	DATA 	Keypress: 8
76.4645 	DATA 	Keypress: 1
76.7801 	DATA 	Keypress: 8
76.9971 	DATA 	Keypress: 1
77.2463 	DATA 	Keypress: 8
77.4298 	DATA 	Keypress: 1
77.6627 	DATA 	Keypress: 8
77.8464 	DATA 	Keypress: 1
78.1128 	DATA 	Keypress: 8
78.6144 	DATA 	Keypress: 8
78.8626 	DATA 	Keypress: 8
79.0792 	DATA 	Keypress: 8
79.3628 	DATA 	Keypress: 8
79.7127 	DATA 	Keypress: 8
79.9956 	DATA 	Keypress: 1
80.4459 	DATA 	Keypress: 8
80.6451 	DATA 	Keypress: 1
80.8952 	DATA 	Keypress: 8
81.0958 	DATA 	Keypress: 1
81.7123 	DATA 	Keypress: 8
81.8959 	DATA 	Keypress: 1
82.5461 	DATA 	Keypress: 8
82.7948 	DATA 	Keypress: 1
83.9784 	DATA 	Keypress: 8
85.9612 	DATA 	Keypress: 8
86.2274 	DATA 	Keypress: 8
86.4273 	DATA 	Keypress: 8
86.6123 	DATA 	Keypress: 8
87.6438 	DATA 	Keypress: space
88.6104 	DATA 	Keypress: space
88.9275 	DATA 	Keypress: space
90.9434 	DATA 	Keypress: escape
91.6556 	EXP 	window1: mouseVisible = True
91.6557 	DEBUG 	Saving data for flanker-basic_v2 ExperimentHandler
91.6613 	INFO 	saved data to /Users/khoss005/Library/CloudStorage/OneDrive-FloridaInternationalUniversity/Projects/Psychopy/mfeFlanker/data/12_flanker-basic_v2_2022_May_10_1434.psydat
91.6674 	INFO 	saved data to '/Users/khoss005/Library/CloudStorage/OneDrive-FloridaInternationalUniversity/Projects/Psychopy/mfeFlanker/data/12_flanker-basic_v2_2022_May_10_1434.csv'
