1.1822 	WARNING 	We strongly recommend you activate the PTB sound engine in PsychoPy prefs as the preferred audio engine. Its timing is vastly superior. Your prefs are currently set to use ['sounddevice', 'PTB', 'pyo', 'pygame'] (in that order).
8.5366 	INFO 	Loaded monitor calibration from ['2022_01_06 13:13']
8.5377 	ERROR 	'0.5000, 0.5000, 0.5000' is not a valid rgb color
8.5502 	WARNING 	User requested fullscreen with size [1440  900], but screen is actually [1920, 1080]. Using actual size
9.3350 	EXP 	Created window1 = Window(allowGUI=False, allowStencil=False, autoLog=True, backendConf=UNKNOWN, bitsMode=UNKNOWN, blendMode='avg', bpc=(8, 8, 8), color=array([0, 0, 0]), colorSpace='rgb', depthBits=8, fullscr=<method-wrapper '__getattribute__' of attributeSetter object at 0x7fbdb7743ac8>, gamma=None, gammaErrorPolicy='raise', lms=UNKNOWN, monitor=<psychopy.monitors.calibTools.Monitor object at 0x7fbdd4d9bb00>, multiSample=False, name='window1', numSamples=2, pos=[0.0, 0.0], screen=0, size=array([1920, 1080]), stencilBits=0, stereo=False, units='height', useFBO=True, useRetina=False, viewOri=0.0, viewPos=None, viewScale=None, waitBlanking=True, winType='pyglet')
9.3352 	EXP 	window1: mouseVisible = True
9.3352 	EXP 	window1: recordFrameIntervals = False
9.5020 	EXP 	window1: recordFrameIntervals = True
9.6875 	DEBUG 	Screen (0) actual frame rate measured at 59.21
9.6876 	EXP 	window1: recordFrameIntervals = False
11.1303 	INFO 	keyboard.Keyboard is using ptb backend.
11.2210 	EXP 	Created welcome_text = TextStim(__class__=<class 'psychopy.visual.text.TextStim'>, alignHoriz=method-wrapper(...), alignText='center', alignVert=method-wrapper(...), anchorHoriz='center', anchorVert='center', antialias=True, autoLog=True, bold=False, color=array([1., 1., 1.]), colorSpace='rgb', contrast=1.0, depth=0.0, flipHoriz=False, flipVert=False, font='Arial', fontFiles=[], height=0.04, italic=False, languageStyle='LTR', name='welcome_text', opacity=1, ori=0, pos=array([0., 0.]), rgb=UNKNOWN, text=str(...), units='height', win=Window(...), wrapWidth=1.3)
11.4961 	INFO 	keyboard.Keyboard is using ptb backend.
11.5054 	EXP 	Created instructRight_text = TextStim(__class__=<class 'psychopy.visual.text.TextStim'>, alignHoriz=method-wrapper(...), alignText='center', alignVert=method-wrapper(...), anchorHoriz='center', anchorVert='center', antialias=True, autoLog=True, bold=False, color=array([1., 1., 1.]), colorSpace='rgb', contrast=1.0, depth=0.0, flipHoriz=False, flipVert=False, font='Arial', fontFiles=[], height=0.04, italic=False, languageStyle='LTR', name='instructRight_text', opacity=1, ori=0, pos=array([0., 0.]), rgb=UNKNOWN, text=str(...), units='height', win=Window(...), wrapWidth=1.3)
11.5458 	EXP 	Created instructRight_centerImg = ImageStim(__class__=<class 'psychopy.visual.image.ImageStim'>, autoLog=True, color=array([1., 1., 1.]), colorSpace='rgb', contrast=1.0, depth=-1.0, flipHoriz=False, flipVert=False, image='img/renders/face000_45.png', interpolate=True, mask=None, maskParams=None, name='instructRight_centerImg', opacity=1, ori=0.0, pos=array([ 0. , -0.3]), size=array([0.18, 0.18]), texRes=512, units='height', win=Window(...))
11.5628 	EXP 	Created instructRight_rightImg1 = ImageStim(__class__=<class 'psychopy.visual.image.ImageStim'>, autoLog=True, color=array([1., 1., 1.]), colorSpace='rgb', contrast=1.0, depth=-2.0, flipHoriz=False, flipVert=False, image='img/renders/face000_45.png', interpolate=True, mask=None, maskParams=None, name='instructRight_rightImg1', opacity=1, ori=0.0, pos=array([ 0.13, -0.3 ]), size=array([0.18, 0.18]), texRes=512, units='height', win=Window(...))
11.5803 	EXP 	Created instructRight_leftImg1 = ImageStim(__class__=<class 'psychopy.visual.image.ImageStim'>, autoLog=True, color=array([1., 1., 1.]), colorSpace='rgb', contrast=1.0, depth=-3.0, flipHoriz=False, flipVert=False, image='img/renders/face000_45.png', interpolate=True, mask=None, maskParams=None, name='instructRight_leftImg1', opacity=1, ori=0.0, pos=array([-0.13, -0.3 ]), size=array([0.18, 0.18]), texRes=512, units='height', win=Window(...))
11.8364 	INFO 	keyboard.Keyboard is using ptb backend.
11.8445 	EXP 	Created instructLeft_text = TextStim(__class__=<class 'psychopy.visual.text.TextStim'>, alignHoriz=method-wrapper(...), alignText='center', alignVert=method-wrapper(...), anchorHoriz='center', anchorVert='center', antialias=True, autoLog=True, bold=False, color=array([1., 1., 1.]), colorSpace='rgb', contrast=1.0, depth=0.0, flipHoriz=False, flipVert=False, font='Arial', fontFiles=[], height=0.04, italic=False, languageStyle='LTR', name='instructLeft_text', opacity=1, ori=0, pos=array([0., 0.]), rgb=UNKNOWN, text=str(...), units='height', win=Window(...), wrapWidth=1.3)
11.8639 	EXP 	Created instructLeft_centerImg = ImageStim(__class__=<class 'psychopy.visual.image.ImageStim'>, autoLog=True, color=array([1., 1., 1.]), colorSpace='rgb', contrast=1.0, depth=-1.0, flipHoriz=False, flipVert=False, image='img/renders/face000_-45.png', interpolate=True, mask=None, maskParams=None, name='instructLeft_centerImg', opacity=1, ori=0.0, pos=array([ 0. , -0.3]), size=array([0.18, 0.18]), texRes=512, units='height', win=Window(...))
11.8820 	EXP 	Created instructLeft_rightImg1 = ImageStim(__class__=<class 'psychopy.visual.image.ImageStim'>, autoLog=True, color=array([1., 1., 1.]), colorSpace='rgb', contrast=1.0, depth=-2.0, flipHoriz=False, flipVert=False, image='img/renders/face000_-45.png', interpolate=True, mask=None, maskParams=None, name='instructLeft_rightImg1', opacity=1, ori=0.0, pos=array([ 0.13, -0.3 ]), size=array([0.18, 0.18]), texRes=512, units='height', win=Window(...))
11.9014 	EXP 	Created instructLeft_leftImg1 = ImageStim(__class__=<class 'psychopy.visual.image.ImageStim'>, autoLog=True, color=array([1., 1., 1.]), colorSpace='rgb', contrast=1.0, depth=-3.0, flipHoriz=False, flipVert=False, image='img/renders/face000_-45.png', interpolate=True, mask=None, maskParams=None, name='instructLeft_leftImg1', opacity=1, ori=0.0, pos=array([-0.13, -0.3 ]), size=array([0.18, 0.18]), texRes=512, units='height', win=Window(...))
12.1609 	INFO 	keyboard.Keyboard is using ptb backend.
12.1775 	EXP 	Created instructInconRight_text = TextStim(__class__=<class 'psychopy.visual.text.TextStim'>, alignHoriz=method-wrapper(...), alignText='center', alignVert=method-wrapper(...), anchorHoriz='center', anchorVert='center', antialias=True, autoLog=True, bold=False, color=array([1., 1., 1.]), colorSpace='rgb', contrast=1.0, depth=0.0, flipHoriz=False, flipVert=False, font='Arial', fontFiles=[], height=0.04, italic=False, languageStyle='LTR', name='instructInconRight_text', opacity=1, ori=0, pos=array([0., 0.]), rgb=UNKNOWN, text=str(...), units='height', win=Window(...), wrapWidth=1.3)
12.1962 	EXP 	Created instructIncon_centerImg = ImageStim(__class__=<class 'psychopy.visual.image.ImageStim'>, autoLog=True, color=array([1., 1., 1.]), colorSpace='rgb', contrast=1.0, depth=-1.0, flipHoriz=False, flipVert=False, image='img/renders/face000_45.png', interpolate=True, mask=None, maskParams=None, name='instructIncon_centerImg', opacity=1, ori=0.0, pos=array([ 0.058, -0.3  ]), size=array([0.18, 0.18]), texRes=512, units='height', win=Window(...))
12.2144 	EXP 	Created instructIncon_rightImg1 = ImageStim(__class__=<class 'psychopy.visual.image.ImageStim'>, autoLog=True, color=array([1., 1., 1.]), colorSpace='rgb', contrast=1.0, depth=-2.0, flipHoriz=False, flipVert=False, image='img/renders/face000_-45.png', interpolate=True, mask=None, maskParams=None, name='instructIncon_rightImg1', opacity=1, ori=0.0, pos=array([ 0.14, -0.3 ]), size=array([0.18, 0.18]), texRes=512, units='height', win=Window(...))
12.2322 	EXP 	Created instructIncon_leftImg1 = ImageStim(__class__=<class 'psychopy.visual.image.ImageStim'>, autoLog=True, color=array([1., 1., 1.]), colorSpace='rgb', contrast=1.0, depth=-3.0, flipHoriz=False, flipVert=False, image='img/renders/face000_-45.png', interpolate=True, mask=None, maskParams=None, name='instructIncon_leftImg1', opacity=1, ori=0.0, pos=array([-0.13, -0.3 ]), size=array([0.18, 0.18]), texRes=512, units='height', win=Window(...))
12.5045 	INFO 	keyboard.Keyboard is using ptb backend.
12.5137 	EXP 	Created instructInconLeft_text = TextStim(__class__=<class 'psychopy.visual.text.TextStim'>, alignHoriz=method-wrapper(...), alignText='center', alignVert=method-wrapper(...), anchorHoriz='center', anchorVert='center', antialias=True, autoLog=True, bold=False, color=array([1., 1., 1.]), colorSpace='rgb', contrast=1.0, depth=0.0, flipHoriz=False, flipVert=False, font='Arial', fontFiles=[], height=0.04, italic=False, languageStyle='LTR', name='instructInconLeft_text', opacity=1, ori=0, pos=array([0., 0.]), rgb=UNKNOWN, text=str(...), units='height', win=Window(...), wrapWidth=1.3)
12.5323 	EXP 	Created instructInconLeft_centerImg = ImageStim(__class__=<class 'psychopy.visual.image.ImageStim'>, autoLog=True, color=array([1., 1., 1.]), colorSpace='rgb', contrast=1.0, depth=-1.0, flipHoriz=False, flipVert=False, image='img/renders/face000_-45.png', interpolate=True, mask=None, maskParams=None, name='instructInconLeft_centerImg', opacity=1, ori=0.0, pos=array([-0.058, -0.3  ]), size=array([0.18, 0.18]), texRes=512, units='height', win=Window(...))
12.5504 	EXP 	Created instructInconLeft_rightImg1 = ImageStim(__class__=<class 'psychopy.visual.image.ImageStim'>, autoLog=True, color=array([1., 1., 1.]), colorSpace='rgb', contrast=1.0, depth=-2.0, flipHoriz=False, flipVert=False, image='img/renders/face000_45.png', interpolate=True, mask=None, maskParams=None, name='instructInconLeft_rightImg1', opacity=1, ori=0.0, pos=array([ 0.13, -0.3 ]), size=array([0.18, 0.18]), texRes=512, units='height', win=Window(...))
12.5677 	EXP 	Created instructInconLeft_leftImg1 = ImageStim(__class__=<class 'psychopy.visual.image.ImageStim'>, autoLog=True, color=array([1., 1., 1.]), colorSpace='rgb', contrast=1.0, depth=-3.0, flipHoriz=False, flipVert=False, image='img/renders/face000_45.png', interpolate=True, mask=None, maskParams=None, name='instructInconLeft_leftImg1', opacity=1, ori=0.0, pos=array([-0.13, -0.3 ]), size=array([0.18, 0.18]), texRes=512, units='height', win=Window(...))
12.8270 	INFO 	keyboard.Keyboard is using ptb backend.
12.8343 	EXP 	Created prac_blockText = TextStim(__class__=<class 'psychopy.visual.text.TextStim'>, alignHoriz=method-wrapper(...), alignText='center', alignVert=method-wrapper(...), anchorHoriz='center', anchorVert='center', antialias=True, autoLog=True, bold=False, color=array([1., 1., 1.]), colorSpace='rgb', contrast=1.0, depth=-1.0, flipHoriz=False, flipVert=False, font='Arial', fontFiles=[], height=0.06, italic=False, languageStyle='LTR', name='prac_blockText', opacity=1, ori=0.0, pos=array([0. , 0.3]), rgb=UNKNOWN, text='Practice', units='height', win=Window(...), wrapWidth=1.3)
12.8489 	EXP 	Created prac_reminder_text = TextStim(__class__=<class 'psychopy.visual.text.TextStim'>, alignHoriz=method-wrapper(...), alignText='center', alignVert=method-wrapper(...), anchorHoriz='center', anchorVert='center', antialias=True, autoLog=True, bold=False, color=array([1., 1., 1.]), colorSpace='rgb', contrast=1.0, depth=-2.0, flipHoriz=False, flipVert=False, font='Arial', fontFiles=[], height=0.04, italic=False, languageStyle='LTR', name='prac_reminder_text', opacity=1, ori=0, pos=array([0., 0.]), rgb=UNKNOWN, text=str(...), units='height', win=Window(...), wrapWidth=1.3)
13.1078 	INFO 	keyboard.Keyboard is using ptb backend.
13.1119 	EXP 	Created initFixation_img = ImageStim(__class__=<class 'psychopy.visual.image.ImageStim'>, autoLog=True, color=array([1., 1., 1.]), colorSpace='rgb', contrast=1.0, depth=0.0, flipHoriz=False, flipVert=False, image='sin', interpolate=True, mask=None, maskParams=None, name='initFixation_img', opacity=1, ori=0.0, pos=array([ 0.  , -0.05]), size=array([0.015, 0.015]), texRes=512, units='height', win=Window(...))
13.1158 	EXP 	Created prac_centerImg = ImageStim(__class__=<class 'psychopy.visual.image.ImageStim'>, autoLog=True, color=array([1., 1., 1.]), colorSpace='rgb', contrast=1.0, depth=-1.0, flipHoriz=False, flipVert=False, image='sin', interpolate=True, mask=None, maskParams=None, name='prac_centerImg', opacity=1, ori=0.0, pos=array([0., 0.]), size=array([0.18, 0.18]), texRes=512, units='height', win=Window(...))
13.1197 	EXP 	Created prac_rightImg1 = ImageStim(__class__=<class 'psychopy.visual.image.ImageStim'>, autoLog=True, color=array([1., 1., 1.]), colorSpace='rgb', contrast=1.0, depth=-2.0, flipHoriz=False, flipVert=False, image='sin', interpolate=True, mask=None, maskParams=None, name='prac_rightImg1', opacity=1, ori=0.0, pos=array([0., 0.]), size=array([0.18, 0.18]), texRes=512, units='height', win=Window(...))
13.1233 	EXP 	Created prac_leftImg1 = ImageStim(__class__=<class 'psychopy.visual.image.ImageStim'>, autoLog=True, color=array([1., 1., 1.]), colorSpace='rgb', contrast=1.0, depth=-3.0, flipHoriz=False, flipVert=False, image='sin', interpolate=True, mask=None, maskParams=None, name='prac_leftImg1', opacity=1, ori=0.0, pos=array([0., 0.]), size=array([0.18, 0.18]), texRes=512, units='height', win=Window(...))
13.1270 	EXP 	Created prac_fixImg = ImageStim(__class__=<class 'psychopy.visual.image.ImageStim'>, autoLog=True, color=array([1., 1., 1.]), colorSpace='rgb', contrast=1.0, depth=-4.0, flipHoriz=False, flipVert=False, image='sin', interpolate=True, mask=None, maskParams=None, name='prac_fixImg', opacity=1, ori=0.0, pos=array([ 0.  , -0.05]), size=array([0.015, 0.015]), texRes=512, units='height', win=Window(...))
13.3881 	INFO 	keyboard.Keyboard is using ptb backend.
13.3896 	EXP 	Created prac_blockFeed_text = TextStim(__class__=<class 'psychopy.visual.text.TextStim'>, alignHoriz=method-wrapper(...), alignText='center', alignVert=method-wrapper(...), anchorHoriz='center', anchorVert='center', antialias=True, autoLog=True, bold=False, color=array([1., 1., 1.]), colorSpace='rgb', contrast=1.0, depth=-1.0, flipHoriz=False, flipVert=False, font='Arial', fontFiles=[], height=0.04, italic=False, languageStyle='LTR', name='prac_blockFeed_text', opacity=1, ori=0, pos=array([0., 0.]), rgb=UNKNOWN, text='', units='height', win=Window(...), wrapWidth=1.3)
13.3932 	EXP 	Created prac_pressContinue = TextStim(__class__=<class 'psychopy.visual.text.TextStim'>, alignHoriz=method-wrapper(...), alignText='center', alignVert=method-wrapper(...), anchorHoriz='center', anchorVert='center', antialias=True, autoLog=True, bold=False, color=array([1., 1., 1.]), colorSpace='rgb', contrast=1.0, depth=-2.0, flipHoriz=False, flipVert=False, font='Arial', fontFiles=[], height=0.04, italic=False, languageStyle='LTR', name='prac_pressContinue', opacity=1, ori=0.0, pos=array([ 0. , -0.3]), rgb=UNKNOWN, text='Press the right key', units='height', win=Window(...), wrapWidth=1.3)
13.6515 	INFO 	keyboard.Keyboard is using ptb backend.
13.6839 	EXP 	Created cb_text1 = TextStim(__class__=<class 'psychopy.visual.text.TextStim'>, alignHoriz=method-wrapper(...), alignText='center', alignVert=method-wrapper(...), anchorHoriz='center', anchorVert='center', antialias=True, autoLog=True, bold=False, color=array([1., 1., 1.]), colorSpace='rgb', contrast=1.0, depth=0.0, flipHoriz=False, flipVert=False, font='Open Sans', fontFiles=[], height=0.04, italic=False, languageStyle='LTR', name='cb_text1', opacity=1, ori=0.0, pos=array([0., 0.]), rgb=UNKNOWN, text=str(...), units='height', win=Window(...), wrapWidth=1)
13.9355 	INFO 	keyboard.Keyboard is using ptb backend.
13.9370 	EXP 	Created firstT_text1 = TextStim(__class__=<class 'psychopy.visual.text.TextStim'>, alignHoriz=method-wrapper(...), alignText='center', alignVert=method-wrapper(...), anchorHoriz='center', anchorVert='center', antialias=True, autoLog=True, bold=False, color=array([1., 1., 1.]), colorSpace='rgb', contrast=1.0, depth=-1.0, flipHoriz=False, flipVert=False, font='Arial', fontFiles=[], height=0.06, italic=False, languageStyle='LTR', name='firstT_text1', opacity=1, ori=0.0, pos=array([0. , 0.3]), rgb=UNKNOWN, text='', units='height', win=Window(...), wrapWidth=1.3)
13.9612 	EXP 	Created firstT_text2 = TextStim(__class__=<class 'psychopy.visual.text.TextStim'>, alignHoriz=method-wrapper(...), alignText='center', alignVert=method-wrapper(...), anchorHoriz='center', anchorVert='center', antialias=True, autoLog=True, bold=False, color=array([1., 1., 1.]), colorSpace='rgb', contrast=1.0, depth=-2.0, flipHoriz=False, flipVert=False, font='Arial', fontFiles=[], height=0.04, italic=False, languageStyle='LTR', name='firstT_text2', opacity=1, ori=0, pos=array([0., 0.]), rgb=UNKNOWN, text=str(...), units='height', win=Window(...), wrapWidth=1.3)
14.2132 	INFO 	keyboard.Keyboard is using ptb backend.
14.2173 	EXP 	Created initFixation_img = ImageStim(__class__=<class 'psychopy.visual.image.ImageStim'>, autoLog=True, color=array([1., 1., 1.]), colorSpace='rgb', contrast=1.0, depth=0.0, flipHoriz=False, flipVert=False, image='sin', interpolate=True, mask=None, maskParams=None, name='initFixation_img', opacity=1, ori=0.0, pos=array([ 0.  , -0.05]), size=array([0.015, 0.015]), texRes=512, units='height', win=Window(...))
14.2207 	EXP 	Created bigFace_2 = ImageStim(__class__=<class 'psychopy.visual.image.ImageStim'>, autoLog=True, color=array([1., 1., 1.]), colorSpace='rgb', contrast=1.0, depth=-1.0, flipHoriz=False, flipVert=False, image='sin', interpolate=True, mask=None, maskParams=None, name='bigFace_2', opacity=1, ori=0.0, pos=array([0., 0.]), size=array([0.3, 0.3]), texRes=128.0, units='height', win=Window(...))
14.2823 	EXP 	Created cover_background = ImageStim(__class__=<class 'psychopy.visual.image.ImageStim'>, autoLog=True, color=array([1., 1., 1.]), colorSpace='rgb', contrast=1.0, depth=-2.0, flipHoriz=False, flipVert=False, image='img/cover_background.png', interpolate=True, mask=None, maskParams=None, name='cover_background', opacity=1, ori=0.0, pos=array([0., 0.]), size=array([0.65, 0.22]), texRes=128.0, units='height', win=Window(...))
14.2865 	EXP 	Created task_centerImg_3 = ImageStim(__class__=<class 'psychopy.visual.image.ImageStim'>, autoLog=True, color=array([1., 1., 1.]), colorSpace='rgb', contrast=1.0, depth=-3.0, flipHoriz=False, flipVert=False, image='sin', interpolate=True, mask=None, maskParams=None, name='task_centerImg_3', opacity=1, ori=0.0, pos=array([0., 0.]), size=array([1., 1.]), texRes=512, units='height', win=Window(...))
14.2900 	EXP 	Created task_rightImg1_3 = ImageStim(__class__=<class 'psychopy.visual.image.ImageStim'>, autoLog=True, color=array([1., 1., 1.]), colorSpace='rgb', contrast=1.0, depth=-4.0, flipHoriz=False, flipVert=False, image='sin', interpolate=True, mask=None, maskParams=None, name='task_rightImg1_3', opacity=1, ori=0.0, pos=array([0., 0.]), size=array([1., 1.]), texRes=512, units='height', win=Window(...))
14.2936 	EXP 	Created task_leftImg1_3 = ImageStim(__class__=<class 'psychopy.visual.image.ImageStim'>, autoLog=True, color=array([1., 1., 1.]), colorSpace='rgb', contrast=1.0, depth=-5.0, flipHoriz=False, flipVert=False, image='sin', interpolate=True, mask=None, maskParams=None, name='task_leftImg1_3', opacity=1, ori=0.0, pos=array([0., 0.]), size=array([1., 1.]), texRes=512, units='height', win=Window(...))
14.2972 	EXP 	Created task_fixImg_3 = ImageStim(__class__=<class 'psychopy.visual.image.ImageStim'>, autoLog=True, color=array([1., 1., 1.]), colorSpace='rgb', contrast=1.0, depth=-6.0, flipHoriz=False, flipVert=False, image='sin', interpolate=True, mask=None, maskParams=None, name='task_fixImg_3', opacity=1, ori=0.0, pos=array([ 0.  , -0.05]), size=array([0.015, 0.015]), texRes=512, units='height', win=Window(...))
14.5507 	INFO 	keyboard.Keyboard is using ptb backend.
14.5524 	EXP 	Created fTfeed_text1_1 = TextStim(__class__=<class 'psychopy.visual.text.TextStim'>, alignHoriz=method-wrapper(...), alignText='center', alignVert=method-wrapper(...), anchorHoriz='center', anchorVert='center', antialias=True, autoLog=True, bold=False, color=array([1., 1., 1.]), colorSpace='rgb', contrast=1.0, depth=-1.0, flipHoriz=False, flipVert=False, font='Arial', fontFiles=[], height=0.12, italic=False, languageStyle='LTR', name='fTfeed_text1_1', opacity=1, ori=0, pos=array([0. , 0.1]), rgb=UNKNOWN, text='', units='height', win=Window(...), wrapWidth=1.8)
14.5535 	EXP 	Created fTFeed_text2_1 = TextStim(__class__=<class 'psychopy.visual.text.TextStim'>, alignHoriz=method-wrapper(...), alignText='center', alignVert=method-wrapper(...), anchorHoriz='center', anchorVert='center', antialias=True, autoLog=True, bold=False, color=array([1., 1., 1.]), colorSpace='rgb', contrast=1.0, depth=-2.0, flipHoriz=False, flipVert=False, font='Arial', fontFiles=[], height=0.04, italic=False, languageStyle='LTR', name='fTFeed_text2_1', opacity=1, ori=0, pos=array([ 0. , -0.3]), rgb=UNKNOWN, text='', units='height', win=Window(...), wrapWidth=1.3)
14.8180 	INFO 	keyboard.Keyboard is using ptb backend.
14.8195 	EXP 	Created firstT_text1 = TextStim(__class__=<class 'psychopy.visual.text.TextStim'>, alignHoriz=method-wrapper(...), alignText='center', alignVert=method-wrapper(...), anchorHoriz='center', anchorVert='center', antialias=True, autoLog=True, bold=False, color=array([1., 1., 1.]), colorSpace='rgb', contrast=1.0, depth=-1.0, flipHoriz=False, flipVert=False, font='Arial', fontFiles=[], height=0.06, italic=False, languageStyle='LTR', name='firstT_text1', opacity=1, ori=0.0, pos=array([0. , 0.3]), rgb=UNKNOWN, text='', units='height', win=Window(...), wrapWidth=1.3)
14.8306 	EXP 	Created firstT_text2 = TextStim(__class__=<class 'psychopy.visual.text.TextStim'>, alignHoriz=method-wrapper(...), alignText='center', alignVert=method-wrapper(...), anchorHoriz='center', anchorVert='center', antialias=True, autoLog=True, bold=False, color=array([1., 1., 1.]), colorSpace='rgb', contrast=1.0, depth=-2.0, flipHoriz=False, flipVert=False, font='Arial', fontFiles=[], height=0.04, italic=False, languageStyle='LTR', name='firstT_text2', opacity=1, ori=0, pos=array([0., 0.]), rgb=UNKNOWN, text=str(...), units='height', win=Window(...), wrapWidth=1.3)
15.0829 	INFO 	keyboard.Keyboard is using ptb backend.
15.0870 	EXP 	Created initFixation_img = ImageStim(__class__=<class 'psychopy.visual.image.ImageStim'>, autoLog=True, color=array([1., 1., 1.]), colorSpace='rgb', contrast=1.0, depth=0.0, flipHoriz=False, flipVert=False, image='sin', interpolate=True, mask=None, maskParams=None, name='initFixation_img', opacity=1, ori=0.0, pos=array([ 0.  , -0.05]), size=array([0.015, 0.015]), texRes=512, units='height', win=Window(...))
15.0905 	EXP 	Created bigFace = ImageStim(__class__=<class 'psychopy.visual.image.ImageStim'>, autoLog=True, color=array([1., 1., 1.]), colorSpace='rgb', contrast=1.0, depth=-1.0, flipHoriz=False, flipVert=False, image='sin', interpolate=True, mask=None, maskParams=None, name='bigFace', opacity=1, ori=0.0, pos=array([0., 0.]), size=array([0.3, 0.3]), texRes=128.0, units='height', win=Window(...))
15.1423 	EXP 	Created cover_background_2 = ImageStim(__class__=<class 'psychopy.visual.image.ImageStim'>, autoLog=True, color=array([1., 1., 1.]), colorSpace='rgb', contrast=1.0, depth=-2.0, flipHoriz=False, flipVert=False, image='img/cover_background.png', interpolate=True, mask=None, maskParams=None, name='cover_background_2', opacity=1, ori=0.0, pos=array([0., 0.]), size=array([0.65, 0.22]), texRes=128.0, units='height', win=Window(...))
15.1471 	EXP 	Created task_centerImg_2 = ImageStim(__class__=<class 'psychopy.visual.image.ImageStim'>, autoLog=True, color=array([1., 1., 1.]), colorSpace='rgb', contrast=1.0, depth=-3.0, flipHoriz=False, flipVert=False, image='sin', interpolate=True, mask=None, maskParams=None, name='task_centerImg_2', opacity=1, ori=0.0, pos=array([0., 0.]), size=array([1., 1.]), texRes=512, units='height', win=Window(...))
15.1509 	EXP 	Created task_rightImg1_2 = ImageStim(__class__=<class 'psychopy.visual.image.ImageStim'>, autoLog=True, color=array([1., 1., 1.]), colorSpace='rgb', contrast=1.0, depth=-4.0, flipHoriz=False, flipVert=False, image='sin', interpolate=True, mask=None, maskParams=None, name='task_rightImg1_2', opacity=1, ori=0.0, pos=array([0., 0.]), size=array([1., 1.]), texRes=512, units='height', win=Window(...))
15.1545 	EXP 	Created task_leftImg1_2 = ImageStim(__class__=<class 'psychopy.visual.image.ImageStim'>, autoLog=True, color=array([1., 1., 1.]), colorSpace='rgb', contrast=1.0, depth=-5.0, flipHoriz=False, flipVert=False, image='sin', interpolate=True, mask=None, maskParams=None, name='task_leftImg1_2', opacity=1, ori=0.0, pos=array([0., 0.]), size=array([1., 1.]), texRes=512, units='height', win=Window(...))
15.1586 	EXP 	Created task_fixImg_2 = ImageStim(__class__=<class 'psychopy.visual.image.ImageStim'>, autoLog=True, color=array([1., 1., 1.]), colorSpace='rgb', contrast=1.0, depth=-6.0, flipHoriz=False, flipVert=False, image='sin', interpolate=True, mask=None, maskParams=None, name='task_fixImg_2', opacity=1, ori=0.0, pos=array([ 0.  , -0.05]), size=array([0.015, 0.015]), texRes=512, units='height', win=Window(...))
15.4181 	INFO 	keyboard.Keyboard is using ptb backend.
15.4196 	EXP 	Created sTfeed_text1 = TextStim(__class__=<class 'psychopy.visual.text.TextStim'>, alignHoriz=method-wrapper(...), alignText='center', alignVert=method-wrapper(...), anchorHoriz='center', anchorVert='center', antialias=True, autoLog=True, bold=False, color=array([1., 1., 1.]), colorSpace='rgb', contrast=1.0, depth=-1.0, flipHoriz=False, flipVert=False, font='Arial', fontFiles=[], height=0.12, italic=False, languageStyle='LTR', name='sTfeed_text1', opacity=1, ori=0, pos=array([0. , 0.1]), rgb=UNKNOWN, text='', units='height', win=Window(...), wrapWidth=1.8)
15.4207 	EXP 	Created scFeed_text2 = TextStim(__class__=<class 'psychopy.visual.text.TextStim'>, alignHoriz=method-wrapper(...), alignText='center', alignVert=method-wrapper(...), anchorHoriz='center', anchorVert='center', antialias=True, autoLog=True, bold=False, color=array([1., 1., 1.]), colorSpace='rgb', contrast=1.0, depth=-2.0, flipHoriz=False, flipVert=False, font='Arial', fontFiles=[], height=0.04, italic=False, languageStyle='LTR', name='scFeed_text2', opacity=1, ori=0, pos=array([ 0. , -0.3]), rgb=UNKNOWN, text='', units='height', win=Window(...), wrapWidth=1.3)
15.6860 	INFO 	keyboard.Keyboard is using ptb backend.
15.7050 	EXP 	Created instruct_surprise1 = TextStim(__class__=<class 'psychopy.visual.text.TextStim'>, alignHoriz=method-wrapper(...), alignText='center', alignVert=method-wrapper(...), anchorHoriz='center', anchorVert='center', antialias=True, autoLog=True, bold=False, color=array([1., 1., 1.]), colorSpace='rgb', contrast=1.0, depth=0.0, flipHoriz=False, flipVert=False, font='Open Sans', fontFiles=[], height=0.04, italic=False, languageStyle='LTR', name='instruct_surprise1', opacity=1, ori=0.0, pos=array([0., 0.]), rgb=UNKNOWN, text=str(...), units='height', win=Window(...), wrapWidth=1)
15.9611 	INFO 	keyboard.Keyboard is using ptb backend.
15.9767 	EXP 	Created cb_text1_2 = TextStim(__class__=<class 'psychopy.visual.text.TextStim'>, alignHoriz=method-wrapper(...), alignText='center', alignVert=method-wrapper(...), anchorHoriz='center', anchorVert='center', antialias=True, autoLog=True, bold=False, color=array([1., 1., 1.]), colorSpace='rgb', contrast=1.0, depth=0.0, flipHoriz=False, flipVert=False, font='Open Sans', fontFiles=[], height=0.04, italic=False, languageStyle='LTR', name='cb_text1_2', opacity=1, ori=0.0, pos=array([0., 0.]), rgb=UNKNOWN, text=str(...), units='height', win=Window(...), wrapWidth=1)
16.2348 	INFO 	keyboard.Keyboard is using ptb backend.
16.2362 	EXP 	Created instructMainTask_text = TextStim(__class__=<class 'psychopy.visual.text.TextStim'>, alignHoriz=method-wrapper(...), alignText='center', alignVert=method-wrapper(...), anchorHoriz='center', anchorVert='center', antialias=True, autoLog=True, bold=False, color=array([1., 1., 1.]), colorSpace='rgb', contrast=1.0, depth=0.0, flipHoriz=False, flipVert=False, font='Arial', fontFiles=[], height=0.04, italic=False, languageStyle='LTR', name='instructMainTask_text', opacity=1, ori=0, pos=array([0., 0.]), rgb=UNKNOWN, text='', units='height', win=Window(...), wrapWidth=1.3)
16.4906 	INFO 	keyboard.Keyboard is using ptb backend.
16.4946 	EXP 	Created stimulus = ImageStim(__class__=<class 'psychopy.visual.image.ImageStim'>, autoLog=True, color=array([1., 1., 1.]), colorSpace='rgb', contrast=1.0, depth=0.0, flipHoriz=False, flipVert=False, image='sin', interpolate=True, mask=None, maskParams=None, name='stimulus', opacity=1, ori=0.0, pos=array([0. , 0.2]), size=array([0.5, 0.5]), texRes=128.0, units='height', win=Window(...))
16.4962 	EXP 	Created instructsurpA1_right = TextStim(__class__=<class 'psychopy.visual.text.TextStim'>, alignHoriz=method-wrapper(...), alignText='center', alignVert=method-wrapper(...), anchorHoriz='center', anchorVert='center', antialias=True, autoLog=True, bold=False, color=array([1., 1., 1.]), colorSpace='rgb', contrast=1.0, depth=-1.0, flipHoriz=False, flipVert=False, font='Open Sans', fontFiles=[], height=0.025, italic=False, languageStyle='LTR', name='instructsurpA1_right', opacity=1, ori=0.0, pos=array([0., 0.]), rgb=UNKNOWN, text='', units='height', win=Window(...), wrapWidth=1)
16.4973 	EXP 	Created instructsurpA2_left = TextStim(__class__=<class 'psychopy.visual.text.TextStim'>, alignHoriz=method-wrapper(...), alignText='center', alignVert=method-wrapper(...), anchorHoriz='center', anchorVert='center', antialias=True, autoLog=True, bold=False, color=array([1., 1., 1.]), colorSpace='rgb', contrast=1.0, depth=-2.0, flipHoriz=False, flipVert=False, font='Open Sans', fontFiles=[], height=0.025, italic=False, languageStyle='LTR', name='instructsurpA2_left', opacity=1, ori=0.0, pos=array([-0.4 , -0.03]), rgb=UNKNOWN, text='', units='height', win=Window(...), wrapWidth=1)
16.7572 	INFO 	keyboard.Keyboard is using ptb backend.
16.7585 	EXP 	Created instructMainTask_text_2 = TextStim(__class__=<class 'psychopy.visual.text.TextStim'>, alignHoriz=method-wrapper(...), alignText='center', alignVert=method-wrapper(...), anchorHoriz='center', anchorVert='center', antialias=True, autoLog=True, bold=False, color=array([1., 1., 1.]), colorSpace='rgb', contrast=1.0, depth=0.0, flipHoriz=False, flipVert=False, font='Arial', fontFiles=[], height=0.04, italic=False, languageStyle='LTR', name='instructMainTask_text_2', opacity=1, ori=0, pos=array([0., 0.]), rgb=UNKNOWN, text='', units='height', win=Window(...), wrapWidth=1.3)
17.0105 	INFO 	keyboard.Keyboard is using ptb backend.
17.0148 	EXP 	Created stimulus_2 = ImageStim(__class__=<class 'psychopy.visual.image.ImageStim'>, autoLog=True, color=array([1., 1., 1.]), colorSpace='rgb', contrast=1.0, depth=0.0, flipHoriz=False, flipVert=False, image='sin', interpolate=True, mask=None, maskParams=None, name='stimulus_2', opacity=1, ori=0.0, pos=array([0. , 0.2]), size=array([0.5, 0.5]), texRes=128.0, units='height', win=Window(...))
17.0160 	EXP 	Created instructsurpA1_right_2 = TextStim(__class__=<class 'psychopy.visual.text.TextStim'>, alignHoriz=method-wrapper(...), alignText='center', alignVert=method-wrapper(...), anchorHoriz='center', anchorVert='center', antialias=True, autoLog=True, bold=False, color=array([1., 1., 1.]), colorSpace='rgb', contrast=1.0, depth=-1.0, flipHoriz=False, flipVert=False, font='Open Sans', fontFiles=[], height=0.025, italic=False, languageStyle='LTR', name='instructsurpA1_right_2', opacity=1, ori=0.0, pos=array([0., 0.]), rgb=UNKNOWN, text='', units='height', win=Window(...), wrapWidth=1)
17.0172 	EXP 	Created instructsurpA2_left_2 = TextStim(__class__=<class 'psychopy.visual.text.TextStim'>, alignHoriz=method-wrapper(...), alignText='center', alignVert=method-wrapper(...), anchorHoriz='center', anchorVert='center', antialias=True, autoLog=True, bold=False, color=array([1., 1., 1.]), colorSpace='rgb', contrast=1.0, depth=-2.0, flipHoriz=False, flipVert=False, font='Open Sans', fontFiles=[], height=0.025, italic=False, languageStyle='LTR', name='instructsurpA2_left_2', opacity=1, ori=0.0, pos=array([-0.4 , -0.03]), rgb=UNKNOWN, text='', units='height', win=Window(...), wrapWidth=1)
17.2686 	INFO 	keyboard.Keyboard is using ptb backend.
17.2808 	EXP 	Created finishMessage_text = TextStim(__class__=<class 'psychopy.visual.text.TextStim'>, alignHoriz=method-wrapper(...), alignText='center', alignVert=method-wrapper(...), anchorHoriz='center', anchorVert='center', antialias=True, autoLog=True, bold=False, color=array([1., 1., 1.]), colorSpace='rgb', contrast=1.0, depth=0.0, flipHoriz=False, flipVert=False, font='Arial', fontFiles=[], height=0.04, italic=False, languageStyle='LTR', name='finishMessage_text', opacity=1, ori=0, pos=array([0., 0.]), rgb=UNKNOWN, text='Thank you for your participation!', units='height', win=Window(...), wrapWidth=1.3)
17.2907 	EXP 	welcome_text: autoDraw = True
23.7441 	DATA 	Keypress: 8
23.7507 	EXP 	welcome_text: autoDraw = False
23.7507 	EXP 	instructRight_text: autoDraw = True
23.7507 	EXP 	instructRight_centerImg: autoDraw = True
23.7507 	EXP 	instructRight_rightImg1: autoDraw = True
23.7507 	EXP 	instructRight_leftImg1: autoDraw = True
24.6720 	DATA 	Keypress: 8
24.6805 	EXP 	instructRight_text: autoDraw = False
24.6805 	EXP 	instructRight_centerImg: autoDraw = False
24.6805 	EXP 	instructRight_rightImg1: autoDraw = False
24.6805 	EXP 	instructRight_leftImg1: autoDraw = False
24.6805 	EXP 	instructLeft_text: autoDraw = True
24.6805 	EXP 	instructLeft_centerImg: autoDraw = True
24.6805 	EXP 	instructLeft_rightImg1: autoDraw = True
24.6805 	EXP 	instructLeft_leftImg1: autoDraw = True
25.2013 	DATA 	Keypress: 1
25.2137 	EXP 	instructLeft_text: autoDraw = False
25.2137 	EXP 	instructLeft_centerImg: autoDraw = False
25.2137 	EXP 	instructLeft_rightImg1: autoDraw = False
25.2137 	EXP 	instructLeft_leftImg1: autoDraw = False
25.2137 	EXP 	instructInconRight_text: autoDraw = True
25.2137 	EXP 	instructIncon_centerImg: autoDraw = True
25.2137 	EXP 	instructIncon_rightImg1: autoDraw = True
25.2137 	EXP 	instructIncon_leftImg1: autoDraw = True
25.8032 	DATA 	Keypress: 8
25.8300 	EXP 	instructInconRight_text: autoDraw = False
25.8300 	EXP 	instructIncon_centerImg: autoDraw = False
25.8300 	EXP 	instructIncon_rightImg1: autoDraw = False
25.8300 	EXP 	instructIncon_leftImg1: autoDraw = False
25.8300 	EXP 	instructInconLeft_text: autoDraw = True
25.8300 	EXP 	instructInconLeft_centerImg: autoDraw = True
25.8300 	EXP 	instructInconLeft_rightImg1: autoDraw = True
25.8300 	EXP 	instructInconLeft_leftImg1: autoDraw = True
26.1378 	DEBUG 	Read csv file with pandas: blockSelect_practice.csv
26.1405 	DEBUG 	Clearing unnamed columns from blockSelect_practice.csv
26.1407 	EXP 	Imported blockSelect_practice.csv as conditions, 1 conditions, 1 params
26.1523 	EXP 	Created sequence: random, trialTypes=1, nReps=999, seed=None
26.1573 	EXP 	New trial (rep=0, index=0): OrderedDict([('whichBlock', 'trialTable_practice.csv')])
26.1614 	DATA 	Keypress: 1
26.1654 	EXP 	instructInconLeft_text: autoDraw = False
26.1654 	EXP 	instructInconLeft_centerImg: autoDraw = False
26.1654 	EXP 	instructInconLeft_rightImg1: autoDraw = False
26.1654 	EXP 	instructInconLeft_leftImg1: autoDraw = False
26.1654 	EXP 	prac_blockText: autoDraw = True
26.1654 	EXP 	prac_reminder_text: autoDraw = True
26.8702 	DATA 	Keypress: 8
26.9239 	EXP 	prac_blockText: autoDraw = False
26.9239 	EXP 	prac_reminder_text: autoDraw = False
26.9239 	EXP 	initFixation_img: image = 'img/fixationCross.png'
26.9239 	EXP 	initFixation_img: autoDraw = True
28.9376 	DEBUG 	Read csv file with pandas: trialTable_practice.csv
28.9392 	DEBUG 	Clearing unnamed columns from trialTable_practice.csv
28.9431 	EXP 	Imported trialTable_practice.csv as conditions, 20 conditions, 9 params
28.9438 	EXP 	Created sequence: random, trialTypes=20, nReps=1, seed=None
28.9443 	EXP 	New trial (rep=0, index=0): OrderedDict([('middleStim', 'img/renders/face704_45.png'), ('leftStim', 'img/renders/face704_45.png'), ('rightStim', 'img/renders/face704_45.png'), ('stimNum', 5), ('congruent', 1), ('target', 'right'), ('locationC', [0, 0]), ('locationR', [0.13, 0]), ('locationL', [-0.13, 0])])
28.9873 	EXP 	initFixation_img: autoDraw = False
28.9873 	EXP 	prac_centerImg: pos = array([0., 0.])
28.9873 	EXP 	prac_centerImg: image = 'img/renders/face704_45.png'
28.9873 	EXP 	prac_rightImg1: pos = array([0.13, 0.  ])
28.9873 	EXP 	prac_rightImg1: image = 'img/renders/face704_45.png'
28.9873 	EXP 	prac_leftImg1: pos = array([-0.13,  0.  ])
28.9873 	EXP 	prac_leftImg1: image = 'img/renders/face704_45.png'
28.9873 	EXP 	prac_fixImg: image = 'img/fixationCross.png'
28.9873 	EXP 	prac_centerImg: autoDraw = True
28.9873 	EXP 	prac_rightImg1: autoDraw = True
28.9873 	EXP 	prac_leftImg1: autoDraw = True
28.9873 	EXP 	prac_fixImg: autoDraw = True
29.1981 	EXP 	prac_centerImg: autoDraw = False
29.1981 	EXP 	prac_rightImg1: autoDraw = False
29.1981 	EXP 	prac_leftImg1: autoDraw = False
30.8673 	EXP 	New trial (rep=0, index=1): OrderedDict([('middleStim', 'img/renders/face037_-45.png'), ('leftStim', 'img/renders/face037_45.png'), ('rightStim', 'img/renders/face037_45.png'), ('stimNum', 8), ('congruent', 0), ('target', 'left'), ('locationC', [-0.058, 0]), ('locationR', [0.14, 0]), ('locationL', [-0.14, 0])])
30.9150 	EXP 	prac_fixImg: autoDraw = False
30.9150 	EXP 	prac_centerImg: autoDraw = False
30.9150 	EXP 	prac_rightImg1: autoDraw = False
30.9150 	EXP 	prac_leftImg1: autoDraw = False
30.9150 	EXP 	prac_fixImg: autoDraw = False
30.9150 	EXP 	prac_centerImg: pos = array([-0.058,  0.   ])
30.9150 	EXP 	prac_centerImg: image = 'img/renders/face037_-45.png'
30.9150 	EXP 	prac_rightImg1: pos = array([0.14, 0.  ])
30.9150 	EXP 	prac_rightImg1: image = 'img/renders/face037_45.png'
30.9150 	EXP 	prac_leftImg1: pos = array([-0.14,  0.  ])
30.9150 	EXP 	prac_leftImg1: image = 'img/renders/face037_45.png'
30.9150 	EXP 	prac_fixImg: image = 'img/fixationCross.png'
30.9150 	EXP 	prac_centerImg: autoDraw = True
30.9150 	EXP 	prac_rightImg1: autoDraw = True
30.9150 	EXP 	prac_leftImg1: autoDraw = True
30.9150 	EXP 	prac_fixImg: autoDraw = True
31.1290 	EXP 	prac_centerImg: autoDraw = False
31.1290 	EXP 	prac_rightImg1: autoDraw = False
31.1290 	EXP 	prac_leftImg1: autoDraw = False
31.3694 	DATA 	Keypress: 1
32.5495 	EXP 	New trial (rep=0, index=2): OrderedDict([('middleStim', 'img/renders/face418_45.png'), ('leftStim', 'img/renders/face418_-45.png'), ('rightStim', 'img/renders/face418_-45.png'), ('stimNum', 7), ('congruent', 0), ('target', 'right'), ('locationC', [0.058, 0]), ('locationR', [0.14, 0]), ('locationL', [-0.14, 0])])
32.5980 	EXP 	prac_fixImg: autoDraw = False
32.5980 	EXP 	prac_centerImg: autoDraw = False
32.5980 	EXP 	prac_rightImg1: autoDraw = False
32.5980 	EXP 	prac_leftImg1: autoDraw = False
32.5980 	EXP 	prac_fixImg: autoDraw = False
32.5980 	EXP 	prac_centerImg: pos = array([0.058, 0.   ])
32.5980 	EXP 	prac_centerImg: image = 'img/renders/face418_45.png'
32.5980 	EXP 	prac_rightImg1: pos = array([0.14, 0.  ])
32.5980 	EXP 	prac_rightImg1: image = 'img/renders/face418_-45.png'
32.5980 	EXP 	prac_leftImg1: pos = array([-0.14,  0.  ])
32.5980 	EXP 	prac_leftImg1: image = 'img/renders/face418_-45.png'
32.5980 	EXP 	prac_fixImg: image = 'img/fixationCross.png'
32.5980 	EXP 	prac_centerImg: autoDraw = True
32.5980 	EXP 	prac_rightImg1: autoDraw = True
32.5980 	EXP 	prac_leftImg1: autoDraw = True
32.5980 	EXP 	prac_fixImg: autoDraw = True
32.8137 	EXP 	prac_centerImg: autoDraw = False
32.8137 	EXP 	prac_rightImg1: autoDraw = False
32.8137 	EXP 	prac_leftImg1: autoDraw = False
33.0145 	DATA 	Keypress: 8
34.3151 	EXP 	New trial (rep=0, index=3): OrderedDict([('middleStim', 'img/renders/face994_45.png'), ('leftStim', 'img/renders/face994_45.png'), ('rightStim', 'img/renders/face994_45.png'), ('stimNum', 5), ('congruent', 1), ('target', 'right'), ('locationC', [0, 0]), ('locationR', [0.13, 0]), ('locationL', [-0.13, 0])])
34.3603 	EXP 	prac_fixImg: autoDraw = False
34.3603 	EXP 	prac_centerImg: autoDraw = False
34.3603 	EXP 	prac_rightImg1: autoDraw = False
34.3603 	EXP 	prac_leftImg1: autoDraw = False
34.3603 	EXP 	prac_fixImg: autoDraw = False
34.3603 	EXP 	prac_centerImg: pos = array([0., 0.])
34.3603 	EXP 	prac_centerImg: image = 'img/renders/face994_45.png'
34.3603 	EXP 	prac_rightImg1: pos = array([0.13, 0.  ])
34.3603 	EXP 	prac_rightImg1: image = 'img/renders/face994_45.png'
34.3603 	EXP 	prac_leftImg1: pos = array([-0.13,  0.  ])
34.3603 	EXP 	prac_leftImg1: image = 'img/renders/face994_45.png'
34.3603 	EXP 	prac_fixImg: image = 'img/fixationCross.png'
34.3603 	EXP 	prac_centerImg: autoDraw = True
34.3603 	EXP 	prac_rightImg1: autoDraw = True
34.3603 	EXP 	prac_leftImg1: autoDraw = True
34.3603 	EXP 	prac_fixImg: autoDraw = True
34.5635 	EXP 	prac_centerImg: autoDraw = False
34.5635 	EXP 	prac_rightImg1: autoDraw = False
34.5635 	EXP 	prac_leftImg1: autoDraw = False
34.7475 	DATA 	Keypress: 8
35.9320 	EXP 	New trial (rep=0, index=4): OrderedDict([('middleStim', 'img/renders/face586_-45.png'), ('leftStim', 'img/renders/face586_-45.png'), ('rightStim', 'img/renders/face586_-45.png'), ('stimNum', 6), ('congruent', 1), ('target', 'left'), ('locationC', [0, 0]), ('locationR', [0.13, 0]), ('locationL', [-0.13, 0])])
35.9749 	EXP 	prac_fixImg: autoDraw = False
35.9749 	EXP 	prac_centerImg: autoDraw = False
35.9749 	EXP 	prac_rightImg1: autoDraw = False
35.9749 	EXP 	prac_leftImg1: autoDraw = False
35.9749 	EXP 	prac_fixImg: autoDraw = False
35.9749 	EXP 	prac_centerImg: pos = array([0., 0.])
35.9749 	EXP 	prac_centerImg: image = 'img/renders/face586_-45.png'
35.9749 	EXP 	prac_rightImg1: pos = array([0.13, 0.  ])
35.9749 	EXP 	prac_rightImg1: image = 'img/renders/face586_-45.png'
35.9749 	EXP 	prac_leftImg1: pos = array([-0.13,  0.  ])
35.9749 	EXP 	prac_leftImg1: image = 'img/renders/face586_-45.png'
35.9749 	EXP 	prac_fixImg: image = 'img/fixationCross.png'
35.9749 	EXP 	prac_centerImg: autoDraw = True
35.9749 	EXP 	prac_rightImg1: autoDraw = True
35.9749 	EXP 	prac_leftImg1: autoDraw = True
35.9749 	EXP 	prac_fixImg: autoDraw = True
36.1798 	EXP 	prac_centerImg: autoDraw = False
36.1798 	EXP 	prac_rightImg1: autoDraw = False
36.1798 	EXP 	prac_leftImg1: autoDraw = False
36.3960 	DATA 	Keypress: 1
37.9148 	EXP 	New trial (rep=0, index=5): OrderedDict([('middleStim', 'img/renders/face781_-45.png'), ('leftStim', 'img/renders/face781_45.png'), ('rightStim', 'img/renders/face781_45.png'), ('stimNum', 8), ('congruent', 0), ('target', 'left'), ('locationC', [-0.058, 0]), ('locationR', [0.14, 0]), ('locationL', [-0.14, 0])])
37.9592 	EXP 	prac_fixImg: autoDraw = False
37.9592 	EXP 	prac_centerImg: autoDraw = False
37.9592 	EXP 	prac_rightImg1: autoDraw = False
37.9592 	EXP 	prac_leftImg1: autoDraw = False
37.9592 	EXP 	prac_fixImg: autoDraw = False
37.9592 	EXP 	prac_centerImg: pos = array([-0.058,  0.   ])
37.9592 	EXP 	prac_centerImg: image = 'img/renders/face781_-45.png'
37.9592 	EXP 	prac_rightImg1: pos = array([0.14, 0.  ])
37.9592 	EXP 	prac_rightImg1: image = 'img/renders/face781_45.png'
37.9592 	EXP 	prac_leftImg1: pos = array([-0.14,  0.  ])
37.9592 	EXP 	prac_leftImg1: image = 'img/renders/face781_45.png'
37.9592 	EXP 	prac_fixImg: image = 'img/fixationCross.png'
37.9592 	EXP 	prac_centerImg: autoDraw = True
37.9592 	EXP 	prac_rightImg1: autoDraw = True
37.9592 	EXP 	prac_leftImg1: autoDraw = True
37.9592 	EXP 	prac_fixImg: autoDraw = True
38.1624 	EXP 	prac_centerImg: autoDraw = False
38.1624 	EXP 	prac_rightImg1: autoDraw = False
38.1624 	EXP 	prac_leftImg1: autoDraw = False
38.3791 	DATA 	Keypress: 1
39.8803 	EXP 	New trial (rep=0, index=6): OrderedDict([('middleStim', 'img/renders/face211_45.png'), ('leftStim', 'img/renders/face211_45.png'), ('rightStim', 'img/renders/face211_45.png'), ('stimNum', 5), ('congruent', 1), ('target', 'right'), ('locationC', [0, 0]), ('locationR', [0.13, 0]), ('locationL', [-0.13, 0])])
39.9208 	EXP 	prac_fixImg: autoDraw = False
39.9208 	EXP 	prac_centerImg: autoDraw = False
39.9208 	EXP 	prac_rightImg1: autoDraw = False
39.9208 	EXP 	prac_leftImg1: autoDraw = False
39.9208 	EXP 	prac_fixImg: autoDraw = False
39.9208 	EXP 	prac_centerImg: pos = array([0., 0.])
39.9208 	EXP 	prac_centerImg: image = 'img/renders/face211_45.png'
39.9208 	EXP 	prac_rightImg1: pos = array([0.13, 0.  ])
39.9208 	EXP 	prac_rightImg1: image = 'img/renders/face211_45.png'
39.9208 	EXP 	prac_leftImg1: pos = array([-0.13,  0.  ])
39.9208 	EXP 	prac_leftImg1: image = 'img/renders/face211_45.png'
39.9208 	EXP 	prac_fixImg: image = 'img/fixationCross.png'
39.9208 	EXP 	prac_centerImg: autoDraw = True
39.9208 	EXP 	prac_rightImg1: autoDraw = True
39.9208 	EXP 	prac_leftImg1: autoDraw = True
39.9208 	EXP 	prac_fixImg: autoDraw = True
40.1266 	EXP 	prac_centerImg: autoDraw = False
40.1266 	EXP 	prac_rightImg1: autoDraw = False
40.1266 	EXP 	prac_leftImg1: autoDraw = False
40.3138 	DATA 	Keypress: 8
41.4312 	EXP 	New trial (rep=0, index=7): OrderedDict([('middleStim', 'img/renders/face028_45.png'), ('leftStim', 'img/renders/face028_-45.png'), ('rightStim', 'img/renders/face028_-45.png'), ('stimNum', 7), ('congruent', 0), ('target', 'right'), ('locationC', [0.058, 0]), ('locationR', [0.14, 0]), ('locationL', [-0.14, 0])])
41.4765 	EXP 	prac_fixImg: autoDraw = False
41.4765 	EXP 	prac_centerImg: autoDraw = False
41.4765 	EXP 	prac_rightImg1: autoDraw = False
41.4765 	EXP 	prac_leftImg1: autoDraw = False
41.4765 	EXP 	prac_fixImg: autoDraw = False
41.4765 	EXP 	prac_centerImg: pos = array([0.058, 0.   ])
41.4765 	EXP 	prac_centerImg: image = 'img/renders/face028_45.png'
41.4765 	EXP 	prac_rightImg1: pos = array([0.14, 0.  ])
41.4765 	EXP 	prac_rightImg1: image = 'img/renders/face028_-45.png'
41.4765 	EXP 	prac_leftImg1: pos = array([-0.14,  0.  ])
41.4765 	EXP 	prac_leftImg1: image = 'img/renders/face028_-45.png'
41.4765 	EXP 	prac_fixImg: image = 'img/fixationCross.png'
41.4765 	EXP 	prac_centerImg: autoDraw = True
41.4765 	EXP 	prac_rightImg1: autoDraw = True
41.4765 	EXP 	prac_leftImg1: autoDraw = True
41.4765 	EXP 	prac_fixImg: autoDraw = True
41.6780 	EXP 	prac_centerImg: autoDraw = False
41.6780 	EXP 	prac_rightImg1: autoDraw = False
41.6780 	EXP 	prac_leftImg1: autoDraw = False
41.9448 	DATA 	Keypress: 1
42.1155 	DATA 	Keypress: 8
43.0467 	EXP 	New trial (rep=0, index=8): OrderedDict([('middleStim', 'img/renders/face559_-45.png'), ('leftStim', 'img/renders/face559_45.png'), ('rightStim', 'img/renders/face559_45.png'), ('stimNum', 8), ('congruent', 0), ('target', 'left'), ('locationC', [-0.058, 0]), ('locationR', [0.14, 0]), ('locationL', [-0.14, 0])])
43.0921 	EXP 	prac_fixImg: autoDraw = False
43.0921 	EXP 	prac_centerImg: autoDraw = False
43.0921 	EXP 	prac_rightImg1: autoDraw = False
43.0921 	EXP 	prac_leftImg1: autoDraw = False
43.0921 	EXP 	prac_fixImg: autoDraw = False
43.0921 	EXP 	prac_centerImg: pos = array([-0.058,  0.   ])
43.0921 	EXP 	prac_centerImg: image = 'img/renders/face559_-45.png'
43.0921 	EXP 	prac_rightImg1: pos = array([0.14, 0.  ])
43.0921 	EXP 	prac_rightImg1: image = 'img/renders/face559_45.png'
43.0921 	EXP 	prac_leftImg1: pos = array([-0.14,  0.  ])
43.0921 	EXP 	prac_leftImg1: image = 'img/renders/face559_45.png'
43.0921 	EXP 	prac_fixImg: image = 'img/fixationCross.png'
43.0921 	EXP 	prac_centerImg: autoDraw = True
43.0921 	EXP 	prac_rightImg1: autoDraw = True
43.0921 	EXP 	prac_leftImg1: autoDraw = True
43.0921 	EXP 	prac_fixImg: autoDraw = True
43.2943 	EXP 	prac_centerImg: autoDraw = False
43.2943 	EXP 	prac_rightImg1: autoDraw = False
43.2943 	EXP 	prac_leftImg1: autoDraw = False
43.5943 	DATA 	Keypress: 1
45.0626 	EXP 	New trial (rep=0, index=9): OrderedDict([('middleStim', 'img/renders/face602_-45.png'), ('leftStim', 'img/renders/face602_45.png'), ('rightStim', 'img/renders/face602_45.png'), ('stimNum', 8), ('congruent', 0), ('target', 'left'), ('locationC', [-0.058, 0]), ('locationR', [0.14, 0]), ('locationL', [-0.14, 0])])
45.1043 	EXP 	prac_fixImg: autoDraw = False
45.1043 	EXP 	prac_centerImg: autoDraw = False
45.1043 	EXP 	prac_rightImg1: autoDraw = False
45.1043 	EXP 	prac_leftImg1: autoDraw = False
45.1043 	EXP 	prac_fixImg: autoDraw = False
45.1043 	EXP 	prac_centerImg: pos = array([-0.058,  0.   ])
45.1043 	EXP 	prac_centerImg: image = 'img/renders/face602_-45.png'
45.1043 	EXP 	prac_rightImg1: pos = array([0.14, 0.  ])
45.1043 	EXP 	prac_rightImg1: image = 'img/renders/face602_45.png'
45.1043 	EXP 	prac_leftImg1: pos = array([-0.14,  0.  ])
45.1043 	EXP 	prac_leftImg1: image = 'img/renders/face602_45.png'
45.1043 	EXP 	prac_fixImg: image = 'img/fixationCross.png'
45.1043 	EXP 	prac_centerImg: autoDraw = True
45.1043 	EXP 	prac_rightImg1: autoDraw = True
45.1043 	EXP 	prac_leftImg1: autoDraw = True
45.1043 	EXP 	prac_fixImg: autoDraw = True
45.3085 	EXP 	prac_centerImg: autoDraw = False
45.3085 	EXP 	prac_rightImg1: autoDraw = False
45.3085 	EXP 	prac_leftImg1: autoDraw = False
45.5444 	DATA 	Keypress: 1
46.7120 	EXP 	New trial (rep=0, index=10): OrderedDict([('middleStim', 'img/renders/face351_45.png'), ('leftStim', 'img/renders/face351_-45.png'), ('rightStim', 'img/renders/face351_-45.png'), ('stimNum', 7), ('congruent', 0), ('target', 'right'), ('locationC', [0.058, 0]), ('locationR', [0.14, 0]), ('locationL', [-0.14, 0])])
46.7610 	EXP 	prac_fixImg: autoDraw = False
46.7610 	EXP 	prac_centerImg: autoDraw = False
46.7610 	EXP 	prac_rightImg1: autoDraw = False
46.7610 	EXP 	prac_leftImg1: autoDraw = False
46.7610 	EXP 	prac_fixImg: autoDraw = False
46.7610 	EXP 	prac_centerImg: pos = array([0.058, 0.   ])
46.7610 	EXP 	prac_centerImg: image = 'img/renders/face351_45.png'
46.7610 	EXP 	prac_rightImg1: pos = array([0.14, 0.  ])
46.7610 	EXP 	prac_rightImg1: image = 'img/renders/face351_-45.png'
46.7610 	EXP 	prac_leftImg1: pos = array([-0.14,  0.  ])
46.7610 	EXP 	prac_leftImg1: image = 'img/renders/face351_-45.png'
46.7610 	EXP 	prac_fixImg: image = 'img/fixationCross.png'
46.7610 	EXP 	prac_centerImg: autoDraw = True
46.7610 	EXP 	prac_rightImg1: autoDraw = True
46.7610 	EXP 	prac_leftImg1: autoDraw = True
46.7610 	EXP 	prac_fixImg: autoDraw = True
46.9771 	EXP 	prac_centerImg: autoDraw = False
46.9771 	EXP 	prac_rightImg1: autoDraw = False
46.9771 	EXP 	prac_leftImg1: autoDraw = False
47.1939 	DATA 	Keypress: 8
48.2791 	EXP 	New trial (rep=0, index=11): OrderedDict([('middleStim', 'img/renders/face581_45.png'), ('leftStim', 'img/renders/face581_45.png'), ('rightStim', 'img/renders/face581_45.png'), ('stimNum', 5), ('congruent', 1), ('target', 'right'), ('locationC', [0, 0]), ('locationR', [0.13, 0]), ('locationL', [-0.13, 0])])
48.3266 	EXP 	prac_fixImg: autoDraw = False
48.3266 	EXP 	prac_centerImg: autoDraw = False
48.3266 	EXP 	prac_rightImg1: autoDraw = False
48.3266 	EXP 	prac_leftImg1: autoDraw = False
48.3266 	EXP 	prac_fixImg: autoDraw = False
48.3266 	EXP 	prac_centerImg: pos = array([0., 0.])
48.3266 	EXP 	prac_centerImg: image = 'img/renders/face581_45.png'
48.3266 	EXP 	prac_rightImg1: pos = array([0.13, 0.  ])
48.3266 	EXP 	prac_rightImg1: image = 'img/renders/face581_45.png'
48.3266 	EXP 	prac_leftImg1: pos = array([-0.13,  0.  ])
48.3266 	EXP 	prac_leftImg1: image = 'img/renders/face581_45.png'
48.3266 	EXP 	prac_fixImg: image = 'img/fixationCross.png'
48.3266 	EXP 	prac_centerImg: autoDraw = True
48.3266 	EXP 	prac_rightImg1: autoDraw = True
48.3266 	EXP 	prac_leftImg1: autoDraw = True
48.3266 	EXP 	prac_fixImg: autoDraw = True
48.5255 	EXP 	prac_centerImg: autoDraw = False
48.5255 	EXP 	prac_rightImg1: autoDraw = False
48.5255 	EXP 	prac_leftImg1: autoDraw = False
48.7437 	DATA 	Keypress: 8
49.8784 	EXP 	New trial (rep=0, index=12): OrderedDict([('middleStim', 'img/renders/face482_45.png'), ('leftStim', 'img/renders/face482_45.png'), ('rightStim', 'img/renders/face482_45.png'), ('stimNum', 5), ('congruent', 1), ('target', 'right'), ('locationC', [0, 0]), ('locationR', [0.13, 0]), ('locationL', [-0.13, 0])])
49.9213 	EXP 	prac_fixImg: autoDraw = False
49.9213 	EXP 	prac_centerImg: autoDraw = False
49.9213 	EXP 	prac_rightImg1: autoDraw = False
49.9213 	EXP 	prac_leftImg1: autoDraw = False
49.9213 	EXP 	prac_fixImg: autoDraw = False
49.9213 	EXP 	prac_centerImg: pos = array([0., 0.])
49.9213 	EXP 	prac_centerImg: image = 'img/renders/face482_45.png'
49.9213 	EXP 	prac_rightImg1: pos = array([0.13, 0.  ])
49.9213 	EXP 	prac_rightImg1: image = 'img/renders/face482_45.png'
49.9213 	EXP 	prac_leftImg1: pos = array([-0.13,  0.  ])
49.9213 	EXP 	prac_leftImg1: image = 'img/renders/face482_45.png'
49.9213 	EXP 	prac_fixImg: image = 'img/fixationCross.png'
49.9213 	EXP 	prac_centerImg: autoDraw = True
49.9213 	EXP 	prac_rightImg1: autoDraw = True
49.9213 	EXP 	prac_leftImg1: autoDraw = True
49.9213 	EXP 	prac_fixImg: autoDraw = True
50.1267 	EXP 	prac_centerImg: autoDraw = False
50.1267 	EXP 	prac_rightImg1: autoDraw = False
50.1267 	EXP 	prac_leftImg1: autoDraw = False
50.4099 	DATA 	Keypress: 8
51.7947 	EXP 	New trial (rep=0, index=13): OrderedDict([('middleStim', 'img/renders/face040_45.png'), ('leftStim', 'img/renders/face040_-45.png'), ('rightStim', 'img/renders/face040_-45.png'), ('stimNum', 7), ('congruent', 0), ('target', 'right'), ('locationC', [0.058, 0]), ('locationR', [0.14, 0]), ('locationL', [-0.14, 0])])
51.8422 	EXP 	prac_fixImg: autoDraw = False
51.8422 	EXP 	prac_centerImg: autoDraw = False
51.8422 	EXP 	prac_rightImg1: autoDraw = False
51.8422 	EXP 	prac_leftImg1: autoDraw = False
51.8422 	EXP 	prac_fixImg: autoDraw = False
51.8422 	EXP 	prac_centerImg: pos = array([0.058, 0.   ])
51.8422 	EXP 	prac_centerImg: image = 'img/renders/face040_45.png'
51.8422 	EXP 	prac_rightImg1: pos = array([0.14, 0.  ])
51.8422 	EXP 	prac_rightImg1: image = 'img/renders/face040_-45.png'
51.8422 	EXP 	prac_leftImg1: pos = array([-0.14,  0.  ])
51.8422 	EXP 	prac_leftImg1: image = 'img/renders/face040_-45.png'
51.8422 	EXP 	prac_fixImg: image = 'img/fixationCross.png'
51.8422 	EXP 	prac_centerImg: autoDraw = True
51.8422 	EXP 	prac_rightImg1: autoDraw = True
51.8422 	EXP 	prac_leftImg1: autoDraw = True
51.8422 	EXP 	prac_fixImg: autoDraw = True
52.0410 	EXP 	prac_centerImg: autoDraw = False
52.0410 	EXP 	prac_rightImg1: autoDraw = False
52.0410 	EXP 	prac_leftImg1: autoDraw = False
52.3091 	DATA 	Keypress: 8
53.7443 	EXP 	New trial (rep=0, index=14): OrderedDict([('middleStim', 'img/renders/face800_-45.png'), ('leftStim', 'img/renders/face800_45.png'), ('rightStim', 'img/renders/face800_45.png'), ('stimNum', 8), ('congruent', 0), ('target', 'left'), ('locationC', [-0.058, 0]), ('locationR', [0.14, 0]), ('locationL', [-0.14, 0])])
53.7979 	EXP 	prac_fixImg: autoDraw = False
53.7979 	EXP 	prac_centerImg: autoDraw = False
53.7979 	EXP 	prac_rightImg1: autoDraw = False
53.7979 	EXP 	prac_leftImg1: autoDraw = False
53.7979 	EXP 	prac_fixImg: autoDraw = False
53.7979 	EXP 	prac_centerImg: pos = array([-0.058,  0.   ])
53.7979 	EXP 	prac_centerImg: image = 'img/renders/face800_-45.png'
53.7979 	EXP 	prac_rightImg1: pos = array([0.14, 0.  ])
53.7979 	EXP 	prac_rightImg1: image = 'img/renders/face800_45.png'
53.7979 	EXP 	prac_leftImg1: pos = array([-0.14,  0.  ])
53.7979 	EXP 	prac_leftImg1: image = 'img/renders/face800_45.png'
53.7979 	EXP 	prac_fixImg: image = 'img/fixationCross.png'
53.7979 	EXP 	prac_centerImg: autoDraw = True
53.7979 	EXP 	prac_rightImg1: autoDraw = True
53.7979 	EXP 	prac_leftImg1: autoDraw = True
53.7979 	EXP 	prac_fixImg: autoDraw = True
54.0080 	EXP 	prac_centerImg: autoDraw = False
54.0080 	EXP 	prac_rightImg1: autoDraw = False
54.0080 	EXP 	prac_leftImg1: autoDraw = False
54.2754 	DATA 	Keypress: 1
55.7433 	EXP 	New trial (rep=0, index=15): OrderedDict([('middleStim', 'img/renders/face634_-45.png'), ('leftStim', 'img/renders/face634_-45.png'), ('rightStim', 'img/renders/face634_-45.png'), ('stimNum', 6), ('congruent', 1), ('target', 'left'), ('locationC', [0, 0]), ('locationR', [0.13, 0]), ('locationL', [-0.13, 0])])
55.7872 	EXP 	prac_fixImg: autoDraw = False
55.7872 	EXP 	prac_centerImg: autoDraw = False
55.7872 	EXP 	prac_rightImg1: autoDraw = False
55.7872 	EXP 	prac_leftImg1: autoDraw = False
55.7872 	EXP 	prac_fixImg: autoDraw = False
55.7872 	EXP 	prac_centerImg: pos = array([0., 0.])
55.7872 	EXP 	prac_centerImg: image = 'img/renders/face634_-45.png'
55.7872 	EXP 	prac_rightImg1: pos = array([0.13, 0.  ])
55.7872 	EXP 	prac_rightImg1: image = 'img/renders/face634_-45.png'
55.7872 	EXP 	prac_leftImg1: pos = array([-0.13,  0.  ])
55.7872 	EXP 	prac_leftImg1: image = 'img/renders/face634_-45.png'
55.7872 	EXP 	prac_fixImg: image = 'img/fixationCross.png'
55.7872 	EXP 	prac_centerImg: autoDraw = True
55.7872 	EXP 	prac_rightImg1: autoDraw = True
55.7872 	EXP 	prac_leftImg1: autoDraw = True
55.7872 	EXP 	prac_fixImg: autoDraw = True
55.9904 	EXP 	prac_centerImg: autoDraw = False
55.9904 	EXP 	prac_rightImg1: autoDraw = False
55.9904 	EXP 	prac_leftImg1: autoDraw = False
56.3092 	DATA 	Keypress: 1
57.5593 	EXP 	New trial (rep=0, index=16): OrderedDict([('middleStim', 'img/renders/face269_45.png'), ('leftStim', 'img/renders/face269_-45.png'), ('rightStim', 'img/renders/face269_-45.png'), ('stimNum', 7), ('congruent', 0), ('target', 'right'), ('locationC', [0.058, 0]), ('locationR', [0.14, 0]), ('locationL', [-0.14, 0])])
57.6047 	EXP 	prac_fixImg: autoDraw = False
57.6047 	EXP 	prac_centerImg: autoDraw = False
57.6047 	EXP 	prac_rightImg1: autoDraw = False
57.6047 	EXP 	prac_leftImg1: autoDraw = False
57.6047 	EXP 	prac_fixImg: autoDraw = False
57.6047 	EXP 	prac_centerImg: pos = array([0.058, 0.   ])
57.6047 	EXP 	prac_centerImg: image = 'img/renders/face269_45.png'
57.6047 	EXP 	prac_rightImg1: pos = array([0.14, 0.  ])
57.6047 	EXP 	prac_rightImg1: image = 'img/renders/face269_-45.png'
57.6047 	EXP 	prac_leftImg1: pos = array([-0.14,  0.  ])
57.6047 	EXP 	prac_leftImg1: image = 'img/renders/face269_-45.png'
57.6047 	EXP 	prac_fixImg: image = 'img/fixationCross.png'
57.6047 	EXP 	prac_centerImg: autoDraw = True
57.6047 	EXP 	prac_rightImg1: autoDraw = True
57.6047 	EXP 	prac_leftImg1: autoDraw = True
57.6047 	EXP 	prac_fixImg: autoDraw = True
57.8069 	EXP 	prac_centerImg: autoDraw = False
57.8069 	EXP 	prac_rightImg1: autoDraw = False
57.8069 	EXP 	prac_leftImg1: autoDraw = False
58.2067 	DATA 	Keypress: 8
59.4097 	EXP 	New trial (rep=0, index=17): OrderedDict([('middleStim', 'img/renders/face395_-45.png'), ('leftStim', 'img/renders/face395_-45.png'), ('rightStim', 'img/renders/face395_-45.png'), ('stimNum', 6), ('congruent', 1), ('target', 'left'), ('locationC', [0, 0]), ('locationR', [0.13, 0]), ('locationL', [-0.13, 0])])
59.4517 	EXP 	prac_fixImg: autoDraw = False
59.4517 	EXP 	prac_centerImg: autoDraw = False
59.4517 	EXP 	prac_rightImg1: autoDraw = False
59.4517 	EXP 	prac_leftImg1: autoDraw = False
59.4517 	EXP 	prac_fixImg: autoDraw = False
59.4517 	EXP 	prac_centerImg: pos = array([0., 0.])
59.4517 	EXP 	prac_centerImg: image = 'img/renders/face395_-45.png'
59.4517 	EXP 	prac_rightImg1: pos = array([0.13, 0.  ])
59.4517 	EXP 	prac_rightImg1: image = 'img/renders/face395_-45.png'
59.4517 	EXP 	prac_leftImg1: pos = array([-0.13,  0.  ])
59.4517 	EXP 	prac_leftImg1: image = 'img/renders/face395_-45.png'
59.4517 	EXP 	prac_fixImg: image = 'img/fixationCross.png'
59.4517 	EXP 	prac_centerImg: autoDraw = True
59.4517 	EXP 	prac_rightImg1: autoDraw = True
59.4517 	EXP 	prac_leftImg1: autoDraw = True
59.4517 	EXP 	prac_fixImg: autoDraw = True
59.6566 	EXP 	prac_centerImg: autoDraw = False
59.6566 	EXP 	prac_rightImg1: autoDraw = False
59.6566 	EXP 	prac_leftImg1: autoDraw = False
60.0408 	DATA 	Keypress: 1
60.9752 	EXP 	New trial (rep=0, index=18): OrderedDict([('middleStim', 'img/renders/face120_-45.png'), ('leftStim', 'img/renders/face120_-45.png'), ('rightStim', 'img/renders/face120_-45.png'), ('stimNum', 6), ('congruent', 1), ('target', 'left'), ('locationC', [0, 0]), ('locationR', [0.13, 0]), ('locationL', [-0.13, 0])])
61.0193 	EXP 	prac_fixImg: autoDraw = False
61.0193 	EXP 	prac_centerImg: autoDraw = False
61.0193 	EXP 	prac_rightImg1: autoDraw = False
61.0193 	EXP 	prac_leftImg1: autoDraw = False
61.0193 	EXP 	prac_fixImg: autoDraw = False
61.0193 	EXP 	prac_centerImg: pos = array([0., 0.])
61.0193 	EXP 	prac_centerImg: image = 'img/renders/face120_-45.png'
61.0193 	EXP 	prac_rightImg1: pos = array([0.13, 0.  ])
61.0193 	EXP 	prac_rightImg1: image = 'img/renders/face120_-45.png'
61.0193 	EXP 	prac_leftImg1: pos = array([-0.13,  0.  ])
61.0193 	EXP 	prac_leftImg1: image = 'img/renders/face120_-45.png'
61.0193 	EXP 	prac_fixImg: image = 'img/fixationCross.png'
61.0193 	EXP 	prac_centerImg: autoDraw = True
61.0193 	EXP 	prac_rightImg1: autoDraw = True
61.0193 	EXP 	prac_leftImg1: autoDraw = True
61.0193 	EXP 	prac_fixImg: autoDraw = True
61.2207 	EXP 	prac_centerImg: autoDraw = False
61.2207 	EXP 	prac_rightImg1: autoDraw = False
61.2207 	EXP 	prac_leftImg1: autoDraw = False
61.5419 	DATA 	Keypress: 1
62.9580 	EXP 	New trial (rep=0, index=19): OrderedDict([('middleStim', 'img/renders/face013_-45.png'), ('leftStim', 'img/renders/face013_-45.png'), ('rightStim', 'img/renders/face013_-45.png'), ('stimNum', 6), ('congruent', 1), ('target', 'left'), ('locationC', [0, 0]), ('locationR', [0.13, 0]), ('locationL', [-0.13, 0])])
63.0034 	EXP 	prac_fixImg: autoDraw = False
63.0034 	EXP 	prac_centerImg: autoDraw = False
63.0034 	EXP 	prac_rightImg1: autoDraw = False
63.0034 	EXP 	prac_leftImg1: autoDraw = False
63.0034 	EXP 	prac_fixImg: autoDraw = False
63.0034 	EXP 	prac_centerImg: pos = array([0., 0.])
63.0034 	EXP 	prac_centerImg: image = 'img/renders/face013_-45.png'
63.0034 	EXP 	prac_rightImg1: pos = array([0.13, 0.  ])
63.0034 	EXP 	prac_rightImg1: image = 'img/renders/face013_-45.png'
63.0034 	EXP 	prac_leftImg1: pos = array([-0.13,  0.  ])
63.0034 	EXP 	prac_leftImg1: image = 'img/renders/face013_-45.png'
63.0034 	EXP 	prac_fixImg: image = 'img/fixationCross.png'
63.0034 	EXP 	prac_centerImg: autoDraw = True
63.0034 	EXP 	prac_rightImg1: autoDraw = True
63.0034 	EXP 	prac_leftImg1: autoDraw = True
63.0034 	EXP 	prac_fixImg: autoDraw = True
63.2059 	EXP 	prac_centerImg: autoDraw = False
63.2059 	EXP 	prac_rightImg1: autoDraw = False
63.2059 	EXP 	prac_leftImg1: autoDraw = False
63.3235 	DATA 	Keypress: 1
64.7607 	EXP 	prac_fixImg: autoDraw = False
64.7607 	EXP 	prac_centerImg: autoDraw = False
64.7607 	EXP 	prac_rightImg1: autoDraw = False
64.7607 	EXP 	prac_leftImg1: autoDraw = False
64.7607 	EXP 	prac_fixImg: autoDraw = False
64.7607 	EXP 	prac_blockFeed_text: text = 'You have completed the practice'
64.7607 	EXP 	prac_blockFeed_text: autoDraw = True
64.7607 	EXP 	prac_pressContinue: autoDraw = True
66.1992 	DATA 	Keypress: 8
66.2033 	EXP 	prac_blockFeed_text: autoDraw = False
66.2033 	EXP 	prac_pressContinue: autoDraw = False
66.2033 	EXP 	cb_text1: autoDraw = True
66.9638 	DEBUG 	Read excel file with openpyxl: alt_arrow_blockSelect.xlsx
66.9640 	EXP 	Imported alt_arrow_blockSelect.xlsx as conditions, 6 conditions, 1 params
66.9644 	EXP 	Created sequence: random, trialTypes=6, nReps=1, seed=None
66.9647 	EXP 	New trial (rep=0, index=0): {'whichBlock': 'alt_trialTable_4.csv'}
66.9776 	DATA 	Keypress: 8
66.9816 	EXP 	cb_text1: autoDraw = False
66.9816 	EXP 	firstT_text1: text = 'Block 1 of 6'
66.9816 	EXP 	firstT_text1: autoDraw = True
66.9816 	EXP 	firstT_text2: autoDraw = True
67.6335 	DATA 	Keypress: 8
67.6381 	EXP 	firstT_text1: autoDraw = False
67.6381 	EXP 	firstT_text2: autoDraw = False
67.6381 	EXP 	initFixation_img: image = 'img/fixationCross.png'
67.6381 	EXP 	initFixation_img: autoDraw = True
69.6323 	DEBUG 	Read csv file with pandas: alt_trialTable_4.csv
69.6351 	DEBUG 	Clearing unnamed columns from alt_trialTable_4.csv
69.6421 	EXP 	Imported alt_trialTable_4.csv as conditions, 32 conditions, 11 params
69.6427 	EXP 	Created sequence: random, trialTypes=32, nReps=1, seed=None
69.6433 	EXP 	New trial (rep=0, index=0): OrderedDict([('middleStim', 'img/leftArrow.png'), ('leftStim', 'img/rightArrow.png'), ('rightStim', 'img/rightArrow.png'), ('stimNum', 8), ('congruent', 0), ('target', 'left'), ('locationC', [0, 0]), ('locationR', [0.03, 0]), ('locationL', [-0.03, 0]), ('straightFace', 'img/renders/face315_0.png'), ('imageSize', [0.02, 0.02])])
69.7204 	EXP 	initFixation_img: autoDraw = False
69.7204 	EXP 	initFixation_img: autoDraw = False
69.7204 	EXP 	bigFace_2: image = 'img/renders/face315_0.png'
69.7204 	EXP 	task_centerImg_3: pos = array([0., 0.])
69.7204 	EXP 	task_centerImg_3: size = array([0.02, 0.02])
69.7204 	EXP 	task_centerImg_3: image = 'img/leftArrow.png'
69.7204 	EXP 	task_rightImg1_3: pos = array([0.03, 0.  ])
69.7204 	EXP 	task_rightImg1_3: size = array([0.02, 0.02])
69.7204 	EXP 	task_rightImg1_3: image = 'img/rightArrow.png'
69.7204 	EXP 	task_leftImg1_3: pos = array([-0.03,  0.  ])
69.7204 	EXP 	task_leftImg1_3: size = array([0.02, 0.02])
69.7204 	EXP 	task_leftImg1_3: image = 'img/rightArrow.png'
69.7204 	EXP 	task_fixImg_3: image = 'img/fixationCross.png'
69.7204 	EXP 	bigFace_2: autoDraw = True
69.7204 	EXP 	cover_background: autoDraw = True
69.7204 	EXP 	task_centerImg_3: autoDraw = True
69.7204 	EXP 	task_rightImg1_3: autoDraw = True
69.7204 	EXP 	task_leftImg1_3: autoDraw = True
69.7204 	EXP 	task_fixImg_3: autoDraw = True
69.9209 	EXP 	cover_background: autoDraw = False
69.9209 	EXP 	task_centerImg_3: autoDraw = False
69.9209 	EXP 	task_rightImg1_3: autoDraw = False
69.9209 	EXP 	task_leftImg1_3: autoDraw = False
71.7079 	EXP 	New trial (rep=0, index=1): OrderedDict([('middleStim', 'img/leftArrow.png'), ('leftStim', 'img/leftArrow.png'), ('rightStim', 'img/leftArrow.png'), ('stimNum', 6), ('congruent', 1), ('target', 'left'), ('locationC', [0, 0]), ('locationR', [0.03, 0]), ('locationL', [-0.03, 0]), ('straightFace', 'img/renders/face125_0.png'), ('imageSize', [0.02, 0.02])])
71.7792 	DATA 	Keypress: escape
71.7841 	EXP 	bigFace_2: autoDraw = False
71.7841 	EXP 	task_fixImg_3: autoDraw = False
71.7841 	EXP 	bigFace_2: autoDraw = False
71.7841 	EXP 	cover_background: autoDraw = False
71.7841 	EXP 	task_centerImg_3: autoDraw = False
71.7841 	EXP 	task_rightImg1_3: autoDraw = False
71.7841 	EXP 	task_leftImg1_3: autoDraw = False
71.7841 	EXP 	task_fixImg_3: autoDraw = False
71.7841 	EXP 	bigFace_2: image = 'img/renders/face125_0.png'
71.7841 	EXP 	task_centerImg_3: pos = array([0., 0.])
71.7841 	EXP 	task_centerImg_3: size = array([0.02, 0.02])
71.7841 	EXP 	task_centerImg_3: image = 'img/leftArrow.png'
71.7841 	EXP 	task_rightImg1_3: pos = array([0.03, 0.  ])
71.7841 	EXP 	task_rightImg1_3: size = array([0.02, 0.02])
71.7841 	EXP 	task_rightImg1_3: image = 'img/leftArrow.png'
71.7841 	EXP 	task_leftImg1_3: pos = array([-0.03,  0.  ])
71.7841 	EXP 	task_leftImg1_3: size = array([0.02, 0.02])
71.7841 	EXP 	task_leftImg1_3: image = 'img/leftArrow.png'
71.7841 	EXP 	task_fixImg_3: image = 'img/fixationCross.png'
71.7841 	EXP 	bigFace_2: autoDraw = True
71.7841 	EXP 	cover_background: autoDraw = True
71.7841 	EXP 	task_centerImg_3: autoDraw = True
71.7841 	EXP 	task_rightImg1_3: autoDraw = True
71.7841 	EXP 	task_leftImg1_3: autoDraw = True
71.7841 	EXP 	task_fixImg_3: autoDraw = True
71.9865 	EXP 	cover_background: autoDraw = False
71.9865 	EXP 	task_centerImg_3: autoDraw = False
71.9865 	EXP 	task_rightImg1_3: autoDraw = False
71.9865 	EXP 	task_leftImg1_3: autoDraw = False
73.4856 	EXP 	New trial (rep=0, index=2): OrderedDict([('middleStim', 'img/rightArrow.png'), ('leftStim', 'img/rightArrow.png'), ('rightStim', 'img/rightArrow.png'), ('stimNum', 5), ('congruent', 1), ('target', 'right'), ('locationC', [0, 0]), ('locationR', [0.03, 0]), ('locationL', [-0.03, 0]), ('straightFace', 'img/renders/face176_0.png'), ('imageSize', [0.02, 0.02])])
73.5439 	EXP 	bigFace_2: autoDraw = False
73.5439 	EXP 	task_fixImg_3: autoDraw = False
73.5439 	EXP 	bigFace_2: autoDraw = False
73.5439 	EXP 	cover_background: autoDraw = False
73.5439 	EXP 	task_centerImg_3: autoDraw = False
73.5439 	EXP 	task_rightImg1_3: autoDraw = False
73.5439 	EXP 	task_leftImg1_3: autoDraw = False
73.5439 	EXP 	task_fixImg_3: autoDraw = False
73.5439 	EXP 	bigFace_2: image = 'img/renders/face176_0.png'
73.5439 	EXP 	task_centerImg_3: pos = array([0., 0.])
73.5439 	EXP 	task_centerImg_3: size = array([0.02, 0.02])
73.5439 	EXP 	task_centerImg_3: image = 'img/rightArrow.png'
73.5439 	EXP 	task_rightImg1_3: pos = array([0.03, 0.  ])
73.5439 	EXP 	task_rightImg1_3: size = array([0.02, 0.02])
73.5439 	EXP 	task_rightImg1_3: image = 'img/rightArrow.png'
73.5439 	EXP 	task_leftImg1_3: pos = array([-0.03,  0.  ])
73.5439 	EXP 	task_leftImg1_3: size = array([0.02, 0.02])
73.5439 	EXP 	task_leftImg1_3: image = 'img/rightArrow.png'
73.5439 	EXP 	task_fixImg_3: image = 'img/fixationCross.png'
73.5439 	EXP 	bigFace_2: autoDraw = True
73.5439 	EXP 	cover_background: autoDraw = True
73.5439 	EXP 	task_centerImg_3: autoDraw = True
73.5439 	EXP 	task_rightImg1_3: autoDraw = True
73.5439 	EXP 	task_leftImg1_3: autoDraw = True
73.5439 	EXP 	task_fixImg_3: autoDraw = True
73.7529 	EXP 	cover_background: autoDraw = False
73.7529 	EXP 	task_centerImg_3: autoDraw = False
73.7529 	EXP 	task_rightImg1_3: autoDraw = False
73.7529 	EXP 	task_leftImg1_3: autoDraw = False
74.5692 	DATA 	Keypress: escape
75.3822 	EXP 	window1: mouseVisible = True
75.3824 	DEBUG 	Saving data for flanker-basic_v2 ExperimentHandler
75.4086 	INFO 	saved data to /Users/khoss005/Library/CloudStorage/OneDrive-FloridaInternationalUniversity/Projects/Psychopy/mfeFlanker/data/12_flanker-basic_v2_2022_May_10_1921.psydat
75.4123 	INFO 	saved data to '/Users/khoss005/Library/CloudStorage/OneDrive-FloridaInternationalUniversity/Projects/Psychopy/mfeFlanker/data/12_flanker-basic_v2_2022_May_10_1921.csv'
