1.3277 	WARNING 	We strongly recommend you activate the PTB sound engine in PsychoPy prefs as the preferred audio engine. Its timing is vastly superior. Your prefs are currently set to use ['sounddevice', 'PTB', 'pyo', 'pygame'] (in that order).
14.8026 	INFO 	Loaded monitor calibration from ['2022_01_06 13:13']
14.8039 	ERROR 	'0.5000, 0.5000, 0.5000' is not a valid rgb color
14.8173 	WARNING 	User requested fullscreen with size [1440  900], but screen is actually [1920, 1080]. Using actual size
15.6489 	EXP 	Created window1 = Window(allowGUI=False, allowStencil=False, autoLog=True, backendConf=UNKNOWN, bitsMode=UNKNOWN, blendMode='avg', bpc=(8, 8, 8), color=array([0, 0, 0]), colorSpace='rgb', depthBits=8, fullscr=<method-wrapper '__getattribute__' of attributeSetter object at 0x7fec95ec8ac8>, gamma=None, gammaErrorPolicy='raise', lms=UNKNOWN, monitor=<psychopy.monitors.calibTools.Monitor object at 0x7fecb455aac8>, multiSample=False, name='window1', numSamples=2, pos=[0.0, 0.0], screen=0, size=array([1920, 1080]), stencilBits=0, stereo=False, units='height', useFBO=True, useRetina=False, viewOri=0.0, viewPos=None, viewScale=None, waitBlanking=True, winType='pyglet')
15.6492 	EXP 	window1: mouseVisible = True
15.6492 	EXP 	window1: recordFrameIntervals = False
15.8151 	EXP 	window1: recordFrameIntervals = True
15.9983 	DEBUG 	Screen (0) actual frame rate measured at 60.05
15.9983 	EXP 	window1: recordFrameIntervals = False
17.7382 	INFO 	keyboard.Keyboard is using ptb backend.
17.8242 	EXP 	Created welcome_text = TextStim(__class__=<class 'psychopy.visual.text.TextStim'>, alignHoriz=method-wrapper(...), alignText='center', alignVert=method-wrapper(...), anchorHoriz='center', anchorVert='center', antialias=True, autoLog=True, bold=False, color=array([1., 1., 1.]), colorSpace='rgb', contrast=1.0, depth=0.0, flipHoriz=False, flipVert=False, font='Arial', fontFiles=[], height=0.04, italic=False, languageStyle='LTR', name='welcome_text', opacity=1, ori=0, pos=array([0., 0.]), rgb=UNKNOWN, text=str(...), units='height', win=Window(...), wrapWidth=1.3)
18.1244 	INFO 	keyboard.Keyboard is using ptb backend.
18.1356 	EXP 	Created instructRight_text = TextStim(__class__=<class 'psychopy.visual.text.TextStim'>, alignHoriz=method-wrapper(...), alignText='center', alignVert=method-wrapper(...), anchorHoriz='center', anchorVert='center', antialias=True, autoLog=True, bold=False, color=array([1., 1., 1.]), colorSpace='rgb', contrast=1.0, depth=0.0, flipHoriz=False, flipVert=False, font='Arial', fontFiles=[], height=0.04, italic=False, languageStyle='LTR', name='instructRight_text', opacity=1, ori=0, pos=array([0., 0.]), rgb=UNKNOWN, text=str(...), units='height', win=Window(...), wrapWidth=1.3)
18.1763 	EXP 	Created instructRight_centerImg = ImageStim(__class__=<class 'psychopy.visual.image.ImageStim'>, autoLog=True, color=array([1., 1., 1.]), colorSpace='rgb', contrast=1.0, depth=-1.0, flipHoriz=False, flipVert=False, image='img/renders/face000_45.png', interpolate=True, mask=None, maskParams=None, name='instructRight_centerImg', opacity=1, ori=0.0, pos=array([ 0. , -0.3]), size=array([0.18, 0.18]), texRes=512, units='height', win=Window(...))
18.1964 	EXP 	Created instructRight_rightImg1 = ImageStim(__class__=<class 'psychopy.visual.image.ImageStim'>, autoLog=True, color=array([1., 1., 1.]), colorSpace='rgb', contrast=1.0, depth=-2.0, flipHoriz=False, flipVert=False, image='img/renders/face000_45.png', interpolate=True, mask=None, maskParams=None, name='instructRight_rightImg1', opacity=1, ori=0.0, pos=array([ 0.13, -0.3 ]), size=array([0.18, 0.18]), texRes=512, units='height', win=Window(...))
18.2192 	EXP 	Created instructRight_leftImg1 = ImageStim(__class__=<class 'psychopy.visual.image.ImageStim'>, autoLog=True, color=array([1., 1., 1.]), colorSpace='rgb', contrast=1.0, depth=-3.0, flipHoriz=False, flipVert=False, image='img/renders/face000_45.png', interpolate=True, mask=None, maskParams=None, name='instructRight_leftImg1', opacity=1, ori=0.0, pos=array([-0.13, -0.3 ]), size=array([0.18, 0.18]), texRes=512, units='height', win=Window(...))
18.5153 	INFO 	keyboard.Keyboard is using ptb backend.
18.5270 	EXP 	Created instructLeft_text = TextStim(__class__=<class 'psychopy.visual.text.TextStim'>, alignHoriz=method-wrapper(...), alignText='center', alignVert=method-wrapper(...), anchorHoriz='center', anchorVert='center', antialias=True, autoLog=True, bold=False, color=array([1., 1., 1.]), colorSpace='rgb', contrast=1.0, depth=0.0, flipHoriz=False, flipVert=False, font='Arial', fontFiles=[], height=0.04, italic=False, languageStyle='LTR', name='instructLeft_text', opacity=1, ori=0, pos=array([0., 0.]), rgb=UNKNOWN, text=str(...), units='height', win=Window(...), wrapWidth=1.3)
18.5480 	EXP 	Created instructLeft_centerImg = ImageStim(__class__=<class 'psychopy.visual.image.ImageStim'>, autoLog=True, color=array([1., 1., 1.]), colorSpace='rgb', contrast=1.0, depth=-1.0, flipHoriz=False, flipVert=False, image='img/renders/face000_-45.png', interpolate=True, mask=None, maskParams=None, name='instructLeft_centerImg', opacity=1, ori=0.0, pos=array([ 0. , -0.3]), size=array([0.18, 0.18]), texRes=512, units='height', win=Window(...))
18.5679 	EXP 	Created instructLeft_rightImg1 = ImageStim(__class__=<class 'psychopy.visual.image.ImageStim'>, autoLog=True, color=array([1., 1., 1.]), colorSpace='rgb', contrast=1.0, depth=-2.0, flipHoriz=False, flipVert=False, image='img/renders/face000_-45.png', interpolate=True, mask=None, maskParams=None, name='instructLeft_rightImg1', opacity=1, ori=0.0, pos=array([ 0.13, -0.3 ]), size=array([0.18, 0.18]), texRes=512, units='height', win=Window(...))
18.5898 	EXP 	Created instructLeft_leftImg1 = ImageStim(__class__=<class 'psychopy.visual.image.ImageStim'>, autoLog=True, color=array([1., 1., 1.]), colorSpace='rgb', contrast=1.0, depth=-3.0, flipHoriz=False, flipVert=False, image='img/renders/face000_-45.png', interpolate=True, mask=None, maskParams=None, name='instructLeft_leftImg1', opacity=1, ori=0.0, pos=array([-0.13, -0.3 ]), size=array([0.18, 0.18]), texRes=512, units='height', win=Window(...))
18.8924 	INFO 	keyboard.Keyboard is using ptb backend.
18.9107 	EXP 	Created instructInconRight_text = TextStim(__class__=<class 'psychopy.visual.text.TextStim'>, alignHoriz=method-wrapper(...), alignText='center', alignVert=method-wrapper(...), anchorHoriz='center', anchorVert='center', antialias=True, autoLog=True, bold=False, color=array([1., 1., 1.]), colorSpace='rgb', contrast=1.0, depth=0.0, flipHoriz=False, flipVert=False, font='Arial', fontFiles=[], height=0.04, italic=False, languageStyle='LTR', name='instructInconRight_text', opacity=1, ori=0, pos=array([0., 0.]), rgb=UNKNOWN, text=str(...), units='height', win=Window(...), wrapWidth=1.3)
18.9344 	EXP 	Created instructIncon_centerImg = ImageStim(__class__=<class 'psychopy.visual.image.ImageStim'>, autoLog=True, color=array([1., 1., 1.]), colorSpace='rgb', contrast=1.0, depth=-1.0, flipHoriz=False, flipVert=False, image='img/renders/face000_45.png', interpolate=True, mask=None, maskParams=None, name='instructIncon_centerImg', opacity=1, ori=0.0, pos=array([ 0.058, -0.3  ]), size=array([0.18, 0.18]), texRes=512, units='height', win=Window(...))
18.9548 	EXP 	Created instructIncon_rightImg1 = ImageStim(__class__=<class 'psychopy.visual.image.ImageStim'>, autoLog=True, color=array([1., 1., 1.]), colorSpace='rgb', contrast=1.0, depth=-2.0, flipHoriz=False, flipVert=False, image='img/renders/face000_-45.png', interpolate=True, mask=None, maskParams=None, name='instructIncon_rightImg1', opacity=1, ori=0.0, pos=array([ 0.14, -0.3 ]), size=array([0.18, 0.18]), texRes=512, units='height', win=Window(...))
18.9763 	EXP 	Created instructIncon_leftImg1 = ImageStim(__class__=<class 'psychopy.visual.image.ImageStim'>, autoLog=True, color=array([1., 1., 1.]), colorSpace='rgb', contrast=1.0, depth=-3.0, flipHoriz=False, flipVert=False, image='img/renders/face000_-45.png', interpolate=True, mask=None, maskParams=None, name='instructIncon_leftImg1', opacity=1, ori=0.0, pos=array([-0.13, -0.3 ]), size=array([0.18, 0.18]), texRes=512, units='height', win=Window(...))
19.2618 	INFO 	keyboard.Keyboard is using ptb backend.
19.2709 	EXP 	Created instructInconLeft_text = TextStim(__class__=<class 'psychopy.visual.text.TextStim'>, alignHoriz=method-wrapper(...), alignText='center', alignVert=method-wrapper(...), anchorHoriz='center', anchorVert='center', antialias=True, autoLog=True, bold=False, color=array([1., 1., 1.]), colorSpace='rgb', contrast=1.0, depth=0.0, flipHoriz=False, flipVert=False, font='Arial', fontFiles=[], height=0.04, italic=False, languageStyle='LTR', name='instructInconLeft_text', opacity=1, ori=0, pos=array([0., 0.]), rgb=UNKNOWN, text=str(...), units='height', win=Window(...), wrapWidth=1.3)
19.2920 	EXP 	Created instructInconLeft_centerImg = ImageStim(__class__=<class 'psychopy.visual.image.ImageStim'>, autoLog=True, color=array([1., 1., 1.]), colorSpace='rgb', contrast=1.0, depth=-1.0, flipHoriz=False, flipVert=False, image='img/renders/face000_-45.png', interpolate=True, mask=None, maskParams=None, name='instructInconLeft_centerImg', opacity=1, ori=0.0, pos=array([-0.058, -0.3  ]), size=array([0.18, 0.18]), texRes=512, units='height', win=Window(...))
19.3109 	EXP 	Created instructInconLeft_rightImg1 = ImageStim(__class__=<class 'psychopy.visual.image.ImageStim'>, autoLog=True, color=array([1., 1., 1.]), colorSpace='rgb', contrast=1.0, depth=-2.0, flipHoriz=False, flipVert=False, image='img/renders/face000_45.png', interpolate=True, mask=None, maskParams=None, name='instructInconLeft_rightImg1', opacity=1, ori=0.0, pos=array([ 0.13, -0.3 ]), size=array([0.18, 0.18]), texRes=512, units='height', win=Window(...))
19.3326 	EXP 	Created instructInconLeft_leftImg1 = ImageStim(__class__=<class 'psychopy.visual.image.ImageStim'>, autoLog=True, color=array([1., 1., 1.]), colorSpace='rgb', contrast=1.0, depth=-3.0, flipHoriz=False, flipVert=False, image='img/renders/face000_45.png', interpolate=True, mask=None, maskParams=None, name='instructInconLeft_leftImg1', opacity=1, ori=0.0, pos=array([-0.13, -0.3 ]), size=array([0.18, 0.18]), texRes=512, units='height', win=Window(...))
19.6115 	INFO 	keyboard.Keyboard is using ptb backend.
19.6198 	EXP 	Created prac_blockText = TextStim(__class__=<class 'psychopy.visual.text.TextStim'>, alignHoriz=method-wrapper(...), alignText='center', alignVert=method-wrapper(...), anchorHoriz='center', anchorVert='center', antialias=True, autoLog=True, bold=False, color=array([1., 1., 1.]), colorSpace='rgb', contrast=1.0, depth=-1.0, flipHoriz=False, flipVert=False, font='Arial', fontFiles=[], height=0.06, italic=False, languageStyle='LTR', name='prac_blockText', opacity=1, ori=0.0, pos=array([0. , 0.3]), rgb=UNKNOWN, text='Practice', units='height', win=Window(...), wrapWidth=1.3)
19.6384 	EXP 	Created prac_reminder_text = TextStim(__class__=<class 'psychopy.visual.text.TextStim'>, alignHoriz=method-wrapper(...), alignText='center', alignVert=method-wrapper(...), anchorHoriz='center', anchorVert='center', antialias=True, autoLog=True, bold=False, color=array([1., 1., 1.]), colorSpace='rgb', contrast=1.0, depth=-2.0, flipHoriz=False, flipVert=False, font='Arial', fontFiles=[], height=0.04, italic=False, languageStyle='LTR', name='prac_reminder_text', opacity=1, ori=0, pos=array([0., 0.]), rgb=UNKNOWN, text=str(...), units='height', win=Window(...), wrapWidth=1.3)
19.9262 	INFO 	keyboard.Keyboard is using ptb backend.
19.9316 	EXP 	Created initFixation_img = ImageStim(__class__=<class 'psychopy.visual.image.ImageStim'>, autoLog=True, color=array([1., 1., 1.]), colorSpace='rgb', contrast=1.0, depth=0.0, flipHoriz=False, flipVert=False, image='sin', interpolate=True, mask=None, maskParams=None, name='initFixation_img', opacity=1, ori=0.0, pos=array([ 0.  , -0.05]), size=array([0.015, 0.015]), texRes=512, units='height', win=Window(...))
19.9376 	EXP 	Created prac_centerImg = ImageStim(__class__=<class 'psychopy.visual.image.ImageStim'>, autoLog=True, color=array([1., 1., 1.]), colorSpace='rgb', contrast=1.0, depth=-1.0, flipHoriz=False, flipVert=False, image='sin', interpolate=True, mask=None, maskParams=None, name='prac_centerImg', opacity=1, ori=0.0, pos=array([0., 0.]), size=array([0.18, 0.18]), texRes=512, units='height', win=Window(...))
19.9430 	EXP 	Created prac_rightImg1 = ImageStim(__class__=<class 'psychopy.visual.image.ImageStim'>, autoLog=True, color=array([1., 1., 1.]), colorSpace='rgb', contrast=1.0, depth=-2.0, flipHoriz=False, flipVert=False, image='sin', interpolate=True, mask=None, maskParams=None, name='prac_rightImg1', opacity=1, ori=0.0, pos=array([0., 0.]), size=array([0.18, 0.18]), texRes=512, units='height', win=Window(...))
19.9478 	EXP 	Created prac_leftImg1 = ImageStim(__class__=<class 'psychopy.visual.image.ImageStim'>, autoLog=True, color=array([1., 1., 1.]), colorSpace='rgb', contrast=1.0, depth=-3.0, flipHoriz=False, flipVert=False, image='sin', interpolate=True, mask=None, maskParams=None, name='prac_leftImg1', opacity=1, ori=0.0, pos=array([0., 0.]), size=array([0.18, 0.18]), texRes=512, units='height', win=Window(...))
19.9526 	EXP 	Created prac_fixImg = ImageStim(__class__=<class 'psychopy.visual.image.ImageStim'>, autoLog=True, color=array([1., 1., 1.]), colorSpace='rgb', contrast=1.0, depth=-4.0, flipHoriz=False, flipVert=False, image='sin', interpolate=True, mask=None, maskParams=None, name='prac_fixImg', opacity=1, ori=0.0, pos=array([ 0.  , -0.05]), size=array([0.015, 0.015]), texRes=512, units='height', win=Window(...))
20.2299 	INFO 	keyboard.Keyboard is using ptb backend.
20.2314 	EXP 	Created prac_blockFeed_text = TextStim(__class__=<class 'psychopy.visual.text.TextStim'>, alignHoriz=method-wrapper(...), alignText='center', alignVert=method-wrapper(...), anchorHoriz='center', anchorVert='center', antialias=True, autoLog=True, bold=False, color=array([1., 1., 1.]), colorSpace='rgb', contrast=1.0, depth=-1.0, flipHoriz=False, flipVert=False, font='Arial', fontFiles=[], height=0.04, italic=False, languageStyle='LTR', name='prac_blockFeed_text', opacity=1, ori=0, pos=array([0., 0.]), rgb=UNKNOWN, text='', units='height', win=Window(...), wrapWidth=1.3)
20.2357 	EXP 	Created prac_pressContinue = TextStim(__class__=<class 'psychopy.visual.text.TextStim'>, alignHoriz=method-wrapper(...), alignText='center', alignVert=method-wrapper(...), anchorHoriz='center', anchorVert='center', antialias=True, autoLog=True, bold=False, color=array([1., 1., 1.]), colorSpace='rgb', contrast=1.0, depth=-2.0, flipHoriz=False, flipVert=False, font='Arial', fontFiles=[], height=0.04, italic=False, languageStyle='LTR', name='prac_pressContinue', opacity=1, ori=0.0, pos=array([ 0. , -0.3]), rgb=UNKNOWN, text='Press the right key', units='height', win=Window(...), wrapWidth=1.3)
20.5152 	INFO 	keyboard.Keyboard is using ptb backend.
20.5537 	EXP 	Created cb_text1 = TextStim(__class__=<class 'psychopy.visual.text.TextStim'>, alignHoriz=method-wrapper(...), alignText='center', alignVert=method-wrapper(...), anchorHoriz='center', anchorVert='center', antialias=True, autoLog=True, bold=False, color=array([1., 1., 1.]), colorSpace='rgb', contrast=1.0, depth=0.0, flipHoriz=False, flipVert=False, font='Open Sans', fontFiles=[], height=0.04, italic=False, languageStyle='LTR', name='cb_text1', opacity=1, ori=0.0, pos=array([0., 0.]), rgb=UNKNOWN, text=str(...), units='height', win=Window(...), wrapWidth=1)
20.8334 	INFO 	keyboard.Keyboard is using ptb backend.
20.8358 	EXP 	Created firstT_text1 = TextStim(__class__=<class 'psychopy.visual.text.TextStim'>, alignHoriz=method-wrapper(...), alignText='center', alignVert=method-wrapper(...), anchorHoriz='center', anchorVert='center', antialias=True, autoLog=True, bold=False, color=array([1., 1., 1.]), colorSpace='rgb', contrast=1.0, depth=-1.0, flipHoriz=False, flipVert=False, font='Arial', fontFiles=[], height=0.06, italic=False, languageStyle='LTR', name='firstT_text1', opacity=1, ori=0.0, pos=array([0. , 0.3]), rgb=UNKNOWN, text='', units='height', win=Window(...), wrapWidth=1.3)
20.8651 	EXP 	Created firstT_text2 = TextStim(__class__=<class 'psychopy.visual.text.TextStim'>, alignHoriz=method-wrapper(...), alignText='center', alignVert=method-wrapper(...), anchorHoriz='center', anchorVert='center', antialias=True, autoLog=True, bold=False, color=array([1., 1., 1.]), colorSpace='rgb', contrast=1.0, depth=-2.0, flipHoriz=False, flipVert=False, font='Arial', fontFiles=[], height=0.04, italic=False, languageStyle='LTR', name='firstT_text2', opacity=1, ori=0, pos=array([0., 0.]), rgb=UNKNOWN, text=str(...), units='height', win=Window(...), wrapWidth=1.3)
21.1379 	INFO 	keyboard.Keyboard is using ptb backend.
21.1426 	EXP 	Created initFixation_img = ImageStim(__class__=<class 'psychopy.visual.image.ImageStim'>, autoLog=True, color=array([1., 1., 1.]), colorSpace='rgb', contrast=1.0, depth=0.0, flipHoriz=False, flipVert=False, image='sin', interpolate=True, mask=None, maskParams=None, name='initFixation_img', opacity=1, ori=0.0, pos=array([ 0.  , -0.05]), size=array([0.015, 0.015]), texRes=512, units='height', win=Window(...))
21.1472 	EXP 	Created bigFace_2 = ImageStim(__class__=<class 'psychopy.visual.image.ImageStim'>, autoLog=True, color=array([1., 1., 1.]), colorSpace='rgb', contrast=1.0, depth=-1.0, flipHoriz=False, flipVert=False, image='sin', interpolate=True, mask=None, maskParams=None, name='bigFace_2', opacity=1, ori=0.0, pos=array([0., 0.]), size=array([0.36, 0.36]), texRes=128.0, units='height', win=Window(...))
21.1517 	EXP 	Created task_centerImg_3 = ImageStim(__class__=<class 'psychopy.visual.image.ImageStim'>, autoLog=True, color=array([1., 1., 1.]), colorSpace='rgb', contrast=1.0, depth=-2.0, flipHoriz=False, flipVert=False, image='sin', interpolate=True, mask=None, maskParams=None, name='task_centerImg_3', opacity=1, ori=0.0, pos=array([0., 0.]), size=array([0.18, 0.18]), texRes=512, units='height', win=Window(...))
21.1564 	EXP 	Created task_rightImg1_3 = ImageStim(__class__=<class 'psychopy.visual.image.ImageStim'>, autoLog=True, color=array([1., 1., 1.]), colorSpace='rgb', contrast=1.0, depth=-3.0, flipHoriz=False, flipVert=False, image='sin', interpolate=True, mask=None, maskParams=None, name='task_rightImg1_3', opacity=1, ori=0.0, pos=array([0., 0.]), size=array([0.18, 0.18]), texRes=512, units='height', win=Window(...))
21.1609 	EXP 	Created task_leftImg1_3 = ImageStim(__class__=<class 'psychopy.visual.image.ImageStim'>, autoLog=True, color=array([1., 1., 1.]), colorSpace='rgb', contrast=1.0, depth=-4.0, flipHoriz=False, flipVert=False, image='sin', interpolate=True, mask=None, maskParams=None, name='task_leftImg1_3', opacity=1, ori=0.0, pos=array([0., 0.]), size=array([0.18, 0.18]), texRes=512, units='height', win=Window(...))
21.1658 	EXP 	Created task_fixImg_3 = ImageStim(__class__=<class 'psychopy.visual.image.ImageStim'>, autoLog=True, color=array([1., 1., 1.]), colorSpace='rgb', contrast=1.0, depth=-5.0, flipHoriz=False, flipVert=False, image='sin', interpolate=True, mask=None, maskParams=None, name='task_fixImg_3', opacity=1, ori=0.0, pos=array([ 0.  , -0.05]), size=array([0.015, 0.015]), texRes=512, units='height', win=Window(...))
21.4490 	INFO 	keyboard.Keyboard is using ptb backend.
21.4509 	EXP 	Created fTfeed_text1_1 = TextStim(__class__=<class 'psychopy.visual.text.TextStim'>, alignHoriz=method-wrapper(...), alignText='center', alignVert=method-wrapper(...), anchorHoriz='center', anchorVert='center', antialias=True, autoLog=True, bold=False, color=array([1., 1., 1.]), colorSpace='rgb', contrast=1.0, depth=-1.0, flipHoriz=False, flipVert=False, font='Arial', fontFiles=[], height=0.12, italic=False, languageStyle='LTR', name='fTfeed_text1_1', opacity=1, ori=0, pos=array([0. , 0.1]), rgb=UNKNOWN, text='', units='height', win=Window(...), wrapWidth=1.8)
21.4526 	EXP 	Created fTFeed_text2_1 = TextStim(__class__=<class 'psychopy.visual.text.TextStim'>, alignHoriz=method-wrapper(...), alignText='center', alignVert=method-wrapper(...), anchorHoriz='center', anchorVert='center', antialias=True, autoLog=True, bold=False, color=array([1., 1., 1.]), colorSpace='rgb', contrast=1.0, depth=-2.0, flipHoriz=False, flipVert=False, font='Arial', fontFiles=[], height=0.04, italic=False, languageStyle='LTR', name='fTFeed_text2_1', opacity=1, ori=0, pos=array([ 0. , -0.3]), rgb=UNKNOWN, text='', units='height', win=Window(...), wrapWidth=1.3)
21.7294 	INFO 	keyboard.Keyboard is using ptb backend.
21.7313 	EXP 	Created firstT_text1 = TextStim(__class__=<class 'psychopy.visual.text.TextStim'>, alignHoriz=method-wrapper(...), alignText='center', alignVert=method-wrapper(...), anchorHoriz='center', anchorVert='center', antialias=True, autoLog=True, bold=False, color=array([1., 1., 1.]), colorSpace='rgb', contrast=1.0, depth=-1.0, flipHoriz=False, flipVert=False, font='Arial', fontFiles=[], height=0.06, italic=False, languageStyle='LTR', name='firstT_text1', opacity=1, ori=0.0, pos=array([0. , 0.3]), rgb=UNKNOWN, text='', units='height', win=Window(...), wrapWidth=1.3)
21.7424 	EXP 	Created firstT_text2 = TextStim(__class__=<class 'psychopy.visual.text.TextStim'>, alignHoriz=method-wrapper(...), alignText='center', alignVert=method-wrapper(...), anchorHoriz='center', anchorVert='center', antialias=True, autoLog=True, bold=False, color=array([1., 1., 1.]), colorSpace='rgb', contrast=1.0, depth=-2.0, flipHoriz=False, flipVert=False, font='Arial', fontFiles=[], height=0.04, italic=False, languageStyle='LTR', name='firstT_text2', opacity=1, ori=0, pos=array([0., 0.]), rgb=UNKNOWN, text=str(...), units='height', win=Window(...), wrapWidth=1.3)
22.0351 	INFO 	keyboard.Keyboard is using ptb backend.
22.0398 	EXP 	Created initFixation_img = ImageStim(__class__=<class 'psychopy.visual.image.ImageStim'>, autoLog=True, color=array([1., 1., 1.]), colorSpace='rgb', contrast=1.0, depth=0.0, flipHoriz=False, flipVert=False, image='sin', interpolate=True, mask=None, maskParams=None, name='initFixation_img', opacity=1, ori=0.0, pos=array([ 0.  , -0.05]), size=array([0.015, 0.015]), texRes=512, units='height', win=Window(...))
22.0447 	EXP 	Created bigFace = ImageStim(__class__=<class 'psychopy.visual.image.ImageStim'>, autoLog=True, color=array([1., 1., 1.]), colorSpace='rgb', contrast=1.0, depth=-1.0, flipHoriz=False, flipVert=False, image='sin', interpolate=True, mask=None, maskParams=None, name='bigFace', opacity=1, ori=0.0, pos=array([0., 0.]), size=array([0.36, 0.36]), texRes=128.0, units='height', win=Window(...))
22.0491 	EXP 	Created task_centerImg_2 = ImageStim(__class__=<class 'psychopy.visual.image.ImageStim'>, autoLog=True, color=array([1., 1., 1.]), colorSpace='rgb', contrast=1.0, depth=-2.0, flipHoriz=False, flipVert=False, image='sin', interpolate=True, mask=None, maskParams=None, name='task_centerImg_2', opacity=1, ori=0.0, pos=array([0., 0.]), size=array([0.18, 0.18]), texRes=512, units='height', win=Window(...))
22.0539 	EXP 	Created task_rightImg1_2 = ImageStim(__class__=<class 'psychopy.visual.image.ImageStim'>, autoLog=True, color=array([1., 1., 1.]), colorSpace='rgb', contrast=1.0, depth=-3.0, flipHoriz=False, flipVert=False, image='sin', interpolate=True, mask=None, maskParams=None, name='task_rightImg1_2', opacity=1, ori=0.0, pos=array([0., 0.]), size=array([0.18, 0.18]), texRes=512, units='height', win=Window(...))
22.0585 	EXP 	Created task_leftImg1_2 = ImageStim(__class__=<class 'psychopy.visual.image.ImageStim'>, autoLog=True, color=array([1., 1., 1.]), colorSpace='rgb', contrast=1.0, depth=-4.0, flipHoriz=False, flipVert=False, image='sin', interpolate=True, mask=None, maskParams=None, name='task_leftImg1_2', opacity=1, ori=0.0, pos=array([0., 0.]), size=array([0.18, 0.18]), texRes=512, units='height', win=Window(...))
22.0635 	EXP 	Created task_fixImg_2 = ImageStim(__class__=<class 'psychopy.visual.image.ImageStim'>, autoLog=True, color=array([1., 1., 1.]), colorSpace='rgb', contrast=1.0, depth=-5.0, flipHoriz=False, flipVert=False, image='sin', interpolate=True, mask=None, maskParams=None, name='task_fixImg_2', opacity=1, ori=0.0, pos=array([ 0.  , -0.05]), size=array([0.015, 0.015]), texRes=512, units='height', win=Window(...))
22.3470 	INFO 	keyboard.Keyboard is using ptb backend.
22.3489 	EXP 	Created sTfeed_text1 = TextStim(__class__=<class 'psychopy.visual.text.TextStim'>, alignHoriz=method-wrapper(...), alignText='center', alignVert=method-wrapper(...), anchorHoriz='center', anchorVert='center', antialias=True, autoLog=True, bold=False, color=array([1., 1., 1.]), colorSpace='rgb', contrast=1.0, depth=-1.0, flipHoriz=False, flipVert=False, font='Arial', fontFiles=[], height=0.12, italic=False, languageStyle='LTR', name='sTfeed_text1', opacity=1, ori=0, pos=array([0. , 0.1]), rgb=UNKNOWN, text='', units='height', win=Window(...), wrapWidth=1.8)
22.3505 	EXP 	Created scFeed_text2 = TextStim(__class__=<class 'psychopy.visual.text.TextStim'>, alignHoriz=method-wrapper(...), alignText='center', alignVert=method-wrapper(...), anchorHoriz='center', anchorVert='center', antialias=True, autoLog=True, bold=False, color=array([1., 1., 1.]), colorSpace='rgb', contrast=1.0, depth=-2.0, flipHoriz=False, flipVert=False, font='Arial', fontFiles=[], height=0.04, italic=False, languageStyle='LTR', name='scFeed_text2', opacity=1, ori=0, pos=array([ 0. , -0.3]), rgb=UNKNOWN, text='', units='height', win=Window(...), wrapWidth=1.3)
22.6311 	INFO 	keyboard.Keyboard is using ptb backend.
22.6522 	EXP 	Created instruct_surprise1 = TextStim(__class__=<class 'psychopy.visual.text.TextStim'>, alignHoriz=method-wrapper(...), alignText='center', alignVert=method-wrapper(...), anchorHoriz='center', anchorVert='center', antialias=True, autoLog=True, bold=False, color=array([1., 1., 1.]), colorSpace='rgb', contrast=1.0, depth=0.0, flipHoriz=False, flipVert=False, font='Open Sans', fontFiles=[], height=0.04, italic=False, languageStyle='LTR', name='instruct_surprise1', opacity=1, ori=0.0, pos=array([0., 0.]), rgb=UNKNOWN, text=str(...), units='height', win=Window(...), wrapWidth=1)
22.9490 	INFO 	keyboard.Keyboard is using ptb backend.
22.9670 	EXP 	Created cb_text1_2 = TextStim(__class__=<class 'psychopy.visual.text.TextStim'>, alignHoriz=method-wrapper(...), alignText='center', alignVert=method-wrapper(...), anchorHoriz='center', anchorVert='center', antialias=True, autoLog=True, bold=False, color=array([1., 1., 1.]), colorSpace='rgb', contrast=1.0, depth=0.0, flipHoriz=False, flipVert=False, font='Open Sans', fontFiles=[], height=0.04, italic=False, languageStyle='LTR', name='cb_text1_2', opacity=1, ori=0.0, pos=array([0., 0.]), rgb=UNKNOWN, text=str(...), units='height', win=Window(...), wrapWidth=1)
23.2616 	INFO 	keyboard.Keyboard is using ptb backend.
23.2631 	EXP 	Created instructMainTask_text = TextStim(__class__=<class 'psychopy.visual.text.TextStim'>, alignHoriz=method-wrapper(...), alignText='center', alignVert=method-wrapper(...), anchorHoriz='center', anchorVert='center', antialias=True, autoLog=True, bold=False, color=array([1., 1., 1.]), colorSpace='rgb', contrast=1.0, depth=0.0, flipHoriz=False, flipVert=False, font='Arial', fontFiles=[], height=0.04, italic=False, languageStyle='LTR', name='instructMainTask_text', opacity=1, ori=0, pos=array([0., 0.]), rgb=UNKNOWN, text='', units='height', win=Window(...), wrapWidth=1.3)
23.5495 	INFO 	keyboard.Keyboard is using ptb backend.
23.5545 	EXP 	Created stimulus = ImageStim(__class__=<class 'psychopy.visual.image.ImageStim'>, autoLog=True, color=array([1., 1., 1.]), colorSpace='rgb', contrast=1.0, depth=0.0, flipHoriz=False, flipVert=False, image='sin', interpolate=True, mask=None, maskParams=None, name='stimulus', opacity=1, ori=0.0, pos=array([0. , 0.2]), size=array([0.5, 0.5]), texRes=128.0, units='height', win=Window(...))
23.5564 	EXP 	Created instructsurpA1_right = TextStim(__class__=<class 'psychopy.visual.text.TextStim'>, alignHoriz=method-wrapper(...), alignText='center', alignVert=method-wrapper(...), anchorHoriz='center', anchorVert='center', antialias=True, autoLog=True, bold=False, color=array([1., 1., 1.]), colorSpace='rgb', contrast=1.0, depth=-1.0, flipHoriz=False, flipVert=False, font='Open Sans', fontFiles=[], height=0.025, italic=False, languageStyle='LTR', name='instructsurpA1_right', opacity=1, ori=0.0, pos=array([0., 0.]), rgb=UNKNOWN, text='', units='height', win=Window(...), wrapWidth=1)
23.5578 	EXP 	Created instructsurpA2_left = TextStim(__class__=<class 'psychopy.visual.text.TextStim'>, alignHoriz=method-wrapper(...), alignText='center', alignVert=method-wrapper(...), anchorHoriz='center', anchorVert='center', antialias=True, autoLog=True, bold=False, color=array([1., 1., 1.]), colorSpace='rgb', contrast=1.0, depth=-2.0, flipHoriz=False, flipVert=False, font='Open Sans', fontFiles=[], height=0.025, italic=False, languageStyle='LTR', name='instructsurpA2_left', opacity=1, ori=0.0, pos=array([-0.4 , -0.03]), rgb=UNKNOWN, text='', units='height', win=Window(...), wrapWidth=1)
23.8446 	INFO 	keyboard.Keyboard is using ptb backend.
23.8462 	EXP 	Created instructMainTask_text_2 = TextStim(__class__=<class 'psychopy.visual.text.TextStim'>, alignHoriz=method-wrapper(...), alignText='center', alignVert=method-wrapper(...), anchorHoriz='center', anchorVert='center', antialias=True, autoLog=True, bold=False, color=array([1., 1., 1.]), colorSpace='rgb', contrast=1.0, depth=0.0, flipHoriz=False, flipVert=False, font='Arial', fontFiles=[], height=0.04, italic=False, languageStyle='LTR', name='instructMainTask_text_2', opacity=1, ori=0, pos=array([0., 0.]), rgb=UNKNOWN, text='', units='height', win=Window(...), wrapWidth=1.3)
24.1341 	INFO 	keyboard.Keyboard is using ptb backend.
24.1387 	EXP 	Created stimulus_2 = ImageStim(__class__=<class 'psychopy.visual.image.ImageStim'>, autoLog=True, color=array([1., 1., 1.]), colorSpace='rgb', contrast=1.0, depth=0.0, flipHoriz=False, flipVert=False, image='sin', interpolate=True, mask=None, maskParams=None, name='stimulus_2', opacity=1, ori=0.0, pos=array([0. , 0.2]), size=array([0.5, 0.5]), texRes=128.0, units='height', win=Window(...))
24.1403 	EXP 	Created instructsurpA1_right_2 = TextStim(__class__=<class 'psychopy.visual.text.TextStim'>, alignHoriz=method-wrapper(...), alignText='center', alignVert=method-wrapper(...), anchorHoriz='center', anchorVert='center', antialias=True, autoLog=True, bold=False, color=array([1., 1., 1.]), colorSpace='rgb', contrast=1.0, depth=-1.0, flipHoriz=False, flipVert=False, font='Open Sans', fontFiles=[], height=0.025, italic=False, languageStyle='LTR', name='instructsurpA1_right_2', opacity=1, ori=0.0, pos=array([0., 0.]), rgb=UNKNOWN, text='', units='height', win=Window(...), wrapWidth=1)
24.1418 	EXP 	Created instructsurpA2_left_2 = TextStim(__class__=<class 'psychopy.visual.text.TextStim'>, alignHoriz=method-wrapper(...), alignText='center', alignVert=method-wrapper(...), anchorHoriz='center', anchorVert='center', antialias=True, autoLog=True, bold=False, color=array([1., 1., 1.]), colorSpace='rgb', contrast=1.0, depth=-2.0, flipHoriz=False, flipVert=False, font='Open Sans', fontFiles=[], height=0.025, italic=False, languageStyle='LTR', name='instructsurpA2_left_2', opacity=1, ori=0.0, pos=array([-0.4 , -0.03]), rgb=UNKNOWN, text='', units='height', win=Window(...), wrapWidth=1)
24.4243 	INFO 	keyboard.Keyboard is using ptb backend.
24.4377 	EXP 	Created finishMessage_text = TextStim(__class__=<class 'psychopy.visual.text.TextStim'>, alignHoriz=method-wrapper(...), alignText='center', alignVert=method-wrapper(...), anchorHoriz='center', anchorVert='center', antialias=True, autoLog=True, bold=False, color=array([1., 1., 1.]), colorSpace='rgb', contrast=1.0, depth=0.0, flipHoriz=False, flipVert=False, font='Arial', fontFiles=[], height=0.04, italic=False, languageStyle='LTR', name='finishMessage_text', opacity=1, ori=0, pos=array([0., 0.]), rgb=UNKNOWN, text='Thank you for your participation!', units='height', win=Window(...), wrapWidth=1.3)
24.4485 	EXP 	welcome_text: autoDraw = True
25.1101 	DATA 	Keypress: 8
25.1176 	EXP 	welcome_text: autoDraw = False
25.1176 	EXP 	instructRight_text: autoDraw = True
25.1176 	EXP 	instructRight_centerImg: autoDraw = True
25.1176 	EXP 	instructRight_rightImg1: autoDraw = True
25.1176 	EXP 	instructRight_leftImg1: autoDraw = True
25.9028 	DATA 	Keypress: 8
25.9117 	EXP 	instructRight_text: autoDraw = False
25.9117 	EXP 	instructRight_centerImg: autoDraw = False
25.9117 	EXP 	instructRight_rightImg1: autoDraw = False
25.9117 	EXP 	instructRight_leftImg1: autoDraw = False
25.9117 	EXP 	instructLeft_text: autoDraw = True
25.9117 	EXP 	instructLeft_centerImg: autoDraw = True
25.9117 	EXP 	instructLeft_rightImg1: autoDraw = True
25.9117 	EXP 	instructLeft_leftImg1: autoDraw = True
26.1842 	DATA 	Keypress: 1
26.1949 	EXP 	instructLeft_text: autoDraw = False
26.1949 	EXP 	instructLeft_centerImg: autoDraw = False
26.1949 	EXP 	instructLeft_rightImg1: autoDraw = False
26.1949 	EXP 	instructLeft_leftImg1: autoDraw = False
26.1949 	EXP 	instructInconRight_text: autoDraw = True
26.1949 	EXP 	instructIncon_centerImg: autoDraw = True
26.1949 	EXP 	instructIncon_rightImg1: autoDraw = True
26.1949 	EXP 	instructIncon_leftImg1: autoDraw = True
26.5327 	DATA 	Keypress: 8
26.5449 	EXP 	instructInconRight_text: autoDraw = False
26.5449 	EXP 	instructIncon_centerImg: autoDraw = False
26.5449 	EXP 	instructIncon_rightImg1: autoDraw = False
26.5449 	EXP 	instructIncon_leftImg1: autoDraw = False
26.5449 	EXP 	instructInconLeft_text: autoDraw = True
26.5449 	EXP 	instructInconLeft_centerImg: autoDraw = True
26.5449 	EXP 	instructInconLeft_rightImg1: autoDraw = True
26.5449 	EXP 	instructInconLeft_leftImg1: autoDraw = True
27.0517 	DEBUG 	Read csv file with pandas: blockSelect_practice.csv
27.0547 	DEBUG 	Clearing unnamed columns from blockSelect_practice.csv
27.0550 	EXP 	Imported blockSelect_practice.csv as conditions, 1 conditions, 1 params
27.0680 	EXP 	Created sequence: random, trialTypes=1, nReps=999, seed=None
27.0734 	EXP 	New trial (rep=0, index=0): OrderedDict([('whichBlock', 'trialTable_practice.csv')])
27.0780 	DATA 	Keypress: 1
27.0828 	EXP 	instructInconLeft_text: autoDraw = False
27.0828 	EXP 	instructInconLeft_centerImg: autoDraw = False
27.0828 	EXP 	instructInconLeft_rightImg1: autoDraw = False
27.0828 	EXP 	instructInconLeft_leftImg1: autoDraw = False
27.0828 	EXP 	prac_blockText: autoDraw = True
27.0828 	EXP 	prac_reminder_text: autoDraw = True
27.7192 	DATA 	Keypress: 8
27.7245 	EXP 	prac_blockText: autoDraw = False
27.7245 	EXP 	prac_reminder_text: autoDraw = False
27.7245 	EXP 	initFixation_img: image = 'img/fixationCross.png'
27.7245 	EXP 	initFixation_img: autoDraw = True
29.7219 	DEBUG 	Read csv file with pandas: trialTable_practice.csv
29.7231 	DEBUG 	Clearing unnamed columns from trialTable_practice.csv
29.7269 	EXP 	Imported trialTable_practice.csv as conditions, 20 conditions, 9 params
29.7274 	EXP 	Created sequence: random, trialTypes=20, nReps=1, seed=None
29.7278 	EXP 	New trial (rep=0, index=0): OrderedDict([('middleStim', 'img/renders/face800_-45.png'), ('leftStim', 'img/renders/face800_45.png'), ('rightStim', 'img/renders/face800_45.png'), ('stimNum', 8), ('congruent', 0), ('target', 'left'), ('locationC', [-0.058, 0]), ('locationR', [0.14, 0]), ('locationL', [-0.14, 0])])
29.7698 	EXP 	initFixation_img: autoDraw = False
29.7698 	EXP 	prac_centerImg: pos = array([-0.058,  0.   ])
29.7698 	EXP 	prac_centerImg: image = 'img/renders/face800_-45.png'
29.7698 	EXP 	prac_rightImg1: pos = array([0.14, 0.  ])
29.7698 	EXP 	prac_rightImg1: image = 'img/renders/face800_45.png'
29.7698 	EXP 	prac_leftImg1: pos = array([-0.14,  0.  ])
29.7698 	EXP 	prac_leftImg1: image = 'img/renders/face800_45.png'
29.7698 	EXP 	prac_fixImg: image = 'img/fixationCross.png'
29.7698 	EXP 	prac_centerImg: autoDraw = True
29.7698 	EXP 	prac_rightImg1: autoDraw = True
29.7698 	EXP 	prac_leftImg1: autoDraw = True
29.7698 	EXP 	prac_fixImg: autoDraw = True
29.9782 	EXP 	prac_centerImg: autoDraw = False
29.9782 	EXP 	prac_rightImg1: autoDraw = False
29.9782 	EXP 	prac_leftImg1: autoDraw = False
30.4986 	DATA 	Keypress: 1
31.3452 	EXP 	New trial (rep=0, index=1): OrderedDict([('middleStim', 'img/renders/face269_45.png'), ('leftStim', 'img/renders/face269_-45.png'), ('rightStim', 'img/renders/face269_-45.png'), ('stimNum', 7), ('congruent', 0), ('target', 'right'), ('locationC', [0.058, 0]), ('locationR', [0.14, 0]), ('locationL', [-0.14, 0])])
31.3809 	EXP 	prac_fixImg: autoDraw = False
31.3809 	EXP 	prac_centerImg: autoDraw = False
31.3809 	EXP 	prac_rightImg1: autoDraw = False
31.3809 	EXP 	prac_leftImg1: autoDraw = False
31.3809 	EXP 	prac_fixImg: autoDraw = False
31.3809 	EXP 	prac_centerImg: pos = array([0.058, 0.   ])
31.3809 	EXP 	prac_centerImg: image = 'img/renders/face269_45.png'
31.3809 	EXP 	prac_rightImg1: pos = array([0.14, 0.  ])
31.3809 	EXP 	prac_rightImg1: image = 'img/renders/face269_-45.png'
31.3809 	EXP 	prac_leftImg1: pos = array([-0.14,  0.  ])
31.3809 	EXP 	prac_leftImg1: image = 'img/renders/face269_-45.png'
31.3809 	EXP 	prac_fixImg: image = 'img/fixationCross.png'
31.3809 	EXP 	prac_centerImg: autoDraw = True
31.3809 	EXP 	prac_rightImg1: autoDraw = True
31.3809 	EXP 	prac_leftImg1: autoDraw = True
31.3809 	EXP 	prac_fixImg: autoDraw = True
31.5937 	EXP 	prac_centerImg: autoDraw = False
31.5937 	EXP 	prac_rightImg1: autoDraw = False
31.5937 	EXP 	prac_leftImg1: autoDraw = False
31.7466 	DATA 	Keypress: 8
33.2111 	EXP 	New trial (rep=0, index=2): OrderedDict([('middleStim', 'img/renders/face781_-45.png'), ('leftStim', 'img/renders/face781_45.png'), ('rightStim', 'img/renders/face781_45.png'), ('stimNum', 8), ('congruent', 0), ('target', 'left'), ('locationC', [-0.058, 0]), ('locationR', [0.14, 0]), ('locationL', [-0.14, 0])])
33.2448 	EXP 	prac_fixImg: autoDraw = False
33.2448 	EXP 	prac_centerImg: autoDraw = False
33.2448 	EXP 	prac_rightImg1: autoDraw = False
33.2448 	EXP 	prac_leftImg1: autoDraw = False
33.2448 	EXP 	prac_fixImg: autoDraw = False
33.2448 	EXP 	prac_centerImg: pos = array([-0.058,  0.   ])
33.2448 	EXP 	prac_centerImg: image = 'img/renders/face781_-45.png'
33.2448 	EXP 	prac_rightImg1: pos = array([0.14, 0.  ])
33.2448 	EXP 	prac_rightImg1: image = 'img/renders/face781_45.png'
33.2448 	EXP 	prac_leftImg1: pos = array([-0.14,  0.  ])
33.2448 	EXP 	prac_leftImg1: image = 'img/renders/face781_45.png'
33.2448 	EXP 	prac_fixImg: image = 'img/fixationCross.png'
33.2448 	EXP 	prac_centerImg: autoDraw = True
33.2448 	EXP 	prac_rightImg1: autoDraw = True
33.2448 	EXP 	prac_leftImg1: autoDraw = True
33.2448 	EXP 	prac_fixImg: autoDraw = True
33.4606 	EXP 	prac_centerImg: autoDraw = False
33.4606 	EXP 	prac_rightImg1: autoDraw = False
33.4606 	EXP 	prac_leftImg1: autoDraw = False
33.6620 	DATA 	Keypress: 1
34.9107 	EXP 	New trial (rep=0, index=3): OrderedDict([('middleStim', 'img/renders/face704_45.png'), ('leftStim', 'img/renders/face704_45.png'), ('rightStim', 'img/renders/face704_45.png'), ('stimNum', 5), ('congruent', 1), ('target', 'right'), ('locationC', [0, 0]), ('locationR', [0.13, 0]), ('locationL', [-0.13, 0])])
34.9434 	EXP 	prac_fixImg: autoDraw = False
34.9434 	EXP 	prac_centerImg: autoDraw = False
34.9434 	EXP 	prac_rightImg1: autoDraw = False
34.9434 	EXP 	prac_leftImg1: autoDraw = False
34.9434 	EXP 	prac_fixImg: autoDraw = False
34.9434 	EXP 	prac_centerImg: pos = array([0., 0.])
34.9434 	EXP 	prac_centerImg: image = 'img/renders/face704_45.png'
34.9434 	EXP 	prac_rightImg1: pos = array([0.13, 0.  ])
34.9434 	EXP 	prac_rightImg1: image = 'img/renders/face704_45.png'
34.9434 	EXP 	prac_leftImg1: pos = array([-0.13,  0.  ])
34.9434 	EXP 	prac_leftImg1: image = 'img/renders/face704_45.png'
34.9434 	EXP 	prac_fixImg: image = 'img/fixationCross.png'
34.9434 	EXP 	prac_centerImg: autoDraw = True
34.9434 	EXP 	prac_rightImg1: autoDraw = True
34.9434 	EXP 	prac_leftImg1: autoDraw = True
34.9434 	EXP 	prac_fixImg: autoDraw = True
35.1427 	EXP 	prac_centerImg: autoDraw = False
35.1427 	EXP 	prac_rightImg1: autoDraw = False
35.1427 	EXP 	prac_leftImg1: autoDraw = False
35.3614 	DATA 	Keypress: 8
36.7611 	EXP 	New trial (rep=0, index=4): OrderedDict([('middleStim', 'img/renders/face418_45.png'), ('leftStim', 'img/renders/face418_-45.png'), ('rightStim', 'img/renders/face418_-45.png'), ('stimNum', 7), ('congruent', 0), ('target', 'right'), ('locationC', [0.058, 0]), ('locationR', [0.14, 0]), ('locationL', [-0.14, 0])])
36.7994 	EXP 	prac_fixImg: autoDraw = False
36.7994 	EXP 	prac_centerImg: autoDraw = False
36.7994 	EXP 	prac_rightImg1: autoDraw = False
36.7994 	EXP 	prac_leftImg1: autoDraw = False
36.7994 	EXP 	prac_fixImg: autoDraw = False
36.7994 	EXP 	prac_centerImg: pos = array([0.058, 0.   ])
36.7994 	EXP 	prac_centerImg: image = 'img/renders/face418_45.png'
36.7994 	EXP 	prac_rightImg1: pos = array([0.14, 0.  ])
36.7994 	EXP 	prac_rightImg1: image = 'img/renders/face418_-45.png'
36.7994 	EXP 	prac_leftImg1: pos = array([-0.14,  0.  ])
36.7994 	EXP 	prac_leftImg1: image = 'img/renders/face418_-45.png'
36.7994 	EXP 	prac_fixImg: image = 'img/fixationCross.png'
36.7994 	EXP 	prac_centerImg: autoDraw = True
36.7994 	EXP 	prac_rightImg1: autoDraw = True
36.7994 	EXP 	prac_leftImg1: autoDraw = True
36.7994 	EXP 	prac_fixImg: autoDraw = True
37.0096 	EXP 	prac_centerImg: autoDraw = False
37.0096 	EXP 	prac_rightImg1: autoDraw = False
37.0096 	EXP 	prac_leftImg1: autoDraw = False
37.2783 	DATA 	Keypress: 8
38.5600 	EXP 	New trial (rep=0, index=5): OrderedDict([('middleStim', 'img/renders/face602_-45.png'), ('leftStim', 'img/renders/face602_45.png'), ('rightStim', 'img/renders/face602_45.png'), ('stimNum', 8), ('congruent', 0), ('target', 'left'), ('locationC', [-0.058, 0]), ('locationR', [0.14, 0]), ('locationL', [-0.14, 0])])
38.5937 	EXP 	prac_fixImg: autoDraw = False
38.5937 	EXP 	prac_centerImg: autoDraw = False
38.5937 	EXP 	prac_rightImg1: autoDraw = False
38.5937 	EXP 	prac_leftImg1: autoDraw = False
38.5937 	EXP 	prac_fixImg: autoDraw = False
38.5937 	EXP 	prac_centerImg: pos = array([-0.058,  0.   ])
38.5937 	EXP 	prac_centerImg: image = 'img/renders/face602_-45.png'
38.5937 	EXP 	prac_rightImg1: pos = array([0.14, 0.  ])
38.5937 	EXP 	prac_rightImg1: image = 'img/renders/face602_45.png'
38.5937 	EXP 	prac_leftImg1: pos = array([-0.14,  0.  ])
38.5937 	EXP 	prac_leftImg1: image = 'img/renders/face602_45.png'
38.5937 	EXP 	prac_fixImg: image = 'img/fixationCross.png'
38.5937 	EXP 	prac_centerImg: autoDraw = True
38.5937 	EXP 	prac_rightImg1: autoDraw = True
38.5937 	EXP 	prac_leftImg1: autoDraw = True
38.5937 	EXP 	prac_fixImg: autoDraw = True
38.8086 	EXP 	prac_centerImg: autoDraw = False
38.8086 	EXP 	prac_rightImg1: autoDraw = False
38.8086 	EXP 	prac_leftImg1: autoDraw = False
39.0114 	DATA 	Keypress: 1
40.1593 	EXP 	New trial (rep=0, index=6): OrderedDict([('middleStim', 'img/renders/face482_45.png'), ('leftStim', 'img/renders/face482_45.png'), ('rightStim', 'img/renders/face482_45.png'), ('stimNum', 5), ('congruent', 1), ('target', 'right'), ('locationC', [0, 0]), ('locationR', [0.13, 0]), ('locationL', [-0.13, 0])])
40.1956 	EXP 	prac_fixImg: autoDraw = False
40.1956 	EXP 	prac_centerImg: autoDraw = False
40.1956 	EXP 	prac_rightImg1: autoDraw = False
40.1956 	EXP 	prac_leftImg1: autoDraw = False
40.1956 	EXP 	prac_fixImg: autoDraw = False
40.1956 	EXP 	prac_centerImg: pos = array([0., 0.])
40.1956 	EXP 	prac_centerImg: image = 'img/renders/face482_45.png'
40.1956 	EXP 	prac_rightImg1: pos = array([0.13, 0.  ])
40.1956 	EXP 	prac_rightImg1: image = 'img/renders/face482_45.png'
40.1956 	EXP 	prac_leftImg1: pos = array([-0.13,  0.  ])
40.1956 	EXP 	prac_leftImg1: image = 'img/renders/face482_45.png'
40.1956 	EXP 	prac_fixImg: image = 'img/fixationCross.png'
40.1956 	EXP 	prac_centerImg: autoDraw = True
40.1956 	EXP 	prac_rightImg1: autoDraw = True
40.1956 	EXP 	prac_leftImg1: autoDraw = True
40.1956 	EXP 	prac_fixImg: autoDraw = True
40.4082 	EXP 	prac_centerImg: autoDraw = False
40.4082 	EXP 	prac_rightImg1: autoDraw = False
40.4082 	EXP 	prac_leftImg1: autoDraw = False
40.5770 	DATA 	Keypress: 8
41.7763 	EXP 	New trial (rep=0, index=7): OrderedDict([('middleStim', 'img/renders/face395_-45.png'), ('leftStim', 'img/renders/face395_-45.png'), ('rightStim', 'img/renders/face395_-45.png'), ('stimNum', 6), ('congruent', 1), ('target', 'left'), ('locationC', [0, 0]), ('locationR', [0.13, 0]), ('locationL', [-0.13, 0])])
41.8070 	EXP 	prac_fixImg: autoDraw = False
41.8070 	EXP 	prac_centerImg: autoDraw = False
41.8070 	EXP 	prac_rightImg1: autoDraw = False
41.8070 	EXP 	prac_leftImg1: autoDraw = False
41.8070 	EXP 	prac_fixImg: autoDraw = False
41.8070 	EXP 	prac_centerImg: pos = array([0., 0.])
41.8070 	EXP 	prac_centerImg: image = 'img/renders/face395_-45.png'
41.8070 	EXP 	prac_rightImg1: pos = array([0.13, 0.  ])
41.8070 	EXP 	prac_rightImg1: image = 'img/renders/face395_-45.png'
41.8070 	EXP 	prac_leftImg1: pos = array([-0.13,  0.  ])
41.8070 	EXP 	prac_leftImg1: image = 'img/renders/face395_-45.png'
41.8070 	EXP 	prac_fixImg: image = 'img/fixationCross.png'
41.8070 	EXP 	prac_centerImg: autoDraw = True
41.8070 	EXP 	prac_rightImg1: autoDraw = True
41.8070 	EXP 	prac_leftImg1: autoDraw = True
41.8070 	EXP 	prac_fixImg: autoDraw = True
42.0076 	EXP 	prac_centerImg: autoDraw = False
42.0076 	EXP 	prac_rightImg1: autoDraw = False
42.0076 	EXP 	prac_leftImg1: autoDraw = False
42.1939 	DATA 	Keypress: 1
43.3749 	EXP 	New trial (rep=0, index=8): OrderedDict([('middleStim', 'img/renders/face037_-45.png'), ('leftStim', 'img/renders/face037_45.png'), ('rightStim', 'img/renders/face037_45.png'), ('stimNum', 8), ('congruent', 0), ('target', 'left'), ('locationC', [-0.058, 0]), ('locationR', [0.14, 0]), ('locationL', [-0.14, 0])])
43.4077 	EXP 	prac_fixImg: autoDraw = False
43.4077 	EXP 	prac_centerImg: autoDraw = False
43.4077 	EXP 	prac_rightImg1: autoDraw = False
43.4077 	EXP 	prac_leftImg1: autoDraw = False
43.4077 	EXP 	prac_fixImg: autoDraw = False
43.4077 	EXP 	prac_centerImg: pos = array([-0.058,  0.   ])
43.4077 	EXP 	prac_centerImg: image = 'img/renders/face037_-45.png'
43.4077 	EXP 	prac_rightImg1: pos = array([0.14, 0.  ])
43.4077 	EXP 	prac_rightImg1: image = 'img/renders/face037_45.png'
43.4077 	EXP 	prac_leftImg1: pos = array([-0.14,  0.  ])
43.4077 	EXP 	prac_leftImg1: image = 'img/renders/face037_45.png'
43.4077 	EXP 	prac_fixImg: image = 'img/fixationCross.png'
43.4077 	EXP 	prac_centerImg: autoDraw = True
43.4077 	EXP 	prac_rightImg1: autoDraw = True
43.4077 	EXP 	prac_leftImg1: autoDraw = True
43.4077 	EXP 	prac_fixImg: autoDraw = True
43.6072 	EXP 	prac_centerImg: autoDraw = False
43.6072 	EXP 	prac_rightImg1: autoDraw = False
43.6072 	EXP 	prac_leftImg1: autoDraw = False
43.9762 	DATA 	Keypress: 1
45.3572 	EXP 	New trial (rep=0, index=9): OrderedDict([('middleStim', 'img/renders/face351_45.png'), ('leftStim', 'img/renders/face351_-45.png'), ('rightStim', 'img/renders/face351_-45.png'), ('stimNum', 7), ('congruent', 0), ('target', 'right'), ('locationC', [0.058, 0]), ('locationR', [0.14, 0]), ('locationL', [-0.14, 0])])
45.3919 	EXP 	prac_fixImg: autoDraw = False
45.3919 	EXP 	prac_centerImg: autoDraw = False
45.3919 	EXP 	prac_rightImg1: autoDraw = False
45.3919 	EXP 	prac_leftImg1: autoDraw = False
45.3919 	EXP 	prac_fixImg: autoDraw = False
45.3919 	EXP 	prac_centerImg: pos = array([0.058, 0.   ])
45.3919 	EXP 	prac_centerImg: image = 'img/renders/face351_45.png'
45.3919 	EXP 	prac_rightImg1: pos = array([0.14, 0.  ])
45.3919 	EXP 	prac_rightImg1: image = 'img/renders/face351_-45.png'
45.3919 	EXP 	prac_leftImg1: pos = array([-0.14,  0.  ])
45.3919 	EXP 	prac_leftImg1: image = 'img/renders/face351_-45.png'
45.3919 	EXP 	prac_fixImg: image = 'img/fixationCross.png'
45.3919 	EXP 	prac_centerImg: autoDraw = True
45.3919 	EXP 	prac_rightImg1: autoDraw = True
45.3919 	EXP 	prac_leftImg1: autoDraw = True
45.3919 	EXP 	prac_fixImg: autoDraw = True
45.6069 	EXP 	prac_centerImg: autoDraw = False
45.6069 	EXP 	prac_rightImg1: autoDraw = False
45.6069 	EXP 	prac_leftImg1: autoDraw = False
45.8425 	DATA 	Keypress: 8
47.1573 	EXP 	New trial (rep=0, index=10): OrderedDict([('middleStim', 'img/renders/face028_45.png'), ('leftStim', 'img/renders/face028_-45.png'), ('rightStim', 'img/renders/face028_-45.png'), ('stimNum', 7), ('congruent', 0), ('target', 'right'), ('locationC', [0.058, 0]), ('locationR', [0.14, 0]), ('locationL', [-0.14, 0])])
47.1919 	EXP 	prac_fixImg: autoDraw = False
47.1919 	EXP 	prac_centerImg: autoDraw = False
47.1919 	EXP 	prac_rightImg1: autoDraw = False
47.1919 	EXP 	prac_leftImg1: autoDraw = False
47.1919 	EXP 	prac_fixImg: autoDraw = False
47.1919 	EXP 	prac_centerImg: pos = array([0.058, 0.   ])
47.1919 	EXP 	prac_centerImg: image = 'img/renders/face028_45.png'
47.1919 	EXP 	prac_rightImg1: pos = array([0.14, 0.  ])
47.1919 	EXP 	prac_rightImg1: image = 'img/renders/face028_-45.png'
47.1919 	EXP 	prac_leftImg1: pos = array([-0.14,  0.  ])
47.1919 	EXP 	prac_leftImg1: image = 'img/renders/face028_-45.png'
47.1919 	EXP 	prac_fixImg: image = 'img/fixationCross.png'
47.1919 	EXP 	prac_centerImg: autoDraw = True
47.1919 	EXP 	prac_rightImg1: autoDraw = True
47.1919 	EXP 	prac_leftImg1: autoDraw = True
47.1919 	EXP 	prac_fixImg: autoDraw = True
47.4064 	EXP 	prac_centerImg: autoDraw = False
47.4064 	EXP 	prac_rightImg1: autoDraw = False
47.4064 	EXP 	prac_leftImg1: autoDraw = False
47.6260 	DATA 	Keypress: 8
49.1401 	EXP 	New trial (rep=0, index=11): OrderedDict([('middleStim', 'img/renders/face040_45.png'), ('leftStim', 'img/renders/face040_-45.png'), ('rightStim', 'img/renders/face040_-45.png'), ('stimNum', 7), ('congruent', 0), ('target', 'right'), ('locationC', [0.058, 0]), ('locationR', [0.14, 0]), ('locationL', [-0.14, 0])])
49.1731 	EXP 	prac_fixImg: autoDraw = False
49.1731 	EXP 	prac_centerImg: autoDraw = False
49.1731 	EXP 	prac_rightImg1: autoDraw = False
49.1731 	EXP 	prac_leftImg1: autoDraw = False
49.1731 	EXP 	prac_fixImg: autoDraw = False
49.1731 	EXP 	prac_centerImg: pos = array([0.058, 0.   ])
49.1731 	EXP 	prac_centerImg: image = 'img/renders/face040_45.png'
49.1731 	EXP 	prac_rightImg1: pos = array([0.14, 0.  ])
49.1731 	EXP 	prac_rightImg1: image = 'img/renders/face040_-45.png'
49.1731 	EXP 	prac_leftImg1: pos = array([-0.14,  0.  ])
49.1731 	EXP 	prac_leftImg1: image = 'img/renders/face040_-45.png'
49.1731 	EXP 	prac_fixImg: image = 'img/fixationCross.png'
49.1731 	EXP 	prac_centerImg: autoDraw = True
49.1731 	EXP 	prac_rightImg1: autoDraw = True
49.1731 	EXP 	prac_leftImg1: autoDraw = True
49.1731 	EXP 	prac_fixImg: autoDraw = True
49.3736 	EXP 	prac_centerImg: autoDraw = False
49.3736 	EXP 	prac_rightImg1: autoDraw = False
49.3736 	EXP 	prac_leftImg1: autoDraw = False
49.5414 	DATA 	Keypress: 8
50.7564 	EXP 	New trial (rep=0, index=12): OrderedDict([('middleStim', 'img/renders/face559_-45.png'), ('leftStim', 'img/renders/face559_45.png'), ('rightStim', 'img/renders/face559_45.png'), ('stimNum', 8), ('congruent', 0), ('target', 'left'), ('locationC', [-0.058, 0]), ('locationR', [0.14, 0]), ('locationL', [-0.14, 0])])
50.7892 	EXP 	prac_fixImg: autoDraw = False
50.7892 	EXP 	prac_centerImg: autoDraw = False
50.7892 	EXP 	prac_rightImg1: autoDraw = False
50.7892 	EXP 	prac_leftImg1: autoDraw = False
50.7892 	EXP 	prac_fixImg: autoDraw = False
50.7892 	EXP 	prac_centerImg: pos = array([-0.058,  0.   ])
50.7892 	EXP 	prac_centerImg: image = 'img/renders/face559_-45.png'
50.7892 	EXP 	prac_rightImg1: pos = array([0.14, 0.  ])
50.7892 	EXP 	prac_rightImg1: image = 'img/renders/face559_45.png'
50.7892 	EXP 	prac_leftImg1: pos = array([-0.14,  0.  ])
50.7892 	EXP 	prac_leftImg1: image = 'img/renders/face559_45.png'
50.7892 	EXP 	prac_fixImg: image = 'img/fixationCross.png'
50.7892 	EXP 	prac_centerImg: autoDraw = True
50.7892 	EXP 	prac_rightImg1: autoDraw = True
50.7892 	EXP 	prac_leftImg1: autoDraw = True
50.7892 	EXP 	prac_fixImg: autoDraw = True
50.9885 	EXP 	prac_centerImg: autoDraw = False
50.9885 	EXP 	prac_rightImg1: autoDraw = False
50.9885 	EXP 	prac_leftImg1: autoDraw = False
51.1908 	DATA 	Keypress: 8
52.4059 	EXP 	New trial (rep=0, index=13): OrderedDict([('middleStim', 'img/renders/face120_-45.png'), ('leftStim', 'img/renders/face120_-45.png'), ('rightStim', 'img/renders/face120_-45.png'), ('stimNum', 6), ('congruent', 1), ('target', 'left'), ('locationC', [0, 0]), ('locationR', [0.13, 0]), ('locationL', [-0.13, 0])])
52.4422 	EXP 	prac_fixImg: autoDraw = False
52.4422 	EXP 	prac_centerImg: autoDraw = False
52.4422 	EXP 	prac_rightImg1: autoDraw = False
52.4422 	EXP 	prac_leftImg1: autoDraw = False
52.4422 	EXP 	prac_fixImg: autoDraw = False
52.4422 	EXP 	prac_centerImg: pos = array([0., 0.])
52.4422 	EXP 	prac_centerImg: image = 'img/renders/face120_-45.png'
52.4422 	EXP 	prac_rightImg1: pos = array([0.13, 0.  ])
52.4422 	EXP 	prac_rightImg1: image = 'img/renders/face120_-45.png'
52.4422 	EXP 	prac_leftImg1: pos = array([-0.13,  0.  ])
52.4422 	EXP 	prac_leftImg1: image = 'img/renders/face120_-45.png'
52.4422 	EXP 	prac_fixImg: image = 'img/fixationCross.png'
52.4422 	EXP 	prac_centerImg: autoDraw = True
52.4422 	EXP 	prac_rightImg1: autoDraw = True
52.4422 	EXP 	prac_leftImg1: autoDraw = True
52.4422 	EXP 	prac_fixImg: autoDraw = True
52.6548 	EXP 	prac_centerImg: autoDraw = False
52.6548 	EXP 	prac_rightImg1: autoDraw = False
52.6548 	EXP 	prac_leftImg1: autoDraw = False
54.4051 	EXP 	New trial (rep=0, index=14): OrderedDict([('middleStim', 'img/renders/face581_45.png'), ('leftStim', 'img/renders/face581_45.png'), ('rightStim', 'img/renders/face581_45.png'), ('stimNum', 5), ('congruent', 1), ('target', 'right'), ('locationC', [0, 0]), ('locationR', [0.13, 0]), ('locationL', [-0.13, 0])])
54.4373 	EXP 	prac_fixImg: autoDraw = False
54.4373 	EXP 	prac_centerImg: autoDraw = False
54.4373 	EXP 	prac_rightImg1: autoDraw = False
54.4373 	EXP 	prac_leftImg1: autoDraw = False
54.4373 	EXP 	prac_fixImg: autoDraw = False
54.4373 	EXP 	prac_centerImg: pos = array([0., 0.])
54.4373 	EXP 	prac_centerImg: image = 'img/renders/face581_45.png'
54.4373 	EXP 	prac_rightImg1: pos = array([0.13, 0.  ])
54.4373 	EXP 	prac_rightImg1: image = 'img/renders/face581_45.png'
54.4373 	EXP 	prac_leftImg1: pos = array([-0.13,  0.  ])
54.4373 	EXP 	prac_leftImg1: image = 'img/renders/face581_45.png'
54.4373 	EXP 	prac_fixImg: image = 'img/fixationCross.png'
54.4373 	EXP 	prac_centerImg: autoDraw = True
54.4373 	EXP 	prac_rightImg1: autoDraw = True
54.4373 	EXP 	prac_leftImg1: autoDraw = True
54.4373 	EXP 	prac_fixImg: autoDraw = True
54.6379 	EXP 	prac_centerImg: autoDraw = False
54.6379 	EXP 	prac_rightImg1: autoDraw = False
54.6379 	EXP 	prac_leftImg1: autoDraw = False
54.7233 	DATA 	Keypress: 1
56.3388 	EXP 	New trial (rep=0, index=15): OrderedDict([('middleStim', 'img/renders/face994_45.png'), ('leftStim', 'img/renders/face994_45.png'), ('rightStim', 'img/renders/face994_45.png'), ('stimNum', 5), ('congruent', 1), ('target', 'right'), ('locationC', [0, 0]), ('locationR', [0.13, 0]), ('locationL', [-0.13, 0])])
56.3720 	EXP 	prac_fixImg: autoDraw = False
56.3720 	EXP 	prac_centerImg: autoDraw = False
56.3720 	EXP 	prac_rightImg1: autoDraw = False
56.3720 	EXP 	prac_leftImg1: autoDraw = False
56.3720 	EXP 	prac_fixImg: autoDraw = False
56.3720 	EXP 	prac_centerImg: pos = array([0., 0.])
56.3720 	EXP 	prac_centerImg: image = 'img/renders/face994_45.png'
56.3720 	EXP 	prac_rightImg1: pos = array([0.13, 0.  ])
56.3720 	EXP 	prac_rightImg1: image = 'img/renders/face994_45.png'
56.3720 	EXP 	prac_leftImg1: pos = array([-0.13,  0.  ])
56.3720 	EXP 	prac_leftImg1: image = 'img/renders/face994_45.png'
56.3720 	EXP 	prac_fixImg: image = 'img/fixationCross.png'
56.3720 	EXP 	prac_centerImg: autoDraw = True
56.3720 	EXP 	prac_rightImg1: autoDraw = True
56.3720 	EXP 	prac_leftImg1: autoDraw = True
56.3720 	EXP 	prac_fixImg: autoDraw = True
56.5711 	EXP 	prac_centerImg: autoDraw = False
56.5711 	EXP 	prac_rightImg1: autoDraw = False
56.5711 	EXP 	prac_leftImg1: autoDraw = False
56.7560 	DATA 	Keypress: 8
58.0713 	EXP 	New trial (rep=0, index=16): OrderedDict([('middleStim', 'img/renders/face013_-45.png'), ('leftStim', 'img/renders/face013_-45.png'), ('rightStim', 'img/renders/face013_-45.png'), ('stimNum', 6), ('congruent', 1), ('target', 'left'), ('locationC', [0, 0]), ('locationR', [0.13, 0]), ('locationL', [-0.13, 0])])
58.1037 	EXP 	prac_fixImg: autoDraw = False
58.1037 	EXP 	prac_centerImg: autoDraw = False
58.1037 	EXP 	prac_rightImg1: autoDraw = False
58.1037 	EXP 	prac_leftImg1: autoDraw = False
58.1037 	EXP 	prac_fixImg: autoDraw = False
58.1037 	EXP 	prac_centerImg: pos = array([0., 0.])
58.1037 	EXP 	prac_centerImg: image = 'img/renders/face013_-45.png'
58.1037 	EXP 	prac_rightImg1: pos = array([0.13, 0.  ])
58.1037 	EXP 	prac_rightImg1: image = 'img/renders/face013_-45.png'
58.1037 	EXP 	prac_leftImg1: pos = array([-0.13,  0.  ])
58.1037 	EXP 	prac_leftImg1: image = 'img/renders/face013_-45.png'
58.1037 	EXP 	prac_fixImg: image = 'img/fixationCross.png'
58.1037 	EXP 	prac_centerImg: autoDraw = True
58.1037 	EXP 	prac_rightImg1: autoDraw = True
58.1037 	EXP 	prac_leftImg1: autoDraw = True
58.1037 	EXP 	prac_fixImg: autoDraw = True
58.3034 	EXP 	prac_centerImg: autoDraw = False
58.3034 	EXP 	prac_rightImg1: autoDraw = False
58.3034 	EXP 	prac_leftImg1: autoDraw = False
58.4724 	DATA 	Keypress: 1
59.7708 	EXP 	New trial (rep=0, index=17): OrderedDict([('middleStim', 'img/renders/face211_45.png'), ('leftStim', 'img/renders/face211_45.png'), ('rightStim', 'img/renders/face211_45.png'), ('stimNum', 5), ('congruent', 1), ('target', 'right'), ('locationC', [0, 0]), ('locationR', [0.13, 0]), ('locationL', [-0.13, 0])])
59.8028 	EXP 	prac_fixImg: autoDraw = False
59.8028 	EXP 	prac_centerImg: autoDraw = False
59.8028 	EXP 	prac_rightImg1: autoDraw = False
59.8028 	EXP 	prac_leftImg1: autoDraw = False
59.8028 	EXP 	prac_fixImg: autoDraw = False
59.8028 	EXP 	prac_centerImg: pos = array([0., 0.])
59.8028 	EXP 	prac_centerImg: image = 'img/renders/face211_45.png'
59.8028 	EXP 	prac_rightImg1: pos = array([0.13, 0.  ])
59.8028 	EXP 	prac_rightImg1: image = 'img/renders/face211_45.png'
59.8028 	EXP 	prac_leftImg1: pos = array([-0.13,  0.  ])
59.8028 	EXP 	prac_leftImg1: image = 'img/renders/face211_45.png'
59.8028 	EXP 	prac_fixImg: image = 'img/fixationCross.png'
59.8028 	EXP 	prac_centerImg: autoDraw = True
59.8028 	EXP 	prac_rightImg1: autoDraw = True
59.8028 	EXP 	prac_leftImg1: autoDraw = True
59.8028 	EXP 	prac_fixImg: autoDraw = True
60.0031 	EXP 	prac_centerImg: autoDraw = False
60.0031 	EXP 	prac_rightImg1: autoDraw = False
60.0031 	EXP 	prac_leftImg1: autoDraw = False
60.2224 	DATA 	Keypress: 8
61.4372 	EXP 	New trial (rep=0, index=18): OrderedDict([('middleStim', 'img/renders/face634_-45.png'), ('leftStim', 'img/renders/face634_-45.png'), ('rightStim', 'img/renders/face634_-45.png'), ('stimNum', 6), ('congruent', 1), ('target', 'left'), ('locationC', [0, 0]), ('locationR', [0.13, 0]), ('locationL', [-0.13, 0])])
61.4698 	EXP 	prac_fixImg: autoDraw = False
61.4698 	EXP 	prac_centerImg: autoDraw = False
61.4698 	EXP 	prac_rightImg1: autoDraw = False
61.4698 	EXP 	prac_leftImg1: autoDraw = False
61.4698 	EXP 	prac_fixImg: autoDraw = False
61.4698 	EXP 	prac_centerImg: pos = array([0., 0.])
61.4698 	EXP 	prac_centerImg: image = 'img/renders/face634_-45.png'
61.4698 	EXP 	prac_rightImg1: pos = array([0.13, 0.  ])
61.4698 	EXP 	prac_rightImg1: image = 'img/renders/face634_-45.png'
61.4698 	EXP 	prac_leftImg1: pos = array([-0.13,  0.  ])
61.4698 	EXP 	prac_leftImg1: image = 'img/renders/face634_-45.png'
61.4698 	EXP 	prac_fixImg: image = 'img/fixationCross.png'
61.4698 	EXP 	prac_centerImg: autoDraw = True
61.4698 	EXP 	prac_rightImg1: autoDraw = True
61.4698 	EXP 	prac_leftImg1: autoDraw = True
61.4698 	EXP 	prac_fixImg: autoDraw = True
61.6858 	EXP 	prac_centerImg: autoDraw = False
61.6858 	EXP 	prac_rightImg1: autoDraw = False
61.6858 	EXP 	prac_leftImg1: autoDraw = False
61.9046 	DATA 	Keypress: 1
63.2199 	EXP 	New trial (rep=0, index=19): OrderedDict([('middleStim', 'img/renders/face586_-45.png'), ('leftStim', 'img/renders/face586_-45.png'), ('rightStim', 'img/renders/face586_-45.png'), ('stimNum', 6), ('congruent', 1), ('target', 'left'), ('locationC', [0, 0]), ('locationR', [0.13, 0]), ('locationL', [-0.13, 0])])
63.2567 	EXP 	prac_fixImg: autoDraw = False
63.2567 	EXP 	prac_centerImg: autoDraw = False
63.2567 	EXP 	prac_rightImg1: autoDraw = False
63.2567 	EXP 	prac_leftImg1: autoDraw = False
63.2567 	EXP 	prac_fixImg: autoDraw = False
63.2567 	EXP 	prac_centerImg: pos = array([0., 0.])
63.2567 	EXP 	prac_centerImg: image = 'img/renders/face586_-45.png'
63.2567 	EXP 	prac_rightImg1: pos = array([0.13, 0.  ])
63.2567 	EXP 	prac_rightImg1: image = 'img/renders/face586_-45.png'
63.2567 	EXP 	prac_leftImg1: pos = array([-0.13,  0.  ])
63.2567 	EXP 	prac_leftImg1: image = 'img/renders/face586_-45.png'
63.2567 	EXP 	prac_fixImg: image = 'img/fixationCross.png'
63.2567 	EXP 	prac_centerImg: autoDraw = True
63.2567 	EXP 	prac_rightImg1: autoDraw = True
63.2567 	EXP 	prac_leftImg1: autoDraw = True
63.2567 	EXP 	prac_fixImg: autoDraw = True
63.4688 	EXP 	prac_centerImg: autoDraw = False
63.4688 	EXP 	prac_rightImg1: autoDraw = False
63.4688 	EXP 	prac_leftImg1: autoDraw = False
63.6886 	DATA 	Keypress: 1
65.1849 	EXP 	prac_fixImg: autoDraw = False
65.1849 	EXP 	prac_centerImg: autoDraw = False
65.1849 	EXP 	prac_rightImg1: autoDraw = False
65.1849 	EXP 	prac_leftImg1: autoDraw = False
65.1849 	EXP 	prac_fixImg: autoDraw = False
65.1849 	EXP 	prac_blockFeed_text: text = 'You have completed the practice'
65.1849 	EXP 	prac_blockFeed_text: autoDraw = True
65.1849 	EXP 	prac_pressContinue: autoDraw = True
66.4142 	DATA 	Keypress: 8
66.4188 	EXP 	prac_blockFeed_text: autoDraw = False
66.4188 	EXP 	prac_pressContinue: autoDraw = False
66.4188 	EXP 	cb_text1: autoDraw = True
81.4390 	DEBUG 	Read excel file with openpyxl: alt_arrow_blockSelect.xlsx
81.4392 	EXP 	Imported alt_arrow_blockSelect.xlsx as conditions, 6 conditions, 1 params
81.4396 	EXP 	Created sequence: random, trialTypes=6, nReps=1, seed=None
81.4399 	EXP 	New trial (rep=0, index=0): {'whichBlock': 'alt_trialTable_5.csv'}
81.4536 	DATA 	Keypress: 8
81.4581 	EXP 	cb_text1: autoDraw = False
81.4581 	EXP 	firstT_text1: text = 'Block 1 of 6'
81.4581 	EXP 	firstT_text1: autoDraw = True
81.4581 	EXP 	firstT_text2: autoDraw = True
83.5451 	DATA 	Keypress: 8
83.5503 	EXP 	firstT_text1: autoDraw = False
83.5503 	EXP 	firstT_text2: autoDraw = False
83.5503 	EXP 	initFixation_img: image = 'img/fixationCross.png'
83.5503 	EXP 	initFixation_img: autoDraw = True
85.5527 	DEBUG 	Read csv file with pandas: alt_trialTable_5.csv
85.5541 	DEBUG 	Clearing unnamed columns from alt_trialTable_5.csv
85.5584 	EXP 	Imported alt_trialTable_5.csv as conditions, 32 conditions, 10 params
85.5590 	EXP 	Created sequence: random, trialTypes=32, nReps=1, seed=None
85.5595 	EXP 	New trial (rep=0, index=0): OrderedDict([('middleStim', 'img/renders/face873_45.png'), ('leftStim', 'img/renders/face873_-45.png'), ('rightStim', 'img/renders/face873_-45.png'), ('stimNum', 7), ('congruent', 0), ('target', 'right'), ('locationC', [0.08, 0]), ('locationR', [0.18, 0]), ('locationL', [-0.18, 0]), ('straightFace', 'img/renders/face873_0.png')])
85.6125 	EXP 	initFixation_img: autoDraw = False
85.6125 	EXP 	bigFace_2: image = 'img/renders/face873_0.png'
85.6125 	EXP 	task_centerImg_3: pos = array([0.08, 0.  ])
85.6125 	EXP 	task_centerImg_3: image = 'img/renders/face873_45.png'
85.6125 	EXP 	task_rightImg1_3: pos = array([0.18, 0.  ])
85.6125 	EXP 	task_rightImg1_3: image = 'img/renders/face873_-45.png'
85.6125 	EXP 	task_leftImg1_3: pos = array([-0.18,  0.  ])
85.6125 	EXP 	task_leftImg1_3: image = 'img/renders/face873_-45.png'
85.6125 	EXP 	task_fixImg_3: image = 'img/fixationCross.png'
85.6125 	EXP 	bigFace_2: autoDraw = True
85.6125 	EXP 	task_centerImg_3: autoDraw = True
85.6125 	EXP 	task_rightImg1_3: autoDraw = True
85.6125 	EXP 	task_leftImg1_3: autoDraw = True
85.6125 	EXP 	task_fixImg_3: autoDraw = True
85.8129 	EXP 	task_centerImg_3: autoDraw = False
85.8129 	EXP 	task_rightImg1_3: autoDraw = False
85.8129 	EXP 	task_leftImg1_3: autoDraw = False
87.5456 	EXP 	task_fixImg_3: autoDraw = False
90.0644 	DATA 	Keypress: 8
90.9632 	DATA 	Keypress: 8
91.9132 	DATA 	Keypress: 1
93.0794 	DATA 	Keypress: 8
93.2291 	DATA 	Keypress: 1
93.5796 	DATA 	Keypress: 8
93.7460 	DATA 	Keypress: 1
94.0457 	DATA 	Keypress: 8
94.1955 	DATA 	Keypress: 1
94.7621 	DATA 	Keypress: 8
95.1469 	DATA 	Keypress: 8
95.3960 	DATA 	Keypress: 8
95.6622 	DATA 	Keypress: 1
96.6299 	DATA 	Keypress: 8
96.9950 	DATA 	Keypress: 8
97.2623 	DATA 	Keypress: 8
97.3628 	DATA 	Keypress: 1
98.5796 	DATA 	Keypress: escape
99.3196 	EXP 	window1: mouseVisible = True
99.3197 	DEBUG 	Saving data for flanker-basic_v2 ExperimentHandler
99.3259 	INFO 	saved data to /Users/khoss005/Library/CloudStorage/OneDrive-FloridaInternationalUniversity/Projects/Psychopy/mfeFlanker/data/12_flanker-basic_v2_2022_May_10_1228.psydat
99.3305 	INFO 	saved data to '/Users/khoss005/Library/CloudStorage/OneDrive-FloridaInternationalUniversity/Projects/Psychopy/mfeFlanker/data/12_flanker-basic_v2_2022_May_10_1228.csv'
