0.8082 	WARNING 	We strongly recommend you activate the PTB sound engine in PsychoPy prefs as the preferred audio engine. Its timing is vastly superior. Your prefs are currently set to use ['sounddevice', 'PTB', 'pyo', 'pygame'] (in that order).
6.2697 	INFO 	Loaded monitor calibration from ['2022_01_06 13:13']
6.2711 	ERROR 	'0.5000, 0.5000, 0.5000' is not a valid rgb color
6.2842 	WARNING 	User requested fullscreen with size [1440  900], but screen is actually [1920, 1080]. Using actual size
7.2605 	EXP 	Created window1 = Window(allowGUI=False, allowStencil=False, autoLog=True, backendConf=UNKNOWN, bitsMode=UNKNOWN, blendMode='avg', bpc=(8, 8, 8), color=array([0, 0, 0]), colorSpace='rgb', depthBits=8, fullscr=<method-wrapper '__getattribute__' of attributeSetter object at 0x7fd2d67e3ac8>, gamma=None, gammaErrorPolicy='raise', lms=UNKNOWN, monitor=<psychopy.monitors.calibTools.Monitor object at 0x7fd2f3e5dac8>, multiSample=False, name='window1', numSamples=2, pos=[0.0, 0.0], screen=0, size=array([1920, 1080]), stencilBits=0, stereo=False, units='height', useFBO=True, useRetina=False, viewOri=0.0, viewPos=None, viewScale=None, waitBlanking=True, winType='pyglet')
7.2608 	EXP 	window1: mouseVisible = True
7.2608 	EXP 	window1: recordFrameIntervals = False
7.4266 	EXP 	window1: recordFrameIntervals = True
7.6083 	DEBUG 	Screen (0) actual frame rate measured at 60.44
7.6083 	EXP 	window1: recordFrameIntervals = False
9.2651 	INFO 	keyboard.Keyboard is using ptb backend.
9.3525 	EXP 	Created welcome_text = TextStim(__class__=<class 'psychopy.visual.text.TextStim'>, alignHoriz=method-wrapper(...), alignText='center', alignVert=method-wrapper(...), anchorHoriz='center', anchorVert='center', antialias=True, autoLog=True, bold=False, color=array([1., 1., 1.]), colorSpace='rgb', contrast=1.0, depth=0.0, flipHoriz=False, flipVert=False, font='Arial', fontFiles=[], height=0.04, italic=False, languageStyle='LTR', name='welcome_text', opacity=1, ori=0, pos=array([0., 0.]), rgb=UNKNOWN, text=str(...), units='height', win=Window(...), wrapWidth=1.3)
9.6176 	INFO 	keyboard.Keyboard is using ptb backend.
9.6273 	EXP 	Created instructRight_text = TextStim(__class__=<class 'psychopy.visual.text.TextStim'>, alignHoriz=method-wrapper(...), alignText='center', alignVert=method-wrapper(...), anchorHoriz='center', anchorVert='center', antialias=True, autoLog=True, bold=False, color=array([1., 1., 1.]), colorSpace='rgb', contrast=1.0, depth=0.0, flipHoriz=False, flipVert=False, font='Arial', fontFiles=[], height=0.04, italic=False, languageStyle='LTR', name='instructRight_text', opacity=1, ori=0, pos=array([0., 0.]), rgb=UNKNOWN, text=str(...), units='height', win=Window(...), wrapWidth=1.3)
9.6812 	EXP 	Created instructRight_centerImg = ImageStim(__class__=<class 'psychopy.visual.image.ImageStim'>, autoLog=True, color=array([1., 1., 1.]), colorSpace='rgb', contrast=1.0, depth=-1.0, flipHoriz=False, flipVert=False, image='img/renders/face000_45.png', interpolate=True, mask=None, maskParams=None, name='instructRight_centerImg', opacity=1, ori=0.0, pos=array([ 0. , -0.3]), size=array([0.18, 0.18]), texRes=512, units='height', win=Window(...))
9.6990 	EXP 	Created instructRight_rightImg1 = ImageStim(__class__=<class 'psychopy.visual.image.ImageStim'>, autoLog=True, color=array([1., 1., 1.]), colorSpace='rgb', contrast=1.0, depth=-2.0, flipHoriz=False, flipVert=False, image='img/renders/face000_45.png', interpolate=True, mask=None, maskParams=None, name='instructRight_rightImg1', opacity=1, ori=0.0, pos=array([ 0.13, -0.3 ]), size=array([0.18, 0.18]), texRes=512, units='height', win=Window(...))
9.7163 	EXP 	Created instructRight_leftImg1 = ImageStim(__class__=<class 'psychopy.visual.image.ImageStim'>, autoLog=True, color=array([1., 1., 1.]), colorSpace='rgb', contrast=1.0, depth=-3.0, flipHoriz=False, flipVert=False, image='img/renders/face000_45.png', interpolate=True, mask=None, maskParams=None, name='instructRight_leftImg1', opacity=1, ori=0.0, pos=array([-0.13, -0.3 ]), size=array([0.18, 0.18]), texRes=512, units='height', win=Window(...))
9.9951 	INFO 	keyboard.Keyboard is using ptb backend.
10.0050 	EXP 	Created instructLeft_text = TextStim(__class__=<class 'psychopy.visual.text.TextStim'>, alignHoriz=method-wrapper(...), alignText='center', alignVert=method-wrapper(...), anchorHoriz='center', anchorVert='center', antialias=True, autoLog=True, bold=False, color=array([1., 1., 1.]), colorSpace='rgb', contrast=1.0, depth=0.0, flipHoriz=False, flipVert=False, font='Arial', fontFiles=[], height=0.04, italic=False, languageStyle='LTR', name='instructLeft_text', opacity=1, ori=0, pos=array([0., 0.]), rgb=UNKNOWN, text=str(...), units='height', win=Window(...), wrapWidth=1.3)
10.0246 	EXP 	Created instructLeft_centerImg = ImageStim(__class__=<class 'psychopy.visual.image.ImageStim'>, autoLog=True, color=array([1., 1., 1.]), colorSpace='rgb', contrast=1.0, depth=-1.0, flipHoriz=False, flipVert=False, image='img/renders/face000_-45.png', interpolate=True, mask=None, maskParams=None, name='instructLeft_centerImg', opacity=1, ori=0.0, pos=array([ 0. , -0.3]), size=array([0.18, 0.18]), texRes=512, units='height', win=Window(...))
10.0446 	EXP 	Created instructLeft_rightImg1 = ImageStim(__class__=<class 'psychopy.visual.image.ImageStim'>, autoLog=True, color=array([1., 1., 1.]), colorSpace='rgb', contrast=1.0, depth=-2.0, flipHoriz=False, flipVert=False, image='img/renders/face000_-45.png', interpolate=True, mask=None, maskParams=None, name='instructLeft_rightImg1', opacity=1, ori=0.0, pos=array([ 0.13, -0.3 ]), size=array([0.18, 0.18]), texRes=512, units='height', win=Window(...))
10.0637 	EXP 	Created instructLeft_leftImg1 = ImageStim(__class__=<class 'psychopy.visual.image.ImageStim'>, autoLog=True, color=array([1., 1., 1.]), colorSpace='rgb', contrast=1.0, depth=-3.0, flipHoriz=False, flipVert=False, image='img/renders/face000_-45.png', interpolate=True, mask=None, maskParams=None, name='instructLeft_leftImg1', opacity=1, ori=0.0, pos=array([-0.13, -0.3 ]), size=array([0.18, 0.18]), texRes=512, units='height', win=Window(...))
10.3290 	INFO 	keyboard.Keyboard is using ptb backend.
10.3459 	EXP 	Created instructInconRight_text = TextStim(__class__=<class 'psychopy.visual.text.TextStim'>, alignHoriz=method-wrapper(...), alignText='center', alignVert=method-wrapper(...), anchorHoriz='center', anchorVert='center', antialias=True, autoLog=True, bold=False, color=array([1., 1., 1.]), colorSpace='rgb', contrast=1.0, depth=0.0, flipHoriz=False, flipVert=False, font='Arial', fontFiles=[], height=0.04, italic=False, languageStyle='LTR', name='instructInconRight_text', opacity=1, ori=0, pos=array([0., 0.]), rgb=UNKNOWN, text=str(...), units='height', win=Window(...), wrapWidth=1.3)
10.3653 	EXP 	Created instructIncon_centerImg = ImageStim(__class__=<class 'psychopy.visual.image.ImageStim'>, autoLog=True, color=array([1., 1., 1.]), colorSpace='rgb', contrast=1.0, depth=-1.0, flipHoriz=False, flipVert=False, image='img/renders/face000_45.png', interpolate=True, mask=None, maskParams=None, name='instructIncon_centerImg', opacity=1, ori=0.0, pos=array([ 0.058, -0.3  ]), size=array([0.18, 0.18]), texRes=512, units='height', win=Window(...))
10.3858 	EXP 	Created instructIncon_rightImg1 = ImageStim(__class__=<class 'psychopy.visual.image.ImageStim'>, autoLog=True, color=array([1., 1., 1.]), colorSpace='rgb', contrast=1.0, depth=-2.0, flipHoriz=False, flipVert=False, image='img/renders/face000_-45.png', interpolate=True, mask=None, maskParams=None, name='instructIncon_rightImg1', opacity=1, ori=0.0, pos=array([ 0.14, -0.3 ]), size=array([0.18, 0.18]), texRes=512, units='height', win=Window(...))
10.4037 	EXP 	Created instructIncon_leftImg1 = ImageStim(__class__=<class 'psychopy.visual.image.ImageStim'>, autoLog=True, color=array([1., 1., 1.]), colorSpace='rgb', contrast=1.0, depth=-3.0, flipHoriz=False, flipVert=False, image='img/renders/face000_-45.png', interpolate=True, mask=None, maskParams=None, name='instructIncon_leftImg1', opacity=1, ori=0.0, pos=array([-0.13, -0.3 ]), size=array([0.18, 0.18]), texRes=512, units='height', win=Window(...))
10.6564 	INFO 	keyboard.Keyboard is using ptb backend.
10.6641 	EXP 	Created instructInconLeft_text = TextStim(__class__=<class 'psychopy.visual.text.TextStim'>, alignHoriz=method-wrapper(...), alignText='center', alignVert=method-wrapper(...), anchorHoriz='center', anchorVert='center', antialias=True, autoLog=True, bold=False, color=array([1., 1., 1.]), colorSpace='rgb', contrast=1.0, depth=0.0, flipHoriz=False, flipVert=False, font='Arial', fontFiles=[], height=0.04, italic=False, languageStyle='LTR', name='instructInconLeft_text', opacity=1, ori=0, pos=array([0., 0.]), rgb=UNKNOWN, text=str(...), units='height', win=Window(...), wrapWidth=1.3)
10.6828 	EXP 	Created instructInconLeft_centerImg = ImageStim(__class__=<class 'psychopy.visual.image.ImageStim'>, autoLog=True, color=array([1., 1., 1.]), colorSpace='rgb', contrast=1.0, depth=-1.0, flipHoriz=False, flipVert=False, image='img/renders/face000_-45.png', interpolate=True, mask=None, maskParams=None, name='instructInconLeft_centerImg', opacity=1, ori=0.0, pos=array([-0.058, -0.3  ]), size=array([0.18, 0.18]), texRes=512, units='height', win=Window(...))
10.7008 	EXP 	Created instructInconLeft_rightImg1 = ImageStim(__class__=<class 'psychopy.visual.image.ImageStim'>, autoLog=True, color=array([1., 1., 1.]), colorSpace='rgb', contrast=1.0, depth=-2.0, flipHoriz=False, flipVert=False, image='img/renders/face000_45.png', interpolate=True, mask=None, maskParams=None, name='instructInconLeft_rightImg1', opacity=1, ori=0.0, pos=array([ 0.13, -0.3 ]), size=array([0.18, 0.18]), texRes=512, units='height', win=Window(...))
10.7186 	EXP 	Created instructInconLeft_leftImg1 = ImageStim(__class__=<class 'psychopy.visual.image.ImageStim'>, autoLog=True, color=array([1., 1., 1.]), colorSpace='rgb', contrast=1.0, depth=-3.0, flipHoriz=False, flipVert=False, image='img/renders/face000_45.png', interpolate=True, mask=None, maskParams=None, name='instructInconLeft_leftImg1', opacity=1, ori=0.0, pos=array([-0.13, -0.3 ]), size=array([0.18, 0.18]), texRes=512, units='height', win=Window(...))
10.9904 	INFO 	keyboard.Keyboard is using ptb backend.
10.9989 	EXP 	Created prac_blockText = TextStim(__class__=<class 'psychopy.visual.text.TextStim'>, alignHoriz=method-wrapper(...), alignText='center', alignVert=method-wrapper(...), anchorHoriz='center', anchorVert='center', antialias=True, autoLog=True, bold=False, color=array([1., 1., 1.]), colorSpace='rgb', contrast=1.0, depth=-1.0, flipHoriz=False, flipVert=False, font='Arial', fontFiles=[], height=0.06, italic=False, languageStyle='LTR', name='prac_blockText', opacity=1, ori=0.0, pos=array([0. , 0.3]), rgb=UNKNOWN, text='Practice', units='height', win=Window(...), wrapWidth=1.3)
11.0168 	EXP 	Created prac_reminder_text = TextStim(__class__=<class 'psychopy.visual.text.TextStim'>, alignHoriz=method-wrapper(...), alignText='center', alignVert=method-wrapper(...), anchorHoriz='center', anchorVert='center', antialias=True, autoLog=True, bold=False, color=array([1., 1., 1.]), colorSpace='rgb', contrast=1.0, depth=-2.0, flipHoriz=False, flipVert=False, font='Arial', fontFiles=[], height=0.04, italic=False, languageStyle='LTR', name='prac_reminder_text', opacity=1, ori=0, pos=array([0., 0.]), rgb=UNKNOWN, text=str(...), units='height', win=Window(...), wrapWidth=1.3)
11.2716 	INFO 	keyboard.Keyboard is using ptb backend.
11.2762 	EXP 	Created initFixation_img = ImageStim(__class__=<class 'psychopy.visual.image.ImageStim'>, autoLog=True, color=array([1., 1., 1.]), colorSpace='rgb', contrast=1.0, depth=0.0, flipHoriz=False, flipVert=False, image='sin', interpolate=True, mask=None, maskParams=None, name='initFixation_img', opacity=1, ori=0.0, pos=array([ 0.  , -0.05]), size=array([0.015, 0.015]), texRes=512, units='height', win=Window(...))
11.2810 	EXP 	Created prac_centerImg = ImageStim(__class__=<class 'psychopy.visual.image.ImageStim'>, autoLog=True, color=array([1., 1., 1.]), colorSpace='rgb', contrast=1.0, depth=-1.0, flipHoriz=False, flipVert=False, image='sin', interpolate=True, mask=None, maskParams=None, name='prac_centerImg', opacity=1, ori=0.0, pos=array([0., 0.]), size=array([0.18, 0.18]), texRes=512, units='height', win=Window(...))
11.2850 	EXP 	Created prac_rightImg1 = ImageStim(__class__=<class 'psychopy.visual.image.ImageStim'>, autoLog=True, color=array([1., 1., 1.]), colorSpace='rgb', contrast=1.0, depth=-2.0, flipHoriz=False, flipVert=False, image='sin', interpolate=True, mask=None, maskParams=None, name='prac_rightImg1', opacity=1, ori=0.0, pos=array([0., 0.]), size=array([0.18, 0.18]), texRes=512, units='height', win=Window(...))
11.2888 	EXP 	Created prac_leftImg1 = ImageStim(__class__=<class 'psychopy.visual.image.ImageStim'>, autoLog=True, color=array([1., 1., 1.]), colorSpace='rgb', contrast=1.0, depth=-3.0, flipHoriz=False, flipVert=False, image='sin', interpolate=True, mask=None, maskParams=None, name='prac_leftImg1', opacity=1, ori=0.0, pos=array([0., 0.]), size=array([0.18, 0.18]), texRes=512, units='height', win=Window(...))
11.2925 	EXP 	Created prac_fixImg = ImageStim(__class__=<class 'psychopy.visual.image.ImageStim'>, autoLog=True, color=array([1., 1., 1.]), colorSpace='rgb', contrast=1.0, depth=-4.0, flipHoriz=False, flipVert=False, image='sin', interpolate=True, mask=None, maskParams=None, name='prac_fixImg', opacity=1, ori=0.0, pos=array([ 0.  , -0.05]), size=array([0.015, 0.015]), texRes=512, units='height', win=Window(...))
11.5597 	INFO 	keyboard.Keyboard is using ptb backend.
11.5615 	EXP 	Created prac_blockFeed_text = TextStim(__class__=<class 'psychopy.visual.text.TextStim'>, alignHoriz=method-wrapper(...), alignText='center', alignVert=method-wrapper(...), anchorHoriz='center', anchorVert='center', antialias=True, autoLog=True, bold=False, color=array([1., 1., 1.]), colorSpace='rgb', contrast=1.0, depth=-1.0, flipHoriz=False, flipVert=False, font='Arial', fontFiles=[], height=0.04, italic=False, languageStyle='LTR', name='prac_blockFeed_text', opacity=1, ori=0, pos=array([0., 0.]), rgb=UNKNOWN, text='', units='height', win=Window(...), wrapWidth=1.3)
11.5653 	EXP 	Created prac_pressContinue = TextStim(__class__=<class 'psychopy.visual.text.TextStim'>, alignHoriz=method-wrapper(...), alignText='center', alignVert=method-wrapper(...), anchorHoriz='center', anchorVert='center', antialias=True, autoLog=True, bold=False, color=array([1., 1., 1.]), colorSpace='rgb', contrast=1.0, depth=-2.0, flipHoriz=False, flipVert=False, font='Arial', fontFiles=[], height=0.04, italic=False, languageStyle='LTR', name='prac_pressContinue', opacity=1, ori=0.0, pos=array([ 0. , -0.3]), rgb=UNKNOWN, text='Press the right key', units='height', win=Window(...), wrapWidth=1.3)
11.8325 	INFO 	keyboard.Keyboard is using ptb backend.
11.8762 	EXP 	Created cb_text1 = TextStim(__class__=<class 'psychopy.visual.text.TextStim'>, alignHoriz=method-wrapper(...), alignText='center', alignVert=method-wrapper(...), anchorHoriz='center', anchorVert='center', antialias=True, autoLog=True, bold=False, color=array([1., 1., 1.]), colorSpace='rgb', contrast=1.0, depth=0.0, flipHoriz=False, flipVert=False, font='Open Sans', fontFiles=[], height=0.04, italic=False, languageStyle='LTR', name='cb_text1', opacity=1, ori=0.0, pos=array([0., 0.]), rgb=UNKNOWN, text=str(...), units='height', win=Window(...), wrapWidth=1)
12.1582 	INFO 	keyboard.Keyboard is using ptb backend.
12.1598 	EXP 	Created firstT_text1 = TextStim(__class__=<class 'psychopy.visual.text.TextStim'>, alignHoriz=method-wrapper(...), alignText='center', alignVert=method-wrapper(...), anchorHoriz='center', anchorVert='center', antialias=True, autoLog=True, bold=False, color=array([1., 1., 1.]), colorSpace='rgb', contrast=1.0, depth=-1.0, flipHoriz=False, flipVert=False, font='Arial', fontFiles=[], height=0.06, italic=False, languageStyle='LTR', name='firstT_text1', opacity=1, ori=0.0, pos=array([0. , 0.3]), rgb=UNKNOWN, text='', units='height', win=Window(...), wrapWidth=1.3)
12.1865 	EXP 	Created firstT_text2 = TextStim(__class__=<class 'psychopy.visual.text.TextStim'>, alignHoriz=method-wrapper(...), alignText='center', alignVert=method-wrapper(...), anchorHoriz='center', anchorVert='center', antialias=True, autoLog=True, bold=False, color=array([1., 1., 1.]), colorSpace='rgb', contrast=1.0, depth=-2.0, flipHoriz=False, flipVert=False, font='Arial', fontFiles=[], height=0.04, italic=False, languageStyle='LTR', name='firstT_text2', opacity=1, ori=0, pos=array([0., 0.]), rgb=UNKNOWN, text=str(...), units='height', win=Window(...), wrapWidth=1.3)
12.4394 	INFO 	keyboard.Keyboard is using ptb backend.
12.4436 	EXP 	Created initFixation_img = ImageStim(__class__=<class 'psychopy.visual.image.ImageStim'>, autoLog=True, color=array([1., 1., 1.]), colorSpace='rgb', contrast=1.0, depth=0.0, flipHoriz=False, flipVert=False, image='sin', interpolate=True, mask=None, maskParams=None, name='initFixation_img', opacity=1, ori=0.0, pos=array([ 0.  , -0.05]), size=array([0.015, 0.015]), texRes=512, units='height', win=Window(...))
12.4473 	EXP 	Created bigFace_2 = ImageStim(__class__=<class 'psychopy.visual.image.ImageStim'>, autoLog=True, color=array([1., 1., 1.]), colorSpace='rgb', contrast=1.0, depth=-1.0, flipHoriz=False, flipVert=False, image='sin', interpolate=True, mask=None, maskParams=None, name='bigFace_2', opacity=1, ori=0.0, pos=array([0., 0.]), size=array([0.3, 0.3]), texRes=128.0, units='height', win=Window(...))
12.5093 	EXP 	Created cover_background = ImageStim(__class__=<class 'psychopy.visual.image.ImageStim'>, autoLog=True, color=array([1., 1., 1.]), colorSpace='rgb', contrast=1.0, depth=-2.0, flipHoriz=False, flipVert=False, image='img/cover_background.png', interpolate=True, mask=None, maskParams=None, name='cover_background', opacity=1, ori=0.0, pos=array([0., 0.]), size=array([0.65, 0.22]), texRes=128.0, units='height', win=Window(...))
12.5137 	EXP 	Created task_centerImg_3 = ImageStim(__class__=<class 'psychopy.visual.image.ImageStim'>, autoLog=True, color=array([1., 1., 1.]), colorSpace='rgb', contrast=1.0, depth=-3.0, flipHoriz=False, flipVert=False, image='sin', interpolate=True, mask=None, maskParams=None, name='task_centerImg_3', opacity=1, ori=0.0, pos=array([0., 0.]), size=array([0.18, 0.18]), texRes=512, units='height', win=Window(...))
12.5174 	EXP 	Created task_rightImg1_3 = ImageStim(__class__=<class 'psychopy.visual.image.ImageStim'>, autoLog=True, color=array([1., 1., 1.]), colorSpace='rgb', contrast=1.0, depth=-4.0, flipHoriz=False, flipVert=False, image='sin', interpolate=True, mask=None, maskParams=None, name='task_rightImg1_3', opacity=1, ori=0.0, pos=array([0., 0.]), size=array([0.18, 0.18]), texRes=512, units='height', win=Window(...))
12.5212 	EXP 	Created task_leftImg1_3 = ImageStim(__class__=<class 'psychopy.visual.image.ImageStim'>, autoLog=True, color=array([1., 1., 1.]), colorSpace='rgb', contrast=1.0, depth=-5.0, flipHoriz=False, flipVert=False, image='sin', interpolate=True, mask=None, maskParams=None, name='task_leftImg1_3', opacity=1, ori=0.0, pos=array([0., 0.]), size=array([0.18, 0.18]), texRes=512, units='height', win=Window(...))
12.5250 	EXP 	Created task_fixImg_3 = ImageStim(__class__=<class 'psychopy.visual.image.ImageStim'>, autoLog=True, color=array([1., 1., 1.]), colorSpace='rgb', contrast=1.0, depth=-6.0, flipHoriz=False, flipVert=False, image='sin', interpolate=True, mask=None, maskParams=None, name='task_fixImg_3', opacity=1, ori=0.0, pos=array([ 0.  , -0.05]), size=array([0.015, 0.015]), texRes=512, units='height', win=Window(...))
12.7841 	INFO 	keyboard.Keyboard is using ptb backend.
12.7859 	EXP 	Created fTfeed_text1_1 = TextStim(__class__=<class 'psychopy.visual.text.TextStim'>, alignHoriz=method-wrapper(...), alignText='center', alignVert=method-wrapper(...), anchorHoriz='center', anchorVert='center', antialias=True, autoLog=True, bold=False, color=array([1., 1., 1.]), colorSpace='rgb', contrast=1.0, depth=-1.0, flipHoriz=False, flipVert=False, font='Arial', fontFiles=[], height=0.12, italic=False, languageStyle='LTR', name='fTfeed_text1_1', opacity=1, ori=0, pos=array([0. , 0.1]), rgb=UNKNOWN, text='', units='height', win=Window(...), wrapWidth=1.8)
12.7870 	EXP 	Created fTFeed_text2_1 = TextStim(__class__=<class 'psychopy.visual.text.TextStim'>, alignHoriz=method-wrapper(...), alignText='center', alignVert=method-wrapper(...), anchorHoriz='center', anchorVert='center', antialias=True, autoLog=True, bold=False, color=array([1., 1., 1.]), colorSpace='rgb', contrast=1.0, depth=-2.0, flipHoriz=False, flipVert=False, font='Arial', fontFiles=[], height=0.04, italic=False, languageStyle='LTR', name='fTFeed_text2_1', opacity=1, ori=0, pos=array([ 0. , -0.3]), rgb=UNKNOWN, text='', units='height', win=Window(...), wrapWidth=1.3)
13.0454 	INFO 	keyboard.Keyboard is using ptb backend.
13.0473 	EXP 	Created firstT_text1 = TextStim(__class__=<class 'psychopy.visual.text.TextStim'>, alignHoriz=method-wrapper(...), alignText='center', alignVert=method-wrapper(...), anchorHoriz='center', anchorVert='center', antialias=True, autoLog=True, bold=False, color=array([1., 1., 1.]), colorSpace='rgb', contrast=1.0, depth=-1.0, flipHoriz=False, flipVert=False, font='Arial', fontFiles=[], height=0.06, italic=False, languageStyle='LTR', name='firstT_text1', opacity=1, ori=0.0, pos=array([0. , 0.3]), rgb=UNKNOWN, text='', units='height', win=Window(...), wrapWidth=1.3)
13.0604 	EXP 	Created firstT_text2 = TextStim(__class__=<class 'psychopy.visual.text.TextStim'>, alignHoriz=method-wrapper(...), alignText='center', alignVert=method-wrapper(...), anchorHoriz='center', anchorVert='center', antialias=True, autoLog=True, bold=False, color=array([1., 1., 1.]), colorSpace='rgb', contrast=1.0, depth=-2.0, flipHoriz=False, flipVert=False, font='Arial', fontFiles=[], height=0.04, italic=False, languageStyle='LTR', name='firstT_text2', opacity=1, ori=0, pos=array([0., 0.]), rgb=UNKNOWN, text=str(...), units='height', win=Window(...), wrapWidth=1.3)
13.3269 	INFO 	keyboard.Keyboard is using ptb backend.
13.3308 	EXP 	Created initFixation_img = ImageStim(__class__=<class 'psychopy.visual.image.ImageStim'>, autoLog=True, color=array([1., 1., 1.]), colorSpace='rgb', contrast=1.0, depth=0.0, flipHoriz=False, flipVert=False, image='sin', interpolate=True, mask=None, maskParams=None, name='initFixation_img', opacity=1, ori=0.0, pos=array([ 0.  , -0.05]), size=array([0.015, 0.015]), texRes=512, units='height', win=Window(...))
13.3352 	EXP 	Created bigFace = ImageStim(__class__=<class 'psychopy.visual.image.ImageStim'>, autoLog=True, color=array([1., 1., 1.]), colorSpace='rgb', contrast=1.0, depth=-1.0, flipHoriz=False, flipVert=False, image='sin', interpolate=True, mask=None, maskParams=None, name='bigFace', opacity=1, ori=0.0, pos=array([0., 0.]), size=array([0.3, 0.3]), texRes=128.0, units='height', win=Window(...))
13.3859 	EXP 	Created cover_background_2 = ImageStim(__class__=<class 'psychopy.visual.image.ImageStim'>, autoLog=True, color=array([1., 1., 1.]), colorSpace='rgb', contrast=1.0, depth=-2.0, flipHoriz=False, flipVert=False, image='img/cover_background.png', interpolate=True, mask=None, maskParams=None, name='cover_background_2', opacity=1, ori=0.0, pos=array([0., 0.]), size=array([0.65, 0.22]), texRes=128.0, units='height', win=Window(...))
13.3901 	EXP 	Created task_centerImg_2 = ImageStim(__class__=<class 'psychopy.visual.image.ImageStim'>, autoLog=True, color=array([1., 1., 1.]), colorSpace='rgb', contrast=1.0, depth=-3.0, flipHoriz=False, flipVert=False, image='sin', interpolate=True, mask=None, maskParams=None, name='task_centerImg_2', opacity=1, ori=0.0, pos=array([0., 0.]), size=array([0.18, 0.18]), texRes=512, units='height', win=Window(...))
13.3943 	EXP 	Created task_rightImg1_2 = ImageStim(__class__=<class 'psychopy.visual.image.ImageStim'>, autoLog=True, color=array([1., 1., 1.]), colorSpace='rgb', contrast=1.0, depth=-4.0, flipHoriz=False, flipVert=False, image='sin', interpolate=True, mask=None, maskParams=None, name='task_rightImg1_2', opacity=1, ori=0.0, pos=array([0., 0.]), size=array([0.18, 0.18]), texRes=512, units='height', win=Window(...))
13.3985 	EXP 	Created task_leftImg1_2 = ImageStim(__class__=<class 'psychopy.visual.image.ImageStim'>, autoLog=True, color=array([1., 1., 1.]), colorSpace='rgb', contrast=1.0, depth=-5.0, flipHoriz=False, flipVert=False, image='sin', interpolate=True, mask=None, maskParams=None, name='task_leftImg1_2', opacity=1, ori=0.0, pos=array([0., 0.]), size=array([0.18, 0.18]), texRes=512, units='height', win=Window(...))
13.4030 	EXP 	Created task_fixImg_2 = ImageStim(__class__=<class 'psychopy.visual.image.ImageStim'>, autoLog=True, color=array([1., 1., 1.]), colorSpace='rgb', contrast=1.0, depth=-6.0, flipHoriz=False, flipVert=False, image='sin', interpolate=True, mask=None, maskParams=None, name='task_fixImg_2', opacity=1, ori=0.0, pos=array([ 0.  , -0.05]), size=array([0.015, 0.015]), texRes=512, units='height', win=Window(...))
13.6593 	INFO 	keyboard.Keyboard is using ptb backend.
13.6609 	EXP 	Created sTfeed_text1 = TextStim(__class__=<class 'psychopy.visual.text.TextStim'>, alignHoriz=method-wrapper(...), alignText='center', alignVert=method-wrapper(...), anchorHoriz='center', anchorVert='center', antialias=True, autoLog=True, bold=False, color=array([1., 1., 1.]), colorSpace='rgb', contrast=1.0, depth=-1.0, flipHoriz=False, flipVert=False, font='Arial', fontFiles=[], height=0.12, italic=False, languageStyle='LTR', name='sTfeed_text1', opacity=1, ori=0, pos=array([0. , 0.1]), rgb=UNKNOWN, text='', units='height', win=Window(...), wrapWidth=1.8)
13.6621 	EXP 	Created scFeed_text2 = TextStim(__class__=<class 'psychopy.visual.text.TextStim'>, alignHoriz=method-wrapper(...), alignText='center', alignVert=method-wrapper(...), anchorHoriz='center', anchorVert='center', antialias=True, autoLog=True, bold=False, color=array([1., 1., 1.]), colorSpace='rgb', contrast=1.0, depth=-2.0, flipHoriz=False, flipVert=False, font='Arial', fontFiles=[], height=0.04, italic=False, languageStyle='LTR', name='scFeed_text2', opacity=1, ori=0, pos=array([ 0. , -0.3]), rgb=UNKNOWN, text='', units='height', win=Window(...), wrapWidth=1.3)
13.9124 	INFO 	keyboard.Keyboard is using ptb backend.
13.9311 	EXP 	Created instruct_surprise1 = TextStim(__class__=<class 'psychopy.visual.text.TextStim'>, alignHoriz=method-wrapper(...), alignText='center', alignVert=method-wrapper(...), anchorHoriz='center', anchorVert='center', antialias=True, autoLog=True, bold=False, color=array([1., 1., 1.]), colorSpace='rgb', contrast=1.0, depth=0.0, flipHoriz=False, flipVert=False, font='Open Sans', fontFiles=[], height=0.04, italic=False, languageStyle='LTR', name='instruct_surprise1', opacity=1, ori=0.0, pos=array([0., 0.]), rgb=UNKNOWN, text=str(...), units='height', win=Window(...), wrapWidth=1)
14.1855 	INFO 	keyboard.Keyboard is using ptb backend.
14.2014 	EXP 	Created cb_text1_2 = TextStim(__class__=<class 'psychopy.visual.text.TextStim'>, alignHoriz=method-wrapper(...), alignText='center', alignVert=method-wrapper(...), anchorHoriz='center', anchorVert='center', antialias=True, autoLog=True, bold=False, color=array([1., 1., 1.]), colorSpace='rgb', contrast=1.0, depth=0.0, flipHoriz=False, flipVert=False, font='Open Sans', fontFiles=[], height=0.04, italic=False, languageStyle='LTR', name='cb_text1_2', opacity=1, ori=0.0, pos=array([0., 0.]), rgb=UNKNOWN, text=str(...), units='height', win=Window(...), wrapWidth=1)
14.4579 	INFO 	keyboard.Keyboard is using ptb backend.
14.4595 	EXP 	Created instructMainTask_text = TextStim(__class__=<class 'psychopy.visual.text.TextStim'>, alignHoriz=method-wrapper(...), alignText='center', alignVert=method-wrapper(...), anchorHoriz='center', anchorVert='center', antialias=True, autoLog=True, bold=False, color=array([1., 1., 1.]), colorSpace='rgb', contrast=1.0, depth=0.0, flipHoriz=False, flipVert=False, font='Arial', fontFiles=[], height=0.04, italic=False, languageStyle='LTR', name='instructMainTask_text', opacity=1, ori=0, pos=array([0., 0.]), rgb=UNKNOWN, text='', units='height', win=Window(...), wrapWidth=1.3)
14.7168 	INFO 	keyboard.Keyboard is using ptb backend.
14.7210 	EXP 	Created stimulus = ImageStim(__class__=<class 'psychopy.visual.image.ImageStim'>, autoLog=True, color=array([1., 1., 1.]), colorSpace='rgb', contrast=1.0, depth=0.0, flipHoriz=False, flipVert=False, image='sin', interpolate=True, mask=None, maskParams=None, name='stimulus', opacity=1, ori=0.0, pos=array([0. , 0.2]), size=array([0.5, 0.5]), texRes=128.0, units='height', win=Window(...))
14.7226 	EXP 	Created instructsurpA1_right = TextStim(__class__=<class 'psychopy.visual.text.TextStim'>, alignHoriz=method-wrapper(...), alignText='center', alignVert=method-wrapper(...), anchorHoriz='center', anchorVert='center', antialias=True, autoLog=True, bold=False, color=array([1., 1., 1.]), colorSpace='rgb', contrast=1.0, depth=-1.0, flipHoriz=False, flipVert=False, font='Open Sans', fontFiles=[], height=0.025, italic=False, languageStyle='LTR', name='instructsurpA1_right', opacity=1, ori=0.0, pos=array([0., 0.]), rgb=UNKNOWN, text='', units='height', win=Window(...), wrapWidth=1)
14.7238 	EXP 	Created instructsurpA2_left = TextStim(__class__=<class 'psychopy.visual.text.TextStim'>, alignHoriz=method-wrapper(...), alignText='center', alignVert=method-wrapper(...), anchorHoriz='center', anchorVert='center', antialias=True, autoLog=True, bold=False, color=array([1., 1., 1.]), colorSpace='rgb', contrast=1.0, depth=-2.0, flipHoriz=False, flipVert=False, font='Open Sans', fontFiles=[], height=0.025, italic=False, languageStyle='LTR', name='instructsurpA2_left', opacity=1, ori=0.0, pos=array([-0.4 , -0.03]), rgb=UNKNOWN, text='', units='height', win=Window(...), wrapWidth=1)
14.9830 	INFO 	keyboard.Keyboard is using ptb backend.
14.9844 	EXP 	Created instructMainTask_text_2 = TextStim(__class__=<class 'psychopy.visual.text.TextStim'>, alignHoriz=method-wrapper(...), alignText='center', alignVert=method-wrapper(...), anchorHoriz='center', anchorVert='center', antialias=True, autoLog=True, bold=False, color=array([1., 1., 1.]), colorSpace='rgb', contrast=1.0, depth=0.0, flipHoriz=False, flipVert=False, font='Arial', fontFiles=[], height=0.04, italic=False, languageStyle='LTR', name='instructMainTask_text_2', opacity=1, ori=0, pos=array([0., 0.]), rgb=UNKNOWN, text='', units='height', win=Window(...), wrapWidth=1.3)
15.2337 	INFO 	keyboard.Keyboard is using ptb backend.
15.2376 	EXP 	Created stimulus_2 = ImageStim(__class__=<class 'psychopy.visual.image.ImageStim'>, autoLog=True, color=array([1., 1., 1.]), colorSpace='rgb', contrast=1.0, depth=0.0, flipHoriz=False, flipVert=False, image='sin', interpolate=True, mask=None, maskParams=None, name='stimulus_2', opacity=1, ori=0.0, pos=array([0. , 0.2]), size=array([0.5, 0.5]), texRes=128.0, units='height', win=Window(...))
15.2389 	EXP 	Created instructsurpA1_right_2 = TextStim(__class__=<class 'psychopy.visual.text.TextStim'>, alignHoriz=method-wrapper(...), alignText='center', alignVert=method-wrapper(...), anchorHoriz='center', anchorVert='center', antialias=True, autoLog=True, bold=False, color=array([1., 1., 1.]), colorSpace='rgb', contrast=1.0, depth=-1.0, flipHoriz=False, flipVert=False, font='Open Sans', fontFiles=[], height=0.025, italic=False, languageStyle='LTR', name='instructsurpA1_right_2', opacity=1, ori=0.0, pos=array([0., 0.]), rgb=UNKNOWN, text='', units='height', win=Window(...), wrapWidth=1)
15.2401 	EXP 	Created instructsurpA2_left_2 = TextStim(__class__=<class 'psychopy.visual.text.TextStim'>, alignHoriz=method-wrapper(...), alignText='center', alignVert=method-wrapper(...), anchorHoriz='center', anchorVert='center', antialias=True, autoLog=True, bold=False, color=array([1., 1., 1.]), colorSpace='rgb', contrast=1.0, depth=-2.0, flipHoriz=False, flipVert=False, font='Open Sans', fontFiles=[], height=0.025, italic=False, languageStyle='LTR', name='instructsurpA2_left_2', opacity=1, ori=0.0, pos=array([-0.4 , -0.03]), rgb=UNKNOWN, text='', units='height', win=Window(...), wrapWidth=1)
15.4915 	INFO 	keyboard.Keyboard is using ptb backend.
15.5026 	EXP 	Created finishMessage_text = TextStim(__class__=<class 'psychopy.visual.text.TextStim'>, alignHoriz=method-wrapper(...), alignText='center', alignVert=method-wrapper(...), anchorHoriz='center', anchorVert='center', antialias=True, autoLog=True, bold=False, color=array([1., 1., 1.]), colorSpace='rgb', contrast=1.0, depth=0.0, flipHoriz=False, flipVert=False, font='Arial', fontFiles=[], height=0.04, italic=False, languageStyle='LTR', name='finishMessage_text', opacity=1, ori=0, pos=array([0., 0.]), rgb=UNKNOWN, text='Thank you for your participation!', units='height', win=Window(...), wrapWidth=1.3)
15.5119 	EXP 	welcome_text: autoDraw = True
17.8012 	DATA 	Keypress: 8
17.8081 	EXP 	welcome_text: autoDraw = False
17.8081 	EXP 	instructRight_text: autoDraw = True
17.8081 	EXP 	instructRight_centerImg: autoDraw = True
17.8081 	EXP 	instructRight_rightImg1: autoDraw = True
17.8081 	EXP 	instructRight_leftImg1: autoDraw = True
18.5536 	DATA 	Keypress: 8
18.5593 	EXP 	instructRight_text: autoDraw = False
18.5593 	EXP 	instructRight_centerImg: autoDraw = False
18.5593 	EXP 	instructRight_rightImg1: autoDraw = False
18.5593 	EXP 	instructRight_leftImg1: autoDraw = False
18.5593 	EXP 	instructLeft_text: autoDraw = True
18.5593 	EXP 	instructLeft_centerImg: autoDraw = True
18.5593 	EXP 	instructLeft_rightImg1: autoDraw = True
18.5593 	EXP 	instructLeft_leftImg1: autoDraw = True
18.9097 	DATA 	Keypress: 1
18.9219 	EXP 	instructLeft_text: autoDraw = False
18.9219 	EXP 	instructLeft_centerImg: autoDraw = False
18.9219 	EXP 	instructLeft_rightImg1: autoDraw = False
18.9219 	EXP 	instructLeft_leftImg1: autoDraw = False
18.9219 	EXP 	instructInconRight_text: autoDraw = True
18.9219 	EXP 	instructIncon_centerImg: autoDraw = True
18.9219 	EXP 	instructIncon_rightImg1: autoDraw = True
18.9219 	EXP 	instructIncon_leftImg1: autoDraw = True
19.4278 	DATA 	Keypress: 8
19.4384 	EXP 	instructInconRight_text: autoDraw = False
19.4384 	EXP 	instructIncon_centerImg: autoDraw = False
19.4384 	EXP 	instructIncon_rightImg1: autoDraw = False
19.4384 	EXP 	instructIncon_leftImg1: autoDraw = False
19.4384 	EXP 	instructInconLeft_text: autoDraw = True
19.4384 	EXP 	instructInconLeft_centerImg: autoDraw = True
19.4384 	EXP 	instructInconLeft_rightImg1: autoDraw = True
19.4384 	EXP 	instructInconLeft_leftImg1: autoDraw = True
19.8460 	DEBUG 	Read csv file with pandas: blockSelect_practice.csv
19.8488 	DEBUG 	Clearing unnamed columns from blockSelect_practice.csv
19.8490 	EXP 	Imported blockSelect_practice.csv as conditions, 1 conditions, 1 params
19.8595 	EXP 	Created sequence: random, trialTypes=1, nReps=999, seed=None
19.8648 	EXP 	New trial (rep=0, index=0): OrderedDict([('whichBlock', 'trialTable_practice.csv')])
19.8688 	DATA 	Keypress: 1
19.8725 	EXP 	instructInconLeft_text: autoDraw = False
19.8725 	EXP 	instructInconLeft_centerImg: autoDraw = False
19.8725 	EXP 	instructInconLeft_rightImg1: autoDraw = False
19.8725 	EXP 	instructInconLeft_leftImg1: autoDraw = False
19.8725 	EXP 	prac_blockText: autoDraw = True
19.8725 	EXP 	prac_reminder_text: autoDraw = True
20.6447 	DATA 	Keypress: 8
20.6490 	EXP 	prac_blockText: autoDraw = False
20.6490 	EXP 	prac_reminder_text: autoDraw = False
20.6490 	EXP 	initFixation_img: image = 'img/fixationCross.png'
20.6490 	EXP 	initFixation_img: autoDraw = True
22.6571 	DEBUG 	Read csv file with pandas: trialTable_practice.csv
22.6587 	DEBUG 	Clearing unnamed columns from trialTable_practice.csv
22.6620 	EXP 	Imported trialTable_practice.csv as conditions, 20 conditions, 9 params
22.6625 	EXP 	Created sequence: random, trialTypes=20, nReps=1, seed=None
22.6629 	EXP 	New trial (rep=0, index=0): OrderedDict([('middleStim', 'img/renders/face211_45.png'), ('leftStim', 'img/renders/face211_45.png'), ('rightStim', 'img/renders/face211_45.png'), ('stimNum', 5), ('congruent', 1), ('target', 'right'), ('locationC', [0, 0]), ('locationR', [0.13, 0]), ('locationL', [-0.13, 0])])
22.6999 	EXP 	initFixation_img: autoDraw = False
22.6999 	EXP 	prac_centerImg: pos = array([0., 0.])
22.6999 	EXP 	prac_centerImg: image = 'img/renders/face211_45.png'
22.6999 	EXP 	prac_rightImg1: pos = array([0.13, 0.  ])
22.6999 	EXP 	prac_rightImg1: image = 'img/renders/face211_45.png'
22.6999 	EXP 	prac_leftImg1: pos = array([-0.13,  0.  ])
22.6999 	EXP 	prac_leftImg1: image = 'img/renders/face211_45.png'
22.6999 	EXP 	prac_fixImg: image = 'img/fixationCross.png'
22.6999 	EXP 	prac_centerImg: autoDraw = True
22.6999 	EXP 	prac_rightImg1: autoDraw = True
22.6999 	EXP 	prac_leftImg1: autoDraw = True
22.6999 	EXP 	prac_fixImg: autoDraw = True
22.9063 	EXP 	prac_centerImg: autoDraw = False
22.9063 	EXP 	prac_rightImg1: autoDraw = False
22.9063 	EXP 	prac_leftImg1: autoDraw = False
23.3059 	DATA 	Keypress: 8
24.6098 	EXP 	New trial (rep=0, index=1): OrderedDict([('middleStim', 'img/renders/face586_-45.png'), ('leftStim', 'img/renders/face586_-45.png'), ('rightStim', 'img/renders/face586_-45.png'), ('stimNum', 6), ('congruent', 1), ('target', 'left'), ('locationC', [0, 0]), ('locationR', [0.13, 0]), ('locationL', [-0.13, 0])])
24.6563 	EXP 	prac_fixImg: autoDraw = False
24.6563 	EXP 	prac_centerImg: autoDraw = False
24.6563 	EXP 	prac_rightImg1: autoDraw = False
24.6563 	EXP 	prac_leftImg1: autoDraw = False
24.6563 	EXP 	prac_fixImg: autoDraw = False
24.6563 	EXP 	prac_centerImg: pos = array([0., 0.])
24.6563 	EXP 	prac_centerImg: image = 'img/renders/face586_-45.png'
24.6563 	EXP 	prac_rightImg1: pos = array([0.13, 0.  ])
24.6563 	EXP 	prac_rightImg1: image = 'img/renders/face586_-45.png'
24.6563 	EXP 	prac_leftImg1: pos = array([-0.13,  0.  ])
24.6563 	EXP 	prac_leftImg1: image = 'img/renders/face586_-45.png'
24.6563 	EXP 	prac_fixImg: image = 'img/fixationCross.png'
24.6563 	EXP 	prac_centerImg: autoDraw = True
24.6563 	EXP 	prac_rightImg1: autoDraw = True
24.6563 	EXP 	prac_leftImg1: autoDraw = True
24.6563 	EXP 	prac_fixImg: autoDraw = True
24.8559 	EXP 	prac_centerImg: autoDraw = False
24.8559 	EXP 	prac_rightImg1: autoDraw = False
24.8559 	EXP 	prac_leftImg1: autoDraw = False
24.9889 	DATA 	Keypress: 1
26.4742 	EXP 	New trial (rep=0, index=2): OrderedDict([('middleStim', 'img/renders/face120_-45.png'), ('leftStim', 'img/renders/face120_-45.png'), ('rightStim', 'img/renders/face120_-45.png'), ('stimNum', 6), ('congruent', 1), ('target', 'left'), ('locationC', [0, 0]), ('locationR', [0.13, 0]), ('locationL', [-0.13, 0])])
26.5165 	EXP 	prac_fixImg: autoDraw = False
26.5165 	EXP 	prac_centerImg: autoDraw = False
26.5165 	EXP 	prac_rightImg1: autoDraw = False
26.5165 	EXP 	prac_leftImg1: autoDraw = False
26.5165 	EXP 	prac_fixImg: autoDraw = False
26.5165 	EXP 	prac_centerImg: pos = array([0., 0.])
26.5165 	EXP 	prac_centerImg: image = 'img/renders/face120_-45.png'
26.5165 	EXP 	prac_rightImg1: pos = array([0.13, 0.  ])
26.5165 	EXP 	prac_rightImg1: image = 'img/renders/face120_-45.png'
26.5165 	EXP 	prac_leftImg1: pos = array([-0.13,  0.  ])
26.5165 	EXP 	prac_leftImg1: image = 'img/renders/face120_-45.png'
26.5165 	EXP 	prac_fixImg: image = 'img/fixationCross.png'
26.5165 	EXP 	prac_centerImg: autoDraw = True
26.5165 	EXP 	prac_rightImg1: autoDraw = True
26.5165 	EXP 	prac_leftImg1: autoDraw = True
26.5165 	EXP 	prac_fixImg: autoDraw = True
26.7219 	EXP 	prac_centerImg: autoDraw = False
26.7219 	EXP 	prac_rightImg1: autoDraw = False
26.7219 	EXP 	prac_leftImg1: autoDraw = False
27.0393 	DATA 	Keypress: 1
28.0736 	EXP 	New trial (rep=0, index=3): OrderedDict([('middleStim', 'img/renders/face351_45.png'), ('leftStim', 'img/renders/face351_-45.png'), ('rightStim', 'img/renders/face351_-45.png'), ('stimNum', 7), ('congruent', 0), ('target', 'right'), ('locationC', [0.058, 0]), ('locationR', [0.14, 0]), ('locationL', [-0.14, 0])])
28.1191 	EXP 	prac_fixImg: autoDraw = False
28.1191 	EXP 	prac_centerImg: autoDraw = False
28.1191 	EXP 	prac_rightImg1: autoDraw = False
28.1191 	EXP 	prac_leftImg1: autoDraw = False
28.1191 	EXP 	prac_fixImg: autoDraw = False
28.1191 	EXP 	prac_centerImg: pos = array([0.058, 0.   ])
28.1191 	EXP 	prac_centerImg: image = 'img/renders/face351_45.png'
28.1191 	EXP 	prac_rightImg1: pos = array([0.14, 0.  ])
28.1191 	EXP 	prac_rightImg1: image = 'img/renders/face351_-45.png'
28.1191 	EXP 	prac_leftImg1: pos = array([-0.14,  0.  ])
28.1191 	EXP 	prac_leftImg1: image = 'img/renders/face351_-45.png'
28.1191 	EXP 	prac_fixImg: image = 'img/fixationCross.png'
28.1191 	EXP 	prac_centerImg: autoDraw = True
28.1191 	EXP 	prac_rightImg1: autoDraw = True
28.1191 	EXP 	prac_leftImg1: autoDraw = True
28.1191 	EXP 	prac_fixImg: autoDraw = True
28.3207 	EXP 	prac_centerImg: autoDraw = False
28.3207 	EXP 	prac_rightImg1: autoDraw = False
28.3207 	EXP 	prac_leftImg1: autoDraw = False
28.6058 	DATA 	Keypress: 8
29.8735 	EXP 	New trial (rep=0, index=4): OrderedDict([('middleStim', 'img/renders/face269_45.png'), ('leftStim', 'img/renders/face269_-45.png'), ('rightStim', 'img/renders/face269_-45.png'), ('stimNum', 7), ('congruent', 0), ('target', 'right'), ('locationC', [0.058, 0]), ('locationR', [0.14, 0]), ('locationL', [-0.14, 0])])
29.9167 	EXP 	prac_fixImg: autoDraw = False
29.9167 	EXP 	prac_centerImg: autoDraw = False
29.9167 	EXP 	prac_rightImg1: autoDraw = False
29.9167 	EXP 	prac_leftImg1: autoDraw = False
29.9167 	EXP 	prac_fixImg: autoDraw = False
29.9167 	EXP 	prac_centerImg: pos = array([0.058, 0.   ])
29.9167 	EXP 	prac_centerImg: image = 'img/renders/face269_45.png'
29.9167 	EXP 	prac_rightImg1: pos = array([0.14, 0.  ])
29.9167 	EXP 	prac_rightImg1: image = 'img/renders/face269_-45.png'
29.9167 	EXP 	prac_leftImg1: pos = array([-0.14,  0.  ])
29.9167 	EXP 	prac_leftImg1: image = 'img/renders/face269_-45.png'
29.9167 	EXP 	prac_fixImg: image = 'img/fixationCross.png'
29.9167 	EXP 	prac_centerImg: autoDraw = True
29.9167 	EXP 	prac_rightImg1: autoDraw = True
29.9167 	EXP 	prac_leftImg1: autoDraw = True
29.9167 	EXP 	prac_fixImg: autoDraw = True
30.1198 	EXP 	prac_centerImg: autoDraw = False
30.1198 	EXP 	prac_rightImg1: autoDraw = False
30.1198 	EXP 	prac_leftImg1: autoDraw = False
30.2877 	DATA 	Keypress: 1
31.7889 	EXP 	New trial (rep=0, index=5): OrderedDict([('middleStim', 'img/renders/face037_-45.png'), ('leftStim', 'img/renders/face037_45.png'), ('rightStim', 'img/renders/face037_45.png'), ('stimNum', 8), ('congruent', 0), ('target', 'left'), ('locationC', [-0.058, 0]), ('locationR', [0.14, 0]), ('locationL', [-0.14, 0])])
31.8345 	EXP 	prac_fixImg: autoDraw = False
31.8345 	EXP 	prac_centerImg: autoDraw = False
31.8345 	EXP 	prac_rightImg1: autoDraw = False
31.8345 	EXP 	prac_leftImg1: autoDraw = False
31.8345 	EXP 	prac_fixImg: autoDraw = False
31.8345 	EXP 	prac_centerImg: pos = array([-0.058,  0.   ])
31.8345 	EXP 	prac_centerImg: image = 'img/renders/face037_-45.png'
31.8345 	EXP 	prac_rightImg1: pos = array([0.14, 0.  ])
31.8345 	EXP 	prac_rightImg1: image = 'img/renders/face037_45.png'
31.8345 	EXP 	prac_leftImg1: pos = array([-0.14,  0.  ])
31.8345 	EXP 	prac_leftImg1: image = 'img/renders/face037_45.png'
31.8345 	EXP 	prac_fixImg: image = 'img/fixationCross.png'
31.8345 	EXP 	prac_centerImg: autoDraw = True
31.8345 	EXP 	prac_rightImg1: autoDraw = True
31.8345 	EXP 	prac_leftImg1: autoDraw = True
31.8345 	EXP 	prac_fixImg: autoDraw = True
32.0365 	EXP 	prac_centerImg: autoDraw = False
32.0365 	EXP 	prac_rightImg1: autoDraw = False
32.0365 	EXP 	prac_leftImg1: autoDraw = False
32.3368 	DATA 	Keypress: 1
33.7723 	EXP 	New trial (rep=0, index=6): OrderedDict([('middleStim', 'img/renders/face482_45.png'), ('leftStim', 'img/renders/face482_45.png'), ('rightStim', 'img/renders/face482_45.png'), ('stimNum', 5), ('congruent', 1), ('target', 'right'), ('locationC', [0, 0]), ('locationR', [0.13, 0]), ('locationL', [-0.13, 0])])
33.8186 	EXP 	prac_fixImg: autoDraw = False
33.8186 	EXP 	prac_centerImg: autoDraw = False
33.8186 	EXP 	prac_rightImg1: autoDraw = False
33.8186 	EXP 	prac_leftImg1: autoDraw = False
33.8186 	EXP 	prac_fixImg: autoDraw = False
33.8186 	EXP 	prac_centerImg: pos = array([0., 0.])
33.8186 	EXP 	prac_centerImg: image = 'img/renders/face482_45.png'
33.8186 	EXP 	prac_rightImg1: pos = array([0.13, 0.  ])
33.8186 	EXP 	prac_rightImg1: image = 'img/renders/face482_45.png'
33.8186 	EXP 	prac_leftImg1: pos = array([-0.13,  0.  ])
33.8186 	EXP 	prac_leftImg1: image = 'img/renders/face482_45.png'
33.8186 	EXP 	prac_fixImg: image = 'img/fixationCross.png'
33.8186 	EXP 	prac_centerImg: autoDraw = True
33.8186 	EXP 	prac_rightImg1: autoDraw = True
33.8186 	EXP 	prac_leftImg1: autoDraw = True
33.8186 	EXP 	prac_fixImg: autoDraw = True
34.0200 	EXP 	prac_centerImg: autoDraw = False
34.0200 	EXP 	prac_rightImg1: autoDraw = False
34.0200 	EXP 	prac_leftImg1: autoDraw = False
34.2200 	DATA 	Keypress: 8
35.7054 	EXP 	New trial (rep=0, index=7): OrderedDict([('middleStim', 'img/renders/face040_45.png'), ('leftStim', 'img/renders/face040_-45.png'), ('rightStim', 'img/renders/face040_-45.png'), ('stimNum', 7), ('congruent', 0), ('target', 'right'), ('locationC', [0.058, 0]), ('locationR', [0.14, 0]), ('locationL', [-0.14, 0])])
35.7520 	EXP 	prac_fixImg: autoDraw = False
35.7520 	EXP 	prac_centerImg: autoDraw = False
35.7520 	EXP 	prac_rightImg1: autoDraw = False
35.7520 	EXP 	prac_leftImg1: autoDraw = False
35.7520 	EXP 	prac_fixImg: autoDraw = False
35.7520 	EXP 	prac_centerImg: pos = array([0.058, 0.   ])
35.7520 	EXP 	prac_centerImg: image = 'img/renders/face040_45.png'
35.7520 	EXP 	prac_rightImg1: pos = array([0.14, 0.  ])
35.7520 	EXP 	prac_rightImg1: image = 'img/renders/face040_-45.png'
35.7520 	EXP 	prac_leftImg1: pos = array([-0.14,  0.  ])
35.7520 	EXP 	prac_leftImg1: image = 'img/renders/face040_-45.png'
35.7520 	EXP 	prac_fixImg: image = 'img/fixationCross.png'
35.7520 	EXP 	prac_centerImg: autoDraw = True
35.7520 	EXP 	prac_rightImg1: autoDraw = True
35.7520 	EXP 	prac_leftImg1: autoDraw = True
35.7520 	EXP 	prac_fixImg: autoDraw = True
35.9527 	EXP 	prac_centerImg: autoDraw = False
35.9527 	EXP 	prac_rightImg1: autoDraw = False
35.9527 	EXP 	prac_leftImg1: autoDraw = False
36.2700 	DATA 	Keypress: 8
37.6877 	EXP 	New trial (rep=0, index=8): OrderedDict([('middleStim', 'img/renders/face581_45.png'), ('leftStim', 'img/renders/face581_45.png'), ('rightStim', 'img/renders/face581_45.png'), ('stimNum', 5), ('congruent', 1), ('target', 'right'), ('locationC', [0, 0]), ('locationR', [0.13, 0]), ('locationL', [-0.13, 0])])
37.7332 	EXP 	prac_fixImg: autoDraw = False
37.7332 	EXP 	prac_centerImg: autoDraw = False
37.7332 	EXP 	prac_rightImg1: autoDraw = False
37.7332 	EXP 	prac_leftImg1: autoDraw = False
37.7332 	EXP 	prac_fixImg: autoDraw = False
37.7332 	EXP 	prac_centerImg: pos = array([0., 0.])
37.7332 	EXP 	prac_centerImg: image = 'img/renders/face581_45.png'
37.7332 	EXP 	prac_rightImg1: pos = array([0.13, 0.  ])
37.7332 	EXP 	prac_rightImg1: image = 'img/renders/face581_45.png'
37.7332 	EXP 	prac_leftImg1: pos = array([-0.13,  0.  ])
37.7332 	EXP 	prac_leftImg1: image = 'img/renders/face581_45.png'
37.7332 	EXP 	prac_fixImg: image = 'img/fixationCross.png'
37.7332 	EXP 	prac_centerImg: autoDraw = True
37.7332 	EXP 	prac_rightImg1: autoDraw = True
37.7332 	EXP 	prac_leftImg1: autoDraw = True
37.7332 	EXP 	prac_fixImg: autoDraw = True
37.9356 	EXP 	prac_centerImg: autoDraw = False
37.9356 	EXP 	prac_rightImg1: autoDraw = False
37.9356 	EXP 	prac_leftImg1: autoDraw = False
38.2534 	DATA 	Keypress: 8
39.6532 	EXP 	New trial (rep=0, index=9): OrderedDict([('middleStim', 'img/renders/face602_-45.png'), ('leftStim', 'img/renders/face602_45.png'), ('rightStim', 'img/renders/face602_45.png'), ('stimNum', 8), ('congruent', 0), ('target', 'left'), ('locationC', [-0.058, 0]), ('locationR', [0.14, 0]), ('locationL', [-0.14, 0])])
39.6992 	EXP 	prac_fixImg: autoDraw = False
39.6992 	EXP 	prac_centerImg: autoDraw = False
39.6992 	EXP 	prac_rightImg1: autoDraw = False
39.6992 	EXP 	prac_leftImg1: autoDraw = False
39.6992 	EXP 	prac_fixImg: autoDraw = False
39.6992 	EXP 	prac_centerImg: pos = array([-0.058,  0.   ])
39.6992 	EXP 	prac_centerImg: image = 'img/renders/face602_-45.png'
39.6992 	EXP 	prac_rightImg1: pos = array([0.14, 0.  ])
39.6992 	EXP 	prac_rightImg1: image = 'img/renders/face602_45.png'
39.6992 	EXP 	prac_leftImg1: pos = array([-0.14,  0.  ])
39.6992 	EXP 	prac_leftImg1: image = 'img/renders/face602_45.png'
39.6992 	EXP 	prac_fixImg: image = 'img/fixationCross.png'
39.6992 	EXP 	prac_centerImg: autoDraw = True
39.6992 	EXP 	prac_rightImg1: autoDraw = True
39.6992 	EXP 	prac_leftImg1: autoDraw = True
39.6992 	EXP 	prac_fixImg: autoDraw = True
39.9021 	EXP 	prac_centerImg: autoDraw = False
39.9021 	EXP 	prac_rightImg1: autoDraw = False
39.9021 	EXP 	prac_leftImg1: autoDraw = False
40.1188 	DATA 	Keypress: 1
41.6714 	EXP 	New trial (rep=0, index=10): OrderedDict([('middleStim', 'img/renders/face028_45.png'), ('leftStim', 'img/renders/face028_-45.png'), ('rightStim', 'img/renders/face028_-45.png'), ('stimNum', 7), ('congruent', 0), ('target', 'right'), ('locationC', [0.058, 0]), ('locationR', [0.14, 0]), ('locationL', [-0.14, 0])])
41.7165 	EXP 	prac_fixImg: autoDraw = False
41.7165 	EXP 	prac_centerImg: autoDraw = False
41.7165 	EXP 	prac_rightImg1: autoDraw = False
41.7165 	EXP 	prac_leftImg1: autoDraw = False
41.7165 	EXP 	prac_fixImg: autoDraw = False
41.7165 	EXP 	prac_centerImg: pos = array([0.058, 0.   ])
41.7165 	EXP 	prac_centerImg: image = 'img/renders/face028_45.png'
41.7165 	EXP 	prac_rightImg1: pos = array([0.14, 0.  ])
41.7165 	EXP 	prac_rightImg1: image = 'img/renders/face028_-45.png'
41.7165 	EXP 	prac_leftImg1: pos = array([-0.14,  0.  ])
41.7165 	EXP 	prac_leftImg1: image = 'img/renders/face028_-45.png'
41.7165 	EXP 	prac_fixImg: image = 'img/fixationCross.png'
41.7165 	EXP 	prac_centerImg: autoDraw = True
41.7165 	EXP 	prac_rightImg1: autoDraw = True
41.7165 	EXP 	prac_leftImg1: autoDraw = True
41.7165 	EXP 	prac_fixImg: autoDraw = True
41.9179 	EXP 	prac_centerImg: autoDraw = False
41.9179 	EXP 	prac_rightImg1: autoDraw = False
41.9179 	EXP 	prac_leftImg1: autoDraw = False
42.1010 	DATA 	Keypress: 8
43.2695 	EXP 	New trial (rep=0, index=11): OrderedDict([('middleStim', 'img/renders/face559_-45.png'), ('leftStim', 'img/renders/face559_45.png'), ('rightStim', 'img/renders/face559_45.png'), ('stimNum', 8), ('congruent', 0), ('target', 'left'), ('locationC', [-0.058, 0]), ('locationR', [0.14, 0]), ('locationL', [-0.14, 0])])
43.3168 	EXP 	prac_fixImg: autoDraw = False
43.3168 	EXP 	prac_centerImg: autoDraw = False
43.3168 	EXP 	prac_rightImg1: autoDraw = False
43.3168 	EXP 	prac_leftImg1: autoDraw = False
43.3168 	EXP 	prac_fixImg: autoDraw = False
43.3168 	EXP 	prac_centerImg: pos = array([-0.058,  0.   ])
43.3168 	EXP 	prac_centerImg: image = 'img/renders/face559_-45.png'
43.3168 	EXP 	prac_rightImg1: pos = array([0.14, 0.  ])
43.3168 	EXP 	prac_rightImg1: image = 'img/renders/face559_45.png'
43.3168 	EXP 	prac_leftImg1: pos = array([-0.14,  0.  ])
43.3168 	EXP 	prac_leftImg1: image = 'img/renders/face559_45.png'
43.3168 	EXP 	prac_fixImg: image = 'img/fixationCross.png'
43.3168 	EXP 	prac_centerImg: autoDraw = True
43.3168 	EXP 	prac_rightImg1: autoDraw = True
43.3168 	EXP 	prac_leftImg1: autoDraw = True
43.3168 	EXP 	prac_fixImg: autoDraw = True
43.5174 	EXP 	prac_centerImg: autoDraw = False
43.5174 	EXP 	prac_rightImg1: autoDraw = False
43.5174 	EXP 	prac_leftImg1: autoDraw = False
43.7678 	DATA 	Keypress: 1
44.9194 	EXP 	New trial (rep=0, index=12): OrderedDict([('middleStim', 'img/renders/face634_-45.png'), ('leftStim', 'img/renders/face634_-45.png'), ('rightStim', 'img/renders/face634_-45.png'), ('stimNum', 6), ('congruent', 1), ('target', 'left'), ('locationC', [0, 0]), ('locationR', [0.13, 0]), ('locationL', [-0.13, 0])])
44.9650 	EXP 	prac_fixImg: autoDraw = False
44.9650 	EXP 	prac_centerImg: autoDraw = False
44.9650 	EXP 	prac_rightImg1: autoDraw = False
44.9650 	EXP 	prac_leftImg1: autoDraw = False
44.9650 	EXP 	prac_fixImg: autoDraw = False
44.9650 	EXP 	prac_centerImg: pos = array([0., 0.])
44.9650 	EXP 	prac_centerImg: image = 'img/renders/face634_-45.png'
44.9650 	EXP 	prac_rightImg1: pos = array([0.13, 0.  ])
44.9650 	EXP 	prac_rightImg1: image = 'img/renders/face634_-45.png'
44.9650 	EXP 	prac_leftImg1: pos = array([-0.13,  0.  ])
44.9650 	EXP 	prac_leftImg1: image = 'img/renders/face634_-45.png'
44.9650 	EXP 	prac_fixImg: image = 'img/fixationCross.png'
44.9650 	EXP 	prac_centerImg: autoDraw = True
44.9650 	EXP 	prac_rightImg1: autoDraw = True
44.9650 	EXP 	prac_leftImg1: autoDraw = True
44.9650 	EXP 	prac_fixImg: autoDraw = True
45.1670 	EXP 	prac_centerImg: autoDraw = False
45.1670 	EXP 	prac_rightImg1: autoDraw = False
45.1670 	EXP 	prac_leftImg1: autoDraw = False
45.5339 	DATA 	Keypress: 1
46.8526 	EXP 	New trial (rep=0, index=13): OrderedDict([('middleStim', 'img/renders/face781_-45.png'), ('leftStim', 'img/renders/face781_45.png'), ('rightStim', 'img/renders/face781_45.png'), ('stimNum', 8), ('congruent', 0), ('target', 'left'), ('locationC', [-0.058, 0]), ('locationR', [0.14, 0]), ('locationL', [-0.14, 0])])
46.9029 	EXP 	prac_fixImg: autoDraw = False
46.9029 	EXP 	prac_centerImg: autoDraw = False
46.9029 	EXP 	prac_rightImg1: autoDraw = False
46.9029 	EXP 	prac_leftImg1: autoDraw = False
46.9029 	EXP 	prac_fixImg: autoDraw = False
46.9029 	EXP 	prac_centerImg: pos = array([-0.058,  0.   ])
46.9029 	EXP 	prac_centerImg: image = 'img/renders/face781_-45.png'
46.9029 	EXP 	prac_rightImg1: pos = array([0.14, 0.  ])
46.9029 	EXP 	prac_rightImg1: image = 'img/renders/face781_45.png'
46.9029 	EXP 	prac_leftImg1: pos = array([-0.14,  0.  ])
46.9029 	EXP 	prac_leftImg1: image = 'img/renders/face781_45.png'
46.9029 	EXP 	prac_fixImg: image = 'img/fixationCross.png'
46.9029 	EXP 	prac_centerImg: autoDraw = True
46.9029 	EXP 	prac_rightImg1: autoDraw = True
46.9029 	EXP 	prac_leftImg1: autoDraw = True
46.9029 	EXP 	prac_fixImg: autoDraw = True
47.1161 	EXP 	prac_centerImg: autoDraw = False
47.1161 	EXP 	prac_rightImg1: autoDraw = False
47.1161 	EXP 	prac_leftImg1: autoDraw = False
47.3492 	DATA 	Keypress: 1
48.5192 	EXP 	New trial (rep=0, index=14): OrderedDict([('middleStim', 'img/renders/face418_45.png'), ('leftStim', 'img/renders/face418_-45.png'), ('rightStim', 'img/renders/face418_-45.png'), ('stimNum', 7), ('congruent', 0), ('target', 'right'), ('locationC', [0.058, 0]), ('locationR', [0.14, 0]), ('locationL', [-0.14, 0])])
48.5653 	EXP 	prac_fixImg: autoDraw = False
48.5653 	EXP 	prac_centerImg: autoDraw = False
48.5653 	EXP 	prac_rightImg1: autoDraw = False
48.5653 	EXP 	prac_leftImg1: autoDraw = False
48.5653 	EXP 	prac_fixImg: autoDraw = False
48.5653 	EXP 	prac_centerImg: pos = array([0.058, 0.   ])
48.5653 	EXP 	prac_centerImg: image = 'img/renders/face418_45.png'
48.5653 	EXP 	prac_rightImg1: pos = array([0.14, 0.  ])
48.5653 	EXP 	prac_rightImg1: image = 'img/renders/face418_-45.png'
48.5653 	EXP 	prac_leftImg1: pos = array([-0.14,  0.  ])
48.5653 	EXP 	prac_leftImg1: image = 'img/renders/face418_-45.png'
48.5653 	EXP 	prac_fixImg: image = 'img/fixationCross.png'
48.5653 	EXP 	prac_centerImg: autoDraw = True
48.5653 	EXP 	prac_rightImg1: autoDraw = True
48.5653 	EXP 	prac_leftImg1: autoDraw = True
48.5653 	EXP 	prac_fixImg: autoDraw = True
48.7659 	EXP 	prac_centerImg: autoDraw = False
48.7659 	EXP 	prac_rightImg1: autoDraw = False
48.7659 	EXP 	prac_leftImg1: autoDraw = False
49.1655 	DATA 	Keypress: 8
50.0836 	EXP 	New trial (rep=0, index=15): OrderedDict([('middleStim', 'img/renders/face704_45.png'), ('leftStim', 'img/renders/face704_45.png'), ('rightStim', 'img/renders/face704_45.png'), ('stimNum', 5), ('congruent', 1), ('target', 'right'), ('locationC', [0, 0]), ('locationR', [0.13, 0]), ('locationL', [-0.13, 0])])
50.1242 	EXP 	prac_fixImg: autoDraw = False
50.1242 	EXP 	prac_centerImg: autoDraw = False
50.1242 	EXP 	prac_rightImg1: autoDraw = False
50.1242 	EXP 	prac_leftImg1: autoDraw = False
50.1242 	EXP 	prac_fixImg: autoDraw = False
50.1242 	EXP 	prac_centerImg: pos = array([0., 0.])
50.1242 	EXP 	prac_centerImg: image = 'img/renders/face704_45.png'
50.1242 	EXP 	prac_rightImg1: pos = array([0.13, 0.  ])
50.1242 	EXP 	prac_rightImg1: image = 'img/renders/face704_45.png'
50.1242 	EXP 	prac_leftImg1: pos = array([-0.13,  0.  ])
50.1242 	EXP 	prac_leftImg1: image = 'img/renders/face704_45.png'
50.1242 	EXP 	prac_fixImg: image = 'img/fixationCross.png'
50.1242 	EXP 	prac_centerImg: autoDraw = True
50.1242 	EXP 	prac_rightImg1: autoDraw = True
50.1242 	EXP 	prac_leftImg1: autoDraw = True
50.1242 	EXP 	prac_fixImg: autoDraw = True
50.3298 	EXP 	prac_centerImg: autoDraw = False
50.3298 	EXP 	prac_rightImg1: autoDraw = False
50.3298 	EXP 	prac_leftImg1: autoDraw = False
50.5507 	DATA 	Keypress: 8
51.9011 	EXP 	New trial (rep=0, index=16): OrderedDict([('middleStim', 'img/renders/face994_45.png'), ('leftStim', 'img/renders/face994_45.png'), ('rightStim', 'img/renders/face994_45.png'), ('stimNum', 5), ('congruent', 1), ('target', 'right'), ('locationC', [0, 0]), ('locationR', [0.13, 0]), ('locationL', [-0.13, 0])])
51.9403 	EXP 	prac_fixImg: autoDraw = False
51.9403 	EXP 	prac_centerImg: autoDraw = False
51.9403 	EXP 	prac_rightImg1: autoDraw = False
51.9403 	EXP 	prac_leftImg1: autoDraw = False
51.9403 	EXP 	prac_fixImg: autoDraw = False
51.9403 	EXP 	prac_centerImg: pos = array([0., 0.])
51.9403 	EXP 	prac_centerImg: image = 'img/renders/face994_45.png'
51.9403 	EXP 	prac_rightImg1: pos = array([0.13, 0.  ])
51.9403 	EXP 	prac_rightImg1: image = 'img/renders/face994_45.png'
51.9403 	EXP 	prac_leftImg1: pos = array([-0.13,  0.  ])
51.9403 	EXP 	prac_leftImg1: image = 'img/renders/face994_45.png'
51.9403 	EXP 	prac_fixImg: image = 'img/fixationCross.png'
51.9403 	EXP 	prac_centerImg: autoDraw = True
51.9403 	EXP 	prac_rightImg1: autoDraw = True
51.9403 	EXP 	prac_leftImg1: autoDraw = True
51.9403 	EXP 	prac_fixImg: autoDraw = True
52.1484 	EXP 	prac_centerImg: autoDraw = False
52.1484 	EXP 	prac_rightImg1: autoDraw = False
52.1484 	EXP 	prac_leftImg1: autoDraw = False
52.2982 	DATA 	Keypress: 8
53.4479 	EXP 	New trial (rep=0, index=17): OrderedDict([('middleStim', 'img/renders/face013_-45.png'), ('leftStim', 'img/renders/face013_-45.png'), ('rightStim', 'img/renders/face013_-45.png'), ('stimNum', 6), ('congruent', 1), ('target', 'left'), ('locationC', [0, 0]), ('locationR', [0.13, 0]), ('locationL', [-0.13, 0])])
53.4862 	EXP 	prac_fixImg: autoDraw = False
53.4862 	EXP 	prac_centerImg: autoDraw = False
53.4862 	EXP 	prac_rightImg1: autoDraw = False
53.4862 	EXP 	prac_leftImg1: autoDraw = False
53.4862 	EXP 	prac_fixImg: autoDraw = False
53.4862 	EXP 	prac_centerImg: pos = array([0., 0.])
53.4862 	EXP 	prac_centerImg: image = 'img/renders/face013_-45.png'
53.4862 	EXP 	prac_rightImg1: pos = array([0.13, 0.  ])
53.4862 	EXP 	prac_rightImg1: image = 'img/renders/face013_-45.png'
53.4862 	EXP 	prac_leftImg1: pos = array([-0.13,  0.  ])
53.4862 	EXP 	prac_leftImg1: image = 'img/renders/face013_-45.png'
53.4862 	EXP 	prac_fixImg: image = 'img/fixationCross.png'
53.4862 	EXP 	prac_centerImg: autoDraw = True
53.4862 	EXP 	prac_rightImg1: autoDraw = True
53.4862 	EXP 	prac_leftImg1: autoDraw = True
53.4862 	EXP 	prac_fixImg: autoDraw = True
53.6987 	EXP 	prac_centerImg: autoDraw = False
53.6987 	EXP 	prac_rightImg1: autoDraw = False
53.6987 	EXP 	prac_leftImg1: autoDraw = False
53.9814 	DATA 	Keypress: 1
55.2835 	EXP 	New trial (rep=0, index=18): OrderedDict([('middleStim', 'img/renders/face395_-45.png'), ('leftStim', 'img/renders/face395_-45.png'), ('rightStim', 'img/renders/face395_-45.png'), ('stimNum', 6), ('congruent', 1), ('target', 'left'), ('locationC', [0, 0]), ('locationR', [0.13, 0]), ('locationL', [-0.13, 0])])
55.3286 	EXP 	prac_fixImg: autoDraw = False
55.3286 	EXP 	prac_centerImg: autoDraw = False
55.3286 	EXP 	prac_rightImg1: autoDraw = False
55.3286 	EXP 	prac_leftImg1: autoDraw = False
55.3286 	EXP 	prac_fixImg: autoDraw = False
55.3286 	EXP 	prac_centerImg: pos = array([0., 0.])
55.3286 	EXP 	prac_centerImg: image = 'img/renders/face395_-45.png'
55.3286 	EXP 	prac_rightImg1: pos = array([0.13, 0.  ])
55.3286 	EXP 	prac_rightImg1: image = 'img/renders/face395_-45.png'
55.3286 	EXP 	prac_leftImg1: pos = array([-0.13,  0.  ])
55.3286 	EXP 	prac_leftImg1: image = 'img/renders/face395_-45.png'
55.3286 	EXP 	prac_fixImg: image = 'img/fixationCross.png'
55.3286 	EXP 	prac_centerImg: autoDraw = True
55.3286 	EXP 	prac_rightImg1: autoDraw = True
55.3286 	EXP 	prac_leftImg1: autoDraw = True
55.3286 	EXP 	prac_fixImg: autoDraw = True
55.5308 	EXP 	prac_centerImg: autoDraw = False
55.5308 	EXP 	prac_rightImg1: autoDraw = False
55.5308 	EXP 	prac_leftImg1: autoDraw = False
55.8974 	DATA 	Keypress: 1
57.0319 	EXP 	New trial (rep=0, index=19): OrderedDict([('middleStim', 'img/renders/face800_-45.png'), ('leftStim', 'img/renders/face800_45.png'), ('rightStim', 'img/renders/face800_45.png'), ('stimNum', 8), ('congruent', 0), ('target', 'left'), ('locationC', [-0.058, 0]), ('locationR', [0.14, 0]), ('locationL', [-0.14, 0])])
57.0731 	EXP 	prac_fixImg: autoDraw = False
57.0731 	EXP 	prac_centerImg: autoDraw = False
57.0731 	EXP 	prac_rightImg1: autoDraw = False
57.0731 	EXP 	prac_leftImg1: autoDraw = False
57.0731 	EXP 	prac_fixImg: autoDraw = False
57.0731 	EXP 	prac_centerImg: pos = array([-0.058,  0.   ])
57.0731 	EXP 	prac_centerImg: image = 'img/renders/face800_-45.png'
57.0731 	EXP 	prac_rightImg1: pos = array([0.14, 0.  ])
57.0731 	EXP 	prac_rightImg1: image = 'img/renders/face800_45.png'
57.0731 	EXP 	prac_leftImg1: pos = array([-0.14,  0.  ])
57.0731 	EXP 	prac_leftImg1: image = 'img/renders/face800_45.png'
57.0731 	EXP 	prac_fixImg: image = 'img/fixationCross.png'
57.0731 	EXP 	prac_centerImg: autoDraw = True
57.0731 	EXP 	prac_rightImg1: autoDraw = True
57.0731 	EXP 	prac_leftImg1: autoDraw = True
57.0731 	EXP 	prac_fixImg: autoDraw = True
57.2806 	EXP 	prac_centerImg: autoDraw = False
57.2806 	EXP 	prac_rightImg1: autoDraw = False
57.2806 	EXP 	prac_leftImg1: autoDraw = False
57.4664 	DATA 	Keypress: 1
59.0025 	EXP 	prac_fixImg: autoDraw = False
59.0025 	EXP 	prac_centerImg: autoDraw = False
59.0025 	EXP 	prac_rightImg1: autoDraw = False
59.0025 	EXP 	prac_leftImg1: autoDraw = False
59.0025 	EXP 	prac_fixImg: autoDraw = False
59.0025 	EXP 	prac_blockFeed_text: text = 'You have completed the practice'
59.0025 	EXP 	prac_blockFeed_text: autoDraw = True
59.0025 	EXP 	prac_pressContinue: autoDraw = True
60.0071 	DATA 	Keypress: 8
60.0109 	EXP 	prac_blockFeed_text: autoDraw = False
60.0109 	EXP 	prac_pressContinue: autoDraw = False
60.0109 	EXP 	cb_text1: autoDraw = True
61.8201 	DEBUG 	Read excel file with openpyxl: alt_arrow_blockSelect.xlsx
61.8204 	EXP 	Imported alt_arrow_blockSelect.xlsx as conditions, 6 conditions, 1 params
61.8209 	EXP 	Created sequence: random, trialTypes=6, nReps=1, seed=None
61.8211 	EXP 	New trial (rep=0, index=0): {'whichBlock': 'alt_trialTable_4.csv'}
61.8344 	DATA 	Keypress: 8
61.8383 	EXP 	cb_text1: autoDraw = False
61.8383 	EXP 	firstT_text1: text = 'Block 1 of 6'
61.8383 	EXP 	firstT_text1: autoDraw = True
61.8383 	EXP 	firstT_text2: autoDraw = True
62.4559 	DATA 	Keypress: 8
62.4606 	EXP 	firstT_text1: autoDraw = False
62.4606 	EXP 	firstT_text2: autoDraw = False
62.4606 	EXP 	initFixation_img: image = 'img/fixationCross.png'
62.4606 	EXP 	initFixation_img: autoDraw = True
64.4544 	DEBUG 	Read csv file with pandas: alt_trialTable_4.csv
64.4571 	DEBUG 	Clearing unnamed columns from alt_trialTable_4.csv
64.4639 	EXP 	Imported alt_trialTable_4.csv as conditions, 32 conditions, 10 params
64.4646 	EXP 	Created sequence: random, trialTypes=32, nReps=1, seed=None
64.4651 	EXP 	New trial (rep=0, index=0): OrderedDict([('middleStim', 'img/rightArrow.png'), ('leftStim', 'img/leftArrow.png'), ('rightStim', 'img/leftArrow.png'), ('stimNum', 7), ('congruent', 0), ('target', 'right'), ('locationC', [0, 0]), ('locationR', [0.03, 0]), ('locationL', [-0.03, 0]), ('straightFace', 'img/renders/face088_0.png')])
65.7609 	EXP 	initFixation_img: autoDraw = False
65.7609 	EXP 	bigFace_2: image = 'img/renders/face088_0.png'
65.7609 	EXP 	task_centerImg_3: pos = array([0., 0.])
65.7609 	EXP 	task_centerImg_3: image = 'img/rightArrow.png'
65.7609 	EXP 	task_rightImg1_3: pos = array([0.03, 0.  ])
65.7609 	EXP 	task_rightImg1_3: image = 'img/leftArrow.png'
65.7609 	EXP 	task_leftImg1_3: pos = array([-0.03,  0.  ])
65.7609 	EXP 	task_leftImg1_3: image = 'img/leftArrow.png'
65.7609 	EXP 	task_fixImg_3: image = 'img/fixationCross.png'
65.7609 	EXP 	bigFace_2: autoDraw = True
65.7609 	EXP 	cover_background: autoDraw = True
65.7609 	EXP 	task_centerImg_3: autoDraw = True
65.7609 	EXP 	task_rightImg1_3: autoDraw = True
65.7609 	EXP 	task_leftImg1_3: autoDraw = True
65.7609 	EXP 	task_fixImg_3: autoDraw = True
65.9614 	EXP 	cover_background: autoDraw = False
65.9614 	EXP 	task_centerImg_3: autoDraw = False
65.9614 	EXP 	task_rightImg1_3: autoDraw = False
65.9614 	EXP 	task_leftImg1_3: autoDraw = False
67.7438 	EXP 	New trial (rep=0, index=1): OrderedDict([('middleStim', 'img/leftArrow.png'), ('leftStim', 'img/rightArrow.png'), ('rightStim', 'img/rightArrow.png'), ('stimNum', 8), ('congruent', 0), ('target', 'left'), ('locationC', [0, 0]), ('locationR', [0.03, 0]), ('locationL', [-0.03, 0]), ('straightFace', 'img/renders/face242_0.png')])
67.8032 	EXP 	bigFace_2: autoDraw = False
67.8032 	EXP 	task_fixImg_3: autoDraw = False
67.8032 	EXP 	bigFace_2: autoDraw = False
67.8032 	EXP 	cover_background: autoDraw = False
67.8032 	EXP 	task_centerImg_3: autoDraw = False
67.8032 	EXP 	task_rightImg1_3: autoDraw = False
67.8032 	EXP 	task_leftImg1_3: autoDraw = False
67.8032 	EXP 	task_fixImg_3: autoDraw = False
67.8032 	EXP 	bigFace_2: image = 'img/renders/face242_0.png'
67.8032 	EXP 	task_centerImg_3: pos = array([0., 0.])
67.8032 	EXP 	task_centerImg_3: image = 'img/leftArrow.png'
67.8032 	EXP 	task_rightImg1_3: pos = array([0.03, 0.  ])
67.8032 	EXP 	task_rightImg1_3: image = 'img/rightArrow.png'
67.8032 	EXP 	task_leftImg1_3: pos = array([-0.03,  0.  ])
67.8032 	EXP 	task_leftImg1_3: image = 'img/rightArrow.png'
67.8032 	EXP 	task_fixImg_3: image = 'img/fixationCross.png'
67.8032 	EXP 	bigFace_2: autoDraw = True
67.8032 	EXP 	cover_background: autoDraw = True
67.8032 	EXP 	task_centerImg_3: autoDraw = True
67.8032 	EXP 	task_rightImg1_3: autoDraw = True
67.8032 	EXP 	task_leftImg1_3: autoDraw = True
67.8032 	EXP 	task_fixImg_3: autoDraw = True
68.0109 	EXP 	cover_background: autoDraw = False
68.0109 	EXP 	task_centerImg_3: autoDraw = False
68.0109 	EXP 	task_rightImg1_3: autoDraw = False
68.0109 	EXP 	task_leftImg1_3: autoDraw = False
69.3973 	EXP 	New trial (rep=0, index=2): OrderedDict([('middleStim', 'img/leftArrow.png'), ('leftStim', 'img/rightArrow.png'), ('rightStim', 'img/rightArrow.png'), ('stimNum', 8), ('congruent', 0), ('target', 'left'), ('locationC', [0, 0]), ('locationR', [0.03, 0]), ('locationL', [-0.03, 0]), ('straightFace', 'img/renders/face394_0.png')])
69.4653 	EXP 	bigFace_2: autoDraw = False
69.4653 	EXP 	task_fixImg_3: autoDraw = False
69.4653 	EXP 	bigFace_2: autoDraw = False
69.4653 	EXP 	cover_background: autoDraw = False
69.4653 	EXP 	task_centerImg_3: autoDraw = False
69.4653 	EXP 	task_rightImg1_3: autoDraw = False
69.4653 	EXP 	task_leftImg1_3: autoDraw = False
69.4653 	EXP 	task_fixImg_3: autoDraw = False
69.4653 	EXP 	bigFace_2: image = 'img/renders/face394_0.png'
69.4653 	EXP 	task_centerImg_3: pos = array([0., 0.])
69.4653 	EXP 	task_centerImg_3: image = 'img/leftArrow.png'
69.4653 	EXP 	task_rightImg1_3: pos = array([0.03, 0.  ])
69.4653 	EXP 	task_rightImg1_3: image = 'img/rightArrow.png'
69.4653 	EXP 	task_leftImg1_3: pos = array([-0.03,  0.  ])
69.4653 	EXP 	task_leftImg1_3: image = 'img/rightArrow.png'
69.4653 	EXP 	task_fixImg_3: image = 'img/fixationCross.png'
69.4653 	EXP 	bigFace_2: autoDraw = True
69.4653 	EXP 	cover_background: autoDraw = True
69.4653 	EXP 	task_centerImg_3: autoDraw = True
69.4653 	EXP 	task_rightImg1_3: autoDraw = True
69.4653 	EXP 	task_leftImg1_3: autoDraw = True
69.4653 	EXP 	task_fixImg_3: autoDraw = True
69.6774 	EXP 	cover_background: autoDraw = False
69.6774 	EXP 	task_centerImg_3: autoDraw = False
69.6774 	EXP 	task_rightImg1_3: autoDraw = False
69.6774 	EXP 	task_leftImg1_3: autoDraw = False
71.0284 	EXP 	New trial (rep=0, index=3): OrderedDict([('middleStim', 'img/rightArrow.png'), ('leftStim', 'img/rightArrow.png'), ('rightStim', 'img/rightArrow.png'), ('stimNum', 5), ('congruent', 1), ('target', 'right'), ('locationC', [0, 0]), ('locationR', [0.03, 0]), ('locationL', [-0.03, 0]), ('straightFace', 'img/renders/face565_0.png')])
71.0953 	EXP 	bigFace_2: autoDraw = False
71.0953 	EXP 	task_fixImg_3: autoDraw = False
71.0953 	EXP 	bigFace_2: autoDraw = False
71.0953 	EXP 	cover_background: autoDraw = False
71.0953 	EXP 	task_centerImg_3: autoDraw = False
71.0953 	EXP 	task_rightImg1_3: autoDraw = False
71.0953 	EXP 	task_leftImg1_3: autoDraw = False
71.0953 	EXP 	task_fixImg_3: autoDraw = False
71.0953 	EXP 	bigFace_2: image = 'img/renders/face565_0.png'
71.0953 	EXP 	task_centerImg_3: pos = array([0., 0.])
71.0953 	EXP 	task_centerImg_3: image = 'img/rightArrow.png'
71.0953 	EXP 	task_rightImg1_3: pos = array([0.03, 0.  ])
71.0953 	EXP 	task_rightImg1_3: image = 'img/rightArrow.png'
71.0953 	EXP 	task_leftImg1_3: pos = array([-0.03,  0.  ])
71.0953 	EXP 	task_leftImg1_3: image = 'img/rightArrow.png'
71.0953 	EXP 	task_fixImg_3: image = 'img/fixationCross.png'
71.0953 	EXP 	bigFace_2: autoDraw = True
71.0953 	EXP 	cover_background: autoDraw = True
71.0953 	EXP 	task_centerImg_3: autoDraw = True
71.0953 	EXP 	task_rightImg1_3: autoDraw = True
71.0953 	EXP 	task_leftImg1_3: autoDraw = True
71.0953 	EXP 	task_fixImg_3: autoDraw = True
71.3081 	EXP 	cover_background: autoDraw = False
71.3081 	EXP 	task_centerImg_3: autoDraw = False
71.3081 	EXP 	task_rightImg1_3: autoDraw = False
71.3081 	EXP 	task_leftImg1_3: autoDraw = False
72.3596 	DATA 	Keypress: escape
73.1043 	EXP 	window1: mouseVisible = True
73.1044 	DEBUG 	Saving data for flanker-basic_v2 ExperimentHandler
73.1099 	INFO 	saved data to /Users/khoss005/Library/CloudStorage/OneDrive-FloridaInternationalUniversity/Projects/Psychopy/mfeFlanker/data/12_flanker-basic_v2_2022_May_10_1552.psydat
73.1148 	INFO 	saved data to '/Users/khoss005/Library/CloudStorage/OneDrive-FloridaInternationalUniversity/Projects/Psychopy/mfeFlanker/data/12_flanker-basic_v2_2022_May_10_1552.csv'
