1.2215 	WARNING 	We strongly recommend you activate the PTB sound engine in PsychoPy prefs as the preferred audio engine. Its timing is vastly superior. Your prefs are currently set to use ['sounddevice', 'PTB', 'pyo', 'pygame'] (in that order).
19.5422 	INFO 	Loaded monitor calibration from ['2022_01_06 13:13']
19.5436 	ERROR 	'0.5000, 0.5000, 0.5000' is not a valid rgb color
19.5578 	WARNING 	User requested fullscreen with size [1440  900], but screen is actually [1920, 1080]. Using actual size
20.3471 	EXP 	Created window1 = Window(allowGUI=False, allowStencil=False, autoLog=True, backendConf=UNKNOWN, bitsMode=UNKNOWN, blendMode='avg', bpc=(8, 8, 8), color=array([0, 0, 0]), colorSpace='rgb', depthBits=8, fullscr=<method-wrapper '__getattribute__' of attributeSetter object at 0x7fda569e8ac8>, gamma=None, gammaErrorPolicy='raise', lms=UNKNOWN, monitor=<psychopy.monitors.calibTools.Monitor object at 0x7fda745b3a90>, multiSample=False, name='window1', numSamples=2, pos=[0.0, 0.0], screen=0, size=array([1920, 1080]), stencilBits=0, stereo=False, units='height', useFBO=True, useRetina=False, viewOri=0.0, viewPos=None, viewScale=None, waitBlanking=True, winType='pyglet')
20.3473 	EXP 	window1: mouseVisible = True
20.3474 	EXP 	window1: recordFrameIntervals = False
20.5154 	EXP 	window1: recordFrameIntervals = True
20.6982 	DEBUG 	Screen (0) actual frame rate measured at 60.45
20.6983 	EXP 	window1: recordFrameIntervals = False
22.3765 	INFO 	keyboard.Keyboard is using ptb backend.
22.4619 	EXP 	Created welcome_text = TextStim(__class__=<class 'psychopy.visual.text.TextStim'>, alignHoriz=method-wrapper(...), alignText='center', alignVert=method-wrapper(...), anchorHoriz='center', anchorVert='center', antialias=True, autoLog=True, bold=False, color=array([1., 1., 1.]), colorSpace='rgb', contrast=1.0, depth=0.0, flipHoriz=False, flipVert=False, font='Arial', fontFiles=[], height=0.04, italic=False, languageStyle='LTR', name='welcome_text', opacity=1, ori=0, pos=array([0., 0.]), rgb=UNKNOWN, text=str(...), units='height', win=Window(...), wrapWidth=1.3)
22.7106 	INFO 	keyboard.Keyboard is using ptb backend.
22.7202 	EXP 	Created instructRight_text = TextStim(__class__=<class 'psychopy.visual.text.TextStim'>, alignHoriz=method-wrapper(...), alignText='center', alignVert=method-wrapper(...), anchorHoriz='center', anchorVert='center', antialias=True, autoLog=True, bold=False, color=array([1., 1., 1.]), colorSpace='rgb', contrast=1.0, depth=0.0, flipHoriz=False, flipVert=False, font='Arial', fontFiles=[], height=0.04, italic=False, languageStyle='LTR', name='instructRight_text', opacity=1, ori=0, pos=array([0., 0.]), rgb=UNKNOWN, text=str(...), units='height', win=Window(...), wrapWidth=1.3)
22.7681 	EXP 	Created instructRight_centerImg = ImageStim(__class__=<class 'psychopy.visual.image.ImageStim'>, autoLog=True, color=array([1., 1., 1.]), colorSpace='rgb', contrast=1.0, depth=-1.0, flipHoriz=False, flipVert=False, image='img/renders/face000_45.png', interpolate=True, mask=None, maskParams=None, name='instructRight_centerImg', opacity=1, ori=0.0, pos=array([ 0. , -0.3]), size=array([0.18, 0.18]), texRes=512, units='height', win=Window(...))
22.7857 	EXP 	Created instructRight_rightImg1 = ImageStim(__class__=<class 'psychopy.visual.image.ImageStim'>, autoLog=True, color=array([1., 1., 1.]), colorSpace='rgb', contrast=1.0, depth=-2.0, flipHoriz=False, flipVert=False, image='img/renders/face000_45.png', interpolate=True, mask=None, maskParams=None, name='instructRight_rightImg1', opacity=1, ori=0.0, pos=array([ 0.13, -0.3 ]), size=array([0.18, 0.18]), texRes=512, units='height', win=Window(...))
22.8034 	EXP 	Created instructRight_leftImg1 = ImageStim(__class__=<class 'psychopy.visual.image.ImageStim'>, autoLog=True, color=array([1., 1., 1.]), colorSpace='rgb', contrast=1.0, depth=-3.0, flipHoriz=False, flipVert=False, image='img/renders/face000_45.png', interpolate=True, mask=None, maskParams=None, name='instructRight_leftImg1', opacity=1, ori=0.0, pos=array([-0.13, -0.3 ]), size=array([0.18, 0.18]), texRes=512, units='height', win=Window(...))
23.0476 	INFO 	keyboard.Keyboard is using ptb backend.
23.0551 	EXP 	Created instructLeft_text = TextStim(__class__=<class 'psychopy.visual.text.TextStim'>, alignHoriz=method-wrapper(...), alignText='center', alignVert=method-wrapper(...), anchorHoriz='center', anchorVert='center', antialias=True, autoLog=True, bold=False, color=array([1., 1., 1.]), colorSpace='rgb', contrast=1.0, depth=0.0, flipHoriz=False, flipVert=False, font='Arial', fontFiles=[], height=0.04, italic=False, languageStyle='LTR', name='instructLeft_text', opacity=1, ori=0, pos=array([0., 0.]), rgb=UNKNOWN, text=str(...), units='height', win=Window(...), wrapWidth=1.3)
23.0764 	EXP 	Created instructLeft_centerImg = ImageStim(__class__=<class 'psychopy.visual.image.ImageStim'>, autoLog=True, color=array([1., 1., 1.]), colorSpace='rgb', contrast=1.0, depth=-1.0, flipHoriz=False, flipVert=False, image='img/renders/face000_-45.png', interpolate=True, mask=None, maskParams=None, name='instructLeft_centerImg', opacity=1, ori=0.0, pos=array([ 0. , -0.3]), size=array([0.18, 0.18]), texRes=512, units='height', win=Window(...))
23.0946 	EXP 	Created instructLeft_rightImg1 = ImageStim(__class__=<class 'psychopy.visual.image.ImageStim'>, autoLog=True, color=array([1., 1., 1.]), colorSpace='rgb', contrast=1.0, depth=-2.0, flipHoriz=False, flipVert=False, image='img/renders/face000_-45.png', interpolate=True, mask=None, maskParams=None, name='instructLeft_rightImg1', opacity=1, ori=0.0, pos=array([ 0.13, -0.3 ]), size=array([0.18, 0.18]), texRes=512, units='height', win=Window(...))
23.1129 	EXP 	Created instructLeft_leftImg1 = ImageStim(__class__=<class 'psychopy.visual.image.ImageStim'>, autoLog=True, color=array([1., 1., 1.]), colorSpace='rgb', contrast=1.0, depth=-3.0, flipHoriz=False, flipVert=False, image='img/renders/face000_-45.png', interpolate=True, mask=None, maskParams=None, name='instructLeft_leftImg1', opacity=1, ori=0.0, pos=array([-0.13, -0.3 ]), size=array([0.18, 0.18]), texRes=512, units='height', win=Window(...))
23.3762 	INFO 	keyboard.Keyboard is using ptb backend.
23.3943 	EXP 	Created instructInconRight_text = TextStim(__class__=<class 'psychopy.visual.text.TextStim'>, alignHoriz=method-wrapper(...), alignText='center', alignVert=method-wrapper(...), anchorHoriz='center', anchorVert='center', antialias=True, autoLog=True, bold=False, color=array([1., 1., 1.]), colorSpace='rgb', contrast=1.0, depth=0.0, flipHoriz=False, flipVert=False, font='Arial', fontFiles=[], height=0.04, italic=False, languageStyle='LTR', name='instructInconRight_text', opacity=1, ori=0, pos=array([0., 0.]), rgb=UNKNOWN, text=str(...), units='height', win=Window(...), wrapWidth=1.3)
23.4218 	EXP 	Created instructIncon_centerImg = ImageStim(__class__=<class 'psychopy.visual.image.ImageStim'>, autoLog=True, color=array([1., 1., 1.]), colorSpace='rgb', contrast=1.0, depth=-1.0, flipHoriz=False, flipVert=False, image='img/renders/face000_45.png', interpolate=True, mask=None, maskParams=None, name='instructIncon_centerImg', opacity=1, ori=0.0, pos=array([ 0.058, -0.3  ]), size=array([0.18, 0.18]), texRes=512, units='height', win=Window(...))
23.4504 	EXP 	Created instructIncon_rightImg1 = ImageStim(__class__=<class 'psychopy.visual.image.ImageStim'>, autoLog=True, color=array([1., 1., 1.]), colorSpace='rgb', contrast=1.0, depth=-2.0, flipHoriz=False, flipVert=False, image='img/renders/face000_-45.png', interpolate=True, mask=None, maskParams=None, name='instructIncon_rightImg1', opacity=1, ori=0.0, pos=array([ 0.14, -0.3 ]), size=array([0.18, 0.18]), texRes=512, units='height', win=Window(...))
23.4821 	EXP 	Created instructIncon_leftImg1 = ImageStim(__class__=<class 'psychopy.visual.image.ImageStim'>, autoLog=True, color=array([1., 1., 1.]), colorSpace='rgb', contrast=1.0, depth=-3.0, flipHoriz=False, flipVert=False, image='img/renders/face000_-45.png', interpolate=True, mask=None, maskParams=None, name='instructIncon_leftImg1', opacity=1, ori=0.0, pos=array([-0.13, -0.3 ]), size=array([0.18, 0.18]), texRes=512, units='height', win=Window(...))
23.7433 	INFO 	keyboard.Keyboard is using ptb backend.
23.7509 	EXP 	Created instructInconLeft_text = TextStim(__class__=<class 'psychopy.visual.text.TextStim'>, alignHoriz=method-wrapper(...), alignText='center', alignVert=method-wrapper(...), anchorHoriz='center', anchorVert='center', antialias=True, autoLog=True, bold=False, color=array([1., 1., 1.]), colorSpace='rgb', contrast=1.0, depth=0.0, flipHoriz=False, flipVert=False, font='Arial', fontFiles=[], height=0.04, italic=False, languageStyle='LTR', name='instructInconLeft_text', opacity=1, ori=0, pos=array([0., 0.]), rgb=UNKNOWN, text=str(...), units='height', win=Window(...), wrapWidth=1.3)
23.7691 	EXP 	Created instructInconLeft_centerImg = ImageStim(__class__=<class 'psychopy.visual.image.ImageStim'>, autoLog=True, color=array([1., 1., 1.]), colorSpace='rgb', contrast=1.0, depth=-1.0, flipHoriz=False, flipVert=False, image='img/renders/face000_-45.png', interpolate=True, mask=None, maskParams=None, name='instructInconLeft_centerImg', opacity=1, ori=0.0, pos=array([-0.058, -0.3  ]), size=array([0.18, 0.18]), texRes=512, units='height', win=Window(...))
23.7873 	EXP 	Created instructInconLeft_rightImg1 = ImageStim(__class__=<class 'psychopy.visual.image.ImageStim'>, autoLog=True, color=array([1., 1., 1.]), colorSpace='rgb', contrast=1.0, depth=-2.0, flipHoriz=False, flipVert=False, image='img/renders/face000_45.png', interpolate=True, mask=None, maskParams=None, name='instructInconLeft_rightImg1', opacity=1, ori=0.0, pos=array([ 0.13, -0.3 ]), size=array([0.18, 0.18]), texRes=512, units='height', win=Window(...))
23.8051 	EXP 	Created instructInconLeft_leftImg1 = ImageStim(__class__=<class 'psychopy.visual.image.ImageStim'>, autoLog=True, color=array([1., 1., 1.]), colorSpace='rgb', contrast=1.0, depth=-3.0, flipHoriz=False, flipVert=False, image='img/renders/face000_45.png', interpolate=True, mask=None, maskParams=None, name='instructInconLeft_leftImg1', opacity=1, ori=0.0, pos=array([-0.13, -0.3 ]), size=array([0.18, 0.18]), texRes=512, units='height', win=Window(...))
24.0509 	INFO 	keyboard.Keyboard is using ptb backend.
24.0579 	EXP 	Created prac_blockText = TextStim(__class__=<class 'psychopy.visual.text.TextStim'>, alignHoriz=method-wrapper(...), alignText='center', alignVert=method-wrapper(...), anchorHoriz='center', anchorVert='center', antialias=True, autoLog=True, bold=False, color=array([1., 1., 1.]), colorSpace='rgb', contrast=1.0, depth=-1.0, flipHoriz=False, flipVert=False, font='Arial', fontFiles=[], height=0.06, italic=False, languageStyle='LTR', name='prac_blockText', opacity=1, ori=0.0, pos=array([0. , 0.3]), rgb=UNKNOWN, text='Practice', units='height', win=Window(...), wrapWidth=1.3)
24.0760 	EXP 	Created prac_reminder_text = TextStim(__class__=<class 'psychopy.visual.text.TextStim'>, alignHoriz=method-wrapper(...), alignText='center', alignVert=method-wrapper(...), anchorHoriz='center', anchorVert='center', antialias=True, autoLog=True, bold=False, color=array([1., 1., 1.]), colorSpace='rgb', contrast=1.0, depth=-2.0, flipHoriz=False, flipVert=False, font='Arial', fontFiles=[], height=0.04, italic=False, languageStyle='LTR', name='prac_reminder_text', opacity=1, ori=0, pos=array([0., 0.]), rgb=UNKNOWN, text=str(...), units='height', win=Window(...), wrapWidth=1.3)
24.3342 	INFO 	keyboard.Keyboard is using ptb backend.
24.3392 	EXP 	Created initFixation_img = ImageStim(__class__=<class 'psychopy.visual.image.ImageStim'>, autoLog=True, color=array([1., 1., 1.]), colorSpace='rgb', contrast=1.0, depth=0.0, flipHoriz=False, flipVert=False, image='sin', interpolate=True, mask=None, maskParams=None, name='initFixation_img', opacity=1, ori=0.0, pos=array([ 0.  , -0.05]), size=array([0.015, 0.015]), texRes=512, units='height', win=Window(...))
24.3436 	EXP 	Created prac_centerImg = ImageStim(__class__=<class 'psychopy.visual.image.ImageStim'>, autoLog=True, color=array([1., 1., 1.]), colorSpace='rgb', contrast=1.0, depth=-1.0, flipHoriz=False, flipVert=False, image='sin', interpolate=True, mask=None, maskParams=None, name='prac_centerImg', opacity=1, ori=0.0, pos=array([0., 0.]), size=array([0.18, 0.18]), texRes=512, units='height', win=Window(...))
24.3478 	EXP 	Created prac_rightImg1 = ImageStim(__class__=<class 'psychopy.visual.image.ImageStim'>, autoLog=True, color=array([1., 1., 1.]), colorSpace='rgb', contrast=1.0, depth=-2.0, flipHoriz=False, flipVert=False, image='sin', interpolate=True, mask=None, maskParams=None, name='prac_rightImg1', opacity=1, ori=0.0, pos=array([0., 0.]), size=array([0.18, 0.18]), texRes=512, units='height', win=Window(...))
24.3522 	EXP 	Created prac_leftImg1 = ImageStim(__class__=<class 'psychopy.visual.image.ImageStim'>, autoLog=True, color=array([1., 1., 1.]), colorSpace='rgb', contrast=1.0, depth=-3.0, flipHoriz=False, flipVert=False, image='sin', interpolate=True, mask=None, maskParams=None, name='prac_leftImg1', opacity=1, ori=0.0, pos=array([0., 0.]), size=array([0.18, 0.18]), texRes=512, units='height', win=Window(...))
24.3563 	EXP 	Created prac_fixImg = ImageStim(__class__=<class 'psychopy.visual.image.ImageStim'>, autoLog=True, color=array([1., 1., 1.]), colorSpace='rgb', contrast=1.0, depth=-4.0, flipHoriz=False, flipVert=False, image='sin', interpolate=True, mask=None, maskParams=None, name='prac_fixImg', opacity=1, ori=0.0, pos=array([ 0.  , -0.05]), size=array([0.015, 0.015]), texRes=512, units='height', win=Window(...))
24.6164 	INFO 	keyboard.Keyboard is using ptb backend.
24.6180 	EXP 	Created prac_blockFeed_text = TextStim(__class__=<class 'psychopy.visual.text.TextStim'>, alignHoriz=method-wrapper(...), alignText='center', alignVert=method-wrapper(...), anchorHoriz='center', anchorVert='center', antialias=True, autoLog=True, bold=False, color=array([1., 1., 1.]), colorSpace='rgb', contrast=1.0, depth=-1.0, flipHoriz=False, flipVert=False, font='Arial', fontFiles=[], height=0.04, italic=False, languageStyle='LTR', name='prac_blockFeed_text', opacity=1, ori=0, pos=array([0., 0.]), rgb=UNKNOWN, text='', units='height', win=Window(...), wrapWidth=1.3)
24.6215 	EXP 	Created prac_pressContinue = TextStim(__class__=<class 'psychopy.visual.text.TextStim'>, alignHoriz=method-wrapper(...), alignText='center', alignVert=method-wrapper(...), anchorHoriz='center', anchorVert='center', antialias=True, autoLog=True, bold=False, color=array([1., 1., 1.]), colorSpace='rgb', contrast=1.0, depth=-2.0, flipHoriz=False, flipVert=False, font='Arial', fontFiles=[], height=0.04, italic=False, languageStyle='LTR', name='prac_pressContinue', opacity=1, ori=0.0, pos=array([ 0. , -0.3]), rgb=UNKNOWN, text='Press the right key', units='height', win=Window(...), wrapWidth=1.3)
24.8932 	INFO 	keyboard.Keyboard is using ptb backend.
24.9308 	EXP 	Created cb_text1 = TextStim(__class__=<class 'psychopy.visual.text.TextStim'>, alignHoriz=method-wrapper(...), alignText='center', alignVert=method-wrapper(...), anchorHoriz='center', anchorVert='center', antialias=True, autoLog=True, bold=False, color=array([1., 1., 1.]), colorSpace='rgb', contrast=1.0, depth=0.0, flipHoriz=False, flipVert=False, font='Open Sans', fontFiles=[], height=0.04, italic=False, languageStyle='LTR', name='cb_text1', opacity=1, ori=0.0, pos=array([0., 0.]), rgb=UNKNOWN, text=str(...), units='height', win=Window(...), wrapWidth=1)
25.2077 	INFO 	keyboard.Keyboard is using ptb backend.
25.2092 	EXP 	Created firstT_text1 = TextStim(__class__=<class 'psychopy.visual.text.TextStim'>, alignHoriz=method-wrapper(...), alignText='center', alignVert=method-wrapper(...), anchorHoriz='center', anchorVert='center', antialias=True, autoLog=True, bold=False, color=array([1., 1., 1.]), colorSpace='rgb', contrast=1.0, depth=-1.0, flipHoriz=False, flipVert=False, font='Arial', fontFiles=[], height=0.06, italic=False, languageStyle='LTR', name='firstT_text1', opacity=1, ori=0.0, pos=array([0. , 0.3]), rgb=UNKNOWN, text='', units='height', win=Window(...), wrapWidth=1.3)
25.2414 	EXP 	Created firstT_text2 = TextStim(__class__=<class 'psychopy.visual.text.TextStim'>, alignHoriz=method-wrapper(...), alignText='center', alignVert=method-wrapper(...), anchorHoriz='center', anchorVert='center', antialias=True, autoLog=True, bold=False, color=array([1., 1., 1.]), colorSpace='rgb', contrast=1.0, depth=-2.0, flipHoriz=False, flipVert=False, font='Arial', fontFiles=[], height=0.04, italic=False, languageStyle='LTR', name='firstT_text2', opacity=1, ori=0, pos=array([0., 0.]), rgb=UNKNOWN, text=str(...), units='height', win=Window(...), wrapWidth=1.3)
25.5346 	INFO 	keyboard.Keyboard is using ptb backend.
25.5397 	EXP 	Created initFixation_img = ImageStim(__class__=<class 'psychopy.visual.image.ImageStim'>, autoLog=True, color=array([1., 1., 1.]), colorSpace='rgb', contrast=1.0, depth=0.0, flipHoriz=False, flipVert=False, image='sin', interpolate=True, mask=None, maskParams=None, name='initFixation_img', opacity=1, ori=0.0, pos=array([ 0.  , -0.05]), size=array([0.015, 0.015]), texRes=512, units='height', win=Window(...))
25.5456 	EXP 	Created bigFace_2 = ImageStim(__class__=<class 'psychopy.visual.image.ImageStim'>, autoLog=True, color=array([1., 1., 1.]), colorSpace='rgb', contrast=1.0, depth=-1.0, flipHoriz=False, flipVert=False, image='sin', interpolate=True, mask=None, maskParams=None, name='bigFace_2', opacity=1, ori=0.0, pos=array([0., 0.]), size=array([0.5, 0.5]), texRes=128.0, units='height', win=Window(...))
25.5506 	EXP 	Created task_centerImg_3 = ImageStim(__class__=<class 'psychopy.visual.image.ImageStim'>, autoLog=True, color=array([1., 1., 1.]), colorSpace='rgb', contrast=1.0, depth=-2.0, flipHoriz=False, flipVert=False, image='sin', interpolate=True, mask=None, maskParams=None, name='task_centerImg_3', opacity=1, ori=0.0, pos=array([0., 0.]), size=array([0.18, 0.18]), texRes=512, units='height', win=Window(...))
25.5556 	EXP 	Created task_rightImg1_3 = ImageStim(__class__=<class 'psychopy.visual.image.ImageStim'>, autoLog=True, color=array([1., 1., 1.]), colorSpace='rgb', contrast=1.0, depth=-3.0, flipHoriz=False, flipVert=False, image='sin', interpolate=True, mask=None, maskParams=None, name='task_rightImg1_3', opacity=1, ori=0.0, pos=array([0., 0.]), size=array([0.18, 0.18]), texRes=512, units='height', win=Window(...))
25.5607 	EXP 	Created task_leftImg1_3 = ImageStim(__class__=<class 'psychopy.visual.image.ImageStim'>, autoLog=True, color=array([1., 1., 1.]), colorSpace='rgb', contrast=1.0, depth=-4.0, flipHoriz=False, flipVert=False, image='sin', interpolate=True, mask=None, maskParams=None, name='task_leftImg1_3', opacity=1, ori=0.0, pos=array([0., 0.]), size=array([0.18, 0.18]), texRes=512, units='height', win=Window(...))
25.5657 	EXP 	Created task_fixImg_3 = ImageStim(__class__=<class 'psychopy.visual.image.ImageStim'>, autoLog=True, color=array([1., 1., 1.]), colorSpace='rgb', contrast=1.0, depth=-5.0, flipHoriz=False, flipVert=False, image='sin', interpolate=True, mask=None, maskParams=None, name='task_fixImg_3', opacity=1, ori=0.0, pos=array([ 0.  , -0.05]), size=array([0.015, 0.015]), texRes=512, units='height', win=Window(...))
25.8490 	INFO 	keyboard.Keyboard is using ptb backend.
25.8512 	EXP 	Created fTfeed_text1_1 = TextStim(__class__=<class 'psychopy.visual.text.TextStim'>, alignHoriz=method-wrapper(...), alignText='center', alignVert=method-wrapper(...), anchorHoriz='center', anchorVert='center', antialias=True, autoLog=True, bold=False, color=array([1., 1., 1.]), colorSpace='rgb', contrast=1.0, depth=-1.0, flipHoriz=False, flipVert=False, font='Arial', fontFiles=[], height=0.12, italic=False, languageStyle='LTR', name='fTfeed_text1_1', opacity=1, ori=0, pos=array([0. , 0.1]), rgb=UNKNOWN, text='', units='height', win=Window(...), wrapWidth=1.8)
25.8527 	EXP 	Created fTFeed_text2_1 = TextStim(__class__=<class 'psychopy.visual.text.TextStim'>, alignHoriz=method-wrapper(...), alignText='center', alignVert=method-wrapper(...), anchorHoriz='center', anchorVert='center', antialias=True, autoLog=True, bold=False, color=array([1., 1., 1.]), colorSpace='rgb', contrast=1.0, depth=-2.0, flipHoriz=False, flipVert=False, font='Arial', fontFiles=[], height=0.04, italic=False, languageStyle='LTR', name='fTFeed_text2_1', opacity=1, ori=0, pos=array([ 0. , -0.3]), rgb=UNKNOWN, text='', units='height', win=Window(...), wrapWidth=1.3)
26.1510 	INFO 	keyboard.Keyboard is using ptb backend.
26.1527 	EXP 	Created firstT_text1 = TextStim(__class__=<class 'psychopy.visual.text.TextStim'>, alignHoriz=method-wrapper(...), alignText='center', alignVert=method-wrapper(...), anchorHoriz='center', anchorVert='center', antialias=True, autoLog=True, bold=False, color=array([1., 1., 1.]), colorSpace='rgb', contrast=1.0, depth=-1.0, flipHoriz=False, flipVert=False, font='Arial', fontFiles=[], height=0.06, italic=False, languageStyle='LTR', name='firstT_text1', opacity=1, ori=0.0, pos=array([0. , 0.3]), rgb=UNKNOWN, text='', units='height', win=Window(...), wrapWidth=1.3)
26.1649 	EXP 	Created firstT_text2 = TextStim(__class__=<class 'psychopy.visual.text.TextStim'>, alignHoriz=method-wrapper(...), alignText='center', alignVert=method-wrapper(...), anchorHoriz='center', anchorVert='center', antialias=True, autoLog=True, bold=False, color=array([1., 1., 1.]), colorSpace='rgb', contrast=1.0, depth=-2.0, flipHoriz=False, flipVert=False, font='Arial', fontFiles=[], height=0.04, italic=False, languageStyle='LTR', name='firstT_text2', opacity=1, ori=0, pos=array([0., 0.]), rgb=UNKNOWN, text=str(...), units='height', win=Window(...), wrapWidth=1.3)
26.4475 	INFO 	keyboard.Keyboard is using ptb backend.
26.4520 	EXP 	Created initFixation_img = ImageStim(__class__=<class 'psychopy.visual.image.ImageStim'>, autoLog=True, color=array([1., 1., 1.]), colorSpace='rgb', contrast=1.0, depth=0.0, flipHoriz=False, flipVert=False, image='sin', interpolate=True, mask=None, maskParams=None, name='initFixation_img', opacity=1, ori=0.0, pos=array([ 0.  , -0.05]), size=array([0.015, 0.015]), texRes=512, units='height', win=Window(...))
26.4571 	EXP 	Created bigFace = ImageStim(__class__=<class 'psychopy.visual.image.ImageStim'>, autoLog=True, color=array([1., 1., 1.]), colorSpace='rgb', contrast=1.0, depth=-1.0, flipHoriz=False, flipVert=False, image='sin', interpolate=True, mask=None, maskParams=None, name='bigFace', opacity=1, ori=0.0, pos=array([0., 0.]), size=array([0.5, 0.5]), texRes=128.0, units='height', win=Window(...))
26.4623 	EXP 	Created task_centerImg_2 = ImageStim(__class__=<class 'psychopy.visual.image.ImageStim'>, autoLog=True, color=array([1., 1., 1.]), colorSpace='rgb', contrast=1.0, depth=-2.0, flipHoriz=False, flipVert=False, image='sin', interpolate=True, mask=None, maskParams=None, name='task_centerImg_2', opacity=1, ori=0.0, pos=array([0., 0.]), size=array([0.18, 0.18]), texRes=512, units='height', win=Window(...))
26.4668 	EXP 	Created task_rightImg1_2 = ImageStim(__class__=<class 'psychopy.visual.image.ImageStim'>, autoLog=True, color=array([1., 1., 1.]), colorSpace='rgb', contrast=1.0, depth=-3.0, flipHoriz=False, flipVert=False, image='sin', interpolate=True, mask=None, maskParams=None, name='task_rightImg1_2', opacity=1, ori=0.0, pos=array([0., 0.]), size=array([0.18, 0.18]), texRes=512, units='height', win=Window(...))
26.4713 	EXP 	Created task_leftImg1_2 = ImageStim(__class__=<class 'psychopy.visual.image.ImageStim'>, autoLog=True, color=array([1., 1., 1.]), colorSpace='rgb', contrast=1.0, depth=-4.0, flipHoriz=False, flipVert=False, image='sin', interpolate=True, mask=None, maskParams=None, name='task_leftImg1_2', opacity=1, ori=0.0, pos=array([0., 0.]), size=array([0.18, 0.18]), texRes=512, units='height', win=Window(...))
26.4765 	EXP 	Created task_fixImg_2 = ImageStim(__class__=<class 'psychopy.visual.image.ImageStim'>, autoLog=True, color=array([1., 1., 1.]), colorSpace='rgb', contrast=1.0, depth=-5.0, flipHoriz=False, flipVert=False, image='sin', interpolate=True, mask=None, maskParams=None, name='task_fixImg_2', opacity=1, ori=0.0, pos=array([ 0.  , -0.05]), size=array([0.015, 0.015]), texRes=512, units='height', win=Window(...))
26.7547 	INFO 	keyboard.Keyboard is using ptb backend.
26.7564 	EXP 	Created sTfeed_text1 = TextStim(__class__=<class 'psychopy.visual.text.TextStim'>, alignHoriz=method-wrapper(...), alignText='center', alignVert=method-wrapper(...), anchorHoriz='center', anchorVert='center', antialias=True, autoLog=True, bold=False, color=array([1., 1., 1.]), colorSpace='rgb', contrast=1.0, depth=-1.0, flipHoriz=False, flipVert=False, font='Arial', fontFiles=[], height=0.12, italic=False, languageStyle='LTR', name='sTfeed_text1', opacity=1, ori=0, pos=array([0. , 0.1]), rgb=UNKNOWN, text='', units='height', win=Window(...), wrapWidth=1.8)
26.7578 	EXP 	Created scFeed_text2 = TextStim(__class__=<class 'psychopy.visual.text.TextStim'>, alignHoriz=method-wrapper(...), alignText='center', alignVert=method-wrapper(...), anchorHoriz='center', anchorVert='center', antialias=True, autoLog=True, bold=False, color=array([1., 1., 1.]), colorSpace='rgb', contrast=1.0, depth=-2.0, flipHoriz=False, flipVert=False, font='Arial', fontFiles=[], height=0.04, italic=False, languageStyle='LTR', name='scFeed_text2', opacity=1, ori=0, pos=array([ 0. , -0.3]), rgb=UNKNOWN, text='', units='height', win=Window(...), wrapWidth=1.3)
27.0731 	INFO 	keyboard.Keyboard is using ptb backend.
27.1052 	EXP 	Created instruct_surprise1 = TextStim(__class__=<class 'psychopy.visual.text.TextStim'>, alignHoriz=method-wrapper(...), alignText='center', alignVert=method-wrapper(...), anchorHoriz='center', anchorVert='center', antialias=True, autoLog=True, bold=False, color=array([1., 1., 1.]), colorSpace='rgb', contrast=1.0, depth=0.0, flipHoriz=False, flipVert=False, font='Open Sans', fontFiles=[], height=0.04, italic=False, languageStyle='LTR', name='instruct_surprise1', opacity=1, ori=0.0, pos=array([0., 0.]), rgb=UNKNOWN, text=str(...), units='height', win=Window(...), wrapWidth=1)
27.4528 	INFO 	keyboard.Keyboard is using ptb backend.
27.4694 	EXP 	Created cb_text1_2 = TextStim(__class__=<class 'psychopy.visual.text.TextStim'>, alignHoriz=method-wrapper(...), alignText='center', alignVert=method-wrapper(...), anchorHoriz='center', anchorVert='center', antialias=True, autoLog=True, bold=False, color=array([1., 1., 1.]), colorSpace='rgb', contrast=1.0, depth=0.0, flipHoriz=False, flipVert=False, font='Open Sans', fontFiles=[], height=0.04, italic=False, languageStyle='LTR', name='cb_text1_2', opacity=1, ori=0.0, pos=array([0., 0.]), rgb=UNKNOWN, text=str(...), units='height', win=Window(...), wrapWidth=1)
27.7688 	INFO 	keyboard.Keyboard is using ptb backend.
27.7704 	EXP 	Created instructMainTask_text = TextStim(__class__=<class 'psychopy.visual.text.TextStim'>, alignHoriz=method-wrapper(...), alignText='center', alignVert=method-wrapper(...), anchorHoriz='center', anchorVert='center', antialias=True, autoLog=True, bold=False, color=array([1., 1., 1.]), colorSpace='rgb', contrast=1.0, depth=0.0, flipHoriz=False, flipVert=False, font='Arial', fontFiles=[], height=0.04, italic=False, languageStyle='LTR', name='instructMainTask_text', opacity=1, ori=0, pos=array([0., 0.]), rgb=UNKNOWN, text='', units='height', win=Window(...), wrapWidth=1.3)
28.0538 	INFO 	keyboard.Keyboard is using ptb backend.
28.0583 	EXP 	Created stimulus = ImageStim(__class__=<class 'psychopy.visual.image.ImageStim'>, autoLog=True, color=array([1., 1., 1.]), colorSpace='rgb', contrast=1.0, depth=0.0, flipHoriz=False, flipVert=False, image='sin', interpolate=True, mask=None, maskParams=None, name='stimulus', opacity=1, ori=0.0, pos=array([0. , 0.2]), size=array([0.5, 0.5]), texRes=128.0, units='height', win=Window(...))
28.0600 	EXP 	Created instructsurpA1_right = TextStim(__class__=<class 'psychopy.visual.text.TextStim'>, alignHoriz=method-wrapper(...), alignText='center', alignVert=method-wrapper(...), anchorHoriz='center', anchorVert='center', antialias=True, autoLog=True, bold=False, color=array([1., 1., 1.]), colorSpace='rgb', contrast=1.0, depth=-1.0, flipHoriz=False, flipVert=False, font='Open Sans', fontFiles=[], height=0.025, italic=False, languageStyle='LTR', name='instructsurpA1_right', opacity=1, ori=0.0, pos=array([0., 0.]), rgb=UNKNOWN, text='', units='height', win=Window(...), wrapWidth=1)
28.0618 	EXP 	Created instructsurpA2_left = TextStim(__class__=<class 'psychopy.visual.text.TextStim'>, alignHoriz=method-wrapper(...), alignText='center', alignVert=method-wrapper(...), anchorHoriz='center', anchorVert='center', antialias=True, autoLog=True, bold=False, color=array([1., 1., 1.]), colorSpace='rgb', contrast=1.0, depth=-2.0, flipHoriz=False, flipVert=False, font='Open Sans', fontFiles=[], height=0.025, italic=False, languageStyle='LTR', name='instructsurpA2_left', opacity=1, ori=0.0, pos=array([-0.4 , -0.03]), rgb=UNKNOWN, text='', units='height', win=Window(...), wrapWidth=1)
28.3688 	INFO 	keyboard.Keyboard is using ptb backend.
28.3706 	EXP 	Created instructMainTask_text_2 = TextStim(__class__=<class 'psychopy.visual.text.TextStim'>, alignHoriz=method-wrapper(...), alignText='center', alignVert=method-wrapper(...), anchorHoriz='center', anchorVert='center', antialias=True, autoLog=True, bold=False, color=array([1., 1., 1.]), colorSpace='rgb', contrast=1.0, depth=0.0, flipHoriz=False, flipVert=False, font='Arial', fontFiles=[], height=0.04, italic=False, languageStyle='LTR', name='instructMainTask_text_2', opacity=1, ori=0, pos=array([0., 0.]), rgb=UNKNOWN, text='', units='height', win=Window(...), wrapWidth=1.3)
28.6852 	INFO 	keyboard.Keyboard is using ptb backend.
28.6890 	EXP 	Created stimulus_2 = ImageStim(__class__=<class 'psychopy.visual.image.ImageStim'>, autoLog=True, color=array([1., 1., 1.]), colorSpace='rgb', contrast=1.0, depth=0.0, flipHoriz=False, flipVert=False, image='sin', interpolate=True, mask=None, maskParams=None, name='stimulus_2', opacity=1, ori=0.0, pos=array([0. , 0.2]), size=array([0.5, 0.5]), texRes=128.0, units='height', win=Window(...))
28.6902 	EXP 	Created instructsurpA1_right_2 = TextStim(__class__=<class 'psychopy.visual.text.TextStim'>, alignHoriz=method-wrapper(...), alignText='center', alignVert=method-wrapper(...), anchorHoriz='center', anchorVert='center', antialias=True, autoLog=True, bold=False, color=array([1., 1., 1.]), colorSpace='rgb', contrast=1.0, depth=-1.0, flipHoriz=False, flipVert=False, font='Open Sans', fontFiles=[], height=0.025, italic=False, languageStyle='LTR', name='instructsurpA1_right_2', opacity=1, ori=0.0, pos=array([0., 0.]), rgb=UNKNOWN, text='', units='height', win=Window(...), wrapWidth=1)
28.6914 	EXP 	Created instructsurpA2_left_2 = TextStim(__class__=<class 'psychopy.visual.text.TextStim'>, alignHoriz=method-wrapper(...), alignText='center', alignVert=method-wrapper(...), anchorHoriz='center', anchorVert='center', antialias=True, autoLog=True, bold=False, color=array([1., 1., 1.]), colorSpace='rgb', contrast=1.0, depth=-2.0, flipHoriz=False, flipVert=False, font='Open Sans', fontFiles=[], height=0.025, italic=False, languageStyle='LTR', name='instructsurpA2_left_2', opacity=1, ori=0.0, pos=array([-0.4 , -0.03]), rgb=UNKNOWN, text='', units='height', win=Window(...), wrapWidth=1)
29.0024 	INFO 	keyboard.Keyboard is using ptb backend.
29.0152 	EXP 	Created finishMessage_text = TextStim(__class__=<class 'psychopy.visual.text.TextStim'>, alignHoriz=method-wrapper(...), alignText='center', alignVert=method-wrapper(...), anchorHoriz='center', anchorVert='center', antialias=True, autoLog=True, bold=False, color=array([1., 1., 1.]), colorSpace='rgb', contrast=1.0, depth=0.0, flipHoriz=False, flipVert=False, font='Arial', fontFiles=[], height=0.04, italic=False, languageStyle='LTR', name='finishMessage_text', opacity=1, ori=0, pos=array([0., 0.]), rgb=UNKNOWN, text='Thank you for your participation!', units='height', win=Window(...), wrapWidth=1.3)
29.0256 	EXP 	welcome_text: autoDraw = True
35.6753 	DATA 	Keypress: 8
35.6795 	EXP 	welcome_text: autoDraw = False
35.6795 	EXP 	instructRight_text: autoDraw = True
35.6795 	EXP 	instructRight_centerImg: autoDraw = True
35.6795 	EXP 	instructRight_rightImg1: autoDraw = True
35.6795 	EXP 	instructRight_leftImg1: autoDraw = True
36.3846 	DATA 	Keypress: 8
36.3920 	EXP 	instructRight_text: autoDraw = False
36.3920 	EXP 	instructRight_centerImg: autoDraw = False
36.3920 	EXP 	instructRight_rightImg1: autoDraw = False
36.3920 	EXP 	instructRight_leftImg1: autoDraw = False
36.3920 	EXP 	instructLeft_text: autoDraw = True
36.3920 	EXP 	instructLeft_centerImg: autoDraw = True
36.3920 	EXP 	instructLeft_rightImg1: autoDraw = True
36.3920 	EXP 	instructLeft_leftImg1: autoDraw = True
36.7461 	DATA 	Keypress: 1
36.7585 	EXP 	instructLeft_text: autoDraw = False
36.7585 	EXP 	instructLeft_centerImg: autoDraw = False
36.7585 	EXP 	instructLeft_rightImg1: autoDraw = False
36.7585 	EXP 	instructLeft_leftImg1: autoDraw = False
36.7585 	EXP 	instructInconRight_text: autoDraw = True
36.7585 	EXP 	instructIncon_centerImg: autoDraw = True
36.7585 	EXP 	instructIncon_rightImg1: autoDraw = True
36.7585 	EXP 	instructIncon_leftImg1: autoDraw = True
37.1625 	DATA 	Keypress: 8
37.1750 	EXP 	instructInconRight_text: autoDraw = False
37.1750 	EXP 	instructIncon_centerImg: autoDraw = False
37.1750 	EXP 	instructIncon_rightImg1: autoDraw = False
37.1750 	EXP 	instructIncon_leftImg1: autoDraw = False
37.1750 	EXP 	instructInconLeft_text: autoDraw = True
37.1750 	EXP 	instructInconLeft_centerImg: autoDraw = True
37.1750 	EXP 	instructInconLeft_rightImg1: autoDraw = True
37.1750 	EXP 	instructInconLeft_leftImg1: autoDraw = True
37.7452 	DATA 	Keypress: 8
38.2653 	DEBUG 	Read csv file with pandas: blockSelect_practice.csv
38.2756 	DEBUG 	Clearing unnamed columns from blockSelect_practice.csv
38.2762 	EXP 	Imported blockSelect_practice.csv as conditions, 1 conditions, 1 params
38.2921 	EXP 	Created sequence: random, trialTypes=1, nReps=999, seed=None
38.2988 	EXP 	New trial (rep=0, index=0): OrderedDict([('whichBlock', 'trialTable_practice.csv')])
38.3034 	DATA 	Keypress: 1
38.3074 	EXP 	instructInconLeft_text: autoDraw = False
38.3074 	EXP 	instructInconLeft_centerImg: autoDraw = False
38.3074 	EXP 	instructInconLeft_rightImg1: autoDraw = False
38.3074 	EXP 	instructInconLeft_leftImg1: autoDraw = False
38.3074 	EXP 	prac_blockText: autoDraw = True
38.3074 	EXP 	prac_reminder_text: autoDraw = True
39.2005 	DATA 	Keypress: 8
39.2046 	EXP 	prac_blockText: autoDraw = False
39.2046 	EXP 	prac_reminder_text: autoDraw = False
39.2046 	EXP 	initFixation_img: image = 'img/fixationCross.png'
39.2046 	EXP 	initFixation_img: autoDraw = True
41.2004 	DEBUG 	Read csv file with pandas: trialTable_practice.csv
41.2020 	DEBUG 	Clearing unnamed columns from trialTable_practice.csv
41.2055 	EXP 	Imported trialTable_practice.csv as conditions, 20 conditions, 9 params
41.2063 	EXP 	Created sequence: random, trialTypes=20, nReps=1, seed=None
41.2067 	EXP 	New trial (rep=0, index=0): OrderedDict([('middleStim', 'img/renders/face781_-45.png'), ('leftStim', 'img/renders/face781_45.png'), ('rightStim', 'img/renders/face781_45.png'), ('stimNum', 8), ('congruent', 0), ('target', 'left'), ('locationC', [-0.058, 0]), ('locationR', [0.14, 0]), ('locationL', [-0.14, 0])])
41.2498 	EXP 	initFixation_img: autoDraw = False
41.2498 	EXP 	prac_centerImg: pos = array([-0.058,  0.   ])
41.2498 	EXP 	prac_centerImg: image = 'img/renders/face781_-45.png'
41.2498 	EXP 	prac_rightImg1: pos = array([0.14, 0.  ])
41.2498 	EXP 	prac_rightImg1: image = 'img/renders/face781_45.png'
41.2498 	EXP 	prac_leftImg1: pos = array([-0.14,  0.  ])
41.2498 	EXP 	prac_leftImg1: image = 'img/renders/face781_45.png'
41.2498 	EXP 	prac_fixImg: image = 'img/fixationCross.png'
41.2498 	EXP 	prac_centerImg: autoDraw = True
41.2498 	EXP 	prac_rightImg1: autoDraw = True
41.2498 	EXP 	prac_leftImg1: autoDraw = True
41.2498 	EXP 	prac_fixImg: autoDraw = True
41.4575 	EXP 	prac_centerImg: autoDraw = False
41.4575 	EXP 	prac_rightImg1: autoDraw = False
41.4575 	EXP 	prac_leftImg1: autoDraw = False
42.5760 	DATA 	Keypress: 1
43.0416 	EXP 	New trial (rep=0, index=1): OrderedDict([('middleStim', 'img/renders/face395_-45.png'), ('leftStim', 'img/renders/face395_-45.png'), ('rightStim', 'img/renders/face395_-45.png'), ('stimNum', 6), ('congruent', 1), ('target', 'left'), ('locationC', [0, 0]), ('locationR', [0.13, 0]), ('locationL', [-0.13, 0])])
43.0723 	EXP 	prac_fixImg: autoDraw = False
43.0723 	EXP 	prac_centerImg: autoDraw = False
43.0723 	EXP 	prac_rightImg1: autoDraw = False
43.0723 	EXP 	prac_leftImg1: autoDraw = False
43.0723 	EXP 	prac_fixImg: autoDraw = False
43.0723 	EXP 	prac_centerImg: pos = array([0., 0.])
43.0723 	EXP 	prac_centerImg: image = 'img/renders/face395_-45.png'
43.0723 	EXP 	prac_rightImg1: pos = array([0.13, 0.  ])
43.0723 	EXP 	prac_rightImg1: image = 'img/renders/face395_-45.png'
43.0723 	EXP 	prac_leftImg1: pos = array([-0.13,  0.  ])
43.0723 	EXP 	prac_leftImg1: image = 'img/renders/face395_-45.png'
43.0723 	EXP 	prac_fixImg: image = 'img/fixationCross.png'
43.0723 	EXP 	prac_centerImg: autoDraw = True
43.0723 	EXP 	prac_rightImg1: autoDraw = True
43.0723 	EXP 	prac_leftImg1: autoDraw = True
43.0723 	EXP 	prac_fixImg: autoDraw = True
43.2736 	EXP 	prac_centerImg: autoDraw = False
43.2736 	EXP 	prac_rightImg1: autoDraw = False
43.2736 	EXP 	prac_leftImg1: autoDraw = False
43.6591 	DATA 	Keypress: 1
44.7244 	EXP 	New trial (rep=0, index=2): OrderedDict([('middleStim', 'img/renders/face586_-45.png'), ('leftStim', 'img/renders/face586_-45.png'), ('rightStim', 'img/renders/face586_-45.png'), ('stimNum', 6), ('congruent', 1), ('target', 'left'), ('locationC', [0, 0]), ('locationR', [0.13, 0]), ('locationL', [-0.13, 0])])
44.7629 	EXP 	prac_fixImg: autoDraw = False
44.7629 	EXP 	prac_centerImg: autoDraw = False
44.7629 	EXP 	prac_rightImg1: autoDraw = False
44.7629 	EXP 	prac_leftImg1: autoDraw = False
44.7629 	EXP 	prac_fixImg: autoDraw = False
44.7629 	EXP 	prac_centerImg: pos = array([0., 0.])
44.7629 	EXP 	prac_centerImg: image = 'img/renders/face586_-45.png'
44.7629 	EXP 	prac_rightImg1: pos = array([0.13, 0.  ])
44.7629 	EXP 	prac_rightImg1: image = 'img/renders/face586_-45.png'
44.7629 	EXP 	prac_leftImg1: pos = array([-0.13,  0.  ])
44.7629 	EXP 	prac_leftImg1: image = 'img/renders/face586_-45.png'
44.7629 	EXP 	prac_fixImg: image = 'img/fixationCross.png'
44.7629 	EXP 	prac_centerImg: autoDraw = True
44.7629 	EXP 	prac_rightImg1: autoDraw = True
44.7629 	EXP 	prac_leftImg1: autoDraw = True
44.7629 	EXP 	prac_fixImg: autoDraw = True
44.9731 	EXP 	prac_centerImg: autoDraw = False
44.9731 	EXP 	prac_rightImg1: autoDraw = False
44.9731 	EXP 	prac_leftImg1: autoDraw = False
45.3426 	DATA 	Keypress: 1
46.6238 	EXP 	New trial (rep=0, index=3): OrderedDict([('middleStim', 'img/renders/face418_45.png'), ('leftStim', 'img/renders/face418_-45.png'), ('rightStim', 'img/renders/face418_-45.png'), ('stimNum', 7), ('congruent', 0), ('target', 'right'), ('locationC', [0.058, 0]), ('locationR', [0.14, 0]), ('locationL', [-0.14, 0])])
46.6583 	EXP 	prac_fixImg: autoDraw = False
46.6583 	EXP 	prac_centerImg: autoDraw = False
46.6583 	EXP 	prac_rightImg1: autoDraw = False
46.6583 	EXP 	prac_leftImg1: autoDraw = False
46.6583 	EXP 	prac_fixImg: autoDraw = False
46.6583 	EXP 	prac_centerImg: pos = array([0.058, 0.   ])
46.6583 	EXP 	prac_centerImg: image = 'img/renders/face418_45.png'
46.6583 	EXP 	prac_rightImg1: pos = array([0.14, 0.  ])
46.6583 	EXP 	prac_rightImg1: image = 'img/renders/face418_-45.png'
46.6583 	EXP 	prac_leftImg1: pos = array([-0.14,  0.  ])
46.6583 	EXP 	prac_leftImg1: image = 'img/renders/face418_-45.png'
46.6583 	EXP 	prac_fixImg: image = 'img/fixationCross.png'
46.6583 	EXP 	prac_centerImg: autoDraw = True
46.6583 	EXP 	prac_rightImg1: autoDraw = True
46.6583 	EXP 	prac_leftImg1: autoDraw = True
46.6583 	EXP 	prac_fixImg: autoDraw = True
46.8726 	EXP 	prac_centerImg: autoDraw = False
46.8726 	EXP 	prac_rightImg1: autoDraw = False
46.8726 	EXP 	prac_leftImg1: autoDraw = False
47.0922 	DATA 	Keypress: 8
48.2732 	EXP 	New trial (rep=0, index=4): OrderedDict([('middleStim', 'img/renders/face602_-45.png'), ('leftStim', 'img/renders/face602_45.png'), ('rightStim', 'img/renders/face602_45.png'), ('stimNum', 8), ('congruent', 0), ('target', 'left'), ('locationC', [-0.058, 0]), ('locationR', [0.14, 0]), ('locationL', [-0.14, 0])])
48.3063 	EXP 	prac_fixImg: autoDraw = False
48.3063 	EXP 	prac_centerImg: autoDraw = False
48.3063 	EXP 	prac_rightImg1: autoDraw = False
48.3063 	EXP 	prac_leftImg1: autoDraw = False
48.3063 	EXP 	prac_fixImg: autoDraw = False
48.3063 	EXP 	prac_centerImg: pos = array([-0.058,  0.   ])
48.3063 	EXP 	prac_centerImg: image = 'img/renders/face602_-45.png'
48.3063 	EXP 	prac_rightImg1: pos = array([0.14, 0.  ])
48.3063 	EXP 	prac_rightImg1: image = 'img/renders/face602_45.png'
48.3063 	EXP 	prac_leftImg1: pos = array([-0.14,  0.  ])
48.3063 	EXP 	prac_leftImg1: image = 'img/renders/face602_45.png'
48.3063 	EXP 	prac_fixImg: image = 'img/fixationCross.png'
48.3063 	EXP 	prac_centerImg: autoDraw = True
48.3063 	EXP 	prac_rightImg1: autoDraw = True
48.3063 	EXP 	prac_leftImg1: autoDraw = True
48.3063 	EXP 	prac_fixImg: autoDraw = True
48.5057 	EXP 	prac_centerImg: autoDraw = False
48.5057 	EXP 	prac_rightImg1: autoDraw = False
48.5057 	EXP 	prac_leftImg1: autoDraw = False
48.7416 	DATA 	Keypress: 1
49.9900 	EXP 	New trial (rep=0, index=5): OrderedDict([('middleStim', 'img/renders/face040_45.png'), ('leftStim', 'img/renders/face040_-45.png'), ('rightStim', 'img/renders/face040_-45.png'), ('stimNum', 7), ('congruent', 0), ('target', 'right'), ('locationC', [0.058, 0]), ('locationR', [0.14, 0]), ('locationL', [-0.14, 0])])
50.0233 	EXP 	prac_fixImg: autoDraw = False
50.0233 	EXP 	prac_centerImg: autoDraw = False
50.0233 	EXP 	prac_rightImg1: autoDraw = False
50.0233 	EXP 	prac_leftImg1: autoDraw = False
50.0233 	EXP 	prac_fixImg: autoDraw = False
50.0233 	EXP 	prac_centerImg: pos = array([0.058, 0.   ])
50.0233 	EXP 	prac_centerImg: image = 'img/renders/face040_45.png'
50.0233 	EXP 	prac_rightImg1: pos = array([0.14, 0.  ])
50.0233 	EXP 	prac_rightImg1: image = 'img/renders/face040_-45.png'
50.0233 	EXP 	prac_leftImg1: pos = array([-0.14,  0.  ])
50.0233 	EXP 	prac_leftImg1: image = 'img/renders/face040_-45.png'
50.0233 	EXP 	prac_fixImg: image = 'img/fixationCross.png'
50.0233 	EXP 	prac_centerImg: autoDraw = True
50.0233 	EXP 	prac_rightImg1: autoDraw = True
50.0233 	EXP 	prac_leftImg1: autoDraw = True
50.0233 	EXP 	prac_fixImg: autoDraw = True
50.2384 	EXP 	prac_centerImg: autoDraw = False
50.2384 	EXP 	prac_rightImg1: autoDraw = False
50.2384 	EXP 	prac_leftImg1: autoDraw = False
50.3925 	DATA 	Keypress: 8
51.9560 	EXP 	New trial (rep=0, index=6): OrderedDict([('middleStim', 'img/renders/face581_45.png'), ('leftStim', 'img/renders/face581_45.png'), ('rightStim', 'img/renders/face581_45.png'), ('stimNum', 5), ('congruent', 1), ('target', 'right'), ('locationC', [0, 0]), ('locationR', [0.13, 0]), ('locationL', [-0.13, 0])])
51.9891 	EXP 	prac_fixImg: autoDraw = False
51.9891 	EXP 	prac_centerImg: autoDraw = False
51.9891 	EXP 	prac_rightImg1: autoDraw = False
51.9891 	EXP 	prac_leftImg1: autoDraw = False
51.9891 	EXP 	prac_fixImg: autoDraw = False
51.9891 	EXP 	prac_centerImg: pos = array([0., 0.])
51.9891 	EXP 	prac_centerImg: image = 'img/renders/face581_45.png'
51.9891 	EXP 	prac_rightImg1: pos = array([0.13, 0.  ])
51.9891 	EXP 	prac_rightImg1: image = 'img/renders/face581_45.png'
51.9891 	EXP 	prac_leftImg1: pos = array([-0.13,  0.  ])
51.9891 	EXP 	prac_leftImg1: image = 'img/renders/face581_45.png'
51.9891 	EXP 	prac_fixImg: image = 'img/fixationCross.png'
51.9891 	EXP 	prac_centerImg: autoDraw = True
51.9891 	EXP 	prac_rightImg1: autoDraw = True
51.9891 	EXP 	prac_leftImg1: autoDraw = True
51.9891 	EXP 	prac_fixImg: autoDraw = True
52.1893 	EXP 	prac_centerImg: autoDraw = False
52.1893 	EXP 	prac_rightImg1: autoDraw = False
52.1893 	EXP 	prac_leftImg1: autoDraw = False
52.3407 	DATA 	Keypress: 1
52.4565 	DATA 	Keypress: 8
53.8050 	EXP 	New trial (rep=0, index=7): OrderedDict([('middleStim', 'img/renders/face211_45.png'), ('leftStim', 'img/renders/face211_45.png'), ('rightStim', 'img/renders/face211_45.png'), ('stimNum', 5), ('congruent', 1), ('target', 'right'), ('locationC', [0, 0]), ('locationR', [0.13, 0]), ('locationL', [-0.13, 0])])
53.8339 	EXP 	prac_fixImg: autoDraw = False
53.8339 	EXP 	prac_centerImg: autoDraw = False
53.8339 	EXP 	prac_rightImg1: autoDraw = False
53.8339 	EXP 	prac_leftImg1: autoDraw = False
53.8339 	EXP 	prac_fixImg: autoDraw = False
53.8339 	EXP 	prac_centerImg: pos = array([0., 0.])
53.8339 	EXP 	prac_centerImg: image = 'img/renders/face211_45.png'
53.8339 	EXP 	prac_rightImg1: pos = array([0.13, 0.  ])
53.8339 	EXP 	prac_rightImg1: image = 'img/renders/face211_45.png'
53.8339 	EXP 	prac_leftImg1: pos = array([-0.13,  0.  ])
53.8339 	EXP 	prac_leftImg1: image = 'img/renders/face211_45.png'
53.8339 	EXP 	prac_fixImg: image = 'img/fixationCross.png'
53.8339 	EXP 	prac_centerImg: autoDraw = True
53.8339 	EXP 	prac_rightImg1: autoDraw = True
53.8339 	EXP 	prac_leftImg1: autoDraw = True
53.8339 	EXP 	prac_fixImg: autoDraw = True
54.0374 	EXP 	prac_centerImg: autoDraw = False
54.0374 	EXP 	prac_rightImg1: autoDraw = False
54.0374 	EXP 	prac_leftImg1: autoDraw = False
54.2914 	DATA 	Keypress: 8
55.7212 	EXP 	New trial (rep=0, index=8): OrderedDict([('middleStim', 'img/renders/face028_45.png'), ('leftStim', 'img/renders/face028_-45.png'), ('rightStim', 'img/renders/face028_-45.png'), ('stimNum', 7), ('congruent', 0), ('target', 'right'), ('locationC', [0.058, 0]), ('locationR', [0.14, 0]), ('locationL', [-0.14, 0])])
55.7608 	EXP 	prac_fixImg: autoDraw = False
55.7608 	EXP 	prac_centerImg: autoDraw = False
55.7608 	EXP 	prac_rightImg1: autoDraw = False
55.7608 	EXP 	prac_leftImg1: autoDraw = False
55.7608 	EXP 	prac_fixImg: autoDraw = False
55.7608 	EXP 	prac_centerImg: pos = array([0.058, 0.   ])
55.7608 	EXP 	prac_centerImg: image = 'img/renders/face028_45.png'
55.7608 	EXP 	prac_rightImg1: pos = array([0.14, 0.  ])
55.7608 	EXP 	prac_rightImg1: image = 'img/renders/face028_-45.png'
55.7608 	EXP 	prac_leftImg1: pos = array([-0.14,  0.  ])
55.7608 	EXP 	prac_leftImg1: image = 'img/renders/face028_-45.png'
55.7608 	EXP 	prac_fixImg: image = 'img/fixationCross.png'
55.7608 	EXP 	prac_centerImg: autoDraw = True
55.7608 	EXP 	prac_rightImg1: autoDraw = True
55.7608 	EXP 	prac_leftImg1: autoDraw = True
55.7608 	EXP 	prac_fixImg: autoDraw = True
55.9701 	EXP 	prac_centerImg: autoDraw = False
55.9701 	EXP 	prac_rightImg1: autoDraw = False
55.9701 	EXP 	prac_leftImg1: autoDraw = False
56.1555 	DATA 	Keypress: 8
57.3042 	EXP 	New trial (rep=0, index=9): OrderedDict([('middleStim', 'img/renders/face704_45.png'), ('leftStim', 'img/renders/face704_45.png'), ('rightStim', 'img/renders/face704_45.png'), ('stimNum', 5), ('congruent', 1), ('target', 'right'), ('locationC', [0, 0]), ('locationR', [0.13, 0]), ('locationL', [-0.13, 0])])
57.3417 	EXP 	prac_fixImg: autoDraw = False
57.3417 	EXP 	prac_centerImg: autoDraw = False
57.3417 	EXP 	prac_rightImg1: autoDraw = False
57.3417 	EXP 	prac_leftImg1: autoDraw = False
57.3417 	EXP 	prac_fixImg: autoDraw = False
57.3417 	EXP 	prac_centerImg: pos = array([0., 0.])
57.3417 	EXP 	prac_centerImg: image = 'img/renders/face704_45.png'
57.3417 	EXP 	prac_rightImg1: pos = array([0.13, 0.  ])
57.3417 	EXP 	prac_rightImg1: image = 'img/renders/face704_45.png'
57.3417 	EXP 	prac_leftImg1: pos = array([-0.13,  0.  ])
57.3417 	EXP 	prac_leftImg1: image = 'img/renders/face704_45.png'
57.3417 	EXP 	prac_fixImg: image = 'img/fixationCross.png'
57.3417 	EXP 	prac_centerImg: autoDraw = True
57.3417 	EXP 	prac_rightImg1: autoDraw = True
57.3417 	EXP 	prac_leftImg1: autoDraw = True
57.3417 	EXP 	prac_fixImg: autoDraw = True
57.5532 	EXP 	prac_centerImg: autoDraw = False
57.5532 	EXP 	prac_rightImg1: autoDraw = False
57.5532 	EXP 	prac_leftImg1: autoDraw = False
57.7556 	DATA 	Keypress: 1
59.0377 	EXP 	New trial (rep=0, index=10): OrderedDict([('middleStim', 'img/renders/face351_45.png'), ('leftStim', 'img/renders/face351_-45.png'), ('rightStim', 'img/renders/face351_-45.png'), ('stimNum', 7), ('congruent', 0), ('target', 'right'), ('locationC', [0.058, 0]), ('locationR', [0.14, 0]), ('locationL', [-0.14, 0])])
59.0763 	EXP 	prac_fixImg: autoDraw = False
59.0763 	EXP 	prac_centerImg: autoDraw = False
59.0763 	EXP 	prac_rightImg1: autoDraw = False
59.0763 	EXP 	prac_leftImg1: autoDraw = False
59.0763 	EXP 	prac_fixImg: autoDraw = False
59.0763 	EXP 	prac_centerImg: pos = array([0.058, 0.   ])
59.0763 	EXP 	prac_centerImg: image = 'img/renders/face351_45.png'
59.0763 	EXP 	prac_rightImg1: pos = array([0.14, 0.  ])
59.0763 	EXP 	prac_rightImg1: image = 'img/renders/face351_-45.png'
59.0763 	EXP 	prac_leftImg1: pos = array([-0.14,  0.  ])
59.0763 	EXP 	prac_leftImg1: image = 'img/renders/face351_-45.png'
59.0763 	EXP 	prac_fixImg: image = 'img/fixationCross.png'
59.0763 	EXP 	prac_centerImg: autoDraw = True
59.0763 	EXP 	prac_rightImg1: autoDraw = True
59.0763 	EXP 	prac_leftImg1: autoDraw = True
59.0763 	EXP 	prac_fixImg: autoDraw = True
59.2865 	EXP 	prac_centerImg: autoDraw = False
59.2865 	EXP 	prac_rightImg1: autoDraw = False
59.2865 	EXP 	prac_leftImg1: autoDraw = False
59.4214 	DATA 	Keypress: 8
61.0035 	EXP 	New trial (rep=0, index=11): OrderedDict([('middleStim', 'img/renders/face800_-45.png'), ('leftStim', 'img/renders/face800_45.png'), ('rightStim', 'img/renders/face800_45.png'), ('stimNum', 8), ('congruent', 0), ('target', 'left'), ('locationC', [-0.058, 0]), ('locationR', [0.14, 0]), ('locationL', [-0.14, 0])])
61.0368 	EXP 	prac_fixImg: autoDraw = False
61.0368 	EXP 	prac_centerImg: autoDraw = False
61.0368 	EXP 	prac_rightImg1: autoDraw = False
61.0368 	EXP 	prac_leftImg1: autoDraw = False
61.0368 	EXP 	prac_fixImg: autoDraw = False
61.0368 	EXP 	prac_centerImg: pos = array([-0.058,  0.   ])
61.0368 	EXP 	prac_centerImg: image = 'img/renders/face800_-45.png'
61.0368 	EXP 	prac_rightImg1: pos = array([0.14, 0.  ])
61.0368 	EXP 	prac_rightImg1: image = 'img/renders/face800_45.png'
61.0368 	EXP 	prac_leftImg1: pos = array([-0.14,  0.  ])
61.0368 	EXP 	prac_leftImg1: image = 'img/renders/face800_45.png'
61.0368 	EXP 	prac_fixImg: image = 'img/fixationCross.png'
61.0368 	EXP 	prac_centerImg: autoDraw = True
61.0368 	EXP 	prac_rightImg1: autoDraw = True
61.0368 	EXP 	prac_leftImg1: autoDraw = True
61.0368 	EXP 	prac_fixImg: autoDraw = True
61.2520 	EXP 	prac_centerImg: autoDraw = False
61.2520 	EXP 	prac_rightImg1: autoDraw = False
61.2520 	EXP 	prac_leftImg1: autoDraw = False
61.3373 	DATA 	Keypress: 1
62.6692 	EXP 	New trial (rep=0, index=12): OrderedDict([('middleStim', 'img/renders/face013_-45.png'), ('leftStim', 'img/renders/face013_-45.png'), ('rightStim', 'img/renders/face013_-45.png'), ('stimNum', 6), ('congruent', 1), ('target', 'left'), ('locationC', [0, 0]), ('locationR', [0.13, 0]), ('locationL', [-0.13, 0])])
62.7018 	EXP 	prac_fixImg: autoDraw = False
62.7018 	EXP 	prac_centerImg: autoDraw = False
62.7018 	EXP 	prac_rightImg1: autoDraw = False
62.7018 	EXP 	prac_leftImg1: autoDraw = False
62.7018 	EXP 	prac_fixImg: autoDraw = False
62.7018 	EXP 	prac_centerImg: pos = array([0., 0.])
62.7018 	EXP 	prac_centerImg: image = 'img/renders/face013_-45.png'
62.7018 	EXP 	prac_rightImg1: pos = array([0.13, 0.  ])
62.7018 	EXP 	prac_rightImg1: image = 'img/renders/face013_-45.png'
62.7018 	EXP 	prac_leftImg1: pos = array([-0.13,  0.  ])
62.7018 	EXP 	prac_leftImg1: image = 'img/renders/face013_-45.png'
62.7018 	EXP 	prac_fixImg: image = 'img/fixationCross.png'
62.7018 	EXP 	prac_centerImg: autoDraw = True
62.7018 	EXP 	prac_rightImg1: autoDraw = True
62.7018 	EXP 	prac_leftImg1: autoDraw = True
62.7018 	EXP 	prac_fixImg: autoDraw = True
62.9020 	EXP 	prac_centerImg: autoDraw = False
62.9020 	EXP 	prac_rightImg1: autoDraw = False
62.9020 	EXP 	prac_leftImg1: autoDraw = False
63.1202 	DATA 	Keypress: 1
64.6022 	EXP 	New trial (rep=0, index=13): OrderedDict([('middleStim', 'img/renders/face559_-45.png'), ('leftStim', 'img/renders/face559_45.png'), ('rightStim', 'img/renders/face559_45.png'), ('stimNum', 8), ('congruent', 0), ('target', 'left'), ('locationC', [-0.058, 0]), ('locationR', [0.14, 0]), ('locationL', [-0.14, 0])])
64.6334 	EXP 	prac_fixImg: autoDraw = False
64.6334 	EXP 	prac_centerImg: autoDraw = False
64.6334 	EXP 	prac_rightImg1: autoDraw = False
64.6334 	EXP 	prac_leftImg1: autoDraw = False
64.6334 	EXP 	prac_fixImg: autoDraw = False
64.6334 	EXP 	prac_centerImg: pos = array([-0.058,  0.   ])
64.6334 	EXP 	prac_centerImg: image = 'img/renders/face559_-45.png'
64.6334 	EXP 	prac_rightImg1: pos = array([0.14, 0.  ])
64.6334 	EXP 	prac_rightImg1: image = 'img/renders/face559_45.png'
64.6334 	EXP 	prac_leftImg1: pos = array([-0.14,  0.  ])
64.6334 	EXP 	prac_leftImg1: image = 'img/renders/face559_45.png'
64.6334 	EXP 	prac_fixImg: image = 'img/fixationCross.png'
64.6334 	EXP 	prac_centerImg: autoDraw = True
64.6334 	EXP 	prac_rightImg1: autoDraw = True
64.6334 	EXP 	prac_leftImg1: autoDraw = True
64.6334 	EXP 	prac_fixImg: autoDraw = True
64.8347 	EXP 	prac_centerImg: autoDraw = False
64.8347 	EXP 	prac_rightImg1: autoDraw = False
64.8347 	EXP 	prac_leftImg1: autoDraw = False
64.9867 	DATA 	Keypress: 1
66.1856 	EXP 	New trial (rep=0, index=14): OrderedDict([('middleStim', 'img/renders/face994_45.png'), ('leftStim', 'img/renders/face994_45.png'), ('rightStim', 'img/renders/face994_45.png'), ('stimNum', 5), ('congruent', 1), ('target', 'right'), ('locationC', [0, 0]), ('locationR', [0.13, 0]), ('locationL', [-0.13, 0])])
66.2165 	EXP 	prac_fixImg: autoDraw = False
66.2165 	EXP 	prac_centerImg: autoDraw = False
66.2165 	EXP 	prac_rightImg1: autoDraw = False
66.2165 	EXP 	prac_leftImg1: autoDraw = False
66.2165 	EXP 	prac_fixImg: autoDraw = False
66.2165 	EXP 	prac_centerImg: pos = array([0., 0.])
66.2165 	EXP 	prac_centerImg: image = 'img/renders/face994_45.png'
66.2165 	EXP 	prac_rightImg1: pos = array([0.13, 0.  ])
66.2165 	EXP 	prac_rightImg1: image = 'img/renders/face994_45.png'
66.2165 	EXP 	prac_leftImg1: pos = array([-0.13,  0.  ])
66.2165 	EXP 	prac_leftImg1: image = 'img/renders/face994_45.png'
66.2165 	EXP 	prac_fixImg: image = 'img/fixationCross.png'
66.2165 	EXP 	prac_centerImg: autoDraw = True
66.2165 	EXP 	prac_rightImg1: autoDraw = True
66.2165 	EXP 	prac_leftImg1: autoDraw = True
66.2165 	EXP 	prac_fixImg: autoDraw = True
66.4181 	EXP 	prac_centerImg: autoDraw = False
66.4181 	EXP 	prac_rightImg1: autoDraw = False
66.4181 	EXP 	prac_leftImg1: autoDraw = False
66.4700 	DATA 	Keypress: 1
68.1187 	EXP 	New trial (rep=0, index=15): OrderedDict([('middleStim', 'img/renders/face120_-45.png'), ('leftStim', 'img/renders/face120_-45.png'), ('rightStim', 'img/renders/face120_-45.png'), ('stimNum', 6), ('congruent', 1), ('target', 'left'), ('locationC', [0, 0]), ('locationR', [0.13, 0]), ('locationL', [-0.13, 0])])
68.1520 	EXP 	prac_fixImg: autoDraw = False
68.1520 	EXP 	prac_centerImg: autoDraw = False
68.1520 	EXP 	prac_rightImg1: autoDraw = False
68.1520 	EXP 	prac_leftImg1: autoDraw = False
68.1520 	EXP 	prac_fixImg: autoDraw = False
68.1520 	EXP 	prac_centerImg: pos = array([0., 0.])
68.1520 	EXP 	prac_centerImg: image = 'img/renders/face120_-45.png'
68.1520 	EXP 	prac_rightImg1: pos = array([0.13, 0.  ])
68.1520 	EXP 	prac_rightImg1: image = 'img/renders/face120_-45.png'
68.1520 	EXP 	prac_leftImg1: pos = array([-0.13,  0.  ])
68.1520 	EXP 	prac_leftImg1: image = 'img/renders/face120_-45.png'
68.1520 	EXP 	prac_fixImg: image = 'img/fixationCross.png'
68.1520 	EXP 	prac_centerImg: autoDraw = True
68.1520 	EXP 	prac_rightImg1: autoDraw = True
68.1520 	EXP 	prac_leftImg1: autoDraw = True
68.1520 	EXP 	prac_fixImg: autoDraw = True
68.3541 	EXP 	prac_centerImg: autoDraw = False
68.3541 	EXP 	prac_rightImg1: autoDraw = False
68.3541 	EXP 	prac_leftImg1: autoDraw = False
68.4220 	DATA 	Keypress: 8
69.9533 	EXP 	New trial (rep=0, index=16): OrderedDict([('middleStim', 'img/renders/face037_-45.png'), ('leftStim', 'img/renders/face037_45.png'), ('rightStim', 'img/renders/face037_45.png'), ('stimNum', 8), ('congruent', 0), ('target', 'left'), ('locationC', [-0.058, 0]), ('locationR', [0.14, 0]), ('locationL', [-0.14, 0])])
70.0012 	EXP 	prac_fixImg: autoDraw = False
70.0012 	EXP 	prac_centerImg: autoDraw = False
70.0012 	EXP 	prac_rightImg1: autoDraw = False
70.0012 	EXP 	prac_leftImg1: autoDraw = False
70.0012 	EXP 	prac_fixImg: autoDraw = False
70.0012 	EXP 	prac_centerImg: pos = array([-0.058,  0.   ])
70.0012 	EXP 	prac_centerImg: image = 'img/renders/face037_-45.png'
70.0012 	EXP 	prac_rightImg1: pos = array([0.14, 0.  ])
70.0012 	EXP 	prac_rightImg1: image = 'img/renders/face037_45.png'
70.0012 	EXP 	prac_leftImg1: pos = array([-0.14,  0.  ])
70.0012 	EXP 	prac_leftImg1: image = 'img/renders/face037_45.png'
70.0012 	EXP 	prac_fixImg: image = 'img/fixationCross.png'
70.0012 	EXP 	prac_centerImg: autoDraw = True
70.0012 	EXP 	prac_rightImg1: autoDraw = True
70.0012 	EXP 	prac_leftImg1: autoDraw = True
70.0012 	EXP 	prac_fixImg: autoDraw = True
70.2011 	EXP 	prac_centerImg: autoDraw = False
70.2011 	EXP 	prac_rightImg1: autoDraw = False
70.2011 	EXP 	prac_leftImg1: autoDraw = False
70.2692 	DATA 	Keypress: 1
71.5206 	EXP 	New trial (rep=0, index=17): OrderedDict([('middleStim', 'img/renders/face269_45.png'), ('leftStim', 'img/renders/face269_-45.png'), ('rightStim', 'img/renders/face269_-45.png'), ('stimNum', 7), ('congruent', 0), ('target', 'right'), ('locationC', [0.058, 0]), ('locationR', [0.14, 0]), ('locationL', [-0.14, 0])])
71.5720 	EXP 	prac_fixImg: autoDraw = False
71.5720 	EXP 	prac_centerImg: autoDraw = False
71.5720 	EXP 	prac_rightImg1: autoDraw = False
71.5720 	EXP 	prac_leftImg1: autoDraw = False
71.5720 	EXP 	prac_fixImg: autoDraw = False
71.5720 	EXP 	prac_centerImg: pos = array([0.058, 0.   ])
71.5720 	EXP 	prac_centerImg: image = 'img/renders/face269_45.png'
71.5720 	EXP 	prac_rightImg1: pos = array([0.14, 0.  ])
71.5720 	EXP 	prac_rightImg1: image = 'img/renders/face269_-45.png'
71.5720 	EXP 	prac_leftImg1: pos = array([-0.14,  0.  ])
71.5720 	EXP 	prac_leftImg1: image = 'img/renders/face269_-45.png'
71.5720 	EXP 	prac_fixImg: image = 'img/fixationCross.png'
71.5720 	EXP 	prac_centerImg: autoDraw = True
71.5720 	EXP 	prac_rightImg1: autoDraw = True
71.5720 	EXP 	prac_leftImg1: autoDraw = True
71.5720 	EXP 	prac_fixImg: autoDraw = True
71.7849 	EXP 	prac_centerImg: autoDraw = False
71.7849 	EXP 	prac_rightImg1: autoDraw = False
71.7849 	EXP 	prac_leftImg1: autoDraw = False
72.0192 	DATA 	Keypress: 8
73.2871 	EXP 	New trial (rep=0, index=18): OrderedDict([('middleStim', 'img/renders/face634_-45.png'), ('leftStim', 'img/renders/face634_-45.png'), ('rightStim', 'img/renders/face634_-45.png'), ('stimNum', 6), ('congruent', 1), ('target', 'left'), ('locationC', [0, 0]), ('locationR', [0.13, 0]), ('locationL', [-0.13, 0])])
73.3303 	EXP 	prac_fixImg: autoDraw = False
73.3303 	EXP 	prac_centerImg: autoDraw = False
73.3303 	EXP 	prac_rightImg1: autoDraw = False
73.3303 	EXP 	prac_leftImg1: autoDraw = False
73.3303 	EXP 	prac_fixImg: autoDraw = False
73.3303 	EXP 	prac_centerImg: pos = array([0., 0.])
73.3303 	EXP 	prac_centerImg: image = 'img/renders/face634_-45.png'
73.3303 	EXP 	prac_rightImg1: pos = array([0.13, 0.  ])
73.3303 	EXP 	prac_rightImg1: image = 'img/renders/face634_-45.png'
73.3303 	EXP 	prac_leftImg1: pos = array([-0.13,  0.  ])
73.3303 	EXP 	prac_leftImg1: image = 'img/renders/face634_-45.png'
73.3303 	EXP 	prac_fixImg: image = 'img/fixationCross.png'
73.3303 	EXP 	prac_centerImg: autoDraw = True
73.3303 	EXP 	prac_rightImg1: autoDraw = True
73.3303 	EXP 	prac_leftImg1: autoDraw = True
73.3303 	EXP 	prac_fixImg: autoDraw = True
73.5346 	EXP 	prac_centerImg: autoDraw = False
73.5346 	EXP 	prac_rightImg1: autoDraw = False
73.5346 	EXP 	prac_leftImg1: autoDraw = False
73.6347 	DATA 	Keypress: 1
74.9033 	EXP 	New trial (rep=0, index=19): OrderedDict([('middleStim', 'img/renders/face482_45.png'), ('leftStim', 'img/renders/face482_45.png'), ('rightStim', 'img/renders/face482_45.png'), ('stimNum', 5), ('congruent', 1), ('target', 'right'), ('locationC', [0, 0]), ('locationR', [0.13, 0]), ('locationL', [-0.13, 0])])
74.9548 	EXP 	prac_fixImg: autoDraw = False
74.9548 	EXP 	prac_centerImg: autoDraw = False
74.9548 	EXP 	prac_rightImg1: autoDraw = False
74.9548 	EXP 	prac_leftImg1: autoDraw = False
74.9548 	EXP 	prac_fixImg: autoDraw = False
74.9548 	EXP 	prac_centerImg: pos = array([0., 0.])
74.9548 	EXP 	prac_centerImg: image = 'img/renders/face482_45.png'
74.9548 	EXP 	prac_rightImg1: pos = array([0.13, 0.  ])
74.9548 	EXP 	prac_rightImg1: image = 'img/renders/face482_45.png'
74.9548 	EXP 	prac_leftImg1: pos = array([-0.13,  0.  ])
74.9548 	EXP 	prac_leftImg1: image = 'img/renders/face482_45.png'
74.9548 	EXP 	prac_fixImg: image = 'img/fixationCross.png'
74.9548 	EXP 	prac_centerImg: autoDraw = True
74.9548 	EXP 	prac_rightImg1: autoDraw = True
74.9548 	EXP 	prac_leftImg1: autoDraw = True
74.9548 	EXP 	prac_fixImg: autoDraw = True
75.1675 	EXP 	prac_centerImg: autoDraw = False
75.1675 	EXP 	prac_rightImg1: autoDraw = False
75.1675 	EXP 	prac_leftImg1: autoDraw = False
75.2846 	DATA 	Keypress: 8
76.4697 	EXP 	prac_fixImg: autoDraw = False
76.4697 	EXP 	prac_centerImg: autoDraw = False
76.4697 	EXP 	prac_rightImg1: autoDraw = False
76.4697 	EXP 	prac_leftImg1: autoDraw = False
76.4697 	EXP 	prac_fixImg: autoDraw = False
76.4697 	EXP 	prac_blockFeed_text: text = 'You have completed the practice'
76.4697 	EXP 	prac_blockFeed_text: autoDraw = True
76.4697 	EXP 	prac_pressContinue: autoDraw = True
78.3473 	DATA 	Keypress: 8
78.3512 	EXP 	prac_blockFeed_text: autoDraw = False
78.3512 	EXP 	prac_pressContinue: autoDraw = False
78.3512 	EXP 	cb_text1: autoDraw = True
91.4874 	DEBUG 	Read excel file with openpyxl: alt_arrow_blockSelect.xlsx
91.4879 	EXP 	Imported alt_arrow_blockSelect.xlsx as conditions, 6 conditions, 1 params
91.4885 	EXP 	Created sequence: random, trialTypes=6, nReps=1, seed=None
91.4889 	EXP 	New trial (rep=0, index=0): {'whichBlock': 'alt_trialTable_3.csv'}
91.5056 	DATA 	Keypress: 8
91.5108 	EXP 	cb_text1: autoDraw = False
91.5108 	EXP 	firstT_text1: text = 'Block 1 of 6'
91.5108 	EXP 	firstT_text1: autoDraw = True
91.5108 	EXP 	firstT_text2: autoDraw = True
97.9257 	DATA 	Keypress: 8
97.9302 	EXP 	firstT_text1: autoDraw = False
97.9302 	EXP 	firstT_text2: autoDraw = False
97.9302 	EXP 	initFixation_img: image = 'img/fixationCross.png'
97.9302 	EXP 	initFixation_img: autoDraw = True
99.9389 	DEBUG 	Read csv file with pandas: alt_trialTable_3.csv
99.9419 	DEBUG 	Clearing unnamed columns from alt_trialTable_3.csv
99.9480 	EXP 	Imported alt_trialTable_3.csv as conditions, 32 conditions, 10 params
99.9487 	EXP 	Created sequence: random, trialTypes=32, nReps=1, seed=None
99.9493 	EXP 	New trial (rep=0, index=0): OrderedDict([('middleStim', 'img/renders/face771_45.png'), ('leftStim', 'img/renders/face771_-45.png'), ('rightStim', 'img/renders/face771_-45.png'), ('stimNum', 7), ('congruent', 0), ('target', 'right'), ('locationC', [0.08, 0]), ('locationR', [0.18, 0]), ('locationL', [-0.18, 0]), ('straightFace', 'img/renders/face771_0.png')])
99.9986 	EXP 	initFixation_img: autoDraw = False
99.9986 	EXP 	bigFace_2: image = 'img/renders/face771_0.png'
99.9986 	EXP 	task_centerImg_3: pos = array([0.08, 0.  ])
99.9986 	EXP 	task_centerImg_3: image = 'img/renders/face771_45.png'
99.9986 	EXP 	task_rightImg1_3: pos = array([0.18, 0.  ])
99.9986 	EXP 	task_rightImg1_3: image = 'img/renders/face771_-45.png'
99.9986 	EXP 	task_leftImg1_3: pos = array([-0.18,  0.  ])
99.9986 	EXP 	task_leftImg1_3: image = 'img/renders/face771_-45.png'
99.9986 	EXP 	task_fixImg_3: image = 'img/fixationCross.png'
99.9986 	EXP 	bigFace_2: autoDraw = True
99.9986 	EXP 	task_centerImg_3: autoDraw = True
99.9986 	EXP 	task_rightImg1_3: autoDraw = True
99.9986 	EXP 	task_leftImg1_3: autoDraw = True
99.9986 	EXP 	task_fixImg_3: autoDraw = True
100.2099 	EXP 	task_centerImg_3: autoDraw = False
100.2099 	EXP 	task_rightImg1_3: autoDraw = False
100.2099 	EXP 	task_leftImg1_3: autoDraw = False
101.8936 	EXP 	task_fixImg_3: autoDraw = False
103.1768 	DATA 	Keypress: 8
107.3588 	DATA 	Keypress: 8
107.7086 	DATA 	Keypress: 8
108.1264 	DATA 	Keypress: 8
108.4258 	DATA 	Keypress: 8
109.3253 	DATA 	Keypress: 8
109.7411 	DATA 	Keypress: 1
111.1081 	DATA 	Keypress: 8
111.4253 	DATA 	Keypress: 1
112.1740 	DATA 	Keypress: escape
112.9815 	EXP 	window1: mouseVisible = True
112.9816 	DEBUG 	Saving data for flanker-basic_v2 ExperimentHandler
112.9874 	INFO 	saved data to /Users/khoss005/Library/CloudStorage/OneDrive-FloridaInternationalUniversity/Projects/Psychopy/mfeFlanker/data/12_flanker-basic_v2_2022_May_10_1223.psydat
112.9920 	INFO 	saved data to '/Users/khoss005/Library/CloudStorage/OneDrive-FloridaInternationalUniversity/Projects/Psychopy/mfeFlanker/data/12_flanker-basic_v2_2022_May_10_1223.csv'
