1.3866 	WARNING 	We strongly recommend you activate the PTB sound engine in PsychoPy prefs as the preferred audio engine. Its timing is vastly superior. Your prefs are currently set to use ['sounddevice', 'PTB', 'pyo', 'pygame'] (in that order).
7.4406 	INFO 	Loaded monitor calibration from ['2022_05_31 11:34']
7.4419 	ERROR 	'0.5000, 0.5000, 0.5000' is not a valid rgb color
7.4586 	WARNING 	User requested fullscreen with size [1536  864], but screen is actually [1920, 1080]. Using actual size
9.0865 	EXP 	Created window1 = Window(allowGUI=False, allowStencil=False, autoLog=True, backendConf=UNKNOWN, bitsMode=UNKNOWN, blendMode='avg', bpc=(8, 8, 8), color=array([0, 0, 0]), colorSpace='rgb', depthBits=8, fullscr=<method-wrapper '__getattribute__' of attributeSetter object at 0x000001DCCD908A60>, gamma=None, gammaErrorPolicy='raise', lms=UNKNOWN, monitor=<psychopy.monitors.calibTools.Monitor object at 0x000001DCCF5622E0>, multiSample=False, name='window1', numSamples=2, pos=(0, 0), screen=0, size=array([1920, 1080]), stencilBits=0, stereo=False, units='height', useFBO=True, useRetina=False, viewOri=0.0, viewPos=None, viewScale=None, waitBlanking=True, winType='pyglet')
9.0871 	EXP 	window1: mouseVisible = True
9.0872 	EXP 	window1: Attempting to measure frame rate of screen (0) ...
9.0873 	EXP 	window1: recordFrameIntervals = False
9.2518 	EXP 	window1: recordFrameIntervals = True
9.4355 	EXP 	Screen (0) actual frame rate measured at 60.06Hz
9.4357 	EXP 	window1: recordFrameIntervals = False
11.3714 	INFO 	keyboard.Keyboard is using iohub backend.
11.8562 	EXP 	Created welcome_text = TextStim(__class__=<class 'psychopy.visual.text.TextStim'>, alignHoriz=method-wrapper(...), alignText='center', alignVert=method-wrapper(...), anchorHoriz='center', anchorVert='center', antialias=True, autoDraw=False, autoLog=True, bold=False, color=array([1., 1., 1.]), colorSpace='rgb', contrast=1.0, depth=0.0, flipHoriz=False, flipVert=False, font='Arial', fontFiles=[], height=0.04, italic=False, languageStyle='LTR', name='welcome_text', opacity=1.0, ori=0, pos=array([0., 0.]), rgb=UNKNOWN, text=str(...), units='height', win=Window(...), wrapWidth=1.3)
11.8564 	INFO 	keyboard.Keyboard is using iohub backend.
11.8983 	EXP 	Created instructRight_text = TextStim(__class__=<class 'psychopy.visual.text.TextStim'>, alignHoriz=method-wrapper(...), alignText='center', alignVert=method-wrapper(...), anchorHoriz='center', anchorVert='center', antialias=True, autoDraw=False, autoLog=True, bold=False, color=array([1., 1., 1.]), colorSpace='rgb', contrast=1.0, depth=0.0, flipHoriz=False, flipVert=False, font='Arial', fontFiles=[], height=0.04, italic=False, languageStyle='LTR', name='instructRight_text', opacity=1.0, ori=0, pos=array([0., 0.]), rgb=UNKNOWN, text=str(...), units='height', win=Window(...), wrapWidth=1.3)
12.0049 	EXP 	Created instructRight_centerImg = ImageStim(__class__=<class 'psychopy.visual.image.ImageStim'>, anchor=('center', 'center'), autoLog=True, color=array([1., 1., 1.]), colorSpace='rgb', contrast=1.0, depth=-1.0, flipHoriz=False, flipVert=False, image='img/rightArrow.png', interpolate=True, mask=None, maskParams=None, name='instructRight_centerImg', opacity=1.0, ori=0.0, pos=array([ 0. , -0.3]), size=array([0.02, 0.02]), texRes=512, units='height', win=Window(...))
12.0667 	EXP 	Created instructRight_rightImg1 = ImageStim(__class__=<class 'psychopy.visual.image.ImageStim'>, anchor=('center', 'center'), autoLog=True, color=array([1., 1., 1.]), colorSpace='rgb', contrast=1.0, depth=-2.0, flipHoriz=False, flipVert=False, image='img/rightArrow.png', interpolate=True, mask=None, maskParams=None, name='instructRight_rightImg1', opacity=1.0, ori=0.0, pos=array([ 0.03, -0.3 ]), size=array([0.02, 0.02]), texRes=512, units='height', win=Window(...))
12.1229 	EXP 	Created instructRight_leftImg1 = ImageStim(__class__=<class 'psychopy.visual.image.ImageStim'>, anchor=('center', 'center'), autoLog=True, color=array([1., 1., 1.]), colorSpace='rgb', contrast=1.0, depth=-3.0, flipHoriz=False, flipVert=False, image='img/rightArrow.png', interpolate=True, mask=None, maskParams=None, name='instructRight_leftImg1', opacity=1.0, ori=0.0, pos=array([-0.03, -0.3 ]), size=array([0.02, 0.02]), texRes=512, units='height', win=Window(...))
12.1230 	INFO 	keyboard.Keyboard is using iohub backend.
12.1341 	EXP 	Created instructLeft_text = TextStim(__class__=<class 'psychopy.visual.text.TextStim'>, alignHoriz=method-wrapper(...), alignText='center', alignVert=method-wrapper(...), anchorHoriz='center', anchorVert='center', antialias=True, autoDraw=False, autoLog=True, bold=False, color=array([1., 1., 1.]), colorSpace='rgb', contrast=1.0, depth=0.0, flipHoriz=False, flipVert=False, font='Arial', fontFiles=[], height=0.04, italic=False, languageStyle='LTR', name='instructLeft_text', opacity=1.0, ori=0, pos=array([0., 0.]), rgb=UNKNOWN, text=str(...), units='height', win=Window(...), wrapWidth=1.3)
12.1931 	EXP 	Created instructLeft_centerImg = ImageStim(__class__=<class 'psychopy.visual.image.ImageStim'>, anchor=('center', 'center'), autoLog=True, color=array([1., 1., 1.]), colorSpace='rgb', contrast=1.0, depth=-1.0, flipHoriz=False, flipVert=False, image='img/leftArrow.png', interpolate=True, mask=None, maskParams=None, name='instructLeft_centerImg', opacity=1.0, ori=0.0, pos=array([ 0. , -0.3]), size=array([0.02, 0.02]), texRes=512, units='height', win=Window(...))
12.2531 	EXP 	Created instructLeft_rightImg1 = ImageStim(__class__=<class 'psychopy.visual.image.ImageStim'>, anchor=('center', 'center'), autoLog=True, color=array([1., 1., 1.]), colorSpace='rgb', contrast=1.0, depth=-2.0, flipHoriz=False, flipVert=False, image='img/leftArrow.png', interpolate=True, mask=None, maskParams=None, name='instructLeft_rightImg1', opacity=1.0, ori=0.0, pos=array([ 0.03, -0.3 ]), size=array([0.02, 0.02]), texRes=512, units='height', win=Window(...))
12.3135 	EXP 	Created instructLeft_leftImg1 = ImageStim(__class__=<class 'psychopy.visual.image.ImageStim'>, anchor=('center', 'center'), autoLog=True, color=array([1., 1., 1.]), colorSpace='rgb', contrast=1.0, depth=-3.0, flipHoriz=False, flipVert=False, image='img/leftArrow.png', interpolate=True, mask=None, maskParams=None, name='instructLeft_leftImg1', opacity=1.0, ori=0.0, pos=array([-0.03, -0.3 ]), size=array([0.02, 0.02]), texRes=512, units='height', win=Window(...))
12.3136 	INFO 	keyboard.Keyboard is using iohub backend.
12.3433 	EXP 	Created instructInconRight_text = TextStim(__class__=<class 'psychopy.visual.text.TextStim'>, alignHoriz=method-wrapper(...), alignText='center', alignVert=method-wrapper(...), anchorHoriz='center', anchorVert='center', antialias=True, autoDraw=False, autoLog=True, bold=False, color=array([1., 1., 1.]), colorSpace='rgb', contrast=1.0, depth=0.0, flipHoriz=False, flipVert=False, font='Arial', fontFiles=[], height=0.04, italic=False, languageStyle='LTR', name='instructInconRight_text', opacity=1.0, ori=0, pos=array([0., 0.]), rgb=UNKNOWN, text=str(...), units='height', win=Window(...), wrapWidth=1.3)
12.3882 	EXP 	Created instructIncon_centerImg = ImageStim(__class__=<class 'psychopy.visual.image.ImageStim'>, anchor=('center', 'center'), autoLog=True, color=array([1., 1., 1.]), colorSpace='rgb', contrast=1.0, depth=-1.0, flipHoriz=False, flipVert=False, image='img/rightArrow.png', interpolate=True, mask=None, maskParams=None, name='instructIncon_centerImg', opacity=1.0, ori=0.0, pos=array([ 0. , -0.3]), size=array([0.02, 0.02]), texRes=512, units='height', win=Window(...))
12.4338 	EXP 	Created instructIncon_rightImg1 = ImageStim(__class__=<class 'psychopy.visual.image.ImageStim'>, anchor=('center', 'center'), autoLog=True, color=array([1., 1., 1.]), colorSpace='rgb', contrast=1.0, depth=-2.0, flipHoriz=False, flipVert=False, image='img/leftArrow.png', interpolate=True, mask=None, maskParams=None, name='instructIncon_rightImg1', opacity=1.0, ori=0.0, pos=array([ 0.03, -0.3 ]), size=array([0.02, 0.02]), texRes=512, units='height', win=Window(...))
12.4859 	EXP 	Created instructIncon_leftImg1 = ImageStim(__class__=<class 'psychopy.visual.image.ImageStim'>, anchor=('center', 'center'), autoLog=True, color=array([1., 1., 1.]), colorSpace='rgb', contrast=1.0, depth=-3.0, flipHoriz=False, flipVert=False, image='img/leftArrow.png', interpolate=True, mask=None, maskParams=None, name='instructIncon_leftImg1', opacity=1.0, ori=0.0, pos=array([-0.03, -0.3 ]), size=array([0.02, 0.02]), texRes=512, units='height', win=Window(...))
12.4859 	INFO 	keyboard.Keyboard is using iohub backend.
12.4954 	EXP 	Created instructInconLeft_text = TextStim(__class__=<class 'psychopy.visual.text.TextStim'>, alignHoriz=method-wrapper(...), alignText='center', alignVert=method-wrapper(...), anchorHoriz='center', anchorVert='center', antialias=True, autoDraw=False, autoLog=True, bold=False, color=array([1., 1., 1.]), colorSpace='rgb', contrast=1.0, depth=0.0, flipHoriz=False, flipVert=False, font='Arial', fontFiles=[], height=0.04, italic=False, languageStyle='LTR', name='instructInconLeft_text', opacity=1.0, ori=0, pos=array([0., 0.]), rgb=UNKNOWN, text=str(...), units='height', win=Window(...), wrapWidth=1.3)
12.5381 	EXP 	Created instructInconLeft_centerImg = ImageStim(__class__=<class 'psychopy.visual.image.ImageStim'>, anchor=('center', 'center'), autoLog=True, color=array([1., 1., 1.]), colorSpace='rgb', contrast=1.0, depth=-1.0, flipHoriz=False, flipVert=False, image='img/leftArrow.png', interpolate=True, mask=None, maskParams=None, name='instructInconLeft_centerImg', opacity=1.0, ori=0.0, pos=array([ 0. , -0.3]), size=array([0.02, 0.02]), texRes=512, units='height', win=Window(...))
12.5813 	EXP 	Created instructInconLeft_rightImg1 = ImageStim(__class__=<class 'psychopy.visual.image.ImageStim'>, anchor=('center', 'center'), autoLog=True, color=array([1., 1., 1.]), colorSpace='rgb', contrast=1.0, depth=-2.0, flipHoriz=False, flipVert=False, image='img/rightArrow.png', interpolate=True, mask=None, maskParams=None, name='instructInconLeft_rightImg1', opacity=1.0, ori=0.0, pos=array([ 0.03, -0.3 ]), size=array([0.02, 0.02]), texRes=512, units='height', win=Window(...))
12.6266 	EXP 	Created instructInconLeft_leftImg1 = ImageStim(__class__=<class 'psychopy.visual.image.ImageStim'>, anchor=('center', 'center'), autoLog=True, color=array([1., 1., 1.]), colorSpace='rgb', contrast=1.0, depth=-3.0, flipHoriz=False, flipVert=False, image='img/rightArrow.png', interpolate=True, mask=None, maskParams=None, name='instructInconLeft_leftImg1', opacity=1.0, ori=0.0, pos=array([-0.03, -0.3 ]), size=array([0.02, 0.02]), texRes=512, units='height', win=Window(...))
12.6266 	INFO 	keyboard.Keyboard is using iohub backend.
12.6527 	EXP 	Created prac_blockText = TextStim(__class__=<class 'psychopy.visual.text.TextStim'>, alignHoriz=method-wrapper(...), alignText='center', alignVert=method-wrapper(...), anchorHoriz='center', anchorVert='center', antialias=True, autoDraw=False, autoLog=True, bold=False, color=array([1., 1., 1.]), colorSpace='rgb', contrast=1.0, depth=-1.0, flipHoriz=False, flipVert=False, font='Arial', fontFiles=[], height=0.06, italic=False, languageStyle='LTR', name='prac_blockText', opacity=1.0, ori=0.0, pos=array([0. , 0.3]), rgb=UNKNOWN, text='Practice', units='height', win=Window(...), wrapWidth=1.3)
12.6723 	EXP 	Created prac_reminder_text = TextStim(__class__=<class 'psychopy.visual.text.TextStim'>, alignHoriz=method-wrapper(...), alignText='center', alignVert=method-wrapper(...), anchorHoriz='center', anchorVert='center', antialias=True, autoDraw=False, autoLog=True, bold=False, color=array([1., 1., 1.]), colorSpace='rgb', contrast=1.0, depth=-2.0, flipHoriz=False, flipVert=False, font='Arial', fontFiles=[], height=0.04, italic=False, languageStyle='LTR', name='prac_reminder_text', opacity=1.0, ori=0, pos=array([0., 0.]), rgb=UNKNOWN, text=str(...), units='height', win=Window(...), wrapWidth=1.3)
12.6723 	INFO 	keyboard.Keyboard is using iohub backend.
12.6774 	EXP 	Created initFixation_img = ImageStim(__class__=<class 'psychopy.visual.image.ImageStim'>, anchor=('center', 'center'), autoLog=True, color=array([1., 1., 1.]), colorSpace='rgb', contrast=1.0, depth=0.0, flipHoriz=False, flipVert=False, image='sin', interpolate=True, mask=None, maskParams=None, name='initFixation_img', opacity=1.0, ori=0.0, pos=array([ 0.   , -0.015]), size=array([0.26, 0.22]), texRes=512, units='height', win=Window(...))
12.6822 	EXP 	Created bigFace = ImageStim(__class__=<class 'psychopy.visual.image.ImageStim'>, anchor=('center', 'center'), autoLog=True, color=array([1., 1., 1.]), colorSpace='rgb', contrast=1.0, depth=-1.0, flipHoriz=False, flipVert=False, image='sin', interpolate=True, mask=None, maskParams=None, name='bigFace', opacity=0.85, ori=0.0, pos=array([0., 0.]), size=array([0.4267, 0.3   ]), texRes=128.0, units='height', win=Window(...))
12.6868 	EXP 	Created cover_background_2 = ImageStim(__class__=<class 'psychopy.visual.image.ImageStim'>, anchor=('center', 'center'), autoLog=True, color=array([1., 1., 1.]), colorSpace='rgb', contrast=1.0, depth=-2.0, flipHoriz=False, flipVert=False, image='sin', interpolate=True, mask=None, maskParams=None, name='cover_background_2', opacity=1.0, ori=0.0, pos=array([ 0.   , -0.015]), size=array([0.26, 0.22]), texRes=128.0, units='height', win=Window(...))
12.6915 	EXP 	Created prac_centerImg = ImageStim(__class__=<class 'psychopy.visual.image.ImageStim'>, anchor=('center', 'center'), autoLog=True, color=array([1., 1., 1.]), colorSpace='rgb', contrast=1.0, depth=-3.0, flipHoriz=False, flipVert=False, image='sin', interpolate=True, mask=None, maskParams=None, name='prac_centerImg', opacity=1.0, ori=0.0, pos=array([0., 0.]), size=array([1., 1.]), texRes=512, units='height', win=Window(...))
12.6962 	EXP 	Created prac_rightImg1 = ImageStim(__class__=<class 'psychopy.visual.image.ImageStim'>, anchor=('center', 'center'), autoLog=True, color=array([1., 1., 1.]), colorSpace='rgb', contrast=1.0, depth=-4.0, flipHoriz=False, flipVert=False, image='sin', interpolate=True, mask=None, maskParams=None, name='prac_rightImg1', opacity=1.0, ori=0.0, pos=array([0., 0.]), size=array([1., 1.]), texRes=512, units='height', win=Window(...))
12.7012 	EXP 	Created prac_rightImg2 = ImageStim(__class__=<class 'psychopy.visual.image.ImageStim'>, anchor=('center', 'center'), autoLog=True, color=array([1., 1., 1.]), colorSpace='rgb', contrast=1.0, depth=-5.0, flipHoriz=False, flipVert=False, image='sin', interpolate=True, mask=None, maskParams=None, name='prac_rightImg2', opacity=1.0, ori=0.0, pos=array([0., 0.]), size=array([1., 1.]), texRes=512, units='height', win=Window(...))
12.7062 	EXP 	Created prac_leftImg1 = ImageStim(__class__=<class 'psychopy.visual.image.ImageStim'>, anchor=('center', 'center'), autoLog=True, color=array([1., 1., 1.]), colorSpace='rgb', contrast=1.0, depth=-6.0, flipHoriz=False, flipVert=False, image='sin', interpolate=True, mask=None, maskParams=None, name='prac_leftImg1', opacity=1.0, ori=0.0, pos=array([0., 0.]), size=array([1., 1.]), texRes=512, units='height', win=Window(...))
12.7115 	EXP 	Created prac_leftImg2 = ImageStim(__class__=<class 'psychopy.visual.image.ImageStim'>, anchor=('center', 'center'), autoLog=True, color=array([1., 1., 1.]), colorSpace='rgb', contrast=1.0, depth=-7.0, flipHoriz=False, flipVert=False, image='sin', interpolate=True, mask=None, maskParams=None, name='prac_leftImg2', opacity=1.0, ori=0.0, pos=array([0., 0.]), size=array([1., 1.]), texRes=512, units='height', win=Window(...))
12.7167 	EXP 	Created prac_fixImg = ImageStim(__class__=<class 'psychopy.visual.image.ImageStim'>, anchor=('center', 'center'), autoLog=True, color=array([1., 1., 1.]), colorSpace='rgb', contrast=1.0, depth=-8.0, flipHoriz=False, flipVert=False, image='sin', interpolate=True, mask=None, maskParams=None, name='prac_fixImg', opacity=1.0, ori=0.0, pos=array([ 0.   , -0.015]), size=array([0.26, 0.22]), texRes=512, units='height', win=Window(...))
12.7168 	INFO 	keyboard.Keyboard is using iohub backend.
12.7182 	EXP 	Created prac_blockFeed_text = TextStim(__class__=<class 'psychopy.visual.text.TextStim'>, alignHoriz=method-wrapper(...), alignText='center', alignVert=method-wrapper(...), anchorHoriz='center', anchorVert='center', antialias=True, autoDraw=False, autoLog=True, bold=False, color=array([1., 1., 1.]), colorSpace='rgb', contrast=1.0, depth=-1.0, flipHoriz=False, flipVert=False, font='Arial', fontFiles=[], height=0.04, italic=False, languageStyle='LTR', name='prac_blockFeed_text', opacity=1.0, ori=0, pos=array([0., 0.]), rgb=UNKNOWN, text='', units='height', win=Window(...), wrapWidth=1.3)
12.7235 	EXP 	Created prac_pressContinue = TextStim(__class__=<class 'psychopy.visual.text.TextStim'>, alignHoriz=method-wrapper(...), alignText='center', alignVert=method-wrapper(...), anchorHoriz='center', anchorVert='center', antialias=True, autoDraw=False, autoLog=True, bold=False, color=array([1., 1., 1.]), colorSpace='rgb', contrast=1.0, depth=-2.0, flipHoriz=False, flipVert=False, font='Arial', fontFiles=[], height=0.04, italic=False, languageStyle='LTR', name='prac_pressContinue', opacity=1.0, ori=0.0, pos=array([ 0. , -0.3]), rgb=UNKNOWN, text='Press the right key', units='height', win=Window(...), wrapWidth=1.3)
12.7235 	INFO 	keyboard.Keyboard is using iohub backend.
12.7249 	EXP 	Created task_blockText = TextStim(__class__=<class 'psychopy.visual.text.TextStim'>, alignHoriz=method-wrapper(...), alignText='center', alignVert=method-wrapper(...), anchorHoriz='center', anchorVert='center', antialias=True, autoDraw=False, autoLog=True, bold=False, color=array([1., 1., 1.]), colorSpace='rgb', contrast=1.0, depth=-1.0, flipHoriz=False, flipVert=False, font='Arial', fontFiles=[], height=0.06, italic=False, languageStyle='LTR', name='task_blockText', opacity=1.0, ori=0.0, pos=array([0. , 0.3]), rgb=UNKNOWN, text='', units='height', win=Window(...), wrapWidth=1.3)
12.7379 	EXP 	Created task_blockReminders_text = TextStim(__class__=<class 'psychopy.visual.text.TextStim'>, alignHoriz=method-wrapper(...), alignText='center', alignVert=method-wrapper(...), anchorHoriz='center', anchorVert='center', antialias=True, autoDraw=False, autoLog=True, bold=False, color=array([1., 1., 1.]), colorSpace='rgb', contrast=1.0, depth=-2.0, flipHoriz=False, flipVert=False, font='Arial', fontFiles=[], height=0.04, italic=False, languageStyle='LTR', name='task_blockReminders_text', opacity=1.0, ori=0, pos=array([0., 0.]), rgb=UNKNOWN, text=str(...), units='height', win=Window(...), wrapWidth=1.3)
12.7379 	INFO 	keyboard.Keyboard is using iohub backend.
12.7431 	EXP 	Created initFixation_img = ImageStim(__class__=<class 'psychopy.visual.image.ImageStim'>, anchor=('center', 'center'), autoLog=True, color=array([1., 1., 1.]), colorSpace='rgb', contrast=1.0, depth=0.0, flipHoriz=False, flipVert=False, image='sin', interpolate=True, mask=None, maskParams=None, name='initFixation_img', opacity=1.0, ori=0.0, pos=array([ 0.   , -0.015]), size=array([0.26, 0.22]), texRes=512, units='height', win=Window(...))
12.7481 	EXP 	Created bigFace_2 = ImageStim(__class__=<class 'psychopy.visual.image.ImageStim'>, anchor=('center', 'center'), autoLog=True, color=array([1., 1., 1.]), colorSpace='rgb', contrast=1.0, depth=-1.0, flipHoriz=False, flipVert=False, image='sin', interpolate=True, mask=None, maskParams=None, name='bigFace_2', opacity=0.85, ori=0.0, pos=array([0., 0.]), size=array([0.4267, 0.3   ]), texRes=128.0, units='height', win=Window(...))
12.8236 	EXP 	Created cover_background = ImageStim(__class__=<class 'psychopy.visual.image.ImageStim'>, anchor=('center', 'center'), autoLog=True, color=array([1., 1., 1.]), colorSpace='rgb', contrast=1.0, depth=-2.0, flipHoriz=False, flipVert=False, image='img/cover_background.png', interpolate=True, mask=None, maskParams=None, name='cover_background', opacity=1.0, ori=0.0, pos=array([ 0.   , -0.015]), size=array([0.26, 0.22]), texRes=128.0, units='height', win=Window(...))
12.8286 	EXP 	Created task_centerImg = ImageStim(__class__=<class 'psychopy.visual.image.ImageStim'>, anchor=('center', 'center'), autoLog=True, color=array([1., 1., 1.]), colorSpace='rgb', contrast=1.0, depth=-3.0, flipHoriz=False, flipVert=False, image='sin', interpolate=True, mask=None, maskParams=None, name='task_centerImg', opacity=1.0, ori=0.0, pos=array([0., 0.]), size=array([1., 1.]), texRes=512, units='height', win=Window(...))
12.8339 	EXP 	Created task_rightImg1 = ImageStim(__class__=<class 'psychopy.visual.image.ImageStim'>, anchor=('center', 'center'), autoLog=True, color=array([1., 1., 1.]), colorSpace='rgb', contrast=1.0, depth=-4.0, flipHoriz=False, flipVert=False, image='sin', interpolate=True, mask=None, maskParams=None, name='task_rightImg1', opacity=1.0, ori=0.0, pos=array([0., 0.]), size=array([1., 1.]), texRes=512, units='height', win=Window(...))
12.8389 	EXP 	Created task_rightImg2 = ImageStim(__class__=<class 'psychopy.visual.image.ImageStim'>, anchor=('center', 'center'), autoLog=True, color=array([1., 1., 1.]), colorSpace='rgb', contrast=1.0, depth=-5.0, flipHoriz=False, flipVert=False, image='sin', interpolate=True, mask=None, maskParams=None, name='task_rightImg2', opacity=1.0, ori=0.0, pos=array([0., 0.]), size=array([1., 1.]), texRes=512, units='height', win=Window(...))
12.8443 	EXP 	Created task_leftImg1 = ImageStim(__class__=<class 'psychopy.visual.image.ImageStim'>, anchor=('center', 'center'), autoLog=True, color=array([1., 1., 1.]), colorSpace='rgb', contrast=1.0, depth=-6.0, flipHoriz=False, flipVert=False, image='sin', interpolate=True, mask=None, maskParams=None, name='task_leftImg1', opacity=1.0, ori=0.0, pos=array([0., 0.]), size=array([1., 1.]), texRes=512, units='height', win=Window(...))
12.8494 	EXP 	Created task_leftImg2 = ImageStim(__class__=<class 'psychopy.visual.image.ImageStim'>, anchor=('center', 'center'), autoLog=True, color=array([1., 1., 1.]), colorSpace='rgb', contrast=1.0, depth=-7.0, flipHoriz=False, flipVert=False, image='sin', interpolate=True, mask=None, maskParams=None, name='task_leftImg2', opacity=1.0, ori=0.0, pos=array([0., 0.]), size=array([1., 1.]), texRes=512, units='height', win=Window(...))
12.8544 	EXP 	Created task_fixImg = ImageStim(__class__=<class 'psychopy.visual.image.ImageStim'>, anchor=('center', 'center'), autoLog=True, color=array([1., 1., 1.]), colorSpace='rgb', contrast=1.0, depth=-8.0, flipHoriz=False, flipVert=False, image='sin', interpolate=True, mask=None, maskParams=None, name='task_fixImg', opacity=1.0, ori=0.0, pos=array([ 0.   , -0.015]), size=array([0.26, 0.22]), texRes=512, units='height', win=Window(...))
12.8544 	INFO 	keyboard.Keyboard is using iohub backend.
12.8566 	EXP 	Created task_blockFeed_text = TextStim(__class__=<class 'psychopy.visual.text.TextStim'>, alignHoriz=method-wrapper(...), alignText='center', alignVert=method-wrapper(...), anchorHoriz='center', anchorVert='center', antialias=True, autoDraw=False, autoLog=True, bold=False, color=array([1., 1., 1.]), colorSpace='rgb', contrast=1.0, depth=-1.0, flipHoriz=False, flipVert=False, font='Arial', fontFiles=[], height=0.12, italic=False, languageStyle='LTR', name='task_blockFeed_text', opacity=1.0, ori=0, pos=array([0. , 0.1]), rgb=UNKNOWN, text='', units='height', win=Window(...), wrapWidth=1.8)
12.8578 	EXP 	Created task_blockFeed_text2 = TextStim(__class__=<class 'psychopy.visual.text.TextStim'>, alignHoriz=method-wrapper(...), alignText='center', alignVert=method-wrapper(...), anchorHoriz='center', anchorVert='center', antialias=True, autoDraw=False, autoLog=True, bold=False, color=array([1., 1., 1.]), colorSpace='rgb', contrast=1.0, depth=-2.0, flipHoriz=False, flipVert=False, font='Arial', fontFiles=[], height=0.04, italic=False, languageStyle='LTR', name='task_blockFeed_text2', opacity=1.0, ori=0, pos=array([ 0. , -0.3]), rgb=UNKNOWN, text='', units='height', win=Window(...), wrapWidth=1.3)
12.8579 	INFO 	keyboard.Keyboard is using iohub backend.
12.8703 	EXP 	Created fix = TextStim(__class__=<class 'psychopy.visual.text.TextStim'>, alignHoriz=method-wrapper(...), alignText='center', alignVert=method-wrapper(...), anchorHoriz='center', anchorVert='center', antialias=True, autoDraw=False, autoLog=True, bold=False, color=array([1., 1., 1.]), colorSpace='rgb', contrast=1.0, depth=0.0, flipHoriz=False, flipVert=False, font='Open Sans', fontFiles=[], height=0.1, italic=False, languageStyle='LTR', name='fix', opacity=1.0, ori=0.0, pos=array([0., 0.]), rgb=UNKNOWN, text='+', units='height', win=Window(...), wrapWidth=1)
12.8987 	EXP 	Created errorNumbers_text_2 = TextStim(__class__=<class 'psychopy.visual.text.TextStim'>, alignHoriz=method-wrapper(...), alignText='center', alignVert=method-wrapper(...), anchorHoriz='center', anchorVert='center', antialias=True, autoDraw=False, autoLog=True, bold=False, color=array([1., 1., 1.]), colorSpace='rgb', contrast=1.0, depth=-1.0, flipHoriz=False, flipVert=False, font='Open Sans', fontFiles=[], height=0.03, italic=False, languageStyle='LTR', name='errorNumbers_text_2', opacity=1.0, ori=0.0, pos=array([0.  , 0.12]), rgb=UNKNOWN, text=str(...), units='height', win=Window(...), wrapWidth=1)
12.9157 	INFO 	keyboard.Keyboard is using iohub backend.
12.9318 	EXP 	Created botherRate_text = TextStim(__class__=<class 'psychopy.visual.text.TextStim'>, alignHoriz=method-wrapper(...), alignText='center', alignVert=method-wrapper(...), anchorHoriz='center', anchorVert='center', antialias=True, autoDraw=False, autoLog=True, bold=False, color=array([1., 1., 1.]), colorSpace='rgb', contrast=1.0, depth=-1.0, flipHoriz=False, flipVert=False, font='Open Sans', fontFiles=[], height=0.03, italic=False, languageStyle='LTR', name='botherRate_text', opacity=1.0, ori=0.0, pos=array([0.  , 0.12]), rgb=UNKNOWN, text=str(...), units='height', win=Window(...), wrapWidth=1)
12.9472 	INFO 	keyboard.Keyboard is using iohub backend.
12.9906 	EXP 	Created instruct_surprise1 = TextStim(__class__=<class 'psychopy.visual.text.TextStim'>, alignHoriz=method-wrapper(...), alignText='center', alignVert=method-wrapper(...), anchorHoriz='center', anchorVert='center', antialias=True, autoDraw=False, autoLog=True, bold=False, color=array([1., 1., 1.]), colorSpace='rgb', contrast=1.0, depth=0.0, flipHoriz=False, flipVert=False, font='Open Sans', fontFiles=[], height=0.04, italic=False, languageStyle='LTR', name='instruct_surprise1', opacity=1.0, ori=0.0, pos=array([0., 0.]), rgb=UNKNOWN, text=str(...), units='height', win=Window(...), wrapWidth=1)
12.9907 	INFO 	keyboard.Keyboard is using iohub backend.
12.9923 	EXP 	Created instructMainTask_text = TextStim(__class__=<class 'psychopy.visual.text.TextStim'>, alignHoriz=method-wrapper(...), alignText='center', alignVert=method-wrapper(...), anchorHoriz='center', anchorVert='center', antialias=True, autoDraw=False, autoLog=True, bold=False, color=array([1., 1., 1.]), colorSpace='rgb', contrast=1.0, depth=0.0, flipHoriz=False, flipVert=False, font='Arial', fontFiles=[], height=0.04, italic=False, languageStyle='LTR', name='instructMainTask_text', opacity=1.0, ori=0, pos=array([0., 0.]), rgb=UNKNOWN, text='', units='height', win=Window(...), wrapWidth=1.3)
12.9923 	INFO 	keyboard.Keyboard is using iohub backend.
12.9956 	EXP 	Created surprise_faceStimuli = ImageStim(__class__=<class 'psychopy.visual.image.ImageStim'>, anchor=('center', 'center'), autoLog=True, color=array([1., 1., 1.]), colorSpace='rgb', contrast=1.0, depth=0.0, flipHoriz=False, flipVert=False, image='sin', interpolate=True, mask=None, maskParams=None, name='surprise_faceStimuli', opacity=1.0, ori=0.0, pos=array([0., 0.]), size=array([0.49781667, 0.35      ]), texRes=128.0, units='height', win=Window(...))
13.0026 	EXP 	Created topQ = TextStim(__class__=<class 'psychopy.visual.text.TextStim'>, alignHoriz=method-wrapper(...), alignText='center', alignVert=method-wrapper(...), anchorHoriz='center', anchorVert='center', antialias=True, autoDraw=False, autoLog=True, bold=False, color=array([1., 1., 1.]), colorSpace='rgb', contrast=1.0, depth=-1.0, flipHoriz=False, flipVert=False, font='Open Sans', fontFiles=[], height=0.025, italic=False, languageStyle='LTR', name='topQ', opacity=1.0, ori=0.0, pos=array([0.  , 0.05]), rgb=UNKNOWN, text='test', units='height', win=Window(...), wrapWidth=1)
13.0077 	EXP 	Created bottomQ = TextStim(__class__=<class 'psychopy.visual.text.TextStim'>, alignHoriz=method-wrapper(...), alignText='center', alignVert=method-wrapper(...), anchorHoriz='center', anchorVert='center', antialias=True, autoDraw=False, autoLog=True, bold=False, color=array([1., 1., 1.]), colorSpace='rgb', contrast=1.0, depth=-2.0, flipHoriz=False, flipVert=False, font='Open Sans', fontFiles=[], height=0.025, italic=False, languageStyle='LTR', name='bottomQ', opacity=1.0, ori=0.0, pos=array([ 0.  , -0.05]), rgb=UNKNOWN, text='test2', units='height', win=Window(...), wrapWidth=1)
13.0077 	INFO 	keyboard.Keyboard is using iohub backend.
13.0184 	EXP 	Created finishMessage_text = TextStim(__class__=<class 'psychopy.visual.text.TextStim'>, alignHoriz=method-wrapper(...), alignText='center', alignVert=method-wrapper(...), anchorHoriz='center', anchorVert='center', antialias=True, autoDraw=False, autoLog=True, bold=False, color=array([1., 1., 1.]), colorSpace='rgb', contrast=1.0, depth=0.0, flipHoriz=False, flipVert=False, font='Arial', fontFiles=[], height=0.04, italic=False, languageStyle='LTR', name='finishMessage_text', opacity=1.0, ori=0, pos=array([0., 0.]), rgb=UNKNOWN, text='Thank you for your participation!', units='height', win=Window(...), wrapWidth=1.3)
13.0283 	EXP 	textbox_2: autoLog = True
13.0283 	EXP 	textbox_3: autoLog = True
13.0283 	EXP 	welcome_text: autoDraw = True
14.9902 	DATA 	Keypress: 8
15.0167 	DEBUG 	TextBox2 loaded 1 chars with 0 blanks and 1 valid
15.0181 	DEBUG 	Uploading Texture Font fontname to graphics card
15.0486 	DEBUG 	Upload of Texture Font fontname complete
15.0577 	EXP 	welcome_text: autoDraw = False
15.0577 	EXP 	instructRight_text: autoDraw = True
15.0577 	EXP 	instructRight_centerImg: autoDraw = True
15.0577 	EXP 	instructRight_rightImg1: autoDraw = True
15.0577 	EXP 	instructRight_leftImg1: autoDraw = True
15.8708 	DATA 	Keypress: 8
15.8795 	EXP 	instructRight_text: autoDraw = False
15.8795 	EXP 	instructRight_centerImg: autoDraw = False
15.8795 	EXP 	instructRight_rightImg1: autoDraw = False
15.8795 	EXP 	instructRight_leftImg1: autoDraw = False
15.8795 	EXP 	instructLeft_text: autoDraw = True
15.8795 	EXP 	instructLeft_centerImg: autoDraw = True
15.8795 	EXP 	instructLeft_rightImg1: autoDraw = True
15.8795 	EXP 	instructLeft_leftImg1: autoDraw = True
16.4780 	DATA 	Keypress: 1
16.4989 	DEBUG 	TextBox2 loaded 1 chars with 0 blanks and 1 valid
16.5002 	DEBUG 	Uploading Texture Font fontname to graphics card
16.5055 	DEBUG 	Upload of Texture Font fontname complete
16.5410 	EXP 	instructLeft_text: autoDraw = False
16.5410 	EXP 	instructLeft_centerImg: autoDraw = False
16.5410 	EXP 	instructLeft_rightImg1: autoDraw = False
16.5410 	EXP 	instructLeft_leftImg1: autoDraw = False
16.5410 	EXP 	instructInconRight_text: autoDraw = True
16.5410 	EXP 	instructIncon_centerImg: autoDraw = True
16.5410 	EXP 	instructIncon_rightImg1: autoDraw = True
16.5410 	EXP 	instructIncon_leftImg1: autoDraw = True
16.9697 	DATA 	Keypress: 8
16.9784 	EXP 	instructInconRight_text: autoDraw = False
16.9784 	EXP 	instructIncon_centerImg: autoDraw = False
16.9784 	EXP 	instructIncon_rightImg1: autoDraw = False
16.9784 	EXP 	instructIncon_leftImg1: autoDraw = False
16.9784 	EXP 	instructInconLeft_text: autoDraw = True
16.9784 	EXP 	instructInconLeft_centerImg: autoDraw = True
16.9784 	EXP 	instructInconLeft_rightImg1: autoDraw = True
16.9784 	EXP 	instructInconLeft_leftImg1: autoDraw = True
17.5377 	DEBUG 	Read csv file with pandas: blockSelect_practice.csv
17.5389 	DEBUG 	Clearing unnamed columns from blockSelect_practice.csv
17.5392 	EXP 	Imported blockSelect_practice.csv as conditions, 1 conditions, 1 params
17.5396 	EXP 	Created sequence: random, trialTypes=1, nReps=0, seed=None
17.5421 	DEBUG 	Read csv file with pandas: blockSelect.csv
17.5431 	DEBUG 	Clearing unnamed columns from blockSelect.csv
17.5434 	EXP 	Imported blockSelect.csv as conditions, 5 conditions, 1 params
17.5438 	EXP 	Created sequence: random, trialTypes=5, nReps=0, seed=None
17.5442 	DATA 	Keypress: 1
17.5502 	EXP 	instructInconLeft_text: autoDraw = False
17.5502 	EXP 	instructInconLeft_centerImg: autoDraw = False
17.5502 	EXP 	instructInconLeft_rightImg1: autoDraw = False
17.5502 	EXP 	instructInconLeft_leftImg1: autoDraw = False
17.5502 	EXP 	fix: autoDraw = True
18.0651 	EXP 	fix: autoDraw = False
18.0651 	EXP 	fix: autoDraw = False
18.0651 	EXP 	errorNumbers_text_2: autoDraw = True
18.0651 	EXP 	textbox_2: autoDraw = True
18.7479 	DATA 	Keypress: 8
19.4208 	DATA 	Keypress: space
19.4295 	DEBUG 	TextBox2 loaded 1 chars with 0 blanks and 1 valid
19.4393 	DEBUG 	TextBox2 loaded 1 chars with 0 blanks and 1 valid
19.4404 	DEBUG 	Uploading Texture Font fontname to graphics card
19.4423 	DEBUG 	Upload of Texture Font fontname complete
19.4740 	EXP 	errorNumbers_text_2: autoDraw = False
19.4740 	EXP 	textbox_2: autoDraw = False
19.4740 	EXP 	botherRate_text: autoDraw = True
19.4740 	EXP 	textbox_3: autoDraw = True
19.7991 	DATA 	Keypress: 8
20.1763 	DATA 	Keypress: space
20.2006 	EXP 	botherRate_text: autoDraw = False
20.2006 	EXP 	textbox_3: autoDraw = False
20.2006 	EXP 	instruct_surprise1: autoDraw = True
20.8678 	DEBUG 	Read excel file with openpyxl: surpriseBlock_select_A.xlsx
20.8695 	EXP 	Imported surpriseBlock_select_A.xlsx as conditions, 2 conditions, 5 params
20.8711 	EXP 	Created sequence: sequential, trialTypes=2, nReps=1, seed=None
20.8734 	EXP 	New trial (rep=0, index=0): {'whichSurpriseBlock': 'a_halfV_surpriseTable1.csv', 'topQ_1': 'Old or New?', 'bottomQ_2': 'Approving or Disapproving?', 'newKey': 'left', 'taskTextSource': 'In this round, press Right key when the face is OLD and the left key when it is new.\n\nTo get ready, rest your right and left index fingers on the right and left buttons, then press the right button when you are ready to begin.'}
20.9961 	DATA 	Keypress: 8
21.0021 	EXP 	instruct_surprise1: autoDraw = False
21.0021 	EXP 	instructMainTask_text: height = 0.04
21.0021 	EXP 	instructMainTask_text: height = 0.04
21.0021 	EXP 	instructMainTask_text: height = 0.04
21.0021 	EXP 	instructMainTask_text: text = 'In this round, press Right key when the face is OLD and the left key when it is new.\n\nTo get ready, rest your right and left index fingers on the right and left buttons, then press the right button when you are ready to begin.'
21.0021 	EXP 	instructMainTask_text: autoDraw = True
21.5625 	DEBUG 	Read csv file with pandas: a_halfV_surpriseTable1.csv
21.5656 	DEBUG 	Clearing unnamed columns from a_halfV_surpriseTable1.csv
21.5740 	EXP 	Imported a_halfV_surpriseTable1.csv as conditions, 120 conditions, 2 params
21.5769 	EXP 	Created sequence: random, trialTypes=120, nReps=1, seed=None
21.5777 	EXP 	New trial (rep=0, index=0): OrderedDict([('surpriseFaces', 'img/neutralC/CFD-AF-242-158-N.jpg'), ('new', 1)])
21.8101 	DATA 	Keypress: 8
21.8281 	EXP 	instructMainTask_text: autoDraw = False
21.8281 	EXP 	surprise_faceStimuli: image = 'img/neutralC/CFD-AF-242-158-N.jpg'
21.8281 	EXP 	surprise_faceStimuli: autoDraw = True
21.8281 	EXP 	topQ: autoDraw = True
24.5389 	EXP 	New trial (rep=0, index=1): OrderedDict([('surpriseFaces', 'img/neutralC/CFD-BF-001-025-N.jpg'), ('new', 1)])
24.6663 	DATA 	Keypress: 8
24.6747 	EXP 	surprise_faceStimuli: autoDraw = False
24.6747 	EXP 	topQ: autoDraw = False
24.6747 	EXP 	bottomQ: autoDraw = False
24.6747 	EXP 	surprise_faceStimuli: image = 'img/neutralC/CFD-BF-001-025-N.jpg'
24.6747 	EXP 	surprise_faceStimuli: autoDraw = True
24.6747 	EXP 	topQ: autoDraw = True
25.3035 	EXP 	New trial (rep=0, index=2): OrderedDict([('surpriseFaces', 'img/neutralC/CFD-WM-221-091-N.jpg'), ('new', 0)])
25.4154 	DATA 	Keypress: 8
25.4243 	EXP 	surprise_faceStimuli: autoDraw = False
25.4243 	EXP 	topQ: autoDraw = False
25.4243 	EXP 	bottomQ: autoDraw = False
25.4243 	EXP 	surprise_faceStimuli: image = 'img/neutralC/CFD-WM-221-091-N.jpg'
25.4243 	EXP 	surprise_faceStimuli: autoDraw = True
25.4243 	EXP 	topQ: autoDraw = True
25.9379 	EXP 	New trial (rep=0, index=3): OrderedDict([('surpriseFaces', 'img/neutralC/CFD-IM-682-019-N.jpg'), ('new', 0)])
26.1225 	DATA 	Keypress: 1
26.1315 	EXP 	surprise_faceStimuli: autoDraw = False
26.1315 	EXP 	topQ: autoDraw = False
26.1315 	EXP 	bottomQ: autoDraw = False
26.1315 	EXP 	surprise_faceStimuli: image = 'img/neutralC/CFD-IM-682-019-N.jpg'
26.1315 	EXP 	surprise_faceStimuli: autoDraw = True
26.1315 	EXP 	topQ: autoDraw = True
26.4238 	DATA 	Keypress: 8
26.4378 	EXP 	New trial (rep=0, index=4): OrderedDict([('surpriseFaces', 'img/neutralC/CFD-IM-692-011-N.jpg'), ('new', 0)])
26.6914 	EXP 	surprise_faceStimuli: autoDraw = False
26.6914 	EXP 	topQ: autoDraw = False
26.6914 	EXP 	bottomQ: autoDraw = False
26.6914 	EXP 	surprise_faceStimuli: image = 'img/neutralC/CFD-IM-692-011-N.jpg'
26.6914 	EXP 	surprise_faceStimuli: autoDraw = True
26.6914 	EXP 	topQ: autoDraw = True
26.7579 	DATA 	Keypress: 1
26.7727 	EXP 	New trial (rep=0, index=5): OrderedDict([('surpriseFaces', 'img/neutralC/CFD-AF-240-206-N.jpg'), ('new', 0)])
26.9991 	EXP 	surprise_faceStimuli: autoDraw = False
26.9991 	EXP 	topQ: autoDraw = False
26.9991 	EXP 	bottomQ: autoDraw = False
26.9991 	EXP 	surprise_faceStimuli: image = 'img/neutralC/CFD-AF-240-206-N.jpg'
26.9991 	EXP 	surprise_faceStimuli: autoDraw = True
26.9991 	EXP 	topQ: autoDraw = True
27.0886 	EXP 	New trial (rep=0, index=6): OrderedDict([('surpriseFaces', 'img/neutralC/CFD-BF-042-026-N.jpg'), ('new', 0)])
27.4325 	DATA 	Keypress: 8
27.4421 	EXP 	surprise_faceStimuli: autoDraw = False
27.4421 	EXP 	topQ: autoDraw = False
27.4421 	EXP 	bottomQ: autoDraw = False
27.4421 	EXP 	surprise_faceStimuli: image = 'img/neutralC/CFD-BF-042-026-N.jpg'
27.4421 	EXP 	surprise_faceStimuli: autoDraw = True
27.4421 	EXP 	topQ: autoDraw = True
27.5565 	EXP 	New trial (rep=0, index=7): OrderedDict([('surpriseFaces', 'img/neutralC/CFD-LM-249-001-N.jpg'), ('new', 1)])
27.7574 	DATA 	Keypress: 1
27.7668 	EXP 	surprise_faceStimuli: autoDraw = False
27.7668 	EXP 	topQ: autoDraw = False
27.7668 	EXP 	bottomQ: autoDraw = False
27.7668 	EXP 	surprise_faceStimuli: image = 'img/neutralC/CFD-LM-249-001-N.jpg'
27.7668 	EXP 	surprise_faceStimuli: autoDraw = True
27.7668 	EXP 	topQ: autoDraw = True
27.8935 	DATA 	Keypress: 8
27.9074 	EXP 	New trial (rep=0, index=8): OrderedDict([('surpriseFaces', 'img/neutralC/CFD-LM-220-329-N.jpg'), ('new', 0)])
28.1395 	EXP 	surprise_faceStimuli: autoDraw = False
28.1395 	EXP 	topQ: autoDraw = False
28.1395 	EXP 	bottomQ: autoDraw = False
28.1395 	EXP 	surprise_faceStimuli: image = 'img/neutralC/CFD-LM-220-329-N.jpg'
28.1395 	EXP 	surprise_faceStimuli: autoDraw = True
28.1395 	EXP 	topQ: autoDraw = True
28.9238 	DATA 	Keypress: escape
29.7337 	EXP 	window1: mouseVisible = True
29.7454 	DEBUG 	Saving data for mfe_flanker_v1 ExperimentHandler
29.7486 	INFO 	saved data to C:\Users\kihossei\Documents\GitHub\memory-for-error-dataset\materials\experiments\mfeFlanker\data/54_mfe_flanker_v1_2022-08-11_02h34.50.414.psydat
29.7513 	INFO 	saved data to 'C:\\Users\\kihossei\\Documents\\GitHub\\memory-for-error-dataset\\materials\\experiments\\mfeFlanker\\data/54_mfe_flanker_v1_2022-08-11_02h34.50.414.csv'
