2.4314 	WARNING 	We strongly recommend you activate the PTB sound engine in PsychoPy prefs as the preferred audio engine. Its timing is vastly superior. Your prefs are currently set to use ['sounddevice', 'PTB', 'pyo', 'pygame'] (in that order).
13.4811 	INFO 	Loaded monitor calibration from ['2022_05_31 11:34']
13.4821 	ERROR 	'0.5000, 0.5000, 0.5000' is not a valid rgb color
13.4977 	WARNING 	User requested fullscreen with size [1440  900], but screen is actually [1920, 1080]. Using actual size
15.2721 	EXP 	Created window1 = Window(allowGUI=False, allowStencil=False, autoLog=True, backendConf=UNKNOWN, bitsMode=UNKNOWN, blendMode='avg', bpc=(8, 8, 8), color=array([0, 0, 0]), colorSpace='rgb', depthBits=8, fullscr=<method-wrapper '__getattribute__' of attributeSetter object at 0x00000226D73ECA60>, gamma=None, gammaErrorPolicy='raise', lms=UNKNOWN, monitor=<psychopy.monitors.calibTools.Monitor object at 0x00000226D90452E0>, multiSample=False, name='window1', numSamples=2, pos=(0, 0), screen=0, size=array([1920, 1080]), stencilBits=0, stereo=False, units='height', useFBO=True, useRetina=False, viewOri=0.0, viewPos=None, viewScale=None, waitBlanking=True, winType='pyglet')
15.2726 	EXP 	window1: mouseVisible = True
15.2727 	EXP 	window1: Attempting to measure frame rate of screen (0) ...
15.2728 	EXP 	window1: recordFrameIntervals = False
15.4378 	EXP 	window1: recordFrameIntervals = True
15.6218 	EXP 	Screen (0) actual frame rate measured at 60.04Hz
15.6220 	EXP 	window1: recordFrameIntervals = False
18.2810 	INFO 	keyboard.Keyboard is using iohub backend.
18.5337 	EXP 	Created welcome_text = TextStim(__class__=<class 'psychopy.visual.text.TextStim'>, alignHoriz=method-wrapper(...), alignText='center', alignVert=method-wrapper(...), anchorHoriz='center', anchorVert='center', antialias=True, autoDraw=False, autoLog=True, bold=False, color=array([1., 1., 1.]), colorSpace='rgb', contrast=1.0, depth=0.0, flipHoriz=False, flipVert=False, font='Arial', fontFiles=[], height=0.04, italic=False, languageStyle='LTR', name='welcome_text', opacity=1.0, ori=0, pos=array([0., 0.]), rgb=UNKNOWN, text=str(...), units='height', win=Window(...), wrapWidth=1.3)
18.5337 	INFO 	keyboard.Keyboard is using iohub backend.
18.5442 	EXP 	Created instructRight_text = TextStim(__class__=<class 'psychopy.visual.text.TextStim'>, alignHoriz=method-wrapper(...), alignText='center', alignVert=method-wrapper(...), anchorHoriz='center', anchorVert='center', antialias=True, autoDraw=False, autoLog=True, bold=False, color=array([1., 1., 1.]), colorSpace='rgb', contrast=1.0, depth=0.0, flipHoriz=False, flipVert=False, font='Arial', fontFiles=[], height=0.04, italic=False, languageStyle='LTR', name='instructRight_text', opacity=1.0, ori=0, pos=array([0., 0.]), rgb=UNKNOWN, text=str(...), units='height', win=Window(...), wrapWidth=1.3)
18.6093 	EXP 	Created instructRight_centerImg = ImageStim(__class__=<class 'psychopy.visual.image.ImageStim'>, anchor=('center', 'center'), autoLog=True, color=array([1., 1., 1.]), colorSpace='rgb', contrast=1.0, depth=-1.0, flipHoriz=False, flipVert=False, image='img/rightArrow.png', interpolate=True, mask=None, maskParams=None, name='instructRight_centerImg', opacity=1.0, ori=0.0, pos=array([ 0. , -0.3]), size=array([0.02, 0.02]), texRes=512, units='height', win=Window(...))
18.6687 	EXP 	Created instructRight_rightImg1 = ImageStim(__class__=<class 'psychopy.visual.image.ImageStim'>, anchor=('center', 'center'), autoLog=True, color=array([1., 1., 1.]), colorSpace='rgb', contrast=1.0, depth=-2.0, flipHoriz=False, flipVert=False, image='img/rightArrow.png', interpolate=True, mask=None, maskParams=None, name='instructRight_rightImg1', opacity=1.0, ori=0.0, pos=array([ 0.03, -0.3 ]), size=array([0.02, 0.02]), texRes=512, units='height', win=Window(...))
18.7312 	EXP 	Created instructRight_leftImg1 = ImageStim(__class__=<class 'psychopy.visual.image.ImageStim'>, anchor=('center', 'center'), autoLog=True, color=array([1., 1., 1.]), colorSpace='rgb', contrast=1.0, depth=-3.0, flipHoriz=False, flipVert=False, image='img/rightArrow.png', interpolate=True, mask=None, maskParams=None, name='instructRight_leftImg1', opacity=1.0, ori=0.0, pos=array([-0.03, -0.3 ]), size=array([0.02, 0.02]), texRes=512, units='height', win=Window(...))
18.7313 	INFO 	keyboard.Keyboard is using iohub backend.
18.7417 	EXP 	Created instructLeft_text = TextStim(__class__=<class 'psychopy.visual.text.TextStim'>, alignHoriz=method-wrapper(...), alignText='center', alignVert=method-wrapper(...), anchorHoriz='center', anchorVert='center', antialias=True, autoDraw=False, autoLog=True, bold=False, color=array([1., 1., 1.]), colorSpace='rgb', contrast=1.0, depth=0.0, flipHoriz=False, flipVert=False, font='Arial', fontFiles=[], height=0.04, italic=False, languageStyle='LTR', name='instructLeft_text', opacity=1.0, ori=0, pos=array([0., 0.]), rgb=UNKNOWN, text=str(...), units='height', win=Window(...), wrapWidth=1.3)
18.8053 	EXP 	Created instructLeft_centerImg = ImageStim(__class__=<class 'psychopy.visual.image.ImageStim'>, anchor=('center', 'center'), autoLog=True, color=array([1., 1., 1.]), colorSpace='rgb', contrast=1.0, depth=-1.0, flipHoriz=False, flipVert=False, image='img/leftArrow.png', interpolate=True, mask=None, maskParams=None, name='instructLeft_centerImg', opacity=1.0, ori=0.0, pos=array([ 0. , -0.3]), size=array([0.02, 0.02]), texRes=512, units='height', win=Window(...))
18.8691 	EXP 	Created instructLeft_rightImg1 = ImageStim(__class__=<class 'psychopy.visual.image.ImageStim'>, anchor=('center', 'center'), autoLog=True, color=array([1., 1., 1.]), colorSpace='rgb', contrast=1.0, depth=-2.0, flipHoriz=False, flipVert=False, image='img/leftArrow.png', interpolate=True, mask=None, maskParams=None, name='instructLeft_rightImg1', opacity=1.0, ori=0.0, pos=array([ 0.03, -0.3 ]), size=array([0.02, 0.02]), texRes=512, units='height', win=Window(...))
18.9398 	EXP 	Created instructLeft_leftImg1 = ImageStim(__class__=<class 'psychopy.visual.image.ImageStim'>, anchor=('center', 'center'), autoLog=True, color=array([1., 1., 1.]), colorSpace='rgb', contrast=1.0, depth=-3.0, flipHoriz=False, flipVert=False, image='img/leftArrow.png', interpolate=True, mask=None, maskParams=None, name='instructLeft_leftImg1', opacity=1.0, ori=0.0, pos=array([-0.03, -0.3 ]), size=array([0.02, 0.02]), texRes=512, units='height', win=Window(...))
18.9399 	INFO 	keyboard.Keyboard is using iohub backend.
18.9875 	EXP 	Created instructInconRight_text = TextStim(__class__=<class 'psychopy.visual.text.TextStim'>, alignHoriz=method-wrapper(...), alignText='center', alignVert=method-wrapper(...), anchorHoriz='center', anchorVert='center', antialias=True, autoDraw=False, autoLog=True, bold=False, color=array([1., 1., 1.]), colorSpace='rgb', contrast=1.0, depth=0.0, flipHoriz=False, flipVert=False, font='Arial', fontFiles=[], height=0.04, italic=False, languageStyle='LTR', name='instructInconRight_text', opacity=1.0, ori=0, pos=array([0., 0.]), rgb=UNKNOWN, text=str(...), units='height', win=Window(...), wrapWidth=1.3)
19.0427 	EXP 	Created instructIncon_centerImg = ImageStim(__class__=<class 'psychopy.visual.image.ImageStim'>, anchor=('center', 'center'), autoLog=True, color=array([1., 1., 1.]), colorSpace='rgb', contrast=1.0, depth=-1.0, flipHoriz=False, flipVert=False, image='img/rightArrow.png', interpolate=True, mask=None, maskParams=None, name='instructIncon_centerImg', opacity=1.0, ori=0.0, pos=array([ 0. , -0.3]), size=array([0.02, 0.02]), texRes=512, units='height', win=Window(...))
19.0890 	EXP 	Created instructIncon_rightImg1 = ImageStim(__class__=<class 'psychopy.visual.image.ImageStim'>, anchor=('center', 'center'), autoLog=True, color=array([1., 1., 1.]), colorSpace='rgb', contrast=1.0, depth=-2.0, flipHoriz=False, flipVert=False, image='img/leftArrow.png', interpolate=True, mask=None, maskParams=None, name='instructIncon_rightImg1', opacity=1.0, ori=0.0, pos=array([ 0.03, -0.3 ]), size=array([0.02, 0.02]), texRes=512, units='height', win=Window(...))
19.1385 	EXP 	Created instructIncon_leftImg1 = ImageStim(__class__=<class 'psychopy.visual.image.ImageStim'>, anchor=('center', 'center'), autoLog=True, color=array([1., 1., 1.]), colorSpace='rgb', contrast=1.0, depth=-3.0, flipHoriz=False, flipVert=False, image='img/leftArrow.png', interpolate=True, mask=None, maskParams=None, name='instructIncon_leftImg1', opacity=1.0, ori=0.0, pos=array([-0.03, -0.3 ]), size=array([0.02, 0.02]), texRes=512, units='height', win=Window(...))
19.1386 	INFO 	keyboard.Keyboard is using iohub backend.
19.1467 	EXP 	Created instructInconLeft_text = TextStim(__class__=<class 'psychopy.visual.text.TextStim'>, alignHoriz=method-wrapper(...), alignText='center', alignVert=method-wrapper(...), anchorHoriz='center', anchorVert='center', antialias=True, autoDraw=False, autoLog=True, bold=False, color=array([1., 1., 1.]), colorSpace='rgb', contrast=1.0, depth=0.0, flipHoriz=False, flipVert=False, font='Arial', fontFiles=[], height=0.04, italic=False, languageStyle='LTR', name='instructInconLeft_text', opacity=1.0, ori=0, pos=array([0., 0.]), rgb=UNKNOWN, text=str(...), units='height', win=Window(...), wrapWidth=1.3)
19.1942 	EXP 	Created instructInconLeft_centerImg = ImageStim(__class__=<class 'psychopy.visual.image.ImageStim'>, anchor=('center', 'center'), autoLog=True, color=array([1., 1., 1.]), colorSpace='rgb', contrast=1.0, depth=-1.0, flipHoriz=False, flipVert=False, image='img/leftArrow.png', interpolate=True, mask=None, maskParams=None, name='instructInconLeft_centerImg', opacity=1.0, ori=0.0, pos=array([ 0. , -0.3]), size=array([0.02, 0.02]), texRes=512, units='height', win=Window(...))
19.2431 	EXP 	Created instructInconLeft_rightImg1 = ImageStim(__class__=<class 'psychopy.visual.image.ImageStim'>, anchor=('center', 'center'), autoLog=True, color=array([1., 1., 1.]), colorSpace='rgb', contrast=1.0, depth=-2.0, flipHoriz=False, flipVert=False, image='img/rightArrow.png', interpolate=True, mask=None, maskParams=None, name='instructInconLeft_rightImg1', opacity=1.0, ori=0.0, pos=array([ 0.03, -0.3 ]), size=array([0.02, 0.02]), texRes=512, units='height', win=Window(...))
19.2928 	EXP 	Created instructInconLeft_leftImg1 = ImageStim(__class__=<class 'psychopy.visual.image.ImageStim'>, anchor=('center', 'center'), autoLog=True, color=array([1., 1., 1.]), colorSpace='rgb', contrast=1.0, depth=-3.0, flipHoriz=False, flipVert=False, image='img/rightArrow.png', interpolate=True, mask=None, maskParams=None, name='instructInconLeft_leftImg1', opacity=1.0, ori=0.0, pos=array([-0.03, -0.3 ]), size=array([0.02, 0.02]), texRes=512, units='height', win=Window(...))
19.2928 	INFO 	keyboard.Keyboard is using iohub backend.
19.3188 	EXP 	Created prac_blockText = TextStim(__class__=<class 'psychopy.visual.text.TextStim'>, alignHoriz=method-wrapper(...), alignText='center', alignVert=method-wrapper(...), anchorHoriz='center', anchorVert='center', antialias=True, autoDraw=False, autoLog=True, bold=False, color=array([1., 1., 1.]), colorSpace='rgb', contrast=1.0, depth=-1.0, flipHoriz=False, flipVert=False, font='Arial', fontFiles=[], height=0.06, italic=False, languageStyle='LTR', name='prac_blockText', opacity=1.0, ori=0.0, pos=array([0. , 0.3]), rgb=UNKNOWN, text='Practice', units='height', win=Window(...), wrapWidth=1.3)
19.3370 	EXP 	Created prac_reminder_text = TextStim(__class__=<class 'psychopy.visual.text.TextStim'>, alignHoriz=method-wrapper(...), alignText='center', alignVert=method-wrapper(...), anchorHoriz='center', anchorVert='center', antialias=True, autoDraw=False, autoLog=True, bold=False, color=array([1., 1., 1.]), colorSpace='rgb', contrast=1.0, depth=-2.0, flipHoriz=False, flipVert=False, font='Arial', fontFiles=[], height=0.04, italic=False, languageStyle='LTR', name='prac_reminder_text', opacity=1.0, ori=0, pos=array([0., 0.]), rgb=UNKNOWN, text=str(...), units='height', win=Window(...), wrapWidth=1.3)
19.3370 	INFO 	keyboard.Keyboard is using iohub backend.
19.3417 	EXP 	Created initFixation_img = ImageStim(__class__=<class 'psychopy.visual.image.ImageStim'>, anchor=('center', 'center'), autoLog=True, color=array([1., 1., 1.]), colorSpace='rgb', contrast=1.0, depth=0.0, flipHoriz=False, flipVert=False, image='sin', interpolate=True, mask=None, maskParams=None, name='initFixation_img', opacity=1.0, ori=0.0, pos=array([ 0.   , -0.015]), size=array([0.26, 0.22]), texRes=512, units='height', win=Window(...))
19.3464 	EXP 	Created bigFace = ImageStim(__class__=<class 'psychopy.visual.image.ImageStim'>, anchor=('center', 'center'), autoLog=True, color=array([1., 1., 1.]), colorSpace='rgb', contrast=1.0, depth=-1.0, flipHoriz=False, flipVert=False, image='sin', interpolate=True, mask=None, maskParams=None, name='bigFace', opacity=0.85, ori=0.0, pos=array([0., 0.]), size=array([0.4267, 0.3   ]), texRes=128.0, units='height', win=Window(...))
19.3525 	EXP 	Created cover_background_2 = ImageStim(__class__=<class 'psychopy.visual.image.ImageStim'>, anchor=('center', 'center'), autoLog=True, color=array([1., 1., 1.]), colorSpace='rgb', contrast=1.0, depth=-2.0, flipHoriz=False, flipVert=False, image='sin', interpolate=True, mask=None, maskParams=None, name='cover_background_2', opacity=1.0, ori=0.0, pos=array([ 0.   , -0.015]), size=array([0.26, 0.22]), texRes=128.0, units='height', win=Window(...))
19.3605 	EXP 	Created prac_centerImg = ImageStim(__class__=<class 'psychopy.visual.image.ImageStim'>, anchor=('center', 'center'), autoLog=True, color=array([1., 1., 1.]), colorSpace='rgb', contrast=1.0, depth=-3.0, flipHoriz=False, flipVert=False, image='sin', interpolate=True, mask=None, maskParams=None, name='prac_centerImg', opacity=1.0, ori=0.0, pos=array([0., 0.]), size=array([1., 1.]), texRes=512, units='height', win=Window(...))
19.3654 	EXP 	Created prac_rightImg1 = ImageStim(__class__=<class 'psychopy.visual.image.ImageStim'>, anchor=('center', 'center'), autoLog=True, color=array([1., 1., 1.]), colorSpace='rgb', contrast=1.0, depth=-4.0, flipHoriz=False, flipVert=False, image='sin', interpolate=True, mask=None, maskParams=None, name='prac_rightImg1', opacity=1.0, ori=0.0, pos=array([0., 0.]), size=array([1., 1.]), texRes=512, units='height', win=Window(...))
19.3710 	EXP 	Created prac_rightImg2 = ImageStim(__class__=<class 'psychopy.visual.image.ImageStim'>, anchor=('center', 'center'), autoLog=True, color=array([1., 1., 1.]), colorSpace='rgb', contrast=1.0, depth=-5.0, flipHoriz=False, flipVert=False, image='sin', interpolate=True, mask=None, maskParams=None, name='prac_rightImg2', opacity=1.0, ori=0.0, pos=array([0., 0.]), size=array([1., 1.]), texRes=512, units='height', win=Window(...))
19.3757 	EXP 	Created prac_leftImg1 = ImageStim(__class__=<class 'psychopy.visual.image.ImageStim'>, anchor=('center', 'center'), autoLog=True, color=array([1., 1., 1.]), colorSpace='rgb', contrast=1.0, depth=-6.0, flipHoriz=False, flipVert=False, image='sin', interpolate=True, mask=None, maskParams=None, name='prac_leftImg1', opacity=1.0, ori=0.0, pos=array([0., 0.]), size=array([1., 1.]), texRes=512, units='height', win=Window(...))
19.3809 	EXP 	Created prac_leftImg2 = ImageStim(__class__=<class 'psychopy.visual.image.ImageStim'>, anchor=('center', 'center'), autoLog=True, color=array([1., 1., 1.]), colorSpace='rgb', contrast=1.0, depth=-7.0, flipHoriz=False, flipVert=False, image='sin', interpolate=True, mask=None, maskParams=None, name='prac_leftImg2', opacity=1.0, ori=0.0, pos=array([0., 0.]), size=array([1., 1.]), texRes=512, units='height', win=Window(...))
19.3861 	EXP 	Created prac_fixImg = ImageStim(__class__=<class 'psychopy.visual.image.ImageStim'>, anchor=('center', 'center'), autoLog=True, color=array([1., 1., 1.]), colorSpace='rgb', contrast=1.0, depth=-8.0, flipHoriz=False, flipVert=False, image='sin', interpolate=True, mask=None, maskParams=None, name='prac_fixImg', opacity=1.0, ori=0.0, pos=array([ 0.   , -0.015]), size=array([0.26, 0.22]), texRes=512, units='height', win=Window(...))
19.3861 	INFO 	keyboard.Keyboard is using iohub backend.
19.3875 	EXP 	Created prac_blockFeed_text = TextStim(__class__=<class 'psychopy.visual.text.TextStim'>, alignHoriz=method-wrapper(...), alignText='center', alignVert=method-wrapper(...), anchorHoriz='center', anchorVert='center', antialias=True, autoDraw=False, autoLog=True, bold=False, color=array([1., 1., 1.]), colorSpace='rgb', contrast=1.0, depth=-1.0, flipHoriz=False, flipVert=False, font='Arial', fontFiles=[], height=0.04, italic=False, languageStyle='LTR', name='prac_blockFeed_text', opacity=1.0, ori=0, pos=array([0., 0.]), rgb=UNKNOWN, text='', units='height', win=Window(...), wrapWidth=1.3)
19.3917 	EXP 	Created prac_pressContinue = TextStim(__class__=<class 'psychopy.visual.text.TextStim'>, alignHoriz=method-wrapper(...), alignText='center', alignVert=method-wrapper(...), anchorHoriz='center', anchorVert='center', antialias=True, autoDraw=False, autoLog=True, bold=False, color=array([1., 1., 1.]), colorSpace='rgb', contrast=1.0, depth=-2.0, flipHoriz=False, flipVert=False, font='Arial', fontFiles=[], height=0.04, italic=False, languageStyle='LTR', name='prac_pressContinue', opacity=1.0, ori=0.0, pos=array([ 0. , -0.3]), rgb=UNKNOWN, text='Press the right key', units='height', win=Window(...), wrapWidth=1.3)
19.3917 	INFO 	keyboard.Keyboard is using iohub backend.
19.3931 	EXP 	Created task_blockText = TextStim(__class__=<class 'psychopy.visual.text.TextStim'>, alignHoriz=method-wrapper(...), alignText='center', alignVert=method-wrapper(...), anchorHoriz='center', anchorVert='center', antialias=True, autoDraw=False, autoLog=True, bold=False, color=array([1., 1., 1.]), colorSpace='rgb', contrast=1.0, depth=-1.0, flipHoriz=False, flipVert=False, font='Arial', fontFiles=[], height=0.06, italic=False, languageStyle='LTR', name='task_blockText', opacity=1.0, ori=0.0, pos=array([0. , 0.3]), rgb=UNKNOWN, text='', units='height', win=Window(...), wrapWidth=1.3)
19.4058 	EXP 	Created task_blockReminders_text = TextStim(__class__=<class 'psychopy.visual.text.TextStim'>, alignHoriz=method-wrapper(...), alignText='center', alignVert=method-wrapper(...), anchorHoriz='center', anchorVert='center', antialias=True, autoDraw=False, autoLog=True, bold=False, color=array([1., 1., 1.]), colorSpace='rgb', contrast=1.0, depth=-2.0, flipHoriz=False, flipVert=False, font='Arial', fontFiles=[], height=0.04, italic=False, languageStyle='LTR', name='task_blockReminders_text', opacity=1.0, ori=0, pos=array([0., 0.]), rgb=UNKNOWN, text=str(...), units='height', win=Window(...), wrapWidth=1.3)
19.4059 	INFO 	keyboard.Keyboard is using iohub backend.
19.4111 	EXP 	Created initFixation_img = ImageStim(__class__=<class 'psychopy.visual.image.ImageStim'>, anchor=('center', 'center'), autoLog=True, color=array([1., 1., 1.]), colorSpace='rgb', contrast=1.0, depth=0.0, flipHoriz=False, flipVert=False, image='sin', interpolate=True, mask=None, maskParams=None, name='initFixation_img', opacity=1.0, ori=0.0, pos=array([ 0.   , -0.015]), size=array([0.26, 0.22]), texRes=512, units='height', win=Window(...))
19.4162 	EXP 	Created bigFace_2 = ImageStim(__class__=<class 'psychopy.visual.image.ImageStim'>, anchor=('center', 'center'), autoLog=True, color=array([1., 1., 1.]), colorSpace='rgb', contrast=1.0, depth=-1.0, flipHoriz=False, flipVert=False, image='sin', interpolate=True, mask=None, maskParams=None, name='bigFace_2', opacity=0.85, ori=0.0, pos=array([0., 0.]), size=array([0.4267, 0.3   ]), texRes=128.0, units='height', win=Window(...))
19.4945 	EXP 	Created cover_background = ImageStim(__class__=<class 'psychopy.visual.image.ImageStim'>, anchor=('center', 'center'), autoLog=True, color=array([1., 1., 1.]), colorSpace='rgb', contrast=1.0, depth=-2.0, flipHoriz=False, flipVert=False, image='img/cover_background.png', interpolate=True, mask=None, maskParams=None, name='cover_background', opacity=1.0, ori=0.0, pos=array([ 0.   , -0.015]), size=array([0.26, 0.22]), texRes=128.0, units='height', win=Window(...))
19.4998 	EXP 	Created task_centerImg = ImageStim(__class__=<class 'psychopy.visual.image.ImageStim'>, anchor=('center', 'center'), autoLog=True, color=array([1., 1., 1.]), colorSpace='rgb', contrast=1.0, depth=-3.0, flipHoriz=False, flipVert=False, image='sin', interpolate=True, mask=None, maskParams=None, name='task_centerImg', opacity=1.0, ori=0.0, pos=array([0., 0.]), size=array([1., 1.]), texRes=512, units='height', win=Window(...))
19.5047 	EXP 	Created task_rightImg1 = ImageStim(__class__=<class 'psychopy.visual.image.ImageStim'>, anchor=('center', 'center'), autoLog=True, color=array([1., 1., 1.]), colorSpace='rgb', contrast=1.0, depth=-4.0, flipHoriz=False, flipVert=False, image='sin', interpolate=True, mask=None, maskParams=None, name='task_rightImg1', opacity=1.0, ori=0.0, pos=array([0., 0.]), size=array([1., 1.]), texRes=512, units='height', win=Window(...))
19.5098 	EXP 	Created task_rightImg2 = ImageStim(__class__=<class 'psychopy.visual.image.ImageStim'>, anchor=('center', 'center'), autoLog=True, color=array([1., 1., 1.]), colorSpace='rgb', contrast=1.0, depth=-5.0, flipHoriz=False, flipVert=False, image='sin', interpolate=True, mask=None, maskParams=None, name='task_rightImg2', opacity=1.0, ori=0.0, pos=array([0., 0.]), size=array([1., 1.]), texRes=512, units='height', win=Window(...))
19.5147 	EXP 	Created task_leftImg1 = ImageStim(__class__=<class 'psychopy.visual.image.ImageStim'>, anchor=('center', 'center'), autoLog=True, color=array([1., 1., 1.]), colorSpace='rgb', contrast=1.0, depth=-6.0, flipHoriz=False, flipVert=False, image='sin', interpolate=True, mask=None, maskParams=None, name='task_leftImg1', opacity=1.0, ori=0.0, pos=array([0., 0.]), size=array([1., 1.]), texRes=512, units='height', win=Window(...))
19.5211 	EXP 	Created task_leftImg2 = ImageStim(__class__=<class 'psychopy.visual.image.ImageStim'>, anchor=('center', 'center'), autoLog=True, color=array([1., 1., 1.]), colorSpace='rgb', contrast=1.0, depth=-7.0, flipHoriz=False, flipVert=False, image='sin', interpolate=True, mask=None, maskParams=None, name='task_leftImg2', opacity=1.0, ori=0.0, pos=array([0., 0.]), size=array([1., 1.]), texRes=512, units='height', win=Window(...))
19.5276 	EXP 	Created task_fixImg = ImageStim(__class__=<class 'psychopy.visual.image.ImageStim'>, anchor=('center', 'center'), autoLog=True, color=array([1., 1., 1.]), colorSpace='rgb', contrast=1.0, depth=-8.0, flipHoriz=False, flipVert=False, image='sin', interpolate=True, mask=None, maskParams=None, name='task_fixImg', opacity=1.0, ori=0.0, pos=array([ 0.   , -0.015]), size=array([0.26, 0.22]), texRes=512, units='height', win=Window(...))
19.5277 	INFO 	keyboard.Keyboard is using iohub backend.
19.5298 	EXP 	Created task_blockFeed_text = TextStim(__class__=<class 'psychopy.visual.text.TextStim'>, alignHoriz=method-wrapper(...), alignText='center', alignVert=method-wrapper(...), anchorHoriz='center', anchorVert='center', antialias=True, autoDraw=False, autoLog=True, bold=False, color=array([1., 1., 1.]), colorSpace='rgb', contrast=1.0, depth=-1.0, flipHoriz=False, flipVert=False, font='Arial', fontFiles=[], height=0.12, italic=False, languageStyle='LTR', name='task_blockFeed_text', opacity=1.0, ori=0, pos=array([0. , 0.1]), rgb=UNKNOWN, text='', units='height', win=Window(...), wrapWidth=1.8)
19.5310 	EXP 	Created task_blockFeed_text2 = TextStim(__class__=<class 'psychopy.visual.text.TextStim'>, alignHoriz=method-wrapper(...), alignText='center', alignVert=method-wrapper(...), anchorHoriz='center', anchorVert='center', antialias=True, autoDraw=False, autoLog=True, bold=False, color=array([1., 1., 1.]), colorSpace='rgb', contrast=1.0, depth=-2.0, flipHoriz=False, flipVert=False, font='Arial', fontFiles=[], height=0.04, italic=False, languageStyle='LTR', name='task_blockFeed_text2', opacity=1.0, ori=0, pos=array([ 0. , -0.3]), rgb=UNKNOWN, text='', units='height', win=Window(...), wrapWidth=1.3)
19.5311 	INFO 	keyboard.Keyboard is using iohub backend.
19.5436 	EXP 	Created fix = TextStim(__class__=<class 'psychopy.visual.text.TextStim'>, alignHoriz=method-wrapper(...), alignText='center', alignVert=method-wrapper(...), anchorHoriz='center', anchorVert='center', antialias=True, autoDraw=False, autoLog=True, bold=False, color=array([1., 1., 1.]), colorSpace='rgb', contrast=1.0, depth=0.0, flipHoriz=False, flipVert=False, font='Open Sans', fontFiles=[], height=0.1, italic=False, languageStyle='LTR', name='fix', opacity=1.0, ori=0.0, pos=array([0., 0.]), rgb=UNKNOWN, text='+', units='height', win=Window(...), wrapWidth=1)
19.5719 	EXP 	Created errorNumbers_text_2 = TextStim(__class__=<class 'psychopy.visual.text.TextStim'>, alignHoriz=method-wrapper(...), alignText='center', alignVert=method-wrapper(...), anchorHoriz='center', anchorVert='center', antialias=True, autoDraw=False, autoLog=True, bold=False, color=array([1., 1., 1.]), colorSpace='rgb', contrast=1.0, depth=-1.0, flipHoriz=False, flipVert=False, font='Open Sans', fontFiles=[], height=0.03, italic=False, languageStyle='LTR', name='errorNumbers_text_2', opacity=1.0, ori=0.0, pos=array([0.  , 0.12]), rgb=UNKNOWN, text=str(...), units='height', win=Window(...), wrapWidth=1)
19.5891 	INFO 	keyboard.Keyboard is using iohub backend.
19.6050 	EXP 	Created botherRate_text = TextStim(__class__=<class 'psychopy.visual.text.TextStim'>, alignHoriz=method-wrapper(...), alignText='center', alignVert=method-wrapper(...), anchorHoriz='center', anchorVert='center', antialias=True, autoDraw=False, autoLog=True, bold=False, color=array([1., 1., 1.]), colorSpace='rgb', contrast=1.0, depth=-1.0, flipHoriz=False, flipVert=False, font='Open Sans', fontFiles=[], height=0.03, italic=False, languageStyle='LTR', name='botherRate_text', opacity=1.0, ori=0.0, pos=array([0.  , 0.12]), rgb=UNKNOWN, text=str(...), units='height', win=Window(...), wrapWidth=1)
19.6206 	INFO 	keyboard.Keyboard is using iohub backend.
19.6527 	EXP 	Created instruct_surprise1 = TextStim(__class__=<class 'psychopy.visual.text.TextStim'>, alignHoriz=method-wrapper(...), alignText='center', alignVert=method-wrapper(...), anchorHoriz='center', anchorVert='center', antialias=True, autoDraw=False, autoLog=True, bold=False, color=array([1., 1., 1.]), colorSpace='rgb', contrast=1.0, depth=0.0, flipHoriz=False, flipVert=False, font='Open Sans', fontFiles=[], height=0.04, italic=False, languageStyle='LTR', name='instruct_surprise1', opacity=1.0, ori=0.0, pos=array([0., 0.]), rgb=UNKNOWN, text=str(...), units='height', win=Window(...), wrapWidth=1)
19.6527 	INFO 	keyboard.Keyboard is using iohub backend.
19.6541 	EXP 	Created instructMainTask_text = TextStim(__class__=<class 'psychopy.visual.text.TextStim'>, alignHoriz=method-wrapper(...), alignText='center', alignVert=method-wrapper(...), anchorHoriz='center', anchorVert='center', antialias=True, autoDraw=False, autoLog=True, bold=False, color=array([1., 1., 1.]), colorSpace='rgb', contrast=1.0, depth=0.0, flipHoriz=False, flipVert=False, font='Arial', fontFiles=[], height=0.04, italic=False, languageStyle='LTR', name='instructMainTask_text', opacity=1.0, ori=0, pos=array([0., 0.]), rgb=UNKNOWN, text='', units='height', win=Window(...), wrapWidth=1.3)
19.6541 	INFO 	keyboard.Keyboard is using iohub backend.
19.6579 	EXP 	Created first_surpStimuli_2 = ImageStim(__class__=<class 'psychopy.visual.image.ImageStim'>, anchor=('center', 'center'), autoLog=True, color=array([1., 1., 1.]), colorSpace='rgb', contrast=1.0, depth=0.0, flipHoriz=False, flipVert=False, image='sin', interpolate=True, mask=None, maskParams=None, name='first_surpStimuli_2', opacity=1.0, ori=0.0, pos=array([0., 0.]), size=array([0.45514667, 0.32      ]), texRes=128.0, units='height', win=Window(...))
19.6602 	EXP 	Created topQ_2 = TextStim(__class__=<class 'psychopy.visual.text.TextStim'>, alignHoriz=method-wrapper(...), alignText='center', alignVert=method-wrapper(...), anchorHoriz='center', anchorVert='center', antialias=True, autoDraw=False, autoLog=True, bold=False, color=array([1., 1., 1.]), colorSpace='rgb', contrast=1.0, depth=-1.0, flipHoriz=False, flipVert=False, font='Open Sans', fontFiles=[], height=0.025, italic=False, languageStyle='LTR', name='topQ_2', opacity=1.0, ori=0.0, pos=array([0., 0.]), rgb=UNKNOWN, text='', units='height', win=Window(...), wrapWidth=1)
19.6602 	INFO 	keyboard.Keyboard is using iohub backend.
19.6710 	EXP 	window1: mouseVisible = True
19.6944 	DEBUG 	TextBox2 loaded 1 chars with 0 blanks and 1 valid
19.6981 	DEBUG 	TextBox2 loaded 1 chars with 0 blanks and 1 valid
19.7017 	DEBUG 	TextBox2 loaded 1 chars with 0 blanks and 1 valid
19.7038 	DEBUG 	TextBox2 loaded 1 chars with 0 blanks and 1 valid
19.7071 	DEBUG 	TextBox2 loaded 1 chars with 0 blanks and 1 valid
19.7101 	DEBUG 	TextBox2 loaded 1 chars with 0 blanks and 1 valid
19.7121 	DEBUG 	TextBox2 loaded 1 chars with 0 blanks and 1 valid
19.7157 	DEBUG 	TextBox2 loaded 1 chars with 0 blanks and 1 valid
19.7172 	DEBUG 	TextBox2 loaded 1 chars with 0 blanks and 1 valid
19.7190 	DEBUG 	TextBox2 loaded 1 chars with 0 blanks and 1 valid
19.7235 	DEBUG 	TextBox2 loaded 1 chars with 0 blanks and 1 valid
19.7239 	DEBUG 	Uploading Texture Font fontname to graphics card
19.7326 	DEBUG 	Upload of Texture Font fontname complete
19.7559 	DEBUG 	TextBox2 loaded 1 chars with 0 blanks and 1 valid
19.7587 	DEBUG 	TextBox2 loaded 1 chars with 0 blanks and 1 valid
19.7617 	DEBUG 	TextBox2 loaded 1 chars with 0 blanks and 1 valid
19.7653 	DEBUG 	TextBox2 loaded 1 chars with 0 blanks and 1 valid
19.7685 	DEBUG 	TextBox2 loaded 1 chars with 0 blanks and 1 valid
19.7688 	DEBUG 	Uploading Texture Font fontname to graphics card
19.7795 	DEBUG 	Upload of Texture Font fontname complete
19.8018 	DEBUG 	TextBox2 loaded 1 chars with 0 blanks and 1 valid
19.8022 	DEBUG 	Uploading Texture Font fontname to graphics card
19.8089 	DEBUG 	Upload of Texture Font fontname complete
19.8289 	DEBUG 	TextBox2 loaded 1 chars with 0 blanks and 1 valid
19.8293 	DEBUG 	Uploading Texture Font fontname to graphics card
19.8368 	DEBUG 	Upload of Texture Font fontname complete
19.9164 	EXP 	Created first_slider_2 = Slider(__class__=<class 'psychopy.visual.slider.Slider'>, autoDraw=False, autoLog=True, borderColor=None, color=None, colorSpace='rgb', depth=-3, fillColor=None, flip=False, font='Open Sans', granularity=1.0, labelColor=None, labelHeight=0.05, labelWrapWidth=None, labels=list(...), lineColor=None, markerColor=None, name='first_slider_2', opacity=None, ori=0.0, pos=array([0. , 0.3]), readOnly=False, self=UNKNOWN, size=array([1.   , 0.014]), startValue=None, style='rating', styleTweaks=[], ticks=array([1, 2, 3, 4, 5, 6]), units='height', win=Window(...))
19.9206 	EXP 	Created first_surpStimuli = ImageStim(__class__=<class 'psychopy.visual.image.ImageStim'>, anchor=('center', 'center'), autoLog=True, color=array([1., 1., 1.]), colorSpace='rgb', contrast=1.0, depth=0.0, flipHoriz=False, flipVert=False, image='sin', interpolate=True, mask=None, maskParams=None, name='first_surpStimuli', opacity=1.0, ori=0.0, pos=array([0., 0.]), size=array([0.45514667, 0.32      ]), texRes=128.0, units='height', win=Window(...))
19.9220 	EXP 	Created topQ = TextStim(__class__=<class 'psychopy.visual.text.TextStim'>, alignHoriz=method-wrapper(...), alignText='center', alignVert=method-wrapper(...), anchorHoriz='center', anchorVert='center', antialias=True, autoDraw=False, autoLog=True, bold=False, color=array([1., 1., 1.]), colorSpace='rgb', contrast=1.0, depth=-1.0, flipHoriz=False, flipVert=False, font='Open Sans', fontFiles=[], height=0.025, italic=False, languageStyle='LTR', name='topQ', opacity=1.0, ori=0.0, pos=array([0., 0.]), rgb=UNKNOWN, text='', units='height', win=Window(...), wrapWidth=1)
19.9220 	INFO 	keyboard.Keyboard is using iohub backend.
19.9293 	EXP 	window1: mouseVisible = True
20.0769 	EXP 	Created first_slider = Slider(__class__=<class 'psychopy.visual.slider.Slider'>, autoDraw=False, autoLog=True, borderColor=None, color=None, colorSpace='rgb', depth=-3, fillColor=None, flip=False, font='Open Sans', granularity=1.0, labelColor=None, labelHeight=0.05, labelWrapWidth=None, labels=list(...), lineColor=None, markerColor=None, name='first_slider', opacity=None, ori=0.0, pos=array([ 0. , -0.4]), readOnly=False, self=UNKNOWN, size=array([1. , 0.1]), startValue=None, style='rating', styleTweaks=[], ticks=array([6, 5, 4, 3, 2, 1]), units='height', win=Window(...))
20.0921 	EXP 	Created finishMessage_text = TextStim(__class__=<class 'psychopy.visual.text.TextStim'>, alignHoriz=method-wrapper(...), alignText='center', alignVert=method-wrapper(...), anchorHoriz='center', anchorVert='center', antialias=True, autoDraw=False, autoLog=True, bold=False, color=array([1., 1., 1.]), colorSpace='rgb', contrast=1.0, depth=0.0, flipHoriz=False, flipVert=False, font='Arial', fontFiles=[], height=0.04, italic=False, languageStyle='LTR', name='finishMessage_text', opacity=1.0, ori=0, pos=array([0., 0.]), rgb=UNKNOWN, text='Thank you for your participation!', units='height', win=Window(...), wrapWidth=1.3)
20.1017 	EXP 	textbox_2: autoLog = True
20.1017 	EXP 	textbox_3: autoLog = True
20.1017 	EXP 	first_slider_2: autoLog = True
20.1017 	EXP 	first_slider_2: markerPos = None
20.1017 	EXP 	first_slider_2: styleTweaks = []
20.1017 	EXP 	first_slider_2: styleTweaks = []
20.1017 	EXP 	first_slider_2: styleTweaks = []
20.1017 	EXP 	first_slider_2: styleTweaks = []
20.1017 	EXP 	first_slider_2: contrast = 1.0
20.1017 	EXP 	first_slider_2: autoLog = True
20.1017 	EXP 	first_slider: autoLog = True
20.1017 	EXP 	first_slider: markerPos = None
20.1017 	EXP 	first_slider: styleTweaks = []
20.1017 	EXP 	first_slider: styleTweaks = []
20.1017 	EXP 	first_slider: styleTweaks = []
20.1017 	EXP 	first_slider: styleTweaks = []
20.1017 	EXP 	first_slider: contrast = 1.0
20.1017 	EXP 	first_slider: autoLog = True
20.1017 	EXP 	welcome_text: autoDraw = True
20.6553 	DATA 	Keypress: 8
20.6637 	DEBUG 	TextBox2 loaded 1 chars with 0 blanks and 1 valid
20.6643 	DEBUG 	Uploading Texture Font fontname to graphics card
20.6667 	DEBUG 	Upload of Texture Font fontname complete
20.6730 	EXP 	welcome_text: autoDraw = False
20.6730 	EXP 	instructRight_text: autoDraw = True
20.6730 	EXP 	instructRight_centerImg: autoDraw = True
20.6730 	EXP 	instructRight_rightImg1: autoDraw = True
20.6730 	EXP 	instructRight_leftImg1: autoDraw = True
21.0698 	DATA 	Keypress: 8
21.0933 	EXP 	instructRight_text: autoDraw = False
21.0933 	EXP 	instructRight_centerImg: autoDraw = False
21.0933 	EXP 	instructRight_rightImg1: autoDraw = False
21.0933 	EXP 	instructRight_leftImg1: autoDraw = False
21.0933 	EXP 	instructLeft_text: autoDraw = True
21.0933 	EXP 	instructLeft_centerImg: autoDraw = True
21.0933 	EXP 	instructLeft_rightImg1: autoDraw = True
21.0933 	EXP 	instructLeft_leftImg1: autoDraw = True
21.5147 	DATA 	Keypress: 8
21.6934 	DATA 	Keypress: 1
21.6984 	DEBUG 	TextBox2 loaded 1 chars with 0 blanks and 1 valid
21.6987 	DEBUG 	Uploading Texture Font fontname to graphics card
21.6997 	DEBUG 	Upload of Texture Font fontname complete
21.7087 	EXP 	instructLeft_text: autoDraw = False
21.7087 	EXP 	instructLeft_centerImg: autoDraw = False
21.7087 	EXP 	instructLeft_rightImg1: autoDraw = False
21.7087 	EXP 	instructLeft_leftImg1: autoDraw = False
21.7087 	EXP 	instructInconRight_text: autoDraw = True
21.7087 	EXP 	instructIncon_centerImg: autoDraw = True
21.7087 	EXP 	instructIncon_rightImg1: autoDraw = True
21.7087 	EXP 	instructIncon_leftImg1: autoDraw = True
21.8941 	DATA 	Keypress: 8
21.9237 	EXP 	instructInconRight_text: autoDraw = False
21.9237 	EXP 	instructIncon_centerImg: autoDraw = False
21.9237 	EXP 	instructIncon_rightImg1: autoDraw = False
21.9237 	EXP 	instructIncon_leftImg1: autoDraw = False
21.9237 	EXP 	instructInconLeft_text: autoDraw = True
21.9237 	EXP 	instructInconLeft_centerImg: autoDraw = True
21.9237 	EXP 	instructInconLeft_rightImg1: autoDraw = True
21.9237 	EXP 	instructInconLeft_leftImg1: autoDraw = True
22.0627 	DEBUG 	Read csv file with pandas: blockSelect_practice.csv
22.0653 	DEBUG 	Clearing unnamed columns from blockSelect_practice.csv
22.0660 	EXP 	Imported blockSelect_practice.csv as conditions, 1 conditions, 1 params
22.0669 	EXP 	Created sequence: random, trialTypes=1, nReps=0, seed=None
22.0719 	DEBUG 	Read csv file with pandas: blockSelect.csv
22.0739 	DEBUG 	Clearing unnamed columns from blockSelect.csv
22.0747 	EXP 	Imported blockSelect.csv as conditions, 10 conditions, 1 params
22.0755 	EXP 	Created sequence: random, trialTypes=10, nReps=0, seed=None
22.0762 	DATA 	Keypress: 1
22.0851 	EXP 	instructInconLeft_text: autoDraw = False
22.0851 	EXP 	instructInconLeft_centerImg: autoDraw = False
22.0851 	EXP 	instructInconLeft_rightImg1: autoDraw = False
22.0851 	EXP 	instructInconLeft_leftImg1: autoDraw = False
22.0851 	EXP 	fix: autoDraw = True
22.1916 	DATA 	Keypress: 8
22.5995 	EXP 	fix: autoDraw = False
22.5995 	EXP 	errorNumbers_text_2: autoDraw = True
22.5995 	EXP 	textbox_2: autoDraw = True
22.9415 	DATA 	Keypress: space
22.9495 	DEBUG 	TextBox2 loaded 1 chars with 0 blanks and 1 valid
22.9576 	DEBUG 	TextBox2 loaded 1 chars with 0 blanks and 1 valid
22.9586 	DEBUG 	Uploading Texture Font fontname to graphics card
22.9604 	DEBUG 	Upload of Texture Font fontname complete
22.9802 	EXP 	errorNumbers_text_2: autoDraw = False
22.9802 	EXP 	textbox_2: autoDraw = False
22.9802 	EXP 	botherRate_text: autoDraw = True
22.9802 	EXP 	textbox_3: autoDraw = True
23.3018 	DATA 	Keypress: space
23.3205 	EXP 	botherRate_text: autoDraw = False
23.3205 	EXP 	textbox_3: autoDraw = False
23.3205 	EXP 	instruct_surprise1: autoDraw = True
23.8397 	DEBUG 	Read excel file with openpyxl: surpriseBlock_select_A.xlsx
23.8417 	EXP 	Imported surpriseBlock_select_A.xlsx as conditions, 2 conditions, 7 params
23.8426 	EXP 	Created sequence: sequential, trialTypes=2, nReps=1, seed=None
23.8434 	EXP 	New trial (rep=0, index=0): {'whichSurpriseBlock': 'half_surp_table1.csv', 'topQ_1': 'Old or New?', 'bottomQ_2': 'Approving or Disapproving?', 'fTick': [1, 2, 3, 4, 5, 6], 'fLabel': '["Definitely new", "Probably new", "Maybe new", "Maybe old", "Probably old", "Definitely old"] \xa0', 'newKey': 'left', 'taskTextSource': 'In this round, press Right key when the face is OLD and the left key when it is new.\n\nTo get ready, rest your right and left index fingers on the right and left buttons, then press the right button when you are ready to begin.'}
23.8908 	DATA 	Keypress: 8
23.8951 	EXP 	instruct_surprise1: autoDraw = False
23.8951 	EXP 	instructMainTask_text: height = 0.04
23.8951 	EXP 	instructMainTask_text: height = 0.04
23.8951 	EXP 	instructMainTask_text: height = 0.04
23.8951 	EXP 	instructMainTask_text: text = 'In this round, press Right key when the face is OLD and the left key when it is new.\n\nTo get ready, rest your right and left index fingers on the right and left buttons, then press the right button when you are ready to begin.'
23.8951 	EXP 	instructMainTask_text: autoDraw = True
24.2279 	DATA 	Keypress: 8
24.2533 	DEBUG 	Read csv file with pandas: half_surp_table1.csv
24.2562 	DEBUG 	Clearing unnamed columns from half_surp_table1.csv
24.2670 	EXP 	Imported half_surp_table1.csv as conditions, 240 conditions, 1 params
24.2746 	EXP 	Created sequence: random, trialTypes=240, nReps=1, seed=None
24.2755 	EXP 	New trial (rep=0, index=0): OrderedDict([('surp_csv_name', 'csv_files/surprise_csv_files/surpriseTable_row251.csv')])
24.3069 	DEBUG 	Read csv file with pandas: csv_files/surprise_csv_files/surpriseTable_row251.csv
24.3109 	DEBUG 	Clearing unnamed columns from csv_files/surprise_csv_files/surpriseTable_row251.csv
24.3121 	EXP 	Imported csv_files/surprise_csv_files/surpriseTable_row251.csv as conditions, 1 conditions, 2 params
24.3132 	EXP 	Created sequence: random, trialTypes=1, nReps=1, seed=None
24.3141 	EXP 	New trial (rep=0, index=0): OrderedDict([('surpriseFaces', 'img/neutralC/CFD-MM-315-013-N.jpg'), ('new', 0)])
24.5269 	EXP 	instructMainTask_text: autoDraw = False
24.5269 	EXP 	first_surpStimuli_2: image = 'img/neutralC/CFD-MM-315-013-N.jpg'
24.5269 	EXP 	topQ_2: height = 0.025
24.5269 	EXP 	topQ_2: height = 0.025
24.5269 	EXP 	topQ_2: height = 0.025
24.5269 	EXP 	topQ_2: text = 'Old or New?'
24.5269 	EXP 	first_slider_2: markerPos = None
24.5269 	EXP 	first_slider_2: markerPos = None
24.5269 	EXP 	first_surpStimuli_2: autoDraw = True
24.5269 	EXP 	topQ_2: autoDraw = True
24.5269 	EXP 	first_slider_2: autoDraw = True
33.5267 	DATA 	Keypress: escape
34.5262 	EXP 	window1: mouseVisible = True
34.5272 	DEBUG 	Saving data for mfe_flanker_v1 ExperimentHandler
34.5300 	INFO 	saved data to C:\Users\kihossei\Documents\GitHub\memory-for-error-dataset\materials\experiments\mfeFlanker\data/6_mfe_flanker_v1_2022-08-11_12h17.54.132.psydat
34.5368 	INFO 	saved data to 'C:\\Users\\kihossei\\Documents\\GitHub\\memory-for-error-dataset\\materials\\experiments\\mfeFlanker\\data/6_mfe_flanker_v1_2022-08-11_12h17.54.132.csv'
