1.3430 	WARNING 	We strongly recommend you activate the PTB sound engine in PsychoPy prefs as the preferred audio engine. Its timing is vastly superior. Your prefs are currently set to use ['sounddevice', 'PTB', 'pyo', 'pygame'] (in that order).
6.5110 	INFO 	Loaded monitor calibration from ['2021_09_14 11:10']
6.5150 	WARNING 	User requested fullscreen with size [1536  864], but screen is actually [1920, 1080]. Using actual size
15.0677 	EXP 	Created window1 = Window(allowGUI=False, allowStencil=False, autoLog=True, backendConf=UNKNOWN, bitsMode=UNKNOWN, blendMode='avg', bpc=(8, 8, 8), color=array([-1, -1, -1]), colorSpace='rgb', depthBits=8, fullscr=<method-wrapper '__getattribute__' of attributeSetter object at 0x00000292D68DF320>, gamma=None, gammaErrorPolicy='raise', lms=UNKNOWN, monitor=<psychopy.monitors.calibTools.Monitor object at 0x00000292D68A6A20>, multiSample=False, name='window1', numSamples=2, pos=[0.0, 0.0], screen=0, size=array([1920, 1080]), stencilBits=0, stereo=False, units='height', useFBO=True, useRetina=False, viewOri=0.0, viewPos=None, viewScale=None, waitBlanking=True, winType='pyglet')
15.0679 	EXP 	window1: mouseVisible = True
15.0679 	EXP 	window1: recordFrameIntervals = False
15.1091 	EXP 	window1: recordFrameIntervals = True
15.1553 	DEBUG 	Screen (0) actual frame rate measured at 237.99
15.1553 	EXP 	window1: recordFrameIntervals = False
15.3738 	INFO 	keyboard.Keyboard is using ptb backend.
15.4514 	EXP 	Created welcome_text = TextStim(__class__=<class 'psychopy.visual.text.TextStim'>, alignHoriz=method-wrapper(...), alignText='center', alignVert=method-wrapper(...), anchorHoriz='center', anchorVert='center', antialias=True, autoLog=True, bold=False, color=array([1., 1., 1.]), colorSpace='rgb', contrast=1.0, depth=0.0, flipHoriz=False, flipVert=False, font='Arial', fontFiles=[], height=0.04, italic=False, languageStyle='LTR', name='welcome_text', opacity=1, ori=0, pos=array([0., 0.]), rgb=UNKNOWN, text=str(...), units='height', win=Window(...), wrapWidth=1)
15.4515 	INFO 	keyboard.Keyboard is using ptb backend.
15.4587 	EXP 	Created instructRight_text = TextStim(__class__=<class 'psychopy.visual.text.TextStim'>, alignHoriz=method-wrapper(...), alignText='center', alignVert=method-wrapper(...), anchorHoriz='center', anchorVert='center', antialias=True, autoLog=True, bold=False, color=array([1., 1., 1.]), colorSpace='rgb', contrast=1.0, depth=0.0, flipHoriz=False, flipVert=False, font='Arial', fontFiles=[], height=0.04, italic=False, languageStyle='LTR', name='instructRight_text', opacity=1, ori=0, pos=array([0., 0.]), rgb=UNKNOWN, text=str(...), units='height', win=Window(...), wrapWidth=1)
15.4957 	EXP 	Created instructRight_centerImg = ImageStim(__class__=<class 'psychopy.visual.image.ImageStim'>, autoLog=True, color=array([1., 1., 1.]), colorSpace='rgb', contrast=1.0, depth=-1.0, flipHoriz=False, flipVert=False, image='img/rightArrow.png', interpolate=True, mask=None, maskParams=None, name='instructRight_centerImg', opacity=1, ori=0.0, pos=array([ 0. , -0.3]), size=array([0.04, 0.04]), texRes=512, units='height', win=Window(...))
15.5249 	EXP 	Created instructRight_rightImg1 = ImageStim(__class__=<class 'psychopy.visual.image.ImageStim'>, autoLog=True, color=array([1., 1., 1.]), colorSpace='rgb', contrast=1.0, depth=-2.0, flipHoriz=False, flipVert=False, image='img/rightArrow.png', interpolate=True, mask=None, maskParams=None, name='instructRight_rightImg1', opacity=1, ori=0.0, pos=array([ 0.05, -0.3 ]), size=array([0.04, 0.04]), texRes=512, units='height', win=Window(...))
15.5565 	EXP 	Created instructRight_rightImg2 = ImageStim(__class__=<class 'psychopy.visual.image.ImageStim'>, autoLog=True, color=array([1., 1., 1.]), colorSpace='rgb', contrast=1.0, depth=-3.0, flipHoriz=False, flipVert=False, image='img/rightArrow.png', interpolate=True, mask=None, maskParams=None, name='instructRight_rightImg2', opacity=1, ori=0.0, pos=array([ 0.1, -0.3]), size=array([0.04, 0.04]), texRes=512, units='height', win=Window(...))
15.5929 	EXP 	Created instructRight_leftImg1 = ImageStim(__class__=<class 'psychopy.visual.image.ImageStim'>, autoLog=True, color=array([1., 1., 1.]), colorSpace='rgb', contrast=1.0, depth=-4.0, flipHoriz=False, flipVert=False, image='img/rightArrow.png', interpolate=True, mask=None, maskParams=None, name='instructRight_leftImg1', opacity=1, ori=0.0, pos=array([-0.05, -0.3 ]), size=array([0.04, 0.04]), texRes=512, units='height', win=Window(...))
15.6324 	EXP 	Created instructRight_leftImg2 = ImageStim(__class__=<class 'psychopy.visual.image.ImageStim'>, autoLog=True, color=array([1., 1., 1.]), colorSpace='rgb', contrast=1.0, depth=-5.0, flipHoriz=False, flipVert=False, image='img/rightArrow.png', interpolate=True, mask=None, maskParams=None, name='instructRight_leftImg2', opacity=1, ori=0.0, pos=array([-0.1, -0.3]), size=array([0.04, 0.04]), texRes=512, units='height', win=Window(...))
15.6325 	INFO 	keyboard.Keyboard is using ptb backend.
15.6387 	EXP 	Created instructLeft_text = TextStim(__class__=<class 'psychopy.visual.text.TextStim'>, alignHoriz=method-wrapper(...), alignText='center', alignVert=method-wrapper(...), anchorHoriz='center', anchorVert='center', antialias=True, autoLog=True, bold=False, color=array([1., 1., 1.]), colorSpace='rgb', contrast=1.0, depth=0.0, flipHoriz=False, flipVert=False, font='Arial', fontFiles=[], height=0.04, italic=False, languageStyle='LTR', name='instructLeft_text', opacity=1, ori=0, pos=array([0., 0.]), rgb=UNKNOWN, text=str(...), units='height', win=Window(...), wrapWidth=1)
15.6780 	EXP 	Created instructLeft_centerImg = ImageStim(__class__=<class 'psychopy.visual.image.ImageStim'>, autoLog=True, color=array([1., 1., 1.]), colorSpace='rgb', contrast=1.0, depth=-1.0, flipHoriz=False, flipVert=False, image='img/leftArrow.png', interpolate=True, mask=None, maskParams=None, name='instructLeft_centerImg', opacity=1, ori=0.0, pos=array([ 0. , -0.3]), size=array([0.04, 0.04]), texRes=512, units='height', win=Window(...))
15.7179 	EXP 	Created instructLeft_rightImg1 = ImageStim(__class__=<class 'psychopy.visual.image.ImageStim'>, autoLog=True, color=array([1., 1., 1.]), colorSpace='rgb', contrast=1.0, depth=-2.0, flipHoriz=False, flipVert=False, image='img/leftArrow.png', interpolate=True, mask=None, maskParams=None, name='instructLeft_rightImg1', opacity=1, ori=0.0, pos=array([ 0.05, -0.3 ]), size=array([0.04, 0.04]), texRes=512, units='height', win=Window(...))
15.7579 	EXP 	Created instructLeft_rightImg2 = ImageStim(__class__=<class 'psychopy.visual.image.ImageStim'>, autoLog=True, color=array([1., 1., 1.]), colorSpace='rgb', contrast=1.0, depth=-3.0, flipHoriz=False, flipVert=False, image='img/leftArrow.png', interpolate=True, mask=None, maskParams=None, name='instructLeft_rightImg2', opacity=1, ori=0.0, pos=array([ 0.1, -0.3]), size=array([0.04, 0.04]), texRes=512, units='height', win=Window(...))
15.7972 	EXP 	Created instructLeft_leftImg1 = ImageStim(__class__=<class 'psychopy.visual.image.ImageStim'>, autoLog=True, color=array([1., 1., 1.]), colorSpace='rgb', contrast=1.0, depth=-4.0, flipHoriz=False, flipVert=False, image='img/leftArrow.png', interpolate=True, mask=None, maskParams=None, name='instructLeft_leftImg1', opacity=1, ori=0.0, pos=array([-0.05, -0.3 ]), size=array([0.04, 0.04]), texRes=512, units='height', win=Window(...))
15.8368 	EXP 	Created instructLeft_leftImg2 = ImageStim(__class__=<class 'psychopy.visual.image.ImageStim'>, autoLog=True, color=array([1., 1., 1.]), colorSpace='rgb', contrast=1.0, depth=-5.0, flipHoriz=False, flipVert=False, image='img/leftArrow.png', interpolate=True, mask=None, maskParams=None, name='instructLeft_leftImg2', opacity=1, ori=0.0, pos=array([-0.1, -0.3]), size=array([0.04, 0.04]), texRes=512, units='height', win=Window(...))
15.8369 	INFO 	keyboard.Keyboard is using ptb backend.
15.8539 	EXP 	Created instructInconRight_text = TextStim(__class__=<class 'psychopy.visual.text.TextStim'>, alignHoriz=method-wrapper(...), alignText='center', alignVert=method-wrapper(...), anchorHoriz='center', anchorVert='center', antialias=True, autoLog=True, bold=False, color=array([1., 1., 1.]), colorSpace='rgb', contrast=1.0, depth=0.0, flipHoriz=False, flipVert=False, font='Arial', fontFiles=[], height=0.04, italic=False, languageStyle='LTR', name='instructInconRight_text', opacity=1, ori=0, pos=array([0., 0.]), rgb=UNKNOWN, text=str(...), units='height', win=Window(...), wrapWidth=1)
15.8786 	EXP 	Created instructIncon_centerImg = ImageStim(__class__=<class 'psychopy.visual.image.ImageStim'>, autoLog=True, color=array([1., 1., 1.]), colorSpace='rgb', contrast=1.0, depth=-1.0, flipHoriz=False, flipVert=False, image='img/rightArrow.png', interpolate=True, mask=None, maskParams=None, name='instructIncon_centerImg', opacity=1, ori=0.0, pos=array([ 0. , -0.3]), size=array([0.04, 0.04]), texRes=512, units='height', win=Window(...))
15.9017 	EXP 	Created instructIncon_rightImg1 = ImageStim(__class__=<class 'psychopy.visual.image.ImageStim'>, autoLog=True, color=array([1., 1., 1.]), colorSpace='rgb', contrast=1.0, depth=-2.0, flipHoriz=False, flipVert=False, image='img/leftArrow.png', interpolate=True, mask=None, maskParams=None, name='instructIncon_rightImg1', opacity=1, ori=0.0, pos=array([ 0.05, -0.3 ]), size=array([0.04, 0.04]), texRes=512, units='height', win=Window(...))
15.9249 	EXP 	Created instructIncon_rightImg2 = ImageStim(__class__=<class 'psychopy.visual.image.ImageStim'>, autoLog=True, color=array([1., 1., 1.]), colorSpace='rgb', contrast=1.0, depth=-3.0, flipHoriz=False, flipVert=False, image='img/leftArrow.png', interpolate=True, mask=None, maskParams=None, name='instructIncon_rightImg2', opacity=1, ori=0.0, pos=array([ 0.1, -0.3]), size=array([0.04, 0.04]), texRes=512, units='height', win=Window(...))
15.9487 	EXP 	Created instructIncon_leftImg1 = ImageStim(__class__=<class 'psychopy.visual.image.ImageStim'>, autoLog=True, color=array([1., 1., 1.]), colorSpace='rgb', contrast=1.0, depth=-4.0, flipHoriz=False, flipVert=False, image='img/leftArrow.png', interpolate=True, mask=None, maskParams=None, name='instructIncon_leftImg1', opacity=1, ori=0.0, pos=array([-0.05, -0.3 ]), size=array([0.04, 0.04]), texRes=512, units='height', win=Window(...))
15.9721 	EXP 	Created instructInconRight_leftImg2 = ImageStim(__class__=<class 'psychopy.visual.image.ImageStim'>, autoLog=True, color=array([1., 1., 1.]), colorSpace='rgb', contrast=1.0, depth=-5.0, flipHoriz=False, flipVert=False, image='img/leftArrow.png', interpolate=True, mask=None, maskParams=None, name='instructInconRight_leftImg2', opacity=1, ori=0.0, pos=array([-0.1, -0.3]), size=array([0.04, 0.04]), texRes=512, units='height', win=Window(...))
15.9721 	INFO 	keyboard.Keyboard is using ptb backend.
15.9794 	EXP 	Created instructInconLeft_text = TextStim(__class__=<class 'psychopy.visual.text.TextStim'>, alignHoriz=method-wrapper(...), alignText='center', alignVert=method-wrapper(...), anchorHoriz='center', anchorVert='center', antialias=True, autoLog=True, bold=False, color=array([1., 1., 1.]), colorSpace='rgb', contrast=1.0, depth=0.0, flipHoriz=False, flipVert=False, font='Arial', fontFiles=[], height=0.04, italic=False, languageStyle='LTR', name='instructInconLeft_text', opacity=1, ori=0, pos=array([0., 0.]), rgb=UNKNOWN, text=str(...), units='height', win=Window(...), wrapWidth=1)
16.0030 	EXP 	Created instructInconLeft_centerImg = ImageStim(__class__=<class 'psychopy.visual.image.ImageStim'>, autoLog=True, color=array([1., 1., 1.]), colorSpace='rgb', contrast=1.0, depth=-1.0, flipHoriz=False, flipVert=False, image='img/leftArrow.png', interpolate=True, mask=None, maskParams=None, name='instructInconLeft_centerImg', opacity=1, ori=0.0, pos=array([ 0. , -0.3]), size=array([0.04, 0.04]), texRes=512, units='height', win=Window(...))
16.0266 	EXP 	Created instructInconLeft_rightImg1 = ImageStim(__class__=<class 'psychopy.visual.image.ImageStim'>, autoLog=True, color=array([1., 1., 1.]), colorSpace='rgb', contrast=1.0, depth=-2.0, flipHoriz=False, flipVert=False, image='img/rightArrow.png', interpolate=True, mask=None, maskParams=None, name='instructInconLeft_rightImg1', opacity=1, ori=0.0, pos=array([ 0.05, -0.3 ]), size=array([0.04, 0.04]), texRes=512, units='height', win=Window(...))
16.0527 	EXP 	Created instructInconLeft_rightImg2 = ImageStim(__class__=<class 'psychopy.visual.image.ImageStim'>, autoLog=True, color=array([1., 1., 1.]), colorSpace='rgb', contrast=1.0, depth=-3.0, flipHoriz=False, flipVert=False, image='img/rightArrow.png', interpolate=True, mask=None, maskParams=None, name='instructInconLeft_rightImg2', opacity=1, ori=0.0, pos=array([ 0.1, -0.3]), size=array([0.04, 0.04]), texRes=512, units='height', win=Window(...))
16.0795 	EXP 	Created instructInconLeft_leftImg1 = ImageStim(__class__=<class 'psychopy.visual.image.ImageStim'>, autoLog=True, color=array([1., 1., 1.]), colorSpace='rgb', contrast=1.0, depth=-4.0, flipHoriz=False, flipVert=False, image='img/rightArrow.png', interpolate=True, mask=None, maskParams=None, name='instructInconLeft_leftImg1', opacity=1, ori=0.0, pos=array([-0.05, -0.3 ]), size=array([0.04, 0.04]), texRes=512, units='height', win=Window(...))
16.1065 	EXP 	Created instructInconLeft_leftImg2 = ImageStim(__class__=<class 'psychopy.visual.image.ImageStim'>, autoLog=True, color=array([1., 1., 1.]), colorSpace='rgb', contrast=1.0, depth=-5.0, flipHoriz=False, flipVert=False, image='img/rightArrow.png', interpolate=True, mask=None, maskParams=None, name='instructInconLeft_leftImg2', opacity=1, ori=0.0, pos=array([-0.1, -0.3]), size=array([0.04, 0.04]), texRes=512, units='height', win=Window(...))
16.1066 	INFO 	keyboard.Keyboard is using ptb backend.
16.1193 	EXP 	Created prac_blockText = TextStim(__class__=<class 'psychopy.visual.text.TextStim'>, alignHoriz=method-wrapper(...), alignText='center', alignVert=method-wrapper(...), anchorHoriz='center', anchorVert='center', antialias=True, autoLog=True, bold=False, color=array([1., 1., 1.]), colorSpace='rgb', contrast=1.0, depth=-1.0, flipHoriz=False, flipVert=False, font='Arial', fontFiles=[], height=0.06, italic=False, languageStyle='LTR', name='prac_blockText', opacity=1, ori=0.0, pos=array([0. , 0.3]), rgb=UNKNOWN, text='Practice', units='height', win=Window(...), wrapWidth=1)
16.1324 	EXP 	Created prac_reminder_text = TextStim(__class__=<class 'psychopy.visual.text.TextStim'>, alignHoriz=method-wrapper(...), alignText='center', alignVert=method-wrapper(...), anchorHoriz='center', anchorVert='center', antialias=True, autoLog=True, bold=False, color=array([1., 1., 1.]), colorSpace='rgb', contrast=1.0, depth=-2.0, flipHoriz=False, flipVert=False, font='Arial', fontFiles=[], height=0.04, italic=False, languageStyle='LTR', name='prac_reminder_text', opacity=1, ori=0, pos=array([0., 0.]), rgb=UNKNOWN, text=str(...), units='height', win=Window(...), wrapWidth=1)
16.1324 	INFO 	keyboard.Keyboard is using ptb backend.
16.1354 	EXP 	Created initFixation_img = ImageStim(__class__=<class 'psychopy.visual.image.ImageStim'>, autoLog=True, color=array([1., 1., 1.]), colorSpace='rgb', contrast=1.0, depth=0.0, flipHoriz=False, flipVert=False, image='sin', interpolate=True, mask=None, maskParams=None, name='initFixation_img', opacity=1, ori=0.0, pos=array([ 0.  , -0.05]), size=array([0.015, 0.015]), texRes=512, units='height', win=Window(...))
16.1382 	EXP 	Created prac_centerImg = ImageStim(__class__=<class 'psychopy.visual.image.ImageStim'>, autoLog=True, color=array([1., 1., 1.]), colorSpace='rgb', contrast=1.0, depth=-1.0, flipHoriz=False, flipVert=False, image='sin', interpolate=True, mask=None, maskParams=None, name='prac_centerImg', opacity=1, ori=0.0, pos=array([0., 0.]), size=array([0.04, 0.04]), texRes=512, units='height', win=Window(...))
16.1410 	EXP 	Created prac_rightImg1 = ImageStim(__class__=<class 'psychopy.visual.image.ImageStim'>, autoLog=True, color=array([1., 1., 1.]), colorSpace='rgb', contrast=1.0, depth=-2.0, flipHoriz=False, flipVert=False, image='sin', interpolate=True, mask=None, maskParams=None, name='prac_rightImg1', opacity=1, ori=0.0, pos=array([0.05, 0.  ]), size=array([0.04, 0.04]), texRes=512, units='height', win=Window(...))
16.1439 	EXP 	Created prac_rightImg2 = ImageStim(__class__=<class 'psychopy.visual.image.ImageStim'>, autoLog=True, color=array([1., 1., 1.]), colorSpace='rgb', contrast=1.0, depth=-3.0, flipHoriz=False, flipVert=False, image='sin', interpolate=True, mask=None, maskParams=None, name='prac_rightImg2', opacity=1, ori=0.0, pos=array([0.1, 0. ]), size=array([0.04, 0.04]), texRes=512, units='height', win=Window(...))
16.1467 	EXP 	Created prac_leftImg1 = ImageStim(__class__=<class 'psychopy.visual.image.ImageStim'>, autoLog=True, color=array([1., 1., 1.]), colorSpace='rgb', contrast=1.0, depth=-4.0, flipHoriz=False, flipVert=False, image='sin', interpolate=True, mask=None, maskParams=None, name='prac_leftImg1', opacity=1, ori=0.0, pos=array([-0.05,  0.  ]), size=array([0.04, 0.04]), texRes=512, units='height', win=Window(...))
16.1495 	EXP 	Created prac_leftImg2 = ImageStim(__class__=<class 'psychopy.visual.image.ImageStim'>, autoLog=True, color=array([1., 1., 1.]), colorSpace='rgb', contrast=1.0, depth=-5.0, flipHoriz=False, flipVert=False, image='sin', interpolate=True, mask=None, maskParams=None, name='prac_leftImg2', opacity=1, ori=0.0, pos=array([-0.1,  0. ]), size=array([0.04, 0.04]), texRes=512, units='height', win=Window(...))
16.1523 	EXP 	Created prac_fixImg = ImageStim(__class__=<class 'psychopy.visual.image.ImageStim'>, autoLog=True, color=array([1., 1., 1.]), colorSpace='rgb', contrast=1.0, depth=-6.0, flipHoriz=False, flipVert=False, image='sin', interpolate=True, mask=None, maskParams=None, name='prac_fixImg', opacity=1, ori=0.0, pos=array([ 0.  , -0.05]), size=array([0.015, 0.015]), texRes=512, units='height', win=Window(...))
16.1524 	INFO 	keyboard.Keyboard is using ptb backend.
16.1534 	EXP 	Created prac_blockFeed_text = TextStim(__class__=<class 'psychopy.visual.text.TextStim'>, alignHoriz=method-wrapper(...), alignText='center', alignVert=method-wrapper(...), anchorHoriz='center', anchorVert='center', antialias=True, autoLog=True, bold=False, color=array([1., 1., 1.]), colorSpace='rgb', contrast=1.0, depth=-1.0, flipHoriz=False, flipVert=False, font='Arial', fontFiles=[], height=0.04, italic=False, languageStyle='LTR', name='prac_blockFeed_text', opacity=1, ori=0, pos=array([0., 0.]), rgb=UNKNOWN, text='', units='height', win=Window(...), wrapWidth=1)
16.1563 	EXP 	Created prac_pressContinue = TextStim(__class__=<class 'psychopy.visual.text.TextStim'>, alignHoriz=method-wrapper(...), alignText='center', alignVert=method-wrapper(...), anchorHoriz='center', anchorVert='center', antialias=True, autoLog=True, bold=False, color=array([1., 1., 1.]), colorSpace='rgb', contrast=1.0, depth=-2.0, flipHoriz=False, flipVert=False, font='Arial', fontFiles=[], height=0.04, italic=False, languageStyle='LTR', name='prac_pressContinue', opacity=1, ori=0.0, pos=array([ 0. , -0.3]), rgb=UNKNOWN, text='Press the right key', units='height', win=Window(...), wrapWidth=1)
16.1563 	INFO 	keyboard.Keyboard is using ptb backend.
16.1604 	EXP 	Created instructMainTask_text = TextStim(__class__=<class 'psychopy.visual.text.TextStim'>, alignHoriz=method-wrapper(...), alignText='center', alignVert=method-wrapper(...), anchorHoriz='center', anchorVert='center', antialias=True, autoLog=True, bold=False, color=array([1., 1., 1.]), colorSpace='rgb', contrast=1.0, depth=0.0, flipHoriz=False, flipVert=False, font='Arial', fontFiles=[], height=0.04, italic=False, languageStyle='LTR', name='instructMainTask_text', opacity=1, ori=0, pos=array([0., 0.]), rgb=UNKNOWN, text=str(...), units='height', win=Window(...), wrapWidth=1)
16.1605 	INFO 	keyboard.Keyboard is using ptb backend.
16.1615 	EXP 	Created task_blockText = TextStim(__class__=<class 'psychopy.visual.text.TextStim'>, alignHoriz=method-wrapper(...), alignText='center', alignVert=method-wrapper(...), anchorHoriz='center', anchorVert='center', antialias=True, autoLog=True, bold=False, color=array([1., 1., 1.]), colorSpace='rgb', contrast=1.0, depth=-1.0, flipHoriz=False, flipVert=False, font='Arial', fontFiles=[], height=0.06, italic=False, languageStyle='LTR', name='task_blockText', opacity=1, ori=0.0, pos=array([0. , 0.3]), rgb=UNKNOWN, text='', units='height', win=Window(...), wrapWidth=1)
16.1703 	EXP 	Created task_blockReminders_text = TextStim(__class__=<class 'psychopy.visual.text.TextStim'>, alignHoriz=method-wrapper(...), alignText='center', alignVert=method-wrapper(...), anchorHoriz='center', anchorVert='center', antialias=True, autoLog=True, bold=False, color=array([1., 1., 1.]), colorSpace='rgb', contrast=1.0, depth=-2.0, flipHoriz=False, flipVert=False, font='Arial', fontFiles=[], height=0.04, italic=False, languageStyle='LTR', name='task_blockReminders_text', opacity=1, ori=0, pos=array([0., 0.]), rgb=UNKNOWN, text=str(...), units='height', win=Window(...), wrapWidth=1)
16.1703 	INFO 	keyboard.Keyboard is using ptb backend.
16.1733 	EXP 	Created initFixation_img = ImageStim(__class__=<class 'psychopy.visual.image.ImageStim'>, autoLog=True, color=array([1., 1., 1.]), colorSpace='rgb', contrast=1.0, depth=0.0, flipHoriz=False, flipVert=False, image='sin', interpolate=True, mask=None, maskParams=None, name='initFixation_img', opacity=1, ori=0.0, pos=array([ 0.  , -0.05]), size=array([0.015, 0.015]), texRes=512, units='height', win=Window(...))
16.1763 	EXP 	Created task_centerImg = ImageStim(__class__=<class 'psychopy.visual.image.ImageStim'>, autoLog=True, color=array([1., 1., 1.]), colorSpace='rgb', contrast=1.0, depth=-1.0, flipHoriz=False, flipVert=False, image='sin', interpolate=True, mask=None, maskParams=None, name='task_centerImg', opacity=1, ori=0.0, pos=array([0., 0.]), size=array([0.04, 0.04]), texRes=512, units='height', win=Window(...))
16.1792 	EXP 	Created task_rightImg1 = ImageStim(__class__=<class 'psychopy.visual.image.ImageStim'>, autoLog=True, color=array([1., 1., 1.]), colorSpace='rgb', contrast=1.0, depth=-2.0, flipHoriz=False, flipVert=False, image='sin', interpolate=True, mask=None, maskParams=None, name='task_rightImg1', opacity=1, ori=0.0, pos=array([0.05, 0.  ]), size=array([0.04, 0.04]), texRes=512, units='height', win=Window(...))
16.1821 	EXP 	Created task_rightImg2 = ImageStim(__class__=<class 'psychopy.visual.image.ImageStim'>, autoLog=True, color=array([1., 1., 1.]), colorSpace='rgb', contrast=1.0, depth=-3.0, flipHoriz=False, flipVert=False, image='sin', interpolate=True, mask=None, maskParams=None, name='task_rightImg2', opacity=1, ori=0.0, pos=array([0.1, 0. ]), size=array([0.04, 0.04]), texRes=512, units='height', win=Window(...))
16.1851 	EXP 	Created task_leftImg1 = ImageStim(__class__=<class 'psychopy.visual.image.ImageStim'>, autoLog=True, color=array([1., 1., 1.]), colorSpace='rgb', contrast=1.0, depth=-4.0, flipHoriz=False, flipVert=False, image='sin', interpolate=True, mask=None, maskParams=None, name='task_leftImg1', opacity=1, ori=0.0, pos=array([-0.05,  0.  ]), size=array([0.04, 0.04]), texRes=512, units='height', win=Window(...))
16.1880 	EXP 	Created task_leftImg2 = ImageStim(__class__=<class 'psychopy.visual.image.ImageStim'>, autoLog=True, color=array([1., 1., 1.]), colorSpace='rgb', contrast=1.0, depth=-5.0, flipHoriz=False, flipVert=False, image='sin', interpolate=True, mask=None, maskParams=None, name='task_leftImg2', opacity=1, ori=0.0, pos=array([-0.1,  0. ]), size=array([0.04, 0.04]), texRes=512, units='height', win=Window(...))
16.1910 	EXP 	Created task_fixImg = ImageStim(__class__=<class 'psychopy.visual.image.ImageStim'>, autoLog=True, color=array([1., 1., 1.]), colorSpace='rgb', contrast=1.0, depth=-6.0, flipHoriz=False, flipVert=False, image='sin', interpolate=True, mask=None, maskParams=None, name='task_fixImg', opacity=1, ori=0.0, pos=array([ 0.  , -0.05]), size=array([0.015, 0.015]), texRes=512, units='height', win=Window(...))
16.1910 	INFO 	keyboard.Keyboard is using ptb backend.
16.1924 	EXP 	Created task_blockFeed_text = TextStim(__class__=<class 'psychopy.visual.text.TextStim'>, alignHoriz=method-wrapper(...), alignText='center', alignVert=method-wrapper(...), anchorHoriz='center', anchorVert='center', antialias=True, autoLog=True, bold=False, color=array([1., 1., 1.]), colorSpace='rgb', contrast=1.0, depth=-1.0, flipHoriz=False, flipVert=False, font='Arial', fontFiles=[], height=0.16, italic=False, languageStyle='LTR', name='task_blockFeed_text', opacity=1, ori=0, pos=array([0. , 0.1]), rgb=UNKNOWN, text='', units='height', win=Window(...), wrapWidth=1)
16.1934 	EXP 	Created task_blockFeed_text2 = TextStim(__class__=<class 'psychopy.visual.text.TextStim'>, alignHoriz=method-wrapper(...), alignText='center', alignVert=method-wrapper(...), anchorHoriz='center', anchorVert='center', antialias=True, autoLog=True, bold=False, color=array([1., 1., 1.]), colorSpace='rgb', contrast=1.0, depth=-2.0, flipHoriz=False, flipVert=False, font='Arial', fontFiles=[], height=0.04, italic=False, languageStyle='LTR', name='task_blockFeed_text2', opacity=1, ori=0, pos=array([ 0. , -0.3]), rgb=UNKNOWN, text='', units='height', win=Window(...), wrapWidth=1)
16.1934 	INFO 	keyboard.Keyboard is using ptb backend.
16.2026 	EXP 	Created finishMessage_text = TextStim(__class__=<class 'psychopy.visual.text.TextStim'>, alignHoriz=method-wrapper(...), alignText='center', alignVert=method-wrapper(...), anchorHoriz='center', anchorVert='center', antialias=True, autoLog=True, bold=False, color=array([1., 1., 1.]), colorSpace='rgb', contrast=1.0, depth=0.0, flipHoriz=False, flipVert=False, font='Arial', fontFiles=[], height=0.04, italic=False, languageStyle='LTR', name='finishMessage_text', opacity=1, ori=0, pos=array([0., 0.]), rgb=UNKNOWN, text='Thank you for your participation!', units='height', win=Window(...), wrapWidth=1)
16.2414 	EXP 	welcome_text: autoDraw = True
18.2952 	DATA 	Keypress: 8
18.2981 	EXP 	welcome_text: autoDraw = False
18.2981 	EXP 	instructRight_text: autoDraw = True
18.2981 	EXP 	instructRight_centerImg: autoDraw = True
18.2981 	EXP 	instructRight_rightImg1: autoDraw = True
18.2981 	EXP 	instructRight_rightImg2: autoDraw = True
18.2981 	EXP 	instructRight_leftImg1: autoDraw = True
18.2981 	EXP 	instructRight_leftImg2: autoDraw = True
20.6964 	DATA 	Keypress: 8
20.7095 	EXP 	instructRight_text: autoDraw = False
20.7095 	EXP 	instructRight_centerImg: autoDraw = False
20.7095 	EXP 	instructRight_rightImg1: autoDraw = False
20.7095 	EXP 	instructRight_rightImg2: autoDraw = False
20.7095 	EXP 	instructRight_leftImg1: autoDraw = False
20.7095 	EXP 	instructRight_leftImg2: autoDraw = False
20.7095 	EXP 	instructLeft_text: autoDraw = True
20.7095 	EXP 	instructLeft_centerImg: autoDraw = True
20.7095 	EXP 	instructLeft_rightImg1: autoDraw = True
20.7095 	EXP 	instructLeft_rightImg2: autoDraw = True
20.7095 	EXP 	instructLeft_leftImg1: autoDraw = True
20.7095 	EXP 	instructLeft_leftImg2: autoDraw = True
21.4188 	DATA 	Keypress: 1
21.4216 	EXP 	instructLeft_text: autoDraw = False
21.4216 	EXP 	instructLeft_centerImg: autoDraw = False
21.4216 	EXP 	instructLeft_rightImg1: autoDraw = False
21.4216 	EXP 	instructLeft_rightImg2: autoDraw = False
21.4216 	EXP 	instructLeft_leftImg1: autoDraw = False
21.4216 	EXP 	instructLeft_leftImg2: autoDraw = False
21.4216 	EXP 	instructInconRight_text: autoDraw = True
21.4216 	EXP 	instructIncon_centerImg: autoDraw = True
21.4216 	EXP 	instructIncon_rightImg1: autoDraw = True
21.4216 	EXP 	instructIncon_rightImg2: autoDraw = True
21.4216 	EXP 	instructIncon_leftImg1: autoDraw = True
21.4216 	EXP 	instructInconRight_leftImg2: autoDraw = True
24.7740 	DATA 	Keypress: 8
24.7767 	EXP 	instructInconRight_text: autoDraw = False
24.7767 	EXP 	instructIncon_centerImg: autoDraw = False
24.7767 	EXP 	instructIncon_rightImg1: autoDraw = False
24.7767 	EXP 	instructIncon_rightImg2: autoDraw = False
24.7767 	EXP 	instructIncon_leftImg1: autoDraw = False
24.7767 	EXP 	instructInconRight_leftImg2: autoDraw = False
24.7767 	EXP 	instructInconLeft_text: autoDraw = True
24.7767 	EXP 	instructInconLeft_centerImg: autoDraw = True
24.7767 	EXP 	instructInconLeft_rightImg1: autoDraw = True
24.7767 	EXP 	instructInconLeft_rightImg2: autoDraw = True
24.7767 	EXP 	instructInconLeft_leftImg1: autoDraw = True
24.7767 	EXP 	instructInconLeft_leftImg2: autoDraw = True
25.8693 	EXP 	Created sequence: random, trialTypes=1, nReps=99, seed=None
25.8697 	EXP 	New trial (rep=0, index=0): None
25.8735 	DATA 	Keypress: 1
25.8755 	EXP 	instructInconLeft_text: autoDraw = False
25.8755 	EXP 	instructInconLeft_centerImg: autoDraw = False
25.8755 	EXP 	instructInconLeft_rightImg1: autoDraw = False
25.8755 	EXP 	instructInconLeft_rightImg2: autoDraw = False
25.8755 	EXP 	instructInconLeft_leftImg1: autoDraw = False
25.8755 	EXP 	instructInconLeft_leftImg2: autoDraw = False
25.8755 	EXP 	prac_blockText: autoDraw = True
25.8755 	EXP 	prac_reminder_text: autoDraw = True
30.5035 	DATA 	Keypress: 8
30.5215 	EXP 	prac_blockText: autoDraw = False
30.5215 	EXP 	prac_reminder_text: autoDraw = False
30.5215 	EXP 	initFixation_img: image = 'img/fixationCross.png'
30.5215 	EXP 	initFixation_img: autoDraw = True
32.5176 	DEBUG 	Read excel file with openpyxl: prac_trials.xlsx
32.5184 	EXP 	Imported prac_trials.xlsx as conditions, 4 conditions, 8 params
32.5187 	EXP 	Created sequence: random, trialTypes=4, nReps=1, seed=None
32.5189 	EXP 	New trial (rep=0, index=0): {'middleStim': 'img/rightArrow.png', 'rightStim1': 'img/rightArrow.png', 'rightStim2': 'img/rightArrow.png', 'leftStim1': 'img/rightArrow.png', 'leftStim2': 'img/rightArrow.png', 'stimNum': 5, 'congruent': 1, 'target': 'right'}
32.5711 	EXP 	initFixation_img: autoDraw = False
32.5711 	EXP 	prac_centerImg: image = 'img/rightArrow.png'
32.5711 	EXP 	prac_rightImg1: image = 'img/rightArrow.png'
32.5711 	EXP 	prac_rightImg2: image = 'img/rightArrow.png'
32.5711 	EXP 	prac_leftImg1: image = 'img/rightArrow.png'
32.5711 	EXP 	prac_leftImg2: image = 'img/rightArrow.png'
32.5711 	EXP 	prac_fixImg: image = 'img/fixationCross.png'
32.5711 	EXP 	prac_centerImg: autoDraw = True
32.5711 	EXP 	prac_rightImg1: autoDraw = True
32.5711 	EXP 	prac_rightImg2: autoDraw = True
32.5711 	EXP 	prac_leftImg1: autoDraw = True
32.5711 	EXP 	prac_leftImg2: autoDraw = True
32.5711 	EXP 	prac_fixImg: autoDraw = True
32.7715 	EXP 	prac_centerImg: autoDraw = False
32.7715 	EXP 	prac_rightImg1: autoDraw = False
32.7715 	EXP 	prac_rightImg2: autoDraw = False
32.7715 	EXP 	prac_leftImg1: autoDraw = False
32.7715 	EXP 	prac_leftImg2: autoDraw = False
32.9302 	DATA 	Keypress: 8
34.0924 	EXP 	New trial (rep=0, index=1): {'middleStim': 'img/leftArrow.png', 'rightStim1': 'img/rightArrow.png', 'rightStim2': 'img/rightArrow.png', 'leftStim1': 'img/rightArrow.png', 'leftStim2': 'img/rightArrow.png', 'stimNum': 8, 'congruent': 0, 'target': 'left'}
34.1383 	EXP 	prac_fixImg: autoDraw = False
34.1383 	EXP 	prac_centerImg: autoDraw = False
34.1383 	EXP 	prac_rightImg1: autoDraw = False
34.1383 	EXP 	prac_rightImg2: autoDraw = False
34.1383 	EXP 	prac_leftImg1: autoDraw = False
34.1383 	EXP 	prac_leftImg2: autoDraw = False
34.1383 	EXP 	prac_fixImg: autoDraw = False
34.1383 	EXP 	prac_centerImg: image = 'img/leftArrow.png'
34.1383 	EXP 	prac_rightImg1: image = 'img/rightArrow.png'
34.1383 	EXP 	prac_rightImg2: image = 'img/rightArrow.png'
34.1383 	EXP 	prac_leftImg1: image = 'img/rightArrow.png'
34.1383 	EXP 	prac_leftImg2: image = 'img/rightArrow.png'
34.1383 	EXP 	prac_fixImg: image = 'img/fixationCross.png'
34.1383 	EXP 	prac_centerImg: autoDraw = True
34.1383 	EXP 	prac_rightImg1: autoDraw = True
34.1383 	EXP 	prac_rightImg2: autoDraw = True
34.1383 	EXP 	prac_leftImg1: autoDraw = True
34.1383 	EXP 	prac_leftImg2: autoDraw = True
34.1383 	EXP 	prac_fixImg: autoDraw = True
34.3429 	EXP 	prac_centerImg: autoDraw = False
34.3429 	EXP 	prac_rightImg1: autoDraw = False
34.3429 	EXP 	prac_rightImg2: autoDraw = False
34.3429 	EXP 	prac_leftImg1: autoDraw = False
34.3429 	EXP 	prac_leftImg2: autoDraw = False
34.6381 	DATA 	Keypress: 1
35.8962 	EXP 	New trial (rep=0, index=2): {'middleStim': 'img/leftArrow.png', 'rightStim1': 'img/leftArrow.png', 'rightStim2': 'img/leftArrow.png', 'leftStim1': 'img/leftArrow.png', 'leftStim2': 'img/leftArrow.png', 'stimNum': 6, 'congruent': 1, 'target': 'left'}
35.9380 	EXP 	prac_fixImg: autoDraw = False
35.9380 	EXP 	prac_centerImg: autoDraw = False
35.9380 	EXP 	prac_rightImg1: autoDraw = False
35.9380 	EXP 	prac_rightImg2: autoDraw = False
35.9380 	EXP 	prac_leftImg1: autoDraw = False
35.9380 	EXP 	prac_leftImg2: autoDraw = False
35.9380 	EXP 	prac_fixImg: autoDraw = False
35.9380 	EXP 	prac_centerImg: image = 'img/leftArrow.png'
35.9380 	EXP 	prac_rightImg1: image = 'img/leftArrow.png'
35.9380 	EXP 	prac_rightImg2: image = 'img/leftArrow.png'
35.9380 	EXP 	prac_leftImg1: image = 'img/leftArrow.png'
35.9380 	EXP 	prac_leftImg2: image = 'img/leftArrow.png'
35.9380 	EXP 	prac_fixImg: image = 'img/fixationCross.png'
35.9380 	EXP 	prac_centerImg: autoDraw = True
35.9380 	EXP 	prac_rightImg1: autoDraw = True
35.9380 	EXP 	prac_rightImg2: autoDraw = True
35.9380 	EXP 	prac_leftImg1: autoDraw = True
35.9380 	EXP 	prac_leftImg2: autoDraw = True
35.9380 	EXP 	prac_fixImg: autoDraw = True
36.1400 	EXP 	prac_centerImg: autoDraw = False
36.1400 	EXP 	prac_rightImg1: autoDraw = False
36.1400 	EXP 	prac_rightImg2: autoDraw = False
36.1400 	EXP 	prac_leftImg1: autoDraw = False
36.1400 	EXP 	prac_leftImg2: autoDraw = False
36.3494 	DATA 	Keypress: 1
37.6421 	EXP 	New trial (rep=0, index=3): {'middleStim': 'img/rightArrow.png', 'rightStim1': 'img/leftArrow.png', 'rightStim2': 'img/leftArrow.png', 'leftStim1': 'img/leftArrow.png', 'leftStim2': 'img/leftArrow.png', 'stimNum': 7, 'congruent': 0, 'target': 'right'}
37.6866 	EXP 	prac_fixImg: autoDraw = False
37.6866 	EXP 	prac_centerImg: autoDraw = False
37.6866 	EXP 	prac_rightImg1: autoDraw = False
37.6866 	EXP 	prac_rightImg2: autoDraw = False
37.6866 	EXP 	prac_leftImg1: autoDraw = False
37.6866 	EXP 	prac_leftImg2: autoDraw = False
37.6866 	EXP 	prac_fixImg: autoDraw = False
37.6866 	EXP 	prac_centerImg: image = 'img/rightArrow.png'
37.6866 	EXP 	prac_rightImg1: image = 'img/leftArrow.png'
37.6866 	EXP 	prac_rightImg2: image = 'img/leftArrow.png'
37.6866 	EXP 	prac_leftImg1: image = 'img/leftArrow.png'
37.6866 	EXP 	prac_leftImg2: image = 'img/leftArrow.png'
37.6866 	EXP 	prac_fixImg: image = 'img/fixationCross.png'
37.6866 	EXP 	prac_centerImg: autoDraw = True
37.6866 	EXP 	prac_rightImg1: autoDraw = True
37.6866 	EXP 	prac_rightImg2: autoDraw = True
37.6866 	EXP 	prac_leftImg1: autoDraw = True
37.6866 	EXP 	prac_leftImg2: autoDraw = True
37.6866 	EXP 	prac_fixImg: autoDraw = True
37.8862 	EXP 	prac_centerImg: autoDraw = False
37.8862 	EXP 	prac_rightImg1: autoDraw = False
37.8862 	EXP 	prac_rightImg2: autoDraw = False
37.8862 	EXP 	prac_leftImg1: autoDraw = False
37.8862 	EXP 	prac_leftImg2: autoDraw = False
38.1616 	DATA 	Keypress: 8
39.2176 	EXP 	prac_fixImg: autoDraw = False
39.2176 	EXP 	prac_centerImg: autoDraw = False
39.2176 	EXP 	prac_rightImg1: autoDraw = False
39.2176 	EXP 	prac_rightImg2: autoDraw = False
39.2176 	EXP 	prac_leftImg1: autoDraw = False
39.2176 	EXP 	prac_leftImg2: autoDraw = False
39.2176 	EXP 	prac_fixImg: autoDraw = False
39.2176 	EXP 	prac_blockFeed_text: text = 'You have completed the practice'
39.2176 	EXP 	prac_blockFeed_text: autoDraw = True
39.2176 	EXP 	prac_pressContinue: autoDraw = True
44.4763 	DATA 	Keypress: 8
44.4872 	EXP 	prac_blockFeed_text: autoDraw = False
44.4872 	EXP 	prac_pressContinue: autoDraw = False
44.4872 	EXP 	instructMainTask_text: autoDraw = True
50.8176 	DATA 	Keypress: 8
50.8225 	EXP 	Created sequence: random, trialTypes=1, nReps=2, seed=None
50.8227 	EXP 	New trial (rep=0, index=0): None
50.8337 	EXP 	instructMainTask_text: autoDraw = False
50.8337 	EXP 	task_blockText: text = 'Block 1 of 10'
50.8337 	EXP 	task_blockText: autoDraw = True
50.8337 	EXP 	task_blockReminders_text: autoDraw = True
53.3449 	DATA 	Keypress: 8
53.3625 	EXP 	task_blockText: autoDraw = False
53.3625 	EXP 	task_blockReminders_text: autoDraw = False
53.3625 	EXP 	initFixation_img: image = 'img/fixationCross.png'
53.3625 	EXP 	initFixation_img: autoDraw = True
55.3554 	DEBUG 	Read excel file with openpyxl: task_trials.xlsx
55.3561 	EXP 	Imported task_trials.xlsx as conditions, 4 conditions, 8 params
55.3564 	EXP 	Created sequence: random, trialTypes=4, nReps=1, seed=None
55.3566 	EXP 	New trial (rep=0, index=0): {'middleStim': 'img/rightArrow.png', 'rightStim1': 'img/rightArrow.png', 'rightStim2': 'img/rightArrow.png', 'leftStim1': 'img/rightArrow.png', 'leftStim2': 'img/rightArrow.png', 'stimNum': 1, 'congruent': 1, 'target': 'right'}
55.4110 	EXP 	initFixation_img: autoDraw = False
55.4110 	EXP 	task_centerImg: image = 'img/rightArrow.png'
55.4110 	EXP 	task_rightImg1: image = 'img/rightArrow.png'
55.4110 	EXP 	task_rightImg2: image = 'img/rightArrow.png'
55.4110 	EXP 	task_leftImg1: image = 'img/rightArrow.png'
55.4110 	EXP 	task_leftImg2: image = 'img/rightArrow.png'
55.4110 	EXP 	task_fixImg: image = 'img/fixationCross.png'
55.4110 	EXP 	task_centerImg: autoDraw = True
55.4110 	EXP 	task_rightImg1: autoDraw = True
55.4110 	EXP 	task_rightImg2: autoDraw = True
55.4110 	EXP 	task_leftImg1: autoDraw = True
55.4110 	EXP 	task_leftImg2: autoDraw = True
55.4110 	EXP 	task_fixImg: autoDraw = True
55.6145 	EXP 	task_centerImg: autoDraw = False
55.6145 	EXP 	task_rightImg1: autoDraw = False
55.6145 	EXP 	task_rightImg2: autoDraw = False
55.6145 	EXP 	task_leftImg1: autoDraw = False
55.6145 	EXP 	task_leftImg2: autoDraw = False
55.8591 	DATA 	Keypress: 8
57.2975 	EXP 	New trial (rep=0, index=1): {'middleStim': 'img/leftArrow.png', 'rightStim1': 'img/rightArrow.png', 'rightStim2': 'img/rightArrow.png', 'leftStim1': 'img/rightArrow.png', 'leftStim2': 'img/rightArrow.png', 'stimNum': 4, 'congruent': 0, 'target': 'left'}
57.3397 	EXP 	task_fixImg: autoDraw = False
57.3397 	EXP 	task_centerImg: autoDraw = False
57.3397 	EXP 	task_rightImg1: autoDraw = False
57.3397 	EXP 	task_rightImg2: autoDraw = False
57.3397 	EXP 	task_leftImg1: autoDraw = False
57.3397 	EXP 	task_leftImg2: autoDraw = False
57.3397 	EXP 	task_fixImg: autoDraw = False
57.3397 	EXP 	task_centerImg: image = 'img/leftArrow.png'
57.3397 	EXP 	task_rightImg1: image = 'img/rightArrow.png'
57.3397 	EXP 	task_rightImg2: image = 'img/rightArrow.png'
57.3397 	EXP 	task_leftImg1: image = 'img/rightArrow.png'
57.3397 	EXP 	task_leftImg2: image = 'img/rightArrow.png'
57.3397 	EXP 	task_fixImg: image = 'img/fixationCross.png'
57.3397 	EXP 	task_centerImg: autoDraw = True
57.3397 	EXP 	task_rightImg1: autoDraw = True
57.3397 	EXP 	task_rightImg2: autoDraw = True
57.3397 	EXP 	task_leftImg1: autoDraw = True
57.3397 	EXP 	task_leftImg2: autoDraw = True
57.3397 	EXP 	task_fixImg: autoDraw = True
57.5441 	EXP 	task_centerImg: autoDraw = False
57.5441 	EXP 	task_rightImg1: autoDraw = False
57.5441 	EXP 	task_rightImg2: autoDraw = False
57.5441 	EXP 	task_leftImg1: autoDraw = False
57.5441 	EXP 	task_leftImg2: autoDraw = False
57.9249 	DATA 	Keypress: 1
58.9809 	EXP 	New trial (rep=0, index=2): {'middleStim': 'img/rightArrow.png', 'rightStim1': 'img/leftArrow.png', 'rightStim2': 'img/leftArrow.png', 'leftStim1': 'img/leftArrow.png', 'leftStim2': 'img/leftArrow.png', 'stimNum': 3, 'congruent': 0, 'target': 'right'}
59.0276 	EXP 	task_fixImg: autoDraw = False
59.0276 	EXP 	task_centerImg: autoDraw = False
59.0276 	EXP 	task_rightImg1: autoDraw = False
59.0276 	EXP 	task_rightImg2: autoDraw = False
59.0276 	EXP 	task_leftImg1: autoDraw = False
59.0276 	EXP 	task_leftImg2: autoDraw = False
59.0276 	EXP 	task_fixImg: autoDraw = False
59.0276 	EXP 	task_centerImg: image = 'img/rightArrow.png'
59.0276 	EXP 	task_rightImg1: image = 'img/leftArrow.png'
59.0276 	EXP 	task_rightImg2: image = 'img/leftArrow.png'
59.0276 	EXP 	task_leftImg1: image = 'img/leftArrow.png'
59.0276 	EXP 	task_leftImg2: image = 'img/leftArrow.png'
59.0276 	EXP 	task_fixImg: image = 'img/fixationCross.png'
59.0276 	EXP 	task_centerImg: autoDraw = True
59.0276 	EXP 	task_rightImg1: autoDraw = True
59.0276 	EXP 	task_rightImg2: autoDraw = True
59.0276 	EXP 	task_leftImg1: autoDraw = True
59.0276 	EXP 	task_leftImg2: autoDraw = True
59.0276 	EXP 	task_fixImg: autoDraw = True
59.2315 	EXP 	task_centerImg: autoDraw = False
59.2315 	EXP 	task_rightImg1: autoDraw = False
59.2315 	EXP 	task_rightImg2: autoDraw = False
59.2315 	EXP 	task_leftImg1: autoDraw = False
59.2315 	EXP 	task_leftImg2: autoDraw = False
59.4665 	DATA 	Keypress: 8
60.8446 	EXP 	New trial (rep=0, index=3): {'middleStim': 'img/leftArrow.png', 'rightStim1': 'img/leftArrow.png', 'rightStim2': 'img/leftArrow.png', 'leftStim1': 'img/leftArrow.png', 'leftStim2': 'img/leftArrow.png', 'stimNum': 2, 'congruent': 1, 'target': 'left'}
60.8874 	EXP 	task_fixImg: autoDraw = False
60.8874 	EXP 	task_centerImg: autoDraw = False
60.8874 	EXP 	task_rightImg1: autoDraw = False
60.8874 	EXP 	task_rightImg2: autoDraw = False
60.8874 	EXP 	task_leftImg1: autoDraw = False
60.8874 	EXP 	task_leftImg2: autoDraw = False
60.8874 	EXP 	task_fixImg: autoDraw = False
60.8874 	EXP 	task_centerImg: image = 'img/leftArrow.png'
60.8874 	EXP 	task_rightImg1: image = 'img/leftArrow.png'
60.8874 	EXP 	task_rightImg2: image = 'img/leftArrow.png'
60.8874 	EXP 	task_leftImg1: image = 'img/leftArrow.png'
60.8874 	EXP 	task_leftImg2: image = 'img/leftArrow.png'
60.8874 	EXP 	task_fixImg: image = 'img/fixationCross.png'
60.8874 	EXP 	task_centerImg: autoDraw = True
60.8874 	EXP 	task_rightImg1: autoDraw = True
60.8874 	EXP 	task_rightImg2: autoDraw = True
60.8874 	EXP 	task_leftImg1: autoDraw = True
60.8874 	EXP 	task_leftImg2: autoDraw = True
60.8874 	EXP 	task_fixImg: autoDraw = True
61.0885 	EXP 	task_centerImg: autoDraw = False
61.0885 	EXP 	task_rightImg1: autoDraw = False
61.0885 	EXP 	task_rightImg2: autoDraw = False
61.0885 	EXP 	task_leftImg1: autoDraw = False
61.0885 	EXP 	task_leftImg2: autoDraw = False
61.3269 	DATA 	Keypress: 1
62.5430 	EXP 	task_fixImg: autoDraw = False
62.5430 	EXP 	task_centerImg: autoDraw = False
62.5430 	EXP 	task_rightImg1: autoDraw = False
62.5430 	EXP 	task_rightImg2: autoDraw = False
62.5430 	EXP 	task_leftImg1: autoDraw = False
62.5430 	EXP 	task_leftImg2: autoDraw = False
62.5430 	EXP 	task_fixImg: autoDraw = False
62.5430 	EXP 	task_blockFeed_text: text = 'Respond faster'
62.5430 	EXP 	task_blockFeed_text2: text = 'Press the right button'
62.5430 	EXP 	task_blockFeed_text: autoDraw = True
72.5383 	EXP 	task_blockFeed_text2: autoDraw = True
78.1960 	DATA 	Keypress: 8
78.2018 	EXP 	New trial (rep=1, index=0): None
78.2135 	EXP 	task_blockFeed_text: autoDraw = False
78.2135 	EXP 	task_blockFeed_text2: autoDraw = False
78.2135 	EXP 	task_blockText: text = 'Block 2 of 10'
78.2135 	EXP 	task_blockText: autoDraw = True
78.2135 	EXP 	task_blockReminders_text: autoDraw = True
79.7901 	DATA 	Keypress: 8
79.7921 	EXP 	task_blockText: autoDraw = False
79.7921 	EXP 	task_blockReminders_text: autoDraw = False
79.7921 	EXP 	initFixation_img: image = 'img/fixationCross.png'
79.7921 	EXP 	initFixation_img: autoDraw = True
81.7853 	DEBUG 	Read excel file with openpyxl: task_trials.xlsx
81.7860 	EXP 	Imported task_trials.xlsx as conditions, 4 conditions, 8 params
81.7862 	EXP 	Created sequence: random, trialTypes=4, nReps=1, seed=None
81.7865 	EXP 	New trial (rep=0, index=0): {'middleStim': 'img/rightArrow.png', 'rightStim1': 'img/rightArrow.png', 'rightStim2': 'img/rightArrow.png', 'leftStim1': 'img/rightArrow.png', 'leftStim2': 'img/rightArrow.png', 'stimNum': 1, 'congruent': 1, 'target': 'right'}
81.8356 	EXP 	initFixation_img: autoDraw = False
81.8356 	EXP 	task_centerImg: image = 'img/rightArrow.png'
81.8356 	EXP 	task_rightImg1: image = 'img/rightArrow.png'
81.8356 	EXP 	task_rightImg2: image = 'img/rightArrow.png'
81.8356 	EXP 	task_leftImg1: image = 'img/rightArrow.png'
81.8356 	EXP 	task_leftImg2: image = 'img/rightArrow.png'
81.8356 	EXP 	task_fixImg: image = 'img/fixationCross.png'
81.8356 	EXP 	task_centerImg: autoDraw = True
81.8356 	EXP 	task_rightImg1: autoDraw = True
81.8356 	EXP 	task_rightImg2: autoDraw = True
81.8356 	EXP 	task_leftImg1: autoDraw = True
81.8356 	EXP 	task_leftImg2: autoDraw = True
81.8356 	EXP 	task_fixImg: autoDraw = True
82.0398 	EXP 	task_centerImg: autoDraw = False
82.0398 	EXP 	task_rightImg1: autoDraw = False
82.0398 	EXP 	task_rightImg2: autoDraw = False
82.0398 	EXP 	task_leftImg1: autoDraw = False
82.0398 	EXP 	task_leftImg2: autoDraw = False
82.4907 	DATA 	Keypress: 8
83.4209 	EXP 	New trial (rep=0, index=1): {'middleStim': 'img/leftArrow.png', 'rightStim1': 'img/rightArrow.png', 'rightStim2': 'img/rightArrow.png', 'leftStim1': 'img/rightArrow.png', 'leftStim2': 'img/rightArrow.png', 'stimNum': 4, 'congruent': 0, 'target': 'left'}
83.4612 	EXP 	task_fixImg: autoDraw = False
83.4612 	EXP 	task_centerImg: autoDraw = False
83.4612 	EXP 	task_rightImg1: autoDraw = False
83.4612 	EXP 	task_rightImg2: autoDraw = False
83.4612 	EXP 	task_leftImg1: autoDraw = False
83.4612 	EXP 	task_leftImg2: autoDraw = False
83.4612 	EXP 	task_fixImg: autoDraw = False
83.4612 	EXP 	task_centerImg: image = 'img/leftArrow.png'
83.4612 	EXP 	task_rightImg1: image = 'img/rightArrow.png'
83.4612 	EXP 	task_rightImg2: image = 'img/rightArrow.png'
83.4612 	EXP 	task_leftImg1: image = 'img/rightArrow.png'
83.4612 	EXP 	task_leftImg2: image = 'img/rightArrow.png'
83.4612 	EXP 	task_fixImg: image = 'img/fixationCross.png'
83.4612 	EXP 	task_centerImg: autoDraw = True
83.4612 	EXP 	task_rightImg1: autoDraw = True
83.4612 	EXP 	task_rightImg2: autoDraw = True
83.4612 	EXP 	task_leftImg1: autoDraw = True
83.4612 	EXP 	task_leftImg2: autoDraw = True
83.4612 	EXP 	task_fixImg: autoDraw = True
83.6622 	EXP 	task_centerImg: autoDraw = False
83.6622 	EXP 	task_rightImg1: autoDraw = False
83.6622 	EXP 	task_rightImg2: autoDraw = False
83.6622 	EXP 	task_leftImg1: autoDraw = False
83.6622 	EXP 	task_leftImg2: autoDraw = False
84.4663 	DATA 	Keypress: 1
85.0934 	EXP 	New trial (rep=0, index=2): {'middleStim': 'img/leftArrow.png', 'rightStim1': 'img/leftArrow.png', 'rightStim2': 'img/leftArrow.png', 'leftStim1': 'img/leftArrow.png', 'leftStim2': 'img/leftArrow.png', 'stimNum': 2, 'congruent': 1, 'target': 'left'}
85.1416 	EXP 	task_fixImg: autoDraw = False
85.1416 	EXP 	task_centerImg: autoDraw = False
85.1416 	EXP 	task_rightImg1: autoDraw = False
85.1416 	EXP 	task_rightImg2: autoDraw = False
85.1416 	EXP 	task_leftImg1: autoDraw = False
85.1416 	EXP 	task_leftImg2: autoDraw = False
85.1416 	EXP 	task_fixImg: autoDraw = False
85.1416 	EXP 	task_centerImg: image = 'img/leftArrow.png'
85.1416 	EXP 	task_rightImg1: image = 'img/leftArrow.png'
85.1416 	EXP 	task_rightImg2: image = 'img/leftArrow.png'
85.1416 	EXP 	task_leftImg1: image = 'img/leftArrow.png'
85.1416 	EXP 	task_leftImg2: image = 'img/leftArrow.png'
85.1416 	EXP 	task_fixImg: image = 'img/fixationCross.png'
85.1416 	EXP 	task_centerImg: autoDraw = True
85.1416 	EXP 	task_rightImg1: autoDraw = True
85.1416 	EXP 	task_rightImg2: autoDraw = True
85.1416 	EXP 	task_leftImg1: autoDraw = True
85.1416 	EXP 	task_leftImg2: autoDraw = True
85.1416 	EXP 	task_fixImg: autoDraw = True
85.3442 	EXP 	task_centerImg: autoDraw = False
85.3442 	EXP 	task_rightImg1: autoDraw = False
85.3442 	EXP 	task_rightImg2: autoDraw = False
85.3442 	EXP 	task_leftImg1: autoDraw = False
85.3442 	EXP 	task_leftImg2: autoDraw = False
87.0664 	EXP 	New trial (rep=0, index=3): {'middleStim': 'img/rightArrow.png', 'rightStim1': 'img/leftArrow.png', 'rightStim2': 'img/leftArrow.png', 'leftStim1': 'img/leftArrow.png', 'leftStim2': 'img/leftArrow.png', 'stimNum': 3, 'congruent': 0, 'target': 'right'}
87.1140 	EXP 	task_fixImg: autoDraw = False
87.1140 	EXP 	task_centerImg: autoDraw = False
87.1140 	EXP 	task_rightImg1: autoDraw = False
87.1140 	EXP 	task_rightImg2: autoDraw = False
87.1140 	EXP 	task_leftImg1: autoDraw = False
87.1140 	EXP 	task_leftImg2: autoDraw = False
87.1140 	EXP 	task_fixImg: autoDraw = False
87.1140 	EXP 	task_centerImg: image = 'img/rightArrow.png'
87.1140 	EXP 	task_rightImg1: image = 'img/leftArrow.png'
87.1140 	EXP 	task_rightImg2: image = 'img/leftArrow.png'
87.1140 	EXP 	task_leftImg1: image = 'img/leftArrow.png'
87.1140 	EXP 	task_leftImg2: image = 'img/leftArrow.png'
87.1140 	EXP 	task_fixImg: image = 'img/fixationCross.png'
87.1140 	EXP 	task_centerImg: autoDraw = True
87.1140 	EXP 	task_rightImg1: autoDraw = True
87.1140 	EXP 	task_rightImg2: autoDraw = True
87.1140 	EXP 	task_leftImg1: autoDraw = True
87.1140 	EXP 	task_leftImg2: autoDraw = True
87.1140 	EXP 	task_fixImg: autoDraw = True
87.3157 	EXP 	task_centerImg: autoDraw = False
87.3157 	EXP 	task_rightImg1: autoDraw = False
87.3157 	EXP 	task_rightImg2: autoDraw = False
87.3157 	EXP 	task_leftImg1: autoDraw = False
87.3157 	EXP 	task_leftImg2: autoDraw = False
87.9636 	DATA 	Keypress: 8
88.6383 	EXP 	task_fixImg: autoDraw = False
88.6383 	EXP 	task_centerImg: autoDraw = False
88.6383 	EXP 	task_rightImg1: autoDraw = False
88.6383 	EXP 	task_rightImg2: autoDraw = False
88.6383 	EXP 	task_leftImg1: autoDraw = False
88.6383 	EXP 	task_leftImg2: autoDraw = False
88.6383 	EXP 	task_fixImg: autoDraw = False
88.6383 	EXP 	task_blockFeed_text: text = 'Good job'
88.6383 	EXP 	task_blockFeed_text2: text = 'Press the right button'
88.6383 	EXP 	task_blockFeed_text: autoDraw = True
98.6306 	EXP 	task_blockFeed_text2: autoDraw = True
99.3404 	DATA 	Keypress: 8
99.3505 	EXP 	task_blockFeed_text: autoDraw = False
99.3505 	EXP 	task_blockFeed_text2: autoDraw = False
99.3505 	EXP 	finishMessage_text: autoDraw = True
100.7731 	DATA 	Keypress: 8
102.1286 	DATA 	Keypress: 8
102.3504 	EXP 	finishMessage_text: autoDraw = False
102.3525 	INFO 	saved data to 'C:\\Users\\NDClab\\Desktop\\Experiments\\social-flanker-eeg\\flanker-basic-v4\\data/999_flanker-basic_v2_2022_Mar_30_0208.csv'
102.3538 	INFO 	saved data to C:\Users\NDClab\Desktop\Experiments\social-flanker-eeg\flanker-basic-v4\data/999_flanker-basic_v2_2022_Mar_30_0208.psydat
104.2305 	EXP 	window1: mouseVisible = True
104.2306 	DEBUG 	Saving data for flanker-basic_v2 ExperimentHandler
