1.3799 	WARNING 	We strongly recommend you activate the PTB sound engine in PsychoPy prefs as the preferred audio engine. Its timing is vastly superior. Your prefs are currently set to use ['sounddevice', 'PTB', 'pyo', 'pygame'] (in that order).
9.2175 	INFO 	Loaded monitor calibration from ['2021_09_14 11:10']
9.2225 	WARNING 	User requested fullscreen with size [1536  864], but screen is actually [1920, 1080]. Using actual size
12.6825 	EXP 	Created window1 = Window(allowGUI=False, allowStencil=False, autoLog=True, backendConf=UNKNOWN, bitsMode=UNKNOWN, blendMode='avg', bpc=(8, 8, 8), color=array([-1, -1, -1]), colorSpace='rgb', depthBits=8, fullscr=<method-wrapper '__getattribute__' of attributeSetter object at 0x0000026659D651D0>, gamma=None, gammaErrorPolicy='raise', lms=UNKNOWN, monitor=<psychopy.monitors.calibTools.Monitor object at 0x0000026659D338D0>, multiSample=False, name='window1', numSamples=2, pos=[0.0, 0.0], screen=0, size=array([1920, 1080]), stencilBits=0, stereo=False, units='height', useFBO=True, useRetina=False, viewOri=0.0, viewPos=None, viewScale=None, waitBlanking=True, winType='pyglet')
12.6829 	EXP 	window1: mouseVisible = True
12.6830 	EXP 	window1: recordFrameIntervals = False
12.7229 	EXP 	window1: recordFrameIntervals = True
12.7690 	DEBUG 	Screen (0) actual frame rate measured at 240.33
12.7691 	EXP 	window1: recordFrameIntervals = False
12.9981 	INFO 	keyboard.Keyboard is using ptb backend.
13.1141 	EXP 	Created welcome_text = TextStim(__class__=<class 'psychopy.visual.text.TextStim'>, alignHoriz=method-wrapper(...), alignText='center', alignVert=method-wrapper(...), anchorHoriz='center', anchorVert='center', antialias=True, autoLog=True, bold=False, color=array([1., 1., 1.]), colorSpace='rgb', contrast=1.0, depth=0.0, flipHoriz=False, flipVert=False, font='Arial', fontFiles=[], height=0.03, italic=False, languageStyle='LTR', name='welcome_text', opacity=1, ori=0, pos=array([0., 0.]), rgb=UNKNOWN, text=str(...), units='height', win=Window(...), wrapWidth=1)
13.1604 	EXP 	Created welcome_centerImg = ImageStim(__class__=<class 'psychopy.visual.image.ImageStim'>, autoLog=True, color=array([1., 1., 1.]), colorSpace='rgb', contrast=1.0, depth=-1.0, flipHoriz=False, flipVert=False, image='img/rightArrow.png', interpolate=True, mask=None, maskParams=None, name='welcome_centerImg', opacity=1, ori=0.0, pos=array([ 0. , -0.3]), size=array([0.04, 0.04]), texRes=512, units='height', win=Window(...))
13.1856 	EXP 	Created welcome_rightImg1 = ImageStim(__class__=<class 'psychopy.visual.image.ImageStim'>, autoLog=True, color=array([1., 1., 1.]), colorSpace='rgb', contrast=1.0, depth=-2.0, flipHoriz=False, flipVert=False, image='img/rightArrow.png', interpolate=True, mask=None, maskParams=None, name='welcome_rightImg1', opacity=1, ori=0.0, pos=array([ 0.05, -0.3 ]), size=array([0.04, 0.04]), texRes=512, units='height', win=Window(...))
13.2247 	EXP 	Created welcome_rightImg2 = ImageStim(__class__=<class 'psychopy.visual.image.ImageStim'>, autoLog=True, color=array([1., 1., 1.]), colorSpace='rgb', contrast=1.0, depth=-3.0, flipHoriz=False, flipVert=False, image='img/rightArrow.png', interpolate=True, mask=None, maskParams=None, name='welcome_rightImg2', opacity=1, ori=0.0, pos=array([ 0.1, -0.3]), size=array([0.04, 0.04]), texRes=512, units='height', win=Window(...))
13.2643 	EXP 	Created welcome_leftImg1 = ImageStim(__class__=<class 'psychopy.visual.image.ImageStim'>, autoLog=True, color=array([1., 1., 1.]), colorSpace='rgb', contrast=1.0, depth=-4.0, flipHoriz=False, flipVert=False, image='img/rightArrow.png', interpolate=True, mask=None, maskParams=None, name='welcome_leftImg1', opacity=1, ori=0.0, pos=array([-0.05, -0.3 ]), size=array([0.04, 0.04]), texRes=512, units='height', win=Window(...))
13.3032 	EXP 	Created welcome_leftImg2 = ImageStim(__class__=<class 'psychopy.visual.image.ImageStim'>, autoLog=True, color=array([1., 1., 1.]), colorSpace='rgb', contrast=1.0, depth=-5.0, flipHoriz=False, flipVert=False, image='img/rightArrow.png', interpolate=True, mask=None, maskParams=None, name='welcome_leftImg2', opacity=1, ori=0.0, pos=array([-0.1, -0.3]), size=array([0.04, 0.04]), texRes=512, units='height', win=Window(...))
13.3032 	INFO 	keyboard.Keyboard is using ptb backend.
13.3266 	EXP 	Created instructRight_text = TextStim(__class__=<class 'psychopy.visual.text.TextStim'>, alignHoriz=method-wrapper(...), alignText='center', alignVert=method-wrapper(...), anchorHoriz='center', anchorVert='center', antialias=True, autoLog=True, bold=False, color=array([1., 1., 1.]), colorSpace='rgb', contrast=1.0, depth=0.0, flipHoriz=False, flipVert=False, font='Arial', fontFiles=[], height=0.05, italic=False, languageStyle='LTR', name='instructRight_text', opacity=1, ori=0, pos=array([0., 0.]), rgb=UNKNOWN, text=str(...), units='height', win=Window(...), wrapWidth=1)
13.3505 	EXP 	Created instructRight_centerImg = ImageStim(__class__=<class 'psychopy.visual.image.ImageStim'>, autoLog=True, color=array([1., 1., 1.]), colorSpace='rgb', contrast=1.0, depth=-1.0, flipHoriz=False, flipVert=False, image='img/rightArrow.png', interpolate=True, mask=None, maskParams=None, name='instructRight_centerImg', opacity=1, ori=0.0, pos=array([ 0. , -0.3]), size=array([0.04, 0.04]), texRes=512, units='height', win=Window(...))
13.3731 	EXP 	Created instructRight_rightImg1 = ImageStim(__class__=<class 'psychopy.visual.image.ImageStim'>, autoLog=True, color=array([1., 1., 1.]), colorSpace='rgb', contrast=1.0, depth=-2.0, flipHoriz=False, flipVert=False, image='img/rightArrow.png', interpolate=True, mask=None, maskParams=None, name='instructRight_rightImg1', opacity=1, ori=0.0, pos=array([ 0.05, -0.3 ]), size=array([0.04, 0.04]), texRes=512, units='height', win=Window(...))
13.3963 	EXP 	Created instructRight_rightImg2 = ImageStim(__class__=<class 'psychopy.visual.image.ImageStim'>, autoLog=True, color=array([1., 1., 1.]), colorSpace='rgb', contrast=1.0, depth=-3.0, flipHoriz=False, flipVert=False, image='img/rightArrow.png', interpolate=True, mask=None, maskParams=None, name='instructRight_rightImg2', opacity=1, ori=0.0, pos=array([ 0.1, -0.3]), size=array([0.04, 0.04]), texRes=512, units='height', win=Window(...))
13.4231 	EXP 	Created instructRight_leftImg1 = ImageStim(__class__=<class 'psychopy.visual.image.ImageStim'>, autoLog=True, color=array([1., 1., 1.]), colorSpace='rgb', contrast=1.0, depth=-4.0, flipHoriz=False, flipVert=False, image='img/rightArrow.png', interpolate=True, mask=None, maskParams=None, name='instructRight_leftImg1', opacity=1, ori=0.0, pos=array([-0.05, -0.3 ]), size=array([0.04, 0.04]), texRes=512, units='height', win=Window(...))
13.4631 	EXP 	Created instructRight_leftImg2 = ImageStim(__class__=<class 'psychopy.visual.image.ImageStim'>, autoLog=True, color=array([1., 1., 1.]), colorSpace='rgb', contrast=1.0, depth=-5.0, flipHoriz=False, flipVert=False, image='img/rightArrow.png', interpolate=True, mask=None, maskParams=None, name='instructRight_leftImg2', opacity=1, ori=0.0, pos=array([-0.1, -0.3]), size=array([0.04, 0.04]), texRes=512, units='height', win=Window(...))
13.4631 	INFO 	keyboard.Keyboard is using ptb backend.
13.4938 	EXP 	Created instructLeft_text = TextStim(__class__=<class 'psychopy.visual.text.TextStim'>, alignHoriz=method-wrapper(...), alignText='center', alignVert=method-wrapper(...), anchorHoriz='center', anchorVert='center', antialias=True, autoLog=True, bold=False, color=array([1., 1., 1.]), colorSpace='rgb', contrast=1.0, depth=0.0, flipHoriz=False, flipVert=False, font='Arial', fontFiles=[], height=0.06, italic=False, languageStyle='LTR', name='instructLeft_text', opacity=1, ori=0, pos=array([0., 0.]), rgb=UNKNOWN, text=str(...), units='height', win=Window(...), wrapWidth=1)
13.5181 	EXP 	Created instructLeft_centerImg = ImageStim(__class__=<class 'psychopy.visual.image.ImageStim'>, autoLog=True, color=array([1., 1., 1.]), colorSpace='rgb', contrast=1.0, depth=-1.0, flipHoriz=False, flipVert=False, image='img/leftArrow.png', interpolate=True, mask=None, maskParams=None, name='instructLeft_centerImg', opacity=1, ori=0.0, pos=array([ 0. , -0.3]), size=array([0.04, 0.04]), texRes=512, units='height', win=Window(...))
13.5416 	EXP 	Created instructLeft_rightImg1 = ImageStim(__class__=<class 'psychopy.visual.image.ImageStim'>, autoLog=True, color=array([1., 1., 1.]), colorSpace='rgb', contrast=1.0, depth=-2.0, flipHoriz=False, flipVert=False, image='img/leftArrow.png', interpolate=True, mask=None, maskParams=None, name='instructLeft_rightImg1', opacity=1, ori=0.0, pos=array([ 0.05, -0.3 ]), size=array([0.04, 0.04]), texRes=512, units='height', win=Window(...))
13.5653 	EXP 	Created instructLeft_rightImg2 = ImageStim(__class__=<class 'psychopy.visual.image.ImageStim'>, autoLog=True, color=array([1., 1., 1.]), colorSpace='rgb', contrast=1.0, depth=-3.0, flipHoriz=False, flipVert=False, image='img/leftArrow.png', interpolate=True, mask=None, maskParams=None, name='instructLeft_rightImg2', opacity=1, ori=0.0, pos=array([ 0.1, -0.3]), size=array([0.04, 0.04]), texRes=512, units='height', win=Window(...))
13.5908 	EXP 	Created instructLeft_leftImg1 = ImageStim(__class__=<class 'psychopy.visual.image.ImageStim'>, autoLog=True, color=array([1., 1., 1.]), colorSpace='rgb', contrast=1.0, depth=-4.0, flipHoriz=False, flipVert=False, image='img/leftArrow.png', interpolate=True, mask=None, maskParams=None, name='instructLeft_leftImg1', opacity=1, ori=0.0, pos=array([-0.05, -0.3 ]), size=array([0.04, 0.04]), texRes=512, units='height', win=Window(...))
13.6190 	EXP 	Created instructLeft_leftImg2 = ImageStim(__class__=<class 'psychopy.visual.image.ImageStim'>, autoLog=True, color=array([1., 1., 1.]), colorSpace='rgb', contrast=1.0, depth=-5.0, flipHoriz=False, flipVert=False, image='img/leftArrow.png', interpolate=True, mask=None, maskParams=None, name='instructLeft_leftImg2', opacity=1, ori=0.0, pos=array([-0.1, -0.3]), size=array([0.04, 0.04]), texRes=512, units='height', win=Window(...))
13.6191 	INFO 	keyboard.Keyboard is using ptb backend.
13.6414 	EXP 	Created instructInconRight_text = TextStim(__class__=<class 'psychopy.visual.text.TextStim'>, alignHoriz=method-wrapper(...), alignText='center', alignVert=method-wrapper(...), anchorHoriz='center', anchorVert='center', antialias=True, autoLog=True, bold=False, color=array([1., 1., 1.]), colorSpace='rgb', contrast=1.0, depth=0.0, flipHoriz=False, flipVert=False, font='Arial', fontFiles=[], height=0.03, italic=False, languageStyle='LTR', name='instructInconRight_text', opacity=1, ori=0, pos=array([0., 0.]), rgb=UNKNOWN, text=str(...), units='height', win=Window(...), wrapWidth=1)
13.6655 	EXP 	Created instructIncon_centerImg = ImageStim(__class__=<class 'psychopy.visual.image.ImageStim'>, autoLog=True, color=array([1., 1., 1.]), colorSpace='rgb', contrast=1.0, depth=-1.0, flipHoriz=False, flipVert=False, image='img/rightArrow.png', interpolate=True, mask=None, maskParams=None, name='instructIncon_centerImg', opacity=1, ori=0.0, pos=array([ 0. , -0.3]), size=array([0.04, 0.04]), texRes=512, units='height', win=Window(...))
13.6890 	EXP 	Created instructIncon_rightImg1 = ImageStim(__class__=<class 'psychopy.visual.image.ImageStim'>, autoLog=True, color=array([1., 1., 1.]), colorSpace='rgb', contrast=1.0, depth=-2.0, flipHoriz=False, flipVert=False, image='img/leftArrow.png', interpolate=True, mask=None, maskParams=None, name='instructIncon_rightImg1', opacity=1, ori=0.0, pos=array([ 0.05, -0.3 ]), size=array([0.04, 0.04]), texRes=512, units='height', win=Window(...))
13.7130 	EXP 	Created instructIncon_rightImg2 = ImageStim(__class__=<class 'psychopy.visual.image.ImageStim'>, autoLog=True, color=array([1., 1., 1.]), colorSpace='rgb', contrast=1.0, depth=-3.0, flipHoriz=False, flipVert=False, image='img/leftArrow.png', interpolate=True, mask=None, maskParams=None, name='instructIncon_rightImg2', opacity=1, ori=0.0, pos=array([ 0.1, -0.3]), size=array([0.04, 0.04]), texRes=512, units='height', win=Window(...))
13.7387 	EXP 	Created instructIncon_leftImg1 = ImageStim(__class__=<class 'psychopy.visual.image.ImageStim'>, autoLog=True, color=array([1., 1., 1.]), colorSpace='rgb', contrast=1.0, depth=-4.0, flipHoriz=False, flipVert=False, image='img/leftArrow.png', interpolate=True, mask=None, maskParams=None, name='instructIncon_leftImg1', opacity=1, ori=0.0, pos=array([-0.05, -0.3 ]), size=array([0.04, 0.04]), texRes=512, units='height', win=Window(...))
13.7661 	EXP 	Created instructInconRight_leftImg2 = ImageStim(__class__=<class 'psychopy.visual.image.ImageStim'>, autoLog=True, color=array([1., 1., 1.]), colorSpace='rgb', contrast=1.0, depth=-5.0, flipHoriz=False, flipVert=False, image='img/leftArrow.png', interpolate=True, mask=None, maskParams=None, name='instructInconRight_leftImg2', opacity=1, ori=0.0, pos=array([-0.1, -0.3]), size=array([0.04, 0.04]), texRes=512, units='height', win=Window(...))
13.7662 	INFO 	keyboard.Keyboard is using ptb backend.
13.7726 	EXP 	Created instructInconLeft_text = TextStim(__class__=<class 'psychopy.visual.text.TextStim'>, alignHoriz=method-wrapper(...), alignText='center', alignVert=method-wrapper(...), anchorHoriz='center', anchorVert='center', antialias=True, autoLog=True, bold=False, color=array([1., 1., 1.]), colorSpace='rgb', contrast=1.0, depth=0.0, flipHoriz=False, flipVert=False, font='Arial', fontFiles=[], height=0.03, italic=False, languageStyle='LTR', name='instructInconLeft_text', opacity=1, ori=0, pos=array([0., 0.]), rgb=UNKNOWN, text=str(...), units='height', win=Window(...), wrapWidth=1)
13.8115 	EXP 	Created instructInconLeft_centerImg = ImageStim(__class__=<class 'psychopy.visual.image.ImageStim'>, autoLog=True, color=array([1., 1., 1.]), colorSpace='rgb', contrast=1.0, depth=-1.0, flipHoriz=False, flipVert=False, image='img/leftArrow.png', interpolate=True, mask=None, maskParams=None, name='instructInconLeft_centerImg', opacity=1, ori=0.0, pos=array([ 0. , -0.3]), size=array([0.04, 0.04]), texRes=512, units='height', win=Window(...))
13.8503 	EXP 	Created instructInconLeft_rightImg1 = ImageStim(__class__=<class 'psychopy.visual.image.ImageStim'>, autoLog=True, color=array([1., 1., 1.]), colorSpace='rgb', contrast=1.0, depth=-2.0, flipHoriz=False, flipVert=False, image='img/rightArrow.png', interpolate=True, mask=None, maskParams=None, name='instructInconLeft_rightImg1', opacity=1, ori=0.0, pos=array([ 0.05, -0.3 ]), size=array([0.04, 0.04]), texRes=512, units='height', win=Window(...))
13.8895 	EXP 	Created instructInconLeft_rightImg2 = ImageStim(__class__=<class 'psychopy.visual.image.ImageStim'>, autoLog=True, color=array([1., 1., 1.]), colorSpace='rgb', contrast=1.0, depth=-3.0, flipHoriz=False, flipVert=False, image='img/rightArrow.png', interpolate=True, mask=None, maskParams=None, name='instructInconLeft_rightImg2', opacity=1, ori=0.0, pos=array([ 0.1, -0.3]), size=array([0.04, 0.04]), texRes=512, units='height', win=Window(...))
13.9288 	EXP 	Created instructInconLeft_leftImg1 = ImageStim(__class__=<class 'psychopy.visual.image.ImageStim'>, autoLog=True, color=array([1., 1., 1.]), colorSpace='rgb', contrast=1.0, depth=-4.0, flipHoriz=False, flipVert=False, image='img/rightArrow.png', interpolate=True, mask=None, maskParams=None, name='instructInconLeft_leftImg1', opacity=1, ori=0.0, pos=array([-0.05, -0.3 ]), size=array([0.04, 0.04]), texRes=512, units='height', win=Window(...))
13.9680 	EXP 	Created instructInconLeft_leftImg2 = ImageStim(__class__=<class 'psychopy.visual.image.ImageStim'>, autoLog=True, color=array([1., 1., 1.]), colorSpace='rgb', contrast=1.0, depth=-5.0, flipHoriz=False, flipVert=False, image='img/rightArrow.png', interpolate=True, mask=None, maskParams=None, name='instructInconLeft_leftImg2', opacity=1, ori=0.0, pos=array([-0.1, -0.3]), size=array([0.04, 0.04]), texRes=512, units='height', win=Window(...))
13.9681 	INFO 	keyboard.Keyboard is using ptb backend.
13.9870 	EXP 	Created prac_reminder_text = TextStim(__class__=<class 'psychopy.visual.text.TextStim'>, alignHoriz=method-wrapper(...), alignText='center', alignVert=method-wrapper(...), anchorHoriz='center', anchorVert='center', antialias=True, autoLog=True, bold=False, color=array([1., 1., 1.]), colorSpace='rgb', contrast=1.0, depth=-1.0, flipHoriz=False, flipVert=False, font='Arial', fontFiles=[], height=0.03, italic=False, languageStyle='LTR', name='prac_reminder_text', opacity=1, ori=0, pos=array([0., 0.]), rgb=UNKNOWN, text=str(...), units='height', win=Window(...), wrapWidth=1)
13.9870 	INFO 	keyboard.Keyboard is using ptb backend.
13.9901 	EXP 	Created initFixation_img = ImageStim(__class__=<class 'psychopy.visual.image.ImageStim'>, autoLog=True, color=array([1., 1., 1.]), colorSpace='rgb', contrast=1.0, depth=0.0, flipHoriz=False, flipVert=False, image='sin', interpolate=True, mask=None, maskParams=None, name='initFixation_img', opacity=1, ori=0.0, pos=array([ 0.  , -0.05]), size=array([0.015, 0.015]), texRes=512, units='height', win=Window(...))
13.9929 	EXP 	Created prac_centerImg = ImageStim(__class__=<class 'psychopy.visual.image.ImageStim'>, autoLog=True, color=array([1., 1., 1.]), colorSpace='rgb', contrast=1.0, depth=-1.0, flipHoriz=False, flipVert=False, image='sin', interpolate=True, mask=None, maskParams=None, name='prac_centerImg', opacity=1, ori=0.0, pos=array([0., 0.]), size=array([0.04, 0.04]), texRes=512, units='height', win=Window(...))
13.9957 	EXP 	Created prac_rightImg1 = ImageStim(__class__=<class 'psychopy.visual.image.ImageStim'>, autoLog=True, color=array([1., 1., 1.]), colorSpace='rgb', contrast=1.0, depth=-2.0, flipHoriz=False, flipVert=False, image='sin', interpolate=True, mask=None, maskParams=None, name='prac_rightImg1', opacity=1, ori=0.0, pos=array([0.05, 0.  ]), size=array([0.04, 0.04]), texRes=512, units='height', win=Window(...))
13.9986 	EXP 	Created prac_rightImg2 = ImageStim(__class__=<class 'psychopy.visual.image.ImageStim'>, autoLog=True, color=array([1., 1., 1.]), colorSpace='rgb', contrast=1.0, depth=-3.0, flipHoriz=False, flipVert=False, image='sin', interpolate=True, mask=None, maskParams=None, name='prac_rightImg2', opacity=1, ori=0.0, pos=array([0.1, 0. ]), size=array([0.04, 0.04]), texRes=512, units='height', win=Window(...))
14.0014 	EXP 	Created prac_leftImg1 = ImageStim(__class__=<class 'psychopy.visual.image.ImageStim'>, autoLog=True, color=array([1., 1., 1.]), colorSpace='rgb', contrast=1.0, depth=-4.0, flipHoriz=False, flipVert=False, image='sin', interpolate=True, mask=None, maskParams=None, name='prac_leftImg1', opacity=1, ori=0.0, pos=array([-0.05,  0.  ]), size=array([0.04, 0.04]), texRes=512, units='height', win=Window(...))
14.0043 	EXP 	Created prac_leftImg2 = ImageStim(__class__=<class 'psychopy.visual.image.ImageStim'>, autoLog=True, color=array([1., 1., 1.]), colorSpace='rgb', contrast=1.0, depth=-5.0, flipHoriz=False, flipVert=False, image='sin', interpolate=True, mask=None, maskParams=None, name='prac_leftImg2', opacity=1, ori=0.0, pos=array([-0.1,  0. ]), size=array([0.04, 0.04]), texRes=512, units='height', win=Window(...))
14.0071 	EXP 	Created prac_fixImg = ImageStim(__class__=<class 'psychopy.visual.image.ImageStim'>, autoLog=True, color=array([1., 1., 1.]), colorSpace='rgb', contrast=1.0, depth=-6.0, flipHoriz=False, flipVert=False, image='sin', interpolate=True, mask=None, maskParams=None, name='prac_fixImg', opacity=1, ori=0.0, pos=array([ 0.  , -0.05]), size=array([0.015, 0.015]), texRes=512, units='height', win=Window(...))
14.0071 	INFO 	keyboard.Keyboard is using ptb backend.
14.0082 	EXP 	Created prac_blockFeed_text = TextStim(__class__=<class 'psychopy.visual.text.TextStim'>, alignHoriz=method-wrapper(...), alignText='center', alignVert=method-wrapper(...), anchorHoriz='center', anchorVert='center', antialias=True, autoLog=True, bold=False, color=array([1., 1., 1.]), colorSpace='rgb', contrast=1.0, depth=-1.0, flipHoriz=False, flipVert=False, font='Arial', fontFiles=[], height=0.03, italic=False, languageStyle='LTR', name='prac_blockFeed_text', opacity=1, ori=0, pos=array([0. , 0.1]), rgb=UNKNOWN, text='', units='height', win=Window(...), wrapWidth=1)
14.0082 	INFO 	keyboard.Keyboard is using ptb backend.
14.0123 	EXP 	Created instructMainTask_text = TextStim(__class__=<class 'psychopy.visual.text.TextStim'>, alignHoriz=method-wrapper(...), alignText='center', alignVert=method-wrapper(...), anchorHoriz='center', anchorVert='center', antialias=True, autoLog=True, bold=False, color=array([1., 1., 1.]), colorSpace='rgb', contrast=1.0, depth=0.0, flipHoriz=False, flipVert=False, font='Arial', fontFiles=[], height=0.03, italic=False, languageStyle='LTR', name='instructMainTask_text', opacity=1, ori=0, pos=array([0., 0.]), rgb=UNKNOWN, text=str(...), units='height', win=Window(...), wrapWidth=1)
14.0124 	INFO 	keyboard.Keyboard is using ptb backend.
14.0142 	EXP 	Created task_blockText = TextStim(__class__=<class 'psychopy.visual.text.TextStim'>, alignHoriz=method-wrapper(...), alignText='center', alignVert=method-wrapper(...), anchorHoriz='center', anchorVert='center', antialias=True, autoLog=True, bold=False, color=array([1., 1., 1.]), colorSpace='rgb', contrast=1.0, depth=-1.0, flipHoriz=False, flipVert=False, font='Open Sans', fontFiles=[], height=0.1, italic=False, languageStyle='LTR', name='task_blockText', opacity=1, ori=0.0, pos=array([0.  , 0.25]), rgb=UNKNOWN, text='', units='height', win=Window(...), wrapWidth=1)
14.0226 	EXP 	Created task_blockReminders_text = TextStim(__class__=<class 'psychopy.visual.text.TextStim'>, alignHoriz=method-wrapper(...), alignText='center', alignVert=method-wrapper(...), anchorHoriz='center', anchorVert='center', antialias=True, autoLog=True, bold=False, color=array([1., 1., 1.]), colorSpace='rgb', contrast=1.0, depth=-2.0, flipHoriz=False, flipVert=False, font='Arial', fontFiles=[], height=0.03, italic=False, languageStyle='LTR', name='task_blockReminders_text', opacity=1, ori=0, pos=array([0., 0.]), rgb=UNKNOWN, text=str(...), units='height', win=Window(...), wrapWidth=1)
14.0227 	INFO 	keyboard.Keyboard is using ptb backend.
14.0256 	EXP 	Created initFixation_img = ImageStim(__class__=<class 'psychopy.visual.image.ImageStim'>, autoLog=True, color=array([1., 1., 1.]), colorSpace='rgb', contrast=1.0, depth=0.0, flipHoriz=False, flipVert=False, image='sin', interpolate=True, mask=None, maskParams=None, name='initFixation_img', opacity=1, ori=0.0, pos=array([ 0.  , -0.05]), size=array([0.015, 0.015]), texRes=512, units='height', win=Window(...))
14.0287 	EXP 	Created task_centerImg = ImageStim(__class__=<class 'psychopy.visual.image.ImageStim'>, autoLog=True, color=array([1., 1., 1.]), colorSpace='rgb', contrast=1.0, depth=-1.0, flipHoriz=False, flipVert=False, image='sin', interpolate=True, mask=None, maskParams=None, name='task_centerImg', opacity=1, ori=0.0, pos=array([0., 0.]), size=array([0.04, 0.04]), texRes=512, units='height', win=Window(...))
14.0316 	EXP 	Created task_rightImg1 = ImageStim(__class__=<class 'psychopy.visual.image.ImageStim'>, autoLog=True, color=array([1., 1., 1.]), colorSpace='rgb', contrast=1.0, depth=-2.0, flipHoriz=False, flipVert=False, image='sin', interpolate=True, mask=None, maskParams=None, name='task_rightImg1', opacity=1, ori=0.0, pos=array([0.05, 0.  ]), size=array([0.04, 0.04]), texRes=512, units='height', win=Window(...))
14.0345 	EXP 	Created task_rightImg2 = ImageStim(__class__=<class 'psychopy.visual.image.ImageStim'>, autoLog=True, color=array([1., 1., 1.]), colorSpace='rgb', contrast=1.0, depth=-3.0, flipHoriz=False, flipVert=False, image='sin', interpolate=True, mask=None, maskParams=None, name='task_rightImg2', opacity=1, ori=0.0, pos=array([0.1, 0. ]), size=array([0.04, 0.04]), texRes=512, units='height', win=Window(...))
14.0375 	EXP 	Created task_leftImg1 = ImageStim(__class__=<class 'psychopy.visual.image.ImageStim'>, autoLog=True, color=array([1., 1., 1.]), colorSpace='rgb', contrast=1.0, depth=-4.0, flipHoriz=False, flipVert=False, image='sin', interpolate=True, mask=None, maskParams=None, name='task_leftImg1', opacity=1, ori=0.0, pos=array([-0.05,  0.  ]), size=array([0.04, 0.04]), texRes=512, units='height', win=Window(...))
14.0404 	EXP 	Created task_leftImg2 = ImageStim(__class__=<class 'psychopy.visual.image.ImageStim'>, autoLog=True, color=array([1., 1., 1.]), colorSpace='rgb', contrast=1.0, depth=-5.0, flipHoriz=False, flipVert=False, image='sin', interpolate=True, mask=None, maskParams=None, name='task_leftImg2', opacity=1, ori=0.0, pos=array([-0.1,  0. ]), size=array([0.04, 0.04]), texRes=512, units='height', win=Window(...))
14.0434 	EXP 	Created task_fixImg = ImageStim(__class__=<class 'psychopy.visual.image.ImageStim'>, autoLog=True, color=array([1., 1., 1.]), colorSpace='rgb', contrast=1.0, depth=-6.0, flipHoriz=False, flipVert=False, image='sin', interpolate=True, mask=None, maskParams=None, name='task_fixImg', opacity=1, ori=0.0, pos=array([ 0.  , -0.05]), size=array([0.015, 0.015]), texRes=512, units='height', win=Window(...))
14.0434 	INFO 	keyboard.Keyboard is using ptb backend.
14.0448 	EXP 	Created task_blockFeed_text = TextStim(__class__=<class 'psychopy.visual.text.TextStim'>, alignHoriz=method-wrapper(...), alignText='center', alignVert=method-wrapper(...), anchorHoriz='center', anchorVert='center', antialias=True, autoLog=True, bold=False, color=array([1., 1., 1.]), colorSpace='rgb', contrast=1.0, depth=-1.0, flipHoriz=False, flipVert=False, font='Arial', fontFiles=[], height=0.15, italic=False, languageStyle='LTR', name='task_blockFeed_text', opacity=1, ori=0, pos=array([0. , 0.1]), rgb=UNKNOWN, text='', units='height', win=Window(...), wrapWidth=1)
14.0460 	EXP 	Created task_blockFeed_text2 = TextStim(__class__=<class 'psychopy.visual.text.TextStim'>, alignHoriz=method-wrapper(...), alignText='center', alignVert=method-wrapper(...), anchorHoriz='center', anchorVert='center', antialias=True, autoLog=True, bold=False, color=array([1., 1., 1.]), colorSpace='rgb', contrast=1.0, depth=-2.0, flipHoriz=False, flipVert=False, font='Arial', fontFiles=[], height=0.04, italic=False, languageStyle='LTR', name='task_blockFeed_text2', opacity=1, ori=0, pos=array([ 0. , -0.1]), rgb=UNKNOWN, text='', units='height', win=Window(...), wrapWidth=1)
14.0461 	INFO 	keyboard.Keyboard is using ptb backend.
14.0553 	EXP 	Created finishMessage_text = TextStim(__class__=<class 'psychopy.visual.text.TextStim'>, alignHoriz=method-wrapper(...), alignText='center', alignVert=method-wrapper(...), anchorHoriz='center', anchorVert='center', antialias=True, autoLog=True, bold=False, color=array([1., 1., 1.]), colorSpace='rgb', contrast=1.0, depth=0.0, flipHoriz=False, flipVert=False, font='Arial', fontFiles=[], height=0.03, italic=False, languageStyle='LTR', name='finishMessage_text', opacity=1, ori=0, pos=array([0., 0.]), rgb=UNKNOWN, text='Thank you for your participation!', units='height', win=Window(...), wrapWidth=1)
14.1291 	EXP 	welcome_text: autoDraw = True
14.1291 	EXP 	welcome_centerImg: autoDraw = True
14.1291 	EXP 	welcome_rightImg1: autoDraw = True
14.1291 	EXP 	welcome_rightImg2: autoDraw = True
14.1291 	EXP 	welcome_leftImg1: autoDraw = True
14.1291 	EXP 	welcome_leftImg2: autoDraw = True
18.8709 	DATA 	Keypress: 9
20.0761 	DATA 	Keypress: 8
20.0912 	EXP 	welcome_text: autoDraw = False
20.0912 	EXP 	welcome_centerImg: autoDraw = False
20.0912 	EXP 	welcome_rightImg1: autoDraw = False
20.0912 	EXP 	welcome_rightImg2: autoDraw = False
20.0912 	EXP 	welcome_leftImg1: autoDraw = False
20.0912 	EXP 	welcome_leftImg2: autoDraw = False
20.0912 	EXP 	instructRight_text: autoDraw = True
20.0912 	EXP 	instructRight_centerImg: autoDraw = True
20.0912 	EXP 	instructRight_rightImg1: autoDraw = True
20.0912 	EXP 	instructRight_rightImg2: autoDraw = True
20.0912 	EXP 	instructRight_leftImg1: autoDraw = True
20.0912 	EXP 	instructRight_leftImg2: autoDraw = True
24.8055 	DATA 	Keypress: 8
24.8083 	EXP 	instructRight_text: autoDraw = False
24.8083 	EXP 	instructRight_centerImg: autoDraw = False
24.8083 	EXP 	instructRight_rightImg1: autoDraw = False
24.8083 	EXP 	instructRight_rightImg2: autoDraw = False
24.8083 	EXP 	instructRight_leftImg1: autoDraw = False
24.8083 	EXP 	instructRight_leftImg2: autoDraw = False
24.8083 	EXP 	instructLeft_text: autoDraw = True
24.8083 	EXP 	instructLeft_centerImg: autoDraw = True
24.8083 	EXP 	instructLeft_rightImg1: autoDraw = True
24.8083 	EXP 	instructLeft_rightImg2: autoDraw = True
24.8083 	EXP 	instructLeft_leftImg1: autoDraw = True
24.8083 	EXP 	instructLeft_leftImg2: autoDraw = True
29.7156 	DATA 	Keypress: 8
31.7896 	DATA 	Keypress: 1
31.7926 	EXP 	instructLeft_text: autoDraw = False
31.7926 	EXP 	instructLeft_centerImg: autoDraw = False
31.7926 	EXP 	instructLeft_rightImg1: autoDraw = False
31.7926 	EXP 	instructLeft_rightImg2: autoDraw = False
31.7926 	EXP 	instructLeft_leftImg1: autoDraw = False
31.7926 	EXP 	instructLeft_leftImg2: autoDraw = False
31.7926 	EXP 	instructInconRight_text: autoDraw = True
31.7926 	EXP 	instructIncon_centerImg: autoDraw = True
31.7926 	EXP 	instructIncon_rightImg1: autoDraw = True
31.7926 	EXP 	instructIncon_rightImg2: autoDraw = True
31.7926 	EXP 	instructIncon_leftImg1: autoDraw = True
31.7926 	EXP 	instructInconRight_leftImg2: autoDraw = True
34.5578 	DATA 	Keypress: 8
34.5606 	EXP 	instructInconRight_text: autoDraw = False
34.5606 	EXP 	instructIncon_centerImg: autoDraw = False
34.5606 	EXP 	instructIncon_rightImg1: autoDraw = False
34.5606 	EXP 	instructIncon_rightImg2: autoDraw = False
34.5606 	EXP 	instructIncon_leftImg1: autoDraw = False
34.5606 	EXP 	instructInconRight_leftImg2: autoDraw = False
34.5606 	EXP 	instructInconLeft_text: autoDraw = True
34.5606 	EXP 	instructInconLeft_centerImg: autoDraw = True
34.5606 	EXP 	instructInconLeft_rightImg1: autoDraw = True
34.5606 	EXP 	instructInconLeft_rightImg2: autoDraw = True
34.5606 	EXP 	instructInconLeft_leftImg1: autoDraw = True
34.5606 	EXP 	instructInconLeft_leftImg2: autoDraw = True
35.8287 	EXP 	Created sequence: random, trialTypes=1, nReps=99, seed=None
35.8292 	EXP 	New trial (rep=0, index=0): None
35.8325 	DATA 	Keypress: 1
35.8365 	EXP 	instructInconLeft_text: autoDraw = False
35.8365 	EXP 	instructInconLeft_centerImg: autoDraw = False
35.8365 	EXP 	instructInconLeft_rightImg1: autoDraw = False
35.8365 	EXP 	instructInconLeft_rightImg2: autoDraw = False
35.8365 	EXP 	instructInconLeft_leftImg1: autoDraw = False
35.8365 	EXP 	instructInconLeft_leftImg2: autoDraw = False
35.8365 	EXP 	prac_reminder_text: autoDraw = True
39.0846 	DATA 	Keypress: 8
39.1033 	EXP 	prac_reminder_text: autoDraw = False
39.1033 	EXP 	initFixation_img: image = 'img/fixationCross.png'
39.1033 	EXP 	initFixation_img: autoDraw = True
41.0992 	DEBUG 	Read excel file with openpyxl: prac_trials.xlsx
41.0998 	EXP 	Imported prac_trials.xlsx as conditions, 4 conditions, 8 params
41.1001 	EXP 	Created sequence: random, trialTypes=4, nReps=1, seed=None
41.1003 	EXP 	New trial (rep=0, index=0): {'middleStim': 'img/rightArrow.png', 'rightStim1': 'img/leftArrow.png', 'rightStim2': 'img/leftArrow.png', 'leftStim1': 'img/leftArrow.png', 'leftStim2': 'img/leftArrow.png', 'stimNum': 7, 'congruent': 0, 'target': 'right'}
41.1514 	EXP 	initFixation_img: autoDraw = False
41.1514 	EXP 	prac_centerImg: image = 'img/rightArrow.png'
41.1514 	EXP 	prac_rightImg1: image = 'img/leftArrow.png'
41.1514 	EXP 	prac_rightImg2: image = 'img/leftArrow.png'
41.1514 	EXP 	prac_leftImg1: image = 'img/leftArrow.png'
41.1514 	EXP 	prac_leftImg2: image = 'img/leftArrow.png'
41.1514 	EXP 	prac_fixImg: image = 'img/fixationCross.png'
41.1514 	EXP 	prac_centerImg: autoDraw = True
41.1514 	EXP 	prac_rightImg1: autoDraw = True
41.1514 	EXP 	prac_rightImg2: autoDraw = True
41.1514 	EXP 	prac_leftImg1: autoDraw = True
41.1514 	EXP 	prac_leftImg2: autoDraw = True
41.1514 	EXP 	prac_fixImg: autoDraw = True
41.3555 	EXP 	prac_centerImg: autoDraw = False
41.3555 	EXP 	prac_rightImg1: autoDraw = False
41.3555 	EXP 	prac_rightImg2: autoDraw = False
41.3555 	EXP 	prac_leftImg1: autoDraw = False
41.3555 	EXP 	prac_leftImg2: autoDraw = False
41.6757 	DATA 	Keypress: 8
42.7996 	EXP 	New trial (rep=0, index=1): {'middleStim': 'img/rightArrow.png', 'rightStim1': 'img/rightArrow.png', 'rightStim2': 'img/rightArrow.png', 'leftStim1': 'img/rightArrow.png', 'leftStim2': 'img/rightArrow.png', 'stimNum': 5, 'congruent': 1, 'target': 'right'}
42.8437 	EXP 	prac_fixImg: autoDraw = False
42.8437 	EXP 	prac_centerImg: autoDraw = False
42.8437 	EXP 	prac_rightImg1: autoDraw = False
42.8437 	EXP 	prac_rightImg2: autoDraw = False
42.8437 	EXP 	prac_leftImg1: autoDraw = False
42.8437 	EXP 	prac_leftImg2: autoDraw = False
42.8437 	EXP 	prac_fixImg: autoDraw = False
42.8437 	EXP 	prac_centerImg: image = 'img/rightArrow.png'
42.8437 	EXP 	prac_rightImg1: image = 'img/rightArrow.png'
42.8437 	EXP 	prac_rightImg2: image = 'img/rightArrow.png'
42.8437 	EXP 	prac_leftImg1: image = 'img/rightArrow.png'
42.8437 	EXP 	prac_leftImg2: image = 'img/rightArrow.png'
42.8437 	EXP 	prac_fixImg: image = 'img/fixationCross.png'
42.8437 	EXP 	prac_centerImg: autoDraw = True
42.8437 	EXP 	prac_rightImg1: autoDraw = True
42.8437 	EXP 	prac_rightImg2: autoDraw = True
42.8437 	EXP 	prac_leftImg1: autoDraw = True
42.8437 	EXP 	prac_leftImg2: autoDraw = True
42.8437 	EXP 	prac_fixImg: autoDraw = True
43.0459 	EXP 	prac_centerImg: autoDraw = False
43.0459 	EXP 	prac_rightImg1: autoDraw = False
43.0459 	EXP 	prac_rightImg2: autoDraw = False
43.0459 	EXP 	prac_leftImg1: autoDraw = False
43.0459 	EXP 	prac_leftImg2: autoDraw = False
43.4129 	DATA 	Keypress: 8
44.6216 	EXP 	New trial (rep=0, index=2): {'middleStim': 'img/leftArrow.png', 'rightStim1': 'img/rightArrow.png', 'rightStim2': 'img/rightArrow.png', 'leftStim1': 'img/rightArrow.png', 'leftStim2': 'img/rightArrow.png', 'stimNum': 8, 'congruent': 0, 'target': 'left'}
44.6587 	EXP 	prac_fixImg: autoDraw = False
44.6587 	EXP 	prac_centerImg: autoDraw = False
44.6587 	EXP 	prac_rightImg1: autoDraw = False
44.6587 	EXP 	prac_rightImg2: autoDraw = False
44.6587 	EXP 	prac_leftImg1: autoDraw = False
44.6587 	EXP 	prac_leftImg2: autoDraw = False
44.6587 	EXP 	prac_fixImg: autoDraw = False
44.6587 	EXP 	prac_centerImg: image = 'img/leftArrow.png'
44.6587 	EXP 	prac_rightImg1: image = 'img/rightArrow.png'
44.6587 	EXP 	prac_rightImg2: image = 'img/rightArrow.png'
44.6587 	EXP 	prac_leftImg1: image = 'img/rightArrow.png'
44.6587 	EXP 	prac_leftImg2: image = 'img/rightArrow.png'
44.6587 	EXP 	prac_fixImg: image = 'img/fixationCross.png'
44.6587 	EXP 	prac_centerImg: autoDraw = True
44.6587 	EXP 	prac_rightImg1: autoDraw = True
44.6587 	EXP 	prac_rightImg2: autoDraw = True
44.6587 	EXP 	prac_leftImg1: autoDraw = True
44.6587 	EXP 	prac_leftImg2: autoDraw = True
44.6587 	EXP 	prac_fixImg: autoDraw = True
44.8623 	EXP 	prac_centerImg: autoDraw = False
44.8623 	EXP 	prac_rightImg1: autoDraw = False
44.8623 	EXP 	prac_rightImg2: autoDraw = False
44.8623 	EXP 	prac_leftImg1: autoDraw = False
44.8623 	EXP 	prac_leftImg2: autoDraw = False
45.1571 	DATA 	Keypress: 1
46.5323 	EXP 	New trial (rep=0, index=3): {'middleStim': 'img/leftArrow.png', 'rightStim1': 'img/leftArrow.png', 'rightStim2': 'img/leftArrow.png', 'leftStim1': 'img/leftArrow.png', 'leftStim2': 'img/leftArrow.png', 'stimNum': 6, 'congruent': 1, 'target': 'left'}
46.5787 	EXP 	prac_fixImg: autoDraw = False
46.5787 	EXP 	prac_centerImg: autoDraw = False
46.5787 	EXP 	prac_rightImg1: autoDraw = False
46.5787 	EXP 	prac_rightImg2: autoDraw = False
46.5787 	EXP 	prac_leftImg1: autoDraw = False
46.5787 	EXP 	prac_leftImg2: autoDraw = False
46.5787 	EXP 	prac_fixImg: autoDraw = False
46.5787 	EXP 	prac_centerImg: image = 'img/leftArrow.png'
46.5787 	EXP 	prac_rightImg1: image = 'img/leftArrow.png'
46.5787 	EXP 	prac_rightImg2: image = 'img/leftArrow.png'
46.5787 	EXP 	prac_leftImg1: image = 'img/leftArrow.png'
46.5787 	EXP 	prac_leftImg2: image = 'img/leftArrow.png'
46.5787 	EXP 	prac_fixImg: image = 'img/fixationCross.png'
46.5787 	EXP 	prac_centerImg: autoDraw = True
46.5787 	EXP 	prac_rightImg1: autoDraw = True
46.5787 	EXP 	prac_rightImg2: autoDraw = True
46.5787 	EXP 	prac_leftImg1: autoDraw = True
46.5787 	EXP 	prac_leftImg2: autoDraw = True
46.5787 	EXP 	prac_fixImg: autoDraw = True
46.7784 	EXP 	prac_centerImg: autoDraw = False
46.7784 	EXP 	prac_rightImg1: autoDraw = False
46.7784 	EXP 	prac_rightImg2: autoDraw = False
46.7784 	EXP 	prac_leftImg1: autoDraw = False
46.7784 	EXP 	prac_leftImg2: autoDraw = False
46.9587 	DATA 	Keypress: 1
48.1565 	EXP 	prac_fixImg: autoDraw = False
48.1565 	EXP 	prac_centerImg: autoDraw = False
48.1565 	EXP 	prac_rightImg1: autoDraw = False
48.1565 	EXP 	prac_rightImg2: autoDraw = False
48.1565 	EXP 	prac_leftImg1: autoDraw = False
48.1565 	EXP 	prac_leftImg2: autoDraw = False
48.1565 	EXP 	prac_fixImg: autoDraw = False
48.1565 	EXP 	prac_blockFeed_text: text = 'You have completed the practice. Press the right button to continue.'
48.1565 	EXP 	prac_blockFeed_text: autoDraw = True
50.9272 	DATA 	Keypress: 8
50.9290 	EXP 	prac_blockFeed_text: autoDraw = False
50.9290 	EXP 	instructMainTask_text: autoDraw = True
57.7797 	EXP 	Created sequence: random, trialTypes=1, nReps=2, seed=None
57.7798 	EXP 	New trial (rep=0, index=0): None
57.7927 	DATA 	Keypress: 8
57.7944 	EXP 	instructMainTask_text: autoDraw = False
57.7944 	EXP 	task_blockText: text = 'Block 1 of 10'
57.7944 	EXP 	task_blockText: autoDraw = True
57.7944 	EXP 	task_blockReminders_text: autoDraw = True
64.5008 	DATA 	Keypress: 8
64.5028 	EXP 	task_blockText: autoDraw = False
64.5028 	EXP 	task_blockReminders_text: autoDraw = False
64.5028 	EXP 	initFixation_img: image = 'img/fixationCross.png'
64.5028 	EXP 	initFixation_img: autoDraw = True
66.4977 	DEBUG 	Read excel file with openpyxl: task_trials.xlsx
66.4984 	EXP 	Imported task_trials.xlsx as conditions, 4 conditions, 8 params
66.4987 	EXP 	Created sequence: random, trialTypes=4, nReps=1, seed=None
66.4989 	EXP 	New trial (rep=0, index=0): {'middleStim': 'img/rightArrow.png', 'rightStim1': 'img/rightArrow.png', 'rightStim2': 'img/rightArrow.png', 'leftStim1': 'img/rightArrow.png', 'leftStim2': 'img/rightArrow.png', 'stimNum': 1, 'congruent': 1, 'target': 'right'}
66.5565 	EXP 	initFixation_img: autoDraw = False
66.5565 	EXP 	task_centerImg: image = 'img/rightArrow.png'
66.5565 	EXP 	task_rightImg1: image = 'img/rightArrow.png'
66.5565 	EXP 	task_rightImg2: image = 'img/rightArrow.png'
66.5565 	EXP 	task_leftImg1: image = 'img/rightArrow.png'
66.5565 	EXP 	task_leftImg2: image = 'img/rightArrow.png'
66.5565 	EXP 	task_fixImg: image = 'img/fixationCross.png'
66.5565 	EXP 	task_centerImg: autoDraw = True
66.5565 	EXP 	task_rightImg1: autoDraw = True
66.5565 	EXP 	task_rightImg2: autoDraw = True
66.5565 	EXP 	task_leftImg1: autoDraw = True
66.5565 	EXP 	task_leftImg2: autoDraw = True
66.5565 	EXP 	task_fixImg: autoDraw = True
66.7612 	EXP 	task_centerImg: autoDraw = False
66.7612 	EXP 	task_rightImg1: autoDraw = False
66.7612 	EXP 	task_rightImg2: autoDraw = False
66.7612 	EXP 	task_leftImg1: autoDraw = False
66.7612 	EXP 	task_leftImg2: autoDraw = False
67.0468 	DATA 	Keypress: 8
68.3001 	EXP 	New trial (rep=0, index=1): {'middleStim': 'img/rightArrow.png', 'rightStim1': 'img/leftArrow.png', 'rightStim2': 'img/leftArrow.png', 'leftStim1': 'img/leftArrow.png', 'leftStim2': 'img/leftArrow.png', 'stimNum': 3, 'congruent': 0, 'target': 'right'}
68.3440 	EXP 	task_fixImg: autoDraw = False
68.3440 	EXP 	task_centerImg: autoDraw = False
68.3440 	EXP 	task_rightImg1: autoDraw = False
68.3440 	EXP 	task_rightImg2: autoDraw = False
68.3440 	EXP 	task_leftImg1: autoDraw = False
68.3440 	EXP 	task_leftImg2: autoDraw = False
68.3440 	EXP 	task_fixImg: autoDraw = False
68.3440 	EXP 	task_centerImg: image = 'img/rightArrow.png'
68.3440 	EXP 	task_rightImg1: image = 'img/leftArrow.png'
68.3440 	EXP 	task_rightImg2: image = 'img/leftArrow.png'
68.3440 	EXP 	task_leftImg1: image = 'img/leftArrow.png'
68.3440 	EXP 	task_leftImg2: image = 'img/leftArrow.png'
68.3440 	EXP 	task_fixImg: image = 'img/fixationCross.png'
68.3440 	EXP 	task_centerImg: autoDraw = True
68.3440 	EXP 	task_rightImg1: autoDraw = True
68.3440 	EXP 	task_rightImg2: autoDraw = True
68.3440 	EXP 	task_leftImg1: autoDraw = True
68.3440 	EXP 	task_leftImg2: autoDraw = True
68.3440 	EXP 	task_fixImg: autoDraw = True
68.5482 	EXP 	task_centerImg: autoDraw = False
68.5482 	EXP 	task_rightImg1: autoDraw = False
68.5482 	EXP 	task_rightImg2: autoDraw = False
68.5482 	EXP 	task_leftImg1: autoDraw = False
68.5482 	EXP 	task_leftImg2: autoDraw = False
68.9122 	DATA 	Keypress: 8
69.9741 	EXP 	New trial (rep=0, index=2): {'middleStim': 'img/leftArrow.png', 'rightStim1': 'img/rightArrow.png', 'rightStim2': 'img/rightArrow.png', 'leftStim1': 'img/rightArrow.png', 'leftStim2': 'img/rightArrow.png', 'stimNum': 4, 'congruent': 0, 'target': 'left'}
70.0197 	EXP 	task_fixImg: autoDraw = False
70.0197 	EXP 	task_centerImg: autoDraw = False
70.0197 	EXP 	task_rightImg1: autoDraw = False
70.0197 	EXP 	task_rightImg2: autoDraw = False
70.0197 	EXP 	task_leftImg1: autoDraw = False
70.0197 	EXP 	task_leftImg2: autoDraw = False
70.0197 	EXP 	task_fixImg: autoDraw = False
70.0197 	EXP 	task_centerImg: image = 'img/leftArrow.png'
70.0197 	EXP 	task_rightImg1: image = 'img/rightArrow.png'
70.0197 	EXP 	task_rightImg2: image = 'img/rightArrow.png'
70.0197 	EXP 	task_leftImg1: image = 'img/rightArrow.png'
70.0197 	EXP 	task_leftImg2: image = 'img/rightArrow.png'
70.0197 	EXP 	task_fixImg: image = 'img/fixationCross.png'
70.0197 	EXP 	task_centerImg: autoDraw = True
70.0197 	EXP 	task_rightImg1: autoDraw = True
70.0197 	EXP 	task_rightImg2: autoDraw = True
70.0197 	EXP 	task_leftImg1: autoDraw = True
70.0197 	EXP 	task_leftImg2: autoDraw = True
70.0197 	EXP 	task_fixImg: autoDraw = True
70.2240 	EXP 	task_centerImg: autoDraw = False
70.2240 	EXP 	task_rightImg1: autoDraw = False
70.2240 	EXP 	task_rightImg2: autoDraw = False
70.2240 	EXP 	task_leftImg1: autoDraw = False
70.2240 	EXP 	task_leftImg2: autoDraw = False
70.5029 	DATA 	Keypress: 1
71.9752 	EXP 	New trial (rep=0, index=3): {'middleStim': 'img/leftArrow.png', 'rightStim1': 'img/leftArrow.png', 'rightStim2': 'img/leftArrow.png', 'leftStim1': 'img/leftArrow.png', 'leftStim2': 'img/leftArrow.png', 'stimNum': 2, 'congruent': 1, 'target': 'left'}
72.0181 	EXP 	task_fixImg: autoDraw = False
72.0181 	EXP 	task_centerImg: autoDraw = False
72.0181 	EXP 	task_rightImg1: autoDraw = False
72.0181 	EXP 	task_rightImg2: autoDraw = False
72.0181 	EXP 	task_leftImg1: autoDraw = False
72.0181 	EXP 	task_leftImg2: autoDraw = False
72.0181 	EXP 	task_fixImg: autoDraw = False
72.0181 	EXP 	task_centerImg: image = 'img/leftArrow.png'
72.0181 	EXP 	task_rightImg1: image = 'img/leftArrow.png'
72.0181 	EXP 	task_rightImg2: image = 'img/leftArrow.png'
72.0181 	EXP 	task_leftImg1: image = 'img/leftArrow.png'
72.0181 	EXP 	task_leftImg2: image = 'img/leftArrow.png'
72.0181 	EXP 	task_fixImg: image = 'img/fixationCross.png'
72.0181 	EXP 	task_centerImg: autoDraw = True
72.0181 	EXP 	task_rightImg1: autoDraw = True
72.0181 	EXP 	task_rightImg2: autoDraw = True
72.0181 	EXP 	task_leftImg1: autoDraw = True
72.0181 	EXP 	task_leftImg2: autoDraw = True
72.0181 	EXP 	task_fixImg: autoDraw = True
72.2220 	EXP 	task_centerImg: autoDraw = False
72.2220 	EXP 	task_rightImg1: autoDraw = False
72.2220 	EXP 	task_rightImg2: autoDraw = False
72.2220 	EXP 	task_leftImg1: autoDraw = False
72.2220 	EXP 	task_leftImg2: autoDraw = False
72.4735 	DATA 	Keypress: 1
73.8845 	EXP 	task_fixImg: autoDraw = False
73.8845 	EXP 	task_centerImg: autoDraw = False
73.8845 	EXP 	task_rightImg1: autoDraw = False
73.8845 	EXP 	task_rightImg2: autoDraw = False
73.8845 	EXP 	task_leftImg1: autoDraw = False
73.8845 	EXP 	task_leftImg2: autoDraw = False
73.8845 	EXP 	task_fixImg: autoDraw = False
73.8845 	EXP 	task_blockFeed_text: text = 'Please respond faster'
73.8845 	EXP 	task_blockFeed_text2: text = 'Press the right button to continue'
73.8845 	EXP 	task_blockFeed_text: autoDraw = True
73.8845 	EXP 	task_blockFeed_text2: autoDraw = True
98.9921 	EXP 	New trial (rep=1, index=0): None
99.0019 	DATA 	Keypress: 8
99.0035 	EXP 	task_blockFeed_text: autoDraw = False
99.0035 	EXP 	task_blockFeed_text2: autoDraw = False
99.0035 	EXP 	task_blockText: text = 'Block 2 of 10'
99.0035 	EXP 	task_blockText: autoDraw = True
99.0035 	EXP 	task_blockReminders_text: autoDraw = True
100.3356 	DATA 	Keypress: escape
102.3128 	EXP 	window1: mouseVisible = True
102.3129 	DEBUG 	Saving data for flanker-basic_v2 ExperimentHandler
102.3140 	INFO 	saved data to C:\Users\NDClab\Desktop\Experiments\social-flanker-eeg\flanker-basic-v4\data/999_flanker-basic_v2_2022_Mar_30_0143.psydat
102.3155 	INFO 	saved data to 'C:\\Users\\NDClab\\Desktop\\Experiments\\social-flanker-eeg\\flanker-basic-v4\\data/999_flanker-basic_v2_2022_Mar_30_0143.csv'
