1.3308 	WARNING 	We strongly recommend you activate the PTB sound engine in PsychoPy prefs as the preferred audio engine. Its timing is vastly superior. Your prefs are currently set to use ['sounddevice', 'PTB', 'pyo', 'pygame'] (in that order).
6.7810 	INFO 	Loaded monitor calibration from ['2021_09_14 11:10']
6.7846 	WARNING 	User requested fullscreen with size [1536  864], but screen is actually [1920, 1080]. Using actual size
10.1760 	EXP 	Created window1 = Window(allowGUI=False, allowStencil=False, autoLog=True, backendConf=UNKNOWN, bitsMode=UNKNOWN, blendMode='avg', bpc=(8, 8, 8), color=array([-1, -1, -1]), colorSpace='rgb', depthBits=8, fullscr=<method-wrapper '__getattribute__' of attributeSetter object at 0x0000026945DBE320>, gamma=None, gammaErrorPolicy='raise', lms=UNKNOWN, monitor=<psychopy.monitors.calibTools.Monitor object at 0x0000026945E44A20>, multiSample=False, name='window1', numSamples=2, pos=[0.0, 0.0], screen=0, size=array([1920, 1080]), stencilBits=0, stereo=False, units='height', useFBO=True, useRetina=False, viewOri=0.0, viewPos=None, viewScale=None, waitBlanking=True, winType='pyglet')
10.1765 	EXP 	window1: mouseVisible = True
10.1766 	EXP 	window1: recordFrameIntervals = False
10.2166 	EXP 	window1: recordFrameIntervals = True
10.2626 	DEBUG 	Screen (0) actual frame rate measured at 239.28
10.2627 	EXP 	window1: recordFrameIntervals = False
10.4747 	INFO 	keyboard.Keyboard is using ptb backend.
10.5519 	EXP 	Created welcome_text = TextStim(__class__=<class 'psychopy.visual.text.TextStim'>, alignHoriz=method-wrapper(...), alignText='center', alignVert=method-wrapper(...), anchorHoriz='center', anchorVert='center', antialias=True, autoLog=True, bold=False, color=array([1., 1., 1.]), colorSpace='rgb', contrast=1.0, depth=0.0, flipHoriz=False, flipVert=False, font='Arial', fontFiles=[], height=0.04, italic=False, languageStyle='LTR', name='welcome_text', opacity=1, ori=0, pos=array([0., 0.]), rgb=UNKNOWN, text=str(...), units='height', win=Window(...), wrapWidth=1)
10.5519 	INFO 	keyboard.Keyboard is using ptb backend.
10.5600 	EXP 	Created instructRight_text = TextStim(__class__=<class 'psychopy.visual.text.TextStim'>, alignHoriz=method-wrapper(...), alignText='center', alignVert=method-wrapper(...), anchorHoriz='center', anchorVert='center', antialias=True, autoLog=True, bold=False, color=array([1., 1., 1.]), colorSpace='rgb', contrast=1.0, depth=0.0, flipHoriz=False, flipVert=False, font='Arial', fontFiles=[], height=0.04, italic=False, languageStyle='LTR', name='instructRight_text', opacity=1, ori=0, pos=array([0., 0.]), rgb=UNKNOWN, text=str(...), units='height', win=Window(...), wrapWidth=1)
10.5951 	EXP 	Created instructRight_centerImg = ImageStim(__class__=<class 'psychopy.visual.image.ImageStim'>, autoLog=True, color=array([1., 1., 1.]), colorSpace='rgb', contrast=1.0, depth=-1.0, flipHoriz=False, flipVert=False, image='img/rightArrow.png', interpolate=True, mask=None, maskParams=None, name='instructRight_centerImg', opacity=1, ori=0.0, pos=array([ 0. , -0.3]), size=array([0.04, 0.04]), texRes=512, units='height', win=Window(...))
10.6304 	EXP 	Created instructRight_rightImg1 = ImageStim(__class__=<class 'psychopy.visual.image.ImageStim'>, autoLog=True, color=array([1., 1., 1.]), colorSpace='rgb', contrast=1.0, depth=-2.0, flipHoriz=False, flipVert=False, image='img/rightArrow.png', interpolate=True, mask=None, maskParams=None, name='instructRight_rightImg1', opacity=1, ori=0.0, pos=array([ 0.05, -0.3 ]), size=array([0.04, 0.04]), texRes=512, units='height', win=Window(...))
10.6713 	EXP 	Created instructRight_rightImg2 = ImageStim(__class__=<class 'psychopy.visual.image.ImageStim'>, autoLog=True, color=array([1., 1., 1.]), colorSpace='rgb', contrast=1.0, depth=-3.0, flipHoriz=False, flipVert=False, image='img/rightArrow.png', interpolate=True, mask=None, maskParams=None, name='instructRight_rightImg2', opacity=1, ori=0.0, pos=array([ 0.1, -0.3]), size=array([0.04, 0.04]), texRes=512, units='height', win=Window(...))
10.7128 	EXP 	Created instructRight_leftImg1 = ImageStim(__class__=<class 'psychopy.visual.image.ImageStim'>, autoLog=True, color=array([1., 1., 1.]), colorSpace='rgb', contrast=1.0, depth=-4.0, flipHoriz=False, flipVert=False, image='img/rightArrow.png', interpolate=True, mask=None, maskParams=None, name='instructRight_leftImg1', opacity=1, ori=0.0, pos=array([-0.05, -0.3 ]), size=array([0.04, 0.04]), texRes=512, units='height', win=Window(...))
10.7528 	EXP 	Created instructRight_leftImg2 = ImageStim(__class__=<class 'psychopy.visual.image.ImageStim'>, autoLog=True, color=array([1., 1., 1.]), colorSpace='rgb', contrast=1.0, depth=-5.0, flipHoriz=False, flipVert=False, image='img/rightArrow.png', interpolate=True, mask=None, maskParams=None, name='instructRight_leftImg2', opacity=1, ori=0.0, pos=array([-0.1, -0.3]), size=array([0.04, 0.04]), texRes=512, units='height', win=Window(...))
10.7528 	INFO 	keyboard.Keyboard is using ptb backend.
10.7592 	EXP 	Created instructLeft_text = TextStim(__class__=<class 'psychopy.visual.text.TextStim'>, alignHoriz=method-wrapper(...), alignText='center', alignVert=method-wrapper(...), anchorHoriz='center', anchorVert='center', antialias=True, autoLog=True, bold=False, color=array([1., 1., 1.]), colorSpace='rgb', contrast=1.0, depth=0.0, flipHoriz=False, flipVert=False, font='Arial', fontFiles=[], height=0.04, italic=False, languageStyle='LTR', name='instructLeft_text', opacity=1, ori=0, pos=array([0., 0.]), rgb=UNKNOWN, text=str(...), units='height', win=Window(...), wrapWidth=1)
10.7995 	EXP 	Created instructLeft_centerImg = ImageStim(__class__=<class 'psychopy.visual.image.ImageStim'>, autoLog=True, color=array([1., 1., 1.]), colorSpace='rgb', contrast=1.0, depth=-1.0, flipHoriz=False, flipVert=False, image='img/leftArrow.png', interpolate=True, mask=None, maskParams=None, name='instructLeft_centerImg', opacity=1, ori=0.0, pos=array([ 0. , -0.3]), size=array([0.04, 0.04]), texRes=512, units='height', win=Window(...))
10.8389 	EXP 	Created instructLeft_rightImg1 = ImageStim(__class__=<class 'psychopy.visual.image.ImageStim'>, autoLog=True, color=array([1., 1., 1.]), colorSpace='rgb', contrast=1.0, depth=-2.0, flipHoriz=False, flipVert=False, image='img/leftArrow.png', interpolate=True, mask=None, maskParams=None, name='instructLeft_rightImg1', opacity=1, ori=0.0, pos=array([ 0.05, -0.3 ]), size=array([0.04, 0.04]), texRes=512, units='height', win=Window(...))
10.8785 	EXP 	Created instructLeft_rightImg2 = ImageStim(__class__=<class 'psychopy.visual.image.ImageStim'>, autoLog=True, color=array([1., 1., 1.]), colorSpace='rgb', contrast=1.0, depth=-3.0, flipHoriz=False, flipVert=False, image='img/leftArrow.png', interpolate=True, mask=None, maskParams=None, name='instructLeft_rightImg2', opacity=1, ori=0.0, pos=array([ 0.1, -0.3]), size=array([0.04, 0.04]), texRes=512, units='height', win=Window(...))
10.9181 	EXP 	Created instructLeft_leftImg1 = ImageStim(__class__=<class 'psychopy.visual.image.ImageStim'>, autoLog=True, color=array([1., 1., 1.]), colorSpace='rgb', contrast=1.0, depth=-4.0, flipHoriz=False, flipVert=False, image='img/leftArrow.png', interpolate=True, mask=None, maskParams=None, name='instructLeft_leftImg1', opacity=1, ori=0.0, pos=array([-0.05, -0.3 ]), size=array([0.04, 0.04]), texRes=512, units='height', win=Window(...))
10.9576 	EXP 	Created instructLeft_leftImg2 = ImageStim(__class__=<class 'psychopy.visual.image.ImageStim'>, autoLog=True, color=array([1., 1., 1.]), colorSpace='rgb', contrast=1.0, depth=-5.0, flipHoriz=False, flipVert=False, image='img/leftArrow.png', interpolate=True, mask=None, maskParams=None, name='instructLeft_leftImg2', opacity=1, ori=0.0, pos=array([-0.1, -0.3]), size=array([0.04, 0.04]), texRes=512, units='height', win=Window(...))
10.9576 	INFO 	keyboard.Keyboard is using ptb backend.
10.9746 	EXP 	Created instructInconRight_text = TextStim(__class__=<class 'psychopy.visual.text.TextStim'>, alignHoriz=method-wrapper(...), alignText='center', alignVert=method-wrapper(...), anchorHoriz='center', anchorVert='center', antialias=True, autoLog=True, bold=False, color=array([1., 1., 1.]), colorSpace='rgb', contrast=1.0, depth=0.0, flipHoriz=False, flipVert=False, font='Arial', fontFiles=[], height=0.04, italic=False, languageStyle='LTR', name='instructInconRight_text', opacity=1, ori=0, pos=array([0., 0.]), rgb=UNKNOWN, text=str(...), units='height', win=Window(...), wrapWidth=1)
10.9994 	EXP 	Created instructIncon_centerImg = ImageStim(__class__=<class 'psychopy.visual.image.ImageStim'>, autoLog=True, color=array([1., 1., 1.]), colorSpace='rgb', contrast=1.0, depth=-1.0, flipHoriz=False, flipVert=False, image='img/rightArrow.png', interpolate=True, mask=None, maskParams=None, name='instructIncon_centerImg', opacity=1, ori=0.0, pos=array([ 0. , -0.3]), size=array([0.04, 0.04]), texRes=512, units='height', win=Window(...))
11.0229 	EXP 	Created instructIncon_rightImg1 = ImageStim(__class__=<class 'psychopy.visual.image.ImageStim'>, autoLog=True, color=array([1., 1., 1.]), colorSpace='rgb', contrast=1.0, depth=-2.0, flipHoriz=False, flipVert=False, image='img/leftArrow.png', interpolate=True, mask=None, maskParams=None, name='instructIncon_rightImg1', opacity=1, ori=0.0, pos=array([ 0.05, -0.3 ]), size=array([0.04, 0.04]), texRes=512, units='height', win=Window(...))
11.0460 	EXP 	Created instructIncon_rightImg2 = ImageStim(__class__=<class 'psychopy.visual.image.ImageStim'>, autoLog=True, color=array([1., 1., 1.]), colorSpace='rgb', contrast=1.0, depth=-3.0, flipHoriz=False, flipVert=False, image='img/leftArrow.png', interpolate=True, mask=None, maskParams=None, name='instructIncon_rightImg2', opacity=1, ori=0.0, pos=array([ 0.1, -0.3]), size=array([0.04, 0.04]), texRes=512, units='height', win=Window(...))
11.0694 	EXP 	Created instructIncon_leftImg1 = ImageStim(__class__=<class 'psychopy.visual.image.ImageStim'>, autoLog=True, color=array([1., 1., 1.]), colorSpace='rgb', contrast=1.0, depth=-4.0, flipHoriz=False, flipVert=False, image='img/leftArrow.png', interpolate=True, mask=None, maskParams=None, name='instructIncon_leftImg1', opacity=1, ori=0.0, pos=array([-0.05, -0.3 ]), size=array([0.04, 0.04]), texRes=512, units='height', win=Window(...))
11.0929 	EXP 	Created instructInconRight_leftImg2 = ImageStim(__class__=<class 'psychopy.visual.image.ImageStim'>, autoLog=True, color=array([1., 1., 1.]), colorSpace='rgb', contrast=1.0, depth=-5.0, flipHoriz=False, flipVert=False, image='img/leftArrow.png', interpolate=True, mask=None, maskParams=None, name='instructInconRight_leftImg2', opacity=1, ori=0.0, pos=array([-0.1, -0.3]), size=array([0.04, 0.04]), texRes=512, units='height', win=Window(...))
11.0929 	INFO 	keyboard.Keyboard is using ptb backend.
11.1001 	EXP 	Created instructInconLeft_text = TextStim(__class__=<class 'psychopy.visual.text.TextStim'>, alignHoriz=method-wrapper(...), alignText='center', alignVert=method-wrapper(...), anchorHoriz='center', anchorVert='center', antialias=True, autoLog=True, bold=False, color=array([1., 1., 1.]), colorSpace='rgb', contrast=1.0, depth=0.0, flipHoriz=False, flipVert=False, font='Arial', fontFiles=[], height=0.04, italic=False, languageStyle='LTR', name='instructInconLeft_text', opacity=1, ori=0, pos=array([0., 0.]), rgb=UNKNOWN, text=str(...), units='height', win=Window(...), wrapWidth=1)
11.1236 	EXP 	Created instructInconLeft_centerImg = ImageStim(__class__=<class 'psychopy.visual.image.ImageStim'>, autoLog=True, color=array([1., 1., 1.]), colorSpace='rgb', contrast=1.0, depth=-1.0, flipHoriz=False, flipVert=False, image='img/leftArrow.png', interpolate=True, mask=None, maskParams=None, name='instructInconLeft_centerImg', opacity=1, ori=0.0, pos=array([ 0. , -0.3]), size=array([0.04, 0.04]), texRes=512, units='height', win=Window(...))
11.1473 	EXP 	Created instructInconLeft_rightImg1 = ImageStim(__class__=<class 'psychopy.visual.image.ImageStim'>, autoLog=True, color=array([1., 1., 1.]), colorSpace='rgb', contrast=1.0, depth=-2.0, flipHoriz=False, flipVert=False, image='img/rightArrow.png', interpolate=True, mask=None, maskParams=None, name='instructInconLeft_rightImg1', opacity=1, ori=0.0, pos=array([ 0.05, -0.3 ]), size=array([0.04, 0.04]), texRes=512, units='height', win=Window(...))
11.1729 	EXP 	Created instructInconLeft_rightImg2 = ImageStim(__class__=<class 'psychopy.visual.image.ImageStim'>, autoLog=True, color=array([1., 1., 1.]), colorSpace='rgb', contrast=1.0, depth=-3.0, flipHoriz=False, flipVert=False, image='img/rightArrow.png', interpolate=True, mask=None, maskParams=None, name='instructInconLeft_rightImg2', opacity=1, ori=0.0, pos=array([ 0.1, -0.3]), size=array([0.04, 0.04]), texRes=512, units='height', win=Window(...))
11.1998 	EXP 	Created instructInconLeft_leftImg1 = ImageStim(__class__=<class 'psychopy.visual.image.ImageStim'>, autoLog=True, color=array([1., 1., 1.]), colorSpace='rgb', contrast=1.0, depth=-4.0, flipHoriz=False, flipVert=False, image='img/rightArrow.png', interpolate=True, mask=None, maskParams=None, name='instructInconLeft_leftImg1', opacity=1, ori=0.0, pos=array([-0.05, -0.3 ]), size=array([0.04, 0.04]), texRes=512, units='height', win=Window(...))
11.2255 	EXP 	Created instructInconLeft_leftImg2 = ImageStim(__class__=<class 'psychopy.visual.image.ImageStim'>, autoLog=True, color=array([1., 1., 1.]), colorSpace='rgb', contrast=1.0, depth=-5.0, flipHoriz=False, flipVert=False, image='img/rightArrow.png', interpolate=True, mask=None, maskParams=None, name='instructInconLeft_leftImg2', opacity=1, ori=0.0, pos=array([-0.1, -0.3]), size=array([0.04, 0.04]), texRes=512, units='height', win=Window(...))
11.2256 	INFO 	keyboard.Keyboard is using ptb backend.
11.2383 	EXP 	Created prac_blockText = TextStim(__class__=<class 'psychopy.visual.text.TextStim'>, alignHoriz=method-wrapper(...), alignText='center', alignVert=method-wrapper(...), anchorHoriz='center', anchorVert='center', antialias=True, autoLog=True, bold=False, color=array([1., 1., 1.]), colorSpace='rgb', contrast=1.0, depth=-1.0, flipHoriz=False, flipVert=False, font='Arial', fontFiles=[], height=0.06, italic=False, languageStyle='LTR', name='prac_blockText', opacity=1, ori=0.0, pos=array([0. , 0.3]), rgb=UNKNOWN, text='Practice', units='height', win=Window(...), wrapWidth=1)
11.2514 	EXP 	Created prac_reminder_text = TextStim(__class__=<class 'psychopy.visual.text.TextStim'>, alignHoriz=method-wrapper(...), alignText='center', alignVert=method-wrapper(...), anchorHoriz='center', anchorVert='center', antialias=True, autoLog=True, bold=False, color=array([1., 1., 1.]), colorSpace='rgb', contrast=1.0, depth=-2.0, flipHoriz=False, flipVert=False, font='Arial', fontFiles=[], height=0.04, italic=False, languageStyle='LTR', name='prac_reminder_text', opacity=1, ori=0, pos=array([0., 0.]), rgb=UNKNOWN, text=str(...), units='height', win=Window(...), wrapWidth=1)
11.2515 	INFO 	keyboard.Keyboard is using ptb backend.
11.2545 	EXP 	Created initFixation_img = ImageStim(__class__=<class 'psychopy.visual.image.ImageStim'>, autoLog=True, color=array([1., 1., 1.]), colorSpace='rgb', contrast=1.0, depth=0.0, flipHoriz=False, flipVert=False, image='sin', interpolate=True, mask=None, maskParams=None, name='initFixation_img', opacity=1, ori=0.0, pos=array([ 0.  , -0.05]), size=array([0.015, 0.015]), texRes=512, units='height', win=Window(...))
11.2573 	EXP 	Created prac_centerImg = ImageStim(__class__=<class 'psychopy.visual.image.ImageStim'>, autoLog=True, color=array([1., 1., 1.]), colorSpace='rgb', contrast=1.0, depth=-1.0, flipHoriz=False, flipVert=False, image='sin', interpolate=True, mask=None, maskParams=None, name='prac_centerImg', opacity=1, ori=0.0, pos=array([0., 0.]), size=array([0.04, 0.04]), texRes=512, units='height', win=Window(...))
11.2602 	EXP 	Created prac_rightImg1 = ImageStim(__class__=<class 'psychopy.visual.image.ImageStim'>, autoLog=True, color=array([1., 1., 1.]), colorSpace='rgb', contrast=1.0, depth=-2.0, flipHoriz=False, flipVert=False, image='sin', interpolate=True, mask=None, maskParams=None, name='prac_rightImg1', opacity=1, ori=0.0, pos=array([0.05, 0.  ]), size=array([0.04, 0.04]), texRes=512, units='height', win=Window(...))
11.2630 	EXP 	Created prac_rightImg2 = ImageStim(__class__=<class 'psychopy.visual.image.ImageStim'>, autoLog=True, color=array([1., 1., 1.]), colorSpace='rgb', contrast=1.0, depth=-3.0, flipHoriz=False, flipVert=False, image='sin', interpolate=True, mask=None, maskParams=None, name='prac_rightImg2', opacity=1, ori=0.0, pos=array([0.1, 0. ]), size=array([0.04, 0.04]), texRes=512, units='height', win=Window(...))
11.2659 	EXP 	Created prac_leftImg1 = ImageStim(__class__=<class 'psychopy.visual.image.ImageStim'>, autoLog=True, color=array([1., 1., 1.]), colorSpace='rgb', contrast=1.0, depth=-4.0, flipHoriz=False, flipVert=False, image='sin', interpolate=True, mask=None, maskParams=None, name='prac_leftImg1', opacity=1, ori=0.0, pos=array([-0.05,  0.  ]), size=array([0.04, 0.04]), texRes=512, units='height', win=Window(...))
11.2687 	EXP 	Created prac_leftImg2 = ImageStim(__class__=<class 'psychopy.visual.image.ImageStim'>, autoLog=True, color=array([1., 1., 1.]), colorSpace='rgb', contrast=1.0, depth=-5.0, flipHoriz=False, flipVert=False, image='sin', interpolate=True, mask=None, maskParams=None, name='prac_leftImg2', opacity=1, ori=0.0, pos=array([-0.1,  0. ]), size=array([0.04, 0.04]), texRes=512, units='height', win=Window(...))
11.2717 	EXP 	Created prac_fixImg = ImageStim(__class__=<class 'psychopy.visual.image.ImageStim'>, autoLog=True, color=array([1., 1., 1.]), colorSpace='rgb', contrast=1.0, depth=-6.0, flipHoriz=False, flipVert=False, image='sin', interpolate=True, mask=None, maskParams=None, name='prac_fixImg', opacity=1, ori=0.0, pos=array([ 0.  , -0.05]), size=array([0.015, 0.015]), texRes=512, units='height', win=Window(...))
11.2717 	INFO 	keyboard.Keyboard is using ptb backend.
11.2727 	EXP 	Created prac_blockFeed_text = TextStim(__class__=<class 'psychopy.visual.text.TextStim'>, alignHoriz=method-wrapper(...), alignText='center', alignVert=method-wrapper(...), anchorHoriz='center', anchorVert='center', antialias=True, autoLog=True, bold=False, color=array([1., 1., 1.]), colorSpace='rgb', contrast=1.0, depth=-1.0, flipHoriz=False, flipVert=False, font='Arial', fontFiles=[], height=0.04, italic=False, languageStyle='LTR', name='prac_blockFeed_text', opacity=1, ori=0, pos=array([0., 0.]), rgb=UNKNOWN, text='', units='height', win=Window(...), wrapWidth=1)
11.2756 	EXP 	Created prac_pressContinue = TextStim(__class__=<class 'psychopy.visual.text.TextStim'>, alignHoriz=method-wrapper(...), alignText='center', alignVert=method-wrapper(...), anchorHoriz='center', anchorVert='center', antialias=True, autoLog=True, bold=False, color=array([1., 1., 1.]), colorSpace='rgb', contrast=1.0, depth=-2.0, flipHoriz=False, flipVert=False, font='Arial', fontFiles=[], height=0.04, italic=False, languageStyle='LTR', name='prac_pressContinue', opacity=1, ori=0.0, pos=array([ 0. , -0.3]), rgb=UNKNOWN, text='Press the right key', units='height', win=Window(...), wrapWidth=1)
11.2757 	INFO 	keyboard.Keyboard is using ptb backend.
11.2799 	EXP 	Created instructMainTask_text = TextStim(__class__=<class 'psychopy.visual.text.TextStim'>, alignHoriz=method-wrapper(...), alignText='center', alignVert=method-wrapper(...), anchorHoriz='center', anchorVert='center', antialias=True, autoLog=True, bold=False, color=array([1., 1., 1.]), colorSpace='rgb', contrast=1.0, depth=0.0, flipHoriz=False, flipVert=False, font='Arial', fontFiles=[], height=0.04, italic=False, languageStyle='LTR', name='instructMainTask_text', opacity=1, ori=0, pos=array([0., 0.]), rgb=UNKNOWN, text=str(...), units='height', win=Window(...), wrapWidth=1)
11.2799 	INFO 	keyboard.Keyboard is using ptb backend.
11.2809 	EXP 	Created task_blockText = TextStim(__class__=<class 'psychopy.visual.text.TextStim'>, alignHoriz=method-wrapper(...), alignText='center', alignVert=method-wrapper(...), anchorHoriz='center', anchorVert='center', antialias=True, autoLog=True, bold=False, color=array([1., 1., 1.]), colorSpace='rgb', contrast=1.0, depth=-1.0, flipHoriz=False, flipVert=False, font='Arial', fontFiles=[], height=0.06, italic=False, languageStyle='LTR', name='task_blockText', opacity=1, ori=0.0, pos=array([0. , 0.3]), rgb=UNKNOWN, text='', units='height', win=Window(...), wrapWidth=1)
11.2897 	EXP 	Created task_blockReminders_text = TextStim(__class__=<class 'psychopy.visual.text.TextStim'>, alignHoriz=method-wrapper(...), alignText='center', alignVert=method-wrapper(...), anchorHoriz='center', anchorVert='center', antialias=True, autoLog=True, bold=False, color=array([1., 1., 1.]), colorSpace='rgb', contrast=1.0, depth=-2.0, flipHoriz=False, flipVert=False, font='Arial', fontFiles=[], height=0.04, italic=False, languageStyle='LTR', name='task_blockReminders_text', opacity=1, ori=0, pos=array([0., 0.]), rgb=UNKNOWN, text=str(...), units='height', win=Window(...), wrapWidth=1)
11.2898 	INFO 	keyboard.Keyboard is using ptb backend.
11.2927 	EXP 	Created initFixation_img = ImageStim(__class__=<class 'psychopy.visual.image.ImageStim'>, autoLog=True, color=array([1., 1., 1.]), colorSpace='rgb', contrast=1.0, depth=0.0, flipHoriz=False, flipVert=False, image='sin', interpolate=True, mask=None, maskParams=None, name='initFixation_img', opacity=1, ori=0.0, pos=array([ 0.  , -0.05]), size=array([0.015, 0.015]), texRes=512, units='height', win=Window(...))
11.2957 	EXP 	Created task_centerImg = ImageStim(__class__=<class 'psychopy.visual.image.ImageStim'>, autoLog=True, color=array([1., 1., 1.]), colorSpace='rgb', contrast=1.0, depth=-1.0, flipHoriz=False, flipVert=False, image='sin', interpolate=True, mask=None, maskParams=None, name='task_centerImg', opacity=1, ori=0.0, pos=array([0., 0.]), size=array([0.04, 0.04]), texRes=512, units='height', win=Window(...))
11.2987 	EXP 	Created task_rightImg1 = ImageStim(__class__=<class 'psychopy.visual.image.ImageStim'>, autoLog=True, color=array([1., 1., 1.]), colorSpace='rgb', contrast=1.0, depth=-2.0, flipHoriz=False, flipVert=False, image='sin', interpolate=True, mask=None, maskParams=None, name='task_rightImg1', opacity=1, ori=0.0, pos=array([0.05, 0.  ]), size=array([0.04, 0.04]), texRes=512, units='height', win=Window(...))
11.3016 	EXP 	Created task_rightImg2 = ImageStim(__class__=<class 'psychopy.visual.image.ImageStim'>, autoLog=True, color=array([1., 1., 1.]), colorSpace='rgb', contrast=1.0, depth=-3.0, flipHoriz=False, flipVert=False, image='sin', interpolate=True, mask=None, maskParams=None, name='task_rightImg2', opacity=1, ori=0.0, pos=array([0.1, 0. ]), size=array([0.04, 0.04]), texRes=512, units='height', win=Window(...))
11.3045 	EXP 	Created task_leftImg1 = ImageStim(__class__=<class 'psychopy.visual.image.ImageStim'>, autoLog=True, color=array([1., 1., 1.]), colorSpace='rgb', contrast=1.0, depth=-4.0, flipHoriz=False, flipVert=False, image='sin', interpolate=True, mask=None, maskParams=None, name='task_leftImg1', opacity=1, ori=0.0, pos=array([-0.05,  0.  ]), size=array([0.04, 0.04]), texRes=512, units='height', win=Window(...))
11.3074 	EXP 	Created task_leftImg2 = ImageStim(__class__=<class 'psychopy.visual.image.ImageStim'>, autoLog=True, color=array([1., 1., 1.]), colorSpace='rgb', contrast=1.0, depth=-5.0, flipHoriz=False, flipVert=False, image='sin', interpolate=True, mask=None, maskParams=None, name='task_leftImg2', opacity=1, ori=0.0, pos=array([-0.1,  0. ]), size=array([0.04, 0.04]), texRes=512, units='height', win=Window(...))
11.3103 	EXP 	Created task_fixImg = ImageStim(__class__=<class 'psychopy.visual.image.ImageStim'>, autoLog=True, color=array([1., 1., 1.]), colorSpace='rgb', contrast=1.0, depth=-6.0, flipHoriz=False, flipVert=False, image='sin', interpolate=True, mask=None, maskParams=None, name='task_fixImg', opacity=1, ori=0.0, pos=array([ 0.  , -0.05]), size=array([0.015, 0.015]), texRes=512, units='height', win=Window(...))
11.3103 	INFO 	keyboard.Keyboard is using ptb backend.
11.3117 	EXP 	Created task_blockFeed_text = TextStim(__class__=<class 'psychopy.visual.text.TextStim'>, alignHoriz=method-wrapper(...), alignText='center', alignVert=method-wrapper(...), anchorHoriz='center', anchorVert='center', antialias=True, autoLog=True, bold=False, color=array([1., 1., 1.]), colorSpace='rgb', contrast=1.0, depth=-1.0, flipHoriz=False, flipVert=False, font='Arial', fontFiles=[], height=0.16, italic=False, languageStyle='LTR', name='task_blockFeed_text', opacity=1, ori=0, pos=array([0. , 0.1]), rgb=UNKNOWN, text='', units='height', win=Window(...), wrapWidth=1)
11.3128 	EXP 	Created task_blockFeed_text2 = TextStim(__class__=<class 'psychopy.visual.text.TextStim'>, alignHoriz=method-wrapper(...), alignText='center', alignVert=method-wrapper(...), anchorHoriz='center', anchorVert='center', antialias=True, autoLog=True, bold=False, color=array([1., 1., 1.]), colorSpace='rgb', contrast=1.0, depth=-2.0, flipHoriz=False, flipVert=False, font='Arial', fontFiles=[], height=0.04, italic=False, languageStyle='LTR', name='task_blockFeed_text2', opacity=1, ori=0, pos=array([ 0. , -0.3]), rgb=UNKNOWN, text='', units='height', win=Window(...), wrapWidth=1)
11.3128 	INFO 	keyboard.Keyboard is using ptb backend.
11.3220 	EXP 	Created finishMessage_text = TextStim(__class__=<class 'psychopy.visual.text.TextStim'>, alignHoriz=method-wrapper(...), alignText='center', alignVert=method-wrapper(...), anchorHoriz='center', anchorVert='center', antialias=True, autoLog=True, bold=False, color=array([1., 1., 1.]), colorSpace='rgb', contrast=1.0, depth=0.0, flipHoriz=False, flipVert=False, font='Arial', fontFiles=[], height=0.04, italic=False, languageStyle='LTR', name='finishMessage_text', opacity=1, ori=0, pos=array([0., 0.]), rgb=UNKNOWN, text='Thank you for your participation!', units='height', win=Window(...), wrapWidth=1)
11.3640 	EXP 	welcome_text: autoDraw = True
27.2262 	DATA 	Keypress: 8
27.2579 	EXP 	welcome_text: autoDraw = False
27.2579 	EXP 	instructRight_text: autoDraw = True
27.2579 	EXP 	instructRight_centerImg: autoDraw = True
27.2579 	EXP 	instructRight_rightImg1: autoDraw = True
27.2579 	EXP 	instructRight_rightImg2: autoDraw = True
27.2579 	EXP 	instructRight_leftImg1: autoDraw = True
27.2579 	EXP 	instructRight_leftImg2: autoDraw = True
30.5123 	DATA 	Keypress: 8
30.5264 	EXP 	instructRight_text: autoDraw = False
30.5264 	EXP 	instructRight_centerImg: autoDraw = False
30.5264 	EXP 	instructRight_rightImg1: autoDraw = False
30.5264 	EXP 	instructRight_rightImg2: autoDraw = False
30.5264 	EXP 	instructRight_leftImg1: autoDraw = False
30.5264 	EXP 	instructRight_leftImg2: autoDraw = False
30.5264 	EXP 	instructLeft_text: autoDraw = True
30.5264 	EXP 	instructLeft_centerImg: autoDraw = True
30.5264 	EXP 	instructLeft_rightImg1: autoDraw = True
30.5264 	EXP 	instructLeft_rightImg2: autoDraw = True
30.5264 	EXP 	instructLeft_leftImg1: autoDraw = True
30.5264 	EXP 	instructLeft_leftImg2: autoDraw = True
32.1063 	DATA 	Keypress: 1
32.1210 	EXP 	instructLeft_text: autoDraw = False
32.1210 	EXP 	instructLeft_centerImg: autoDraw = False
32.1210 	EXP 	instructLeft_rightImg1: autoDraw = False
32.1210 	EXP 	instructLeft_rightImg2: autoDraw = False
32.1210 	EXP 	instructLeft_leftImg1: autoDraw = False
32.1210 	EXP 	instructLeft_leftImg2: autoDraw = False
32.1210 	EXP 	instructInconRight_text: autoDraw = True
32.1210 	EXP 	instructIncon_centerImg: autoDraw = True
32.1210 	EXP 	instructIncon_rightImg1: autoDraw = True
32.1210 	EXP 	instructIncon_rightImg2: autoDraw = True
32.1210 	EXP 	instructIncon_leftImg1: autoDraw = True
32.1210 	EXP 	instructInconRight_leftImg2: autoDraw = True
34.9181 	DATA 	Keypress: 8
34.9324 	EXP 	instructInconRight_text: autoDraw = False
34.9324 	EXP 	instructIncon_centerImg: autoDraw = False
34.9324 	EXP 	instructIncon_rightImg1: autoDraw = False
34.9324 	EXP 	instructIncon_rightImg2: autoDraw = False
34.9324 	EXP 	instructIncon_leftImg1: autoDraw = False
34.9324 	EXP 	instructInconRight_leftImg2: autoDraw = False
34.9324 	EXP 	instructInconLeft_text: autoDraw = True
34.9324 	EXP 	instructInconLeft_centerImg: autoDraw = True
34.9324 	EXP 	instructInconLeft_rightImg1: autoDraw = True
34.9324 	EXP 	instructInconLeft_rightImg2: autoDraw = True
34.9324 	EXP 	instructInconLeft_leftImg1: autoDraw = True
34.9324 	EXP 	instructInconLeft_leftImg2: autoDraw = True
37.1785 	EXP 	Created sequence: random, trialTypes=1, nReps=99, seed=None
37.1793 	EXP 	New trial (rep=0, index=0): None
37.1838 	DATA 	Keypress: 1
37.1858 	EXP 	instructInconLeft_text: autoDraw = False
37.1858 	EXP 	instructInconLeft_centerImg: autoDraw = False
37.1858 	EXP 	instructInconLeft_rightImg1: autoDraw = False
37.1858 	EXP 	instructInconLeft_rightImg2: autoDraw = False
37.1858 	EXP 	instructInconLeft_leftImg1: autoDraw = False
37.1858 	EXP 	instructInconLeft_leftImg2: autoDraw = False
37.1858 	EXP 	prac_blockText: autoDraw = True
37.1858 	EXP 	prac_reminder_text: autoDraw = True
43.1627 	DATA 	Keypress: escape
45.1338 	EXP 	window1: mouseVisible = True
45.1339 	DEBUG 	Saving data for flanker-basic_v2 ExperimentHandler
45.1345 	INFO 	saved data to C:\Users\NDClab\Desktop\Experiments\social-flanker-eeg\flanker-basic-v4\data/999_flanker-basic_v2_2022_Mar_30_0207.psydat
45.1349 	INFO 	saved data to 'C:\\Users\\NDClab\\Desktop\\Experiments\\social-flanker-eeg\\flanker-basic-v4\\data/999_flanker-basic_v2_2022_Mar_30_0207.csv'
