1.3349 	WARNING 	We strongly recommend you activate the PTB sound engine in PsychoPy prefs as the preferred audio engine. Its timing is vastly superior. Your prefs are currently set to use ['sounddevice', 'PTB', 'pyo', 'pygame'] (in that order).
5.9207 	INFO 	Loaded monitor calibration from ['2021_09_14 11:10']
5.9245 	WARNING 	User requested fullscreen with size [1536  864], but screen is actually [1920, 1080]. Using actual size
14.4801 	EXP 	Created window1 = Window(allowGUI=False, allowStencil=False, autoLog=True, backendConf=UNKNOWN, bitsMode=UNKNOWN, blendMode='avg', bpc=(8, 8, 8), color=array([-1, -1, -1]), colorSpace='rgb', depthBits=8, fullscr=<method-wrapper '__getattribute__' of attributeSetter object at 0x00000168CB07F2E8>, gamma=None, gammaErrorPolicy='raise', lms=UNKNOWN, monitor=<psychopy.monitors.calibTools.Monitor object at 0x00000168CB1059E8>, multiSample=False, name='window1', numSamples=2, pos=[0.0, 0.0], screen=0, size=array([1920, 1080]), stencilBits=0, stereo=False, units='height', useFBO=True, useRetina=False, viewOri=0.0, viewPos=None, viewScale=None, waitBlanking=True, winType='pyglet')
14.4803 	EXP 	window1: mouseVisible = True
14.4804 	EXP 	window1: recordFrameIntervals = False
14.5206 	EXP 	window1: recordFrameIntervals = True
14.5667 	DEBUG 	Screen (0) actual frame rate measured at 238.60
14.5668 	EXP 	window1: recordFrameIntervals = False
14.7664 	INFO 	keyboard.Keyboard is using ptb backend.
14.8440 	EXP 	Created welcome_text = TextStim(__class__=<class 'psychopy.visual.text.TextStim'>, alignHoriz=method-wrapper(...), alignText='center', alignVert=method-wrapper(...), anchorHoriz='center', anchorVert='center', antialias=True, autoLog=True, bold=False, color=array([1., 1., 1.]), colorSpace='rgb', contrast=1.0, depth=0.0, flipHoriz=False, flipVert=False, font='Arial', fontFiles=[], height=0.04, italic=False, languageStyle='LTR', name='welcome_text', opacity=1, ori=0, pos=array([0., 0.]), rgb=UNKNOWN, text=str(...), units='height', win=Window(...), wrapWidth=1.5)
14.8441 	INFO 	keyboard.Keyboard is using ptb backend.
14.8514 	EXP 	Created instructRight_text = TextStim(__class__=<class 'psychopy.visual.text.TextStim'>, alignHoriz=method-wrapper(...), alignText='center', alignVert=method-wrapper(...), anchorHoriz='center', anchorVert='center', antialias=True, autoLog=True, bold=False, color=array([1., 1., 1.]), colorSpace='rgb', contrast=1.0, depth=0.0, flipHoriz=False, flipVert=False, font='Arial', fontFiles=[], height=0.04, italic=False, languageStyle='LTR', name='instructRight_text', opacity=1, ori=0, pos=array([0., 0.]), rgb=UNKNOWN, text=str(...), units='height', win=Window(...), wrapWidth=1.5)
14.8905 	EXP 	Created instructRight_centerImg = ImageStim(__class__=<class 'psychopy.visual.image.ImageStim'>, autoLog=True, color=array([1., 1., 1.]), colorSpace='rgb', contrast=1.0, depth=-1.0, flipHoriz=False, flipVert=False, image='img/rightArrow.png', interpolate=True, mask=None, maskParams=None, name='instructRight_centerImg', opacity=1, ori=0.0, pos=array([ 0. , -0.3]), size=array([0.04, 0.04]), texRes=512, units='height', win=Window(...))
14.9190 	EXP 	Created instructRight_rightImg1 = ImageStim(__class__=<class 'psychopy.visual.image.ImageStim'>, autoLog=True, color=array([1., 1., 1.]), colorSpace='rgb', contrast=1.0, depth=-2.0, flipHoriz=False, flipVert=False, image='img/rightArrow.png', interpolate=True, mask=None, maskParams=None, name='instructRight_rightImg1', opacity=1, ori=0.0, pos=array([ 0.05, -0.3 ]), size=array([0.04, 0.04]), texRes=512, units='height', win=Window(...))
14.9517 	EXP 	Created instructRight_rightImg2 = ImageStim(__class__=<class 'psychopy.visual.image.ImageStim'>, autoLog=True, color=array([1., 1., 1.]), colorSpace='rgb', contrast=1.0, depth=-3.0, flipHoriz=False, flipVert=False, image='img/rightArrow.png', interpolate=True, mask=None, maskParams=None, name='instructRight_rightImg2', opacity=1, ori=0.0, pos=array([ 0.1, -0.3]), size=array([0.04, 0.04]), texRes=512, units='height', win=Window(...))
14.9896 	EXP 	Created instructRight_leftImg1 = ImageStim(__class__=<class 'psychopy.visual.image.ImageStim'>, autoLog=True, color=array([1., 1., 1.]), colorSpace='rgb', contrast=1.0, depth=-4.0, flipHoriz=False, flipVert=False, image='img/rightArrow.png', interpolate=True, mask=None, maskParams=None, name='instructRight_leftImg1', opacity=1, ori=0.0, pos=array([-0.05, -0.3 ]), size=array([0.04, 0.04]), texRes=512, units='height', win=Window(...))
15.0288 	EXP 	Created instructRight_leftImg2 = ImageStim(__class__=<class 'psychopy.visual.image.ImageStim'>, autoLog=True, color=array([1., 1., 1.]), colorSpace='rgb', contrast=1.0, depth=-5.0, flipHoriz=False, flipVert=False, image='img/rightArrow.png', interpolate=True, mask=None, maskParams=None, name='instructRight_leftImg2', opacity=1, ori=0.0, pos=array([-0.1, -0.3]), size=array([0.04, 0.04]), texRes=512, units='height', win=Window(...))
15.0289 	INFO 	keyboard.Keyboard is using ptb backend.
15.0353 	EXP 	Created instructLeft_text = TextStim(__class__=<class 'psychopy.visual.text.TextStim'>, alignHoriz=method-wrapper(...), alignText='center', alignVert=method-wrapper(...), anchorHoriz='center', anchorVert='center', antialias=True, autoLog=True, bold=False, color=array([1., 1., 1.]), colorSpace='rgb', contrast=1.0, depth=0.0, flipHoriz=False, flipVert=False, font='Arial', fontFiles=[], height=0.04, italic=False, languageStyle='LTR', name='instructLeft_text', opacity=1, ori=0, pos=array([0., 0.]), rgb=UNKNOWN, text=str(...), units='height', win=Window(...), wrapWidth=1.5)
15.0744 	EXP 	Created instructLeft_centerImg = ImageStim(__class__=<class 'psychopy.visual.image.ImageStim'>, autoLog=True, color=array([1., 1., 1.]), colorSpace='rgb', contrast=1.0, depth=-1.0, flipHoriz=False, flipVert=False, image='img/leftArrow.png', interpolate=True, mask=None, maskParams=None, name='instructLeft_centerImg', opacity=1, ori=0.0, pos=array([ 0. , -0.3]), size=array([0.04, 0.04]), texRes=512, units='height', win=Window(...))
15.1139 	EXP 	Created instructLeft_rightImg1 = ImageStim(__class__=<class 'psychopy.visual.image.ImageStim'>, autoLog=True, color=array([1., 1., 1.]), colorSpace='rgb', contrast=1.0, depth=-2.0, flipHoriz=False, flipVert=False, image='img/leftArrow.png', interpolate=True, mask=None, maskParams=None, name='instructLeft_rightImg1', opacity=1, ori=0.0, pos=array([ 0.05, -0.3 ]), size=array([0.04, 0.04]), texRes=512, units='height', win=Window(...))
15.1532 	EXP 	Created instructLeft_rightImg2 = ImageStim(__class__=<class 'psychopy.visual.image.ImageStim'>, autoLog=True, color=array([1., 1., 1.]), colorSpace='rgb', contrast=1.0, depth=-3.0, flipHoriz=False, flipVert=False, image='img/leftArrow.png', interpolate=True, mask=None, maskParams=None, name='instructLeft_rightImg2', opacity=1, ori=0.0, pos=array([ 0.1, -0.3]), size=array([0.04, 0.04]), texRes=512, units='height', win=Window(...))
15.1918 	EXP 	Created instructLeft_leftImg1 = ImageStim(__class__=<class 'psychopy.visual.image.ImageStim'>, autoLog=True, color=array([1., 1., 1.]), colorSpace='rgb', contrast=1.0, depth=-4.0, flipHoriz=False, flipVert=False, image='img/leftArrow.png', interpolate=True, mask=None, maskParams=None, name='instructLeft_leftImg1', opacity=1, ori=0.0, pos=array([-0.05, -0.3 ]), size=array([0.04, 0.04]), texRes=512, units='height', win=Window(...))
15.2312 	EXP 	Created instructLeft_leftImg2 = ImageStim(__class__=<class 'psychopy.visual.image.ImageStim'>, autoLog=True, color=array([1., 1., 1.]), colorSpace='rgb', contrast=1.0, depth=-5.0, flipHoriz=False, flipVert=False, image='img/leftArrow.png', interpolate=True, mask=None, maskParams=None, name='instructLeft_leftImg2', opacity=1, ori=0.0, pos=array([-0.1, -0.3]), size=array([0.04, 0.04]), texRes=512, units='height', win=Window(...))
15.2312 	INFO 	keyboard.Keyboard is using ptb backend.
15.2479 	EXP 	Created instructInconRight_text = TextStim(__class__=<class 'psychopy.visual.text.TextStim'>, alignHoriz=method-wrapper(...), alignText='center', alignVert=method-wrapper(...), anchorHoriz='center', anchorVert='center', antialias=True, autoLog=True, bold=False, color=array([1., 1., 1.]), colorSpace='rgb', contrast=1.0, depth=0.0, flipHoriz=False, flipVert=False, font='Arial', fontFiles=[], height=0.04, italic=False, languageStyle='LTR', name='instructInconRight_text', opacity=1, ori=0, pos=array([0., 0.]), rgb=UNKNOWN, text=str(...), units='height', win=Window(...), wrapWidth=1.5)
15.2732 	EXP 	Created instructIncon_centerImg = ImageStim(__class__=<class 'psychopy.visual.image.ImageStim'>, autoLog=True, color=array([1., 1., 1.]), colorSpace='rgb', contrast=1.0, depth=-1.0, flipHoriz=False, flipVert=False, image='img/rightArrow.png', interpolate=True, mask=None, maskParams=None, name='instructIncon_centerImg', opacity=1, ori=0.0, pos=array([ 0. , -0.3]), size=array([0.04, 0.04]), texRes=512, units='height', win=Window(...))
15.2961 	EXP 	Created instructIncon_rightImg1 = ImageStim(__class__=<class 'psychopy.visual.image.ImageStim'>, autoLog=True, color=array([1., 1., 1.]), colorSpace='rgb', contrast=1.0, depth=-2.0, flipHoriz=False, flipVert=False, image='img/leftArrow.png', interpolate=True, mask=None, maskParams=None, name='instructIncon_rightImg1', opacity=1, ori=0.0, pos=array([ 0.05, -0.3 ]), size=array([0.04, 0.04]), texRes=512, units='height', win=Window(...))
15.3195 	EXP 	Created instructIncon_rightImg2 = ImageStim(__class__=<class 'psychopy.visual.image.ImageStim'>, autoLog=True, color=array([1., 1., 1.]), colorSpace='rgb', contrast=1.0, depth=-3.0, flipHoriz=False, flipVert=False, image='img/leftArrow.png', interpolate=True, mask=None, maskParams=None, name='instructIncon_rightImg2', opacity=1, ori=0.0, pos=array([ 0.1, -0.3]), size=array([0.04, 0.04]), texRes=512, units='height', win=Window(...))
15.3428 	EXP 	Created instructIncon_leftImg1 = ImageStim(__class__=<class 'psychopy.visual.image.ImageStim'>, autoLog=True, color=array([1., 1., 1.]), colorSpace='rgb', contrast=1.0, depth=-4.0, flipHoriz=False, flipVert=False, image='img/leftArrow.png', interpolate=True, mask=None, maskParams=None, name='instructIncon_leftImg1', opacity=1, ori=0.0, pos=array([-0.05, -0.3 ]), size=array([0.04, 0.04]), texRes=512, units='height', win=Window(...))
15.3661 	EXP 	Created instructInconRight_leftImg2 = ImageStim(__class__=<class 'psychopy.visual.image.ImageStim'>, autoLog=True, color=array([1., 1., 1.]), colorSpace='rgb', contrast=1.0, depth=-5.0, flipHoriz=False, flipVert=False, image='img/leftArrow.png', interpolate=True, mask=None, maskParams=None, name='instructInconRight_leftImg2', opacity=1, ori=0.0, pos=array([-0.1, -0.3]), size=array([0.04, 0.04]), texRes=512, units='height', win=Window(...))
15.3661 	INFO 	keyboard.Keyboard is using ptb backend.
15.3733 	EXP 	Created instructInconLeft_text = TextStim(__class__=<class 'psychopy.visual.text.TextStim'>, alignHoriz=method-wrapper(...), alignText='center', alignVert=method-wrapper(...), anchorHoriz='center', anchorVert='center', antialias=True, autoLog=True, bold=False, color=array([1., 1., 1.]), colorSpace='rgb', contrast=1.0, depth=0.0, flipHoriz=False, flipVert=False, font='Arial', fontFiles=[], height=0.04, italic=False, languageStyle='LTR', name='instructInconLeft_text', opacity=1, ori=0, pos=array([0., 0.]), rgb=UNKNOWN, text=str(...), units='height', win=Window(...), wrapWidth=1.5)
15.3968 	EXP 	Created instructInconLeft_centerImg = ImageStim(__class__=<class 'psychopy.visual.image.ImageStim'>, autoLog=True, color=array([1., 1., 1.]), colorSpace='rgb', contrast=1.0, depth=-1.0, flipHoriz=False, flipVert=False, image='img/leftArrow.png', interpolate=True, mask=None, maskParams=None, name='instructInconLeft_centerImg', opacity=1, ori=0.0, pos=array([ 0. , -0.3]), size=array([0.04, 0.04]), texRes=512, units='height', win=Window(...))
15.4201 	EXP 	Created instructInconLeft_rightImg1 = ImageStim(__class__=<class 'psychopy.visual.image.ImageStim'>, autoLog=True, color=array([1., 1., 1.]), colorSpace='rgb', contrast=1.0, depth=-2.0, flipHoriz=False, flipVert=False, image='img/rightArrow.png', interpolate=True, mask=None, maskParams=None, name='instructInconLeft_rightImg1', opacity=1, ori=0.0, pos=array([ 0.05, -0.3 ]), size=array([0.04, 0.04]), texRes=512, units='height', win=Window(...))
15.4455 	EXP 	Created instructInconLeft_rightImg2 = ImageStim(__class__=<class 'psychopy.visual.image.ImageStim'>, autoLog=True, color=array([1., 1., 1.]), colorSpace='rgb', contrast=1.0, depth=-3.0, flipHoriz=False, flipVert=False, image='img/rightArrow.png', interpolate=True, mask=None, maskParams=None, name='instructInconLeft_rightImg2', opacity=1, ori=0.0, pos=array([ 0.1, -0.3]), size=array([0.04, 0.04]), texRes=512, units='height', win=Window(...))
15.4722 	EXP 	Created instructInconLeft_leftImg1 = ImageStim(__class__=<class 'psychopy.visual.image.ImageStim'>, autoLog=True, color=array([1., 1., 1.]), colorSpace='rgb', contrast=1.0, depth=-4.0, flipHoriz=False, flipVert=False, image='img/rightArrow.png', interpolate=True, mask=None, maskParams=None, name='instructInconLeft_leftImg1', opacity=1, ori=0.0, pos=array([-0.05, -0.3 ]), size=array([0.04, 0.04]), texRes=512, units='height', win=Window(...))
15.4980 	EXP 	Created instructInconLeft_leftImg2 = ImageStim(__class__=<class 'psychopy.visual.image.ImageStim'>, autoLog=True, color=array([1., 1., 1.]), colorSpace='rgb', contrast=1.0, depth=-5.0, flipHoriz=False, flipVert=False, image='img/rightArrow.png', interpolate=True, mask=None, maskParams=None, name='instructInconLeft_leftImg2', opacity=1, ori=0.0, pos=array([-0.1, -0.3]), size=array([0.04, 0.04]), texRes=512, units='height', win=Window(...))
15.4980 	INFO 	keyboard.Keyboard is using ptb backend.
15.5079 	EXP 	Created prac_blockText = TextStim(__class__=<class 'psychopy.visual.text.TextStim'>, alignHoriz=method-wrapper(...), alignText='center', alignVert=method-wrapper(...), anchorHoriz='center', anchorVert='center', antialias=True, autoLog=True, bold=False, color=array([1., 1., 1.]), colorSpace='rgb', contrast=1.0, depth=-1.0, flipHoriz=False, flipVert=False, font='Arial', fontFiles=[], height=0.06, italic=False, languageStyle='LTR', name='prac_blockText', opacity=1, ori=0.0, pos=array([0. , 0.3]), rgb=UNKNOWN, text='Practice', units='height', win=Window(...), wrapWidth=1)
15.5234 	EXP 	Created prac_reminder_text = TextStim(__class__=<class 'psychopy.visual.text.TextStim'>, alignHoriz=method-wrapper(...), alignText='center', alignVert=method-wrapper(...), anchorHoriz='center', anchorVert='center', antialias=True, autoLog=True, bold=False, color=array([1., 1., 1.]), colorSpace='rgb', contrast=1.0, depth=-2.0, flipHoriz=False, flipVert=False, font='Arial', fontFiles=[], height=0.04, italic=False, languageStyle='LTR', name='prac_reminder_text', opacity=1, ori=0, pos=array([0., 0.]), rgb=UNKNOWN, text=str(...), units='height', win=Window(...), wrapWidth=1)
15.5234 	INFO 	keyboard.Keyboard is using ptb backend.
15.5264 	EXP 	Created initFixation_img = ImageStim(__class__=<class 'psychopy.visual.image.ImageStim'>, autoLog=True, color=array([1., 1., 1.]), colorSpace='rgb', contrast=1.0, depth=0.0, flipHoriz=False, flipVert=False, image='sin', interpolate=True, mask=None, maskParams=None, name='initFixation_img', opacity=1, ori=0.0, pos=array([ 0.  , -0.05]), size=array([0.015, 0.015]), texRes=512, units='height', win=Window(...))
15.5292 	EXP 	Created prac_centerImg = ImageStim(__class__=<class 'psychopy.visual.image.ImageStim'>, autoLog=True, color=array([1., 1., 1.]), colorSpace='rgb', contrast=1.0, depth=-1.0, flipHoriz=False, flipVert=False, image='sin', interpolate=True, mask=None, maskParams=None, name='prac_centerImg', opacity=1, ori=0.0, pos=array([0., 0.]), size=array([0.04, 0.04]), texRes=512, units='height', win=Window(...))
15.5320 	EXP 	Created prac_rightImg1 = ImageStim(__class__=<class 'psychopy.visual.image.ImageStim'>, autoLog=True, color=array([1., 1., 1.]), colorSpace='rgb', contrast=1.0, depth=-2.0, flipHoriz=False, flipVert=False, image='sin', interpolate=True, mask=None, maskParams=None, name='prac_rightImg1', opacity=1, ori=0.0, pos=array([0.05, 0.  ]), size=array([0.04, 0.04]), texRes=512, units='height', win=Window(...))
15.5349 	EXP 	Created prac_rightImg2 = ImageStim(__class__=<class 'psychopy.visual.image.ImageStim'>, autoLog=True, color=array([1., 1., 1.]), colorSpace='rgb', contrast=1.0, depth=-3.0, flipHoriz=False, flipVert=False, image='sin', interpolate=True, mask=None, maskParams=None, name='prac_rightImg2', opacity=1, ori=0.0, pos=array([0.1, 0. ]), size=array([0.04, 0.04]), texRes=512, units='height', win=Window(...))
15.5377 	EXP 	Created prac_leftImg1 = ImageStim(__class__=<class 'psychopy.visual.image.ImageStim'>, autoLog=True, color=array([1., 1., 1.]), colorSpace='rgb', contrast=1.0, depth=-4.0, flipHoriz=False, flipVert=False, image='sin', interpolate=True, mask=None, maskParams=None, name='prac_leftImg1', opacity=1, ori=0.0, pos=array([-0.05,  0.  ]), size=array([0.04, 0.04]), texRes=512, units='height', win=Window(...))
15.5405 	EXP 	Created prac_leftImg2 = ImageStim(__class__=<class 'psychopy.visual.image.ImageStim'>, autoLog=True, color=array([1., 1., 1.]), colorSpace='rgb', contrast=1.0, depth=-5.0, flipHoriz=False, flipVert=False, image='sin', interpolate=True, mask=None, maskParams=None, name='prac_leftImg2', opacity=1, ori=0.0, pos=array([-0.1,  0. ]), size=array([0.04, 0.04]), texRes=512, units='height', win=Window(...))
15.5433 	EXP 	Created prac_fixImg = ImageStim(__class__=<class 'psychopy.visual.image.ImageStim'>, autoLog=True, color=array([1., 1., 1.]), colorSpace='rgb', contrast=1.0, depth=-6.0, flipHoriz=False, flipVert=False, image='sin', interpolate=True, mask=None, maskParams=None, name='prac_fixImg', opacity=1, ori=0.0, pos=array([ 0.  , -0.05]), size=array([0.015, 0.015]), texRes=512, units='height', win=Window(...))
15.5434 	INFO 	keyboard.Keyboard is using ptb backend.
15.5444 	EXP 	Created prac_blockFeed_text = TextStim(__class__=<class 'psychopy.visual.text.TextStim'>, alignHoriz=method-wrapper(...), alignText='center', alignVert=method-wrapper(...), anchorHoriz='center', anchorVert='center', antialias=True, autoLog=True, bold=False, color=array([1., 1., 1.]), colorSpace='rgb', contrast=1.0, depth=-1.0, flipHoriz=False, flipVert=False, font='Arial', fontFiles=[], height=0.04, italic=False, languageStyle='LTR', name='prac_blockFeed_text', opacity=1, ori=0, pos=array([0., 0.]), rgb=UNKNOWN, text='', units='height', win=Window(...), wrapWidth=1)
15.5473 	EXP 	Created prac_pressContinue = TextStim(__class__=<class 'psychopy.visual.text.TextStim'>, alignHoriz=method-wrapper(...), alignText='center', alignVert=method-wrapper(...), anchorHoriz='center', anchorVert='center', antialias=True, autoLog=True, bold=False, color=array([1., 1., 1.]), colorSpace='rgb', contrast=1.0, depth=-2.0, flipHoriz=False, flipVert=False, font='Arial', fontFiles=[], height=0.04, italic=False, languageStyle='LTR', name='prac_pressContinue', opacity=1, ori=0.0, pos=array([ 0. , -0.3]), rgb=UNKNOWN, text='Press the right key', units='height', win=Window(...), wrapWidth=1)
15.5473 	INFO 	keyboard.Keyboard is using ptb backend.
15.5514 	EXP 	Created instructMainTask_text = TextStim(__class__=<class 'psychopy.visual.text.TextStim'>, alignHoriz=method-wrapper(...), alignText='center', alignVert=method-wrapper(...), anchorHoriz='center', anchorVert='center', antialias=True, autoLog=True, bold=False, color=array([1., 1., 1.]), colorSpace='rgb', contrast=1.0, depth=0.0, flipHoriz=False, flipVert=False, font='Arial', fontFiles=[], height=0.04, italic=False, languageStyle='LTR', name='instructMainTask_text', opacity=1, ori=0, pos=array([0., 0.]), rgb=UNKNOWN, text=str(...), units='height', win=Window(...), wrapWidth=1)
15.5515 	INFO 	keyboard.Keyboard is using ptb backend.
15.5525 	EXP 	Created task_blockText = TextStim(__class__=<class 'psychopy.visual.text.TextStim'>, alignHoriz=method-wrapper(...), alignText='center', alignVert=method-wrapper(...), anchorHoriz='center', anchorVert='center', antialias=True, autoLog=True, bold=False, color=array([1., 1., 1.]), colorSpace='rgb', contrast=1.0, depth=-1.0, flipHoriz=False, flipVert=False, font='Arial', fontFiles=[], height=0.06, italic=False, languageStyle='LTR', name='task_blockText', opacity=1, ori=0.0, pos=array([0. , 0.3]), rgb=UNKNOWN, text='', units='height', win=Window(...), wrapWidth=1)
15.5613 	EXP 	Created task_blockReminders_text = TextStim(__class__=<class 'psychopy.visual.text.TextStim'>, alignHoriz=method-wrapper(...), alignText='center', alignVert=method-wrapper(...), anchorHoriz='center', anchorVert='center', antialias=True, autoLog=True, bold=False, color=array([1., 1., 1.]), colorSpace='rgb', contrast=1.0, depth=-2.0, flipHoriz=False, flipVert=False, font='Arial', fontFiles=[], height=0.04, italic=False, languageStyle='LTR', name='task_blockReminders_text', opacity=1, ori=0, pos=array([0., 0.]), rgb=UNKNOWN, text=str(...), units='height', win=Window(...), wrapWidth=1)
15.5613 	INFO 	keyboard.Keyboard is using ptb backend.
15.5643 	EXP 	Created initFixation_img = ImageStim(__class__=<class 'psychopy.visual.image.ImageStim'>, autoLog=True, color=array([1., 1., 1.]), colorSpace='rgb', contrast=1.0, depth=0.0, flipHoriz=False, flipVert=False, image='sin', interpolate=True, mask=None, maskParams=None, name='initFixation_img', opacity=1, ori=0.0, pos=array([ 0.  , -0.05]), size=array([0.015, 0.015]), texRes=512, units='height', win=Window(...))
15.5673 	EXP 	Created task_centerImg = ImageStim(__class__=<class 'psychopy.visual.image.ImageStim'>, autoLog=True, color=array([1., 1., 1.]), colorSpace='rgb', contrast=1.0, depth=-1.0, flipHoriz=False, flipVert=False, image='sin', interpolate=True, mask=None, maskParams=None, name='task_centerImg', opacity=1, ori=0.0, pos=array([0., 0.]), size=array([0.04, 0.04]), texRes=512, units='height', win=Window(...))
15.5702 	EXP 	Created task_rightImg1 = ImageStim(__class__=<class 'psychopy.visual.image.ImageStim'>, autoLog=True, color=array([1., 1., 1.]), colorSpace='rgb', contrast=1.0, depth=-2.0, flipHoriz=False, flipVert=False, image='sin', interpolate=True, mask=None, maskParams=None, name='task_rightImg1', opacity=1, ori=0.0, pos=array([0.05, 0.  ]), size=array([0.04, 0.04]), texRes=512, units='height', win=Window(...))
15.5731 	EXP 	Created task_rightImg2 = ImageStim(__class__=<class 'psychopy.visual.image.ImageStim'>, autoLog=True, color=array([1., 1., 1.]), colorSpace='rgb', contrast=1.0, depth=-3.0, flipHoriz=False, flipVert=False, image='sin', interpolate=True, mask=None, maskParams=None, name='task_rightImg2', opacity=1, ori=0.0, pos=array([0.1, 0. ]), size=array([0.04, 0.04]), texRes=512, units='height', win=Window(...))
15.5760 	EXP 	Created task_leftImg1 = ImageStim(__class__=<class 'psychopy.visual.image.ImageStim'>, autoLog=True, color=array([1., 1., 1.]), colorSpace='rgb', contrast=1.0, depth=-4.0, flipHoriz=False, flipVert=False, image='sin', interpolate=True, mask=None, maskParams=None, name='task_leftImg1', opacity=1, ori=0.0, pos=array([-0.05,  0.  ]), size=array([0.04, 0.04]), texRes=512, units='height', win=Window(...))
15.5789 	EXP 	Created task_leftImg2 = ImageStim(__class__=<class 'psychopy.visual.image.ImageStim'>, autoLog=True, color=array([1., 1., 1.]), colorSpace='rgb', contrast=1.0, depth=-5.0, flipHoriz=False, flipVert=False, image='sin', interpolate=True, mask=None, maskParams=None, name='task_leftImg2', opacity=1, ori=0.0, pos=array([-0.1,  0. ]), size=array([0.04, 0.04]), texRes=512, units='height', win=Window(...))
15.5818 	EXP 	Created task_fixImg = ImageStim(__class__=<class 'psychopy.visual.image.ImageStim'>, autoLog=True, color=array([1., 1., 1.]), colorSpace='rgb', contrast=1.0, depth=-6.0, flipHoriz=False, flipVert=False, image='sin', interpolate=True, mask=None, maskParams=None, name='task_fixImg', opacity=1, ori=0.0, pos=array([ 0.  , -0.05]), size=array([0.015, 0.015]), texRes=512, units='height', win=Window(...))
15.5818 	INFO 	keyboard.Keyboard is using ptb backend.
15.5832 	EXP 	Created task_blockFeed_text = TextStim(__class__=<class 'psychopy.visual.text.TextStim'>, alignHoriz=method-wrapper(...), alignText='center', alignVert=method-wrapper(...), anchorHoriz='center', anchorVert='center', antialias=True, autoLog=True, bold=False, color=array([1., 1., 1.]), colorSpace='rgb', contrast=1.0, depth=-1.0, flipHoriz=False, flipVert=False, font='Arial', fontFiles=[], height=0.12, italic=False, languageStyle='LTR', name='task_blockFeed_text', opacity=1, ori=0, pos=array([0. , 0.1]), rgb=UNKNOWN, text='', units='height', win=Window(...), wrapWidth=1.8)
15.5842 	EXP 	Created task_blockFeed_text2 = TextStim(__class__=<class 'psychopy.visual.text.TextStim'>, alignHoriz=method-wrapper(...), alignText='center', alignVert=method-wrapper(...), anchorHoriz='center', anchorVert='center', antialias=True, autoLog=True, bold=False, color=array([1., 1., 1.]), colorSpace='rgb', contrast=1.0, depth=-2.0, flipHoriz=False, flipVert=False, font='Arial', fontFiles=[], height=0.04, italic=False, languageStyle='LTR', name='task_blockFeed_text2', opacity=1, ori=0, pos=array([ 0. , -0.3]), rgb=UNKNOWN, text='', units='height', win=Window(...), wrapWidth=1)
15.5843 	INFO 	keyboard.Keyboard is using ptb backend.
15.5932 	EXP 	Created finishMessage_text = TextStim(__class__=<class 'psychopy.visual.text.TextStim'>, alignHoriz=method-wrapper(...), alignText='center', alignVert=method-wrapper(...), anchorHoriz='center', anchorVert='center', antialias=True, autoLog=True, bold=False, color=array([1., 1., 1.]), colorSpace='rgb', contrast=1.0, depth=0.0, flipHoriz=False, flipVert=False, font='Arial', fontFiles=[], height=0.04, italic=False, languageStyle='LTR', name='finishMessage_text', opacity=1, ori=0, pos=array([0., 0.]), rgb=UNKNOWN, text='Thank you for your participation!', units='height', win=Window(...), wrapWidth=1)
15.6341 	EXP 	welcome_text: autoDraw = True
18.8890 	DATA 	Keypress: 8
18.9211 	EXP 	welcome_text: autoDraw = False
18.9211 	EXP 	instructRight_text: autoDraw = True
18.9211 	EXP 	instructRight_centerImg: autoDraw = True
18.9211 	EXP 	instructRight_rightImg1: autoDraw = True
18.9211 	EXP 	instructRight_rightImg2: autoDraw = True
18.9211 	EXP 	instructRight_leftImg1: autoDraw = True
18.9211 	EXP 	instructRight_leftImg2: autoDraw = True
19.9208 	DATA 	Keypress: 1
20.2628 	DATA 	Keypress: 8
20.2753 	EXP 	instructRight_text: autoDraw = False
20.2753 	EXP 	instructRight_centerImg: autoDraw = False
20.2753 	EXP 	instructRight_rightImg1: autoDraw = False
20.2753 	EXP 	instructRight_rightImg2: autoDraw = False
20.2753 	EXP 	instructRight_leftImg1: autoDraw = False
20.2753 	EXP 	instructRight_leftImg2: autoDraw = False
20.2753 	EXP 	instructLeft_text: autoDraw = True
20.2753 	EXP 	instructLeft_centerImg: autoDraw = True
20.2753 	EXP 	instructLeft_rightImg1: autoDraw = True
20.2753 	EXP 	instructLeft_rightImg2: autoDraw = True
20.2753 	EXP 	instructLeft_leftImg1: autoDraw = True
20.2753 	EXP 	instructLeft_leftImg2: autoDraw = True
21.1299 	DATA 	Keypress: 1
21.1431 	EXP 	instructLeft_text: autoDraw = False
21.1431 	EXP 	instructLeft_centerImg: autoDraw = False
21.1431 	EXP 	instructLeft_rightImg1: autoDraw = False
21.1431 	EXP 	instructLeft_rightImg2: autoDraw = False
21.1431 	EXP 	instructLeft_leftImg1: autoDraw = False
21.1431 	EXP 	instructLeft_leftImg2: autoDraw = False
21.1431 	EXP 	instructInconRight_text: autoDraw = True
21.1431 	EXP 	instructIncon_centerImg: autoDraw = True
21.1431 	EXP 	instructIncon_rightImg1: autoDraw = True
21.1431 	EXP 	instructIncon_rightImg2: autoDraw = True
21.1431 	EXP 	instructIncon_leftImg1: autoDraw = True
21.1431 	EXP 	instructInconRight_leftImg2: autoDraw = True
21.5913 	DATA 	Keypress: 8
21.6037 	EXP 	instructInconRight_text: autoDraw = False
21.6037 	EXP 	instructIncon_centerImg: autoDraw = False
21.6037 	EXP 	instructIncon_rightImg1: autoDraw = False
21.6037 	EXP 	instructIncon_rightImg2: autoDraw = False
21.6037 	EXP 	instructIncon_leftImg1: autoDraw = False
21.6037 	EXP 	instructInconRight_leftImg2: autoDraw = False
21.6037 	EXP 	instructInconLeft_text: autoDraw = True
21.6037 	EXP 	instructInconLeft_centerImg: autoDraw = True
21.6037 	EXP 	instructInconLeft_rightImg1: autoDraw = True
21.6037 	EXP 	instructInconLeft_rightImg2: autoDraw = True
21.6037 	EXP 	instructInconLeft_leftImg1: autoDraw = True
21.6037 	EXP 	instructInconLeft_leftImg2: autoDraw = True
22.1180 	DATA 	Keypress: 1
22.4255 	DATA 	Keypress: 8
23.5035 	DATA 	Keypress: 1
23.5101 	EXP 	Created sequence: random, trialTypes=1, nReps=99, seed=None
23.5105 	EXP 	New trial (rep=0, index=0): None
23.5167 	EXP 	instructInconLeft_text: autoDraw = False
23.5167 	EXP 	instructInconLeft_centerImg: autoDraw = False
23.5167 	EXP 	instructInconLeft_rightImg1: autoDraw = False
23.5167 	EXP 	instructInconLeft_rightImg2: autoDraw = False
23.5167 	EXP 	instructInconLeft_leftImg1: autoDraw = False
23.5167 	EXP 	instructInconLeft_leftImg2: autoDraw = False
23.5167 	EXP 	prac_blockText: autoDraw = True
23.5167 	EXP 	prac_reminder_text: autoDraw = True
24.4917 	DATA 	Keypress: 8
24.4938 	EXP 	prac_blockText: autoDraw = False
24.4938 	EXP 	prac_reminder_text: autoDraw = False
24.4938 	EXP 	initFixation_img: image = 'img/fixationCross.png'
24.4938 	EXP 	initFixation_img: autoDraw = True
26.4985 	DEBUG 	Read excel file with openpyxl: prac_trials.xlsx
26.4998 	EXP 	Imported prac_trials.xlsx as conditions, 4 conditions, 8 params
26.5002 	EXP 	Created sequence: random, trialTypes=4, nReps=1, seed=None
26.5006 	EXP 	New trial (rep=0, index=0): {'middleStim': 'img/rightArrow.png', 'rightStim1': 'img/leftArrow.png', 'rightStim2': 'img/leftArrow.png', 'leftStim1': 'img/leftArrow.png', 'leftStim2': 'img/leftArrow.png', 'stimNum': 7, 'congruent': 0, 'target': 'right'}
26.5513 	EXP 	initFixation_img: autoDraw = False
26.5513 	EXP 	prac_centerImg: image = 'img/rightArrow.png'
26.5513 	EXP 	prac_rightImg1: image = 'img/leftArrow.png'
26.5513 	EXP 	prac_rightImg2: image = 'img/leftArrow.png'
26.5513 	EXP 	prac_leftImg1: image = 'img/leftArrow.png'
26.5513 	EXP 	prac_leftImg2: image = 'img/leftArrow.png'
26.5513 	EXP 	prac_fixImg: image = 'img/fixationCross.png'
26.5513 	EXP 	prac_centerImg: autoDraw = True
26.5513 	EXP 	prac_rightImg1: autoDraw = True
26.5513 	EXP 	prac_rightImg2: autoDraw = True
26.5513 	EXP 	prac_leftImg1: autoDraw = True
26.5513 	EXP 	prac_leftImg2: autoDraw = True
26.5513 	EXP 	prac_fixImg: autoDraw = True
26.7568 	EXP 	prac_centerImg: autoDraw = False
26.7568 	EXP 	prac_rightImg1: autoDraw = False
26.7568 	EXP 	prac_rightImg2: autoDraw = False
26.7568 	EXP 	prac_leftImg1: autoDraw = False
26.7568 	EXP 	prac_leftImg2: autoDraw = False
27.1349 	DATA 	Keypress: 8
28.2346 	EXP 	New trial (rep=0, index=1): {'middleStim': 'img/rightArrow.png', 'rightStim1': 'img/rightArrow.png', 'rightStim2': 'img/rightArrow.png', 'leftStim1': 'img/rightArrow.png', 'leftStim2': 'img/rightArrow.png', 'stimNum': 5, 'congruent': 1, 'target': 'right'}
28.2767 	EXP 	prac_fixImg: autoDraw = False
28.2767 	EXP 	prac_centerImg: autoDraw = False
28.2767 	EXP 	prac_rightImg1: autoDraw = False
28.2767 	EXP 	prac_rightImg2: autoDraw = False
28.2767 	EXP 	prac_leftImg1: autoDraw = False
28.2767 	EXP 	prac_leftImg2: autoDraw = False
28.2767 	EXP 	prac_fixImg: autoDraw = False
28.2767 	EXP 	prac_centerImg: image = 'img/rightArrow.png'
28.2767 	EXP 	prac_rightImg1: image = 'img/rightArrow.png'
28.2767 	EXP 	prac_rightImg2: image = 'img/rightArrow.png'
28.2767 	EXP 	prac_leftImg1: image = 'img/rightArrow.png'
28.2767 	EXP 	prac_leftImg2: image = 'img/rightArrow.png'
28.2767 	EXP 	prac_fixImg: image = 'img/fixationCross.png'
28.2767 	EXP 	prac_centerImg: autoDraw = True
28.2767 	EXP 	prac_rightImg1: autoDraw = True
28.2767 	EXP 	prac_rightImg2: autoDraw = True
28.2767 	EXP 	prac_leftImg1: autoDraw = True
28.2767 	EXP 	prac_leftImg2: autoDraw = True
28.2767 	EXP 	prac_fixImg: autoDraw = True
28.4799 	EXP 	prac_centerImg: autoDraw = False
28.4799 	EXP 	prac_rightImg1: autoDraw = False
28.4799 	EXP 	prac_rightImg2: autoDraw = False
28.4799 	EXP 	prac_leftImg1: autoDraw = False
28.4799 	EXP 	prac_leftImg2: autoDraw = False
28.7303 	DATA 	Keypress: 8
29.7900 	EXP 	New trial (rep=0, index=2): {'middleStim': 'img/leftArrow.png', 'rightStim1': 'img/leftArrow.png', 'rightStim2': 'img/leftArrow.png', 'leftStim1': 'img/leftArrow.png', 'leftStim2': 'img/leftArrow.png', 'stimNum': 6, 'congruent': 1, 'target': 'left'}
29.8356 	EXP 	prac_fixImg: autoDraw = False
29.8356 	EXP 	prac_centerImg: autoDraw = False
29.8356 	EXP 	prac_rightImg1: autoDraw = False
29.8356 	EXP 	prac_rightImg2: autoDraw = False
29.8356 	EXP 	prac_leftImg1: autoDraw = False
29.8356 	EXP 	prac_leftImg2: autoDraw = False
29.8356 	EXP 	prac_fixImg: autoDraw = False
29.8356 	EXP 	prac_centerImg: image = 'img/leftArrow.png'
29.8356 	EXP 	prac_rightImg1: image = 'img/leftArrow.png'
29.8356 	EXP 	prac_rightImg2: image = 'img/leftArrow.png'
29.8356 	EXP 	prac_leftImg1: image = 'img/leftArrow.png'
29.8356 	EXP 	prac_leftImg2: image = 'img/leftArrow.png'
29.8356 	EXP 	prac_fixImg: image = 'img/fixationCross.png'
29.8356 	EXP 	prac_centerImg: autoDraw = True
29.8356 	EXP 	prac_rightImg1: autoDraw = True
29.8356 	EXP 	prac_rightImg2: autoDraw = True
29.8356 	EXP 	prac_leftImg1: autoDraw = True
29.8356 	EXP 	prac_leftImg2: autoDraw = True
29.8356 	EXP 	prac_fixImg: autoDraw = True
30.0395 	EXP 	prac_centerImg: autoDraw = False
30.0395 	EXP 	prac_rightImg1: autoDraw = False
30.0395 	EXP 	prac_rightImg2: autoDraw = False
30.0395 	EXP 	prac_leftImg1: autoDraw = False
30.0395 	EXP 	prac_leftImg2: autoDraw = False
30.2032 	DATA 	Keypress: 1
31.4559 	EXP 	New trial (rep=0, index=3): {'middleStim': 'img/leftArrow.png', 'rightStim1': 'img/rightArrow.png', 'rightStim2': 'img/rightArrow.png', 'leftStim1': 'img/rightArrow.png', 'leftStim2': 'img/rightArrow.png', 'stimNum': 8, 'congruent': 0, 'target': 'left'}
31.4998 	EXP 	prac_fixImg: autoDraw = False
31.4998 	EXP 	prac_centerImg: autoDraw = False
31.4998 	EXP 	prac_rightImg1: autoDraw = False
31.4998 	EXP 	prac_rightImg2: autoDraw = False
31.4998 	EXP 	prac_leftImg1: autoDraw = False
31.4998 	EXP 	prac_leftImg2: autoDraw = False
31.4998 	EXP 	prac_fixImg: autoDraw = False
31.4998 	EXP 	prac_centerImg: image = 'img/leftArrow.png'
31.4998 	EXP 	prac_rightImg1: image = 'img/rightArrow.png'
31.4998 	EXP 	prac_rightImg2: image = 'img/rightArrow.png'
31.4998 	EXP 	prac_leftImg1: image = 'img/rightArrow.png'
31.4998 	EXP 	prac_leftImg2: image = 'img/rightArrow.png'
31.4998 	EXP 	prac_fixImg: image = 'img/fixationCross.png'
31.4998 	EXP 	prac_centerImg: autoDraw = True
31.4998 	EXP 	prac_rightImg1: autoDraw = True
31.4998 	EXP 	prac_rightImg2: autoDraw = True
31.4998 	EXP 	prac_leftImg1: autoDraw = True
31.4998 	EXP 	prac_leftImg2: autoDraw = True
31.4998 	EXP 	prac_fixImg: autoDraw = True
31.7038 	EXP 	prac_centerImg: autoDraw = False
31.7038 	EXP 	prac_rightImg1: autoDraw = False
31.7038 	EXP 	prac_rightImg2: autoDraw = False
31.7038 	EXP 	prac_leftImg1: autoDraw = False
31.7038 	EXP 	prac_leftImg2: autoDraw = False
32.1383 	DATA 	Keypress: 1
33.4165 	EXP 	prac_fixImg: autoDraw = False
33.4165 	EXP 	prac_centerImg: autoDraw = False
33.4165 	EXP 	prac_rightImg1: autoDraw = False
33.4165 	EXP 	prac_rightImg2: autoDraw = False
33.4165 	EXP 	prac_leftImg1: autoDraw = False
33.4165 	EXP 	prac_leftImg2: autoDraw = False
33.4165 	EXP 	prac_fixImg: autoDraw = False
33.4165 	EXP 	prac_blockFeed_text: text = 'You have completed the practice'
33.4165 	EXP 	prac_blockFeed_text: autoDraw = True
33.4165 	EXP 	prac_pressContinue: autoDraw = True
34.5993 	DATA 	Keypress: 8
34.6011 	EXP 	prac_blockFeed_text: autoDraw = False
34.6011 	EXP 	prac_pressContinue: autoDraw = False
34.6011 	EXP 	instructMainTask_text: autoDraw = True
35.2425 	DATA 	Keypress: 8
35.2481 	EXP 	Created sequence: random, trialTypes=1, nReps=4, seed=None
35.2484 	EXP 	New trial (rep=0, index=0): None
35.2643 	EXP 	instructMainTask_text: autoDraw = False
35.2643 	EXP 	task_blockText: text = 'Block 1 of 10'
35.2643 	EXP 	task_blockText: autoDraw = True
35.2643 	EXP 	task_blockReminders_text: autoDraw = True
36.3737 	DATA 	Keypress: 8
36.3902 	EXP 	task_blockText: autoDraw = False
36.3902 	EXP 	task_blockReminders_text: autoDraw = False
36.3902 	EXP 	initFixation_img: image = 'img/fixationCross.png'
36.3902 	EXP 	initFixation_img: autoDraw = True
38.3871 	DEBUG 	Read excel file with openpyxl: task_trials.xlsx
38.3878 	EXP 	Imported task_trials.xlsx as conditions, 4 conditions, 8 params
38.3881 	EXP 	Created sequence: random, trialTypes=4, nReps=1, seed=None
38.3884 	EXP 	New trial (rep=0, index=0): {'middleStim': 'img/rightArrow.png', 'rightStim1': 'img/leftArrow.png', 'rightStim2': 'img/leftArrow.png', 'leftStim1': 'img/leftArrow.png', 'leftStim2': 'img/leftArrow.png', 'stimNum': 3, 'congruent': 0, 'target': 'right'}
38.4393 	EXP 	initFixation_img: autoDraw = False
38.4393 	EXP 	task_centerImg: image = 'img/rightArrow.png'
38.4393 	EXP 	task_rightImg1: image = 'img/leftArrow.png'
38.4393 	EXP 	task_rightImg2: image = 'img/leftArrow.png'
38.4393 	EXP 	task_leftImg1: image = 'img/leftArrow.png'
38.4393 	EXP 	task_leftImg2: image = 'img/leftArrow.png'
38.4393 	EXP 	task_fixImg: image = 'img/fixationCross.png'
38.4393 	EXP 	task_centerImg: autoDraw = True
38.4393 	EXP 	task_rightImg1: autoDraw = True
38.4393 	EXP 	task_rightImg2: autoDraw = True
38.4393 	EXP 	task_leftImg1: autoDraw = True
38.4393 	EXP 	task_leftImg2: autoDraw = True
38.4393 	EXP 	task_fixImg: autoDraw = True
38.6429 	EXP 	task_centerImg: autoDraw = False
38.6429 	EXP 	task_rightImg1: autoDraw = False
38.6429 	EXP 	task_rightImg2: autoDraw = False
38.6429 	EXP 	task_leftImg1: autoDraw = False
38.6429 	EXP 	task_leftImg2: autoDraw = False
38.9740 	DATA 	Keypress: 8
40.0814 	EXP 	New trial (rep=0, index=1): {'middleStim': 'img/leftArrow.png', 'rightStim1': 'img/leftArrow.png', 'rightStim2': 'img/leftArrow.png', 'leftStim1': 'img/leftArrow.png', 'leftStim2': 'img/leftArrow.png', 'stimNum': 2, 'congruent': 1, 'target': 'left'}
40.1253 	EXP 	task_fixImg: autoDraw = False
40.1253 	EXP 	task_centerImg: autoDraw = False
40.1253 	EXP 	task_rightImg1: autoDraw = False
40.1253 	EXP 	task_rightImg2: autoDraw = False
40.1253 	EXP 	task_leftImg1: autoDraw = False
40.1253 	EXP 	task_leftImg2: autoDraw = False
40.1253 	EXP 	task_fixImg: autoDraw = False
40.1253 	EXP 	task_centerImg: image = 'img/leftArrow.png'
40.1253 	EXP 	task_rightImg1: image = 'img/leftArrow.png'
40.1253 	EXP 	task_rightImg2: image = 'img/leftArrow.png'
40.1253 	EXP 	task_leftImg1: image = 'img/leftArrow.png'
40.1253 	EXP 	task_leftImg2: image = 'img/leftArrow.png'
40.1253 	EXP 	task_fixImg: image = 'img/fixationCross.png'
40.1253 	EXP 	task_centerImg: autoDraw = True
40.1253 	EXP 	task_rightImg1: autoDraw = True
40.1253 	EXP 	task_rightImg2: autoDraw = True
40.1253 	EXP 	task_leftImg1: autoDraw = True
40.1253 	EXP 	task_leftImg2: autoDraw = True
40.1253 	EXP 	task_fixImg: autoDraw = True
40.3276 	EXP 	task_centerImg: autoDraw = False
40.3276 	EXP 	task_rightImg1: autoDraw = False
40.3276 	EXP 	task_rightImg2: autoDraw = False
40.3276 	EXP 	task_leftImg1: autoDraw = False
40.3276 	EXP 	task_leftImg2: autoDraw = False
40.7057 	DATA 	Keypress: 1
41.6273 	EXP 	New trial (rep=0, index=2): {'middleStim': 'img/leftArrow.png', 'rightStim1': 'img/rightArrow.png', 'rightStim2': 'img/rightArrow.png', 'leftStim1': 'img/rightArrow.png', 'leftStim2': 'img/rightArrow.png', 'stimNum': 4, 'congruent': 0, 'target': 'left'}
41.6702 	EXP 	task_fixImg: autoDraw = False
41.6702 	EXP 	task_centerImg: autoDraw = False
41.6702 	EXP 	task_rightImg1: autoDraw = False
41.6702 	EXP 	task_rightImg2: autoDraw = False
41.6702 	EXP 	task_leftImg1: autoDraw = False
41.6702 	EXP 	task_leftImg2: autoDraw = False
41.6702 	EXP 	task_fixImg: autoDraw = False
41.6702 	EXP 	task_centerImg: image = 'img/leftArrow.png'
41.6702 	EXP 	task_rightImg1: image = 'img/rightArrow.png'
41.6702 	EXP 	task_rightImg2: image = 'img/rightArrow.png'
41.6702 	EXP 	task_leftImg1: image = 'img/rightArrow.png'
41.6702 	EXP 	task_leftImg2: image = 'img/rightArrow.png'
41.6702 	EXP 	task_fixImg: image = 'img/fixationCross.png'
41.6702 	EXP 	task_centerImg: autoDraw = True
41.6702 	EXP 	task_rightImg1: autoDraw = True
41.6702 	EXP 	task_rightImg2: autoDraw = True
41.6702 	EXP 	task_leftImg1: autoDraw = True
41.6702 	EXP 	task_leftImg2: autoDraw = True
41.6702 	EXP 	task_fixImg: autoDraw = True
41.8733 	EXP 	task_centerImg: autoDraw = False
41.8733 	EXP 	task_rightImg1: autoDraw = False
41.8733 	EXP 	task_rightImg2: autoDraw = False
41.8733 	EXP 	task_leftImg1: autoDraw = False
41.8733 	EXP 	task_leftImg2: autoDraw = False
42.4349 	DATA 	Keypress: 1
43.6261 	EXP 	New trial (rep=0, index=3): {'middleStim': 'img/rightArrow.png', 'rightStim1': 'img/rightArrow.png', 'rightStim2': 'img/rightArrow.png', 'leftStim1': 'img/rightArrow.png', 'leftStim2': 'img/rightArrow.png', 'stimNum': 1, 'congruent': 1, 'target': 'right'}
43.6705 	EXP 	task_fixImg: autoDraw = False
43.6705 	EXP 	task_centerImg: autoDraw = False
43.6705 	EXP 	task_rightImg1: autoDraw = False
43.6705 	EXP 	task_rightImg2: autoDraw = False
43.6705 	EXP 	task_leftImg1: autoDraw = False
43.6705 	EXP 	task_leftImg2: autoDraw = False
43.6705 	EXP 	task_fixImg: autoDraw = False
43.6705 	EXP 	task_centerImg: image = 'img/rightArrow.png'
43.6705 	EXP 	task_rightImg1: image = 'img/rightArrow.png'
43.6705 	EXP 	task_rightImg2: image = 'img/rightArrow.png'
43.6705 	EXP 	task_leftImg1: image = 'img/rightArrow.png'
43.6705 	EXP 	task_leftImg2: image = 'img/rightArrow.png'
43.6705 	EXP 	task_fixImg: image = 'img/fixationCross.png'
43.6705 	EXP 	task_centerImg: autoDraw = True
43.6705 	EXP 	task_rightImg1: autoDraw = True
43.6705 	EXP 	task_rightImg2: autoDraw = True
43.6705 	EXP 	task_leftImg1: autoDraw = True
43.6705 	EXP 	task_leftImg2: autoDraw = True
43.6705 	EXP 	task_fixImg: autoDraw = True
43.8717 	EXP 	task_centerImg: autoDraw = False
43.8717 	EXP 	task_rightImg1: autoDraw = False
43.8717 	EXP 	task_rightImg2: autoDraw = False
43.8717 	EXP 	task_leftImg1: autoDraw = False
43.8717 	EXP 	task_leftImg2: autoDraw = False
44.1069 	DATA 	Keypress: 8
45.3997 	EXP 	task_fixImg: autoDraw = False
45.3997 	EXP 	task_centerImg: autoDraw = False
45.3997 	EXP 	task_rightImg1: autoDraw = False
45.3997 	EXP 	task_rightImg2: autoDraw = False
45.3997 	EXP 	task_leftImg1: autoDraw = False
45.3997 	EXP 	task_leftImg2: autoDraw = False
45.3997 	EXP 	task_fixImg: autoDraw = False
45.3997 	EXP 	task_blockFeed_text: text = 'Respond faster'
45.3997 	EXP 	task_blockFeed_text2: text = 'Press the right button'
45.3997 	EXP 	task_blockFeed_text: autoDraw = True
55.3945 	EXP 	task_blockFeed_text2: autoDraw = True
56.3226 	DATA 	Keypress: 8
56.3278 	EXP 	New trial (rep=1, index=0): None
56.3376 	EXP 	task_blockFeed_text: autoDraw = False
56.3376 	EXP 	task_blockFeed_text2: autoDraw = False
56.3376 	EXP 	task_blockText: text = 'Block 2 of 10'
56.3376 	EXP 	task_blockText: autoDraw = True
56.3376 	EXP 	task_blockReminders_text: autoDraw = True
57.4201 	DATA 	Keypress: 8
57.4376 	EXP 	task_blockText: autoDraw = False
57.4376 	EXP 	task_blockReminders_text: autoDraw = False
57.4376 	EXP 	initFixation_img: image = 'img/fixationCross.png'
57.4376 	EXP 	initFixation_img: autoDraw = True
59.4302 	DEBUG 	Read excel file with openpyxl: task_trials.xlsx
59.4309 	EXP 	Imported task_trials.xlsx as conditions, 4 conditions, 8 params
59.4312 	EXP 	Created sequence: random, trialTypes=4, nReps=1, seed=None
59.4314 	EXP 	New trial (rep=0, index=0): {'middleStim': 'img/rightArrow.png', 'rightStim1': 'img/leftArrow.png', 'rightStim2': 'img/leftArrow.png', 'leftStim1': 'img/leftArrow.png', 'leftStim2': 'img/leftArrow.png', 'stimNum': 3, 'congruent': 0, 'target': 'right'}
59.4854 	EXP 	initFixation_img: autoDraw = False
59.4854 	EXP 	task_centerImg: image = 'img/rightArrow.png'
59.4854 	EXP 	task_rightImg1: image = 'img/leftArrow.png'
59.4854 	EXP 	task_rightImg2: image = 'img/leftArrow.png'
59.4854 	EXP 	task_leftImg1: image = 'img/leftArrow.png'
59.4854 	EXP 	task_leftImg2: image = 'img/leftArrow.png'
59.4854 	EXP 	task_fixImg: image = 'img/fixationCross.png'
59.4854 	EXP 	task_centerImg: autoDraw = True
59.4854 	EXP 	task_rightImg1: autoDraw = True
59.4854 	EXP 	task_rightImg2: autoDraw = True
59.4854 	EXP 	task_leftImg1: autoDraw = True
59.4854 	EXP 	task_leftImg2: autoDraw = True
59.4854 	EXP 	task_fixImg: autoDraw = True
59.6876 	EXP 	task_centerImg: autoDraw = False
59.6876 	EXP 	task_rightImg1: autoDraw = False
59.6876 	EXP 	task_rightImg2: autoDraw = False
59.6876 	EXP 	task_leftImg1: autoDraw = False
59.6876 	EXP 	task_leftImg2: autoDraw = False
61.2820 	EXP 	New trial (rep=0, index=1): {'middleStim': 'img/leftArrow.png', 'rightStim1': 'img/leftArrow.png', 'rightStim2': 'img/leftArrow.png', 'leftStim1': 'img/leftArrow.png', 'leftStim2': 'img/leftArrow.png', 'stimNum': 2, 'congruent': 1, 'target': 'left'}
61.3275 	EXP 	task_fixImg: autoDraw = False
61.3275 	EXP 	task_centerImg: autoDraw = False
61.3275 	EXP 	task_rightImg1: autoDraw = False
61.3275 	EXP 	task_rightImg2: autoDraw = False
61.3275 	EXP 	task_leftImg1: autoDraw = False
61.3275 	EXP 	task_leftImg2: autoDraw = False
61.3275 	EXP 	task_fixImg: autoDraw = False
61.3275 	EXP 	task_centerImg: image = 'img/leftArrow.png'
61.3275 	EXP 	task_rightImg1: image = 'img/leftArrow.png'
61.3275 	EXP 	task_rightImg2: image = 'img/leftArrow.png'
61.3275 	EXP 	task_leftImg1: image = 'img/leftArrow.png'
61.3275 	EXP 	task_leftImg2: image = 'img/leftArrow.png'
61.3275 	EXP 	task_fixImg: image = 'img/fixationCross.png'
61.3275 	EXP 	task_centerImg: autoDraw = True
61.3275 	EXP 	task_rightImg1: autoDraw = True
61.3275 	EXP 	task_rightImg2: autoDraw = True
61.3275 	EXP 	task_leftImg1: autoDraw = True
61.3275 	EXP 	task_leftImg2: autoDraw = True
61.3275 	EXP 	task_fixImg: autoDraw = True
61.5289 	EXP 	task_centerImg: autoDraw = False
61.5289 	EXP 	task_rightImg1: autoDraw = False
61.5289 	EXP 	task_rightImg2: autoDraw = False
61.5289 	EXP 	task_leftImg1: autoDraw = False
61.5289 	EXP 	task_leftImg2: autoDraw = False
62.8290 	EXP 	New trial (rep=0, index=2): {'middleStim': 'img/leftArrow.png', 'rightStim1': 'img/rightArrow.png', 'rightStim2': 'img/rightArrow.png', 'leftStim1': 'img/rightArrow.png', 'leftStim2': 'img/rightArrow.png', 'stimNum': 4, 'congruent': 0, 'target': 'left'}
62.8728 	EXP 	task_fixImg: autoDraw = False
62.8728 	EXP 	task_centerImg: autoDraw = False
62.8728 	EXP 	task_rightImg1: autoDraw = False
62.8728 	EXP 	task_rightImg2: autoDraw = False
62.8728 	EXP 	task_leftImg1: autoDraw = False
62.8728 	EXP 	task_leftImg2: autoDraw = False
62.8728 	EXP 	task_fixImg: autoDraw = False
62.8728 	EXP 	task_centerImg: image = 'img/leftArrow.png'
62.8728 	EXP 	task_rightImg1: image = 'img/rightArrow.png'
62.8728 	EXP 	task_rightImg2: image = 'img/rightArrow.png'
62.8728 	EXP 	task_leftImg1: image = 'img/rightArrow.png'
62.8728 	EXP 	task_leftImg2: image = 'img/rightArrow.png'
62.8728 	EXP 	task_fixImg: image = 'img/fixationCross.png'
62.8728 	EXP 	task_centerImg: autoDraw = True
62.8728 	EXP 	task_rightImg1: autoDraw = True
62.8728 	EXP 	task_rightImg2: autoDraw = True
62.8728 	EXP 	task_leftImg1: autoDraw = True
62.8728 	EXP 	task_leftImg2: autoDraw = True
62.8728 	EXP 	task_fixImg: autoDraw = True
63.0750 	EXP 	task_centerImg: autoDraw = False
63.0750 	EXP 	task_rightImg1: autoDraw = False
63.0750 	EXP 	task_rightImg2: autoDraw = False
63.0750 	EXP 	task_leftImg1: autoDraw = False
63.0750 	EXP 	task_leftImg2: autoDraw = False
64.5518 	EXP 	New trial (rep=0, index=3): {'middleStim': 'img/rightArrow.png', 'rightStim1': 'img/rightArrow.png', 'rightStim2': 'img/rightArrow.png', 'leftStim1': 'img/rightArrow.png', 'leftStim2': 'img/rightArrow.png', 'stimNum': 1, 'congruent': 1, 'target': 'right'}
64.5984 	EXP 	task_fixImg: autoDraw = False
64.5984 	EXP 	task_centerImg: autoDraw = False
64.5984 	EXP 	task_rightImg1: autoDraw = False
64.5984 	EXP 	task_rightImg2: autoDraw = False
64.5984 	EXP 	task_leftImg1: autoDraw = False
64.5984 	EXP 	task_leftImg2: autoDraw = False
64.5984 	EXP 	task_fixImg: autoDraw = False
64.5984 	EXP 	task_centerImg: image = 'img/rightArrow.png'
64.5984 	EXP 	task_rightImg1: image = 'img/rightArrow.png'
64.5984 	EXP 	task_rightImg2: image = 'img/rightArrow.png'
64.5984 	EXP 	task_leftImg1: image = 'img/rightArrow.png'
64.5984 	EXP 	task_leftImg2: image = 'img/rightArrow.png'
64.5984 	EXP 	task_fixImg: image = 'img/fixationCross.png'
64.5984 	EXP 	task_centerImg: autoDraw = True
64.5984 	EXP 	task_rightImg1: autoDraw = True
64.5984 	EXP 	task_rightImg2: autoDraw = True
64.5984 	EXP 	task_leftImg1: autoDraw = True
64.5984 	EXP 	task_leftImg2: autoDraw = True
64.5984 	EXP 	task_fixImg: autoDraw = True
64.8030 	EXP 	task_centerImg: autoDraw = False
64.8030 	EXP 	task_rightImg1: autoDraw = False
64.8030 	EXP 	task_rightImg2: autoDraw = False
64.8030 	EXP 	task_leftImg1: autoDraw = False
64.8030 	EXP 	task_leftImg2: autoDraw = False
66.2431 	EXP 	task_fixImg: autoDraw = False
66.2431 	EXP 	task_centerImg: autoDraw = False
66.2431 	EXP 	task_rightImg1: autoDraw = False
66.2431 	EXP 	task_rightImg2: autoDraw = False
66.2431 	EXP 	task_leftImg1: autoDraw = False
66.2431 	EXP 	task_leftImg2: autoDraw = False
66.2431 	EXP 	task_fixImg: autoDraw = False
66.2431 	EXP 	task_blockFeed_text: text = 'Respond more accurately'
66.2431 	EXP 	task_blockFeed_text2: text = 'Press the right button'
66.2431 	EXP 	task_blockFeed_text: autoDraw = True
74.3407 	DATA 	Keypress: escape
76.4365 	EXP 	window1: mouseVisible = True
76.4366 	DEBUG 	Saving data for flanker-basic_v2 ExperimentHandler
76.4382 	INFO 	saved data to C:\Users\NDClab\Desktop\Experiments\social-flanker-eeg\flanker-basic-v4\data/999_flanker-basic_v2_2022_Mar_30_0220.psydat
76.4401 	INFO 	saved data to 'C:\\Users\\NDClab\\Desktop\\Experiments\\social-flanker-eeg\\flanker-basic-v4\\data/999_flanker-basic_v2_2022_Mar_30_0220.csv'
