1.2300 	WARNING 	We strongly recommend you activate the PTB sound engine in PsychoPy prefs as the preferred audio engine. Its timing is vastly superior. Your prefs are currently set to use ['sounddevice', 'PTB', 'pyo', 'pygame'] (in that order).
7.2490 	INFO 	Loaded monitor calibration from ['2021_09_14 11:10']
7.2533 	WARNING 	User requested fullscreen with size [1536  864], but screen is actually [1920, 1080]. Using actual size
10.5716 	EXP 	Created window1 = Window(allowGUI=False, allowStencil=False, autoLog=True, backendConf=UNKNOWN, bitsMode=UNKNOWN, blendMode='avg', bpc=(8, 8, 8), color=array([-1, -1, -1]), colorSpace='rgb', depthBits=8, fullscr=<method-wrapper '__getattribute__' of attributeSetter object at 0x00000136197174E0>, gamma=None, gammaErrorPolicy='raise', lms=UNKNOWN, monitor=<psychopy.monitors.calibTools.Monitor object at 0x00000136196E3BA8>, multiSample=False, name='window1', numSamples=2, pos=[0.0, 0.0], screen=0, size=array([1920, 1080]), stencilBits=0, stereo=False, units='height', useFBO=True, useRetina=False, viewOri=0.0, viewPos=None, viewScale=None, waitBlanking=True, winType='pyglet')
10.5721 	EXP 	window1: mouseVisible = True
10.5722 	EXP 	window1: recordFrameIntervals = False
10.6119 	EXP 	window1: recordFrameIntervals = True
10.6579 	DEBUG 	Screen (0) actual frame rate measured at 241.59
10.6580 	EXP 	window1: recordFrameIntervals = False
10.8592 	INFO 	keyboard.Keyboard is using ptb backend.
10.9380 	EXP 	Created welcome_text = TextStim(__class__=<class 'psychopy.visual.text.TextStim'>, alignHoriz=method-wrapper(...), alignText='center', alignVert=method-wrapper(...), anchorHoriz='center', anchorVert='center', antialias=True, autoLog=True, bold=False, color=array([1., 1., 1.]), colorSpace='rgb', contrast=1.0, depth=0.0, flipHoriz=False, flipVert=False, font='Arial', fontFiles=[], height=0.04, italic=False, languageStyle='LTR', name='welcome_text', opacity=1, ori=0, pos=array([0., 0.]), rgb=UNKNOWN, text=str(...), units='height', win=Window(...), wrapWidth=1.3)
10.9380 	INFO 	keyboard.Keyboard is using ptb backend.
10.9453 	EXP 	Created instructRight_text = TextStim(__class__=<class 'psychopy.visual.text.TextStim'>, alignHoriz=method-wrapper(...), alignText='center', alignVert=method-wrapper(...), anchorHoriz='center', anchorVert='center', antialias=True, autoLog=True, bold=False, color=array([1., 1., 1.]), colorSpace='rgb', contrast=1.0, depth=0.0, flipHoriz=False, flipVert=False, font='Arial', fontFiles=[], height=0.04, italic=False, languageStyle='LTR', name='instructRight_text', opacity=1, ori=0, pos=array([0., 0.]), rgb=UNKNOWN, text=str(...), units='height', win=Window(...), wrapWidth=1.3)
10.9798 	EXP 	Created instructRight_centerImg = ImageStim(__class__=<class 'psychopy.visual.image.ImageStim'>, autoLog=True, color=array([1., 1., 1.]), colorSpace='rgb', contrast=1.0, depth=-1.0, flipHoriz=False, flipVert=False, image='img/rightArrow.png', interpolate=True, mask=None, maskParams=None, name='instructRight_centerImg', opacity=1, ori=0.0, pos=array([ 0. , -0.3]), size=array([0.04, 0.04]), texRes=512, units='height', win=Window(...))
11.0187 	EXP 	Created instructRight_rightImg1 = ImageStim(__class__=<class 'psychopy.visual.image.ImageStim'>, autoLog=True, color=array([1., 1., 1.]), colorSpace='rgb', contrast=1.0, depth=-2.0, flipHoriz=False, flipVert=False, image='img/rightArrow.png', interpolate=True, mask=None, maskParams=None, name='instructRight_rightImg1', opacity=1, ori=0.0, pos=array([ 0.05, -0.3 ]), size=array([0.04, 0.04]), texRes=512, units='height', win=Window(...))
11.0583 	EXP 	Created instructRight_rightImg2 = ImageStim(__class__=<class 'psychopy.visual.image.ImageStim'>, autoLog=True, color=array([1., 1., 1.]), colorSpace='rgb', contrast=1.0, depth=-3.0, flipHoriz=False, flipVert=False, image='img/rightArrow.png', interpolate=True, mask=None, maskParams=None, name='instructRight_rightImg2', opacity=1, ori=0.0, pos=array([ 0.1, -0.3]), size=array([0.04, 0.04]), texRes=512, units='height', win=Window(...))
11.0979 	EXP 	Created instructRight_leftImg1 = ImageStim(__class__=<class 'psychopy.visual.image.ImageStim'>, autoLog=True, color=array([1., 1., 1.]), colorSpace='rgb', contrast=1.0, depth=-4.0, flipHoriz=False, flipVert=False, image='img/rightArrow.png', interpolate=True, mask=None, maskParams=None, name='instructRight_leftImg1', opacity=1, ori=0.0, pos=array([-0.05, -0.3 ]), size=array([0.04, 0.04]), texRes=512, units='height', win=Window(...))
11.1360 	EXP 	Created instructRight_leftImg2 = ImageStim(__class__=<class 'psychopy.visual.image.ImageStim'>, autoLog=True, color=array([1., 1., 1.]), colorSpace='rgb', contrast=1.0, depth=-5.0, flipHoriz=False, flipVert=False, image='img/rightArrow.png', interpolate=True, mask=None, maskParams=None, name='instructRight_leftImg2', opacity=1, ori=0.0, pos=array([-0.1, -0.3]), size=array([0.04, 0.04]), texRes=512, units='height', win=Window(...))
11.1361 	INFO 	keyboard.Keyboard is using ptb backend.
11.1425 	EXP 	Created instructLeft_text = TextStim(__class__=<class 'psychopy.visual.text.TextStim'>, alignHoriz=method-wrapper(...), alignText='center', alignVert=method-wrapper(...), anchorHoriz='center', anchorVert='center', antialias=True, autoLog=True, bold=False, color=array([1., 1., 1.]), colorSpace='rgb', contrast=1.0, depth=0.0, flipHoriz=False, flipVert=False, font='Arial', fontFiles=[], height=0.04, italic=False, languageStyle='LTR', name='instructLeft_text', opacity=1, ori=0, pos=array([0., 0.]), rgb=UNKNOWN, text=str(...), units='height', win=Window(...), wrapWidth=1.3)
11.1800 	EXP 	Created instructLeft_centerImg = ImageStim(__class__=<class 'psychopy.visual.image.ImageStim'>, autoLog=True, color=array([1., 1., 1.]), colorSpace='rgb', contrast=1.0, depth=-1.0, flipHoriz=False, flipVert=False, image='img/leftArrow.png', interpolate=True, mask=None, maskParams=None, name='instructLeft_centerImg', opacity=1, ori=0.0, pos=array([ 0. , -0.3]), size=array([0.04, 0.04]), texRes=512, units='height', win=Window(...))
11.2177 	EXP 	Created instructLeft_rightImg1 = ImageStim(__class__=<class 'psychopy.visual.image.ImageStim'>, autoLog=True, color=array([1., 1., 1.]), colorSpace='rgb', contrast=1.0, depth=-2.0, flipHoriz=False, flipVert=False, image='img/leftArrow.png', interpolate=True, mask=None, maskParams=None, name='instructLeft_rightImg1', opacity=1, ori=0.0, pos=array([ 0.05, -0.3 ]), size=array([0.04, 0.04]), texRes=512, units='height', win=Window(...))
11.2553 	EXP 	Created instructLeft_rightImg2 = ImageStim(__class__=<class 'psychopy.visual.image.ImageStim'>, autoLog=True, color=array([1., 1., 1.]), colorSpace='rgb', contrast=1.0, depth=-3.0, flipHoriz=False, flipVert=False, image='img/leftArrow.png', interpolate=True, mask=None, maskParams=None, name='instructLeft_rightImg2', opacity=1, ori=0.0, pos=array([ 0.1, -0.3]), size=array([0.04, 0.04]), texRes=512, units='height', win=Window(...))
11.2926 	EXP 	Created instructLeft_leftImg1 = ImageStim(__class__=<class 'psychopy.visual.image.ImageStim'>, autoLog=True, color=array([1., 1., 1.]), colorSpace='rgb', contrast=1.0, depth=-4.0, flipHoriz=False, flipVert=False, image='img/leftArrow.png', interpolate=True, mask=None, maskParams=None, name='instructLeft_leftImg1', opacity=1, ori=0.0, pos=array([-0.05, -0.3 ]), size=array([0.04, 0.04]), texRes=512, units='height', win=Window(...))
11.3304 	EXP 	Created instructLeft_leftImg2 = ImageStim(__class__=<class 'psychopy.visual.image.ImageStim'>, autoLog=True, color=array([1., 1., 1.]), colorSpace='rgb', contrast=1.0, depth=-5.0, flipHoriz=False, flipVert=False, image='img/leftArrow.png', interpolate=True, mask=None, maskParams=None, name='instructLeft_leftImg2', opacity=1, ori=0.0, pos=array([-0.1, -0.3]), size=array([0.04, 0.04]), texRes=512, units='height', win=Window(...))
11.3304 	INFO 	keyboard.Keyboard is using ptb backend.
11.3472 	EXP 	Created instructInconRight_text = TextStim(__class__=<class 'psychopy.visual.text.TextStim'>, alignHoriz=method-wrapper(...), alignText='center', alignVert=method-wrapper(...), anchorHoriz='center', anchorVert='center', antialias=True, autoLog=True, bold=False, color=array([1., 1., 1.]), colorSpace='rgb', contrast=1.0, depth=0.0, flipHoriz=False, flipVert=False, font='Arial', fontFiles=[], height=0.04, italic=False, languageStyle='LTR', name='instructInconRight_text', opacity=1, ori=0, pos=array([0., 0.]), rgb=UNKNOWN, text=str(...), units='height', win=Window(...), wrapWidth=1.3)
11.3713 	EXP 	Created instructIncon_centerImg = ImageStim(__class__=<class 'psychopy.visual.image.ImageStim'>, autoLog=True, color=array([1., 1., 1.]), colorSpace='rgb', contrast=1.0, depth=-1.0, flipHoriz=False, flipVert=False, image='img/rightArrow.png', interpolate=True, mask=None, maskParams=None, name='instructIncon_centerImg', opacity=1, ori=0.0, pos=array([ 0. , -0.3]), size=array([0.04, 0.04]), texRes=512, units='height', win=Window(...))
11.3936 	EXP 	Created instructIncon_rightImg1 = ImageStim(__class__=<class 'psychopy.visual.image.ImageStim'>, autoLog=True, color=array([1., 1., 1.]), colorSpace='rgb', contrast=1.0, depth=-2.0, flipHoriz=False, flipVert=False, image='img/leftArrow.png', interpolate=True, mask=None, maskParams=None, name='instructIncon_rightImg1', opacity=1, ori=0.0, pos=array([ 0.05, -0.3 ]), size=array([0.04, 0.04]), texRes=512, units='height', win=Window(...))
11.4162 	EXP 	Created instructIncon_rightImg2 = ImageStim(__class__=<class 'psychopy.visual.image.ImageStim'>, autoLog=True, color=array([1., 1., 1.]), colorSpace='rgb', contrast=1.0, depth=-3.0, flipHoriz=False, flipVert=False, image='img/leftArrow.png', interpolate=True, mask=None, maskParams=None, name='instructIncon_rightImg2', opacity=1, ori=0.0, pos=array([ 0.1, -0.3]), size=array([0.04, 0.04]), texRes=512, units='height', win=Window(...))
11.4390 	EXP 	Created instructIncon_leftImg1 = ImageStim(__class__=<class 'psychopy.visual.image.ImageStim'>, autoLog=True, color=array([1., 1., 1.]), colorSpace='rgb', contrast=1.0, depth=-4.0, flipHoriz=False, flipVert=False, image='img/leftArrow.png', interpolate=True, mask=None, maskParams=None, name='instructIncon_leftImg1', opacity=1, ori=0.0, pos=array([-0.05, -0.3 ]), size=array([0.04, 0.04]), texRes=512, units='height', win=Window(...))
11.4615 	EXP 	Created instructInconRight_leftImg2 = ImageStim(__class__=<class 'psychopy.visual.image.ImageStim'>, autoLog=True, color=array([1., 1., 1.]), colorSpace='rgb', contrast=1.0, depth=-5.0, flipHoriz=False, flipVert=False, image='img/leftArrow.png', interpolate=True, mask=None, maskParams=None, name='instructInconRight_leftImg2', opacity=1, ori=0.0, pos=array([-0.1, -0.3]), size=array([0.04, 0.04]), texRes=512, units='height', win=Window(...))
11.4616 	INFO 	keyboard.Keyboard is using ptb backend.
11.4689 	EXP 	Created instructInconLeft_text = TextStim(__class__=<class 'psychopy.visual.text.TextStim'>, alignHoriz=method-wrapper(...), alignText='center', alignVert=method-wrapper(...), anchorHoriz='center', anchorVert='center', antialias=True, autoLog=True, bold=False, color=array([1., 1., 1.]), colorSpace='rgb', contrast=1.0, depth=0.0, flipHoriz=False, flipVert=False, font='Arial', fontFiles=[], height=0.04, italic=False, languageStyle='LTR', name='instructInconLeft_text', opacity=1, ori=0, pos=array([0., 0.]), rgb=UNKNOWN, text=str(...), units='height', win=Window(...), wrapWidth=1.3)
11.4917 	EXP 	Created instructInconLeft_centerImg = ImageStim(__class__=<class 'psychopy.visual.image.ImageStim'>, autoLog=True, color=array([1., 1., 1.]), colorSpace='rgb', contrast=1.0, depth=-1.0, flipHoriz=False, flipVert=False, image='img/leftArrow.png', interpolate=True, mask=None, maskParams=None, name='instructInconLeft_centerImg', opacity=1, ori=0.0, pos=array([ 0. , -0.3]), size=array([0.04, 0.04]), texRes=512, units='height', win=Window(...))
11.5153 	EXP 	Created instructInconLeft_rightImg1 = ImageStim(__class__=<class 'psychopy.visual.image.ImageStim'>, autoLog=True, color=array([1., 1., 1.]), colorSpace='rgb', contrast=1.0, depth=-2.0, flipHoriz=False, flipVert=False, image='img/rightArrow.png', interpolate=True, mask=None, maskParams=None, name='instructInconLeft_rightImg1', opacity=1, ori=0.0, pos=array([ 0.05, -0.3 ]), size=array([0.04, 0.04]), texRes=512, units='height', win=Window(...))
11.5404 	EXP 	Created instructInconLeft_rightImg2 = ImageStim(__class__=<class 'psychopy.visual.image.ImageStim'>, autoLog=True, color=array([1., 1., 1.]), colorSpace='rgb', contrast=1.0, depth=-3.0, flipHoriz=False, flipVert=False, image='img/rightArrow.png', interpolate=True, mask=None, maskParams=None, name='instructInconLeft_rightImg2', opacity=1, ori=0.0, pos=array([ 0.1, -0.3]), size=array([0.04, 0.04]), texRes=512, units='height', win=Window(...))
11.5643 	EXP 	Created instructInconLeft_leftImg1 = ImageStim(__class__=<class 'psychopy.visual.image.ImageStim'>, autoLog=True, color=array([1., 1., 1.]), colorSpace='rgb', contrast=1.0, depth=-4.0, flipHoriz=False, flipVert=False, image='img/rightArrow.png', interpolate=True, mask=None, maskParams=None, name='instructInconLeft_leftImg1', opacity=1, ori=0.0, pos=array([-0.05, -0.3 ]), size=array([0.04, 0.04]), texRes=512, units='height', win=Window(...))
11.5883 	EXP 	Created instructInconLeft_leftImg2 = ImageStim(__class__=<class 'psychopy.visual.image.ImageStim'>, autoLog=True, color=array([1., 1., 1.]), colorSpace='rgb', contrast=1.0, depth=-5.0, flipHoriz=False, flipVert=False, image='img/rightArrow.png', interpolate=True, mask=None, maskParams=None, name='instructInconLeft_leftImg2', opacity=1, ori=0.0, pos=array([-0.1, -0.3]), size=array([0.04, 0.04]), texRes=512, units='height', win=Window(...))
11.5883 	INFO 	keyboard.Keyboard is using ptb backend.
11.5988 	EXP 	Created prac_blockText = TextStim(__class__=<class 'psychopy.visual.text.TextStim'>, alignHoriz=method-wrapper(...), alignText='center', alignVert=method-wrapper(...), anchorHoriz='center', anchorVert='center', antialias=True, autoLog=True, bold=False, color=array([1., 1., 1.]), colorSpace='rgb', contrast=1.0, depth=-1.0, flipHoriz=False, flipVert=False, font='Arial', fontFiles=[], height=0.06, italic=False, languageStyle='LTR', name='prac_blockText', opacity=1, ori=0.0, pos=array([0. , 0.3]), rgb=UNKNOWN, text='Practice', units='height', win=Window(...), wrapWidth=1.3)
11.6144 	EXP 	Created prac_reminder_text = TextStim(__class__=<class 'psychopy.visual.text.TextStim'>, alignHoriz=method-wrapper(...), alignText='center', alignVert=method-wrapper(...), anchorHoriz='center', anchorVert='center', antialias=True, autoLog=True, bold=False, color=array([1., 1., 1.]), colorSpace='rgb', contrast=1.0, depth=-2.0, flipHoriz=False, flipVert=False, font='Arial', fontFiles=[], height=0.04, italic=False, languageStyle='LTR', name='prac_reminder_text', opacity=1, ori=0, pos=array([0., 0.]), rgb=UNKNOWN, text=str(...), units='height', win=Window(...), wrapWidth=1.3)
11.6144 	INFO 	keyboard.Keyboard is using ptb backend.
11.6174 	EXP 	Created initFixation_img = ImageStim(__class__=<class 'psychopy.visual.image.ImageStim'>, autoLog=True, color=array([1., 1., 1.]), colorSpace='rgb', contrast=1.0, depth=0.0, flipHoriz=False, flipVert=False, image='sin', interpolate=True, mask=None, maskParams=None, name='initFixation_img', opacity=1, ori=0.0, pos=array([ 0.  , -0.05]), size=array([0.015, 0.015]), texRes=512, units='height', win=Window(...))
11.6202 	EXP 	Created prac_centerImg = ImageStim(__class__=<class 'psychopy.visual.image.ImageStim'>, autoLog=True, color=array([1., 1., 1.]), colorSpace='rgb', contrast=1.0, depth=-1.0, flipHoriz=False, flipVert=False, image='sin', interpolate=True, mask=None, maskParams=None, name='prac_centerImg', opacity=1, ori=0.0, pos=array([0., 0.]), size=array([0.04, 0.04]), texRes=512, units='height', win=Window(...))
11.6242 	EXP 	Created prac_rightImg1 = ImageStim(__class__=<class 'psychopy.visual.image.ImageStim'>, autoLog=True, color=array([1., 1., 1.]), colorSpace='rgb', contrast=1.0, depth=-2.0, flipHoriz=False, flipVert=False, image='sin', interpolate=True, mask=None, maskParams=None, name='prac_rightImg1', opacity=1, ori=0.0, pos=array([0.05, 0.  ]), size=array([0.04, 0.04]), texRes=512, units='height', win=Window(...))
11.6290 	EXP 	Created prac_rightImg2 = ImageStim(__class__=<class 'psychopy.visual.image.ImageStim'>, autoLog=True, color=array([1., 1., 1.]), colorSpace='rgb', contrast=1.0, depth=-3.0, flipHoriz=False, flipVert=False, image='sin', interpolate=True, mask=None, maskParams=None, name='prac_rightImg2', opacity=1, ori=0.0, pos=array([0.1, 0. ]), size=array([0.04, 0.04]), texRes=512, units='height', win=Window(...))
11.6323 	EXP 	Created prac_leftImg1 = ImageStim(__class__=<class 'psychopy.visual.image.ImageStim'>, autoLog=True, color=array([1., 1., 1.]), colorSpace='rgb', contrast=1.0, depth=-4.0, flipHoriz=False, flipVert=False, image='sin', interpolate=True, mask=None, maskParams=None, name='prac_leftImg1', opacity=1, ori=0.0, pos=array([-0.05,  0.  ]), size=array([0.04, 0.04]), texRes=512, units='height', win=Window(...))
11.6351 	EXP 	Created prac_leftImg2 = ImageStim(__class__=<class 'psychopy.visual.image.ImageStim'>, autoLog=True, color=array([1., 1., 1.]), colorSpace='rgb', contrast=1.0, depth=-5.0, flipHoriz=False, flipVert=False, image='sin', interpolate=True, mask=None, maskParams=None, name='prac_leftImg2', opacity=1, ori=0.0, pos=array([-0.1,  0. ]), size=array([0.04, 0.04]), texRes=512, units='height', win=Window(...))
11.6379 	EXP 	Created prac_fixImg = ImageStim(__class__=<class 'psychopy.visual.image.ImageStim'>, autoLog=True, color=array([1., 1., 1.]), colorSpace='rgb', contrast=1.0, depth=-6.0, flipHoriz=False, flipVert=False, image='sin', interpolate=True, mask=None, maskParams=None, name='prac_fixImg', opacity=1, ori=0.0, pos=array([ 0.  , -0.05]), size=array([0.015, 0.015]), texRes=512, units='height', win=Window(...))
11.6379 	INFO 	keyboard.Keyboard is using ptb backend.
11.6389 	EXP 	Created prac_blockFeed_text = TextStim(__class__=<class 'psychopy.visual.text.TextStim'>, alignHoriz=method-wrapper(...), alignText='center', alignVert=method-wrapper(...), anchorHoriz='center', anchorVert='center', antialias=True, autoLog=True, bold=False, color=array([1., 1., 1.]), colorSpace='rgb', contrast=1.0, depth=-1.0, flipHoriz=False, flipVert=False, font='Arial', fontFiles=[], height=0.04, italic=False, languageStyle='LTR', name='prac_blockFeed_text', opacity=1, ori=0, pos=array([0., 0.]), rgb=UNKNOWN, text='', units='height', win=Window(...), wrapWidth=1.3)
11.6420 	EXP 	Created prac_pressContinue = TextStim(__class__=<class 'psychopy.visual.text.TextStim'>, alignHoriz=method-wrapper(...), alignText='center', alignVert=method-wrapper(...), anchorHoriz='center', anchorVert='center', antialias=True, autoLog=True, bold=False, color=array([1., 1., 1.]), colorSpace='rgb', contrast=1.0, depth=-2.0, flipHoriz=False, flipVert=False, font='Arial', fontFiles=[], height=0.04, italic=False, languageStyle='LTR', name='prac_pressContinue', opacity=1, ori=0.0, pos=array([ 0. , -0.3]), rgb=UNKNOWN, text='Press the right key', units='height', win=Window(...), wrapWidth=1.3)
11.6421 	INFO 	keyboard.Keyboard is using ptb backend.
11.6462 	EXP 	Created instructMainTask_text = TextStim(__class__=<class 'psychopy.visual.text.TextStim'>, alignHoriz=method-wrapper(...), alignText='center', alignVert=method-wrapper(...), anchorHoriz='center', anchorVert='center', antialias=True, autoLog=True, bold=False, color=array([1., 1., 1.]), colorSpace='rgb', contrast=1.0, depth=0.0, flipHoriz=False, flipVert=False, font='Arial', fontFiles=[], height=0.04, italic=False, languageStyle='LTR', name='instructMainTask_text', opacity=1, ori=0, pos=array([0., 0.]), rgb=UNKNOWN, text=str(...), units='height', win=Window(...), wrapWidth=1.3)
11.6462 	INFO 	keyboard.Keyboard is using ptb backend.
11.6473 	EXP 	Created task_blockText = TextStim(__class__=<class 'psychopy.visual.text.TextStim'>, alignHoriz=method-wrapper(...), alignText='center', alignVert=method-wrapper(...), anchorHoriz='center', anchorVert='center', antialias=True, autoLog=True, bold=False, color=array([1., 1., 1.]), colorSpace='rgb', contrast=1.0, depth=-1.0, flipHoriz=False, flipVert=False, font='Arial', fontFiles=[], height=0.06, italic=False, languageStyle='LTR', name='task_blockText', opacity=1, ori=0.0, pos=array([0. , 0.3]), rgb=UNKNOWN, text='', units='height', win=Window(...), wrapWidth=1.3)
11.6563 	EXP 	Created task_blockReminders_text = TextStim(__class__=<class 'psychopy.visual.text.TextStim'>, alignHoriz=method-wrapper(...), alignText='center', alignVert=method-wrapper(...), anchorHoriz='center', anchorVert='center', antialias=True, autoLog=True, bold=False, color=array([1., 1., 1.]), colorSpace='rgb', contrast=1.0, depth=-2.0, flipHoriz=False, flipVert=False, font='Arial', fontFiles=[], height=0.04, italic=False, languageStyle='LTR', name='task_blockReminders_text', opacity=1, ori=0, pos=array([0., 0.]), rgb=UNKNOWN, text=str(...), units='height', win=Window(...), wrapWidth=1.3)
11.6563 	INFO 	keyboard.Keyboard is using ptb backend.
11.6595 	EXP 	Created initFixation_img = ImageStim(__class__=<class 'psychopy.visual.image.ImageStim'>, autoLog=True, color=array([1., 1., 1.]), colorSpace='rgb', contrast=1.0, depth=0.0, flipHoriz=False, flipVert=False, image='sin', interpolate=True, mask=None, maskParams=None, name='initFixation_img', opacity=1, ori=0.0, pos=array([ 0.  , -0.05]), size=array([0.015, 0.015]), texRes=512, units='height', win=Window(...))
11.6625 	EXP 	Created task_centerImg = ImageStim(__class__=<class 'psychopy.visual.image.ImageStim'>, autoLog=True, color=array([1., 1., 1.]), colorSpace='rgb', contrast=1.0, depth=-1.0, flipHoriz=False, flipVert=False, image='sin', interpolate=True, mask=None, maskParams=None, name='task_centerImg', opacity=1, ori=0.0, pos=array([0., 0.]), size=array([0.04, 0.04]), texRes=512, units='height', win=Window(...))
11.6654 	EXP 	Created task_rightImg1 = ImageStim(__class__=<class 'psychopy.visual.image.ImageStim'>, autoLog=True, color=array([1., 1., 1.]), colorSpace='rgb', contrast=1.0, depth=-2.0, flipHoriz=False, flipVert=False, image='sin', interpolate=True, mask=None, maskParams=None, name='task_rightImg1', opacity=1, ori=0.0, pos=array([0.05, 0.  ]), size=array([0.04, 0.04]), texRes=512, units='height', win=Window(...))
11.6683 	EXP 	Created task_rightImg2 = ImageStim(__class__=<class 'psychopy.visual.image.ImageStim'>, autoLog=True, color=array([1., 1., 1.]), colorSpace='rgb', contrast=1.0, depth=-3.0, flipHoriz=False, flipVert=False, image='sin', interpolate=True, mask=None, maskParams=None, name='task_rightImg2', opacity=1, ori=0.0, pos=array([0.1, 0. ]), size=array([0.04, 0.04]), texRes=512, units='height', win=Window(...))
11.6712 	EXP 	Created task_leftImg1 = ImageStim(__class__=<class 'psychopy.visual.image.ImageStim'>, autoLog=True, color=array([1., 1., 1.]), colorSpace='rgb', contrast=1.0, depth=-4.0, flipHoriz=False, flipVert=False, image='sin', interpolate=True, mask=None, maskParams=None, name='task_leftImg1', opacity=1, ori=0.0, pos=array([-0.05,  0.  ]), size=array([0.04, 0.04]), texRes=512, units='height', win=Window(...))
11.6742 	EXP 	Created task_leftImg2 = ImageStim(__class__=<class 'psychopy.visual.image.ImageStim'>, autoLog=True, color=array([1., 1., 1.]), colorSpace='rgb', contrast=1.0, depth=-5.0, flipHoriz=False, flipVert=False, image='sin', interpolate=True, mask=None, maskParams=None, name='task_leftImg2', opacity=1, ori=0.0, pos=array([-0.1,  0. ]), size=array([0.04, 0.04]), texRes=512, units='height', win=Window(...))
11.6771 	EXP 	Created task_fixImg = ImageStim(__class__=<class 'psychopy.visual.image.ImageStim'>, autoLog=True, color=array([1., 1., 1.]), colorSpace='rgb', contrast=1.0, depth=-6.0, flipHoriz=False, flipVert=False, image='sin', interpolate=True, mask=None, maskParams=None, name='task_fixImg', opacity=1, ori=0.0, pos=array([ 0.  , -0.05]), size=array([0.015, 0.015]), texRes=512, units='height', win=Window(...))
11.6771 	INFO 	keyboard.Keyboard is using ptb backend.
11.6786 	EXP 	Created task_blockFeed_text = TextStim(__class__=<class 'psychopy.visual.text.TextStim'>, alignHoriz=method-wrapper(...), alignText='center', alignVert=method-wrapper(...), anchorHoriz='center', anchorVert='center', antialias=True, autoLog=True, bold=False, color=array([1., 1., 1.]), colorSpace='rgb', contrast=1.0, depth=-1.0, flipHoriz=False, flipVert=False, font='Arial', fontFiles=[], height=0.12, italic=False, languageStyle='LTR', name='task_blockFeed_text', opacity=1, ori=0, pos=array([0. , 0.1]), rgb=UNKNOWN, text='', units='height', win=Window(...), wrapWidth=1.8)
11.6796 	EXP 	Created task_blockFeed_text2 = TextStim(__class__=<class 'psychopy.visual.text.TextStim'>, alignHoriz=method-wrapper(...), alignText='center', alignVert=method-wrapper(...), anchorHoriz='center', anchorVert='center', antialias=True, autoLog=True, bold=False, color=array([1., 1., 1.]), colorSpace='rgb', contrast=1.0, depth=-2.0, flipHoriz=False, flipVert=False, font='Arial', fontFiles=[], height=0.04, italic=False, languageStyle='LTR', name='task_blockFeed_text2', opacity=1, ori=0, pos=array([ 0. , -0.3]), rgb=UNKNOWN, text='', units='height', win=Window(...), wrapWidth=1.3)
11.6796 	INFO 	keyboard.Keyboard is using ptb backend.
11.6886 	EXP 	Created finishMessage_text = TextStim(__class__=<class 'psychopy.visual.text.TextStim'>, alignHoriz=method-wrapper(...), alignText='center', alignVert=method-wrapper(...), anchorHoriz='center', anchorVert='center', antialias=True, autoLog=True, bold=False, color=array([1., 1., 1.]), colorSpace='rgb', contrast=1.0, depth=0.0, flipHoriz=False, flipVert=False, font='Arial', fontFiles=[], height=0.04, italic=False, languageStyle='LTR', name='finishMessage_text', opacity=1, ori=0, pos=array([0., 0.]), rgb=UNKNOWN, text='Thank you for your participation!', units='height', win=Window(...), wrapWidth=1.3)
11.7279 	EXP 	welcome_text: autoDraw = True
13.5058 	DATA 	Keypress: 8
13.5392 	EXP 	welcome_text: autoDraw = False
13.5392 	EXP 	instructRight_text: autoDraw = True
13.5392 	EXP 	instructRight_centerImg: autoDraw = True
13.5392 	EXP 	instructRight_rightImg1: autoDraw = True
13.5392 	EXP 	instructRight_rightImg2: autoDraw = True
13.5392 	EXP 	instructRight_leftImg1: autoDraw = True
13.5392 	EXP 	instructRight_leftImg2: autoDraw = True
13.8612 	DATA 	Keypress: 1
14.1161 	DATA 	Keypress: 8
14.1301 	EXP 	instructRight_text: autoDraw = False
14.1301 	EXP 	instructRight_centerImg: autoDraw = False
14.1301 	EXP 	instructRight_rightImg1: autoDraw = False
14.1301 	EXP 	instructRight_rightImg2: autoDraw = False
14.1301 	EXP 	instructRight_leftImg1: autoDraw = False
14.1301 	EXP 	instructRight_leftImg2: autoDraw = False
14.1301 	EXP 	instructLeft_text: autoDraw = True
14.1301 	EXP 	instructLeft_centerImg: autoDraw = True
14.1301 	EXP 	instructLeft_rightImg1: autoDraw = True
14.1301 	EXP 	instructLeft_rightImg2: autoDraw = True
14.1301 	EXP 	instructLeft_leftImg1: autoDraw = True
14.1301 	EXP 	instructLeft_leftImg2: autoDraw = True
14.2901 	DATA 	Keypress: 1
14.2932 	EXP 	instructLeft_text: autoDraw = False
14.2932 	EXP 	instructLeft_centerImg: autoDraw = False
14.2932 	EXP 	instructLeft_rightImg1: autoDraw = False
14.2932 	EXP 	instructLeft_rightImg2: autoDraw = False
14.2932 	EXP 	instructLeft_leftImg1: autoDraw = False
14.2932 	EXP 	instructLeft_leftImg2: autoDraw = False
14.2932 	EXP 	instructInconRight_text: autoDraw = True
14.2932 	EXP 	instructIncon_centerImg: autoDraw = True
14.2932 	EXP 	instructIncon_rightImg1: autoDraw = True
14.2932 	EXP 	instructIncon_rightImg2: autoDraw = True
14.2932 	EXP 	instructIncon_leftImg1: autoDraw = True
14.2932 	EXP 	instructInconRight_leftImg2: autoDraw = True
14.4126 	DATA 	Keypress: 8
14.4276 	EXP 	instructInconRight_text: autoDraw = False
14.4276 	EXP 	instructIncon_centerImg: autoDraw = False
14.4276 	EXP 	instructIncon_rightImg1: autoDraw = False
14.4276 	EXP 	instructIncon_rightImg2: autoDraw = False
14.4276 	EXP 	instructIncon_leftImg1: autoDraw = False
14.4276 	EXP 	instructInconRight_leftImg2: autoDraw = False
14.4276 	EXP 	instructInconLeft_text: autoDraw = True
14.4276 	EXP 	instructInconLeft_centerImg: autoDraw = True
14.4276 	EXP 	instructInconLeft_rightImg1: autoDraw = True
14.4276 	EXP 	instructInconLeft_rightImg2: autoDraw = True
14.4276 	EXP 	instructInconLeft_leftImg1: autoDraw = True
14.4276 	EXP 	instructInconLeft_leftImg2: autoDraw = True
14.5946 	DATA 	Keypress: 8
14.7028 	EXP 	Created sequence: random, trialTypes=1, nReps=99, seed=None
14.7033 	EXP 	New trial (rep=0, index=0): None
14.7071 	DATA 	Keypress: 1
14.7090 	EXP 	instructInconLeft_text: autoDraw = False
14.7090 	EXP 	instructInconLeft_centerImg: autoDraw = False
14.7090 	EXP 	instructInconLeft_rightImg1: autoDraw = False
14.7090 	EXP 	instructInconLeft_rightImg2: autoDraw = False
14.7090 	EXP 	instructInconLeft_leftImg1: autoDraw = False
14.7090 	EXP 	instructInconLeft_leftImg2: autoDraw = False
14.7090 	EXP 	prac_blockText: autoDraw = True
14.7090 	EXP 	prac_reminder_text: autoDraw = True
14.9546 	DATA 	Keypress: 8
14.9788 	EXP 	prac_blockText: autoDraw = False
14.9788 	EXP 	prac_reminder_text: autoDraw = False
14.9788 	EXP 	initFixation_img: image = 'img/fixationCross.png'
14.9788 	EXP 	initFixation_img: autoDraw = True
16.9724 	DEBUG 	Read excel file with openpyxl: prac_trials.xlsx
16.9731 	EXP 	Imported prac_trials.xlsx as conditions, 4 conditions, 8 params
16.9734 	EXP 	Created sequence: random, trialTypes=4, nReps=1, seed=None
16.9736 	EXP 	New trial (rep=0, index=0): {'middleStim': 'img/rightArrow.png', 'rightStim1': 'img/rightArrow.png', 'rightStim2': 'img/rightArrow.png', 'leftStim1': 'img/rightArrow.png', 'leftStim2': 'img/rightArrow.png', 'stimNum': 5, 'congruent': 1, 'target': 'right'}
17.0137 	EXP 	initFixation_img: autoDraw = False
17.0137 	EXP 	prac_centerImg: image = 'img/rightArrow.png'
17.0137 	EXP 	prac_rightImg1: image = 'img/rightArrow.png'
17.0137 	EXP 	prac_rightImg2: image = 'img/rightArrow.png'
17.0137 	EXP 	prac_leftImg1: image = 'img/rightArrow.png'
17.0137 	EXP 	prac_leftImg2: image = 'img/rightArrow.png'
17.0137 	EXP 	prac_fixImg: image = 'img/fixationCross.png'
17.0137 	EXP 	prac_centerImg: autoDraw = True
17.0137 	EXP 	prac_rightImg1: autoDraw = True
17.0137 	EXP 	prac_rightImg2: autoDraw = True
17.0137 	EXP 	prac_leftImg1: autoDraw = True
17.0137 	EXP 	prac_leftImg2: autoDraw = True
17.0137 	EXP 	prac_fixImg: autoDraw = True
17.2130 	EXP 	prac_centerImg: autoDraw = False
17.2130 	EXP 	prac_rightImg1: autoDraw = False
17.2130 	EXP 	prac_rightImg2: autoDraw = False
17.2130 	EXP 	prac_leftImg1: autoDraw = False
17.2130 	EXP 	prac_leftImg2: autoDraw = False
17.4397 	DATA 	Keypress: 8
18.9736 	EXP 	New trial (rep=0, index=1): {'middleStim': 'img/leftArrow.png', 'rightStim1': 'img/rightArrow.png', 'rightStim2': 'img/rightArrow.png', 'leftStim1': 'img/rightArrow.png', 'leftStim2': 'img/rightArrow.png', 'stimNum': 8, 'congruent': 0, 'target': 'left'}
19.0186 	EXP 	prac_fixImg: autoDraw = False
19.0186 	EXP 	prac_centerImg: autoDraw = False
19.0186 	EXP 	prac_rightImg1: autoDraw = False
19.0186 	EXP 	prac_rightImg2: autoDraw = False
19.0186 	EXP 	prac_leftImg1: autoDraw = False
19.0186 	EXP 	prac_leftImg2: autoDraw = False
19.0186 	EXP 	prac_fixImg: autoDraw = False
19.0186 	EXP 	prac_centerImg: image = 'img/leftArrow.png'
19.0186 	EXP 	prac_rightImg1: image = 'img/rightArrow.png'
19.0186 	EXP 	prac_rightImg2: image = 'img/rightArrow.png'
19.0186 	EXP 	prac_leftImg1: image = 'img/rightArrow.png'
19.0186 	EXP 	prac_leftImg2: image = 'img/rightArrow.png'
19.0186 	EXP 	prac_fixImg: image = 'img/fixationCross.png'
19.0186 	EXP 	prac_centerImg: autoDraw = True
19.0186 	EXP 	prac_rightImg1: autoDraw = True
19.0186 	EXP 	prac_rightImg2: autoDraw = True
19.0186 	EXP 	prac_leftImg1: autoDraw = True
19.0186 	EXP 	prac_leftImg2: autoDraw = True
19.0186 	EXP 	prac_fixImg: autoDraw = True
19.2215 	EXP 	prac_centerImg: autoDraw = False
19.2215 	EXP 	prac_rightImg1: autoDraw = False
19.2215 	EXP 	prac_rightImg2: autoDraw = False
19.2215 	EXP 	prac_leftImg1: autoDraw = False
19.2215 	EXP 	prac_leftImg2: autoDraw = False
19.4946 	DATA 	Keypress: 1
20.5939 	EXP 	New trial (rep=0, index=2): {'middleStim': 'img/leftArrow.png', 'rightStim1': 'img/leftArrow.png', 'rightStim2': 'img/leftArrow.png', 'leftStim1': 'img/leftArrow.png', 'leftStim2': 'img/leftArrow.png', 'stimNum': 6, 'congruent': 1, 'target': 'left'}
20.6350 	EXP 	prac_fixImg: autoDraw = False
20.6350 	EXP 	prac_centerImg: autoDraw = False
20.6350 	EXP 	prac_rightImg1: autoDraw = False
20.6350 	EXP 	prac_rightImg2: autoDraw = False
20.6350 	EXP 	prac_leftImg1: autoDraw = False
20.6350 	EXP 	prac_leftImg2: autoDraw = False
20.6350 	EXP 	prac_fixImg: autoDraw = False
20.6350 	EXP 	prac_centerImg: image = 'img/leftArrow.png'
20.6350 	EXP 	prac_rightImg1: image = 'img/leftArrow.png'
20.6350 	EXP 	prac_rightImg2: image = 'img/leftArrow.png'
20.6350 	EXP 	prac_leftImg1: image = 'img/leftArrow.png'
20.6350 	EXP 	prac_leftImg2: image = 'img/leftArrow.png'
20.6350 	EXP 	prac_fixImg: image = 'img/fixationCross.png'
20.6350 	EXP 	prac_centerImg: autoDraw = True
20.6350 	EXP 	prac_rightImg1: autoDraw = True
20.6350 	EXP 	prac_rightImg2: autoDraw = True
20.6350 	EXP 	prac_leftImg1: autoDraw = True
20.6350 	EXP 	prac_leftImg2: autoDraw = True
20.6350 	EXP 	prac_fixImg: autoDraw = True
20.8363 	EXP 	prac_centerImg: autoDraw = False
20.8363 	EXP 	prac_rightImg1: autoDraw = False
20.8363 	EXP 	prac_rightImg2: autoDraw = False
20.8363 	EXP 	prac_leftImg1: autoDraw = False
20.8363 	EXP 	prac_leftImg2: autoDraw = False
21.3595 	DATA 	Keypress: 8
22.2800 	EXP 	New trial (rep=0, index=3): {'middleStim': 'img/rightArrow.png', 'rightStim1': 'img/leftArrow.png', 'rightStim2': 'img/leftArrow.png', 'leftStim1': 'img/leftArrow.png', 'leftStim2': 'img/leftArrow.png', 'stimNum': 7, 'congruent': 0, 'target': 'right'}
22.3230 	EXP 	prac_fixImg: autoDraw = False
22.3230 	EXP 	prac_centerImg: autoDraw = False
22.3230 	EXP 	prac_rightImg1: autoDraw = False
22.3230 	EXP 	prac_rightImg2: autoDraw = False
22.3230 	EXP 	prac_leftImg1: autoDraw = False
22.3230 	EXP 	prac_leftImg2: autoDraw = False
22.3230 	EXP 	prac_fixImg: autoDraw = False
22.3230 	EXP 	prac_centerImg: image = 'img/rightArrow.png'
22.3230 	EXP 	prac_rightImg1: image = 'img/leftArrow.png'
22.3230 	EXP 	prac_rightImg2: image = 'img/leftArrow.png'
22.3230 	EXP 	prac_leftImg1: image = 'img/leftArrow.png'
22.3230 	EXP 	prac_leftImg2: image = 'img/leftArrow.png'
22.3230 	EXP 	prac_fixImg: image = 'img/fixationCross.png'
22.3230 	EXP 	prac_centerImg: autoDraw = True
22.3230 	EXP 	prac_rightImg1: autoDraw = True
22.3230 	EXP 	prac_rightImg2: autoDraw = True
22.3230 	EXP 	prac_leftImg1: autoDraw = True
22.3230 	EXP 	prac_leftImg2: autoDraw = True
22.3230 	EXP 	prac_fixImg: autoDraw = True
22.5240 	EXP 	prac_centerImg: autoDraw = False
22.5240 	EXP 	prac_rightImg1: autoDraw = False
22.5240 	EXP 	prac_rightImg2: autoDraw = False
22.5240 	EXP 	prac_leftImg1: autoDraw = False
22.5240 	EXP 	prac_leftImg2: autoDraw = False
23.2980 	DATA 	Keypress: 1
24.0346 	EXP 	prac_fixImg: autoDraw = False
24.0346 	EXP 	prac_centerImg: autoDraw = False
24.0346 	EXP 	prac_rightImg1: autoDraw = False
24.0346 	EXP 	prac_rightImg2: autoDraw = False
24.0346 	EXP 	prac_leftImg1: autoDraw = False
24.0346 	EXP 	prac_leftImg2: autoDraw = False
24.0346 	EXP 	prac_fixImg: autoDraw = False
24.0346 	EXP 	prac_blockFeed_text: text = 'Please try the practice again'
24.0346 	EXP 	prac_blockFeed_text: autoDraw = True
24.0346 	EXP 	prac_pressContinue: autoDraw = True
24.4439 	DATA 	Keypress: escape
26.4739 	EXP 	window1: mouseVisible = True
26.4739 	DEBUG 	Saving data for flanker-basic_v2 ExperimentHandler
26.4748 	INFO 	saved data to C:\Users\NDClab\Desktop\Experiments\social-flanker-eeg\flanker-basic-v4\data/999_flanker-basic_v2_2022_Apr_12_1455.psydat
26.4760 	INFO 	saved data to 'C:\\Users\\NDClab\\Desktop\\Experiments\\social-flanker-eeg\\flanker-basic-v4\\data/999_flanker-basic_v2_2022_Apr_12_1455.csv'
