1.3178 	WARNING 	We strongly recommend you activate the PTB sound engine in PsychoPy prefs as the preferred audio engine. Its timing is vastly superior. Your prefs are currently set to use ['sounddevice', 'PTB', 'pyo', 'pygame'] (in that order).
6.6975 	INFO 	Loaded monitor calibration from ['2021_09_14 11:10']
6.7018 	WARNING 	User requested fullscreen with size [1536  864], but screen is actually [1920, 1080]. Using actual size
10.1166 	EXP 	Created window1 = Window(allowGUI=False, allowStencil=False, autoLog=True, backendConf=UNKNOWN, bitsMode=UNKNOWN, blendMode='avg', bpc=(8, 8, 8), color=array([-1, -1, -1]), colorSpace='rgb', depthBits=8, fullscr=<method-wrapper '__getattribute__' of attributeSetter object at 0x00000271747B8470>, gamma=None, gammaErrorPolicy='raise', lms=UNKNOWN, monitor=<psychopy.monitors.calibTools.Monitor object at 0x0000027174783A20>, multiSample=False, name='window1', numSamples=2, pos=[0.0, 0.0], screen=0, size=array([1920, 1080]), stencilBits=0, stereo=False, units='height', useFBO=True, useRetina=False, viewOri=0.0, viewPos=None, viewScale=None, waitBlanking=True, winType='pyglet')
10.1170 	EXP 	window1: mouseVisible = True
10.1171 	EXP 	window1: recordFrameIntervals = False
10.1572 	EXP 	window1: recordFrameIntervals = True
10.2032 	DEBUG 	Screen (0) actual frame rate measured at 240.01
10.2033 	EXP 	window1: recordFrameIntervals = False
10.4225 	INFO 	keyboard.Keyboard is using ptb backend.
10.4994 	EXP 	Created welcome_text = TextStim(__class__=<class 'psychopy.visual.text.TextStim'>, alignHoriz=method-wrapper(...), alignText='center', alignVert=method-wrapper(...), anchorHoriz='center', anchorVert='center', antialias=True, autoLog=True, bold=False, color=array([1., 1., 1.]), colorSpace='rgb', contrast=1.0, depth=0.0, flipHoriz=False, flipVert=False, font='Arial', fontFiles=[], height=0.04, italic=False, languageStyle='LTR', name='welcome_text', opacity=1, ori=0, pos=array([0., 0.]), rgb=UNKNOWN, text=str(...), units='height', win=Window(...), wrapWidth=1.3)
10.4994 	INFO 	keyboard.Keyboard is using ptb backend.
10.5067 	EXP 	Created instructRight_text = TextStim(__class__=<class 'psychopy.visual.text.TextStim'>, alignHoriz=method-wrapper(...), alignText='center', alignVert=method-wrapper(...), anchorHoriz='center', anchorVert='center', antialias=True, autoLog=True, bold=False, color=array([1., 1., 1.]), colorSpace='rgb', contrast=1.0, depth=0.0, flipHoriz=False, flipVert=False, font='Arial', fontFiles=[], height=0.04, italic=False, languageStyle='LTR', name='instructRight_text', opacity=1, ori=0, pos=array([0., 0.]), rgb=UNKNOWN, text=str(...), units='height', win=Window(...), wrapWidth=1.3)
10.5461 	EXP 	Created instructRight_centerImg = ImageStim(__class__=<class 'psychopy.visual.image.ImageStim'>, autoLog=True, color=array([1., 1., 1.]), colorSpace='rgb', contrast=1.0, depth=-1.0, flipHoriz=False, flipVert=False, image='img/rightArrow.png', interpolate=True, mask=None, maskParams=None, name='instructRight_centerImg', opacity=1, ori=0.0, pos=array([ 0. , -0.3]), size=array([0.04, 0.04]), texRes=512, units='height', win=Window(...))
10.5801 	EXP 	Created instructRight_rightImg1 = ImageStim(__class__=<class 'psychopy.visual.image.ImageStim'>, autoLog=True, color=array([1., 1., 1.]), colorSpace='rgb', contrast=1.0, depth=-2.0, flipHoriz=False, flipVert=False, image='img/rightArrow.png', interpolate=True, mask=None, maskParams=None, name='instructRight_rightImg1', opacity=1, ori=0.0, pos=array([ 0.05, -0.3 ]), size=array([0.04, 0.04]), texRes=512, units='height', win=Window(...))
10.6162 	EXP 	Created instructRight_rightImg2 = ImageStim(__class__=<class 'psychopy.visual.image.ImageStim'>, autoLog=True, color=array([1., 1., 1.]), colorSpace='rgb', contrast=1.0, depth=-3.0, flipHoriz=False, flipVert=False, image='img/rightArrow.png', interpolate=True, mask=None, maskParams=None, name='instructRight_rightImg2', opacity=1, ori=0.0, pos=array([ 0.1, -0.3]), size=array([0.04, 0.04]), texRes=512, units='height', win=Window(...))
10.6490 	EXP 	Created instructRight_leftImg1 = ImageStim(__class__=<class 'psychopy.visual.image.ImageStim'>, autoLog=True, color=array([1., 1., 1.]), colorSpace='rgb', contrast=1.0, depth=-4.0, flipHoriz=False, flipVert=False, image='img/rightArrow.png', interpolate=True, mask=None, maskParams=None, name='instructRight_leftImg1', opacity=1, ori=0.0, pos=array([-0.05, -0.3 ]), size=array([0.04, 0.04]), texRes=512, units='height', win=Window(...))
10.6855 	EXP 	Created instructRight_leftImg2 = ImageStim(__class__=<class 'psychopy.visual.image.ImageStim'>, autoLog=True, color=array([1., 1., 1.]), colorSpace='rgb', contrast=1.0, depth=-5.0, flipHoriz=False, flipVert=False, image='img/rightArrow.png', interpolate=True, mask=None, maskParams=None, name='instructRight_leftImg2', opacity=1, ori=0.0, pos=array([-0.1, -0.3]), size=array([0.04, 0.04]), texRes=512, units='height', win=Window(...))
10.6855 	INFO 	keyboard.Keyboard is using ptb backend.
10.6919 	EXP 	Created instructLeft_text = TextStim(__class__=<class 'psychopy.visual.text.TextStim'>, alignHoriz=method-wrapper(...), alignText='center', alignVert=method-wrapper(...), anchorHoriz='center', anchorVert='center', antialias=True, autoLog=True, bold=False, color=array([1., 1., 1.]), colorSpace='rgb', contrast=1.0, depth=0.0, flipHoriz=False, flipVert=False, font='Arial', fontFiles=[], height=0.04, italic=False, languageStyle='LTR', name='instructLeft_text', opacity=1, ori=0, pos=array([0., 0.]), rgb=UNKNOWN, text=str(...), units='height', win=Window(...), wrapWidth=1.3)
10.7318 	EXP 	Created instructLeft_centerImg = ImageStim(__class__=<class 'psychopy.visual.image.ImageStim'>, autoLog=True, color=array([1., 1., 1.]), colorSpace='rgb', contrast=1.0, depth=-1.0, flipHoriz=False, flipVert=False, image='img/leftArrow.png', interpolate=True, mask=None, maskParams=None, name='instructLeft_centerImg', opacity=1, ori=0.0, pos=array([ 0. , -0.3]), size=array([0.04, 0.04]), texRes=512, units='height', win=Window(...))
10.7714 	EXP 	Created instructLeft_rightImg1 = ImageStim(__class__=<class 'psychopy.visual.image.ImageStim'>, autoLog=True, color=array([1., 1., 1.]), colorSpace='rgb', contrast=1.0, depth=-2.0, flipHoriz=False, flipVert=False, image='img/leftArrow.png', interpolate=True, mask=None, maskParams=None, name='instructLeft_rightImg1', opacity=1, ori=0.0, pos=array([ 0.05, -0.3 ]), size=array([0.04, 0.04]), texRes=512, units='height', win=Window(...))
10.8103 	EXP 	Created instructLeft_rightImg2 = ImageStim(__class__=<class 'psychopy.visual.image.ImageStim'>, autoLog=True, color=array([1., 1., 1.]), colorSpace='rgb', contrast=1.0, depth=-3.0, flipHoriz=False, flipVert=False, image='img/leftArrow.png', interpolate=True, mask=None, maskParams=None, name='instructLeft_rightImg2', opacity=1, ori=0.0, pos=array([ 0.1, -0.3]), size=array([0.04, 0.04]), texRes=512, units='height', win=Window(...))
10.8496 	EXP 	Created instructLeft_leftImg1 = ImageStim(__class__=<class 'psychopy.visual.image.ImageStim'>, autoLog=True, color=array([1., 1., 1.]), colorSpace='rgb', contrast=1.0, depth=-4.0, flipHoriz=False, flipVert=False, image='img/leftArrow.png', interpolate=True, mask=None, maskParams=None, name='instructLeft_leftImg1', opacity=1, ori=0.0, pos=array([-0.05, -0.3 ]), size=array([0.04, 0.04]), texRes=512, units='height', win=Window(...))
10.8884 	EXP 	Created instructLeft_leftImg2 = ImageStim(__class__=<class 'psychopy.visual.image.ImageStim'>, autoLog=True, color=array([1., 1., 1.]), colorSpace='rgb', contrast=1.0, depth=-5.0, flipHoriz=False, flipVert=False, image='img/leftArrow.png', interpolate=True, mask=None, maskParams=None, name='instructLeft_leftImg2', opacity=1, ori=0.0, pos=array([-0.1, -0.3]), size=array([0.04, 0.04]), texRes=512, units='height', win=Window(...))
10.8884 	INFO 	keyboard.Keyboard is using ptb backend.
10.9055 	EXP 	Created instructInconRight_text = TextStim(__class__=<class 'psychopy.visual.text.TextStim'>, alignHoriz=method-wrapper(...), alignText='center', alignVert=method-wrapper(...), anchorHoriz='center', anchorVert='center', antialias=True, autoLog=True, bold=False, color=array([1., 1., 1.]), colorSpace='rgb', contrast=1.0, depth=0.0, flipHoriz=False, flipVert=False, font='Arial', fontFiles=[], height=0.04, italic=False, languageStyle='LTR', name='instructInconRight_text', opacity=1, ori=0, pos=array([0., 0.]), rgb=UNKNOWN, text=str(...), units='height', win=Window(...), wrapWidth=1.3)
10.9297 	EXP 	Created instructIncon_centerImg = ImageStim(__class__=<class 'psychopy.visual.image.ImageStim'>, autoLog=True, color=array([1., 1., 1.]), colorSpace='rgb', contrast=1.0, depth=-1.0, flipHoriz=False, flipVert=False, image='img/rightArrow.png', interpolate=True, mask=None, maskParams=None, name='instructIncon_centerImg', opacity=1, ori=0.0, pos=array([ 0. , -0.3]), size=array([0.04, 0.04]), texRes=512, units='height', win=Window(...))
10.9524 	EXP 	Created instructIncon_rightImg1 = ImageStim(__class__=<class 'psychopy.visual.image.ImageStim'>, autoLog=True, color=array([1., 1., 1.]), colorSpace='rgb', contrast=1.0, depth=-2.0, flipHoriz=False, flipVert=False, image='img/leftArrow.png', interpolate=True, mask=None, maskParams=None, name='instructIncon_rightImg1', opacity=1, ori=0.0, pos=array([ 0.05, -0.3 ]), size=array([0.04, 0.04]), texRes=512, units='height', win=Window(...))
10.9750 	EXP 	Created instructIncon_rightImg2 = ImageStim(__class__=<class 'psychopy.visual.image.ImageStim'>, autoLog=True, color=array([1., 1., 1.]), colorSpace='rgb', contrast=1.0, depth=-3.0, flipHoriz=False, flipVert=False, image='img/leftArrow.png', interpolate=True, mask=None, maskParams=None, name='instructIncon_rightImg2', opacity=1, ori=0.0, pos=array([ 0.1, -0.3]), size=array([0.04, 0.04]), texRes=512, units='height', win=Window(...))
10.9977 	EXP 	Created instructIncon_leftImg1 = ImageStim(__class__=<class 'psychopy.visual.image.ImageStim'>, autoLog=True, color=array([1., 1., 1.]), colorSpace='rgb', contrast=1.0, depth=-4.0, flipHoriz=False, flipVert=False, image='img/leftArrow.png', interpolate=True, mask=None, maskParams=None, name='instructIncon_leftImg1', opacity=1, ori=0.0, pos=array([-0.05, -0.3 ]), size=array([0.04, 0.04]), texRes=512, units='height', win=Window(...))
11.0204 	EXP 	Created instructInconRight_leftImg2 = ImageStim(__class__=<class 'psychopy.visual.image.ImageStim'>, autoLog=True, color=array([1., 1., 1.]), colorSpace='rgb', contrast=1.0, depth=-5.0, flipHoriz=False, flipVert=False, image='img/leftArrow.png', interpolate=True, mask=None, maskParams=None, name='instructInconRight_leftImg2', opacity=1, ori=0.0, pos=array([-0.1, -0.3]), size=array([0.04, 0.04]), texRes=512, units='height', win=Window(...))
11.0204 	INFO 	keyboard.Keyboard is using ptb backend.
11.0275 	EXP 	Created instructInconLeft_text = TextStim(__class__=<class 'psychopy.visual.text.TextStim'>, alignHoriz=method-wrapper(...), alignText='center', alignVert=method-wrapper(...), anchorHoriz='center', anchorVert='center', antialias=True, autoLog=True, bold=False, color=array([1., 1., 1.]), colorSpace='rgb', contrast=1.0, depth=0.0, flipHoriz=False, flipVert=False, font='Arial', fontFiles=[], height=0.04, italic=False, languageStyle='LTR', name='instructInconLeft_text', opacity=1, ori=0, pos=array([0., 0.]), rgb=UNKNOWN, text=str(...), units='height', win=Window(...), wrapWidth=1.3)
11.0537 	EXP 	Created instructInconLeft_centerImg = ImageStim(__class__=<class 'psychopy.visual.image.ImageStim'>, autoLog=True, color=array([1., 1., 1.]), colorSpace='rgb', contrast=1.0, depth=-1.0, flipHoriz=False, flipVert=False, image='img/leftArrow.png', interpolate=True, mask=None, maskParams=None, name='instructInconLeft_centerImg', opacity=1, ori=0.0, pos=array([ 0. , -0.3]), size=array([0.04, 0.04]), texRes=512, units='height', win=Window(...))
11.0766 	EXP 	Created instructInconLeft_rightImg1 = ImageStim(__class__=<class 'psychopy.visual.image.ImageStim'>, autoLog=True, color=array([1., 1., 1.]), colorSpace='rgb', contrast=1.0, depth=-2.0, flipHoriz=False, flipVert=False, image='img/rightArrow.png', interpolate=True, mask=None, maskParams=None, name='instructInconLeft_rightImg1', opacity=1, ori=0.0, pos=array([ 0.05, -0.3 ]), size=array([0.04, 0.04]), texRes=512, units='height', win=Window(...))
11.1016 	EXP 	Created instructInconLeft_rightImg2 = ImageStim(__class__=<class 'psychopy.visual.image.ImageStim'>, autoLog=True, color=array([1., 1., 1.]), colorSpace='rgb', contrast=1.0, depth=-3.0, flipHoriz=False, flipVert=False, image='img/rightArrow.png', interpolate=True, mask=None, maskParams=None, name='instructInconLeft_rightImg2', opacity=1, ori=0.0, pos=array([ 0.1, -0.3]), size=array([0.04, 0.04]), texRes=512, units='height', win=Window(...))
11.1253 	EXP 	Created instructInconLeft_leftImg1 = ImageStim(__class__=<class 'psychopy.visual.image.ImageStim'>, autoLog=True, color=array([1., 1., 1.]), colorSpace='rgb', contrast=1.0, depth=-4.0, flipHoriz=False, flipVert=False, image='img/rightArrow.png', interpolate=True, mask=None, maskParams=None, name='instructInconLeft_leftImg1', opacity=1, ori=0.0, pos=array([-0.05, -0.3 ]), size=array([0.04, 0.04]), texRes=512, units='height', win=Window(...))
11.1491 	EXP 	Created instructInconLeft_leftImg2 = ImageStim(__class__=<class 'psychopy.visual.image.ImageStim'>, autoLog=True, color=array([1., 1., 1.]), colorSpace='rgb', contrast=1.0, depth=-5.0, flipHoriz=False, flipVert=False, image='img/rightArrow.png', interpolate=True, mask=None, maskParams=None, name='instructInconLeft_leftImg2', opacity=1, ori=0.0, pos=array([-0.1, -0.3]), size=array([0.04, 0.04]), texRes=512, units='height', win=Window(...))
11.1491 	INFO 	keyboard.Keyboard is using ptb backend.
11.1594 	EXP 	Created prac_blockText = TextStim(__class__=<class 'psychopy.visual.text.TextStim'>, alignHoriz=method-wrapper(...), alignText='center', alignVert=method-wrapper(...), anchorHoriz='center', anchorVert='center', antialias=True, autoLog=True, bold=False, color=array([1., 1., 1.]), colorSpace='rgb', contrast=1.0, depth=-1.0, flipHoriz=False, flipVert=False, font='Arial', fontFiles=[], height=0.06, italic=False, languageStyle='LTR', name='prac_blockText', opacity=1, ori=0.0, pos=array([0. , 0.3]), rgb=UNKNOWN, text='Practice', units='height', win=Window(...), wrapWidth=1.3)
11.1754 	EXP 	Created prac_reminder_text = TextStim(__class__=<class 'psychopy.visual.text.TextStim'>, alignHoriz=method-wrapper(...), alignText='center', alignVert=method-wrapper(...), anchorHoriz='center', anchorVert='center', antialias=True, autoLog=True, bold=False, color=array([1., 1., 1.]), colorSpace='rgb', contrast=1.0, depth=-2.0, flipHoriz=False, flipVert=False, font='Arial', fontFiles=[], height=0.04, italic=False, languageStyle='LTR', name='prac_reminder_text', opacity=1, ori=0, pos=array([0., 0.]), rgb=UNKNOWN, text=str(...), units='height', win=Window(...), wrapWidth=1.3)
11.1754 	INFO 	keyboard.Keyboard is using ptb backend.
11.1784 	EXP 	Created initFixation_img = ImageStim(__class__=<class 'psychopy.visual.image.ImageStim'>, autoLog=True, color=array([1., 1., 1.]), colorSpace='rgb', contrast=1.0, depth=0.0, flipHoriz=False, flipVert=False, image='sin', interpolate=True, mask=None, maskParams=None, name='initFixation_img', opacity=1, ori=0.0, pos=array([ 0.  , -0.05]), size=array([0.015, 0.015]), texRes=512, units='height', win=Window(...))
11.1812 	EXP 	Created prac_centerImg = ImageStim(__class__=<class 'psychopy.visual.image.ImageStim'>, autoLog=True, color=array([1., 1., 1.]), colorSpace='rgb', contrast=1.0, depth=-1.0, flipHoriz=False, flipVert=False, image='sin', interpolate=True, mask=None, maskParams=None, name='prac_centerImg', opacity=1, ori=0.0, pos=array([0., 0.]), size=array([0.04, 0.04]), texRes=512, units='height', win=Window(...))
11.1840 	EXP 	Created prac_rightImg1 = ImageStim(__class__=<class 'psychopy.visual.image.ImageStim'>, autoLog=True, color=array([1., 1., 1.]), colorSpace='rgb', contrast=1.0, depth=-2.0, flipHoriz=False, flipVert=False, image='sin', interpolate=True, mask=None, maskParams=None, name='prac_rightImg1', opacity=1, ori=0.0, pos=array([0.05, 0.  ]), size=array([0.04, 0.04]), texRes=512, units='height', win=Window(...))
11.1867 	EXP 	Created prac_rightImg2 = ImageStim(__class__=<class 'psychopy.visual.image.ImageStim'>, autoLog=True, color=array([1., 1., 1.]), colorSpace='rgb', contrast=1.0, depth=-3.0, flipHoriz=False, flipVert=False, image='sin', interpolate=True, mask=None, maskParams=None, name='prac_rightImg2', opacity=1, ori=0.0, pos=array([0.1, 0. ]), size=array([0.04, 0.04]), texRes=512, units='height', win=Window(...))
11.1895 	EXP 	Created prac_leftImg1 = ImageStim(__class__=<class 'psychopy.visual.image.ImageStim'>, autoLog=True, color=array([1., 1., 1.]), colorSpace='rgb', contrast=1.0, depth=-4.0, flipHoriz=False, flipVert=False, image='sin', interpolate=True, mask=None, maskParams=None, name='prac_leftImg1', opacity=1, ori=0.0, pos=array([-0.05,  0.  ]), size=array([0.04, 0.04]), texRes=512, units='height', win=Window(...))
11.1923 	EXP 	Created prac_leftImg2 = ImageStim(__class__=<class 'psychopy.visual.image.ImageStim'>, autoLog=True, color=array([1., 1., 1.]), colorSpace='rgb', contrast=1.0, depth=-5.0, flipHoriz=False, flipVert=False, image='sin', interpolate=True, mask=None, maskParams=None, name='prac_leftImg2', opacity=1, ori=0.0, pos=array([-0.1,  0. ]), size=array([0.04, 0.04]), texRes=512, units='height', win=Window(...))
11.1951 	EXP 	Created prac_fixImg = ImageStim(__class__=<class 'psychopy.visual.image.ImageStim'>, autoLog=True, color=array([1., 1., 1.]), colorSpace='rgb', contrast=1.0, depth=-6.0, flipHoriz=False, flipVert=False, image='sin', interpolate=True, mask=None, maskParams=None, name='prac_fixImg', opacity=1, ori=0.0, pos=array([ 0.  , -0.05]), size=array([0.015, 0.015]), texRes=512, units='height', win=Window(...))
11.1952 	INFO 	keyboard.Keyboard is using ptb backend.
11.1962 	EXP 	Created prac_blockFeed_text = TextStim(__class__=<class 'psychopy.visual.text.TextStim'>, alignHoriz=method-wrapper(...), alignText='center', alignVert=method-wrapper(...), anchorHoriz='center', anchorVert='center', antialias=True, autoLog=True, bold=False, color=array([1., 1., 1.]), colorSpace='rgb', contrast=1.0, depth=-1.0, flipHoriz=False, flipVert=False, font='Arial', fontFiles=[], height=0.04, italic=False, languageStyle='LTR', name='prac_blockFeed_text', opacity=1, ori=0, pos=array([0., 0.]), rgb=UNKNOWN, text='', units='height', win=Window(...), wrapWidth=1.3)
11.1992 	EXP 	Created prac_pressContinue = TextStim(__class__=<class 'psychopy.visual.text.TextStim'>, alignHoriz=method-wrapper(...), alignText='center', alignVert=method-wrapper(...), anchorHoriz='center', anchorVert='center', antialias=True, autoLog=True, bold=False, color=array([1., 1., 1.]), colorSpace='rgb', contrast=1.0, depth=-2.0, flipHoriz=False, flipVert=False, font='Arial', fontFiles=[], height=0.04, italic=False, languageStyle='LTR', name='prac_pressContinue', opacity=1, ori=0.0, pos=array([ 0. , -0.3]), rgb=UNKNOWN, text='Press the right key', units='height', win=Window(...), wrapWidth=1.3)
11.1993 	INFO 	keyboard.Keyboard is using ptb backend.
11.2035 	EXP 	Created instructMainTask_text = TextStim(__class__=<class 'psychopy.visual.text.TextStim'>, alignHoriz=method-wrapper(...), alignText='center', alignVert=method-wrapper(...), anchorHoriz='center', anchorVert='center', antialias=True, autoLog=True, bold=False, color=array([1., 1., 1.]), colorSpace='rgb', contrast=1.0, depth=0.0, flipHoriz=False, flipVert=False, font='Arial', fontFiles=[], height=0.04, italic=False, languageStyle='LTR', name='instructMainTask_text', opacity=1, ori=0, pos=array([0., 0.]), rgb=UNKNOWN, text=str(...), units='height', win=Window(...), wrapWidth=1.3)
11.2035 	INFO 	keyboard.Keyboard is using ptb backend.
11.2045 	EXP 	Created task_blockText = TextStim(__class__=<class 'psychopy.visual.text.TextStim'>, alignHoriz=method-wrapper(...), alignText='center', alignVert=method-wrapper(...), anchorHoriz='center', anchorVert='center', antialias=True, autoLog=True, bold=False, color=array([1., 1., 1.]), colorSpace='rgb', contrast=1.0, depth=-1.0, flipHoriz=False, flipVert=False, font='Arial', fontFiles=[], height=0.06, italic=False, languageStyle='LTR', name='task_blockText', opacity=1, ori=0.0, pos=array([0. , 0.3]), rgb=UNKNOWN, text='', units='height', win=Window(...), wrapWidth=1.3)
11.2137 	EXP 	Created task_blockReminders_text = TextStim(__class__=<class 'psychopy.visual.text.TextStim'>, alignHoriz=method-wrapper(...), alignText='center', alignVert=method-wrapper(...), anchorHoriz='center', anchorVert='center', antialias=True, autoLog=True, bold=False, color=array([1., 1., 1.]), colorSpace='rgb', contrast=1.0, depth=-2.0, flipHoriz=False, flipVert=False, font='Arial', fontFiles=[], height=0.04, italic=False, languageStyle='LTR', name='task_blockReminders_text', opacity=1, ori=0, pos=array([0., 0.]), rgb=UNKNOWN, text=str(...), units='height', win=Window(...), wrapWidth=1.3)
11.2137 	INFO 	keyboard.Keyboard is using ptb backend.
11.2166 	EXP 	Created initFixation_img = ImageStim(__class__=<class 'psychopy.visual.image.ImageStim'>, autoLog=True, color=array([1., 1., 1.]), colorSpace='rgb', contrast=1.0, depth=0.0, flipHoriz=False, flipVert=False, image='sin', interpolate=True, mask=None, maskParams=None, name='initFixation_img', opacity=1, ori=0.0, pos=array([ 0.  , -0.05]), size=array([0.015, 0.015]), texRes=512, units='height', win=Window(...))
11.2195 	EXP 	Created task_centerImg = ImageStim(__class__=<class 'psychopy.visual.image.ImageStim'>, autoLog=True, color=array([1., 1., 1.]), colorSpace='rgb', contrast=1.0, depth=-1.0, flipHoriz=False, flipVert=False, image='sin', interpolate=True, mask=None, maskParams=None, name='task_centerImg', opacity=1, ori=0.0, pos=array([0., 0.]), size=array([0.04, 0.04]), texRes=512, units='height', win=Window(...))
11.2226 	EXP 	Created task_rightImg1 = ImageStim(__class__=<class 'psychopy.visual.image.ImageStim'>, autoLog=True, color=array([1., 1., 1.]), colorSpace='rgb', contrast=1.0, depth=-2.0, flipHoriz=False, flipVert=False, image='sin', interpolate=True, mask=None, maskParams=None, name='task_rightImg1', opacity=1, ori=0.0, pos=array([0.05, 0.  ]), size=array([0.04, 0.04]), texRes=512, units='height', win=Window(...))
11.2255 	EXP 	Created task_rightImg2 = ImageStim(__class__=<class 'psychopy.visual.image.ImageStim'>, autoLog=True, color=array([1., 1., 1.]), colorSpace='rgb', contrast=1.0, depth=-3.0, flipHoriz=False, flipVert=False, image='sin', interpolate=True, mask=None, maskParams=None, name='task_rightImg2', opacity=1, ori=0.0, pos=array([0.1, 0. ]), size=array([0.04, 0.04]), texRes=512, units='height', win=Window(...))
11.2284 	EXP 	Created task_leftImg1 = ImageStim(__class__=<class 'psychopy.visual.image.ImageStim'>, autoLog=True, color=array([1., 1., 1.]), colorSpace='rgb', contrast=1.0, depth=-4.0, flipHoriz=False, flipVert=False, image='sin', interpolate=True, mask=None, maskParams=None, name='task_leftImg1', opacity=1, ori=0.0, pos=array([-0.05,  0.  ]), size=array([0.04, 0.04]), texRes=512, units='height', win=Window(...))
11.2314 	EXP 	Created task_leftImg2 = ImageStim(__class__=<class 'psychopy.visual.image.ImageStim'>, autoLog=True, color=array([1., 1., 1.]), colorSpace='rgb', contrast=1.0, depth=-5.0, flipHoriz=False, flipVert=False, image='sin', interpolate=True, mask=None, maskParams=None, name='task_leftImg2', opacity=1, ori=0.0, pos=array([-0.1,  0. ]), size=array([0.04, 0.04]), texRes=512, units='height', win=Window(...))
11.2343 	EXP 	Created task_fixImg = ImageStim(__class__=<class 'psychopy.visual.image.ImageStim'>, autoLog=True, color=array([1., 1., 1.]), colorSpace='rgb', contrast=1.0, depth=-6.0, flipHoriz=False, flipVert=False, image='sin', interpolate=True, mask=None, maskParams=None, name='task_fixImg', opacity=1, ori=0.0, pos=array([ 0.  , -0.05]), size=array([0.015, 0.015]), texRes=512, units='height', win=Window(...))
11.2344 	INFO 	keyboard.Keyboard is using ptb backend.
11.2358 	EXP 	Created task_blockFeed_text = TextStim(__class__=<class 'psychopy.visual.text.TextStim'>, alignHoriz=method-wrapper(...), alignText='center', alignVert=method-wrapper(...), anchorHoriz='center', anchorVert='center', antialias=True, autoLog=True, bold=False, color=array([1., 1., 1.]), colorSpace='rgb', contrast=1.0, depth=-1.0, flipHoriz=False, flipVert=False, font='Arial', fontFiles=[], height=0.12, italic=False, languageStyle='LTR', name='task_blockFeed_text', opacity=1, ori=0, pos=array([0. , 0.1]), rgb=UNKNOWN, text='', units='height', win=Window(...), wrapWidth=1.8)
11.2368 	EXP 	Created task_blockFeed_text2 = TextStim(__class__=<class 'psychopy.visual.text.TextStim'>, alignHoriz=method-wrapper(...), alignText='center', alignVert=method-wrapper(...), anchorHoriz='center', anchorVert='center', antialias=True, autoLog=True, bold=False, color=array([1., 1., 1.]), colorSpace='rgb', contrast=1.0, depth=-2.0, flipHoriz=False, flipVert=False, font='Arial', fontFiles=[], height=0.04, italic=False, languageStyle='LTR', name='task_blockFeed_text2', opacity=1, ori=0, pos=array([ 0. , -0.3]), rgb=UNKNOWN, text='', units='height', win=Window(...), wrapWidth=1.3)
11.2369 	INFO 	keyboard.Keyboard is using ptb backend.
11.2458 	EXP 	Created finishMessage_text = TextStim(__class__=<class 'psychopy.visual.text.TextStim'>, alignHoriz=method-wrapper(...), alignText='center', alignVert=method-wrapper(...), anchorHoriz='center', anchorVert='center', antialias=True, autoLog=True, bold=False, color=array([1., 1., 1.]), colorSpace='rgb', contrast=1.0, depth=0.0, flipHoriz=False, flipVert=False, font='Arial', fontFiles=[], height=0.04, italic=False, languageStyle='LTR', name='finishMessage_text', opacity=1, ori=0, pos=array([0., 0.]), rgb=UNKNOWN, text='Thank you for your participation!', units='height', win=Window(...), wrapWidth=1.3)
11.2871 	EXP 	welcome_text: autoDraw = True
20.8729 	DATA 	Keypress: 8
20.8758 	EXP 	welcome_text: autoDraw = False
20.8758 	EXP 	instructRight_text: autoDraw = True
20.8758 	EXP 	instructRight_centerImg: autoDraw = True
20.8758 	EXP 	instructRight_rightImg1: autoDraw = True
20.8758 	EXP 	instructRight_rightImg2: autoDraw = True
20.8758 	EXP 	instructRight_leftImg1: autoDraw = True
20.8758 	EXP 	instructRight_leftImg2: autoDraw = True
20.9141 	DATA 	Keypress: 1
21.0375 	DATA 	Keypress: 8
21.0403 	EXP 	instructRight_text: autoDraw = False
21.0403 	EXP 	instructRight_centerImg: autoDraw = False
21.0403 	EXP 	instructRight_rightImg1: autoDraw = False
21.0403 	EXP 	instructRight_rightImg2: autoDraw = False
21.0403 	EXP 	instructRight_leftImg1: autoDraw = False
21.0403 	EXP 	instructRight_leftImg2: autoDraw = False
21.0403 	EXP 	instructLeft_text: autoDraw = True
21.0403 	EXP 	instructLeft_centerImg: autoDraw = True
21.0403 	EXP 	instructLeft_rightImg1: autoDraw = True
21.0403 	EXP 	instructLeft_rightImg2: autoDraw = True
21.0403 	EXP 	instructLeft_leftImg1: autoDraw = True
21.0403 	EXP 	instructLeft_leftImg2: autoDraw = True
21.0854 	DATA 	Keypress: 1
21.0979 	EXP 	instructLeft_text: autoDraw = False
21.0979 	EXP 	instructLeft_centerImg: autoDraw = False
21.0979 	EXP 	instructLeft_rightImg1: autoDraw = False
21.0979 	EXP 	instructLeft_rightImg2: autoDraw = False
21.0979 	EXP 	instructLeft_leftImg1: autoDraw = False
21.0979 	EXP 	instructLeft_leftImg2: autoDraw = False
21.0979 	EXP 	instructInconRight_text: autoDraw = True
21.0979 	EXP 	instructIncon_centerImg: autoDraw = True
21.0979 	EXP 	instructIncon_rightImg1: autoDraw = True
21.0979 	EXP 	instructIncon_rightImg2: autoDraw = True
21.0979 	EXP 	instructIncon_leftImg1: autoDraw = True
21.0979 	EXP 	instructInconRight_leftImg2: autoDraw = True
21.1583 	DATA 	Keypress: 8
21.1610 	EXP 	instructInconRight_text: autoDraw = False
21.1610 	EXP 	instructIncon_centerImg: autoDraw = False
21.1610 	EXP 	instructIncon_rightImg1: autoDraw = False
21.1610 	EXP 	instructIncon_rightImg2: autoDraw = False
21.1610 	EXP 	instructIncon_leftImg1: autoDraw = False
21.1610 	EXP 	instructInconRight_leftImg2: autoDraw = False
21.1610 	EXP 	instructInconLeft_text: autoDraw = True
21.1610 	EXP 	instructInconLeft_centerImg: autoDraw = True
21.1610 	EXP 	instructInconLeft_rightImg1: autoDraw = True
21.1610 	EXP 	instructInconLeft_rightImg2: autoDraw = True
21.1610 	EXP 	instructInconLeft_leftImg1: autoDraw = True
21.1610 	EXP 	instructInconLeft_leftImg2: autoDraw = True
21.2527 	DATA 	Keypress: 1
21.2586 	EXP 	Created sequence: random, trialTypes=1, nReps=99, seed=None
21.2591 	EXP 	New trial (rep=0, index=0): None
21.2652 	EXP 	instructInconLeft_text: autoDraw = False
21.2652 	EXP 	instructInconLeft_centerImg: autoDraw = False
21.2652 	EXP 	instructInconLeft_rightImg1: autoDraw = False
21.2652 	EXP 	instructInconLeft_rightImg2: autoDraw = False
21.2652 	EXP 	instructInconLeft_leftImg1: autoDraw = False
21.2652 	EXP 	instructInconLeft_leftImg2: autoDraw = False
21.2652 	EXP 	prac_blockText: autoDraw = True
21.2652 	EXP 	prac_reminder_text: autoDraw = True
21.2933 	DATA 	Keypress: 8
21.2955 	EXP 	prac_blockText: autoDraw = False
21.2955 	EXP 	prac_reminder_text: autoDraw = False
21.2955 	EXP 	initFixation_img: image = 'img/fixationCross.png'
21.2955 	EXP 	initFixation_img: autoDraw = True
21.4065 	DATA 	Keypress: 8
21.4198 	DATA 	Keypress: 1
23.2921 	DEBUG 	Read excel file with openpyxl: prac_trials.xlsx
23.2928 	EXP 	Imported prac_trials.xlsx as conditions, 4 conditions, 8 params
23.2931 	EXP 	Created sequence: random, trialTypes=4, nReps=1, seed=None
23.2933 	EXP 	New trial (rep=0, index=0): {'middleStim': 'img/rightArrow.png', 'rightStim1': 'img/rightArrow.png', 'rightStim2': 'img/rightArrow.png', 'leftStim1': 'img/rightArrow.png', 'leftStim2': 'img/rightArrow.png', 'stimNum': 5, 'congruent': 1, 'target': 'right'}
23.3435 	EXP 	initFixation_img: autoDraw = False
23.3435 	EXP 	prac_centerImg: image = 'img/rightArrow.png'
23.3435 	EXP 	prac_rightImg1: image = 'img/rightArrow.png'
23.3435 	EXP 	prac_rightImg2: image = 'img/rightArrow.png'
23.3435 	EXP 	prac_leftImg1: image = 'img/rightArrow.png'
23.3435 	EXP 	prac_leftImg2: image = 'img/rightArrow.png'
23.3435 	EXP 	prac_fixImg: image = 'img/fixationCross.png'
23.3435 	EXP 	prac_centerImg: autoDraw = True
23.3435 	EXP 	prac_rightImg1: autoDraw = True
23.3435 	EXP 	prac_rightImg2: autoDraw = True
23.3435 	EXP 	prac_leftImg1: autoDraw = True
23.3435 	EXP 	prac_leftImg2: autoDraw = True
23.3435 	EXP 	prac_fixImg: autoDraw = True
23.5448 	EXP 	prac_centerImg: autoDraw = False
23.5448 	EXP 	prac_rightImg1: autoDraw = False
23.5448 	EXP 	prac_rightImg2: autoDraw = False
23.5448 	EXP 	prac_leftImg1: autoDraw = False
23.5448 	EXP 	prac_leftImg2: autoDraw = False
23.6404 	DATA 	Keypress: 8
24.7089 	DATA 	Keypress: 1
25.0320 	EXP 	New trial (rep=0, index=1): {'middleStim': 'img/rightArrow.png', 'rightStim1': 'img/leftArrow.png', 'rightStim2': 'img/leftArrow.png', 'leftStim1': 'img/leftArrow.png', 'leftStim2': 'img/leftArrow.png', 'stimNum': 7, 'congruent': 0, 'target': 'right'}
25.0761 	EXP 	prac_fixImg: autoDraw = False
25.0761 	EXP 	prac_centerImg: autoDraw = False
25.0761 	EXP 	prac_rightImg1: autoDraw = False
25.0761 	EXP 	prac_rightImg2: autoDraw = False
25.0761 	EXP 	prac_leftImg1: autoDraw = False
25.0761 	EXP 	prac_leftImg2: autoDraw = False
25.0761 	EXP 	prac_fixImg: autoDraw = False
25.0761 	EXP 	prac_centerImg: image = 'img/rightArrow.png'
25.0761 	EXP 	prac_rightImg1: image = 'img/leftArrow.png'
25.0761 	EXP 	prac_rightImg2: image = 'img/leftArrow.png'
25.0761 	EXP 	prac_leftImg1: image = 'img/leftArrow.png'
25.0761 	EXP 	prac_leftImg2: image = 'img/leftArrow.png'
25.0761 	EXP 	prac_fixImg: image = 'img/fixationCross.png'
25.0761 	EXP 	prac_centerImg: autoDraw = True
25.0761 	EXP 	prac_rightImg1: autoDraw = True
25.0761 	EXP 	prac_rightImg2: autoDraw = True
25.0761 	EXP 	prac_leftImg1: autoDraw = True
25.0761 	EXP 	prac_leftImg2: autoDraw = True
25.0761 	EXP 	prac_fixImg: autoDraw = True
25.1505 	DATA 	Keypress: 8
25.2793 	EXP 	prac_centerImg: autoDraw = False
25.2793 	EXP 	prac_rightImg1: autoDraw = False
25.2793 	EXP 	prac_rightImg2: autoDraw = False
25.2793 	EXP 	prac_leftImg1: autoDraw = False
25.2793 	EXP 	prac_leftImg2: autoDraw = False
25.3492 	DATA 	Keypress: 1
25.5153 	DATA 	Keypress: 8
25.6166 	DATA 	Keypress: 1
25.7458 	DATA 	Keypress: 8
25.8433 	DATA 	Keypress: 1
25.9971 	DATA 	Keypress: 8
26.1014 	DATA 	Keypress: 1
26.2254 	DATA 	Keypress: 8
26.8971 	DATA 	Keypress: escape
26.9494 	EXP 	New trial (rep=0, index=2): {'middleStim': 'img/leftArrow.png', 'rightStim1': 'img/leftArrow.png', 'rightStim2': 'img/leftArrow.png', 'leftStim1': 'img/leftArrow.png', 'leftStim2': 'img/leftArrow.png', 'stimNum': 6, 'congruent': 1, 'target': 'left'}
28.8459 	EXP 	window1: mouseVisible = True
28.8460 	DEBUG 	Saving data for flanker-basic_v2 ExperimentHandler
28.8472 	INFO 	saved data to C:\Users\NDClab\Desktop\Experiments\social-flanker-eeg\flanker-basic-v4\data/999_flanker-basic_v2_2022_Apr_12_1457.psydat
28.8479 	INFO 	saved data to 'C:\\Users\\NDClab\\Desktop\\Experiments\\social-flanker-eeg\\flanker-basic-v4\\data/999_flanker-basic_v2_2022_Apr_12_1457.csv'
