1.3355 	WARNING 	We strongly recommend you activate the PTB sound engine in PsychoPy prefs as the preferred audio engine. Its timing is vastly superior. Your prefs are currently set to use ['sounddevice', 'PTB', 'pyo', 'pygame'] (in that order).
6.4049 	INFO 	Loaded monitor calibration from ['2021_09_14 11:10']
6.4090 	WARNING 	User requested fullscreen with size [1536  864], but screen is actually [1920, 1080]. Using actual size
15.0009 	EXP 	Created window1 = Window(allowGUI=False, allowStencil=False, autoLog=True, backendConf=UNKNOWN, bitsMode=UNKNOWN, blendMode='avg', bpc=(8, 8, 8), color=array([-1, -1, -1]), colorSpace='rgb', depthBits=8, fullscr=<method-wrapper '__getattribute__' of attributeSetter object at 0x000002BF14EE84E0>, gamma=None, gammaErrorPolicy='raise', lms=UNKNOWN, monitor=<psychopy.monitors.calibTools.Monitor object at 0x000002BF14EB5BA8>, multiSample=False, name='window1', numSamples=2, pos=[0.0, 0.0], screen=0, size=array([1920, 1080]), stencilBits=0, stereo=False, units='height', useFBO=True, useRetina=False, viewOri=0.0, viewPos=None, viewScale=None, waitBlanking=True, winType='pyglet')
15.0014 	EXP 	window1: mouseVisible = True
15.0015 	EXP 	window1: recordFrameIntervals = False
15.0407 	EXP 	window1: recordFrameIntervals = True
15.0870 	DEBUG 	Screen (0) actual frame rate measured at 237.67
15.0870 	EXP 	window1: recordFrameIntervals = False
15.2896 	INFO 	keyboard.Keyboard is using ptb backend.
15.3666 	EXP 	Created welcome_text = TextStim(__class__=<class 'psychopy.visual.text.TextStim'>, alignHoriz=method-wrapper(...), alignText='center', alignVert=method-wrapper(...), anchorHoriz='center', anchorVert='center', antialias=True, autoLog=True, bold=False, color=array([1., 1., 1.]), colorSpace='rgb', contrast=1.0, depth=0.0, flipHoriz=False, flipVert=False, font='Arial', fontFiles=[], height=0.04, italic=False, languageStyle='LTR', name='welcome_text', opacity=1, ori=0, pos=array([0., 0.]), rgb=UNKNOWN, text=str(...), units='height', win=Window(...), wrapWidth=1.3)
15.3666 	INFO 	keyboard.Keyboard is using ptb backend.
15.3738 	EXP 	Created instructRight_text = TextStim(__class__=<class 'psychopy.visual.text.TextStim'>, alignHoriz=method-wrapper(...), alignText='center', alignVert=method-wrapper(...), anchorHoriz='center', anchorVert='center', antialias=True, autoLog=True, bold=False, color=array([1., 1., 1.]), colorSpace='rgb', contrast=1.0, depth=0.0, flipHoriz=False, flipVert=False, font='Arial', fontFiles=[], height=0.04, italic=False, languageStyle='LTR', name='instructRight_text', opacity=1, ori=0, pos=array([0., 0.]), rgb=UNKNOWN, text=str(...), units='height', win=Window(...), wrapWidth=1.3)
15.4113 	EXP 	Created instructRight_centerImg = ImageStim(__class__=<class 'psychopy.visual.image.ImageStim'>, autoLog=True, color=array([1., 1., 1.]), colorSpace='rgb', contrast=1.0, depth=-1.0, flipHoriz=False, flipVert=False, image='img/rightArrow.png', interpolate=True, mask=None, maskParams=None, name='instructRight_centerImg', opacity=1, ori=0.0, pos=array([ 0. , -0.3]), size=array([0.04, 0.04]), texRes=512, units='height', win=Window(...))
15.4405 	EXP 	Created instructRight_rightImg1 = ImageStim(__class__=<class 'psychopy.visual.image.ImageStim'>, autoLog=True, color=array([1., 1., 1.]), colorSpace='rgb', contrast=1.0, depth=-2.0, flipHoriz=False, flipVert=False, image='img/rightArrow.png', interpolate=True, mask=None, maskParams=None, name='instructRight_rightImg1', opacity=1, ori=0.0, pos=array([ 0.05, -0.3 ]), size=array([0.04, 0.04]), texRes=512, units='height', win=Window(...))
15.4776 	EXP 	Created instructRight_rightImg2 = ImageStim(__class__=<class 'psychopy.visual.image.ImageStim'>, autoLog=True, color=array([1., 1., 1.]), colorSpace='rgb', contrast=1.0, depth=-3.0, flipHoriz=False, flipVert=False, image='img/rightArrow.png', interpolate=True, mask=None, maskParams=None, name='instructRight_rightImg2', opacity=1, ori=0.0, pos=array([ 0.1, -0.3]), size=array([0.04, 0.04]), texRes=512, units='height', win=Window(...))
15.5150 	EXP 	Created instructRight_leftImg1 = ImageStim(__class__=<class 'psychopy.visual.image.ImageStim'>, autoLog=True, color=array([1., 1., 1.]), colorSpace='rgb', contrast=1.0, depth=-4.0, flipHoriz=False, flipVert=False, image='img/rightArrow.png', interpolate=True, mask=None, maskParams=None, name='instructRight_leftImg1', opacity=1, ori=0.0, pos=array([-0.05, -0.3 ]), size=array([0.04, 0.04]), texRes=512, units='height', win=Window(...))
15.5536 	EXP 	Created instructRight_leftImg2 = ImageStim(__class__=<class 'psychopy.visual.image.ImageStim'>, autoLog=True, color=array([1., 1., 1.]), colorSpace='rgb', contrast=1.0, depth=-5.0, flipHoriz=False, flipVert=False, image='img/rightArrow.png', interpolate=True, mask=None, maskParams=None, name='instructRight_leftImg2', opacity=1, ori=0.0, pos=array([-0.1, -0.3]), size=array([0.04, 0.04]), texRes=512, units='height', win=Window(...))
15.5536 	INFO 	keyboard.Keyboard is using ptb backend.
15.5600 	EXP 	Created instructLeft_text = TextStim(__class__=<class 'psychopy.visual.text.TextStim'>, alignHoriz=method-wrapper(...), alignText='center', alignVert=method-wrapper(...), anchorHoriz='center', anchorVert='center', antialias=True, autoLog=True, bold=False, color=array([1., 1., 1.]), colorSpace='rgb', contrast=1.0, depth=0.0, flipHoriz=False, flipVert=False, font='Arial', fontFiles=[], height=0.04, italic=False, languageStyle='LTR', name='instructLeft_text', opacity=1, ori=0, pos=array([0., 0.]), rgb=UNKNOWN, text=str(...), units='height', win=Window(...), wrapWidth=1.3)
15.5988 	EXP 	Created instructLeft_centerImg = ImageStim(__class__=<class 'psychopy.visual.image.ImageStim'>, autoLog=True, color=array([1., 1., 1.]), colorSpace='rgb', contrast=1.0, depth=-1.0, flipHoriz=False, flipVert=False, image='img/leftArrow.png', interpolate=True, mask=None, maskParams=None, name='instructLeft_centerImg', opacity=1, ori=0.0, pos=array([ 0. , -0.3]), size=array([0.04, 0.04]), texRes=512, units='height', win=Window(...))
15.6384 	EXP 	Created instructLeft_rightImg1 = ImageStim(__class__=<class 'psychopy.visual.image.ImageStim'>, autoLog=True, color=array([1., 1., 1.]), colorSpace='rgb', contrast=1.0, depth=-2.0, flipHoriz=False, flipVert=False, image='img/leftArrow.png', interpolate=True, mask=None, maskParams=None, name='instructLeft_rightImg1', opacity=1, ori=0.0, pos=array([ 0.05, -0.3 ]), size=array([0.04, 0.04]), texRes=512, units='height', win=Window(...))
15.6773 	EXP 	Created instructLeft_rightImg2 = ImageStim(__class__=<class 'psychopy.visual.image.ImageStim'>, autoLog=True, color=array([1., 1., 1.]), colorSpace='rgb', contrast=1.0, depth=-3.0, flipHoriz=False, flipVert=False, image='img/leftArrow.png', interpolate=True, mask=None, maskParams=None, name='instructLeft_rightImg2', opacity=1, ori=0.0, pos=array([ 0.1, -0.3]), size=array([0.04, 0.04]), texRes=512, units='height', win=Window(...))
15.7147 	EXP 	Created instructLeft_leftImg1 = ImageStim(__class__=<class 'psychopy.visual.image.ImageStim'>, autoLog=True, color=array([1., 1., 1.]), colorSpace='rgb', contrast=1.0, depth=-4.0, flipHoriz=False, flipVert=False, image='img/leftArrow.png', interpolate=True, mask=None, maskParams=None, name='instructLeft_leftImg1', opacity=1, ori=0.0, pos=array([-0.05, -0.3 ]), size=array([0.04, 0.04]), texRes=512, units='height', win=Window(...))
15.7524 	EXP 	Created instructLeft_leftImg2 = ImageStim(__class__=<class 'psychopy.visual.image.ImageStim'>, autoLog=True, color=array([1., 1., 1.]), colorSpace='rgb', contrast=1.0, depth=-5.0, flipHoriz=False, flipVert=False, image='img/leftArrow.png', interpolate=True, mask=None, maskParams=None, name='instructLeft_leftImg2', opacity=1, ori=0.0, pos=array([-0.1, -0.3]), size=array([0.04, 0.04]), texRes=512, units='height', win=Window(...))
15.7524 	INFO 	keyboard.Keyboard is using ptb backend.
15.7693 	EXP 	Created instructInconRight_text = TextStim(__class__=<class 'psychopy.visual.text.TextStim'>, alignHoriz=method-wrapper(...), alignText='center', alignVert=method-wrapper(...), anchorHoriz='center', anchorVert='center', antialias=True, autoLog=True, bold=False, color=array([1., 1., 1.]), colorSpace='rgb', contrast=1.0, depth=0.0, flipHoriz=False, flipVert=False, font='Arial', fontFiles=[], height=0.04, italic=False, languageStyle='LTR', name='instructInconRight_text', opacity=1, ori=0, pos=array([0., 0.]), rgb=UNKNOWN, text=str(...), units='height', win=Window(...), wrapWidth=1.3)
15.7933 	EXP 	Created instructIncon_centerImg = ImageStim(__class__=<class 'psychopy.visual.image.ImageStim'>, autoLog=True, color=array([1., 1., 1.]), colorSpace='rgb', contrast=1.0, depth=-1.0, flipHoriz=False, flipVert=False, image='img/rightArrow.png', interpolate=True, mask=None, maskParams=None, name='instructIncon_centerImg', opacity=1, ori=0.0, pos=array([ 0. , -0.3]), size=array([0.04, 0.04]), texRes=512, units='height', win=Window(...))
15.8177 	EXP 	Created instructIncon_rightImg1 = ImageStim(__class__=<class 'psychopy.visual.image.ImageStim'>, autoLog=True, color=array([1., 1., 1.]), colorSpace='rgb', contrast=1.0, depth=-2.0, flipHoriz=False, flipVert=False, image='img/leftArrow.png', interpolate=True, mask=None, maskParams=None, name='instructIncon_rightImg1', opacity=1, ori=0.0, pos=array([ 0.05, -0.3 ]), size=array([0.04, 0.04]), texRes=512, units='height', win=Window(...))
15.8400 	EXP 	Created instructIncon_rightImg2 = ImageStim(__class__=<class 'psychopy.visual.image.ImageStim'>, autoLog=True, color=array([1., 1., 1.]), colorSpace='rgb', contrast=1.0, depth=-3.0, flipHoriz=False, flipVert=False, image='img/leftArrow.png', interpolate=True, mask=None, maskParams=None, name='instructIncon_rightImg2', opacity=1, ori=0.0, pos=array([ 0.1, -0.3]), size=array([0.04, 0.04]), texRes=512, units='height', win=Window(...))
15.8628 	EXP 	Created instructIncon_leftImg1 = ImageStim(__class__=<class 'psychopy.visual.image.ImageStim'>, autoLog=True, color=array([1., 1., 1.]), colorSpace='rgb', contrast=1.0, depth=-4.0, flipHoriz=False, flipVert=False, image='img/leftArrow.png', interpolate=True, mask=None, maskParams=None, name='instructIncon_leftImg1', opacity=1, ori=0.0, pos=array([-0.05, -0.3 ]), size=array([0.04, 0.04]), texRes=512, units='height', win=Window(...))
15.8854 	EXP 	Created instructInconRight_leftImg2 = ImageStim(__class__=<class 'psychopy.visual.image.ImageStim'>, autoLog=True, color=array([1., 1., 1.]), colorSpace='rgb', contrast=1.0, depth=-5.0, flipHoriz=False, flipVert=False, image='img/leftArrow.png', interpolate=True, mask=None, maskParams=None, name='instructInconRight_leftImg2', opacity=1, ori=0.0, pos=array([-0.1, -0.3]), size=array([0.04, 0.04]), texRes=512, units='height', win=Window(...))
15.8854 	INFO 	keyboard.Keyboard is using ptb backend.
15.8926 	EXP 	Created instructInconLeft_text = TextStim(__class__=<class 'psychopy.visual.text.TextStim'>, alignHoriz=method-wrapper(...), alignText='center', alignVert=method-wrapper(...), anchorHoriz='center', anchorVert='center', antialias=True, autoLog=True, bold=False, color=array([1., 1., 1.]), colorSpace='rgb', contrast=1.0, depth=0.0, flipHoriz=False, flipVert=False, font='Arial', fontFiles=[], height=0.04, italic=False, languageStyle='LTR', name='instructInconLeft_text', opacity=1, ori=0, pos=array([0., 0.]), rgb=UNKNOWN, text=str(...), units='height', win=Window(...), wrapWidth=1.3)
15.9157 	EXP 	Created instructInconLeft_centerImg = ImageStim(__class__=<class 'psychopy.visual.image.ImageStim'>, autoLog=True, color=array([1., 1., 1.]), colorSpace='rgb', contrast=1.0, depth=-1.0, flipHoriz=False, flipVert=False, image='img/leftArrow.png', interpolate=True, mask=None, maskParams=None, name='instructInconLeft_centerImg', opacity=1, ori=0.0, pos=array([ 0. , -0.3]), size=array([0.04, 0.04]), texRes=512, units='height', win=Window(...))
15.9386 	EXP 	Created instructInconLeft_rightImg1 = ImageStim(__class__=<class 'psychopy.visual.image.ImageStim'>, autoLog=True, color=array([1., 1., 1.]), colorSpace='rgb', contrast=1.0, depth=-2.0, flipHoriz=False, flipVert=False, image='img/rightArrow.png', interpolate=True, mask=None, maskParams=None, name='instructInconLeft_rightImg1', opacity=1, ori=0.0, pos=array([ 0.05, -0.3 ]), size=array([0.04, 0.04]), texRes=512, units='height', win=Window(...))
15.9620 	EXP 	Created instructInconLeft_rightImg2 = ImageStim(__class__=<class 'psychopy.visual.image.ImageStim'>, autoLog=True, color=array([1., 1., 1.]), colorSpace='rgb', contrast=1.0, depth=-3.0, flipHoriz=False, flipVert=False, image='img/rightArrow.png', interpolate=True, mask=None, maskParams=None, name='instructInconLeft_rightImg2', opacity=1, ori=0.0, pos=array([ 0.1, -0.3]), size=array([0.04, 0.04]), texRes=512, units='height', win=Window(...))
15.9880 	EXP 	Created instructInconLeft_leftImg1 = ImageStim(__class__=<class 'psychopy.visual.image.ImageStim'>, autoLog=True, color=array([1., 1., 1.]), colorSpace='rgb', contrast=1.0, depth=-4.0, flipHoriz=False, flipVert=False, image='img/rightArrow.png', interpolate=True, mask=None, maskParams=None, name='instructInconLeft_leftImg1', opacity=1, ori=0.0, pos=array([-0.05, -0.3 ]), size=array([0.04, 0.04]), texRes=512, units='height', win=Window(...))
16.0118 	EXP 	Created instructInconLeft_leftImg2 = ImageStim(__class__=<class 'psychopy.visual.image.ImageStim'>, autoLog=True, color=array([1., 1., 1.]), colorSpace='rgb', contrast=1.0, depth=-5.0, flipHoriz=False, flipVert=False, image='img/rightArrow.png', interpolate=True, mask=None, maskParams=None, name='instructInconLeft_leftImg2', opacity=1, ori=0.0, pos=array([-0.1, -0.3]), size=array([0.04, 0.04]), texRes=512, units='height', win=Window(...))
16.0118 	INFO 	keyboard.Keyboard is using ptb backend.
16.0225 	EXP 	Created prac_blockText = TextStim(__class__=<class 'psychopy.visual.text.TextStim'>, alignHoriz=method-wrapper(...), alignText='center', alignVert=method-wrapper(...), anchorHoriz='center', anchorVert='center', antialias=True, autoLog=True, bold=False, color=array([1., 1., 1.]), colorSpace='rgb', contrast=1.0, depth=-1.0, flipHoriz=False, flipVert=False, font='Arial', fontFiles=[], height=0.06, italic=False, languageStyle='LTR', name='prac_blockText', opacity=1, ori=0.0, pos=array([0. , 0.3]), rgb=UNKNOWN, text='Practice', units='height', win=Window(...), wrapWidth=1.3)
16.0379 	EXP 	Created prac_reminder_text = TextStim(__class__=<class 'psychopy.visual.text.TextStim'>, alignHoriz=method-wrapper(...), alignText='center', alignVert=method-wrapper(...), anchorHoriz='center', anchorVert='center', antialias=True, autoLog=True, bold=False, color=array([1., 1., 1.]), colorSpace='rgb', contrast=1.0, depth=-2.0, flipHoriz=False, flipVert=False, font='Arial', fontFiles=[], height=0.04, italic=False, languageStyle='LTR', name='prac_reminder_text', opacity=1, ori=0, pos=array([0., 0.]), rgb=UNKNOWN, text=str(...), units='height', win=Window(...), wrapWidth=1.3)
16.0380 	INFO 	keyboard.Keyboard is using ptb backend.
16.0409 	EXP 	Created initFixation_img = ImageStim(__class__=<class 'psychopy.visual.image.ImageStim'>, autoLog=True, color=array([1., 1., 1.]), colorSpace='rgb', contrast=1.0, depth=0.0, flipHoriz=False, flipVert=False, image='sin', interpolate=True, mask=None, maskParams=None, name='initFixation_img', opacity=1, ori=0.0, pos=array([ 0.  , -0.05]), size=array([0.015, 0.015]), texRes=512, units='height', win=Window(...))
16.0436 	EXP 	Created prac_centerImg = ImageStim(__class__=<class 'psychopy.visual.image.ImageStim'>, autoLog=True, color=array([1., 1., 1.]), colorSpace='rgb', contrast=1.0, depth=-1.0, flipHoriz=False, flipVert=False, image='sin', interpolate=True, mask=None, maskParams=None, name='prac_centerImg', opacity=1, ori=0.0, pos=array([0., 0.]), size=array([0.04, 0.04]), texRes=512, units='height', win=Window(...))
16.0464 	EXP 	Created prac_rightImg1 = ImageStim(__class__=<class 'psychopy.visual.image.ImageStim'>, autoLog=True, color=array([1., 1., 1.]), colorSpace='rgb', contrast=1.0, depth=-2.0, flipHoriz=False, flipVert=False, image='sin', interpolate=True, mask=None, maskParams=None, name='prac_rightImg1', opacity=1, ori=0.0, pos=array([0.05, 0.  ]), size=array([0.04, 0.04]), texRes=512, units='height', win=Window(...))
16.0492 	EXP 	Created prac_rightImg2 = ImageStim(__class__=<class 'psychopy.visual.image.ImageStim'>, autoLog=True, color=array([1., 1., 1.]), colorSpace='rgb', contrast=1.0, depth=-3.0, flipHoriz=False, flipVert=False, image='sin', interpolate=True, mask=None, maskParams=None, name='prac_rightImg2', opacity=1, ori=0.0, pos=array([0.1, 0. ]), size=array([0.04, 0.04]), texRes=512, units='height', win=Window(...))
16.0520 	EXP 	Created prac_leftImg1 = ImageStim(__class__=<class 'psychopy.visual.image.ImageStim'>, autoLog=True, color=array([1., 1., 1.]), colorSpace='rgb', contrast=1.0, depth=-4.0, flipHoriz=False, flipVert=False, image='sin', interpolate=True, mask=None, maskParams=None, name='prac_leftImg1', opacity=1, ori=0.0, pos=array([-0.05,  0.  ]), size=array([0.04, 0.04]), texRes=512, units='height', win=Window(...))
16.0547 	EXP 	Created prac_leftImg2 = ImageStim(__class__=<class 'psychopy.visual.image.ImageStim'>, autoLog=True, color=array([1., 1., 1.]), colorSpace='rgb', contrast=1.0, depth=-5.0, flipHoriz=False, flipVert=False, image='sin', interpolate=True, mask=None, maskParams=None, name='prac_leftImg2', opacity=1, ori=0.0, pos=array([-0.1,  0. ]), size=array([0.04, 0.04]), texRes=512, units='height', win=Window(...))
16.0575 	EXP 	Created prac_fixImg = ImageStim(__class__=<class 'psychopy.visual.image.ImageStim'>, autoLog=True, color=array([1., 1., 1.]), colorSpace='rgb', contrast=1.0, depth=-6.0, flipHoriz=False, flipVert=False, image='sin', interpolate=True, mask=None, maskParams=None, name='prac_fixImg', opacity=1, ori=0.0, pos=array([ 0.  , -0.05]), size=array([0.015, 0.015]), texRes=512, units='height', win=Window(...))
16.0576 	INFO 	keyboard.Keyboard is using ptb backend.
16.0586 	EXP 	Created prac_blockFeed_text = TextStim(__class__=<class 'psychopy.visual.text.TextStim'>, alignHoriz=method-wrapper(...), alignText='center', alignVert=method-wrapper(...), anchorHoriz='center', anchorVert='center', antialias=True, autoLog=True, bold=False, color=array([1., 1., 1.]), colorSpace='rgb', contrast=1.0, depth=-1.0, flipHoriz=False, flipVert=False, font='Arial', fontFiles=[], height=0.04, italic=False, languageStyle='LTR', name='prac_blockFeed_text', opacity=1, ori=0, pos=array([0., 0.]), rgb=UNKNOWN, text='', units='height', win=Window(...), wrapWidth=1.3)
16.0617 	EXP 	Created prac_pressContinue = TextStim(__class__=<class 'psychopy.visual.text.TextStim'>, alignHoriz=method-wrapper(...), alignText='center', alignVert=method-wrapper(...), anchorHoriz='center', anchorVert='center', antialias=True, autoLog=True, bold=False, color=array([1., 1., 1.]), colorSpace='rgb', contrast=1.0, depth=-2.0, flipHoriz=False, flipVert=False, font='Arial', fontFiles=[], height=0.04, italic=False, languageStyle='LTR', name='prac_pressContinue', opacity=1, ori=0.0, pos=array([ 0. , -0.3]), rgb=UNKNOWN, text='Press the right key', units='height', win=Window(...), wrapWidth=1.3)
16.0617 	INFO 	keyboard.Keyboard is using ptb backend.
16.0659 	EXP 	Created instructMainTask_text = TextStim(__class__=<class 'psychopy.visual.text.TextStim'>, alignHoriz=method-wrapper(...), alignText='center', alignVert=method-wrapper(...), anchorHoriz='center', anchorVert='center', antialias=True, autoLog=True, bold=False, color=array([1., 1., 1.]), colorSpace='rgb', contrast=1.0, depth=0.0, flipHoriz=False, flipVert=False, font='Arial', fontFiles=[], height=0.04, italic=False, languageStyle='LTR', name='instructMainTask_text', opacity=1, ori=0, pos=array([0., 0.]), rgb=UNKNOWN, text=str(...), units='height', win=Window(...), wrapWidth=1.3)
16.0659 	INFO 	keyboard.Keyboard is using ptb backend.
16.0669 	EXP 	Created task_blockText = TextStim(__class__=<class 'psychopy.visual.text.TextStim'>, alignHoriz=method-wrapper(...), alignText='center', alignVert=method-wrapper(...), anchorHoriz='center', anchorVert='center', antialias=True, autoLog=True, bold=False, color=array([1., 1., 1.]), colorSpace='rgb', contrast=1.0, depth=-1.0, flipHoriz=False, flipVert=False, font='Arial', fontFiles=[], height=0.06, italic=False, languageStyle='LTR', name='task_blockText', opacity=1, ori=0.0, pos=array([0. , 0.3]), rgb=UNKNOWN, text='', units='height', win=Window(...), wrapWidth=1.3)
16.0760 	EXP 	Created task_blockReminders_text = TextStim(__class__=<class 'psychopy.visual.text.TextStim'>, alignHoriz=method-wrapper(...), alignText='center', alignVert=method-wrapper(...), anchorHoriz='center', anchorVert='center', antialias=True, autoLog=True, bold=False, color=array([1., 1., 1.]), colorSpace='rgb', contrast=1.0, depth=-2.0, flipHoriz=False, flipVert=False, font='Arial', fontFiles=[], height=0.04, italic=False, languageStyle='LTR', name='task_blockReminders_text', opacity=1, ori=0, pos=array([0., 0.]), rgb=UNKNOWN, text=str(...), units='height', win=Window(...), wrapWidth=1.3)
16.0760 	INFO 	keyboard.Keyboard is using ptb backend.
16.0789 	EXP 	Created initFixation_img = ImageStim(__class__=<class 'psychopy.visual.image.ImageStim'>, autoLog=True, color=array([1., 1., 1.]), colorSpace='rgb', contrast=1.0, depth=0.0, flipHoriz=False, flipVert=False, image='sin', interpolate=True, mask=None, maskParams=None, name='initFixation_img', opacity=1, ori=0.0, pos=array([ 0.  , -0.05]), size=array([0.015, 0.015]), texRes=512, units='height', win=Window(...))
16.0819 	EXP 	Created task_centerImg = ImageStim(__class__=<class 'psychopy.visual.image.ImageStim'>, autoLog=True, color=array([1., 1., 1.]), colorSpace='rgb', contrast=1.0, depth=-1.0, flipHoriz=False, flipVert=False, image='sin', interpolate=True, mask=None, maskParams=None, name='task_centerImg', opacity=1, ori=0.0, pos=array([0., 0.]), size=array([0.04, 0.04]), texRes=512, units='height', win=Window(...))
16.0848 	EXP 	Created task_rightImg1 = ImageStim(__class__=<class 'psychopy.visual.image.ImageStim'>, autoLog=True, color=array([1., 1., 1.]), colorSpace='rgb', contrast=1.0, depth=-2.0, flipHoriz=False, flipVert=False, image='sin', interpolate=True, mask=None, maskParams=None, name='task_rightImg1', opacity=1, ori=0.0, pos=array([0.05, 0.  ]), size=array([0.04, 0.04]), texRes=512, units='height', win=Window(...))
16.0877 	EXP 	Created task_rightImg2 = ImageStim(__class__=<class 'psychopy.visual.image.ImageStim'>, autoLog=True, color=array([1., 1., 1.]), colorSpace='rgb', contrast=1.0, depth=-3.0, flipHoriz=False, flipVert=False, image='sin', interpolate=True, mask=None, maskParams=None, name='task_rightImg2', opacity=1, ori=0.0, pos=array([0.1, 0. ]), size=array([0.04, 0.04]), texRes=512, units='height', win=Window(...))
16.0907 	EXP 	Created task_leftImg1 = ImageStim(__class__=<class 'psychopy.visual.image.ImageStim'>, autoLog=True, color=array([1., 1., 1.]), colorSpace='rgb', contrast=1.0, depth=-4.0, flipHoriz=False, flipVert=False, image='sin', interpolate=True, mask=None, maskParams=None, name='task_leftImg1', opacity=1, ori=0.0, pos=array([-0.05,  0.  ]), size=array([0.04, 0.04]), texRes=512, units='height', win=Window(...))
16.0936 	EXP 	Created task_leftImg2 = ImageStim(__class__=<class 'psychopy.visual.image.ImageStim'>, autoLog=True, color=array([1., 1., 1.]), colorSpace='rgb', contrast=1.0, depth=-5.0, flipHoriz=False, flipVert=False, image='sin', interpolate=True, mask=None, maskParams=None, name='task_leftImg2', opacity=1, ori=0.0, pos=array([-0.1,  0. ]), size=array([0.04, 0.04]), texRes=512, units='height', win=Window(...))
16.0967 	EXP 	Created task_fixImg = ImageStim(__class__=<class 'psychopy.visual.image.ImageStim'>, autoLog=True, color=array([1., 1., 1.]), colorSpace='rgb', contrast=1.0, depth=-6.0, flipHoriz=False, flipVert=False, image='sin', interpolate=True, mask=None, maskParams=None, name='task_fixImg', opacity=1, ori=0.0, pos=array([ 0.  , -0.05]), size=array([0.015, 0.015]), texRes=512, units='height', win=Window(...))
16.0967 	INFO 	keyboard.Keyboard is using ptb backend.
16.0981 	EXP 	Created task_blockFeed_text = TextStim(__class__=<class 'psychopy.visual.text.TextStim'>, alignHoriz=method-wrapper(...), alignText='center', alignVert=method-wrapper(...), anchorHoriz='center', anchorVert='center', antialias=True, autoLog=True, bold=False, color=array([1., 1., 1.]), colorSpace='rgb', contrast=1.0, depth=-1.0, flipHoriz=False, flipVert=False, font='Arial', fontFiles=[], height=0.12, italic=False, languageStyle='LTR', name='task_blockFeed_text', opacity=1, ori=0, pos=array([0. , 0.1]), rgb=UNKNOWN, text='', units='height', win=Window(...), wrapWidth=1.8)
16.0992 	EXP 	Created task_blockFeed_text2 = TextStim(__class__=<class 'psychopy.visual.text.TextStim'>, alignHoriz=method-wrapper(...), alignText='center', alignVert=method-wrapper(...), anchorHoriz='center', anchorVert='center', antialias=True, autoLog=True, bold=False, color=array([1., 1., 1.]), colorSpace='rgb', contrast=1.0, depth=-2.0, flipHoriz=False, flipVert=False, font='Arial', fontFiles=[], height=0.04, italic=False, languageStyle='LTR', name='task_blockFeed_text2', opacity=1, ori=0, pos=array([ 0. , -0.3]), rgb=UNKNOWN, text='', units='height', win=Window(...), wrapWidth=1.3)
16.0992 	INFO 	keyboard.Keyboard is using ptb backend.
16.1083 	EXP 	Created finishMessage_text = TextStim(__class__=<class 'psychopy.visual.text.TextStim'>, alignHoriz=method-wrapper(...), alignText='center', alignVert=method-wrapper(...), anchorHoriz='center', anchorVert='center', antialias=True, autoLog=True, bold=False, color=array([1., 1., 1.]), colorSpace='rgb', contrast=1.0, depth=0.0, flipHoriz=False, flipVert=False, font='Arial', fontFiles=[], height=0.04, italic=False, languageStyle='LTR', name='finishMessage_text', opacity=1, ori=0, pos=array([0., 0.]), rgb=UNKNOWN, text='Thank you for your participation!', units='height', win=Window(...), wrapWidth=1.3)
16.1469 	EXP 	welcome_text: autoDraw = True
19.7180 	DATA 	Keypress: 8
19.7510 	EXP 	welcome_text: autoDraw = False
19.7510 	EXP 	instructRight_text: autoDraw = True
19.7510 	EXP 	instructRight_centerImg: autoDraw = True
19.7510 	EXP 	instructRight_rightImg1: autoDraw = True
19.7510 	EXP 	instructRight_rightImg2: autoDraw = True
19.7510 	EXP 	instructRight_leftImg1: autoDraw = True
19.7510 	EXP 	instructRight_leftImg2: autoDraw = True
19.8861 	DATA 	Keypress: 2
19.9660 	DATA 	Keypress: 8
19.9798 	EXP 	instructRight_text: autoDraw = False
19.9798 	EXP 	instructRight_centerImg: autoDraw = False
19.9798 	EXP 	instructRight_rightImg1: autoDraw = False
19.9798 	EXP 	instructRight_rightImg2: autoDraw = False
19.9798 	EXP 	instructRight_leftImg1: autoDraw = False
19.9798 	EXP 	instructRight_leftImg2: autoDraw = False
19.9798 	EXP 	instructLeft_text: autoDraw = True
19.9798 	EXP 	instructLeft_centerImg: autoDraw = True
19.9798 	EXP 	instructLeft_rightImg1: autoDraw = True
19.9798 	EXP 	instructLeft_rightImg2: autoDraw = True
19.9798 	EXP 	instructLeft_leftImg1: autoDraw = True
19.9798 	EXP 	instructLeft_leftImg2: autoDraw = True
20.0596 	DATA 	Keypress: 2
20.1464 	DATA 	Keypress: 8
20.3097 	DATA 	Keypress: 8
20.6960 	DATA 	Keypress: 1
20.6988 	EXP 	instructLeft_text: autoDraw = False
20.6988 	EXP 	instructLeft_centerImg: autoDraw = False
20.6988 	EXP 	instructLeft_rightImg1: autoDraw = False
20.6988 	EXP 	instructLeft_rightImg2: autoDraw = False
20.6988 	EXP 	instructLeft_leftImg1: autoDraw = False
20.6988 	EXP 	instructLeft_leftImg2: autoDraw = False
20.6988 	EXP 	instructInconRight_text: autoDraw = True
20.6988 	EXP 	instructIncon_centerImg: autoDraw = True
20.6988 	EXP 	instructIncon_rightImg1: autoDraw = True
20.6988 	EXP 	instructIncon_rightImg2: autoDraw = True
20.6988 	EXP 	instructIncon_leftImg1: autoDraw = True
20.6988 	EXP 	instructInconRight_leftImg2: autoDraw = True
20.8741 	DATA 	Keypress: 1
20.9141 	DATA 	Keypress: 8
20.9280 	EXP 	instructInconRight_text: autoDraw = False
20.9280 	EXP 	instructIncon_centerImg: autoDraw = False
20.9280 	EXP 	instructIncon_rightImg1: autoDraw = False
20.9280 	EXP 	instructIncon_rightImg2: autoDraw = False
20.9280 	EXP 	instructIncon_leftImg1: autoDraw = False
20.9280 	EXP 	instructInconRight_leftImg2: autoDraw = False
20.9280 	EXP 	instructInconLeft_text: autoDraw = True
20.9280 	EXP 	instructInconLeft_centerImg: autoDraw = True
20.9280 	EXP 	instructInconLeft_rightImg1: autoDraw = True
20.9280 	EXP 	instructInconLeft_rightImg2: autoDraw = True
20.9280 	EXP 	instructInconLeft_leftImg1: autoDraw = True
20.9280 	EXP 	instructInconLeft_leftImg2: autoDraw = True
20.9719 	DATA 	Keypress: 8
21.0875 	DATA 	Keypress: 1
21.0940 	EXP 	Created sequence: random, trialTypes=1, nReps=99, seed=None
21.0944 	EXP 	New trial (rep=0, index=0): None
21.0999 	EXP 	instructInconLeft_text: autoDraw = False
21.0999 	EXP 	instructInconLeft_centerImg: autoDraw = False
21.0999 	EXP 	instructInconLeft_rightImg1: autoDraw = False
21.0999 	EXP 	instructInconLeft_rightImg2: autoDraw = False
21.0999 	EXP 	instructInconLeft_leftImg1: autoDraw = False
21.0999 	EXP 	instructInconLeft_leftImg2: autoDraw = False
21.0999 	EXP 	prac_blockText: autoDraw = True
21.0999 	EXP 	prac_reminder_text: autoDraw = True
21.1147 	DATA 	Keypress: 8
21.1166 	EXP 	prac_blockText: autoDraw = False
21.1166 	EXP 	prac_reminder_text: autoDraw = False
21.1166 	EXP 	initFixation_img: image = 'img/fixationCross.png'
21.1166 	EXP 	initFixation_img: autoDraw = True
21.2822 	DATA 	Keypress: 8
23.1133 	DEBUG 	Read excel file with openpyxl: prac_trials.xlsx
23.1140 	EXP 	Imported prac_trials.xlsx as conditions, 4 conditions, 8 params
23.1142 	EXP 	Created sequence: random, trialTypes=4, nReps=1, seed=None
23.1144 	EXP 	New trial (rep=0, index=0): {'middleStim': 'img/rightArrow.png', 'rightStim1': 'img/rightArrow.png', 'rightStim2': 'img/rightArrow.png', 'leftStim1': 'img/rightArrow.png', 'leftStim2': 'img/rightArrow.png', 'stimNum': 5, 'congruent': 1, 'target': 'right'}
23.1549 	EXP 	initFixation_img: autoDraw = False
23.1549 	EXP 	prac_centerImg: image = 'img/rightArrow.png'
23.1549 	EXP 	prac_rightImg1: image = 'img/rightArrow.png'
23.1549 	EXP 	prac_rightImg2: image = 'img/rightArrow.png'
23.1549 	EXP 	prac_leftImg1: image = 'img/rightArrow.png'
23.1549 	EXP 	prac_leftImg2: image = 'img/rightArrow.png'
23.1549 	EXP 	prac_fixImg: image = 'img/fixationCross.png'
23.1549 	EXP 	prac_centerImg: autoDraw = True
23.1549 	EXP 	prac_rightImg1: autoDraw = True
23.1549 	EXP 	prac_rightImg2: autoDraw = True
23.1549 	EXP 	prac_leftImg1: autoDraw = True
23.1549 	EXP 	prac_leftImg2: autoDraw = True
23.1549 	EXP 	prac_fixImg: autoDraw = True
23.3601 	EXP 	prac_centerImg: autoDraw = False
23.3601 	EXP 	prac_rightImg1: autoDraw = False
23.3601 	EXP 	prac_rightImg2: autoDraw = False
23.3601 	EXP 	prac_leftImg1: autoDraw = False
23.3601 	EXP 	prac_leftImg2: autoDraw = False
23.4465 	DATA 	Keypress: 8
24.8530 	EXP 	New trial (rep=0, index=1): {'middleStim': 'img/leftArrow.png', 'rightStim1': 'img/rightArrow.png', 'rightStim2': 'img/rightArrow.png', 'leftStim1': 'img/rightArrow.png', 'leftStim2': 'img/rightArrow.png', 'stimNum': 8, 'congruent': 0, 'target': 'left'}
24.9045 	EXP 	prac_fixImg: autoDraw = False
24.9045 	EXP 	prac_centerImg: autoDraw = False
24.9045 	EXP 	prac_rightImg1: autoDraw = False
24.9045 	EXP 	prac_rightImg2: autoDraw = False
24.9045 	EXP 	prac_leftImg1: autoDraw = False
24.9045 	EXP 	prac_leftImg2: autoDraw = False
24.9045 	EXP 	prac_fixImg: autoDraw = False
24.9045 	EXP 	prac_centerImg: image = 'img/leftArrow.png'
24.9045 	EXP 	prac_rightImg1: image = 'img/rightArrow.png'
24.9045 	EXP 	prac_rightImg2: image = 'img/rightArrow.png'
24.9045 	EXP 	prac_leftImg1: image = 'img/rightArrow.png'
24.9045 	EXP 	prac_leftImg2: image = 'img/rightArrow.png'
24.9045 	EXP 	prac_fixImg: image = 'img/fixationCross.png'
24.9045 	EXP 	prac_centerImg: autoDraw = True
24.9045 	EXP 	prac_rightImg1: autoDraw = True
24.9045 	EXP 	prac_rightImg2: autoDraw = True
24.9045 	EXP 	prac_leftImg1: autoDraw = True
24.9045 	EXP 	prac_leftImg2: autoDraw = True
24.9045 	EXP 	prac_fixImg: autoDraw = True
25.1083 	EXP 	prac_centerImg: autoDraw = False
25.1083 	EXP 	prac_rightImg1: autoDraw = False
25.1083 	EXP 	prac_rightImg2: autoDraw = False
25.1083 	EXP 	prac_leftImg1: autoDraw = False
25.1083 	EXP 	prac_leftImg2: autoDraw = False
25.1190 	DATA 	Keypress: 1
26.2388 	DATA 	Keypress: 8
26.6944 	EXP 	New trial (rep=0, index=2): {'middleStim': 'img/rightArrow.png', 'rightStim1': 'img/leftArrow.png', 'rightStim2': 'img/leftArrow.png', 'leftStim1': 'img/leftArrow.png', 'leftStim2': 'img/leftArrow.png', 'stimNum': 7, 'congruent': 0, 'target': 'right'}
26.7393 	EXP 	prac_fixImg: autoDraw = False
26.7393 	EXP 	prac_centerImg: autoDraw = False
26.7393 	EXP 	prac_rightImg1: autoDraw = False
26.7393 	EXP 	prac_rightImg2: autoDraw = False
26.7393 	EXP 	prac_leftImg1: autoDraw = False
26.7393 	EXP 	prac_leftImg2: autoDraw = False
26.7393 	EXP 	prac_fixImg: autoDraw = False
26.7393 	EXP 	prac_centerImg: image = 'img/rightArrow.png'
26.7393 	EXP 	prac_rightImg1: image = 'img/leftArrow.png'
26.7393 	EXP 	prac_rightImg2: image = 'img/leftArrow.png'
26.7393 	EXP 	prac_leftImg1: image = 'img/leftArrow.png'
26.7393 	EXP 	prac_leftImg2: image = 'img/leftArrow.png'
26.7393 	EXP 	prac_fixImg: image = 'img/fixationCross.png'
26.7393 	EXP 	prac_centerImg: autoDraw = True
26.7393 	EXP 	prac_rightImg1: autoDraw = True
26.7393 	EXP 	prac_rightImg2: autoDraw = True
26.7393 	EXP 	prac_leftImg1: autoDraw = True
26.7393 	EXP 	prac_leftImg2: autoDraw = True
26.7393 	EXP 	prac_fixImg: autoDraw = True
26.9414 	EXP 	prac_centerImg: autoDraw = False
26.9414 	EXP 	prac_rightImg1: autoDraw = False
26.9414 	EXP 	prac_rightImg2: autoDraw = False
26.9414 	EXP 	prac_leftImg1: autoDraw = False
26.9414 	EXP 	prac_leftImg2: autoDraw = False
27.0384 	DATA 	Keypress: 1
27.6619 	DATA 	Keypress: 8
27.9320 	DATA 	Keypress: 8
28.2374 	EXP 	New trial (rep=0, index=3): {'middleStim': 'img/leftArrow.png', 'rightStim1': 'img/leftArrow.png', 'rightStim2': 'img/leftArrow.png', 'leftStim1': 'img/leftArrow.png', 'leftStim2': 'img/leftArrow.png', 'stimNum': 6, 'congruent': 1, 'target': 'left'}
28.2855 	EXP 	prac_fixImg: autoDraw = False
28.2855 	EXP 	prac_centerImg: autoDraw = False
28.2855 	EXP 	prac_rightImg1: autoDraw = False
28.2855 	EXP 	prac_rightImg2: autoDraw = False
28.2855 	EXP 	prac_leftImg1: autoDraw = False
28.2855 	EXP 	prac_leftImg2: autoDraw = False
28.2855 	EXP 	prac_fixImg: autoDraw = False
28.2855 	EXP 	prac_centerImg: image = 'img/leftArrow.png'
28.2855 	EXP 	prac_rightImg1: image = 'img/leftArrow.png'
28.2855 	EXP 	prac_rightImg2: image = 'img/leftArrow.png'
28.2855 	EXP 	prac_leftImg1: image = 'img/leftArrow.png'
28.2855 	EXP 	prac_leftImg2: image = 'img/leftArrow.png'
28.2855 	EXP 	prac_fixImg: image = 'img/fixationCross.png'
28.2855 	EXP 	prac_centerImg: autoDraw = True
28.2855 	EXP 	prac_rightImg1: autoDraw = True
28.2855 	EXP 	prac_rightImg2: autoDraw = True
28.2855 	EXP 	prac_leftImg1: autoDraw = True
28.2855 	EXP 	prac_leftImg2: autoDraw = True
28.2855 	EXP 	prac_fixImg: autoDraw = True
28.4894 	EXP 	prac_centerImg: autoDraw = False
28.4894 	EXP 	prac_rightImg1: autoDraw = False
28.4894 	EXP 	prac_rightImg2: autoDraw = False
28.4894 	EXP 	prac_leftImg1: autoDraw = False
28.4894 	EXP 	prac_leftImg2: autoDraw = False
28.6231 	DATA 	Keypress: 8
29.2705 	DATA 	Keypress: escape
31.9554 	EXP 	window1: mouseVisible = True
31.9555 	DEBUG 	Saving data for flanker-basic_v2 ExperimentHandler
31.9567 	INFO 	saved data to C:\Users\NDClab\Desktop\Experiments\social-flanker-eeg\flanker-basic-v4\data/999_flanker-basic_v2_2022_Apr_12_1456.psydat
31.9575 	INFO 	saved data to 'C:\\Users\\NDClab\\Desktop\\Experiments\\social-flanker-eeg\\flanker-basic-v4\\data/999_flanker-basic_v2_2022_Apr_12_1456.csv'
