2.0952 	WARNING 	We strongly recommend you activate the PTB sound engine in PsychoPy prefs as the preferred audio engine. Its timing is vastly superior. Your prefs are currently set to use ['sounddevice', 'PTB', 'pyo', 'pygame'] (in that order).
6.7130 	INFO 	Loaded monitor calibration from ['2022_05_31 11:34']
6.7138 	ERROR 	'0.5000, 0.5000, 0.5000' is not a valid rgb color
6.7332 	WARNING 	User requested fullscreen with size [1536  864], but screen is actually [1920, 1080]. Using actual size
8.5029 	EXP 	Created window1 = Window(allowGUI=False, allowStencil=False, autoLog=True, backendConf=UNKNOWN, bitsMode=UNKNOWN, blendMode='avg', bpc=(8, 8, 8), color=array([0, 0, 0]), colorSpace='rgb', depthBits=8, fullscr=<method-wrapper '__getattribute__' of attributeSetter object at 0x000001C8F180FA60>, gamma=None, gammaErrorPolicy='raise', lms=UNKNOWN, monitor=<psychopy.monitors.calibTools.Monitor object at 0x000001C8F3467370>, multiSample=False, name='window1', numSamples=2, pos=(0, 0), screen=0, size=array([1920, 1080]), stencilBits=0, stereo=False, units='height', useFBO=True, useRetina=False, viewOri=0.0, viewPos=None, viewScale=None, waitBlanking=True, winType='pyglet')
8.5036 	EXP 	window1: mouseVisible = True
8.5037 	EXP 	window1: Attempting to measure frame rate of screen (0) ...
8.5038 	EXP 	window1: recordFrameIntervals = False
8.6683 	EXP 	window1: recordFrameIntervals = True
8.8524 	EXP 	Screen (0) actual frame rate measured at 59.99Hz
8.8524 	EXP 	window1: recordFrameIntervals = False
10.9254 	INFO 	keyboard.Keyboard is using iohub backend.
11.1357 	EXP 	Created welcome_text = TextStim(__class__=<class 'psychopy.visual.text.TextStim'>, alignHoriz=method-wrapper(...), alignText='center', alignVert=method-wrapper(...), anchorHoriz='center', anchorVert='center', antialias=True, autoDraw=False, autoLog=True, bold=False, color=array([1., 1., 1.]), colorSpace='rgb', contrast=1.0, depth=0.0, flipHoriz=False, flipVert=False, font='Arial', fontFiles=[], height=0.04, italic=False, languageStyle='LTR', name='welcome_text', opacity=1.0, ori=0, pos=array([0., 0.]), rgb=UNKNOWN, text=str(...), units='height', win=Window(...), wrapWidth=1.3)
11.1357 	INFO 	keyboard.Keyboard is using iohub backend.
11.1460 	EXP 	Created instructRight_text = TextStim(__class__=<class 'psychopy.visual.text.TextStim'>, alignHoriz=method-wrapper(...), alignText='center', alignVert=method-wrapper(...), anchorHoriz='center', anchorVert='center', antialias=True, autoDraw=False, autoLog=True, bold=False, color=array([1., 1., 1.]), colorSpace='rgb', contrast=1.0, depth=0.0, flipHoriz=False, flipVert=False, font='Arial', fontFiles=[], height=0.04, italic=False, languageStyle='LTR', name='instructRight_text', opacity=1.0, ori=0, pos=array([0., 0.]), rgb=UNKNOWN, text=str(...), units='height', win=Window(...), wrapWidth=1.3)
11.2158 	EXP 	Created instructRight_centerImg = ImageStim(__class__=<class 'psychopy.visual.image.ImageStim'>, anchor=('center', 'center'), autoLog=True, color=array([1., 1., 1.]), colorSpace='rgb', contrast=1.0, depth=-1.0, flipHoriz=False, flipVert=False, image='img/rightArrow.png', interpolate=True, mask=None, maskParams=None, name='instructRight_centerImg', opacity=1.0, ori=0.0, pos=array([ 0. , -0.3]), size=array([0.02, 0.02]), texRes=512, units='height', win=Window(...))
11.2584 	EXP 	Created instructRight_rightImg1 = ImageStim(__class__=<class 'psychopy.visual.image.ImageStim'>, anchor=('center', 'center'), autoLog=True, color=array([1., 1., 1.]), colorSpace='rgb', contrast=1.0, depth=-2.0, flipHoriz=False, flipVert=False, image='img/rightArrow.png', interpolate=True, mask=None, maskParams=None, name='instructRight_rightImg1', opacity=1.0, ori=0.0, pos=array([ 0.03, -0.3 ]), size=array([0.02, 0.02]), texRes=512, units='height', win=Window(...))
11.3168 	EXP 	Created instructRight_leftImg1 = ImageStim(__class__=<class 'psychopy.visual.image.ImageStim'>, anchor=('center', 'center'), autoLog=True, color=array([1., 1., 1.]), colorSpace='rgb', contrast=1.0, depth=-3.0, flipHoriz=False, flipVert=False, image='img/rightArrow.png', interpolate=True, mask=None, maskParams=None, name='instructRight_leftImg1', opacity=1.0, ori=0.0, pos=array([-0.03, -0.3 ]), size=array([0.02, 0.02]), texRes=512, units='height', win=Window(...))
11.3169 	INFO 	keyboard.Keyboard is using iohub backend.
11.3261 	EXP 	Created instructLeft_text = TextStim(__class__=<class 'psychopy.visual.text.TextStim'>, alignHoriz=method-wrapper(...), alignText='center', alignVert=method-wrapper(...), anchorHoriz='center', anchorVert='center', antialias=True, autoDraw=False, autoLog=True, bold=False, color=array([1., 1., 1.]), colorSpace='rgb', contrast=1.0, depth=0.0, flipHoriz=False, flipVert=False, font='Arial', fontFiles=[], height=0.04, italic=False, languageStyle='LTR', name='instructLeft_text', opacity=1.0, ori=0, pos=array([0., 0.]), rgb=UNKNOWN, text=str(...), units='height', win=Window(...), wrapWidth=1.3)
11.3930 	EXP 	Created instructLeft_centerImg = ImageStim(__class__=<class 'psychopy.visual.image.ImageStim'>, anchor=('center', 'center'), autoLog=True, color=array([1., 1., 1.]), colorSpace='rgb', contrast=1.0, depth=-1.0, flipHoriz=False, flipVert=False, image='img/leftArrow.png', interpolate=True, mask=None, maskParams=None, name='instructLeft_centerImg', opacity=1.0, ori=0.0, pos=array([ 0. , -0.3]), size=array([0.02, 0.02]), texRes=512, units='height', win=Window(...))
11.4481 	EXP 	Created instructLeft_rightImg1 = ImageStim(__class__=<class 'psychopy.visual.image.ImageStim'>, anchor=('center', 'center'), autoLog=True, color=array([1., 1., 1.]), colorSpace='rgb', contrast=1.0, depth=-2.0, flipHoriz=False, flipVert=False, image='img/leftArrow.png', interpolate=True, mask=None, maskParams=None, name='instructLeft_rightImg1', opacity=1.0, ori=0.0, pos=array([ 0.03, -0.3 ]), size=array([0.02, 0.02]), texRes=512, units='height', win=Window(...))
11.5049 	EXP 	Created instructLeft_leftImg1 = ImageStim(__class__=<class 'psychopy.visual.image.ImageStim'>, anchor=('center', 'center'), autoLog=True, color=array([1., 1., 1.]), colorSpace='rgb', contrast=1.0, depth=-3.0, flipHoriz=False, flipVert=False, image='img/leftArrow.png', interpolate=True, mask=None, maskParams=None, name='instructLeft_leftImg1', opacity=1.0, ori=0.0, pos=array([-0.03, -0.3 ]), size=array([0.02, 0.02]), texRes=512, units='height', win=Window(...))
11.5049 	INFO 	keyboard.Keyboard is using iohub backend.
11.5341 	EXP 	Created instructInconRight_text = TextStim(__class__=<class 'psychopy.visual.text.TextStim'>, alignHoriz=method-wrapper(...), alignText='center', alignVert=method-wrapper(...), anchorHoriz='center', anchorVert='center', antialias=True, autoDraw=False, autoLog=True, bold=False, color=array([1., 1., 1.]), colorSpace='rgb', contrast=1.0, depth=0.0, flipHoriz=False, flipVert=False, font='Arial', fontFiles=[], height=0.04, italic=False, languageStyle='LTR', name='instructInconRight_text', opacity=1.0, ori=0, pos=array([0., 0.]), rgb=UNKNOWN, text=str(...), units='height', win=Window(...), wrapWidth=1.3)
11.5780 	EXP 	Created instructIncon_centerImg = ImageStim(__class__=<class 'psychopy.visual.image.ImageStim'>, anchor=('center', 'center'), autoLog=True, color=array([1., 1., 1.]), colorSpace='rgb', contrast=1.0, depth=-1.0, flipHoriz=False, flipVert=False, image='img/rightArrow.png', interpolate=True, mask=None, maskParams=None, name='instructIncon_centerImg', opacity=1.0, ori=0.0, pos=array([ 0. , -0.3]), size=array([0.02, 0.02]), texRes=512, units='height', win=Window(...))
11.6207 	EXP 	Created instructIncon_rightImg1 = ImageStim(__class__=<class 'psychopy.visual.image.ImageStim'>, anchor=('center', 'center'), autoLog=True, color=array([1., 1., 1.]), colorSpace='rgb', contrast=1.0, depth=-2.0, flipHoriz=False, flipVert=False, image='img/leftArrow.png', interpolate=True, mask=None, maskParams=None, name='instructIncon_rightImg1', opacity=1.0, ori=0.0, pos=array([ 0.03, -0.3 ]), size=array([0.02, 0.02]), texRes=512, units='height', win=Window(...))
11.6647 	EXP 	Created instructIncon_leftImg1 = ImageStim(__class__=<class 'psychopy.visual.image.ImageStim'>, anchor=('center', 'center'), autoLog=True, color=array([1., 1., 1.]), colorSpace='rgb', contrast=1.0, depth=-3.0, flipHoriz=False, flipVert=False, image='img/leftArrow.png', interpolate=True, mask=None, maskParams=None, name='instructIncon_leftImg1', opacity=1.0, ori=0.0, pos=array([-0.03, -0.3 ]), size=array([0.02, 0.02]), texRes=512, units='height', win=Window(...))
11.6647 	INFO 	keyboard.Keyboard is using iohub backend.
11.6731 	EXP 	Created instructInconLeft_text = TextStim(__class__=<class 'psychopy.visual.text.TextStim'>, alignHoriz=method-wrapper(...), alignText='center', alignVert=method-wrapper(...), anchorHoriz='center', anchorVert='center', antialias=True, autoDraw=False, autoLog=True, bold=False, color=array([1., 1., 1.]), colorSpace='rgb', contrast=1.0, depth=0.0, flipHoriz=False, flipVert=False, font='Arial', fontFiles=[], height=0.04, italic=False, languageStyle='LTR', name='instructInconLeft_text', opacity=1.0, ori=0, pos=array([0., 0.]), rgb=UNKNOWN, text=str(...), units='height', win=Window(...), wrapWidth=1.3)
11.7156 	EXP 	Created instructInconLeft_centerImg = ImageStim(__class__=<class 'psychopy.visual.image.ImageStim'>, anchor=('center', 'center'), autoLog=True, color=array([1., 1., 1.]), colorSpace='rgb', contrast=1.0, depth=-1.0, flipHoriz=False, flipVert=False, image='img/leftArrow.png', interpolate=True, mask=None, maskParams=None, name='instructInconLeft_centerImg', opacity=1.0, ori=0.0, pos=array([ 0. , -0.3]), size=array([0.02, 0.02]), texRes=512, units='height', win=Window(...))
11.7586 	EXP 	Created instructInconLeft_rightImg1 = ImageStim(__class__=<class 'psychopy.visual.image.ImageStim'>, anchor=('center', 'center'), autoLog=True, color=array([1., 1., 1.]), colorSpace='rgb', contrast=1.0, depth=-2.0, flipHoriz=False, flipVert=False, image='img/rightArrow.png', interpolate=True, mask=None, maskParams=None, name='instructInconLeft_rightImg1', opacity=1.0, ori=0.0, pos=array([ 0.03, -0.3 ]), size=array([0.02, 0.02]), texRes=512, units='height', win=Window(...))
11.8153 	EXP 	Created instructInconLeft_leftImg1 = ImageStim(__class__=<class 'psychopy.visual.image.ImageStim'>, anchor=('center', 'center'), autoLog=True, color=array([1., 1., 1.]), colorSpace='rgb', contrast=1.0, depth=-3.0, flipHoriz=False, flipVert=False, image='img/rightArrow.png', interpolate=True, mask=None, maskParams=None, name='instructInconLeft_leftImg1', opacity=1.0, ori=0.0, pos=array([-0.03, -0.3 ]), size=array([0.02, 0.02]), texRes=512, units='height', win=Window(...))
11.8154 	INFO 	keyboard.Keyboard is using iohub backend.
11.8471 	EXP 	Created prac_blockText = TextStim(__class__=<class 'psychopy.visual.text.TextStim'>, alignHoriz=method-wrapper(...), alignText='center', alignVert=method-wrapper(...), anchorHoriz='center', anchorVert='center', antialias=True, autoDraw=False, autoLog=True, bold=False, color=array([1., 1., 1.]), colorSpace='rgb', contrast=1.0, depth=-1.0, flipHoriz=False, flipVert=False, font='Arial', fontFiles=[], height=0.06, italic=False, languageStyle='LTR', name='prac_blockText', opacity=1.0, ori=0.0, pos=array([0. , 0.3]), rgb=UNKNOWN, text='Practice', units='height', win=Window(...), wrapWidth=1.3)
11.8655 	EXP 	Created prac_reminder_text = TextStim(__class__=<class 'psychopy.visual.text.TextStim'>, alignHoriz=method-wrapper(...), alignText='center', alignVert=method-wrapper(...), anchorHoriz='center', anchorVert='center', antialias=True, autoDraw=False, autoLog=True, bold=False, color=array([1., 1., 1.]), colorSpace='rgb', contrast=1.0, depth=-2.0, flipHoriz=False, flipVert=False, font='Arial', fontFiles=[], height=0.04, italic=False, languageStyle='LTR', name='prac_reminder_text', opacity=1.0, ori=0, pos=array([0., 0.]), rgb=UNKNOWN, text=str(...), units='height', win=Window(...), wrapWidth=1.3)
11.8656 	INFO 	keyboard.Keyboard is using iohub backend.
11.8701 	EXP 	Created initFixation_img = ImageStim(__class__=<class 'psychopy.visual.image.ImageStim'>, anchor=('center', 'center'), autoLog=True, color=array([1., 1., 1.]), colorSpace='rgb', contrast=1.0, depth=0.0, flipHoriz=False, flipVert=False, image='sin', interpolate=True, mask=None, maskParams=None, name='initFixation_img', opacity=1.0, ori=0.0, pos=array([ 0.   , -0.015]), size=array([0.26, 0.22]), texRes=512, units='height', win=Window(...))
11.8743 	EXP 	Created bigFace = ImageStim(__class__=<class 'psychopy.visual.image.ImageStim'>, anchor=('center', 'center'), autoLog=True, color=array([1., 1., 1.]), colorSpace='rgb', contrast=1.0, depth=-1.0, flipHoriz=False, flipVert=False, image='sin', interpolate=True, mask=None, maskParams=None, name='bigFace', opacity=0.85, ori=0.0, pos=array([0., 0.]), size=array([0.4267, 0.3   ]), texRes=128.0, units='height', win=Window(...))
11.8786 	EXP 	Created cover_background_2 = ImageStim(__class__=<class 'psychopy.visual.image.ImageStim'>, anchor=('center', 'center'), autoLog=True, color=array([1., 1., 1.]), colorSpace='rgb', contrast=1.0, depth=-2.0, flipHoriz=False, flipVert=False, image='sin', interpolate=True, mask=None, maskParams=None, name='cover_background_2', opacity=1.0, ori=0.0, pos=array([ 0.   , -0.015]), size=array([0.26, 0.22]), texRes=128.0, units='height', win=Window(...))
11.8832 	EXP 	Created prac_centerImg = ImageStim(__class__=<class 'psychopy.visual.image.ImageStim'>, anchor=('center', 'center'), autoLog=True, color=array([1., 1., 1.]), colorSpace='rgb', contrast=1.0, depth=-3.0, flipHoriz=False, flipVert=False, image='sin', interpolate=True, mask=None, maskParams=None, name='prac_centerImg', opacity=1.0, ori=0.0, pos=array([0., 0.]), size=array([1., 1.]), texRes=512, units='height', win=Window(...))
11.8883 	EXP 	Created prac_rightImg1 = ImageStim(__class__=<class 'psychopy.visual.image.ImageStim'>, anchor=('center', 'center'), autoLog=True, color=array([1., 1., 1.]), colorSpace='rgb', contrast=1.0, depth=-4.0, flipHoriz=False, flipVert=False, image='sin', interpolate=True, mask=None, maskParams=None, name='prac_rightImg1', opacity=1.0, ori=0.0, pos=array([0., 0.]), size=array([1., 1.]), texRes=512, units='height', win=Window(...))
11.8974 	EXP 	Created prac_rightImg2 = ImageStim(__class__=<class 'psychopy.visual.image.ImageStim'>, anchor=('center', 'center'), autoLog=True, color=array([1., 1., 1.]), colorSpace='rgb', contrast=1.0, depth=-5.0, flipHoriz=False, flipVert=False, image='sin', interpolate=True, mask=None, maskParams=None, name='prac_rightImg2', opacity=1.0, ori=0.0, pos=array([0., 0.]), size=array([1., 1.]), texRes=512, units='height', win=Window(...))
11.9060 	EXP 	Created prac_leftImg1 = ImageStim(__class__=<class 'psychopy.visual.image.ImageStim'>, anchor=('center', 'center'), autoLog=True, color=array([1., 1., 1.]), colorSpace='rgb', contrast=1.0, depth=-6.0, flipHoriz=False, flipVert=False, image='sin', interpolate=True, mask=None, maskParams=None, name='prac_leftImg1', opacity=1.0, ori=0.0, pos=array([0., 0.]), size=array([1., 1.]), texRes=512, units='height', win=Window(...))
11.9140 	EXP 	Created prac_leftImg2 = ImageStim(__class__=<class 'psychopy.visual.image.ImageStim'>, anchor=('center', 'center'), autoLog=True, color=array([1., 1., 1.]), colorSpace='rgb', contrast=1.0, depth=-7.0, flipHoriz=False, flipVert=False, image='sin', interpolate=True, mask=None, maskParams=None, name='prac_leftImg2', opacity=1.0, ori=0.0, pos=array([0., 0.]), size=array([1., 1.]), texRes=512, units='height', win=Window(...))
11.9222 	EXP 	Created prac_fixImg = ImageStim(__class__=<class 'psychopy.visual.image.ImageStim'>, anchor=('center', 'center'), autoLog=True, color=array([1., 1., 1.]), colorSpace='rgb', contrast=1.0, depth=-8.0, flipHoriz=False, flipVert=False, image='sin', interpolate=True, mask=None, maskParams=None, name='prac_fixImg', opacity=1.0, ori=0.0, pos=array([ 0.   , -0.015]), size=array([0.26, 0.22]), texRes=512, units='height', win=Window(...))
11.9222 	INFO 	keyboard.Keyboard is using iohub backend.
11.9240 	EXP 	Created prac_blockFeed_text = TextStim(__class__=<class 'psychopy.visual.text.TextStim'>, alignHoriz=method-wrapper(...), alignText='center', alignVert=method-wrapper(...), anchorHoriz='center', anchorVert='center', antialias=True, autoDraw=False, autoLog=True, bold=False, color=array([1., 1., 1.]), colorSpace='rgb', contrast=1.0, depth=-1.0, flipHoriz=False, flipVert=False, font='Arial', fontFiles=[], height=0.04, italic=False, languageStyle='LTR', name='prac_blockFeed_text', opacity=1.0, ori=0, pos=array([0., 0.]), rgb=UNKNOWN, text='', units='height', win=Window(...), wrapWidth=1.3)
11.9303 	EXP 	Created prac_pressContinue = TextStim(__class__=<class 'psychopy.visual.text.TextStim'>, alignHoriz=method-wrapper(...), alignText='center', alignVert=method-wrapper(...), anchorHoriz='center', anchorVert='center', antialias=True, autoDraw=False, autoLog=True, bold=False, color=array([1., 1., 1.]), colorSpace='rgb', contrast=1.0, depth=-2.0, flipHoriz=False, flipVert=False, font='Arial', fontFiles=[], height=0.04, italic=False, languageStyle='LTR', name='prac_pressContinue', opacity=1.0, ori=0.0, pos=array([ 0. , -0.3]), rgb=UNKNOWN, text='Press the right key', units='height', win=Window(...), wrapWidth=1.3)
11.9305 	INFO 	keyboard.Keyboard is using iohub backend.
11.9335 	EXP 	Created task_blockText = TextStim(__class__=<class 'psychopy.visual.text.TextStim'>, alignHoriz=method-wrapper(...), alignText='center', alignVert=method-wrapper(...), anchorHoriz='center', anchorVert='center', antialias=True, autoDraw=False, autoLog=True, bold=False, color=array([1., 1., 1.]), colorSpace='rgb', contrast=1.0, depth=-1.0, flipHoriz=False, flipVert=False, font='Arial', fontFiles=[], height=0.06, italic=False, languageStyle='LTR', name='task_blockText', opacity=1.0, ori=0.0, pos=array([0. , 0.3]), rgb=UNKNOWN, text='', units='height', win=Window(...), wrapWidth=1.3)
11.9494 	EXP 	Created task_blockReminders_text = TextStim(__class__=<class 'psychopy.visual.text.TextStim'>, alignHoriz=method-wrapper(...), alignText='center', alignVert=method-wrapper(...), anchorHoriz='center', anchorVert='center', antialias=True, autoDraw=False, autoLog=True, bold=False, color=array([1., 1., 1.]), colorSpace='rgb', contrast=1.0, depth=-2.0, flipHoriz=False, flipVert=False, font='Arial', fontFiles=[], height=0.04, italic=False, languageStyle='LTR', name='task_blockReminders_text', opacity=1.0, ori=0, pos=array([0., 0.]), rgb=UNKNOWN, text=str(...), units='height', win=Window(...), wrapWidth=1.3)
11.9494 	INFO 	keyboard.Keyboard is using iohub backend.
11.9546 	EXP 	Created initFixation_img = ImageStim(__class__=<class 'psychopy.visual.image.ImageStim'>, anchor=('center', 'center'), autoLog=True, color=array([1., 1., 1.]), colorSpace='rgb', contrast=1.0, depth=0.0, flipHoriz=False, flipVert=False, image='sin', interpolate=True, mask=None, maskParams=None, name='initFixation_img', opacity=1.0, ori=0.0, pos=array([ 0.   , -0.015]), size=array([0.26, 0.22]), texRes=512, units='height', win=Window(...))
11.9592 	EXP 	Created bigFace_2 = ImageStim(__class__=<class 'psychopy.visual.image.ImageStim'>, anchor=('center', 'center'), autoLog=True, color=array([1., 1., 1.]), colorSpace='rgb', contrast=1.0, depth=-1.0, flipHoriz=False, flipVert=False, image='sin', interpolate=True, mask=None, maskParams=None, name='bigFace_2', opacity=0.85, ori=0.0, pos=array([0., 0.]), size=array([0.4267, 0.3   ]), texRes=128.0, units='height', win=Window(...))
12.0335 	EXP 	Created cover_background = ImageStim(__class__=<class 'psychopy.visual.image.ImageStim'>, anchor=('center', 'center'), autoLog=True, color=array([1., 1., 1.]), colorSpace='rgb', contrast=1.0, depth=-2.0, flipHoriz=False, flipVert=False, image='img/cover_background.png', interpolate=True, mask=None, maskParams=None, name='cover_background', opacity=1.0, ori=0.0, pos=array([ 0.   , -0.015]), size=array([0.26, 0.22]), texRes=128.0, units='height', win=Window(...))
12.0385 	EXP 	Created task_centerImg = ImageStim(__class__=<class 'psychopy.visual.image.ImageStim'>, anchor=('center', 'center'), autoLog=True, color=array([1., 1., 1.]), colorSpace='rgb', contrast=1.0, depth=-3.0, flipHoriz=False, flipVert=False, image='sin', interpolate=True, mask=None, maskParams=None, name='task_centerImg', opacity=1.0, ori=0.0, pos=array([0., 0.]), size=array([1., 1.]), texRes=512, units='height', win=Window(...))
12.0434 	EXP 	Created task_rightImg1 = ImageStim(__class__=<class 'psychopy.visual.image.ImageStim'>, anchor=('center', 'center'), autoLog=True, color=array([1., 1., 1.]), colorSpace='rgb', contrast=1.0, depth=-4.0, flipHoriz=False, flipVert=False, image='sin', interpolate=True, mask=None, maskParams=None, name='task_rightImg1', opacity=1.0, ori=0.0, pos=array([0., 0.]), size=array([1., 1.]), texRes=512, units='height', win=Window(...))
12.0482 	EXP 	Created task_rightImg2 = ImageStim(__class__=<class 'psychopy.visual.image.ImageStim'>, anchor=('center', 'center'), autoLog=True, color=array([1., 1., 1.]), colorSpace='rgb', contrast=1.0, depth=-5.0, flipHoriz=False, flipVert=False, image='sin', interpolate=True, mask=None, maskParams=None, name='task_rightImg2', opacity=1.0, ori=0.0, pos=array([0., 0.]), size=array([1., 1.]), texRes=512, units='height', win=Window(...))
12.0530 	EXP 	Created task_leftImg1 = ImageStim(__class__=<class 'psychopy.visual.image.ImageStim'>, anchor=('center', 'center'), autoLog=True, color=array([1., 1., 1.]), colorSpace='rgb', contrast=1.0, depth=-6.0, flipHoriz=False, flipVert=False, image='sin', interpolate=True, mask=None, maskParams=None, name='task_leftImg1', opacity=1.0, ori=0.0, pos=array([0., 0.]), size=array([1., 1.]), texRes=512, units='height', win=Window(...))
12.0576 	EXP 	Created task_leftImg2 = ImageStim(__class__=<class 'psychopy.visual.image.ImageStim'>, anchor=('center', 'center'), autoLog=True, color=array([1., 1., 1.]), colorSpace='rgb', contrast=1.0, depth=-7.0, flipHoriz=False, flipVert=False, image='sin', interpolate=True, mask=None, maskParams=None, name='task_leftImg2', opacity=1.0, ori=0.0, pos=array([0., 0.]), size=array([1., 1.]), texRes=512, units='height', win=Window(...))
12.0625 	EXP 	Created task_fixImg = ImageStim(__class__=<class 'psychopy.visual.image.ImageStim'>, anchor=('center', 'center'), autoLog=True, color=array([1., 1., 1.]), colorSpace='rgb', contrast=1.0, depth=-8.0, flipHoriz=False, flipVert=False, image='sin', interpolate=True, mask=None, maskParams=None, name='task_fixImg', opacity=1.0, ori=0.0, pos=array([ 0.   , -0.015]), size=array([0.26, 0.22]), texRes=512, units='height', win=Window(...))
12.0625 	INFO 	keyboard.Keyboard is using iohub backend.
12.0646 	EXP 	Created task_blockFeed_text = TextStim(__class__=<class 'psychopy.visual.text.TextStim'>, alignHoriz=method-wrapper(...), alignText='center', alignVert=method-wrapper(...), anchorHoriz='center', anchorVert='center', antialias=True, autoDraw=False, autoLog=True, bold=False, color=array([1., 1., 1.]), colorSpace='rgb', contrast=1.0, depth=-1.0, flipHoriz=False, flipVert=False, font='Arial', fontFiles=[], height=0.12, italic=False, languageStyle='LTR', name='task_blockFeed_text', opacity=1.0, ori=0, pos=array([0. , 0.1]), rgb=UNKNOWN, text='', units='height', win=Window(...), wrapWidth=1.8)
12.0659 	EXP 	Created task_blockFeed_text2 = TextStim(__class__=<class 'psychopy.visual.text.TextStim'>, alignHoriz=method-wrapper(...), alignText='center', alignVert=method-wrapper(...), anchorHoriz='center', anchorVert='center', antialias=True, autoDraw=False, autoLog=True, bold=False, color=array([1., 1., 1.]), colorSpace='rgb', contrast=1.0, depth=-2.0, flipHoriz=False, flipVert=False, font='Arial', fontFiles=[], height=0.04, italic=False, languageStyle='LTR', name='task_blockFeed_text2', opacity=1.0, ori=0, pos=array([ 0. , -0.3]), rgb=UNKNOWN, text='', units='height', win=Window(...), wrapWidth=1.3)
12.0660 	INFO 	keyboard.Keyboard is using iohub backend.
12.0817 	EXP 	Created fix = TextStim(__class__=<class 'psychopy.visual.text.TextStim'>, alignHoriz=method-wrapper(...), alignText='center', alignVert=method-wrapper(...), anchorHoriz='center', anchorVert='center', antialias=True, autoDraw=False, autoLog=True, bold=False, color=array([1., 1., 1.]), colorSpace='rgb', contrast=1.0, depth=0.0, flipHoriz=False, flipVert=False, font='Open Sans', fontFiles=[], height=0.1, italic=False, languageStyle='LTR', name='fix', opacity=1.0, ori=0.0, pos=array([0., 0.]), rgb=UNKNOWN, text='+', units='height', win=Window(...), wrapWidth=1)
12.1193 	EXP 	Created errorNumbers_text_2 = TextStim(__class__=<class 'psychopy.visual.text.TextStim'>, alignHoriz=method-wrapper(...), alignText='center', alignVert=method-wrapper(...), anchorHoriz='center', anchorVert='center', antialias=True, autoDraw=False, autoLog=True, bold=False, color=array([1., 1., 1.]), colorSpace='rgb', contrast=1.0, depth=-1.0, flipHoriz=False, flipVert=False, font='Open Sans', fontFiles=[], height=0.03, italic=False, languageStyle='LTR', name='errorNumbers_text_2', opacity=1.0, ori=0.0, pos=array([0.  , 0.12]), rgb=UNKNOWN, text=str(...), units='height', win=Window(...), wrapWidth=1)
12.1382 	INFO 	keyboard.Keyboard is using iohub backend.
12.1569 	EXP 	Created botherRate_text = TextStim(__class__=<class 'psychopy.visual.text.TextStim'>, alignHoriz=method-wrapper(...), alignText='center', alignVert=method-wrapper(...), anchorHoriz='center', anchorVert='center', antialias=True, autoDraw=False, autoLog=True, bold=False, color=array([1., 1., 1.]), colorSpace='rgb', contrast=1.0, depth=-1.0, flipHoriz=False, flipVert=False, font='Open Sans', fontFiles=[], height=0.03, italic=False, languageStyle='LTR', name='botherRate_text', opacity=1.0, ori=0.0, pos=array([0.  , 0.12]), rgb=UNKNOWN, text=str(...), units='height', win=Window(...), wrapWidth=1)
12.1716 	INFO 	keyboard.Keyboard is using iohub backend.
12.2028 	EXP 	Created instruct_surprise1 = TextStim(__class__=<class 'psychopy.visual.text.TextStim'>, alignHoriz=method-wrapper(...), alignText='center', alignVert=method-wrapper(...), anchorHoriz='center', anchorVert='center', antialias=True, autoDraw=False, autoLog=True, bold=False, color=array([1., 1., 1.]), colorSpace='rgb', contrast=1.0, depth=0.0, flipHoriz=False, flipVert=False, font='Open Sans', fontFiles=[], height=0.04, italic=False, languageStyle='LTR', name='instruct_surprise1', opacity=1.0, ori=0.0, pos=array([0., 0.]), rgb=UNKNOWN, text=str(...), units='height', win=Window(...), wrapWidth=1)
12.2028 	INFO 	keyboard.Keyboard is using iohub backend.
12.2040 	EXP 	Created instructMainTask_text = TextStim(__class__=<class 'psychopy.visual.text.TextStim'>, alignHoriz=method-wrapper(...), alignText='center', alignVert=method-wrapper(...), anchorHoriz='center', anchorVert='center', antialias=True, autoDraw=False, autoLog=True, bold=False, color=array([1., 1., 1.]), colorSpace='rgb', contrast=1.0, depth=0.0, flipHoriz=False, flipVert=False, font='Arial', fontFiles=[], height=0.04, italic=False, languageStyle='LTR', name='instructMainTask_text', opacity=1.0, ori=0, pos=array([0., 0.]), rgb=UNKNOWN, text='', units='height', win=Window(...), wrapWidth=1.3)
12.2040 	INFO 	keyboard.Keyboard is using iohub backend.
12.2071 	EXP 	Created first_surpStimuli_2 = ImageStim(__class__=<class 'psychopy.visual.image.ImageStim'>, anchor=('center', 'center'), autoLog=True, color=array([1., 1., 1.]), colorSpace='rgb', contrast=1.0, depth=0.0, flipHoriz=False, flipVert=False, image='sin', interpolate=True, mask=None, maskParams=None, name='first_surpStimuli_2', opacity=1.0, ori=0.0, pos=array([0., 0.]), size=array([0.45514667, 0.32      ]), texRes=128.0, units='height', win=Window(...))
12.2091 	EXP 	Created topQ_2 = TextStim(__class__=<class 'psychopy.visual.text.TextStim'>, alignHoriz=method-wrapper(...), alignText='center', alignVert=method-wrapper(...), anchorHoriz='center', anchorVert='center', antialias=True, autoDraw=False, autoLog=True, bold=False, color=array([1., 1., 1.]), colorSpace='rgb', contrast=1.0, depth=-1.0, flipHoriz=False, flipVert=False, font='Open Sans', fontFiles=[], height=1.0, italic=False, languageStyle='LTR', name='topQ_2', opacity=1.0, ori=0.0, pos=array([0., 0.]), rgb=UNKNOWN, text='', units='height', win=Window(...), wrapWidth=1)
12.2091 	INFO 	keyboard.Keyboard is using iohub backend.
12.2188 	EXP 	window1: mouseVisible = True
12.2482 	DEBUG 	TextBox2 loaded 1 chars with 0 blanks and 1 valid
12.2502 	DEBUG 	TextBox2 loaded 1 chars with 0 blanks and 1 valid
12.2520 	DEBUG 	TextBox2 loaded 1 chars with 0 blanks and 1 valid
12.2534 	DEBUG 	TextBox2 loaded 1 chars with 0 blanks and 1 valid
12.2551 	DEBUG 	TextBox2 loaded 1 chars with 0 blanks and 1 valid
12.2567 	DEBUG 	TextBox2 loaded 1 chars with 0 blanks and 1 valid
12.2582 	DEBUG 	TextBox2 loaded 1 chars with 0 blanks and 1 valid
12.2601 	DEBUG 	TextBox2 loaded 1 chars with 0 blanks and 1 valid
12.2614 	DEBUG 	TextBox2 loaded 1 chars with 0 blanks and 1 valid
12.2627 	DEBUG 	TextBox2 loaded 1 chars with 0 blanks and 1 valid
12.2647 	DEBUG 	TextBox2 loaded 1 chars with 0 blanks and 1 valid
12.2650 	DEBUG 	Uploading Texture Font fontname to graphics card
12.2729 	DEBUG 	Upload of Texture Font fontname complete
12.2919 	DEBUG 	TextBox2 loaded 1 chars with 0 blanks and 1 valid
12.2937 	DEBUG 	TextBox2 loaded 1 chars with 0 blanks and 1 valid
12.2954 	DEBUG 	TextBox2 loaded 1 chars with 0 blanks and 1 valid
12.2974 	DEBUG 	TextBox2 loaded 1 chars with 0 blanks and 1 valid
12.2992 	DEBUG 	TextBox2 loaded 1 chars with 0 blanks and 1 valid
12.2996 	DEBUG 	Uploading Texture Font fontname to graphics card
12.3059 	DEBUG 	Upload of Texture Font fontname complete
12.3237 	DEBUG 	TextBox2 loaded 1 chars with 0 blanks and 1 valid
12.3241 	DEBUG 	Uploading Texture Font fontname to graphics card
12.3310 	DEBUG 	Upload of Texture Font fontname complete
12.3493 	DEBUG 	TextBox2 loaded 1 chars with 0 blanks and 1 valid
12.3496 	DEBUG 	Uploading Texture Font fontname to graphics card
12.3570 	DEBUG 	Upload of Texture Font fontname complete
12.4273 	EXP 	Created first_slider_2 = Slider(__class__=<class 'psychopy.visual.slider.Slider'>, autoDraw=False, autoLog=True, borderColor=None, color=None, colorSpace='rgb', depth=-3, fillColor=None, flip=False, font='Open Sans', granularity=1.0, labelColor=None, labelHeight=0.022, labelWrapWidth=None, labels=list(...), lineColor=None, markerColor=None, name='first_slider_2', opacity=None, ori=0.0, pos=array([0. , 0.3]), readOnly=False, self=UNKNOWN, size=array([1.3  , 0.022]), startValue=None, style='rating', styleTweaks=[], ticks=array([1, 2, 3, 4, 5, 6]), units='height', win=Window(...))
12.4307 	EXP 	Created first_surpStimuli = ImageStim(__class__=<class 'psychopy.visual.image.ImageStim'>, anchor=('center', 'center'), autoLog=True, color=array([1., 1., 1.]), colorSpace='rgb', contrast=1.0, depth=0.0, flipHoriz=False, flipVert=False, image='sin', interpolate=True, mask=None, maskParams=None, name='first_surpStimuli', opacity=1.0, ori=0.0, pos=array([0., 0.]), size=array([0.45514667, 0.32      ]), texRes=128.0, units='height', win=Window(...))
12.4319 	EXP 	Created topQ = TextStim(__class__=<class 'psychopy.visual.text.TextStim'>, alignHoriz=method-wrapper(...), alignText='center', alignVert=method-wrapper(...), anchorHoriz='center', anchorVert='center', antialias=True, autoDraw=False, autoLog=True, bold=False, color=array([1., 1., 1.]), colorSpace='rgb', contrast=1.0, depth=-1.0, flipHoriz=False, flipVert=False, font='Open Sans', fontFiles=[], height=1.0, italic=False, languageStyle='LTR', name='topQ', opacity=1.0, ori=0.0, pos=array([0., 0.]), rgb=UNKNOWN, text='', units='height', win=Window(...), wrapWidth=1)
12.4320 	INFO 	keyboard.Keyboard is using iohub backend.
12.4374 	EXP 	window1: mouseVisible = True
12.5800 	EXP 	Created first_slider = Slider(__class__=<class 'psychopy.visual.slider.Slider'>, autoDraw=False, autoLog=True, borderColor=None, color=None, colorSpace='rgb', depth=-3, fillColor=None, flip=False, font='Open Sans', granularity=1.0, labelColor=None, labelHeight=0.022, labelWrapWidth=None, labels=list(...), lineColor=None, markerColor=None, name='first_slider', opacity=None, ori=0.0, pos=array([0. , 0.3]), readOnly=False, self=UNKNOWN, size=array([1.3  , 0.022]), startValue=None, style='rating', styleTweaks=[], ticks=array([6, 5, 4, 3, 2, 1]), units='height', win=Window(...))
12.5841 	EXP 	Created first_surpStimuli_3 = ImageStim(__class__=<class 'psychopy.visual.image.ImageStim'>, anchor=('center', 'center'), autoLog=True, color=array([1., 1., 1.]), colorSpace='rgb', contrast=1.0, depth=0.0, flipHoriz=False, flipVert=False, image='sin', interpolate=True, mask=None, maskParams=None, name='first_surpStimuli_3', opacity=1.0, ori=0.0, pos=array([0., 0.]), size=array([0.45514667, 0.32      ]), texRes=128.0, units='height', win=Window(...))
12.5853 	EXP 	Created topQ_3 = TextStim(__class__=<class 'psychopy.visual.text.TextStim'>, alignHoriz=method-wrapper(...), alignText='center', alignVert=method-wrapper(...), anchorHoriz='center', anchorVert='center', antialias=True, autoDraw=False, autoLog=True, bold=False, color=array([1., 1., 1.]), colorSpace='rgb', contrast=1.0, depth=-1.0, flipHoriz=False, flipVert=False, font='Open Sans', fontFiles=[], height=1.0, italic=False, languageStyle='LTR', name='topQ_3', opacity=1.0, ori=0.0, pos=array([0., 0.]), rgb=UNKNOWN, text='', units='height', win=Window(...), wrapWidth=1)
12.5853 	INFO 	keyboard.Keyboard is using iohub backend.
12.5909 	EXP 	window1: mouseVisible = True
12.6113 	DEBUG 	TextBox2 loaded 1 chars with 0 blanks and 1 valid
12.6130 	DEBUG 	TextBox2 loaded 1 chars with 0 blanks and 1 valid
12.6151 	DEBUG 	TextBox2 loaded 1 chars with 0 blanks and 1 valid
12.6155 	DEBUG 	Uploading Texture Font fontname to graphics card
12.6231 	DEBUG 	Upload of Texture Font fontname complete
12.6733 	DEBUG 	TextBox2 loaded 1 chars with 0 blanks and 1 valid
12.6737 	DEBUG 	Uploading Texture Font fontname to graphics card
12.6811 	DEBUG 	Upload of Texture Font fontname complete
12.7551 	EXP 	Created first_slider_3 = Slider(__class__=<class 'psychopy.visual.slider.Slider'>, autoDraw=False, autoLog=True, borderColor=None, color=None, colorSpace='rgb', depth=-3, fillColor=None, flip=False, font='Open Sans', granularity=1.0, labelColor=None, labelHeight=0.022, labelWrapWidth=None, labels=list(...), lineColor=None, markerColor=None, name='first_slider_3', opacity=None, ori=0.0, pos=array([0. , 0.3]), readOnly=False, self=UNKNOWN, size=array([1.3  , 0.022]), startValue=None, style='rating', styleTweaks=[], ticks=array([1, 2, 3, 4, 5, 6]), units='height', win=Window(...))
12.7587 	EXP 	Created first_surpStimuli_4 = ImageStim(__class__=<class 'psychopy.visual.image.ImageStim'>, anchor=('center', 'center'), autoLog=True, color=array([1., 1., 1.]), colorSpace='rgb', contrast=1.0, depth=0.0, flipHoriz=False, flipVert=False, image='sin', interpolate=True, mask=None, maskParams=None, name='first_surpStimuli_4', opacity=1.0, ori=0.0, pos=array([0., 0.]), size=array([0.45514667, 0.32      ]), texRes=128.0, units='height', win=Window(...))
12.7599 	EXP 	Created topQ_4 = TextStim(__class__=<class 'psychopy.visual.text.TextStim'>, alignHoriz=method-wrapper(...), alignText='center', alignVert=method-wrapper(...), anchorHoriz='center', anchorVert='center', antialias=True, autoDraw=False, autoLog=True, bold=False, color=array([1., 1., 1.]), colorSpace='rgb', contrast=1.0, depth=-1.0, flipHoriz=False, flipVert=False, font='Open Sans', fontFiles=[], height=1.0, italic=False, languageStyle='LTR', name='topQ_4', opacity=1.0, ori=0.0, pos=array([0., 0.]), rgb=UNKNOWN, text='', units='height', win=Window(...), wrapWidth=1)
12.7599 	INFO 	keyboard.Keyboard is using iohub backend.
12.7663 	EXP 	window1: mouseVisible = True
12.9013 	EXP 	Created first_slider_4 = Slider(__class__=<class 'psychopy.visual.slider.Slider'>, autoDraw=False, autoLog=True, borderColor=None, color=None, colorSpace='rgb', depth=-3, fillColor=None, flip=False, font='Open Sans', granularity=1.0, labelColor=None, labelHeight=0.022, labelWrapWidth=None, labels=list(...), lineColor=None, markerColor=None, name='first_slider_4', opacity=None, ori=0.0, pos=array([0. , 0.3]), readOnly=False, self=UNKNOWN, size=array([1.3  , 0.022]), startValue=None, style='rating', styleTweaks=[], ticks=array([6, 5, 4, 3, 2, 1]), units='height', win=Window(...))
12.9199 	EXP 	Created finishMessage_text = TextStim(__class__=<class 'psychopy.visual.text.TextStim'>, alignHoriz=method-wrapper(...), alignText='center', alignVert=method-wrapper(...), anchorHoriz='center', anchorVert='center', antialias=True, autoDraw=False, autoLog=True, bold=False, color=array([1., 1., 1.]), colorSpace='rgb', contrast=1.0, depth=0.0, flipHoriz=False, flipVert=False, font='Arial', fontFiles=[], height=0.04, italic=False, languageStyle='LTR', name='finishMessage_text', opacity=1.0, ori=0, pos=array([0., 0.]), rgb=UNKNOWN, text='Thank you for your participation!', units='height', win=Window(...), wrapWidth=1.3)
12.9366 	EXP 	textbox_2: autoLog = True
12.9366 	EXP 	textbox_3: autoLog = True
12.9366 	EXP 	first_slider_2: autoLog = True
12.9366 	EXP 	first_slider_2: markerPos = None
12.9366 	EXP 	first_slider_2: styleTweaks = []
12.9366 	EXP 	first_slider_2: styleTweaks = []
12.9366 	EXP 	first_slider_2: styleTweaks = []
12.9366 	EXP 	first_slider_2: styleTweaks = []
12.9366 	EXP 	first_slider_2: contrast = 1.0
12.9366 	EXP 	first_slider_2: autoLog = True
12.9366 	EXP 	first_slider: autoLog = True
12.9366 	EXP 	first_slider: markerPos = None
12.9366 	EXP 	first_slider: styleTweaks = []
12.9366 	EXP 	first_slider: styleTweaks = []
12.9366 	EXP 	first_slider: styleTweaks = []
12.9366 	EXP 	first_slider: styleTweaks = []
12.9366 	EXP 	first_slider: contrast = 1.0
12.9366 	EXP 	first_slider: autoLog = True
12.9366 	EXP 	first_slider_3: autoLog = True
12.9366 	EXP 	first_slider_3: markerPos = None
12.9366 	EXP 	first_slider_3: styleTweaks = []
12.9366 	EXP 	first_slider_3: styleTweaks = []
12.9366 	EXP 	first_slider_3: styleTweaks = []
12.9366 	EXP 	first_slider_3: styleTweaks = []
12.9366 	EXP 	first_slider_3: contrast = 1.0
12.9366 	EXP 	first_slider_3: autoLog = True
12.9366 	EXP 	first_slider_4: autoLog = True
12.9366 	EXP 	first_slider_4: markerPos = None
12.9366 	EXP 	first_slider_4: styleTweaks = []
12.9366 	EXP 	first_slider_4: styleTweaks = []
12.9366 	EXP 	first_slider_4: styleTweaks = []
12.9366 	EXP 	first_slider_4: styleTweaks = []
12.9366 	EXP 	first_slider_4: contrast = 1.0
12.9366 	EXP 	first_slider_4: autoLog = True
12.9366 	EXP 	welcome_text: autoDraw = True
17.3953 	DATA 	Keypress: 8
17.3995 	DEBUG 	TextBox2 loaded 1 chars with 0 blanks and 1 valid
17.3998 	DEBUG 	Uploading Texture Font fontname to graphics card
17.4009 	DEBUG 	Upload of Texture Font fontname complete
17.4069 	EXP 	welcome_text: autoDraw = False
17.4069 	EXP 	instructRight_text: autoDraw = True
17.4069 	EXP 	instructRight_centerImg: autoDraw = True
17.4069 	EXP 	instructRight_rightImg1: autoDraw = True
17.4069 	EXP 	instructRight_leftImg1: autoDraw = True
18.4233 	DATA 	Keypress: 8
18.4350 	EXP 	instructRight_text: autoDraw = False
18.4350 	EXP 	instructRight_centerImg: autoDraw = False
18.4350 	EXP 	instructRight_rightImg1: autoDraw = False
18.4350 	EXP 	instructRight_leftImg1: autoDraw = False
18.4350 	EXP 	instructLeft_text: autoDraw = True
18.4350 	EXP 	instructLeft_centerImg: autoDraw = True
18.4350 	EXP 	instructLeft_rightImg1: autoDraw = True
18.4350 	EXP 	instructLeft_leftImg1: autoDraw = True
19.5717 	DATA 	Keypress: 1
19.5774 	DEBUG 	TextBox2 loaded 1 chars with 0 blanks and 1 valid
19.5777 	DEBUG 	Uploading Texture Font fontname to graphics card
19.5795 	DEBUG 	Upload of Texture Font fontname complete
19.6022 	EXP 	instructLeft_text: autoDraw = False
19.6022 	EXP 	instructLeft_centerImg: autoDraw = False
19.6022 	EXP 	instructLeft_rightImg1: autoDraw = False
19.6022 	EXP 	instructLeft_leftImg1: autoDraw = False
19.6022 	EXP 	instructInconRight_text: autoDraw = True
19.6022 	EXP 	instructIncon_centerImg: autoDraw = True
19.6022 	EXP 	instructIncon_rightImg1: autoDraw = True
19.6022 	EXP 	instructIncon_leftImg1: autoDraw = True
129.4429 	DATA 	Keypress: escape
130.2984 	EXP 	window1: mouseVisible = True
130.2985 	DEBUG 	Saving data for mfe_flanker_v1 ExperimentHandler
130.3048 	INFO 	saved data to C:\Users\kihossei\Documents\GitHub\memory-for-error-dataset\materials\experiments\mfeFlanker\data/_mfe_flanker_v1_2022-08-11_16h04.35.237.psydat
130.3072 	INFO 	saved data to 'C:\\Users\\kihossei\\Documents\\GitHub\\memory-for-error-dataset\\materials\\experiments\\mfeFlanker\\data/_mfe_flanker_v1_2022-08-11_16h04.35.237.csv'
