2.3324 	WARNING 	We strongly recommend you activate the PTB sound engine in PsychoPy prefs as the preferred audio engine. Its timing is vastly superior. Your prefs are currently set to use ['sounddevice', 'PTB', 'pyo', 'pygame'] (in that order).
8.6836 	INFO 	Loaded monitor calibration from ['2022_05_31 11:34']
8.6847 	ERROR 	'0.5000, 0.5000, 0.5000' is not a valid rgb color
8.7006 	WARNING 	User requested fullscreen with size [1440  900], but screen is actually [1920, 1080]. Using actual size
10.5890 	EXP 	Created window1 = Window(allowGUI=False, allowStencil=False, autoLog=True, backendConf=UNKNOWN, bitsMode=UNKNOWN, blendMode='avg', bpc=(8, 8, 8), color=array([0, 0, 0]), colorSpace='rgb', depthBits=8, fullscr=<method-wrapper '__getattribute__' of attributeSetter object at 0x0000029103D9DA60>, gamma=None, gammaErrorPolicy='raise', lms=UNKNOWN, monitor=<psychopy.monitors.calibTools.Monitor object at 0x00000291059F5340>, multiSample=False, name='window1', numSamples=2, pos=(0, 0), screen=0, size=array([1920, 1080]), stencilBits=0, stereo=False, units='height', useFBO=True, useRetina=False, viewOri=0.0, viewPos=None, viewScale=None, waitBlanking=True, winType='pyglet')
10.5897 	EXP 	window1: mouseVisible = True
10.5898 	EXP 	window1: Attempting to measure frame rate of screen (0) ...
10.5898 	EXP 	window1: recordFrameIntervals = False
10.7547 	EXP 	window1: recordFrameIntervals = True
10.9383 	EXP 	Screen (0) actual frame rate measured at 60.05Hz
10.9384 	EXP 	window1: recordFrameIntervals = False
14.7417 	INFO 	keyboard.Keyboard is using iohub backend.
14.9163 	EXP 	Created welcome_text = TextStim(__class__=<class 'psychopy.visual.text.TextStim'>, alignHoriz=method-wrapper(...), alignText='center', alignVert=method-wrapper(...), anchorHoriz='center', anchorVert='center', antialias=True, autoDraw=False, autoLog=True, bold=False, color=array([1., 1., 1.]), colorSpace='rgb', contrast=1.0, depth=0.0, flipHoriz=False, flipVert=False, font='Arial', fontFiles=[], height=0.04, italic=False, languageStyle='LTR', name='welcome_text', opacity=1.0, ori=0, pos=array([0., 0.]), rgb=UNKNOWN, text=str(...), units='height', win=Window(...), wrapWidth=1.3)
14.9164 	INFO 	keyboard.Keyboard is using iohub backend.
14.9262 	EXP 	Created instructRight_text = TextStim(__class__=<class 'psychopy.visual.text.TextStim'>, alignHoriz=method-wrapper(...), alignText='center', alignVert=method-wrapper(...), anchorHoriz='center', anchorVert='center', antialias=True, autoDraw=False, autoLog=True, bold=False, color=array([1., 1., 1.]), colorSpace='rgb', contrast=1.0, depth=0.0, flipHoriz=False, flipVert=False, font='Arial', fontFiles=[], height=0.04, italic=False, languageStyle='LTR', name='instructRight_text', opacity=1.0, ori=0, pos=array([0., 0.]), rgb=UNKNOWN, text=str(...), units='height', win=Window(...), wrapWidth=1.3)
14.9955 	EXP 	Created instructRight_centerImg = ImageStim(__class__=<class 'psychopy.visual.image.ImageStim'>, anchor=('center', 'center'), autoLog=True, color=array([1., 1., 1.]), colorSpace='rgb', contrast=1.0, depth=-1.0, flipHoriz=False, flipVert=False, image='img/rightArrow.png', interpolate=True, mask=None, maskParams=None, name='instructRight_centerImg', opacity=1.0, ori=0.0, pos=array([ 0. , -0.3]), size=array([0.02, 0.02]), texRes=512, units='height', win=Window(...))
15.0547 	EXP 	Created instructRight_rightImg1 = ImageStim(__class__=<class 'psychopy.visual.image.ImageStim'>, anchor=('center', 'center'), autoLog=True, color=array([1., 1., 1.]), colorSpace='rgb', contrast=1.0, depth=-2.0, flipHoriz=False, flipVert=False, image='img/rightArrow.png', interpolate=True, mask=None, maskParams=None, name='instructRight_rightImg1', opacity=1.0, ori=0.0, pos=array([ 0.03, -0.3 ]), size=array([0.02, 0.02]), texRes=512, units='height', win=Window(...))
15.1158 	EXP 	Created instructRight_leftImg1 = ImageStim(__class__=<class 'psychopy.visual.image.ImageStim'>, anchor=('center', 'center'), autoLog=True, color=array([1., 1., 1.]), colorSpace='rgb', contrast=1.0, depth=-3.0, flipHoriz=False, flipVert=False, image='img/rightArrow.png', interpolate=True, mask=None, maskParams=None, name='instructRight_leftImg1', opacity=1.0, ori=0.0, pos=array([-0.03, -0.3 ]), size=array([0.02, 0.02]), texRes=512, units='height', win=Window(...))
15.1158 	INFO 	keyboard.Keyboard is using iohub backend.
15.1275 	EXP 	Created instructLeft_text = TextStim(__class__=<class 'psychopy.visual.text.TextStim'>, alignHoriz=method-wrapper(...), alignText='center', alignVert=method-wrapper(...), anchorHoriz='center', anchorVert='center', antialias=True, autoDraw=False, autoLog=True, bold=False, color=array([1., 1., 1.]), colorSpace='rgb', contrast=1.0, depth=0.0, flipHoriz=False, flipVert=False, font='Arial', fontFiles=[], height=0.04, italic=False, languageStyle='LTR', name='instructLeft_text', opacity=1.0, ori=0, pos=array([0., 0.]), rgb=UNKNOWN, text=str(...), units='height', win=Window(...), wrapWidth=1.3)
15.1895 	EXP 	Created instructLeft_centerImg = ImageStim(__class__=<class 'psychopy.visual.image.ImageStim'>, anchor=('center', 'center'), autoLog=True, color=array([1., 1., 1.]), colorSpace='rgb', contrast=1.0, depth=-1.0, flipHoriz=False, flipVert=False, image='img/leftArrow.png', interpolate=True, mask=None, maskParams=None, name='instructLeft_centerImg', opacity=1.0, ori=0.0, pos=array([ 0. , -0.3]), size=array([0.02, 0.02]), texRes=512, units='height', win=Window(...))
15.2489 	EXP 	Created instructLeft_rightImg1 = ImageStim(__class__=<class 'psychopy.visual.image.ImageStim'>, anchor=('center', 'center'), autoLog=True, color=array([1., 1., 1.]), colorSpace='rgb', contrast=1.0, depth=-2.0, flipHoriz=False, flipVert=False, image='img/leftArrow.png', interpolate=True, mask=None, maskParams=None, name='instructLeft_rightImg1', opacity=1.0, ori=0.0, pos=array([ 0.03, -0.3 ]), size=array([0.02, 0.02]), texRes=512, units='height', win=Window(...))
15.3090 	EXP 	Created instructLeft_leftImg1 = ImageStim(__class__=<class 'psychopy.visual.image.ImageStim'>, anchor=('center', 'center'), autoLog=True, color=array([1., 1., 1.]), colorSpace='rgb', contrast=1.0, depth=-3.0, flipHoriz=False, flipVert=False, image='img/leftArrow.png', interpolate=True, mask=None, maskParams=None, name='instructLeft_leftImg1', opacity=1.0, ori=0.0, pos=array([-0.03, -0.3 ]), size=array([0.02, 0.02]), texRes=512, units='height', win=Window(...))
15.3090 	INFO 	keyboard.Keyboard is using iohub backend.
15.3376 	EXP 	Created instructInconRight_text = TextStim(__class__=<class 'psychopy.visual.text.TextStim'>, alignHoriz=method-wrapper(...), alignText='center', alignVert=method-wrapper(...), anchorHoriz='center', anchorVert='center', antialias=True, autoDraw=False, autoLog=True, bold=False, color=array([1., 1., 1.]), colorSpace='rgb', contrast=1.0, depth=0.0, flipHoriz=False, flipVert=False, font='Arial', fontFiles=[], height=0.04, italic=False, languageStyle='LTR', name='instructInconRight_text', opacity=1.0, ori=0, pos=array([0., 0.]), rgb=UNKNOWN, text=str(...), units='height', win=Window(...), wrapWidth=1.3)
15.3817 	EXP 	Created instructIncon_centerImg = ImageStim(__class__=<class 'psychopy.visual.image.ImageStim'>, anchor=('center', 'center'), autoLog=True, color=array([1., 1., 1.]), colorSpace='rgb', contrast=1.0, depth=-1.0, flipHoriz=False, flipVert=False, image='img/rightArrow.png', interpolate=True, mask=None, maskParams=None, name='instructIncon_centerImg', opacity=1.0, ori=0.0, pos=array([ 0. , -0.3]), size=array([0.02, 0.02]), texRes=512, units='height', win=Window(...))
15.4291 	EXP 	Created instructIncon_rightImg1 = ImageStim(__class__=<class 'psychopy.visual.image.ImageStim'>, anchor=('center', 'center'), autoLog=True, color=array([1., 1., 1.]), colorSpace='rgb', contrast=1.0, depth=-2.0, flipHoriz=False, flipVert=False, image='img/leftArrow.png', interpolate=True, mask=None, maskParams=None, name='instructIncon_rightImg1', opacity=1.0, ori=0.0, pos=array([ 0.03, -0.3 ]), size=array([0.02, 0.02]), texRes=512, units='height', win=Window(...))
15.4749 	EXP 	Created instructIncon_leftImg1 = ImageStim(__class__=<class 'psychopy.visual.image.ImageStim'>, anchor=('center', 'center'), autoLog=True, color=array([1., 1., 1.]), colorSpace='rgb', contrast=1.0, depth=-3.0, flipHoriz=False, flipVert=False, image='img/leftArrow.png', interpolate=True, mask=None, maskParams=None, name='instructIncon_leftImg1', opacity=1.0, ori=0.0, pos=array([-0.03, -0.3 ]), size=array([0.02, 0.02]), texRes=512, units='height', win=Window(...))
15.4749 	INFO 	keyboard.Keyboard is using iohub backend.
15.4838 	EXP 	Created instructInconLeft_text = TextStim(__class__=<class 'psychopy.visual.text.TextStim'>, alignHoriz=method-wrapper(...), alignText='center', alignVert=method-wrapper(...), anchorHoriz='center', anchorVert='center', antialias=True, autoDraw=False, autoLog=True, bold=False, color=array([1., 1., 1.]), colorSpace='rgb', contrast=1.0, depth=0.0, flipHoriz=False, flipVert=False, font='Arial', fontFiles=[], height=0.04, italic=False, languageStyle='LTR', name='instructInconLeft_text', opacity=1.0, ori=0, pos=array([0., 0.]), rgb=UNKNOWN, text=str(...), units='height', win=Window(...), wrapWidth=1.3)
15.5291 	EXP 	Created instructInconLeft_centerImg = ImageStim(__class__=<class 'psychopy.visual.image.ImageStim'>, anchor=('center', 'center'), autoLog=True, color=array([1., 1., 1.]), colorSpace='rgb', contrast=1.0, depth=-1.0, flipHoriz=False, flipVert=False, image='img/leftArrow.png', interpolate=True, mask=None, maskParams=None, name='instructInconLeft_centerImg', opacity=1.0, ori=0.0, pos=array([ 0. , -0.3]), size=array([0.02, 0.02]), texRes=512, units='height', win=Window(...))
15.5748 	EXP 	Created instructInconLeft_rightImg1 = ImageStim(__class__=<class 'psychopy.visual.image.ImageStim'>, anchor=('center', 'center'), autoLog=True, color=array([1., 1., 1.]), colorSpace='rgb', contrast=1.0, depth=-2.0, flipHoriz=False, flipVert=False, image='img/rightArrow.png', interpolate=True, mask=None, maskParams=None, name='instructInconLeft_rightImg1', opacity=1.0, ori=0.0, pos=array([ 0.03, -0.3 ]), size=array([0.02, 0.02]), texRes=512, units='height', win=Window(...))
15.6235 	EXP 	Created instructInconLeft_leftImg1 = ImageStim(__class__=<class 'psychopy.visual.image.ImageStim'>, anchor=('center', 'center'), autoLog=True, color=array([1., 1., 1.]), colorSpace='rgb', contrast=1.0, depth=-3.0, flipHoriz=False, flipVert=False, image='img/rightArrow.png', interpolate=True, mask=None, maskParams=None, name='instructInconLeft_leftImg1', opacity=1.0, ori=0.0, pos=array([-0.03, -0.3 ]), size=array([0.02, 0.02]), texRes=512, units='height', win=Window(...))
15.6235 	INFO 	keyboard.Keyboard is using iohub backend.
15.6498 	EXP 	Created prac_blockText = TextStim(__class__=<class 'psychopy.visual.text.TextStim'>, alignHoriz=method-wrapper(...), alignText='center', alignVert=method-wrapper(...), anchorHoriz='center', anchorVert='center', antialias=True, autoDraw=False, autoLog=True, bold=False, color=array([1., 1., 1.]), colorSpace='rgb', contrast=1.0, depth=-1.0, flipHoriz=False, flipVert=False, font='Arial', fontFiles=[], height=0.06, italic=False, languageStyle='LTR', name='prac_blockText', opacity=1.0, ori=0.0, pos=array([0. , 0.3]), rgb=UNKNOWN, text='Practice', units='height', win=Window(...), wrapWidth=1.3)
15.6691 	EXP 	Created prac_reminder_text = TextStim(__class__=<class 'psychopy.visual.text.TextStim'>, alignHoriz=method-wrapper(...), alignText='center', alignVert=method-wrapper(...), anchorHoriz='center', anchorVert='center', antialias=True, autoDraw=False, autoLog=True, bold=False, color=array([1., 1., 1.]), colorSpace='rgb', contrast=1.0, depth=-2.0, flipHoriz=False, flipVert=False, font='Arial', fontFiles=[], height=0.04, italic=False, languageStyle='LTR', name='prac_reminder_text', opacity=1.0, ori=0, pos=array([0., 0.]), rgb=UNKNOWN, text=str(...), units='height', win=Window(...), wrapWidth=1.3)
15.6692 	INFO 	keyboard.Keyboard is using iohub backend.
15.6739 	EXP 	Created initFixation_img = ImageStim(__class__=<class 'psychopy.visual.image.ImageStim'>, anchor=('center', 'center'), autoLog=True, color=array([1., 1., 1.]), colorSpace='rgb', contrast=1.0, depth=0.0, flipHoriz=False, flipVert=False, image='sin', interpolate=True, mask=None, maskParams=None, name='initFixation_img', opacity=1.0, ori=0.0, pos=array([ 0.   , -0.015]), size=array([0.26, 0.22]), texRes=512, units='height', win=Window(...))
15.6787 	EXP 	Created bigFace = ImageStim(__class__=<class 'psychopy.visual.image.ImageStim'>, anchor=('center', 'center'), autoLog=True, color=array([1., 1., 1.]), colorSpace='rgb', contrast=1.0, depth=-1.0, flipHoriz=False, flipVert=False, image='sin', interpolate=True, mask=None, maskParams=None, name='bigFace', opacity=0.85, ori=0.0, pos=array([0., 0.]), size=array([0.4267, 0.3   ]), texRes=128.0, units='height', win=Window(...))
15.6835 	EXP 	Created cover_background_2 = ImageStim(__class__=<class 'psychopy.visual.image.ImageStim'>, anchor=('center', 'center'), autoLog=True, color=array([1., 1., 1.]), colorSpace='rgb', contrast=1.0, depth=-2.0, flipHoriz=False, flipVert=False, image='sin', interpolate=True, mask=None, maskParams=None, name='cover_background_2', opacity=1.0, ori=0.0, pos=array([ 0.   , -0.015]), size=array([0.26, 0.22]), texRes=128.0, units='height', win=Window(...))
15.6883 	EXP 	Created prac_centerImg = ImageStim(__class__=<class 'psychopy.visual.image.ImageStim'>, anchor=('center', 'center'), autoLog=True, color=array([1., 1., 1.]), colorSpace='rgb', contrast=1.0, depth=-3.0, flipHoriz=False, flipVert=False, image='sin', interpolate=True, mask=None, maskParams=None, name='prac_centerImg', opacity=1.0, ori=0.0, pos=array([0., 0.]), size=array([1., 1.]), texRes=512, units='height', win=Window(...))
15.6930 	EXP 	Created prac_rightImg1 = ImageStim(__class__=<class 'psychopy.visual.image.ImageStim'>, anchor=('center', 'center'), autoLog=True, color=array([1., 1., 1.]), colorSpace='rgb', contrast=1.0, depth=-4.0, flipHoriz=False, flipVert=False, image='sin', interpolate=True, mask=None, maskParams=None, name='prac_rightImg1', opacity=1.0, ori=0.0, pos=array([0., 0.]), size=array([1., 1.]), texRes=512, units='height', win=Window(...))
15.6981 	EXP 	Created prac_rightImg2 = ImageStim(__class__=<class 'psychopy.visual.image.ImageStim'>, anchor=('center', 'center'), autoLog=True, color=array([1., 1., 1.]), colorSpace='rgb', contrast=1.0, depth=-5.0, flipHoriz=False, flipVert=False, image='sin', interpolate=True, mask=None, maskParams=None, name='prac_rightImg2', opacity=1.0, ori=0.0, pos=array([0., 0.]), size=array([1., 1.]), texRes=512, units='height', win=Window(...))
15.7036 	EXP 	Created prac_leftImg1 = ImageStim(__class__=<class 'psychopy.visual.image.ImageStim'>, anchor=('center', 'center'), autoLog=True, color=array([1., 1., 1.]), colorSpace='rgb', contrast=1.0, depth=-6.0, flipHoriz=False, flipVert=False, image='sin', interpolate=True, mask=None, maskParams=None, name='prac_leftImg1', opacity=1.0, ori=0.0, pos=array([0., 0.]), size=array([1., 1.]), texRes=512, units='height', win=Window(...))
15.7089 	EXP 	Created prac_leftImg2 = ImageStim(__class__=<class 'psychopy.visual.image.ImageStim'>, anchor=('center', 'center'), autoLog=True, color=array([1., 1., 1.]), colorSpace='rgb', contrast=1.0, depth=-7.0, flipHoriz=False, flipVert=False, image='sin', interpolate=True, mask=None, maskParams=None, name='prac_leftImg2', opacity=1.0, ori=0.0, pos=array([0., 0.]), size=array([1., 1.]), texRes=512, units='height', win=Window(...))
15.7140 	EXP 	Created prac_fixImg = ImageStim(__class__=<class 'psychopy.visual.image.ImageStim'>, anchor=('center', 'center'), autoLog=True, color=array([1., 1., 1.]), colorSpace='rgb', contrast=1.0, depth=-8.0, flipHoriz=False, flipVert=False, image='sin', interpolate=True, mask=None, maskParams=None, name='prac_fixImg', opacity=1.0, ori=0.0, pos=array([ 0.   , -0.015]), size=array([0.26, 0.22]), texRes=512, units='height', win=Window(...))
15.7140 	INFO 	keyboard.Keyboard is using iohub backend.
15.7153 	EXP 	Created prac_blockFeed_text = TextStim(__class__=<class 'psychopy.visual.text.TextStim'>, alignHoriz=method-wrapper(...), alignText='center', alignVert=method-wrapper(...), anchorHoriz='center', anchorVert='center', antialias=True, autoDraw=False, autoLog=True, bold=False, color=array([1., 1., 1.]), colorSpace='rgb', contrast=1.0, depth=-1.0, flipHoriz=False, flipVert=False, font='Arial', fontFiles=[], height=0.04, italic=False, languageStyle='LTR', name='prac_blockFeed_text', opacity=1.0, ori=0, pos=array([0., 0.]), rgb=UNKNOWN, text='', units='height', win=Window(...), wrapWidth=1.3)
15.7194 	EXP 	Created prac_pressContinue = TextStim(__class__=<class 'psychopy.visual.text.TextStim'>, alignHoriz=method-wrapper(...), alignText='center', alignVert=method-wrapper(...), anchorHoriz='center', anchorVert='center', antialias=True, autoDraw=False, autoLog=True, bold=False, color=array([1., 1., 1.]), colorSpace='rgb', contrast=1.0, depth=-2.0, flipHoriz=False, flipVert=False, font='Arial', fontFiles=[], height=0.04, italic=False, languageStyle='LTR', name='prac_pressContinue', opacity=1.0, ori=0.0, pos=array([ 0. , -0.3]), rgb=UNKNOWN, text='Press the right key', units='height', win=Window(...), wrapWidth=1.3)
15.7195 	INFO 	keyboard.Keyboard is using iohub backend.
15.7208 	EXP 	Created task_blockText = TextStim(__class__=<class 'psychopy.visual.text.TextStim'>, alignHoriz=method-wrapper(...), alignText='center', alignVert=method-wrapper(...), anchorHoriz='center', anchorVert='center', antialias=True, autoDraw=False, autoLog=True, bold=False, color=array([1., 1., 1.]), colorSpace='rgb', contrast=1.0, depth=-1.0, flipHoriz=False, flipVert=False, font='Arial', fontFiles=[], height=0.06, italic=False, languageStyle='LTR', name='task_blockText', opacity=1.0, ori=0.0, pos=array([0. , 0.3]), rgb=UNKNOWN, text='', units='height', win=Window(...), wrapWidth=1.3)
15.7329 	EXP 	Created task_blockReminders_text = TextStim(__class__=<class 'psychopy.visual.text.TextStim'>, alignHoriz=method-wrapper(...), alignText='center', alignVert=method-wrapper(...), anchorHoriz='center', anchorVert='center', antialias=True, autoDraw=False, autoLog=True, bold=False, color=array([1., 1., 1.]), colorSpace='rgb', contrast=1.0, depth=-2.0, flipHoriz=False, flipVert=False, font='Arial', fontFiles=[], height=0.04, italic=False, languageStyle='LTR', name='task_blockReminders_text', opacity=1.0, ori=0, pos=array([0., 0.]), rgb=UNKNOWN, text=str(...), units='height', win=Window(...), wrapWidth=1.3)
15.7329 	INFO 	keyboard.Keyboard is using iohub backend.
15.7381 	EXP 	Created initFixation_img = ImageStim(__class__=<class 'psychopy.visual.image.ImageStim'>, anchor=('center', 'center'), autoLog=True, color=array([1., 1., 1.]), colorSpace='rgb', contrast=1.0, depth=0.0, flipHoriz=False, flipVert=False, image='sin', interpolate=True, mask=None, maskParams=None, name='initFixation_img', opacity=1.0, ori=0.0, pos=array([ 0.   , -0.015]), size=array([0.26, 0.22]), texRes=512, units='height', win=Window(...))
15.7433 	EXP 	Created bigFace_2 = ImageStim(__class__=<class 'psychopy.visual.image.ImageStim'>, anchor=('center', 'center'), autoLog=True, color=array([1., 1., 1.]), colorSpace='rgb', contrast=1.0, depth=-1.0, flipHoriz=False, flipVert=False, image='sin', interpolate=True, mask=None, maskParams=None, name='bigFace_2', opacity=0.85, ori=0.0, pos=array([0., 0.]), size=array([0.4267, 0.3   ]), texRes=128.0, units='height', win=Window(...))
15.8200 	EXP 	Created cover_background = ImageStim(__class__=<class 'psychopy.visual.image.ImageStim'>, anchor=('center', 'center'), autoLog=True, color=array([1., 1., 1.]), colorSpace='rgb', contrast=1.0, depth=-2.0, flipHoriz=False, flipVert=False, image='img/cover_background.png', interpolate=True, mask=None, maskParams=None, name='cover_background', opacity=1.0, ori=0.0, pos=array([ 0.   , -0.015]), size=array([0.26, 0.22]), texRes=128.0, units='height', win=Window(...))
15.8253 	EXP 	Created task_centerImg = ImageStim(__class__=<class 'psychopy.visual.image.ImageStim'>, anchor=('center', 'center'), autoLog=True, color=array([1., 1., 1.]), colorSpace='rgb', contrast=1.0, depth=-3.0, flipHoriz=False, flipVert=False, image='sin', interpolate=True, mask=None, maskParams=None, name='task_centerImg', opacity=1.0, ori=0.0, pos=array([0., 0.]), size=array([1., 1.]), texRes=512, units='height', win=Window(...))
15.8305 	EXP 	Created task_rightImg1 = ImageStim(__class__=<class 'psychopy.visual.image.ImageStim'>, anchor=('center', 'center'), autoLog=True, color=array([1., 1., 1.]), colorSpace='rgb', contrast=1.0, depth=-4.0, flipHoriz=False, flipVert=False, image='sin', interpolate=True, mask=None, maskParams=None, name='task_rightImg1', opacity=1.0, ori=0.0, pos=array([0., 0.]), size=array([1., 1.]), texRes=512, units='height', win=Window(...))
15.8358 	EXP 	Created task_rightImg2 = ImageStim(__class__=<class 'psychopy.visual.image.ImageStim'>, anchor=('center', 'center'), autoLog=True, color=array([1., 1., 1.]), colorSpace='rgb', contrast=1.0, depth=-5.0, flipHoriz=False, flipVert=False, image='sin', interpolate=True, mask=None, maskParams=None, name='task_rightImg2', opacity=1.0, ori=0.0, pos=array([0., 0.]), size=array([1., 1.]), texRes=512, units='height', win=Window(...))
15.8404 	EXP 	Created task_leftImg1 = ImageStim(__class__=<class 'psychopy.visual.image.ImageStim'>, anchor=('center', 'center'), autoLog=True, color=array([1., 1., 1.]), colorSpace='rgb', contrast=1.0, depth=-6.0, flipHoriz=False, flipVert=False, image='sin', interpolate=True, mask=None, maskParams=None, name='task_leftImg1', opacity=1.0, ori=0.0, pos=array([0., 0.]), size=array([1., 1.]), texRes=512, units='height', win=Window(...))
15.8452 	EXP 	Created task_leftImg2 = ImageStim(__class__=<class 'psychopy.visual.image.ImageStim'>, anchor=('center', 'center'), autoLog=True, color=array([1., 1., 1.]), colorSpace='rgb', contrast=1.0, depth=-7.0, flipHoriz=False, flipVert=False, image='sin', interpolate=True, mask=None, maskParams=None, name='task_leftImg2', opacity=1.0, ori=0.0, pos=array([0., 0.]), size=array([1., 1.]), texRes=512, units='height', win=Window(...))
15.8498 	EXP 	Created task_fixImg = ImageStim(__class__=<class 'psychopy.visual.image.ImageStim'>, anchor=('center', 'center'), autoLog=True, color=array([1., 1., 1.]), colorSpace='rgb', contrast=1.0, depth=-8.0, flipHoriz=False, flipVert=False, image='sin', interpolate=True, mask=None, maskParams=None, name='task_fixImg', opacity=1.0, ori=0.0, pos=array([ 0.   , -0.015]), size=array([0.26, 0.22]), texRes=512, units='height', win=Window(...))
15.8498 	INFO 	keyboard.Keyboard is using iohub backend.
15.8521 	EXP 	Created task_blockFeed_text = TextStim(__class__=<class 'psychopy.visual.text.TextStim'>, alignHoriz=method-wrapper(...), alignText='center', alignVert=method-wrapper(...), anchorHoriz='center', anchorVert='center', antialias=True, autoDraw=False, autoLog=True, bold=False, color=array([1., 1., 1.]), colorSpace='rgb', contrast=1.0, depth=-1.0, flipHoriz=False, flipVert=False, font='Arial', fontFiles=[], height=0.12, italic=False, languageStyle='LTR', name='task_blockFeed_text', opacity=1.0, ori=0, pos=array([0. , 0.1]), rgb=UNKNOWN, text='', units='height', win=Window(...), wrapWidth=1.8)
15.8539 	EXP 	Created task_blockFeed_text2 = TextStim(__class__=<class 'psychopy.visual.text.TextStim'>, alignHoriz=method-wrapper(...), alignText='center', alignVert=method-wrapper(...), anchorHoriz='center', anchorVert='center', antialias=True, autoDraw=False, autoLog=True, bold=False, color=array([1., 1., 1.]), colorSpace='rgb', contrast=1.0, depth=-2.0, flipHoriz=False, flipVert=False, font='Arial', fontFiles=[], height=0.04, italic=False, languageStyle='LTR', name='task_blockFeed_text2', opacity=1.0, ori=0, pos=array([ 0. , -0.3]), rgb=UNKNOWN, text='', units='height', win=Window(...), wrapWidth=1.3)
15.8540 	INFO 	keyboard.Keyboard is using iohub backend.
15.8656 	EXP 	Created fix = TextStim(__class__=<class 'psychopy.visual.text.TextStim'>, alignHoriz=method-wrapper(...), alignText='center', alignVert=method-wrapper(...), anchorHoriz='center', anchorVert='center', antialias=True, autoDraw=False, autoLog=True, bold=False, color=array([1., 1., 1.]), colorSpace='rgb', contrast=1.0, depth=0.0, flipHoriz=False, flipVert=False, font='Open Sans', fontFiles=[], height=0.1, italic=False, languageStyle='LTR', name='fix', opacity=1.0, ori=0.0, pos=array([0., 0.]), rgb=UNKNOWN, text='+', units='height', win=Window(...), wrapWidth=1)
15.8927 	EXP 	Created errorNumbers_text_2 = TextStim(__class__=<class 'psychopy.visual.text.TextStim'>, alignHoriz=method-wrapper(...), alignText='center', alignVert=method-wrapper(...), anchorHoriz='center', anchorVert='center', antialias=True, autoDraw=False, autoLog=True, bold=False, color=array([1., 1., 1.]), colorSpace='rgb', contrast=1.0, depth=-1.0, flipHoriz=False, flipVert=False, font='Open Sans', fontFiles=[], height=0.03, italic=False, languageStyle='LTR', name='errorNumbers_text_2', opacity=1.0, ori=0.0, pos=array([0.  , 0.12]), rgb=UNKNOWN, text=str(...), units='height', win=Window(...), wrapWidth=1)
15.9105 	INFO 	keyboard.Keyboard is using iohub backend.
15.9272 	EXP 	Created botherRate_text = TextStim(__class__=<class 'psychopy.visual.text.TextStim'>, alignHoriz=method-wrapper(...), alignText='center', alignVert=method-wrapper(...), anchorHoriz='center', anchorVert='center', antialias=True, autoDraw=False, autoLog=True, bold=False, color=array([1., 1., 1.]), colorSpace='rgb', contrast=1.0, depth=-1.0, flipHoriz=False, flipVert=False, font='Open Sans', fontFiles=[], height=0.03, italic=False, languageStyle='LTR', name='botherRate_text', opacity=1.0, ori=0.0, pos=array([0.  , 0.12]), rgb=UNKNOWN, text=str(...), units='height', win=Window(...), wrapWidth=1)
15.9428 	INFO 	keyboard.Keyboard is using iohub backend.
15.9750 	EXP 	Created instruct_surprise1 = TextStim(__class__=<class 'psychopy.visual.text.TextStim'>, alignHoriz=method-wrapper(...), alignText='center', alignVert=method-wrapper(...), anchorHoriz='center', anchorVert='center', antialias=True, autoDraw=False, autoLog=True, bold=False, color=array([1., 1., 1.]), colorSpace='rgb', contrast=1.0, depth=0.0, flipHoriz=False, flipVert=False, font='Open Sans', fontFiles=[], height=0.04, italic=False, languageStyle='LTR', name='instruct_surprise1', opacity=1.0, ori=0.0, pos=array([0., 0.]), rgb=UNKNOWN, text=str(...), units='height', win=Window(...), wrapWidth=1)
15.9750 	INFO 	keyboard.Keyboard is using iohub backend.
15.9764 	EXP 	Created instructMainTask_text = TextStim(__class__=<class 'psychopy.visual.text.TextStim'>, alignHoriz=method-wrapper(...), alignText='center', alignVert=method-wrapper(...), anchorHoriz='center', anchorVert='center', antialias=True, autoDraw=False, autoLog=True, bold=False, color=array([1., 1., 1.]), colorSpace='rgb', contrast=1.0, depth=0.0, flipHoriz=False, flipVert=False, font='Arial', fontFiles=[], height=0.04, italic=False, languageStyle='LTR', name='instructMainTask_text', opacity=1.0, ori=0, pos=array([0., 0.]), rgb=UNKNOWN, text='', units='height', win=Window(...), wrapWidth=1.3)
15.9764 	INFO 	keyboard.Keyboard is using iohub backend.
15.9797 	EXP 	Created first_surpStimuli_2 = ImageStim(__class__=<class 'psychopy.visual.image.ImageStim'>, anchor=('center', 'center'), autoLog=True, color=array([1., 1., 1.]), colorSpace='rgb', contrast=1.0, depth=0.0, flipHoriz=False, flipVert=False, image='sin', interpolate=True, mask=None, maskParams=None, name='first_surpStimuli_2', opacity=1.0, ori=0.0, pos=array([0., 0.]), size=array([0.45514667, 0.32      ]), texRes=128.0, units='height', win=Window(...))
15.9820 	EXP 	Created topQ_2 = TextStim(__class__=<class 'psychopy.visual.text.TextStim'>, alignHoriz=method-wrapper(...), alignText='center', alignVert=method-wrapper(...), anchorHoriz='center', anchorVert='center', antialias=True, autoDraw=False, autoLog=True, bold=False, color=array([1., 1., 1.]), colorSpace='rgb', contrast=1.0, depth=-1.0, flipHoriz=False, flipVert=False, font='Open Sans', fontFiles=[], height=1.0, italic=False, languageStyle='LTR', name='topQ_2', opacity=1.0, ori=0.0, pos=array([0., 0.]), rgb=UNKNOWN, text='', units='height', win=Window(...), wrapWidth=1)
15.9820 	INFO 	keyboard.Keyboard is using iohub backend.
15.9926 	EXP 	window1: mouseVisible = True
16.0136 	DEBUG 	TextBox2 loaded 1 chars with 0 blanks and 1 valid
16.0155 	DEBUG 	TextBox2 loaded 1 chars with 0 blanks and 1 valid
16.0173 	DEBUG 	TextBox2 loaded 1 chars with 0 blanks and 1 valid
16.0189 	DEBUG 	TextBox2 loaded 1 chars with 0 blanks and 1 valid
16.0207 	DEBUG 	TextBox2 loaded 1 chars with 0 blanks and 1 valid
16.0224 	DEBUG 	TextBox2 loaded 1 chars with 0 blanks and 1 valid
16.0240 	DEBUG 	TextBox2 loaded 1 chars with 0 blanks and 1 valid
16.0259 	DEBUG 	TextBox2 loaded 1 chars with 0 blanks and 1 valid
16.0273 	DEBUG 	TextBox2 loaded 1 chars with 0 blanks and 1 valid
16.0287 	DEBUG 	TextBox2 loaded 1 chars with 0 blanks and 1 valid
16.0307 	DEBUG 	TextBox2 loaded 1 chars with 0 blanks and 1 valid
16.0310 	DEBUG 	Uploading Texture Font fontname to graphics card
16.0404 	DEBUG 	Upload of Texture Font fontname complete
16.0595 	DEBUG 	TextBox2 loaded 1 chars with 0 blanks and 1 valid
16.0614 	DEBUG 	TextBox2 loaded 1 chars with 0 blanks and 1 valid
16.0637 	DEBUG 	TextBox2 loaded 1 chars with 0 blanks and 1 valid
16.0656 	DEBUG 	TextBox2 loaded 1 chars with 0 blanks and 1 valid
16.0674 	DEBUG 	TextBox2 loaded 1 chars with 0 blanks and 1 valid
16.0678 	DEBUG 	Uploading Texture Font fontname to graphics card
16.0765 	DEBUG 	Upload of Texture Font fontname complete
16.0958 	DEBUG 	TextBox2 loaded 1 chars with 0 blanks and 1 valid
16.0962 	DEBUG 	Uploading Texture Font fontname to graphics card
16.1035 	DEBUG 	Upload of Texture Font fontname complete
16.1228 	DEBUG 	TextBox2 loaded 1 chars with 0 blanks and 1 valid
16.1232 	DEBUG 	Uploading Texture Font fontname to graphics card
16.1307 	DEBUG 	Upload of Texture Font fontname complete
16.2106 	EXP 	Created first_slider_2 = Slider(__class__=<class 'psychopy.visual.slider.Slider'>, autoDraw=False, autoLog=True, borderColor=None, color=None, colorSpace='rgb', depth=-3, fillColor=None, flip=False, font='Open Sans', granularity=1.0, labelColor=None, labelHeight=0.022, labelWrapWidth=None, labels=list(...), lineColor=None, markerColor=None, name='first_slider_2', opacity=None, ori=0.0, pos=array([0. , 0.3]), readOnly=False, self=UNKNOWN, size=array([1.   , 0.022]), startValue=None, style='rating', styleTweaks=[], ticks=array([1, 2, 3, 4, 5, 6]), units='height', win=Window(...))
16.2144 	EXP 	Created first_surpStimuli = ImageStim(__class__=<class 'psychopy.visual.image.ImageStim'>, anchor=('center', 'center'), autoLog=True, color=array([1., 1., 1.]), colorSpace='rgb', contrast=1.0, depth=0.0, flipHoriz=False, flipVert=False, image='sin', interpolate=True, mask=None, maskParams=None, name='first_surpStimuli', opacity=1.0, ori=0.0, pos=array([0., 0.]), size=array([0.45514667, 0.32      ]), texRes=128.0, units='height', win=Window(...))
16.2157 	EXP 	Created topQ = TextStim(__class__=<class 'psychopy.visual.text.TextStim'>, alignHoriz=method-wrapper(...), alignText='center', alignVert=method-wrapper(...), anchorHoriz='center', anchorVert='center', antialias=True, autoDraw=False, autoLog=True, bold=False, color=array([1., 1., 1.]), colorSpace='rgb', contrast=1.0, depth=-1.0, flipHoriz=False, flipVert=False, font='Open Sans', fontFiles=[], height=1.0, italic=False, languageStyle='LTR', name='topQ', opacity=1.0, ori=0.0, pos=array([0., 0.]), rgb=UNKNOWN, text='', units='height', win=Window(...), wrapWidth=1)
16.2158 	INFO 	keyboard.Keyboard is using iohub backend.
16.2226 	EXP 	window1: mouseVisible = True
16.2439 	DEBUG 	TextBox2 loaded 1 chars with 0 blanks and 1 valid
16.2458 	DEBUG 	TextBox2 loaded 1 chars with 0 blanks and 1 valid
16.2478 	DEBUG 	TextBox2 loaded 1 chars with 0 blanks and 1 valid
16.2480 	DEBUG 	Uploading Texture Font fontname to graphics card
16.2558 	DEBUG 	Upload of Texture Font fontname complete
16.3087 	DEBUG 	TextBox2 loaded 1 chars with 0 blanks and 1 valid
16.3090 	DEBUG 	Uploading Texture Font fontname to graphics card
16.3161 	DEBUG 	Upload of Texture Font fontname complete
16.3988 	EXP 	Created first_slider = Slider(__class__=<class 'psychopy.visual.slider.Slider'>, autoDraw=False, autoLog=True, borderColor=None, color=None, colorSpace='rgb', depth=-3, fillColor=None, flip=False, font='Open Sans', granularity=1.0, labelColor=None, labelHeight=0.022, labelWrapWidth=None, labels=list(...), lineColor=None, markerColor=None, name='first_slider', opacity=None, ori=0.0, pos=array([0. , 0.3]), readOnly=False, self=UNKNOWN, size=array([1.   , 0.022]), startValue=None, style='rating', styleTweaks=[], ticks=array([1, 2, 3, 4, 5, 6]), units='height', win=Window(...))
16.4163 	EXP 	Created finishMessage_text = TextStim(__class__=<class 'psychopy.visual.text.TextStim'>, alignHoriz=method-wrapper(...), alignText='center', alignVert=method-wrapper(...), anchorHoriz='center', anchorVert='center', antialias=True, autoDraw=False, autoLog=True, bold=False, color=array([1., 1., 1.]), colorSpace='rgb', contrast=1.0, depth=0.0, flipHoriz=False, flipVert=False, font='Arial', fontFiles=[], height=0.04, italic=False, languageStyle='LTR', name='finishMessage_text', opacity=1.0, ori=0, pos=array([0., 0.]), rgb=UNKNOWN, text='Thank you for your participation!', units='height', win=Window(...), wrapWidth=1.3)
16.4259 	EXP 	textbox_2: autoLog = True
16.4259 	EXP 	textbox_3: autoLog = True
16.4259 	EXP 	first_slider_2: autoLog = True
16.4259 	EXP 	first_slider_2: markerPos = None
16.4259 	EXP 	first_slider_2: styleTweaks = []
16.4259 	EXP 	first_slider_2: styleTweaks = []
16.4259 	EXP 	first_slider_2: styleTweaks = []
16.4259 	EXP 	first_slider_2: styleTweaks = []
16.4259 	EXP 	first_slider_2: contrast = 1.0
16.4259 	EXP 	first_slider_2: autoLog = True
16.4259 	EXP 	first_slider: autoLog = True
16.4259 	EXP 	first_slider: markerPos = None
16.4259 	EXP 	first_slider: styleTweaks = []
16.4259 	EXP 	first_slider: styleTweaks = []
16.4259 	EXP 	first_slider: styleTweaks = []
16.4259 	EXP 	first_slider: styleTweaks = []
16.4259 	EXP 	first_slider: contrast = 1.0
16.4259 	EXP 	first_slider: autoLog = True
16.4259 	EXP 	welcome_text: autoDraw = True
18.5078 	DATA 	Keypress: 8
18.5170 	DEBUG 	TextBox2 loaded 1 chars with 0 blanks and 1 valid
18.5177 	DEBUG 	Uploading Texture Font fontname to graphics card
18.5207 	DEBUG 	Upload of Texture Font fontname complete
18.5282 	EXP 	welcome_text: autoDraw = False
18.5282 	EXP 	instructRight_text: autoDraw = True
18.5282 	EXP 	instructRight_centerImg: autoDraw = True
18.5282 	EXP 	instructRight_rightImg1: autoDraw = True
18.5282 	EXP 	instructRight_leftImg1: autoDraw = True
18.9118 	DATA 	Keypress: 8
18.9411 	EXP 	instructRight_text: autoDraw = False
18.9411 	EXP 	instructRight_centerImg: autoDraw = False
18.9411 	EXP 	instructRight_rightImg1: autoDraw = False
18.9411 	EXP 	instructRight_leftImg1: autoDraw = False
18.9411 	EXP 	instructLeft_text: autoDraw = True
18.9411 	EXP 	instructLeft_centerImg: autoDraw = True
18.9411 	EXP 	instructLeft_rightImg1: autoDraw = True
18.9411 	EXP 	instructLeft_leftImg1: autoDraw = True
19.2192 	DATA 	Keypress: 1
19.2335 	DEBUG 	TextBox2 loaded 1 chars with 0 blanks and 1 valid
19.2346 	DEBUG 	Uploading Texture Font fontname to graphics card
19.2363 	DEBUG 	Upload of Texture Font fontname complete
19.2443 	EXP 	instructLeft_text: autoDraw = False
19.2443 	EXP 	instructLeft_centerImg: autoDraw = False
19.2443 	EXP 	instructLeft_rightImg1: autoDraw = False
19.2443 	EXP 	instructLeft_leftImg1: autoDraw = False
19.2443 	EXP 	instructInconRight_text: autoDraw = True
19.2443 	EXP 	instructIncon_centerImg: autoDraw = True
19.2443 	EXP 	instructIncon_rightImg1: autoDraw = True
19.2443 	EXP 	instructIncon_leftImg1: autoDraw = True
19.3924 	DATA 	Keypress: 8
19.4215 	EXP 	instructInconRight_text: autoDraw = False
19.4215 	EXP 	instructIncon_centerImg: autoDraw = False
19.4215 	EXP 	instructIncon_rightImg1: autoDraw = False
19.4215 	EXP 	instructIncon_leftImg1: autoDraw = False
19.4215 	EXP 	instructInconLeft_text: autoDraw = True
19.4215 	EXP 	instructInconLeft_centerImg: autoDraw = True
19.4215 	EXP 	instructInconLeft_rightImg1: autoDraw = True
19.4215 	EXP 	instructInconLeft_leftImg1: autoDraw = True
19.5986 	DEBUG 	Read csv file with pandas: blockSelect_practice.csv
19.6023 	DEBUG 	Clearing unnamed columns from blockSelect_practice.csv
19.6033 	EXP 	Imported blockSelect_practice.csv as conditions, 1 conditions, 1 params
19.6046 	EXP 	Created sequence: random, trialTypes=1, nReps=0, seed=None
19.6103 	DEBUG 	Read csv file with pandas: blockSelect.csv
19.6127 	DEBUG 	Clearing unnamed columns from blockSelect.csv
19.6140 	EXP 	Imported blockSelect.csv as conditions, 10 conditions, 1 params
19.6157 	EXP 	Created sequence: random, trialTypes=10, nReps=0, seed=None
19.6166 	DATA 	Keypress: 1
19.6276 	EXP 	instructInconLeft_text: autoDraw = False
19.6276 	EXP 	instructInconLeft_centerImg: autoDraw = False
19.6276 	EXP 	instructInconLeft_rightImg1: autoDraw = False
19.6276 	EXP 	instructInconLeft_leftImg1: autoDraw = False
19.6276 	EXP 	fix: autoDraw = True
19.7260 	DATA 	Keypress: 8
20.1322 	EXP 	fix: autoDraw = False
20.1322 	EXP 	errorNumbers_text_2: autoDraw = True
20.1322 	EXP 	textbox_2: autoDraw = True
20.3882 	DATA 	Keypress: space
20.3904 	DEBUG 	TextBox2 loaded 1 chars with 0 blanks and 1 valid
20.3939 	DEBUG 	TextBox2 loaded 1 chars with 0 blanks and 1 valid
20.3943 	DEBUG 	Uploading Texture Font fontname to graphics card
20.3954 	DEBUG 	Upload of Texture Font fontname complete
20.4050 	EXP 	errorNumbers_text_2: autoDraw = False
20.4050 	EXP 	textbox_2: autoDraw = False
20.4050 	EXP 	botherRate_text: autoDraw = True
20.4050 	EXP 	textbox_3: autoDraw = True
20.7639 	DATA 	Keypress: space
20.7873 	EXP 	botherRate_text: autoDraw = False
20.7873 	EXP 	textbox_3: autoDraw = False
20.7873 	EXP 	instruct_surprise1: autoDraw = True
21.2132 	DEBUG 	Read excel file with openpyxl: surpriseBlock_select_B.xlsx
21.2139 	EXP 	Imported surpriseBlock_select_B.xlsx as conditions, 2 conditions, 7 params
21.2143 	EXP 	Created sequence: sequential, trialTypes=2, nReps=1, seed=None
21.2147 	EXP 	New trial (rep=0, index=0): {'whichSurpriseBlock': 'half_surp_table2.csv', 'topQ_1': 'Approving or Disapproving?', 'bottomQ_2': 'Old or New?', 'fTick': [1, 2, 3, 4, 5, 6], 'fLabel': '["Definitely approving", "Probably approving", "Maybe approving", "Maybe disapproving", "Probably disapproving", "Definitely disapproving"] \xa0', 'newKey': 'right', 'taskTextSource': 'In this round, press Left key when the face is OLD and the Right key when it is new.\n\nTo get ready, rest your right and left index fingers on the right and left buttons, then press the right button when you are ready to begin.'}
21.2341 	DATA 	Keypress: 8
21.2374 	EXP 	instruct_surprise1: autoDraw = False
21.2374 	EXP 	instructMainTask_text: height = 0.04
21.2374 	EXP 	instructMainTask_text: height = 0.04
21.2374 	EXP 	instructMainTask_text: height = 0.04
21.2374 	EXP 	instructMainTask_text: text = 'In this round, press Left key when the face is OLD and the Right key when it is new.\n\nTo get ready, rest your right and left index fingers on the right and left buttons, then press the right button when you are ready to begin.'
21.2374 	EXP 	instructMainTask_text: autoDraw = True
21.6363 	DEBUG 	Read csv file with pandas: half_surp_table2.csv
21.6376 	DEBUG 	Clearing unnamed columns from half_surp_table2.csv
21.6397 	EXP 	Imported half_surp_table2.csv as conditions, 240 conditions, 1 params
21.6411 	EXP 	Created sequence: random, trialTypes=240, nReps=1, seed=None
21.6413 	EXP 	New trial (rep=0, index=0): OrderedDict([('surp_csv_name', 'csv_files/surprise_csv_files/surpriseTable_row108.csv')])
21.6477 	DEBUG 	Read csv file with pandas: csv_files/surprise_csv_files/surpriseTable_row108.csv
21.6485 	DEBUG 	Clearing unnamed columns from csv_files/surprise_csv_files/surpriseTable_row108.csv
21.6488 	EXP 	Imported csv_files/surprise_csv_files/surpriseTable_row108.csv as conditions, 1 conditions, 2 params
21.6491 	EXP 	Created sequence: random, trialTypes=1, nReps=1, seed=None
21.6494 	EXP 	New trial (rep=0, index=0): OrderedDict([('surpriseFaces', 'img/neutralC/CFD-IF-710-016-N.jpg'), ('new', 0)])
23.2834 	DATA 	Keypress: 8
23.2994 	EXP 	instructMainTask_text: autoDraw = False
23.2994 	EXP 	first_surpStimuli_2: image = 'img/neutralC/CFD-IF-710-016-N.jpg'
23.2994 	EXP 	topQ_2: height = 1.0
23.2994 	EXP 	topQ_2: height = 1.0
23.2994 	EXP 	topQ_2: height = 1.0
23.2994 	EXP 	topQ_2: text = 'Approving or Disapproving?'
23.2994 	EXP 	topQ_2: height = 0.045
23.2994 	EXP 	first_slider_2: markerPos = None
23.2994 	EXP 	first_slider_2: markerPos = None
23.2994 	EXP 	first_surpStimuli_2: autoDraw = False
23.2994 	EXP 	topQ_2: autoDraw = False
23.2994 	EXP 	first_slider_2: autoDraw = False
23.2994 	EXP 	first_surpStimuli: image = 'img/neutralC/CFD-IF-710-016-N.jpg'
23.2994 	EXP 	topQ: height = 1.0
23.2994 	EXP 	topQ: height = 1.0
23.2994 	EXP 	topQ: height = 1.0
23.2994 	EXP 	topQ: text = 'Approving or Disapproving?'
23.2994 	EXP 	topQ: height = 0.025
23.2994 	EXP 	first_slider: markerPos = None
23.2994 	EXP 	first_slider: markerPos = None
23.2994 	EXP 	first_surpStimuli: autoDraw = True
23.2994 	EXP 	topQ: autoDraw = True
23.2994 	EXP 	first_slider: autoDraw = True
23.2994 	EXP 	topQ: height = 0.025
23.2994 	EXP 	topQ: height = 0.025
23.2994 	EXP 	topQ: height = 0.025
23.2994 	EXP 	topQ: text = 'Approving or Disapproving?'
36.0048 	DATA 	Keypress: escape
36.9627 	EXP 	window1: mouseVisible = True
36.9628 	DEBUG 	Saving data for mfe_flanker_v1 ExperimentHandler
36.9642 	INFO 	saved data to C:\Users\kihossei\Documents\GitHub\memory-for-error-dataset\materials\experiments\mfeFlanker\data/_mfe_flanker_v1_2022-08-11_12h32.48.606.psydat
36.9659 	INFO 	saved data to 'C:\\Users\\kihossei\\Documents\\GitHub\\memory-for-error-dataset\\materials\\experiments\\mfeFlanker\\data/_mfe_flanker_v1_2022-08-11_12h32.48.606.csv'
