2.3161 	WARNING 	We strongly recommend you activate the PTB sound engine in PsychoPy prefs as the preferred audio engine. Its timing is vastly superior. Your prefs are currently set to use ['sounddevice', 'PTB', 'pyo', 'pygame'] (in that order).
8.4897 	INFO 	Loaded monitor calibration from ['2022_06_03 06:43']
8.4907 	ERROR 	'0.5000, 0.5000, 0.5000' is not a valid rgb color
9.5575 	EXP 	Created window1 = Window(allowGUI=True, allowStencil=False, autoLog=True, backendConf=UNKNOWN, bitsMode=UNKNOWN, blendMode='avg', bpc=(8, 8, 8), color=array([0, 0, 0]), colorSpace='rgb', depthBits=8, fullscr=<method-wrapper '__getattribute__' of attributeSetter object at 0x7fc732f02bb0>, gamma=None, gammaErrorPolicy='raise', lms=UNKNOWN, monitor=<psychopy.monitors.calibTools.Monitor object at 0x7fc705bdb040>, multiSample=False, name='window1', numSamples=2, pos=[360.0, 225.0], screen=0, size=array([2880, 1800]), stencilBits=0, stereo=False, units='height', useFBO=True, useRetina=True, viewOri=0.0, viewPos=None, viewScale=None, waitBlanking=True, winType='pyglet')
9.5577 	EXP 	window1: mouseVisible = True
9.5587 	EXP 	window1: mouseVisible = False
9.5587 	EXP 	window1: Attempting to measure frame rate of screen (0) ...
9.5587 	EXP 	window1: recordFrameIntervals = False
9.7252 	EXP 	window1: recordFrameIntervals = True
9.9078 	EXP 	Screen (0) actual frame rate measured at 60.05Hz
9.9078 	EXP 	window1: recordFrameIntervals = False
13.5090 	INFO 	keyboard.Keyboard is using iohub backend.
13.5952 	EXP 	Created welcome_text = TextStim(__class__=<class 'psychopy.visual.text.TextStim'>, alignHoriz=method-wrapper(...), alignText='center', alignVert=method-wrapper(...), anchorHoriz='center', anchorVert='center', antialias=True, autoDraw=False, autoLog=True, bold=False, color=array([1., 1., 1.]), colorSpace='rgb', contrast=1.0, depth=0.0, flipHoriz=False, flipVert=False, font='Arial', fontFiles=[], height=0.04, italic=False, languageStyle='LTR', name='welcome_text', opacity=1.0, ori=0, pos=array([0., 0.]), rgb=UNKNOWN, text=str(...), units='height', win=Window(...), wrapWidth=1.3)
13.5952 	INFO 	keyboard.Keyboard is using iohub backend.
13.6041 	EXP 	Created instructRight_text = TextStim(__class__=<class 'psychopy.visual.text.TextStim'>, alignHoriz=method-wrapper(...), alignText='center', alignVert=method-wrapper(...), anchorHoriz='center', anchorVert='center', antialias=True, autoDraw=False, autoLog=True, bold=False, color=array([1., 1., 1.]), colorSpace='rgb', contrast=1.0, depth=0.0, flipHoriz=False, flipVert=False, font='Arial', fontFiles=[], height=0.04, italic=False, languageStyle='LTR', name='instructRight_text', opacity=1.0, ori=0, pos=array([0., 0.]), rgb=UNKNOWN, text=str(...), units='height', win=Window(...), wrapWidth=1.3)
13.6876 	EXP 	Created instructRight_centerImg = ImageStim(__class__=<class 'psychopy.visual.image.ImageStim'>, anchor=('center', 'center'), autoLog=True, color=array([1., 1., 1.]), colorSpace='rgb', contrast=1.0, depth=-1.0, flipHoriz=False, flipVert=False, image='img/rightArrow.png', interpolate=True, mask=None, maskParams=None, name='instructRight_centerImg', opacity=1.0, ori=0.0, pos=array([ 0. , -0.3]), size=array([0.02, 0.02]), texRes=512, units='height', win=Window(...))
13.7404 	EXP 	Created instructRight_rightImg1 = ImageStim(__class__=<class 'psychopy.visual.image.ImageStim'>, anchor=('center', 'center'), autoLog=True, color=array([1., 1., 1.]), colorSpace='rgb', contrast=1.0, depth=-2.0, flipHoriz=False, flipVert=False, image='img/rightArrow.png', interpolate=True, mask=None, maskParams=None, name='instructRight_rightImg1', opacity=1.0, ori=0.0, pos=array([ 0.03, -0.3 ]), size=array([0.02, 0.02]), texRes=512, units='height', win=Window(...))
13.7925 	EXP 	Created instructRight_leftImg1 = ImageStim(__class__=<class 'psychopy.visual.image.ImageStim'>, anchor=('center', 'center'), autoLog=True, color=array([1., 1., 1.]), colorSpace='rgb', contrast=1.0, depth=-3.0, flipHoriz=False, flipVert=False, image='img/rightArrow.png', interpolate=True, mask=None, maskParams=None, name='instructRight_leftImg1', opacity=1.0, ori=0.0, pos=array([-0.03, -0.3 ]), size=array([0.02, 0.02]), texRes=512, units='height', win=Window(...))
13.7926 	INFO 	keyboard.Keyboard is using iohub backend.
13.8000 	EXP 	Created instructLeft_text = TextStim(__class__=<class 'psychopy.visual.text.TextStim'>, alignHoriz=method-wrapper(...), alignText='center', alignVert=method-wrapper(...), anchorHoriz='center', anchorVert='center', antialias=True, autoDraw=False, autoLog=True, bold=False, color=array([1., 1., 1.]), colorSpace='rgb', contrast=1.0, depth=0.0, flipHoriz=False, flipVert=False, font='Arial', fontFiles=[], height=0.04, italic=False, languageStyle='LTR', name='instructLeft_text', opacity=1.0, ori=0, pos=array([0., 0.]), rgb=UNKNOWN, text=str(...), units='height', win=Window(...), wrapWidth=1.3)
13.8536 	EXP 	Created instructLeft_centerImg = ImageStim(__class__=<class 'psychopy.visual.image.ImageStim'>, anchor=('center', 'center'), autoLog=True, color=array([1., 1., 1.]), colorSpace='rgb', contrast=1.0, depth=-1.0, flipHoriz=False, flipVert=False, image='img/leftArrow.png', interpolate=True, mask=None, maskParams=None, name='instructLeft_centerImg', opacity=1.0, ori=0.0, pos=array([ 0. , -0.3]), size=array([0.02, 0.02]), texRes=512, units='height', win=Window(...))
13.9046 	EXP 	Created instructLeft_rightImg1 = ImageStim(__class__=<class 'psychopy.visual.image.ImageStim'>, anchor=('center', 'center'), autoLog=True, color=array([1., 1., 1.]), colorSpace='rgb', contrast=1.0, depth=-2.0, flipHoriz=False, flipVert=False, image='img/leftArrow.png', interpolate=True, mask=None, maskParams=None, name='instructLeft_rightImg1', opacity=1.0, ori=0.0, pos=array([ 0.03, -0.3 ]), size=array([0.02, 0.02]), texRes=512, units='height', win=Window(...))
13.9560 	EXP 	Created instructLeft_leftImg1 = ImageStim(__class__=<class 'psychopy.visual.image.ImageStim'>, anchor=('center', 'center'), autoLog=True, color=array([1., 1., 1.]), colorSpace='rgb', contrast=1.0, depth=-3.0, flipHoriz=False, flipVert=False, image='img/leftArrow.png', interpolate=True, mask=None, maskParams=None, name='instructLeft_leftImg1', opacity=1.0, ori=0.0, pos=array([-0.03, -0.3 ]), size=array([0.02, 0.02]), texRes=512, units='height', win=Window(...))
13.9560 	INFO 	keyboard.Keyboard is using iohub backend.
13.9730 	EXP 	Created instructInconRight_text = TextStim(__class__=<class 'psychopy.visual.text.TextStim'>, alignHoriz=method-wrapper(...), alignText='center', alignVert=method-wrapper(...), anchorHoriz='center', anchorVert='center', antialias=True, autoDraw=False, autoLog=True, bold=False, color=array([1., 1., 1.]), colorSpace='rgb', contrast=1.0, depth=0.0, flipHoriz=False, flipVert=False, font='Arial', fontFiles=[], height=0.04, italic=False, languageStyle='LTR', name='instructInconRight_text', opacity=1.0, ori=0, pos=array([0., 0.]), rgb=UNKNOWN, text=str(...), units='height', win=Window(...), wrapWidth=1.3)
14.0254 	EXP 	Created instructIncon_centerImg = ImageStim(__class__=<class 'psychopy.visual.image.ImageStim'>, anchor=('center', 'center'), autoLog=True, color=array([1., 1., 1.]), colorSpace='rgb', contrast=1.0, depth=-1.0, flipHoriz=False, flipVert=False, image='img/rightArrow.png', interpolate=True, mask=None, maskParams=None, name='instructIncon_centerImg', opacity=1.0, ori=0.0, pos=array([ 0. , -0.3]), size=array([0.02, 0.02]), texRes=512, units='height', win=Window(...))
14.0779 	EXP 	Created instructIncon_rightImg1 = ImageStim(__class__=<class 'psychopy.visual.image.ImageStim'>, anchor=('center', 'center'), autoLog=True, color=array([1., 1., 1.]), colorSpace='rgb', contrast=1.0, depth=-2.0, flipHoriz=False, flipVert=False, image='img/leftArrow.png', interpolate=True, mask=None, maskParams=None, name='instructIncon_rightImg1', opacity=1.0, ori=0.0, pos=array([ 0.03, -0.3 ]), size=array([0.02, 0.02]), texRes=512, units='height', win=Window(...))
14.1291 	EXP 	Created instructIncon_leftImg1 = ImageStim(__class__=<class 'psychopy.visual.image.ImageStim'>, anchor=('center', 'center'), autoLog=True, color=array([1., 1., 1.]), colorSpace='rgb', contrast=1.0, depth=-3.0, flipHoriz=False, flipVert=False, image='img/leftArrow.png', interpolate=True, mask=None, maskParams=None, name='instructIncon_leftImg1', opacity=1.0, ori=0.0, pos=array([-0.03, -0.3 ]), size=array([0.02, 0.02]), texRes=512, units='height', win=Window(...))
14.1291 	INFO 	keyboard.Keyboard is using iohub backend.
14.1367 	EXP 	Created instructInconLeft_text = TextStim(__class__=<class 'psychopy.visual.text.TextStim'>, alignHoriz=method-wrapper(...), alignText='center', alignVert=method-wrapper(...), anchorHoriz='center', anchorVert='center', antialias=True, autoDraw=False, autoLog=True, bold=False, color=array([1., 1., 1.]), colorSpace='rgb', contrast=1.0, depth=0.0, flipHoriz=False, flipVert=False, font='Arial', fontFiles=[], height=0.04, italic=False, languageStyle='LTR', name='instructInconLeft_text', opacity=1.0, ori=0, pos=array([0., 0.]), rgb=UNKNOWN, text=str(...), units='height', win=Window(...), wrapWidth=1.3)
14.1885 	EXP 	Created instructInconLeft_centerImg = ImageStim(__class__=<class 'psychopy.visual.image.ImageStim'>, anchor=('center', 'center'), autoLog=True, color=array([1., 1., 1.]), colorSpace='rgb', contrast=1.0, depth=-1.0, flipHoriz=False, flipVert=False, image='img/leftArrow.png', interpolate=True, mask=None, maskParams=None, name='instructInconLeft_centerImg', opacity=1.0, ori=0.0, pos=array([ 0. , -0.3]), size=array([0.02, 0.02]), texRes=512, units='height', win=Window(...))
14.2392 	EXP 	Created instructInconLeft_rightImg1 = ImageStim(__class__=<class 'psychopy.visual.image.ImageStim'>, anchor=('center', 'center'), autoLog=True, color=array([1., 1., 1.]), colorSpace='rgb', contrast=1.0, depth=-2.0, flipHoriz=False, flipVert=False, image='img/rightArrow.png', interpolate=True, mask=None, maskParams=None, name='instructInconLeft_rightImg1', opacity=1.0, ori=0.0, pos=array([ 0.03, -0.3 ]), size=array([0.02, 0.02]), texRes=512, units='height', win=Window(...))
14.2909 	EXP 	Created instructInconLeft_leftImg1 = ImageStim(__class__=<class 'psychopy.visual.image.ImageStim'>, anchor=('center', 'center'), autoLog=True, color=array([1., 1., 1.]), colorSpace='rgb', contrast=1.0, depth=-3.0, flipHoriz=False, flipVert=False, image='img/rightArrow.png', interpolate=True, mask=None, maskParams=None, name='instructInconLeft_leftImg1', opacity=1.0, ori=0.0, pos=array([-0.03, -0.3 ]), size=array([0.02, 0.02]), texRes=512, units='height', win=Window(...))
14.2909 	INFO 	keyboard.Keyboard is using iohub backend.
14.2992 	EXP 	Created prac_blockText = TextStim(__class__=<class 'psychopy.visual.text.TextStim'>, alignHoriz=method-wrapper(...), alignText='center', alignVert=method-wrapper(...), anchorHoriz='center', anchorVert='center', antialias=True, autoDraw=False, autoLog=True, bold=False, color=array([1., 1., 1.]), colorSpace='rgb', contrast=1.0, depth=-1.0, flipHoriz=False, flipVert=False, font='Arial', fontFiles=[], height=0.06, italic=False, languageStyle='LTR', name='prac_blockText', opacity=1.0, ori=0.0, pos=array([0. , 0.3]), rgb=UNKNOWN, text='Practice', units='height', win=Window(...), wrapWidth=1.3)
14.3146 	EXP 	Created prac_reminder_text = TextStim(__class__=<class 'psychopy.visual.text.TextStim'>, alignHoriz=method-wrapper(...), alignText='center', alignVert=method-wrapper(...), anchorHoriz='center', anchorVert='center', antialias=True, autoDraw=False, autoLog=True, bold=False, color=array([1., 1., 1.]), colorSpace='rgb', contrast=1.0, depth=-2.0, flipHoriz=False, flipVert=False, font='Arial', fontFiles=[], height=0.04, italic=False, languageStyle='LTR', name='prac_reminder_text', opacity=1.0, ori=0, pos=array([0., 0.]), rgb=UNKNOWN, text=str(...), units='height', win=Window(...), wrapWidth=1.3)
14.3146 	INFO 	keyboard.Keyboard is using iohub backend.
14.3200 	EXP 	Created initFixation_img = ImageStim(__class__=<class 'psychopy.visual.image.ImageStim'>, anchor=('center', 'center'), autoLog=True, color=array([1., 1., 1.]), colorSpace='rgb', contrast=1.0, depth=0.0, flipHoriz=False, flipVert=False, image='sin', interpolate=True, mask=None, maskParams=None, name='initFixation_img', opacity=1.0, ori=0.0, pos=array([ 0.   , -0.015]), size=array([0.26, 0.22]), texRes=512, units='height', win=Window(...))
14.3244 	EXP 	Created bigFace = ImageStim(__class__=<class 'psychopy.visual.image.ImageStim'>, anchor=('center', 'center'), autoLog=True, color=array([1., 1., 1.]), colorSpace='rgb', contrast=1.0, depth=-1.0, flipHoriz=False, flipVert=False, image='sin', interpolate=True, mask=None, maskParams=None, name='bigFace', opacity=0.85, ori=0.0, pos=array([0., 0.]), size=array([0.4267, 0.3   ]), texRes=128.0, units='height', win=Window(...))
14.3290 	EXP 	Created cover_background_2 = ImageStim(__class__=<class 'psychopy.visual.image.ImageStim'>, anchor=('center', 'center'), autoLog=True, color=array([1., 1., 1.]), colorSpace='rgb', contrast=1.0, depth=-2.0, flipHoriz=False, flipVert=False, image='sin', interpolate=True, mask=None, maskParams=None, name='cover_background_2', opacity=1.0, ori=0.0, pos=array([ 0.   , -0.015]), size=array([0.26, 0.22]), texRes=128.0, units='height', win=Window(...))
14.3332 	EXP 	Created prac_centerImg = ImageStim(__class__=<class 'psychopy.visual.image.ImageStim'>, anchor=('center', 'center'), autoLog=True, color=array([1., 1., 1.]), colorSpace='rgb', contrast=1.0, depth=-3.0, flipHoriz=False, flipVert=False, image='sin', interpolate=True, mask=None, maskParams=None, name='prac_centerImg', opacity=1.0, ori=0.0, pos=array([0., 0.]), size=array([1., 1.]), texRes=512, units='height', win=Window(...))
14.3375 	EXP 	Created prac_rightImg1 = ImageStim(__class__=<class 'psychopy.visual.image.ImageStim'>, anchor=('center', 'center'), autoLog=True, color=array([1., 1., 1.]), colorSpace='rgb', contrast=1.0, depth=-4.0, flipHoriz=False, flipVert=False, image='sin', interpolate=True, mask=None, maskParams=None, name='prac_rightImg1', opacity=1.0, ori=0.0, pos=array([0., 0.]), size=array([1., 1.]), texRes=512, units='height', win=Window(...))
14.3414 	EXP 	Created prac_rightImg2 = ImageStim(__class__=<class 'psychopy.visual.image.ImageStim'>, anchor=('center', 'center'), autoLog=True, color=array([1., 1., 1.]), colorSpace='rgb', contrast=1.0, depth=-5.0, flipHoriz=False, flipVert=False, image='sin', interpolate=True, mask=None, maskParams=None, name='prac_rightImg2', opacity=1.0, ori=0.0, pos=array([0., 0.]), size=array([1., 1.]), texRes=512, units='height', win=Window(...))
14.3454 	EXP 	Created prac_leftImg1 = ImageStim(__class__=<class 'psychopy.visual.image.ImageStim'>, anchor=('center', 'center'), autoLog=True, color=array([1., 1., 1.]), colorSpace='rgb', contrast=1.0, depth=-6.0, flipHoriz=False, flipVert=False, image='sin', interpolate=True, mask=None, maskParams=None, name='prac_leftImg1', opacity=1.0, ori=0.0, pos=array([0., 0.]), size=array([1., 1.]), texRes=512, units='height', win=Window(...))
14.3498 	EXP 	Created prac_leftImg2 = ImageStim(__class__=<class 'psychopy.visual.image.ImageStim'>, anchor=('center', 'center'), autoLog=True, color=array([1., 1., 1.]), colorSpace='rgb', contrast=1.0, depth=-7.0, flipHoriz=False, flipVert=False, image='sin', interpolate=True, mask=None, maskParams=None, name='prac_leftImg2', opacity=1.0, ori=0.0, pos=array([0., 0.]), size=array([1., 1.]), texRes=512, units='height', win=Window(...))
14.3548 	EXP 	Created prac_fixImg = ImageStim(__class__=<class 'psychopy.visual.image.ImageStim'>, anchor=('center', 'center'), autoLog=True, color=array([1., 1., 1.]), colorSpace='rgb', contrast=1.0, depth=-8.0, flipHoriz=False, flipVert=False, image='sin', interpolate=True, mask=None, maskParams=None, name='prac_fixImg', opacity=1.0, ori=0.0, pos=array([ 0.   , -0.015]), size=array([0.26, 0.22]), texRes=512, units='height', win=Window(...))
14.3548 	INFO 	keyboard.Keyboard is using iohub backend.
14.3559 	EXP 	Created prac_blockFeed_text = TextStim(__class__=<class 'psychopy.visual.text.TextStim'>, alignHoriz=method-wrapper(...), alignText='center', alignVert=method-wrapper(...), anchorHoriz='center', anchorVert='center', antialias=True, autoDraw=False, autoLog=True, bold=False, color=array([1., 1., 1.]), colorSpace='rgb', contrast=1.0, depth=-1.0, flipHoriz=False, flipVert=False, font='Arial', fontFiles=[], height=0.04, italic=False, languageStyle='LTR', name='prac_blockFeed_text', opacity=1.0, ori=0, pos=array([0., 0.]), rgb=UNKNOWN, text='', units='height', win=Window(...), wrapWidth=1.3)
14.3598 	EXP 	Created prac_pressContinue = TextStim(__class__=<class 'psychopy.visual.text.TextStim'>, alignHoriz=method-wrapper(...), alignText='center', alignVert=method-wrapper(...), anchorHoriz='center', anchorVert='center', antialias=True, autoDraw=False, autoLog=True, bold=False, color=array([1., 1., 1.]), colorSpace='rgb', contrast=1.0, depth=-2.0, flipHoriz=False, flipVert=False, font='Arial', fontFiles=[], height=0.04, italic=False, languageStyle='LTR', name='prac_pressContinue', opacity=1.0, ori=0.0, pos=array([ 0. , -0.3]), rgb=UNKNOWN, text='Press the right key', units='height', win=Window(...), wrapWidth=1.3)
14.3598 	INFO 	keyboard.Keyboard is using iohub backend.
14.3610 	EXP 	Created task_blockText = TextStim(__class__=<class 'psychopy.visual.text.TextStim'>, alignHoriz=method-wrapper(...), alignText='center', alignVert=method-wrapper(...), anchorHoriz='center', anchorVert='center', antialias=True, autoDraw=False, autoLog=True, bold=False, color=array([1., 1., 1.]), colorSpace='rgb', contrast=1.0, depth=-1.0, flipHoriz=False, flipVert=False, font='Arial', fontFiles=[], height=0.06, italic=False, languageStyle='LTR', name='task_blockText', opacity=1.0, ori=0.0, pos=array([0. , 0.3]), rgb=UNKNOWN, text='', units='height', win=Window(...), wrapWidth=1.3)
14.3712 	EXP 	Created task_blockReminders_text = TextStim(__class__=<class 'psychopy.visual.text.TextStim'>, alignHoriz=method-wrapper(...), alignText='center', alignVert=method-wrapper(...), anchorHoriz='center', anchorVert='center', antialias=True, autoDraw=False, autoLog=True, bold=False, color=array([1., 1., 1.]), colorSpace='rgb', contrast=1.0, depth=-2.0, flipHoriz=False, flipVert=False, font='Arial', fontFiles=[], height=0.04, italic=False, languageStyle='LTR', name='task_blockReminders_text', opacity=1.0, ori=0, pos=array([0., 0.]), rgb=UNKNOWN, text=str(...), units='height', win=Window(...), wrapWidth=1.3)
14.3713 	INFO 	keyboard.Keyboard is using iohub backend.
14.3754 	EXP 	Created initFixation_img = ImageStim(__class__=<class 'psychopy.visual.image.ImageStim'>, anchor=('center', 'center'), autoLog=True, color=array([1., 1., 1.]), colorSpace='rgb', contrast=1.0, depth=0.0, flipHoriz=False, flipVert=False, image='sin', interpolate=True, mask=None, maskParams=None, name='initFixation_img', opacity=1.0, ori=0.0, pos=array([ 0.   , -0.015]), size=array([0.26, 0.22]), texRes=512, units='height', win=Window(...))
14.3792 	EXP 	Created bigFace_2 = ImageStim(__class__=<class 'psychopy.visual.image.ImageStim'>, anchor=('center', 'center'), autoLog=True, color=array([1., 1., 1.]), colorSpace='rgb', contrast=1.0, depth=-1.0, flipHoriz=False, flipVert=False, image='sin', interpolate=True, mask=None, maskParams=None, name='bigFace_2', opacity=0.85, ori=0.0, pos=array([0., 0.]), size=array([0.4267, 0.3   ]), texRes=128.0, units='height', win=Window(...))
14.4436 	EXP 	Created cover_background = ImageStim(__class__=<class 'psychopy.visual.image.ImageStim'>, anchor=('center', 'center'), autoLog=True, color=array([1., 1., 1.]), colorSpace='rgb', contrast=1.0, depth=-2.0, flipHoriz=False, flipVert=False, image='img/cover_background.png', interpolate=True, mask=None, maskParams=None, name='cover_background', opacity=1.0, ori=0.0, pos=array([ 0.   , -0.015]), size=array([0.26, 0.22]), texRes=128.0, units='height', win=Window(...))
14.4479 	EXP 	Created task_centerImg = ImageStim(__class__=<class 'psychopy.visual.image.ImageStim'>, anchor=('center', 'center'), autoLog=True, color=array([1., 1., 1.]), colorSpace='rgb', contrast=1.0, depth=-3.0, flipHoriz=False, flipVert=False, image='sin', interpolate=True, mask=None, maskParams=None, name='task_centerImg', opacity=1.0, ori=0.0, pos=array([0., 0.]), size=array([1., 1.]), texRes=512, units='height', win=Window(...))
14.4526 	EXP 	Created task_rightImg1 = ImageStim(__class__=<class 'psychopy.visual.image.ImageStim'>, anchor=('center', 'center'), autoLog=True, color=array([1., 1., 1.]), colorSpace='rgb', contrast=1.0, depth=-4.0, flipHoriz=False, flipVert=False, image='sin', interpolate=True, mask=None, maskParams=None, name='task_rightImg1', opacity=1.0, ori=0.0, pos=array([0., 0.]), size=array([1., 1.]), texRes=512, units='height', win=Window(...))
14.4579 	EXP 	Created task_rightImg2 = ImageStim(__class__=<class 'psychopy.visual.image.ImageStim'>, anchor=('center', 'center'), autoLog=True, color=array([1., 1., 1.]), colorSpace='rgb', contrast=1.0, depth=-5.0, flipHoriz=False, flipVert=False, image='sin', interpolate=True, mask=None, maskParams=None, name='task_rightImg2', opacity=1.0, ori=0.0, pos=array([0., 0.]), size=array([1., 1.]), texRes=512, units='height', win=Window(...))
14.4622 	EXP 	Created task_leftImg1 = ImageStim(__class__=<class 'psychopy.visual.image.ImageStim'>, anchor=('center', 'center'), autoLog=True, color=array([1., 1., 1.]), colorSpace='rgb', contrast=1.0, depth=-6.0, flipHoriz=False, flipVert=False, image='sin', interpolate=True, mask=None, maskParams=None, name='task_leftImg1', opacity=1.0, ori=0.0, pos=array([0., 0.]), size=array([1., 1.]), texRes=512, units='height', win=Window(...))
14.4663 	EXP 	Created task_leftImg2 = ImageStim(__class__=<class 'psychopy.visual.image.ImageStim'>, anchor=('center', 'center'), autoLog=True, color=array([1., 1., 1.]), colorSpace='rgb', contrast=1.0, depth=-7.0, flipHoriz=False, flipVert=False, image='sin', interpolate=True, mask=None, maskParams=None, name='task_leftImg2', opacity=1.0, ori=0.0, pos=array([0., 0.]), size=array([1., 1.]), texRes=512, units='height', win=Window(...))
14.4707 	EXP 	Created task_fixImg = ImageStim(__class__=<class 'psychopy.visual.image.ImageStim'>, anchor=('center', 'center'), autoLog=True, color=array([1., 1., 1.]), colorSpace='rgb', contrast=1.0, depth=-8.0, flipHoriz=False, flipVert=False, image='sin', interpolate=True, mask=None, maskParams=None, name='task_fixImg', opacity=1.0, ori=0.0, pos=array([ 0.   , -0.015]), size=array([0.26, 0.22]), texRes=512, units='height', win=Window(...))
14.4708 	INFO 	keyboard.Keyboard is using iohub backend.
14.4723 	EXP 	Created task_blockFeed_text = TextStim(__class__=<class 'psychopy.visual.text.TextStim'>, alignHoriz=method-wrapper(...), alignText='center', alignVert=method-wrapper(...), anchorHoriz='center', anchorVert='center', antialias=True, autoDraw=False, autoLog=True, bold=False, color=array([1., 1., 1.]), colorSpace='rgb', contrast=1.0, depth=-1.0, flipHoriz=False, flipVert=False, font='Arial', fontFiles=[], height=0.12, italic=False, languageStyle='LTR', name='task_blockFeed_text', opacity=1.0, ori=0, pos=array([0. , 0.1]), rgb=UNKNOWN, text='', units='height', win=Window(...), wrapWidth=1.8)
14.4736 	EXP 	Created task_blockFeed_text2 = TextStim(__class__=<class 'psychopy.visual.text.TextStim'>, alignHoriz=method-wrapper(...), alignText='center', alignVert=method-wrapper(...), anchorHoriz='center', anchorVert='center', antialias=True, autoDraw=False, autoLog=True, bold=False, color=array([1., 1., 1.]), colorSpace='rgb', contrast=1.0, depth=-2.0, flipHoriz=False, flipVert=False, font='Arial', fontFiles=[], height=0.04, italic=False, languageStyle='LTR', name='task_blockFeed_text2', opacity=1.0, ori=0, pos=array([ 0. , -0.3]), rgb=UNKNOWN, text='', units='height', win=Window(...), wrapWidth=1.3)
14.4736 	INFO 	keyboard.Keyboard is using iohub backend.
14.4819 	EXP 	Created fix = TextStim(__class__=<class 'psychopy.visual.text.TextStim'>, alignHoriz=method-wrapper(...), alignText='center', alignVert=method-wrapper(...), anchorHoriz='center', anchorVert='center', antialias=True, autoDraw=False, autoLog=True, bold=False, color=array([1., 1., 1.]), colorSpace='rgb', contrast=1.0, depth=0.0, flipHoriz=False, flipVert=False, font='Open Sans', fontFiles=[], height=0.1, italic=False, languageStyle='LTR', name='fix', opacity=1.0, ori=0.0, pos=array([0., 0.]), rgb=UNKNOWN, text='+', units='height', win=Window(...), wrapWidth=1)
14.5088 	EXP 	Created errorNumbers_text_2 = TextStim(__class__=<class 'psychopy.visual.text.TextStim'>, alignHoriz=method-wrapper(...), alignText='center', alignVert=method-wrapper(...), anchorHoriz='center', anchorVert='center', antialias=True, autoDraw=False, autoLog=True, bold=False, color=array([1., 1., 1.]), colorSpace='rgb', contrast=1.0, depth=-1.0, flipHoriz=False, flipVert=False, font='Open Sans', fontFiles=[], height=0.03, italic=False, languageStyle='LTR', name='errorNumbers_text_2', opacity=1.0, ori=0.0, pos=array([0.  , 0.12]), rgb=UNKNOWN, text=str(...), units='height', win=Window(...), wrapWidth=1)
14.5172 	INFO 	keyboard.Keyboard is using iohub backend.
14.5317 	EXP 	Created botherRate_text = TextStim(__class__=<class 'psychopy.visual.text.TextStim'>, alignHoriz=method-wrapper(...), alignText='center', alignVert=method-wrapper(...), anchorHoriz='center', anchorVert='center', antialias=True, autoDraw=False, autoLog=True, bold=False, color=array([1., 1., 1.]), colorSpace='rgb', contrast=1.0, depth=-1.0, flipHoriz=False, flipVert=False, font='Open Sans', fontFiles=[], height=0.03, italic=False, languageStyle='LTR', name='botherRate_text', opacity=1.0, ori=0.0, pos=array([0.  , 0.12]), rgb=UNKNOWN, text=str(...), units='height', win=Window(...), wrapWidth=1)
14.5361 	INFO 	keyboard.Keyboard is using iohub backend.
14.5722 	EXP 	Created instruct_surprise1 = TextStim(__class__=<class 'psychopy.visual.text.TextStim'>, alignHoriz=method-wrapper(...), alignText='center', alignVert=method-wrapper(...), anchorHoriz='center', anchorVert='center', antialias=True, autoDraw=False, autoLog=True, bold=False, color=array([1., 1., 1.]), colorSpace='rgb', contrast=1.0, depth=0.0, flipHoriz=False, flipVert=False, font='Open Sans', fontFiles=[], height=0.04, italic=False, languageStyle='LTR', name='instruct_surprise1', opacity=1.0, ori=0.0, pos=array([0., 0.]), rgb=UNKNOWN, text=str(...), units='height', win=Window(...), wrapWidth=1)
14.5722 	INFO 	keyboard.Keyboard is using iohub backend.
14.5733 	EXP 	Created instructMainTask_text = TextStim(__class__=<class 'psychopy.visual.text.TextStim'>, alignHoriz=method-wrapper(...), alignText='center', alignVert=method-wrapper(...), anchorHoriz='center', anchorVert='center', antialias=True, autoDraw=False, autoLog=True, bold=False, color=array([1., 1., 1.]), colorSpace='rgb', contrast=1.0, depth=0.0, flipHoriz=False, flipVert=False, font='Arial', fontFiles=[], height=0.04, italic=False, languageStyle='LTR', name='instructMainTask_text', opacity=1.0, ori=0, pos=array([0., 0.]), rgb=UNKNOWN, text='', units='height', win=Window(...), wrapWidth=1.3)
14.5733 	INFO 	keyboard.Keyboard is using iohub backend.
14.5780 	EXP 	Created first_surpStimuliA1 = ImageStim(__class__=<class 'psychopy.visual.image.ImageStim'>, anchor=('center', 'center'), autoLog=True, color=array([1., 1., 1.]), colorSpace='rgb', contrast=1.0, depth=0.0, flipHoriz=False, flipVert=False, image='sin', interpolate=True, mask=None, maskParams=None, name='first_surpStimuliA1', opacity=1.0, ori=0.0, pos=array([0., 0.]), size=array([0.45514667, 0.32      ]), texRes=128.0, units='height', win=Window(...))
14.5795 	EXP 	Created fStimA1 = TextStim(__class__=<class 'psychopy.visual.text.TextStim'>, alignHoriz=method-wrapper(...), alignText='center', alignVert=method-wrapper(...), anchorHoriz='center', anchorVert='center', antialias=True, autoDraw=False, autoLog=True, bold=False, color=array([1., 1., 1.]), colorSpace='rgb', contrast=1.0, depth=-1.0, flipHoriz=False, flipVert=False, font='Open Sans', fontFiles=[], height=1.0, italic=False, languageStyle='LTR', name='fStimA1', opacity=1.0, ori=0.0, pos=array([0., 0.]), rgb=UNKNOWN, text='', units='height', win=Window(...), wrapWidth=1)
14.6022 	EXP 	window1: mouseVisible = True
14.6125 	DEBUG 	TextBox2 loaded 1 chars with 0 blanks and 1 valid
14.6137 	DEBUG 	TextBox2 loaded 1 chars with 0 blanks and 1 valid
14.6149 	DEBUG 	TextBox2 loaded 1 chars with 0 blanks and 1 valid
14.6162 	DEBUG 	TextBox2 loaded 1 chars with 0 blanks and 1 valid
14.6175 	DEBUG 	TextBox2 loaded 1 chars with 0 blanks and 1 valid
14.6186 	DEBUG 	TextBox2 loaded 1 chars with 0 blanks and 1 valid
14.6197 	DEBUG 	TextBox2 loaded 1 chars with 0 blanks and 1 valid
14.6209 	DEBUG 	TextBox2 loaded 1 chars with 0 blanks and 1 valid
14.6220 	DEBUG 	TextBox2 loaded 1 chars with 0 blanks and 1 valid
14.6230 	DEBUG 	TextBox2 loaded 1 chars with 0 blanks and 1 valid
14.6245 	DEBUG 	TextBox2 loaded 1 chars with 0 blanks and 1 valid
14.6247 	DEBUG 	Uploading Texture Font fontname to graphics card
14.6285 	DEBUG 	Upload of Texture Font fontname complete
14.6350 	DEBUG 	TextBox2 loaded 1 chars with 0 blanks and 1 valid
14.6359 	DEBUG 	TextBox2 loaded 1 chars with 0 blanks and 1 valid
14.6370 	DEBUG 	TextBox2 loaded 1 chars with 0 blanks and 1 valid
14.6381 	DEBUG 	TextBox2 loaded 1 chars with 0 blanks and 1 valid
14.6391 	DEBUG 	TextBox2 loaded 1 chars with 0 blanks and 1 valid
14.6395 	DEBUG 	Uploading Texture Font fontname to graphics card
14.6400 	DEBUG 	Upload of Texture Font fontname complete
14.6467 	DEBUG 	TextBox2 loaded 1 chars with 0 blanks and 1 valid
14.6472 	DEBUG 	Uploading Texture Font fontname to graphics card
14.6480 	DEBUG 	Upload of Texture Font fontname complete
14.6565 	DEBUG 	TextBox2 loaded 1 chars with 0 blanks and 1 valid
14.6568 	DEBUG 	Uploading Texture Font fontname to graphics card
14.6574 	DEBUG 	Upload of Texture Font fontname complete
14.7159 	EXP 	Created firstStim_sliderA1 = Slider(__class__=<class 'psychopy.visual.slider.Slider'>, autoDraw=False, autoLog=True, borderColor=None, color=None, colorSpace='rgb', depth=-2, fillColor=None, flip=False, font='Open Sans', granularity=1.0, labelColor=None, labelHeight=0.021999999999999995, labelWrapWidth=None, labels=list(...), lineColor=None, markerColor=None, name='firstStim_sliderA1', opacity=None, ori=0.0, pos=array([0. , 0.3]), readOnly=False, self=UNKNOWN, size=array([1.3  , 0.022]), startValue=None, style='rating', styleTweaks=[], ticks=array([1, 2, 3, 4, 5, 6]), units='height', win=Window(...))
14.7161 	EXP 	window1: mouseVisible = True
14.7218 	EXP 	Created second_surpStimuliA1 = ImageStim(__class__=<class 'psychopy.visual.image.ImageStim'>, anchor=('center', 'center'), autoLog=True, color=array([1., 1., 1.]), colorSpace='rgb', contrast=1.0, depth=0.0, flipHoriz=False, flipVert=False, image='sin', interpolate=True, mask=None, maskParams=None, name='second_surpStimuliA1', opacity=1.0, ori=0.0, pos=array([0., 0.]), size=array([0.45514667, 0.32      ]), texRes=128.0, units='height', win=Window(...))
14.7231 	EXP 	Created sStimA1 = TextStim(__class__=<class 'psychopy.visual.text.TextStim'>, alignHoriz=method-wrapper(...), alignText='center', alignVert=method-wrapper(...), anchorHoriz='center', anchorVert='center', antialias=True, autoDraw=False, autoLog=True, bold=False, color=array([1., 1., 1.]), colorSpace='rgb', contrast=1.0, depth=-1.0, flipHoriz=False, flipVert=False, font='Open Sans', fontFiles=[], height=1.0, italic=False, languageStyle='LTR', name='sStimA1', opacity=1.0, ori=0.0, pos=array([0., 0.]), rgb=UNKNOWN, text='', units='height', win=Window(...), wrapWidth=1)
14.7293 	EXP 	window1: mouseVisible = True
14.7373 	DEBUG 	TextBox2 loaded 1 chars with 0 blanks and 1 valid
14.7384 	DEBUG 	TextBox2 loaded 1 chars with 0 blanks and 1 valid
14.7396 	DEBUG 	TextBox2 loaded 1 chars with 0 blanks and 1 valid
14.7399 	DEBUG 	Uploading Texture Font fontname to graphics card
14.7405 	DEBUG 	Upload of Texture Font fontname complete
14.7570 	DEBUG 	TextBox2 loaded 1 chars with 0 blanks and 1 valid
14.7574 	DEBUG 	Uploading Texture Font fontname to graphics card
14.7579 	DEBUG 	Upload of Texture Font fontname complete
14.8091 	EXP 	Created secondStim_sliderA1 = Slider(__class__=<class 'psychopy.visual.slider.Slider'>, autoDraw=False, autoLog=True, borderColor=None, color=None, colorSpace='rgb', depth=-2, fillColor=None, flip=False, font='Open Sans', granularity=1.0, labelColor=None, labelHeight=0.021999999999999995, labelWrapWidth=None, labels=list(...), lineColor=None, markerColor=None, name='secondStim_sliderA1', opacity=None, ori=0.0, pos=array([ 0.  , -0.35]), readOnly=False, self=UNKNOWN, size=array([1.3  , 0.022]), startValue=None, style='rating', styleTweaks=[], ticks=array([1, 2, 3, 4, 5, 6]), units='height', win=Window(...))
14.8093 	EXP 	window1: mouseVisible = True
14.8138 	EXP 	Created first_surpStimuliA2 = ImageStim(__class__=<class 'psychopy.visual.image.ImageStim'>, anchor=('center', 'center'), autoLog=True, color=array([1., 1., 1.]), colorSpace='rgb', contrast=1.0, depth=0.0, flipHoriz=False, flipVert=False, image='sin', interpolate=True, mask=None, maskParams=None, name='first_surpStimuliA2', opacity=1.0, ori=0.0, pos=array([0., 0.]), size=array([0.45514667, 0.32      ]), texRes=128.0, units='height', win=Window(...))
14.8152 	EXP 	Created fStimA2 = TextStim(__class__=<class 'psychopy.visual.text.TextStim'>, alignHoriz=method-wrapper(...), alignText='center', alignVert=method-wrapper(...), anchorHoriz='center', anchorVert='center', antialias=True, autoDraw=False, autoLog=True, bold=False, color=array([1., 1., 1.]), colorSpace='rgb', contrast=1.0, depth=-1.0, flipHoriz=False, flipVert=False, font='Open Sans', fontFiles=[], height=1.0, italic=False, languageStyle='LTR', name='fStimA2', opacity=1.0, ori=0.0, pos=array([0., 0.]), rgb=UNKNOWN, text='', units='height', win=Window(...), wrapWidth=1)
14.8211 	EXP 	window1: mouseVisible = True
14.8941 	EXP 	Created firstStim_sliderA2 = Slider(__class__=<class 'psychopy.visual.slider.Slider'>, autoDraw=False, autoLog=True, borderColor=None, color=None, colorSpace='rgb', depth=-2, fillColor=None, flip=False, font='Open Sans', granularity=1.0, labelColor=None, labelHeight=0.021999999999999995, labelWrapWidth=None, labels=list(...), lineColor=None, markerColor=None, name='firstStim_sliderA2', opacity=None, ori=0.0, pos=array([0. , 0.3]), readOnly=False, self=UNKNOWN, size=array([1.3  , 0.022]), startValue=None, style='rating', styleTweaks=[], ticks=array([1, 2, 3, 4, 5, 6]), units='height', win=Window(...))
14.8983 	EXP 	Created second_surpStimuliA2 = ImageStim(__class__=<class 'psychopy.visual.image.ImageStim'>, anchor=('center', 'center'), autoLog=True, color=array([1., 1., 1.]), colorSpace='rgb', contrast=1.0, depth=0.0, flipHoriz=False, flipVert=False, image='sin', interpolate=True, mask=None, maskParams=None, name='second_surpStimuliA2', opacity=1.0, ori=0.0, pos=array([0., 0.]), size=array([0.45514667, 0.32      ]), texRes=128.0, units='height', win=Window(...))
14.8998 	EXP 	Created sStimA2 = TextStim(__class__=<class 'psychopy.visual.text.TextStim'>, alignHoriz=method-wrapper(...), alignText='center', alignVert=method-wrapper(...), anchorHoriz='center', anchorVert='center', antialias=True, autoDraw=False, autoLog=True, bold=False, color=array([1., 1., 1.]), colorSpace='rgb', contrast=1.0, depth=-1.0, flipHoriz=False, flipVert=False, font='Open Sans', fontFiles=[], height=1.0, italic=False, languageStyle='LTR', name='sStimA2', opacity=1.0, ori=0.0, pos=array([0., 0.]), rgb=UNKNOWN, text='', units='height', win=Window(...), wrapWidth=1)
14.9059 	EXP 	window1: mouseVisible = True
14.9830 	EXP 	Created secondStim_sliderA2 = Slider(__class__=<class 'psychopy.visual.slider.Slider'>, autoDraw=False, autoLog=True, borderColor=None, color=None, colorSpace='rgb', depth=-2, fillColor=None, flip=False, font='Open Sans', granularity=1.0, labelColor=None, labelHeight=0.021999999999999995, labelWrapWidth=None, labels=list(...), lineColor=None, markerColor=None, name='secondStim_sliderA2', opacity=None, ori=0.0, pos=array([ 0.  , -0.35]), readOnly=False, self=UNKNOWN, size=array([1.3  , 0.022]), startValue=None, style='rating', styleTweaks=[], ticks=array([1, 2, 3, 4, 5, 6]), units='height', win=Window(...))
14.9881 	EXP 	Created first_surpStimuliB1 = ImageStim(__class__=<class 'psychopy.visual.image.ImageStim'>, anchor=('center', 'center'), autoLog=True, color=array([1., 1., 1.]), colorSpace='rgb', contrast=1.0, depth=0.0, flipHoriz=False, flipVert=False, image='sin', interpolate=True, mask=None, maskParams=None, name='first_surpStimuliB1', opacity=1.0, ori=0.0, pos=array([0., 0.]), size=array([0.45514667, 0.32      ]), texRes=128.0, units='height', win=Window(...))
14.9893 	EXP 	Created fStimB1 = TextStim(__class__=<class 'psychopy.visual.text.TextStim'>, alignHoriz=method-wrapper(...), alignText='center', alignVert=method-wrapper(...), anchorHoriz='center', anchorVert='center', antialias=True, autoDraw=False, autoLog=True, bold=False, color=array([1., 1., 1.]), colorSpace='rgb', contrast=1.0, depth=-1.0, flipHoriz=False, flipVert=False, font='Open Sans', fontFiles=[], height=1.0, italic=False, languageStyle='LTR', name='fStimB1', opacity=1.0, ori=0.0, pos=array([0., 0.]), rgb=UNKNOWN, text='', units='height', win=Window(...), wrapWidth=1)
14.9956 	EXP 	window1: mouseVisible = True
15.0678 	EXP 	Created firstStim_sliderB1 = Slider(__class__=<class 'psychopy.visual.slider.Slider'>, autoDraw=False, autoLog=True, borderColor=None, color=None, colorSpace='rgb', depth=-2, fillColor=None, flip=False, font='Open Sans', granularity=1.0, labelColor=None, labelHeight=0.021999999999999995, labelWrapWidth=None, labels=list(...), lineColor=None, markerColor=None, name='firstStim_sliderB1', opacity=None, ori=0.0, pos=array([0. , 0.3]), readOnly=False, self=UNKNOWN, size=array([1.3  , 0.022]), startValue=None, style='rating', styleTweaks=[], ticks=array([1, 2, 3, 4, 5, 6]), units='height', win=Window(...))
15.0726 	EXP 	Created second_surpStimuliB1 = ImageStim(__class__=<class 'psychopy.visual.image.ImageStim'>, anchor=('center', 'center'), autoLog=True, color=array([1., 1., 1.]), colorSpace='rgb', contrast=1.0, depth=0.0, flipHoriz=False, flipVert=False, image='sin', interpolate=True, mask=None, maskParams=None, name='second_surpStimuliB1', opacity=1.0, ori=0.0, pos=array([0., 0.]), size=array([0.45514667, 0.32      ]), texRes=128.0, units='height', win=Window(...))
15.0739 	EXP 	Created sStimB1 = TextStim(__class__=<class 'psychopy.visual.text.TextStim'>, alignHoriz=method-wrapper(...), alignText='center', alignVert=method-wrapper(...), anchorHoriz='center', anchorVert='center', antialias=True, autoDraw=False, autoLog=True, bold=False, color=array([1., 1., 1.]), colorSpace='rgb', contrast=1.0, depth=-1.0, flipHoriz=False, flipVert=False, font='Open Sans', fontFiles=[], height=1.0, italic=False, languageStyle='LTR', name='sStimB1', opacity=1.0, ori=0.0, pos=array([0., 0.]), rgb=UNKNOWN, text='', units='height', win=Window(...), wrapWidth=1)
15.0800 	EXP 	window1: mouseVisible = True
15.1574 	EXP 	Created secondStim_sliderB1 = Slider(__class__=<class 'psychopy.visual.slider.Slider'>, autoDraw=False, autoLog=True, borderColor=None, color=None, colorSpace='rgb', depth=-2, fillColor=None, flip=False, font='Open Sans', granularity=1.0, labelColor=None, labelHeight=0.021999999999999995, labelWrapWidth=None, labels=list(...), lineColor=None, markerColor=None, name='secondStim_sliderB1', opacity=None, ori=0.0, pos=array([ 0.  , -0.35]), readOnly=False, self=UNKNOWN, size=array([1.3  , 0.022]), startValue=None, style='rating', styleTweaks=[], ticks=array([1, 2, 3, 4, 5, 6]), units='height', win=Window(...))
15.1616 	EXP 	Created first_surpStimuliB2 = ImageStim(__class__=<class 'psychopy.visual.image.ImageStim'>, anchor=('center', 'center'), autoLog=True, color=array([1., 1., 1.]), colorSpace='rgb', contrast=1.0, depth=0.0, flipHoriz=False, flipVert=False, image='sin', interpolate=True, mask=None, maskParams=None, name='first_surpStimuliB2', opacity=1.0, ori=0.0, pos=array([0., 0.]), size=array([0.45514667, 0.32      ]), texRes=128.0, units='height', win=Window(...))
15.1627 	EXP 	Created fStimB2 = TextStim(__class__=<class 'psychopy.visual.text.TextStim'>, alignHoriz=method-wrapper(...), alignText='center', alignVert=method-wrapper(...), anchorHoriz='center', anchorVert='center', antialias=True, autoDraw=False, autoLog=True, bold=False, color=array([1., 1., 1.]), colorSpace='rgb', contrast=1.0, depth=-1.0, flipHoriz=False, flipVert=False, font='Open Sans', fontFiles=[], height=1.0, italic=False, languageStyle='LTR', name='fStimB2', opacity=1.0, ori=0.0, pos=array([0., 0.]), rgb=UNKNOWN, text='', units='height', win=Window(...), wrapWidth=1)
15.1688 	EXP 	window1: mouseVisible = True
15.2395 	EXP 	Created firstStim_sliderB2 = Slider(__class__=<class 'psychopy.visual.slider.Slider'>, autoDraw=False, autoLog=True, borderColor=None, color=None, colorSpace='rgb', depth=-2, fillColor=None, flip=False, font='Open Sans', granularity=1.0, labelColor=None, labelHeight=0.021999999999999995, labelWrapWidth=None, labels=list(...), lineColor=None, markerColor=None, name='firstStim_sliderB2', opacity=None, ori=0.0, pos=array([0. , 0.3]), readOnly=False, self=UNKNOWN, size=array([1.3  , 0.022]), startValue=None, style='rating', styleTweaks=[], ticks=array([1, 2, 3, 4, 5, 6]), units='height', win=Window(...))
15.2439 	EXP 	Created second_surpStimuliB2 = ImageStim(__class__=<class 'psychopy.visual.image.ImageStim'>, anchor=('center', 'center'), autoLog=True, color=array([1., 1., 1.]), colorSpace='rgb', contrast=1.0, depth=0.0, flipHoriz=False, flipVert=False, image='sin', interpolate=True, mask=None, maskParams=None, name='second_surpStimuliB2', opacity=1.0, ori=0.0, pos=array([0., 0.]), size=array([0.45514667, 0.32      ]), texRes=128.0, units='height', win=Window(...))
15.2450 	EXP 	Created sStimB2 = TextStim(__class__=<class 'psychopy.visual.text.TextStim'>, alignHoriz=method-wrapper(...), alignText='center', alignVert=method-wrapper(...), anchorHoriz='center', anchorVert='center', antialias=True, autoDraw=False, autoLog=True, bold=False, color=array([1., 1., 1.]), colorSpace='rgb', contrast=1.0, depth=-1.0, flipHoriz=False, flipVert=False, font='Open Sans', fontFiles=[], height=1.0, italic=False, languageStyle='LTR', name='sStimB2', opacity=1.0, ori=0.0, pos=array([0., 0.]), rgb=UNKNOWN, text='', units='height', win=Window(...), wrapWidth=1)
15.2509 	EXP 	window1: mouseVisible = True
15.3247 	EXP 	Created secondStim_sliderB2 = Slider(__class__=<class 'psychopy.visual.slider.Slider'>, autoDraw=False, autoLog=True, borderColor=None, color=None, colorSpace='rgb', depth=-2, fillColor=None, flip=False, font='Open Sans', granularity=1.0, labelColor=None, labelHeight=0.021999999999999995, labelWrapWidth=None, labels=list(...), lineColor=None, markerColor=None, name='secondStim_sliderB2', opacity=None, ori=0.0, pos=array([ 0.  , -0.35]), readOnly=False, self=UNKNOWN, size=array([1.3  , 0.022]), startValue=None, style='rating', styleTweaks=[], ticks=array([1, 2, 3, 4, 5, 6]), units='height', win=Window(...))
15.3291 	EXP 	Created first_surpStimuliC1 = ImageStim(__class__=<class 'psychopy.visual.image.ImageStim'>, anchor=('center', 'center'), autoLog=True, color=array([1., 1., 1.]), colorSpace='rgb', contrast=1.0, depth=0.0, flipHoriz=False, flipVert=False, image='sin', interpolate=True, mask=None, maskParams=None, name='first_surpStimuliC1', opacity=1.0, ori=0.0, pos=array([0., 0.]), size=array([0.45514667, 0.32      ]), texRes=128.0, units='height', win=Window(...))
15.3302 	EXP 	Created fStimC1 = TextStim(__class__=<class 'psychopy.visual.text.TextStim'>, alignHoriz=method-wrapper(...), alignText='center', alignVert=method-wrapper(...), anchorHoriz='center', anchorVert='center', antialias=True, autoDraw=False, autoLog=True, bold=False, color=array([1., 1., 1.]), colorSpace='rgb', contrast=1.0, depth=-1.0, flipHoriz=False, flipVert=False, font='Open Sans', fontFiles=[], height=1.0, italic=False, languageStyle='LTR', name='fStimC1', opacity=1.0, ori=0.0, pos=array([0., 0.]), rgb=UNKNOWN, text='', units='height', win=Window(...), wrapWidth=1)
15.3360 	EXP 	window1: mouseVisible = True
15.4113 	EXP 	Created firstStim_sliderC1 = Slider(__class__=<class 'psychopy.visual.slider.Slider'>, autoDraw=False, autoLog=True, borderColor=None, color=None, colorSpace='rgb', depth=-2, fillColor=None, flip=False, font='Open Sans', granularity=1.0, labelColor=None, labelHeight=0.021999999999999995, labelWrapWidth=None, labels=list(...), lineColor=None, markerColor=None, name='firstStim_sliderC1', opacity=None, ori=0.0, pos=array([0. , 0.3]), readOnly=False, self=UNKNOWN, size=array([1.3  , 0.022]), startValue=None, style='rating', styleTweaks=[], ticks=array([1, 2, 3, 4, 5, 6]), units='height', win=Window(...))
15.4162 	EXP 	Created second_surpStimuliC1 = ImageStim(__class__=<class 'psychopy.visual.image.ImageStim'>, anchor=('center', 'center'), autoLog=True, color=array([1., 1., 1.]), colorSpace='rgb', contrast=1.0, depth=0.0, flipHoriz=False, flipVert=False, image='sin', interpolate=True, mask=None, maskParams=None, name='second_surpStimuliC1', opacity=1.0, ori=0.0, pos=array([0., 0.]), size=array([0.45514667, 0.32      ]), texRes=128.0, units='height', win=Window(...))
15.4177 	EXP 	Created sStimC1 = TextStim(__class__=<class 'psychopy.visual.text.TextStim'>, alignHoriz=method-wrapper(...), alignText='center', alignVert=method-wrapper(...), anchorHoriz='center', anchorVert='center', antialias=True, autoDraw=False, autoLog=True, bold=False, color=array([1., 1., 1.]), colorSpace='rgb', contrast=1.0, depth=-1.0, flipHoriz=False, flipVert=False, font='Open Sans', fontFiles=[], height=1.0, italic=False, languageStyle='LTR', name='sStimC1', opacity=1.0, ori=0.0, pos=array([0., 0.]), rgb=UNKNOWN, text='', units='height', win=Window(...), wrapWidth=1)
15.4234 	EXP 	window1: mouseVisible = True
15.4951 	EXP 	Created secondStim_sliderC1 = Slider(__class__=<class 'psychopy.visual.slider.Slider'>, autoDraw=False, autoLog=True, borderColor=None, color=None, colorSpace='rgb', depth=-2, fillColor=None, flip=False, font='Open Sans', granularity=1.0, labelColor=None, labelHeight=0.021999999999999995, labelWrapWidth=None, labels=list(...), lineColor=None, markerColor=None, name='secondStim_sliderC1', opacity=None, ori=0.0, pos=array([ 0.  , -0.35]), readOnly=False, self=UNKNOWN, size=array([1.3  , 0.022]), startValue=None, style='rating', styleTweaks=[], ticks=array([1, 2, 3, 4, 5, 6]), units='height', win=Window(...))
15.4995 	EXP 	Created first_surpStimuliC2 = ImageStim(__class__=<class 'psychopy.visual.image.ImageStim'>, anchor=('center', 'center'), autoLog=True, color=array([1., 1., 1.]), colorSpace='rgb', contrast=1.0, depth=0.0, flipHoriz=False, flipVert=False, image='sin', interpolate=True, mask=None, maskParams=None, name='first_surpStimuliC2', opacity=1.0, ori=0.0, pos=array([0., 0.]), size=array([0.45514667, 0.32      ]), texRes=128.0, units='height', win=Window(...))
15.5007 	EXP 	Created fStimC2 = TextStim(__class__=<class 'psychopy.visual.text.TextStim'>, alignHoriz=method-wrapper(...), alignText='center', alignVert=method-wrapper(...), anchorHoriz='center', anchorVert='center', antialias=True, autoDraw=False, autoLog=True, bold=False, color=array([1., 1., 1.]), colorSpace='rgb', contrast=1.0, depth=-1.0, flipHoriz=False, flipVert=False, font='Open Sans', fontFiles=[], height=1.0, italic=False, languageStyle='LTR', name='fStimC2', opacity=1.0, ori=0.0, pos=array([0., 0.]), rgb=UNKNOWN, text='', units='height', win=Window(...), wrapWidth=1)
15.5064 	EXP 	window1: mouseVisible = True
15.5798 	EXP 	Created firstStim_sliderC2 = Slider(__class__=<class 'psychopy.visual.slider.Slider'>, autoDraw=False, autoLog=True, borderColor=None, color=None, colorSpace='rgb', depth=-2, fillColor=None, flip=False, font='Open Sans', granularity=1.0, labelColor=None, labelHeight=0.021999999999999995, labelWrapWidth=None, labels=list(...), lineColor=None, markerColor=None, name='firstStim_sliderC2', opacity=None, ori=0.0, pos=array([0. , 0.3]), readOnly=False, self=UNKNOWN, size=array([1.3  , 0.022]), startValue=None, style='rating', styleTweaks=[], ticks=array([1, 2, 3, 4, 5, 6]), units='height', win=Window(...))
15.5849 	EXP 	Created second_surpStimuliC2 = ImageStim(__class__=<class 'psychopy.visual.image.ImageStim'>, anchor=('center', 'center'), autoLog=True, color=array([1., 1., 1.]), colorSpace='rgb', contrast=1.0, depth=0.0, flipHoriz=False, flipVert=False, image='sin', interpolate=True, mask=None, maskParams=None, name='second_surpStimuliC2', opacity=1.0, ori=0.0, pos=array([0., 0.]), size=array([0.45514667, 0.32      ]), texRes=128.0, units='height', win=Window(...))
15.5862 	EXP 	Created sStimC2 = TextStim(__class__=<class 'psychopy.visual.text.TextStim'>, alignHoriz=method-wrapper(...), alignText='center', alignVert=method-wrapper(...), anchorHoriz='center', anchorVert='center', antialias=True, autoDraw=False, autoLog=True, bold=False, color=array([1., 1., 1.]), colorSpace='rgb', contrast=1.0, depth=-1.0, flipHoriz=False, flipVert=False, font='Open Sans', fontFiles=[], height=1.0, italic=False, languageStyle='LTR', name='sStimC2', opacity=1.0, ori=0.0, pos=array([0., 0.]), rgb=UNKNOWN, text='', units='height', win=Window(...), wrapWidth=1)
15.5917 	EXP 	window1: mouseVisible = True
15.6636 	EXP 	Created secondStim_sliderC2 = Slider(__class__=<class 'psychopy.visual.slider.Slider'>, autoDraw=False, autoLog=True, borderColor=None, color=None, colorSpace='rgb', depth=-2, fillColor=None, flip=False, font='Open Sans', granularity=1.0, labelColor=None, labelHeight=0.021999999999999995, labelWrapWidth=None, labels=list(...), lineColor=None, markerColor=None, name='secondStim_sliderC2', opacity=None, ori=0.0, pos=array([ 0.  , -0.35]), readOnly=False, self=UNKNOWN, size=array([1.3  , 0.022]), startValue=None, style='rating', styleTweaks=[], ticks=array([1, 2, 3, 4, 5, 6]), units='height', win=Window(...))
15.6689 	EXP 	Created first_surpStimuliD1 = ImageStim(__class__=<class 'psychopy.visual.image.ImageStim'>, anchor=('center', 'center'), autoLog=True, color=array([1., 1., 1.]), colorSpace='rgb', contrast=1.0, depth=0.0, flipHoriz=False, flipVert=False, image='sin', interpolate=True, mask=None, maskParams=None, name='first_surpStimuliD1', opacity=1.0, ori=0.0, pos=array([0., 0.]), size=array([0.45514667, 0.32      ]), texRes=128.0, units='height', win=Window(...))
15.6705 	EXP 	Created fStim_D1 = TextStim(__class__=<class 'psychopy.visual.text.TextStim'>, alignHoriz=method-wrapper(...), alignText='center', alignVert=method-wrapper(...), anchorHoriz='center', anchorVert='center', antialias=True, autoDraw=False, autoLog=True, bold=False, color=array([1., 1., 1.]), colorSpace='rgb', contrast=1.0, depth=-1.0, flipHoriz=False, flipVert=False, font='Open Sans', fontFiles=[], height=1.0, italic=False, languageStyle='LTR', name='fStim_D1', opacity=1.0, ori=0.0, pos=array([0., 0.]), rgb=UNKNOWN, text='', units='height', win=Window(...), wrapWidth=1)
15.6770 	EXP 	window1: mouseVisible = True
15.7517 	EXP 	Created firstStim_sliderD1 = Slider(__class__=<class 'psychopy.visual.slider.Slider'>, autoDraw=False, autoLog=True, borderColor=None, color=None, colorSpace='rgb', depth=-2, fillColor=None, flip=False, font='Open Sans', granularity=1.0, labelColor=None, labelHeight=0.021999999999999995, labelWrapWidth=None, labels=list(...), lineColor=None, markerColor=None, name='firstStim_sliderD1', opacity=None, ori=0.0, pos=array([0. , 0.3]), readOnly=False, self=UNKNOWN, size=array([1.3  , 0.022]), startValue=None, style='rating', styleTweaks=[], ticks=array([1, 2, 3, 4, 5, 6]), units='height', win=Window(...))
15.7560 	EXP 	Created second_surpStimuliD1 = ImageStim(__class__=<class 'psychopy.visual.image.ImageStim'>, anchor=('center', 'center'), autoLog=True, color=array([1., 1., 1.]), colorSpace='rgb', contrast=1.0, depth=0.0, flipHoriz=False, flipVert=False, image='sin', interpolate=True, mask=None, maskParams=None, name='second_surpStimuliD1', opacity=1.0, ori=0.0, pos=array([0., 0.]), size=array([0.45514667, 0.32      ]), texRes=128.0, units='height', win=Window(...))
15.7571 	EXP 	Created sStimD1 = TextStim(__class__=<class 'psychopy.visual.text.TextStim'>, alignHoriz=method-wrapper(...), alignText='center', alignVert=method-wrapper(...), anchorHoriz='center', anchorVert='center', antialias=True, autoDraw=False, autoLog=True, bold=False, color=array([1., 1., 1.]), colorSpace='rgb', contrast=1.0, depth=-1.0, flipHoriz=False, flipVert=False, font='Open Sans', fontFiles=[], height=1.0, italic=False, languageStyle='LTR', name='sStimD1', opacity=1.0, ori=0.0, pos=array([0., 0.]), rgb=UNKNOWN, text='', units='height', win=Window(...), wrapWidth=1)
15.7634 	EXP 	window1: mouseVisible = True
15.8349 	EXP 	Created secondStim_sliderD1 = Slider(__class__=<class 'psychopy.visual.slider.Slider'>, autoDraw=False, autoLog=True, borderColor=None, color=None, colorSpace='rgb', depth=-2, fillColor=None, flip=False, font='Open Sans', granularity=1.0, labelColor=None, labelHeight=0.021999999999999995, labelWrapWidth=None, labels=list(...), lineColor=None, markerColor=None, name='secondStim_sliderD1', opacity=None, ori=0.0, pos=array([ 0.  , -0.35]), readOnly=False, self=UNKNOWN, size=array([1.3  , 0.022]), startValue=None, style='rating', styleTweaks=[], ticks=array([1, 2, 3, 4, 5, 6]), units='height', win=Window(...))
15.8393 	EXP 	Created first_surpStimuliD2 = ImageStim(__class__=<class 'psychopy.visual.image.ImageStim'>, anchor=('center', 'center'), autoLog=True, color=array([1., 1., 1.]), colorSpace='rgb', contrast=1.0, depth=0.0, flipHoriz=False, flipVert=False, image='sin', interpolate=True, mask=None, maskParams=None, name='first_surpStimuliD2', opacity=1.0, ori=0.0, pos=array([0., 0.]), size=array([0.45514667, 0.32      ]), texRes=128.0, units='height', win=Window(...))
15.8404 	EXP 	Created fStimD2 = TextStim(__class__=<class 'psychopy.visual.text.TextStim'>, alignHoriz=method-wrapper(...), alignText='center', alignVert=method-wrapper(...), anchorHoriz='center', anchorVert='center', antialias=True, autoDraw=False, autoLog=True, bold=False, color=array([1., 1., 1.]), colorSpace='rgb', contrast=1.0, depth=-1.0, flipHoriz=False, flipVert=False, font='Open Sans', fontFiles=[], height=1.0, italic=False, languageStyle='LTR', name='fStimD2', opacity=1.0, ori=0.0, pos=array([0., 0.]), rgb=UNKNOWN, text='', units='height', win=Window(...), wrapWidth=1)
15.8461 	EXP 	window1: mouseVisible = True
15.9266 	EXP 	Created firstStim_sliderD2 = Slider(__class__=<class 'psychopy.visual.slider.Slider'>, autoDraw=False, autoLog=True, borderColor=None, color=None, colorSpace='rgb', depth=-2, fillColor=None, flip=False, font='Open Sans', granularity=1.0, labelColor=None, labelHeight=0.021999999999999995, labelWrapWidth=None, labels=list(...), lineColor=None, markerColor=None, name='firstStim_sliderD2', opacity=None, ori=0.0, pos=array([0. , 0.3]), readOnly=False, self=UNKNOWN, size=array([1.3  , 0.022]), startValue=None, style='rating', styleTweaks=[], ticks=array([1, 2, 3, 4, 5, 6]), units='height', win=Window(...))
15.9312 	EXP 	Created second_surpStimuliD2 = ImageStim(__class__=<class 'psychopy.visual.image.ImageStim'>, anchor=('center', 'center'), autoLog=True, color=array([1., 1., 1.]), colorSpace='rgb', contrast=1.0, depth=0.0, flipHoriz=False, flipVert=False, image='sin', interpolate=True, mask=None, maskParams=None, name='second_surpStimuliD2', opacity=1.0, ori=0.0, pos=array([0., 0.]), size=array([0.45514667, 0.32      ]), texRes=128.0, units='height', win=Window(...))
15.9326 	EXP 	Created sStimD2 = TextStim(__class__=<class 'psychopy.visual.text.TextStim'>, alignHoriz=method-wrapper(...), alignText='center', alignVert=method-wrapper(...), anchorHoriz='center', anchorVert='center', antialias=True, autoDraw=False, autoLog=True, bold=False, color=array([1., 1., 1.]), colorSpace='rgb', contrast=1.0, depth=-1.0, flipHoriz=False, flipVert=False, font='Open Sans', fontFiles=[], height=1.0, italic=False, languageStyle='LTR', name='sStimD2', opacity=1.0, ori=0.0, pos=array([0., 0.]), rgb=UNKNOWN, text='', units='height', win=Window(...), wrapWidth=1)
15.9395 	EXP 	window1: mouseVisible = True
16.0132 	EXP 	Created secondStim_sliderD2 = Slider(__class__=<class 'psychopy.visual.slider.Slider'>, autoDraw=False, autoLog=True, borderColor=None, color=None, colorSpace='rgb', depth=-2, fillColor=None, flip=False, font='Open Sans', granularity=1.0, labelColor=None, labelHeight=0.021999999999999995, labelWrapWidth=None, labels=list(...), lineColor=None, markerColor=None, name='secondStim_sliderD2', opacity=None, ori=0.0, pos=array([ 0.  , -0.35]), readOnly=False, self=UNKNOWN, size=array([1.3  , 0.022]), startValue=None, style='rating', styleTweaks=[], ticks=array([1, 2, 3, 4, 5, 6]), units='height', win=Window(...))
16.0180 	EXP 	Created fix_2 = TextStim(__class__=<class 'psychopy.visual.text.TextStim'>, alignHoriz=method-wrapper(...), alignText='center', alignVert=method-wrapper(...), anchorHoriz='center', anchorVert='center', antialias=True, autoDraw=False, autoLog=True, bold=False, color=array([1., 1., 1.]), colorSpace='rgb', contrast=1.0, depth=0.0, flipHoriz=False, flipVert=False, font='Open Sans', fontFiles=[], height=0.1, italic=False, languageStyle='LTR', name='fix_2', opacity=1.0, ori=0.0, pos=array([0., 0.]), rgb=UNKNOWN, text='+', units='height', win=Window(...), wrapWidth=1)
16.0311 	EXP 	Created finishMessage_text = TextStim(__class__=<class 'psychopy.visual.text.TextStim'>, alignHoriz=method-wrapper(...), alignText='center', alignVert=method-wrapper(...), anchorHoriz='center', anchorVert='center', antialias=True, autoDraw=False, autoLog=True, bold=False, color=array([1., 1., 1.]), colorSpace='rgb', contrast=1.0, depth=0.0, flipHoriz=False, flipVert=False, font='Arial', fontFiles=[], height=0.04, italic=False, languageStyle='LTR', name='finishMessage_text', opacity=1.0, ori=0, pos=array([0., 0.]), rgb=UNKNOWN, text='Thank you for your participation!', units='height', win=Window(...), wrapWidth=1.3)
16.0489 	EXP 	textbox_2: autoLog = True
16.0489 	EXP 	textbox_3: autoLog = True
16.0489 	EXP 	firstStim_sliderA1: autoLog = True
16.0489 	EXP 	firstStim_sliderA1: markerPos = None
16.0489 	EXP 	firstStim_sliderA1: styleTweaks = []
16.0489 	EXP 	firstStim_sliderA1: styleTweaks = []
16.0489 	EXP 	firstStim_sliderA1: styleTweaks = []
16.0489 	EXP 	firstStim_sliderA1: styleTweaks = []
16.0489 	EXP 	firstStim_sliderA1: contrast = 1.0
16.0489 	EXP 	firstStim_sliderA1: autoLog = True
16.0489 	EXP 	secondStim_sliderA1: autoLog = True
16.0489 	EXP 	secondStim_sliderA1: markerPos = None
16.0489 	EXP 	secondStim_sliderA1: styleTweaks = []
16.0489 	EXP 	secondStim_sliderA1: styleTweaks = []
16.0489 	EXP 	secondStim_sliderA1: styleTweaks = []
16.0489 	EXP 	secondStim_sliderA1: styleTweaks = []
16.0489 	EXP 	secondStim_sliderA1: contrast = 1.0
16.0489 	EXP 	secondStim_sliderA1: autoLog = True
16.0489 	EXP 	firstStim_sliderA2: autoLog = True
16.0489 	EXP 	firstStim_sliderA2: markerPos = None
16.0489 	EXP 	firstStim_sliderA2: styleTweaks = []
16.0489 	EXP 	firstStim_sliderA2: styleTweaks = []
16.0489 	EXP 	firstStim_sliderA2: styleTweaks = []
16.0489 	EXP 	firstStim_sliderA2: styleTweaks = []
16.0489 	EXP 	firstStim_sliderA2: contrast = 1.0
16.0489 	EXP 	firstStim_sliderA2: autoLog = True
16.0489 	EXP 	secondStim_sliderA2: autoLog = True
16.0489 	EXP 	secondStim_sliderA2: markerPos = None
16.0489 	EXP 	secondStim_sliderA2: styleTweaks = []
16.0489 	EXP 	secondStim_sliderA2: styleTweaks = []
16.0489 	EXP 	secondStim_sliderA2: styleTweaks = []
16.0489 	EXP 	secondStim_sliderA2: styleTweaks = []
16.0489 	EXP 	secondStim_sliderA2: contrast = 1.0
16.0489 	EXP 	secondStim_sliderA2: autoLog = True
16.0489 	EXP 	firstStim_sliderB1: autoLog = True
16.0489 	EXP 	firstStim_sliderB1: markerPos = None
16.0489 	EXP 	firstStim_sliderB1: styleTweaks = []
16.0489 	EXP 	firstStim_sliderB1: styleTweaks = []
16.0489 	EXP 	firstStim_sliderB1: styleTweaks = []
16.0489 	EXP 	firstStim_sliderB1: styleTweaks = []
16.0489 	EXP 	firstStim_sliderB1: contrast = 1.0
16.0489 	EXP 	firstStim_sliderB1: autoLog = True
16.0489 	EXP 	secondStim_sliderB1: autoLog = True
16.0489 	EXP 	secondStim_sliderB1: markerPos = None
16.0489 	EXP 	secondStim_sliderB1: styleTweaks = []
16.0489 	EXP 	secondStim_sliderB1: styleTweaks = []
16.0489 	EXP 	secondStim_sliderB1: styleTweaks = []
16.0489 	EXP 	secondStim_sliderB1: styleTweaks = []
16.0489 	EXP 	secondStim_sliderB1: contrast = 1.0
16.0489 	EXP 	secondStim_sliderB1: autoLog = True
16.0489 	EXP 	firstStim_sliderB2: autoLog = True
16.0489 	EXP 	firstStim_sliderB2: markerPos = None
16.0489 	EXP 	firstStim_sliderB2: styleTweaks = []
16.0489 	EXP 	firstStim_sliderB2: styleTweaks = []
16.0489 	EXP 	firstStim_sliderB2: styleTweaks = []
16.0489 	EXP 	firstStim_sliderB2: styleTweaks = []
16.0489 	EXP 	firstStim_sliderB2: contrast = 1.0
16.0489 	EXP 	firstStim_sliderB2: autoLog = True
16.0489 	EXP 	secondStim_sliderB2: autoLog = True
16.0489 	EXP 	secondStim_sliderB2: markerPos = None
16.0489 	EXP 	secondStim_sliderB2: styleTweaks = []
16.0489 	EXP 	secondStim_sliderB2: styleTweaks = []
16.0489 	EXP 	secondStim_sliderB2: styleTweaks = []
16.0489 	EXP 	secondStim_sliderB2: styleTweaks = []
16.0489 	EXP 	secondStim_sliderB2: contrast = 1.0
16.0489 	EXP 	secondStim_sliderB2: autoLog = True
16.0489 	EXP 	firstStim_sliderC1: autoLog = True
16.0489 	EXP 	firstStim_sliderC1: markerPos = None
16.0489 	EXP 	firstStim_sliderC1: styleTweaks = []
16.0489 	EXP 	firstStim_sliderC1: styleTweaks = []
16.0489 	EXP 	firstStim_sliderC1: styleTweaks = []
16.0489 	EXP 	firstStim_sliderC1: styleTweaks = []
16.0489 	EXP 	firstStim_sliderC1: contrast = 1.0
16.0489 	EXP 	firstStim_sliderC1: autoLog = True
16.0489 	EXP 	secondStim_sliderC1: autoLog = True
16.0489 	EXP 	secondStim_sliderC1: markerPos = None
16.0489 	EXP 	secondStim_sliderC1: styleTweaks = []
16.0489 	EXP 	secondStim_sliderC1: styleTweaks = []
16.0489 	EXP 	secondStim_sliderC1: styleTweaks = []
16.0489 	EXP 	secondStim_sliderC1: styleTweaks = []
16.0489 	EXP 	secondStim_sliderC1: contrast = 1.0
16.0489 	EXP 	secondStim_sliderC1: autoLog = True
16.0489 	EXP 	firstStim_sliderC2: autoLog = True
16.0489 	EXP 	firstStim_sliderC2: markerPos = None
16.0489 	EXP 	firstStim_sliderC2: styleTweaks = []
16.0489 	EXP 	firstStim_sliderC2: styleTweaks = []
16.0489 	EXP 	firstStim_sliderC2: styleTweaks = []
16.0489 	EXP 	firstStim_sliderC2: styleTweaks = []
16.0489 	EXP 	firstStim_sliderC2: contrast = 1.0
16.0489 	EXP 	firstStim_sliderC2: autoLog = True
16.0489 	EXP 	secondStim_sliderC2: autoLog = True
16.0489 	EXP 	secondStim_sliderC2: markerPos = None
16.0489 	EXP 	secondStim_sliderC2: styleTweaks = []
16.0489 	EXP 	secondStim_sliderC2: styleTweaks = []
16.0489 	EXP 	secondStim_sliderC2: styleTweaks = []
16.0489 	EXP 	secondStim_sliderC2: styleTweaks = []
16.0489 	EXP 	secondStim_sliderC2: contrast = 1.0
16.0489 	EXP 	secondStim_sliderC2: autoLog = True
16.0489 	EXP 	firstStim_sliderD1: autoLog = True
16.0489 	EXP 	firstStim_sliderD1: markerPos = None
16.0489 	EXP 	firstStim_sliderD1: styleTweaks = []
16.0489 	EXP 	firstStim_sliderD1: styleTweaks = []
16.0489 	EXP 	firstStim_sliderD1: styleTweaks = []
16.0489 	EXP 	firstStim_sliderD1: styleTweaks = []
16.0489 	EXP 	firstStim_sliderD1: contrast = 1.0
16.0489 	EXP 	firstStim_sliderD1: autoLog = True
16.0489 	EXP 	secondStim_sliderD1: autoLog = True
16.0489 	EXP 	secondStim_sliderD1: markerPos = None
16.0489 	EXP 	secondStim_sliderD1: styleTweaks = []
16.0489 	EXP 	secondStim_sliderD1: styleTweaks = []
16.0489 	EXP 	secondStim_sliderD1: styleTweaks = []
16.0489 	EXP 	secondStim_sliderD1: styleTweaks = []
16.0489 	EXP 	secondStim_sliderD1: contrast = 1.0
16.0489 	EXP 	secondStim_sliderD1: autoLog = True
16.0489 	EXP 	firstStim_sliderD2: autoLog = True
16.0489 	EXP 	firstStim_sliderD2: markerPos = None
16.0489 	EXP 	firstStim_sliderD2: styleTweaks = []
16.0489 	EXP 	firstStim_sliderD2: styleTweaks = []
16.0489 	EXP 	firstStim_sliderD2: styleTweaks = []
16.0489 	EXP 	firstStim_sliderD2: styleTweaks = []
16.0489 	EXP 	firstStim_sliderD2: contrast = 1.0
16.0489 	EXP 	firstStim_sliderD2: autoLog = True
16.0489 	EXP 	secondStim_sliderD2: autoLog = True
16.0489 	EXP 	secondStim_sliderD2: markerPos = None
16.0489 	EXP 	secondStim_sliderD2: styleTweaks = []
16.0489 	EXP 	secondStim_sliderD2: styleTweaks = []
16.0489 	EXP 	secondStim_sliderD2: styleTweaks = []
16.0489 	EXP 	secondStim_sliderD2: styleTweaks = []
16.0489 	EXP 	secondStim_sliderD2: contrast = 1.0
16.0489 	EXP 	secondStim_sliderD2: autoLog = True
16.0489 	EXP 	welcome_text: autoDraw = True
17.2727 	DEBUG 	TextBox2 loaded 1 chars with 0 blanks and 1 valid
17.2730 	DEBUG 	Uploading Texture Font fontname to graphics card
17.2767 	DEBUG 	Upload of Texture Font fontname complete
17.2772 	DATA 	Keypress: 8
17.2850 	EXP 	welcome_text: autoDraw = False
17.2850 	EXP 	instructRight_text: autoDraw = True
17.2850 	EXP 	instructRight_centerImg: autoDraw = True
17.2850 	EXP 	instructRight_rightImg1: autoDraw = True
17.2850 	EXP 	instructRight_leftImg1: autoDraw = True
18.4560 	DATA 	Keypress: 8
18.4625 	EXP 	instructRight_text: autoDraw = False
18.4625 	EXP 	instructRight_centerImg: autoDraw = False
18.4625 	EXP 	instructRight_rightImg1: autoDraw = False
18.4625 	EXP 	instructRight_leftImg1: autoDraw = False
18.4625 	EXP 	instructLeft_text: autoDraw = True
18.4625 	EXP 	instructLeft_centerImg: autoDraw = True
18.4625 	EXP 	instructLeft_rightImg1: autoDraw = True
18.4625 	EXP 	instructLeft_leftImg1: autoDraw = True
18.6172 	DEBUG 	TextBox2 loaded 1 chars with 0 blanks and 1 valid
18.6176 	DEBUG 	Uploading Texture Font fontname to graphics card
18.6186 	DEBUG 	Upload of Texture Font fontname complete
18.6189 	DATA 	Keypress: 1
18.6269 	EXP 	instructLeft_text: autoDraw = False
18.6269 	EXP 	instructLeft_centerImg: autoDraw = False
18.6269 	EXP 	instructLeft_rightImg1: autoDraw = False
18.6269 	EXP 	instructLeft_leftImg1: autoDraw = False
18.6269 	EXP 	instructInconRight_text: autoDraw = True
18.6269 	EXP 	instructIncon_centerImg: autoDraw = True
18.6269 	EXP 	instructIncon_rightImg1: autoDraw = True
18.6269 	EXP 	instructIncon_leftImg1: autoDraw = True
18.9021 	DATA 	Keypress: 8
18.9101 	EXP 	instructInconRight_text: autoDraw = False
18.9101 	EXP 	instructIncon_centerImg: autoDraw = False
18.9101 	EXP 	instructIncon_rightImg1: autoDraw = False
18.9101 	EXP 	instructIncon_leftImg1: autoDraw = False
18.9101 	EXP 	instructInconLeft_text: autoDraw = True
18.9101 	EXP 	instructInconLeft_centerImg: autoDraw = True
18.9101 	EXP 	instructInconLeft_rightImg1: autoDraw = True
18.9101 	EXP 	instructInconLeft_leftImg1: autoDraw = True
18.9649 	DATA 	Keypress: 1
18.9805 	DEBUG 	Read csv file with pandas: blockSelect_practice.csv
18.9822 	DEBUG 	Clearing unnamed columns from blockSelect_practice.csv
18.9828 	EXP 	Imported blockSelect_practice.csv as conditions, 1 conditions, 1 params
18.9832 	EXP 	Created sequence: random, trialTypes=1, nReps=0, seed=None
18.9871 	DEBUG 	Read csv file with pandas: blockSelect.csv
18.9884 	DEBUG 	Clearing unnamed columns from blockSelect.csv
18.9887 	EXP 	Imported blockSelect.csv as conditions, 10 conditions, 1 params
18.9891 	EXP 	Created sequence: random, trialTypes=10, nReps=0, seed=None
18.9971 	EXP 	instructInconLeft_text: autoDraw = False
18.9971 	EXP 	instructInconLeft_centerImg: autoDraw = False
18.9971 	EXP 	instructInconLeft_rightImg1: autoDraw = False
18.9971 	EXP 	instructInconLeft_leftImg1: autoDraw = False
18.9971 	EXP 	fix: autoDraw = True
19.5213 	EXP 	fix: autoDraw = False
19.5213 	EXP 	errorNumbers_text_2: autoDraw = True
19.5213 	EXP 	textbox_2: autoDraw = True
19.9792 	DEBUG 	TextBox2 loaded 1 chars with 0 blanks and 1 valid
19.9800 	DEBUG 	TextBox2 loaded 1 chars with 0 blanks and 1 valid
19.9802 	DEBUG 	Uploading Texture Font fontname to graphics card
19.9807 	DEBUG 	Upload of Texture Font fontname complete
19.9810 	DATA 	Keypress: space
19.9924 	EXP 	errorNumbers_text_2: autoDraw = False
19.9924 	EXP 	textbox_2: autoDraw = False
19.9924 	EXP 	botherRate_text: autoDraw = True
19.9924 	EXP 	textbox_3: autoDraw = True
20.5617 	DATA 	Keypress: space
20.5730 	EXP 	botherRate_text: autoDraw = False
20.5730 	EXP 	textbox_3: autoDraw = False
20.5730 	EXP 	instruct_surprise1: autoDraw = True
21.6206 	DEBUG 	Read excel file with openpyxl: surpriseBlock_select_A.xlsx
21.6210 	EXP 	Imported surpriseBlock_select_A.xlsx as conditions, 2 conditions, 2 params
21.6215 	EXP 	Created sequence: sequential, trialTypes=2, nReps=1, seed=None
21.6219 	EXP 	New trial (rep=0, index=0): {'whichSurpriseBlock': 'half_surp_table1.csv', 'taskTextSource': 'In this round, press Right key when the face is OLD and the left key when it is new.\n\nTo get ready, rest your right and left index fingers on the right and left buttons, then press the right button when you are ready to begin.'}
21.6509 	DATA 	Keypress: 8
21.6572 	EXP 	instruct_surprise1: autoDraw = False
21.6572 	EXP 	instructMainTask_text: height = 0.04
21.6572 	EXP 	instructMainTask_text: height = 0.04
21.6572 	EXP 	instructMainTask_text: height = 0.04
21.6572 	EXP 	instructMainTask_text: text = 'In this round, press Right key when the face is OLD and the left key when it is new.\n\nTo get ready, rest your right and left index fingers on the right and left buttons, then press the right button when you are ready to begin.'
21.6572 	EXP 	instructMainTask_text: autoDraw = True
22.1484 	DEBUG 	Read csv file with pandas: half_surp_table1.csv
22.1497 	DEBUG 	Clearing unnamed columns from half_surp_table1.csv
22.1542 	EXP 	Imported half_surp_table1.csv as conditions, 240 conditions, 1 params
22.1566 	EXP 	Created sequence: random, trialTypes=240, nReps=1, seed=None
22.1569 	EXP 	New trial (rep=0, index=0): OrderedDict([('surp_csv_name', 'csv_files/surprise_csv_files/surpriseTable_row341.csv')])
22.1805 	DEBUG 	Read csv file with pandas: csv_files/surprise_csv_files/surpriseTable_row341.csv
22.1813 	DEBUG 	Clearing unnamed columns from csv_files/surprise_csv_files/surpriseTable_row341.csv
22.1816 	EXP 	Imported csv_files/surprise_csv_files/surpriseTable_row341.csv as conditions, 1 conditions, 2 params
22.1819 	EXP 	Created sequence: random, trialTypes=1, nReps=1, seed=None
22.1821 	EXP 	New trial (rep=0, index=0): OrderedDict([('surpriseFaces', 'img/neutralC/CFD-MM-324-069-N.jpg'), ('new', 0)])
22.3843 	DATA 	Keypress: 8
22.4685 	EXP 	instructMainTask_text: autoDraw = False
22.4685 	EXP 	first_surpStimuliA1: image = 'img/neutralC/CFD-MM-324-069-N.jpg'
22.4685 	EXP 	fStimA1: height = 1.0
22.4685 	EXP 	fStimA1: height = 1.0
22.4685 	EXP 	fStimA1: height = 1.0
22.4685 	EXP 	fStimA1: text = 'New or Old?'
22.4685 	EXP 	fStimA1: height = 0.045
22.4685 	EXP 	firstStim_sliderA1: markerPos = None
22.4685 	EXP 	firstStim_sliderA1: markerPos = None
22.4685 	EXP 	first_surpStimuliA1: autoDraw = True
22.4685 	EXP 	fStimA1: autoDraw = True
22.4685 	EXP 	firstStim_sliderA1: autoDraw = True
22.4685 	EXP 	fStimA1: height = 0.045
22.4685 	EXP 	fStimA1: height = 0.045
22.4685 	EXP 	fStimA1: height = 0.045
22.4685 	EXP 	fStimA1: text = 'New or Old?'
25.0695 	DATA 	Mouse: Left button down, pos=(598,724)
25.0939 	EXP 	firstStim_sliderA1: markerPos = 2.9786324786324787
25.1165 	EXP 	firstStim_sliderA1: markerPos = 2.9786324786324787
25.1387 	EXP 	firstStim_sliderA1: markerPos = 2.9786324786324787
25.1608 	EXP 	firstStim_sliderA1: markerPos = 2.9786324786324787
25.1826 	EXP 	firstStim_sliderA1: markerPos = 2.9786324786324787
25.2054 	EXP 	firstStim_sliderA1: markerPos = 2.9786324786324787
25.2208 	DATA 	Mouse:  Left button up, pos=(598,724)
25.2289 	EXP 	firstStim_sliderA1: markerPos = 2.9786324786324787
25.2515 	EXP 	firstStim_sliderA1: markerPos = 3.0
25.4637 	EXP 	first_surpStimuliA1: autoDraw = False
25.4637 	EXP 	fStimA1: autoDraw = False
25.4637 	EXP 	firstStim_sliderA1: autoDraw = False
25.4637 	EXP 	second_surpStimuliA1: image = 'img/neutralC/CFD-MM-324-069-N.jpg'
25.4637 	EXP 	sStimA1: height = 1.0
25.4637 	EXP 	sStimA1: height = 1.0
25.4637 	EXP 	sStimA1: height = 1.0
25.4637 	EXP 	sStimA1: text = 'Approving or Disapproving?'
25.4637 	EXP 	sStimA1: height = 0.045
25.4637 	EXP 	secondStim_sliderA1: markerPos = None
25.4637 	EXP 	secondStim_sliderA1: markerPos = None
25.4637 	EXP 	second_surpStimuliA1: autoDraw = True
25.4637 	EXP 	sStimA1: autoDraw = True
25.4637 	EXP 	secondStim_sliderA1: autoDraw = True
25.4637 	EXP 	sStimA1: height = 0.045
25.4637 	EXP 	sStimA1: height = 0.045
25.4637 	EXP 	sStimA1: height = 0.045
25.4637 	EXP 	sStimA1: text = 'Approving or Disapproving?'
27.1465 	DATA 	Mouse: Left button down, pos=(602,132)
27.1828 	EXP 	secondStim_sliderA1: markerPos = 2.9957264957264957
27.2053 	EXP 	secondStim_sliderA1: markerPos = 2.9957264957264957
27.2358 	EXP 	secondStim_sliderA1: markerPos = 2.9957264957264957
27.2623 	EXP 	secondStim_sliderA1: markerPos = 2.9957264957264957
27.2882 	EXP 	secondStim_sliderA1: markerPos = 2.9957264957264957
27.2931 	DATA 	Mouse:  Left button up, pos=(602,132)
27.3134 	EXP 	secondStim_sliderA1: markerPos = 3.0
29.0409 	EXP 	second_surpStimuliA1: autoDraw = False
29.0409 	EXP 	sStimA1: autoDraw = False
29.0409 	EXP 	secondStim_sliderA1: autoDraw = False
29.0409 	EXP 	first_surpStimuliA2: image = 'img/neutralC/CFD-MM-324-069-N.jpg'
29.0409 	EXP 	fStimA2: height = 1.0
29.0409 	EXP 	fStimA2: height = 1.0
29.0409 	EXP 	fStimA2: height = 1.0
29.0409 	EXP 	fStimA2: text = 'Old or New?'
29.0409 	EXP 	fStimA2: height = 0.045
29.0409 	EXP 	firstStim_sliderA2: markerPos = None
29.0409 	EXP 	firstStim_sliderA2: markerPos = None
29.0409 	EXP 	first_surpStimuliA2: autoDraw = False
29.0409 	EXP 	fStimA2: autoDraw = False
29.0409 	EXP 	firstStim_sliderA2: autoDraw = False
29.0409 	EXP 	second_surpStimuliA2: image = 'img/neutralC/CFD-MM-324-069-N.jpg'
29.0409 	EXP 	sStimA2: height = 1.0
29.0409 	EXP 	sStimA2: height = 1.0
29.0409 	EXP 	sStimA2: height = 1.0
29.0409 	EXP 	sStimA2: text = 'Approving or Disapproving?'
29.0409 	EXP 	sStimA2: height = 0.045
29.0409 	EXP 	secondStim_sliderA2: markerPos = None
29.0409 	EXP 	secondStim_sliderA2: markerPos = None
29.0409 	EXP 	second_surpStimuliA2: autoDraw = False
29.0409 	EXP 	sStimA2: autoDraw = False
29.0409 	EXP 	secondStim_sliderA2: autoDraw = False
29.0409 	EXP 	first_surpStimuliB1: image = 'img/neutralC/CFD-MM-324-069-N.jpg'
29.0409 	EXP 	fStimB1: height = 1.0
29.0409 	EXP 	fStimB1: height = 1.0
29.0409 	EXP 	fStimB1: height = 1.0
29.0409 	EXP 	fStimB1: text = 'Old or New?'
29.0409 	EXP 	fStimB1: height = 0.045
29.0409 	EXP 	firstStim_sliderB1: markerPos = None
29.0409 	EXP 	firstStim_sliderB1: markerPos = None
29.0409 	EXP 	first_surpStimuliB1: autoDraw = False
29.0409 	EXP 	fStimB1: autoDraw = False
29.0409 	EXP 	firstStim_sliderB1: autoDraw = False
29.0409 	EXP 	second_surpStimuliB1: image = 'img/neutralC/CFD-MM-324-069-N.jpg'
29.0409 	EXP 	sStimB1: height = 1.0
29.0409 	EXP 	sStimB1: height = 1.0
29.0409 	EXP 	sStimB1: height = 1.0
29.0409 	EXP 	sStimB1: text = 'Disapproving or Approving?'
29.0409 	EXP 	sStimB1: height = 0.045
29.0409 	EXP 	secondStim_sliderB1: markerPos = None
29.0409 	EXP 	secondStim_sliderB1: markerPos = None
29.0409 	EXP 	second_surpStimuliB1: autoDraw = False
29.0409 	EXP 	sStimB1: autoDraw = False
29.0409 	EXP 	secondStim_sliderB1: autoDraw = False
29.0409 	EXP 	first_surpStimuliB2: image = 'img/neutralC/CFD-MM-324-069-N.jpg'
29.0409 	EXP 	fStimB2: height = 1.0
29.0409 	EXP 	fStimB2: height = 1.0
29.0409 	EXP 	fStimB2: height = 1.0
29.0409 	EXP 	fStimB2: text = 'New or Old?'
29.0409 	EXP 	fStimB2: height = 0.045
29.0409 	EXP 	firstStim_sliderB2: markerPos = None
29.0409 	EXP 	firstStim_sliderB2: markerPos = None
29.0409 	EXP 	first_surpStimuliB2: autoDraw = False
29.0409 	EXP 	fStimB2: autoDraw = False
29.0409 	EXP 	firstStim_sliderB2: autoDraw = False
29.0409 	EXP 	second_surpStimuliB2: image = 'img/neutralC/CFD-MM-324-069-N.jpg'
29.0409 	EXP 	sStimB2: height = 1.0
29.0409 	EXP 	sStimB2: height = 1.0
29.0409 	EXP 	sStimB2: height = 1.0
29.0409 	EXP 	sStimB2: text = 'Disapproving or Approving?'
29.0409 	EXP 	sStimB2: height = 0.045
29.0409 	EXP 	secondStim_sliderB2: markerPos = None
29.0409 	EXP 	secondStim_sliderB2: markerPos = None
29.0409 	EXP 	second_surpStimuliB2: autoDraw = False
29.0409 	EXP 	sStimB2: autoDraw = False
29.0409 	EXP 	secondStim_sliderB2: autoDraw = False
29.0409 	EXP 	first_surpStimuliC1: image = 'img/neutralC/CFD-MM-324-069-N.jpg'
29.0409 	EXP 	fStimC1: height = 1.0
29.0409 	EXP 	fStimC1: height = 1.0
29.0409 	EXP 	fStimC1: height = 1.0
29.0409 	EXP 	fStimC1: text = 'Disapproving or Approving?'
29.0409 	EXP 	fStimC1: height = 0.045
29.0409 	EXP 	firstStim_sliderC1: markerPos = None
29.0409 	EXP 	firstStim_sliderC1: markerPos = None
29.0409 	EXP 	first_surpStimuliC1: autoDraw = False
29.0409 	EXP 	fStimC1: autoDraw = False
29.0409 	EXP 	firstStim_sliderC1: autoDraw = False
29.0409 	EXP 	second_surpStimuliC1: image = 'img/neutralC/CFD-MM-324-069-N.jpg'
29.0409 	EXP 	sStimC1: height = 1.0
29.0409 	EXP 	sStimC1: height = 1.0
29.0409 	EXP 	sStimC1: height = 1.0
29.0409 	EXP 	sStimC1: text = 'New or Old?'
29.0409 	EXP 	sStimC1: height = 0.045
29.0409 	EXP 	secondStim_sliderC1: markerPos = None
29.0409 	EXP 	secondStim_sliderC1: markerPos = None
29.0409 	EXP 	second_surpStimuliC1: autoDraw = False
29.0409 	EXP 	sStimC1: autoDraw = False
29.0409 	EXP 	secondStim_sliderC1: autoDraw = False
29.0409 	EXP 	first_surpStimuliC2: image = 'img/neutralC/CFD-MM-324-069-N.jpg'
29.0409 	EXP 	fStimC2: height = 1.0
29.0409 	EXP 	fStimC2: height = 1.0
29.0409 	EXP 	fStimC2: height = 1.0
29.0409 	EXP 	fStimC2: text = 'Approving or Disapproving?'
29.0409 	EXP 	fStimC2: height = 0.045
29.0409 	EXP 	firstStim_sliderC2: markerPos = None
29.0409 	EXP 	firstStim_sliderC2: markerPos = None
29.0409 	EXP 	first_surpStimuliC2: autoDraw = False
29.0409 	EXP 	fStimC2: autoDraw = False
29.0409 	EXP 	firstStim_sliderC2: autoDraw = False
29.0409 	EXP 	second_surpStimuliC2: image = 'img/neutralC/CFD-MM-324-069-N.jpg'
29.0409 	EXP 	sStimC2: height = 1.0
29.0409 	EXP 	sStimC2: height = 1.0
29.0409 	EXP 	sStimC2: height = 1.0
29.0409 	EXP 	sStimC2: text = 'New or Old?'
29.0409 	EXP 	sStimC2: height = 0.045
29.0409 	EXP 	secondStim_sliderC2: markerPos = None
29.0409 	EXP 	secondStim_sliderC2: markerPos = None
29.0409 	EXP 	second_surpStimuliC2: autoDraw = False
29.0409 	EXP 	sStimC2: autoDraw = False
29.0409 	EXP 	secondStim_sliderC2: autoDraw = False
29.0409 	EXP 	first_surpStimuliD1: image = 'img/neutralC/CFD-MM-324-069-N.jpg'
29.0409 	EXP 	fStim_D1: height = 1.0
29.0409 	EXP 	fStim_D1: height = 1.0
29.0409 	EXP 	fStim_D1: height = 1.0
29.0409 	EXP 	fStim_D1: text = 'Approving or Disapproving?'
29.0409 	EXP 	fStim_D1: height = 0.045
29.0409 	EXP 	firstStim_sliderD1: markerPos = None
29.0409 	EXP 	firstStim_sliderD1: markerPos = None
29.0409 	EXP 	first_surpStimuliD1: autoDraw = False
29.0409 	EXP 	fStim_D1: autoDraw = False
29.0409 	EXP 	firstStim_sliderD1: autoDraw = False
29.0409 	EXP 	second_surpStimuliD1: image = 'img/neutralC/CFD-MM-324-069-N.jpg'
29.0409 	EXP 	sStimD1: height = 1.0
29.0409 	EXP 	sStimD1: height = 1.0
29.0409 	EXP 	sStimD1: height = 1.0
29.0409 	EXP 	sStimD1: text = 'Old or New?'
29.0409 	EXP 	sStimD1: height = 0.045
29.0409 	EXP 	secondStim_sliderD1: markerPos = None
29.0409 	EXP 	secondStim_sliderD1: markerPos = None
29.0409 	EXP 	second_surpStimuliD1: autoDraw = False
29.0409 	EXP 	sStimD1: autoDraw = False
29.0409 	EXP 	secondStim_sliderD1: autoDraw = False
29.0409 	EXP 	first_surpStimuliD2: image = 'img/neutralC/CFD-MM-324-069-N.jpg'
29.0409 	EXP 	fStimD2: height = 1.0
29.0409 	EXP 	fStimD2: height = 1.0
29.0409 	EXP 	fStimD2: height = 1.0
29.0409 	EXP 	fStimD2: text = 'Disapproving or Approving?'
29.0409 	EXP 	fStimD2: height = 0.045
29.0409 	EXP 	firstStim_sliderD2: markerPos = None
29.0409 	EXP 	firstStim_sliderD2: markerPos = None
29.0409 	EXP 	first_surpStimuliD2: autoDraw = False
29.0409 	EXP 	fStimD2: autoDraw = False
29.0409 	EXP 	firstStim_sliderD2: autoDraw = False
29.0409 	EXP 	second_surpStimuliD2: image = 'img/neutralC/CFD-MM-324-069-N.jpg'
29.0409 	EXP 	sStimD2: height = 1.0
29.0409 	EXP 	sStimD2: height = 1.0
29.0409 	EXP 	sStimD2: height = 1.0
29.0409 	EXP 	sStimD2: text = 'Old or New?'
29.0409 	EXP 	sStimD2: height = 0.045
29.0409 	EXP 	secondStim_sliderD2: markerPos = None
29.0409 	EXP 	secondStim_sliderD2: markerPos = None
29.0409 	EXP 	second_surpStimuliD2: autoDraw = False
29.0409 	EXP 	sStimD2: autoDraw = False
29.0409 	EXP 	secondStim_sliderD2: autoDraw = False
29.0409 	EXP 	fix_2: autoDraw = True
29.9413 	EXP 	New trial (rep=0, index=1): OrderedDict([('surp_csv_name', 'csv_files/surprise_csv_files/surpriseTable_row356.csv')])
29.9454 	DEBUG 	Read csv file with pandas: csv_files/surprise_csv_files/surpriseTable_row356.csv
29.9463 	DEBUG 	Clearing unnamed columns from csv_files/surprise_csv_files/surpriseTable_row356.csv
29.9466 	EXP 	Imported csv_files/surprise_csv_files/surpriseTable_row356.csv as conditions, 1 conditions, 2 params
29.9469 	EXP 	Created sequence: random, trialTypes=1, nReps=1, seed=None
29.9472 	EXP 	New trial (rep=0, index=0): OrderedDict([('surpriseFaces', 'img/neutralC/CFD-IM-698-011-N.jpg'), ('new', 1)])
30.0742 	EXP 	fix_2: autoDraw = False
30.0742 	EXP 	first_surpStimuliA1: image = 'img/neutralC/CFD-IM-698-011-N.jpg'
30.0742 	EXP 	fStimA1: text = 'New or Old?'
30.0742 	EXP 	fStimA1: height = 0.045
30.0742 	EXP 	firstStim_sliderA1: markerPos = None
30.0742 	EXP 	firstStim_sliderA1: markerPos = None
30.0742 	EXP 	first_surpStimuliA1: autoDraw = True
30.0742 	EXP 	fStimA1: autoDraw = True
30.0742 	EXP 	firstStim_sliderA1: autoDraw = True
30.0742 	EXP 	fStimA1: height = 0.045
30.0742 	EXP 	fStimA1: height = 0.045
30.0742 	EXP 	fStimA1: height = 0.045
30.0742 	EXP 	fStimA1: text = 'New or Old?'
33.8076 	DATA 	Mouse: Left button down, pos=(1071,717)
33.8288 	EXP 	firstStim_sliderA1: markerPos = 5.0
33.8507 	EXP 	firstStim_sliderA1: markerPos = 5.0
33.8724 	EXP 	firstStim_sliderA1: markerPos = 5.0
33.8962 	EXP 	firstStim_sliderA1: markerPos = 5.0
33.9199 	EXP 	firstStim_sliderA1: markerPos = 5.0
33.9237 	DATA 	Mouse:  Left button up, pos=(1071,717)
33.9436 	EXP 	firstStim_sliderA1: markerPos = 5.0
34.0733 	EXP 	first_surpStimuliA1: autoDraw = False
34.0733 	EXP 	fStimA1: autoDraw = False
34.0733 	EXP 	firstStim_sliderA1: autoDraw = False
34.0733 	EXP 	second_surpStimuliA1: image = 'img/neutralC/CFD-IM-698-011-N.jpg'
34.0733 	EXP 	sStimA1: text = 'Approving or Disapproving?'
34.0733 	EXP 	sStimA1: height = 0.045
34.0733 	EXP 	secondStim_sliderA1: markerPos = None
34.0733 	EXP 	secondStim_sliderA1: markerPos = None
34.0733 	EXP 	second_surpStimuliA1: autoDraw = True
34.0733 	EXP 	sStimA1: autoDraw = True
34.0733 	EXP 	secondStim_sliderA1: autoDraw = True
34.0733 	EXP 	sStimA1: height = 0.045
34.0733 	EXP 	sStimA1: height = 0.045
34.0733 	EXP 	sStimA1: height = 0.045
34.0733 	EXP 	sStimA1: text = 'Approving or Disapproving?'
35.8457 	DATA 	Mouse: Left button down, pos=(134,132)
35.8681 	EXP 	secondStim_sliderA1: markerPos = 0.9957264957264957
35.8912 	EXP 	secondStim_sliderA1: markerPos = 0.9957264957264957
35.9176 	EXP 	secondStim_sliderA1: markerPos = 0.9957264957264957
35.9405 	EXP 	secondStim_sliderA1: markerPos = 0.9957264957264957
35.9639 	EXP 	secondStim_sliderA1: markerPos = 0.9957264957264957
35.9810 	DATA 	Mouse:  Left button up, pos=(134,132)
35.9881 	EXP 	secondStim_sliderA1: markerPos = 0.9957264957264957
36.0103 	EXP 	secondStim_sliderA1: markerPos = 1.0
37.4498 	EXP 	second_surpStimuliA1: autoDraw = False
37.4498 	EXP 	sStimA1: autoDraw = False
37.4498 	EXP 	secondStim_sliderA1: autoDraw = False
37.4498 	EXP 	first_surpStimuliA2: image = 'img/neutralC/CFD-IM-698-011-N.jpg'
37.4498 	EXP 	fStimA2: text = 'Old or New?'
37.4498 	EXP 	fStimA2: height = 0.045
37.4498 	EXP 	firstStim_sliderA2: markerPos = None
37.4498 	EXP 	firstStim_sliderA2: markerPos = None
37.4498 	EXP 	first_surpStimuliA2: autoDraw = False
37.4498 	EXP 	fStimA2: autoDraw = False
37.4498 	EXP 	firstStim_sliderA2: autoDraw = False
37.4498 	EXP 	second_surpStimuliA2: image = 'img/neutralC/CFD-IM-698-011-N.jpg'
37.4498 	EXP 	sStimA2: text = 'Approving or Disapproving?'
37.4498 	EXP 	sStimA2: height = 0.045
37.4498 	EXP 	secondStim_sliderA2: markerPos = None
37.4498 	EXP 	secondStim_sliderA2: markerPos = None
37.4498 	EXP 	second_surpStimuliA2: autoDraw = False
37.4498 	EXP 	sStimA2: autoDraw = False
37.4498 	EXP 	secondStim_sliderA2: autoDraw = False
37.4498 	EXP 	first_surpStimuliB1: image = 'img/neutralC/CFD-IM-698-011-N.jpg'
37.4498 	EXP 	fStimB1: text = 'Old or New?'
37.4498 	EXP 	fStimB1: height = 0.045
37.4498 	EXP 	firstStim_sliderB1: markerPos = None
37.4498 	EXP 	firstStim_sliderB1: markerPos = None
37.4498 	EXP 	first_surpStimuliB1: autoDraw = False
37.4498 	EXP 	fStimB1: autoDraw = False
37.4498 	EXP 	firstStim_sliderB1: autoDraw = False
37.4498 	EXP 	second_surpStimuliB1: image = 'img/neutralC/CFD-IM-698-011-N.jpg'
37.4498 	EXP 	sStimB1: text = 'Disapproving or Approving?'
37.4498 	EXP 	sStimB1: height = 0.045
37.4498 	EXP 	secondStim_sliderB1: markerPos = None
37.4498 	EXP 	secondStim_sliderB1: markerPos = None
37.4498 	EXP 	second_surpStimuliB1: autoDraw = False
37.4498 	EXP 	sStimB1: autoDraw = False
37.4498 	EXP 	secondStim_sliderB1: autoDraw = False
37.4498 	EXP 	first_surpStimuliB2: image = 'img/neutralC/CFD-IM-698-011-N.jpg'
37.4498 	EXP 	fStimB2: text = 'New or Old?'
37.4498 	EXP 	fStimB2: height = 0.045
37.4498 	EXP 	firstStim_sliderB2: markerPos = None
37.4498 	EXP 	firstStim_sliderB2: markerPos = None
37.4498 	EXP 	first_surpStimuliB2: autoDraw = False
37.4498 	EXP 	fStimB2: autoDraw = False
37.4498 	EXP 	firstStim_sliderB2: autoDraw = False
37.4498 	EXP 	second_surpStimuliB2: image = 'img/neutralC/CFD-IM-698-011-N.jpg'
37.4498 	EXP 	sStimB2: text = 'Disapproving or Approving?'
37.4498 	EXP 	sStimB2: height = 0.045
37.4498 	EXP 	secondStim_sliderB2: markerPos = None
37.4498 	EXP 	secondStim_sliderB2: markerPos = None
37.4498 	EXP 	second_surpStimuliB2: autoDraw = False
37.4498 	EXP 	sStimB2: autoDraw = False
37.4498 	EXP 	secondStim_sliderB2: autoDraw = False
37.4498 	EXP 	first_surpStimuliC1: image = 'img/neutralC/CFD-IM-698-011-N.jpg'
37.4498 	EXP 	fStimC1: text = 'Disapproving or Approving?'
37.4498 	EXP 	fStimC1: height = 0.045
37.4498 	EXP 	firstStim_sliderC1: markerPos = None
37.4498 	EXP 	firstStim_sliderC1: markerPos = None
37.4498 	EXP 	first_surpStimuliC1: autoDraw = False
37.4498 	EXP 	fStimC1: autoDraw = False
37.4498 	EXP 	firstStim_sliderC1: autoDraw = False
37.4498 	EXP 	second_surpStimuliC1: image = 'img/neutralC/CFD-IM-698-011-N.jpg'
37.4498 	EXP 	sStimC1: text = 'New or Old?'
37.4498 	EXP 	sStimC1: height = 0.045
37.4498 	EXP 	secondStim_sliderC1: markerPos = None
37.4498 	EXP 	secondStim_sliderC1: markerPos = None
37.4498 	EXP 	second_surpStimuliC1: autoDraw = False
37.4498 	EXP 	sStimC1: autoDraw = False
37.4498 	EXP 	secondStim_sliderC1: autoDraw = False
37.4498 	EXP 	first_surpStimuliC2: image = 'img/neutralC/CFD-IM-698-011-N.jpg'
37.4498 	EXP 	fStimC2: text = 'Approving or Disapproving?'
37.4498 	EXP 	fStimC2: height = 0.045
37.4498 	EXP 	firstStim_sliderC2: markerPos = None
37.4498 	EXP 	firstStim_sliderC2: markerPos = None
37.4498 	EXP 	first_surpStimuliC2: autoDraw = False
37.4498 	EXP 	fStimC2: autoDraw = False
37.4498 	EXP 	firstStim_sliderC2: autoDraw = False
37.4498 	EXP 	second_surpStimuliC2: image = 'img/neutralC/CFD-IM-698-011-N.jpg'
37.4498 	EXP 	sStimC2: text = 'New or Old?'
37.4498 	EXP 	sStimC2: height = 0.045
37.4498 	EXP 	secondStim_sliderC2: markerPos = None
37.4498 	EXP 	secondStim_sliderC2: markerPos = None
37.4498 	EXP 	second_surpStimuliC2: autoDraw = False
37.4498 	EXP 	sStimC2: autoDraw = False
37.4498 	EXP 	secondStim_sliderC2: autoDraw = False
37.4498 	EXP 	first_surpStimuliD1: image = 'img/neutralC/CFD-IM-698-011-N.jpg'
37.4498 	EXP 	fStim_D1: text = 'Approving or Disapproving?'
37.4498 	EXP 	fStim_D1: height = 0.045
37.4498 	EXP 	firstStim_sliderD1: markerPos = None
37.4498 	EXP 	firstStim_sliderD1: markerPos = None
37.4498 	EXP 	first_surpStimuliD1: autoDraw = False
37.4498 	EXP 	fStim_D1: autoDraw = False
37.4498 	EXP 	firstStim_sliderD1: autoDraw = False
37.4498 	EXP 	second_surpStimuliD1: image = 'img/neutralC/CFD-IM-698-011-N.jpg'
37.4498 	EXP 	sStimD1: text = 'Old or New?'
37.4498 	EXP 	sStimD1: height = 0.045
37.4498 	EXP 	secondStim_sliderD1: markerPos = None
37.4498 	EXP 	secondStim_sliderD1: markerPos = None
37.4498 	EXP 	second_surpStimuliD1: autoDraw = False
37.4498 	EXP 	sStimD1: autoDraw = False
37.4498 	EXP 	secondStim_sliderD1: autoDraw = False
37.4498 	EXP 	first_surpStimuliD2: image = 'img/neutralC/CFD-IM-698-011-N.jpg'
37.4498 	EXP 	fStimD2: text = 'Disapproving or Approving?'
37.4498 	EXP 	fStimD2: height = 0.045
37.4498 	EXP 	firstStim_sliderD2: markerPos = None
37.4498 	EXP 	firstStim_sliderD2: markerPos = None
37.4498 	EXP 	first_surpStimuliD2: autoDraw = False
37.4498 	EXP 	fStimD2: autoDraw = False
37.4498 	EXP 	firstStim_sliderD2: autoDraw = False
37.4498 	EXP 	second_surpStimuliD2: image = 'img/neutralC/CFD-IM-698-011-N.jpg'
37.4498 	EXP 	sStimD2: text = 'Old or New?'
37.4498 	EXP 	sStimD2: height = 0.045
37.4498 	EXP 	secondStim_sliderD2: markerPos = None
37.4498 	EXP 	secondStim_sliderD2: markerPos = None
37.4498 	EXP 	second_surpStimuliD2: autoDraw = False
37.4498 	EXP 	sStimD2: autoDraw = False
37.4498 	EXP 	secondStim_sliderD2: autoDraw = False
37.4498 	EXP 	fix_2: autoDraw = True
38.4415 	EXP 	New trial (rep=0, index=2): OrderedDict([('surp_csv_name', 'csv_files/surprise_csv_files/surpriseTable_row200.csv')])
38.4491 	DEBUG 	Read csv file with pandas: csv_files/surprise_csv_files/surpriseTable_row200.csv
38.4511 	DEBUG 	Clearing unnamed columns from csv_files/surprise_csv_files/surpriseTable_row200.csv
38.4523 	EXP 	Imported csv_files/surprise_csv_files/surpriseTable_row200.csv as conditions, 1 conditions, 2 params
38.4532 	EXP 	Created sequence: random, trialTypes=1, nReps=1, seed=None
38.4540 	EXP 	New trial (rep=0, index=0): OrderedDict([('surpriseFaces', 'img/neutralC/CFD-WF-022-017-N.jpg'), ('new', 1)])
38.5991 	EXP 	fix_2: autoDraw = False
38.5991 	EXP 	first_surpStimuliA1: image = 'img/neutralC/CFD-WF-022-017-N.jpg'
38.5991 	EXP 	fStimA1: text = 'New or Old?'
38.5991 	EXP 	fStimA1: height = 0.045
38.5991 	EXP 	firstStim_sliderA1: markerPos = None
38.5991 	EXP 	firstStim_sliderA1: markerPos = None
38.5991 	EXP 	first_surpStimuliA1: autoDraw = True
38.5991 	EXP 	fStimA1: autoDraw = True
38.5991 	EXP 	firstStim_sliderA1: autoDraw = True
38.5991 	EXP 	fStimA1: height = 0.045
38.5991 	EXP 	fStimA1: height = 0.045
38.5991 	EXP 	fStimA1: height = 0.045
38.5991 	EXP 	fStimA1: text = 'New or Old?'
41.3163 	DATA 	Keypress: escape
42.5492 	EXP 	window1: mouseVisible = True
42.5494 	DEBUG 	Saving data for mfe_flanker_v1 ExperimentHandler
42.5529 	INFO 	saved data to /Users/kihossei/Documents/GitHub/memory-for-error-dataset/materials/experiments/mfeFlanker/data/_mfe_flanker_v1_2022-08-13_23h47.13.950.psydat
42.5563 	INFO 	saved data to '/Users/kihossei/Documents/GitHub/memory-for-error-dataset/materials/experiments/mfeFlanker/data/_mfe_flanker_v1_2022-08-13_23h47.13.950.csv'
