1.1653 	WARNING 	We strongly recommend you activate the PTB sound engine in PsychoPy prefs as the preferred audio engine. Its timing is vastly superior. Your prefs are currently set to use ['sounddevice', 'PTB', 'pyo', 'pygame'] (in that order).
6.6140 	INFO 	Loaded monitor calibration from ['2022_05_31 11:34']
6.6160 	ERROR 	'0.5000, 0.5000, 0.5000' is not a valid rgb color
6.6236 	WARNING 	User requested fullscreen with size [1536  864], but screen is actually [1920, 1080]. Using actual size
8.2507 	EXP 	Created window1 = Window(allowGUI=False, allowStencil=False, autoLog=True, backendConf=UNKNOWN, bitsMode=UNKNOWN, blendMode='avg', bpc=(8, 8, 8), color=array([0, 0, 0]), colorSpace='rgb', depthBits=8, fullscr=<method-wrapper '__getattribute__' of attributeSetter object at 0x000001BE83DA6A30>, gamma=None, gammaErrorPolicy='raise', lms=UNKNOWN, monitor=<psychopy.monitors.calibTools.Monitor object at 0x000001BE85A00C70>, multiSample=False, name='window1', numSamples=2, pos=(0, 0), screen=0, size=array([1920, 1080]), stencilBits=0, stereo=False, units='height', useFBO=True, useRetina=False, viewOri=0.0, viewPos=None, viewScale=None, waitBlanking=True, winType='pyglet')
8.2514 	EXP 	window1: mouseVisible = True
8.2515 	EXP 	window1: Attempting to measure frame rate of screen (0) ...
8.2516 	EXP 	window1: recordFrameIntervals = False
8.4155 	EXP 	window1: recordFrameIntervals = True
8.6001 	EXP 	Screen (0) actual frame rate measured at 59.94Hz
8.6002 	EXP 	window1: recordFrameIntervals = False
10.2443 	INFO 	keyboard.Keyboard is using iohub backend.
10.3592 	EXP 	Created cb = TextStim(__class__=<class 'psychopy.visual.text.TextStim'>, alignHoriz=method-wrapper(...), alignText='center', alignVert=method-wrapper(...), anchorHoriz='center', anchorVert='center', antialias=True, autoDraw=False, autoLog=True, bold=False, color=array([1., 1., 1.]), colorSpace='rgb', contrast=1.0, depth=0.0, flipHoriz=False, flipVert=False, font='Open Sans', fontFiles=[], height=0.03, italic=False, languageStyle='LTR', name='cb', opacity=1.0, ori=0.0, pos=array([0. , 0.2]), rgb=UNKNOWN, text=str(...), units='height', win=Window(...), wrapWidth=1)
10.3662 	EXP 	window1: mouseVisible = True
10.3951 	DEBUG 	TextBox2 loaded 1 chars with 0 blanks and 1 valid
10.3954 	DEBUG 	Uploading Texture Font fontname to graphics card
10.4035 	DEBUG 	Upload of Texture Font fontname complete
10.4228 	DEBUG 	TextBox2 loaded 1 chars with 0 blanks and 1 valid
10.4231 	DEBUG 	Uploading Texture Font fontname to graphics card
10.4308 	DEBUG 	Upload of Texture Font fontname complete
10.4517 	DEBUG 	TextBox2 loaded 1 chars with 0 blanks and 1 valid
10.4520 	DEBUG 	Uploading Texture Font fontname to graphics card
10.4593 	DEBUG 	Upload of Texture Font fontname complete
10.4796 	DEBUG 	TextBox2 loaded 1 chars with 0 blanks and 1 valid
10.4799 	DEBUG 	Uploading Texture Font fontname to graphics card
10.4872 	DEBUG 	Upload of Texture Font fontname complete
10.5066 	DEBUG 	TextBox2 loaded 1 chars with 0 blanks and 1 valid
10.5069 	DEBUG 	Uploading Texture Font fontname to graphics card
10.5144 	DEBUG 	Upload of Texture Font fontname complete
10.5333 	DEBUG 	TextBox2 loaded 1 chars with 0 blanks and 1 valid
10.5336 	DEBUG 	Uploading Texture Font fontname to graphics card
10.5408 	DEBUG 	Upload of Texture Font fontname complete
10.5610 	DEBUG 	TextBox2 loaded 1 chars with 0 blanks and 1 valid
10.5614 	DEBUG 	Uploading Texture Font fontname to graphics card
10.5685 	DEBUG 	Upload of Texture Font fontname complete
10.5904 	DEBUG 	TextBox2 loaded 1 chars with 0 blanks and 1 valid
10.5907 	DEBUG 	Uploading Texture Font fontname to graphics card
10.5981 	DEBUG 	Upload of Texture Font fontname complete
10.6341 	EXP 	Created cb_slider = Slider(__class__=<class 'psychopy.visual.slider.Slider'>, autoDraw=False, autoLog=True, borderColor=None, color=None, colorSpace='rgb', depth=-1, fillColor=None, flip=False, font='Open Sans', granularity=1.0, labelColor=None, labelHeight=0.05, labelWrapWidth=None, labels=['A', 'B', 'C', 'D', 'E', 'F', 'G', 'H'], lineColor=None, markerColor=None, name='cb_slider', opacity=None, ori=0.0, pos=array([ 0. , -0.2]), readOnly=False, self=UNKNOWN, size=array([1.  , 0.05]), startValue=None, style='rating', styleTweaks=[], ticks=array([1, 2, 3, 4, 5, 6, 7, 8]), units='height', win=Window(...))
10.8057 	EXP 	window1: mouseVisible = True
10.8114 	DEBUG 	Saving data for face_flanker_v1 ExperimentHandler
10.8123 	INFO 	saved data to C:\Users\kihossei\Documents\GitHub\memory-for-error-dataset\materials\experiments\mfe_final_version\data/3_face_flanker_v1_2022-08-05_00h56.43.777.psydat
10.8134 	INFO 	saved data to 'C:\\Users\\kihossei\\Documents\\GitHub\\memory-for-error-dataset\\materials\\experiments\\mfe_final_version\\data/3_face_flanker_v1_2022-08-05_00h56.43.777.csv'
