1.8971 	WARNING 	We strongly recommend you activate the PTB sound engine in PsychoPy prefs as the preferred audio engine. Its timing is vastly superior. Your prefs are currently set to use ['sounddevice', 'PTB', 'pyo', 'pygame'] (in that order).
5.3321 	INFO 	Loaded monitor calibration from ['2022_05_31 11:34']
5.3330 	ERROR 	'0.5000, 0.5000, 0.5000' is not a valid rgb color
5.3380 	WARNING 	User requested fullscreen with size [1536  864], but screen is actually [1920, 1080]. Using actual size
6.8443 	EXP 	Created window1 = Window(allowGUI=False, allowStencil=False, autoLog=True, backendConf=UNKNOWN, bitsMode=UNKNOWN, blendMode='avg', bpc=(8, 8, 8), color=array([0, 0, 0]), colorSpace='rgb', depthBits=8, fullscr=<method-wrapper '__getattribute__' of attributeSetter object at 0x000001EBD20FAA30>, gamma=None, gammaErrorPolicy='raise', lms=UNKNOWN, monitor=<psychopy.monitors.calibTools.Monitor object at 0x000001EBD3D502E0>, multiSample=False, name='window1', numSamples=2, pos=(0, 0), screen=0, size=array([1920, 1080]), stencilBits=0, stereo=False, units='height', useFBO=True, useRetina=False, viewOri=0.0, viewPos=None, viewScale=None, waitBlanking=True, winType='pyglet')
6.8449 	EXP 	window1: mouseVisible = True
6.8450 	EXP 	window1: Attempting to measure frame rate of screen (0) ...
6.8451 	EXP 	window1: recordFrameIntervals = False
7.0094 	EXP 	window1: recordFrameIntervals = True
7.1931 	EXP 	Screen (0) actual frame rate measured at 60.00Hz
7.1932 	EXP 	window1: recordFrameIntervals = False
8.8319 	INFO 	keyboard.Keyboard is using iohub backend.
8.9724 	EXP 	Created welcome_text = TextStim(__class__=<class 'psychopy.visual.text.TextStim'>, alignHoriz=method-wrapper(...), alignText='center', alignVert=method-wrapper(...), anchorHoriz='center', anchorVert='center', antialias=True, autoDraw=False, autoLog=True, bold=False, color=array([1., 1., 1.]), colorSpace='rgb', contrast=1.0, depth=0.0, flipHoriz=False, flipVert=False, font='Arial', fontFiles=[], height=0.04, italic=False, languageStyle='LTR', name='welcome_text', opacity=1.0, ori=0, pos=array([0., 0.]), rgb=UNKNOWN, text=str(...), units='height', win=Window(...), wrapWidth=1.3)
8.9724 	INFO 	keyboard.Keyboard is using iohub backend.
8.9843 	EXP 	Created instructRight_text = TextStim(__class__=<class 'psychopy.visual.text.TextStim'>, alignHoriz=method-wrapper(...), alignText='center', alignVert=method-wrapper(...), anchorHoriz='center', anchorVert='center', antialias=True, autoDraw=False, autoLog=True, bold=False, color=array([1., 1., 1.]), colorSpace='rgb', contrast=1.0, depth=0.0, flipHoriz=False, flipVert=False, font='Arial', fontFiles=[], height=0.04, italic=False, languageStyle='LTR', name='instructRight_text', opacity=1.0, ori=0, pos=array([0., 0.]), rgb=UNKNOWN, text=str(...), units='height', win=Window(...), wrapWidth=1.3)
9.0556 	EXP 	Created instructRight_centerImg = ImageStim(__class__=<class 'psychopy.visual.image.ImageStim'>, anchor=('center', 'center'), autoLog=True, color=array([1., 1., 1.]), colorSpace='rgb', contrast=1.0, depth=-1.0, flipHoriz=False, flipVert=False, image='img/rightArrow.png', interpolate=True, mask=None, maskParams=None, name='instructRight_centerImg', opacity=1.0, ori=0.0, pos=array([ 0. , -0.3]), size=array([0.02, 0.02]), texRes=512, units='height', win=Window(...))
9.1146 	EXP 	Created instructRight_rightImg1 = ImageStim(__class__=<class 'psychopy.visual.image.ImageStim'>, anchor=('center', 'center'), autoLog=True, color=array([1., 1., 1.]), colorSpace='rgb', contrast=1.0, depth=-2.0, flipHoriz=False, flipVert=False, image='img/rightArrow.png', interpolate=True, mask=None, maskParams=None, name='instructRight_rightImg1', opacity=1.0, ori=0.0, pos=array([ 0.03, -0.3 ]), size=array([0.02, 0.02]), texRes=512, units='height', win=Window(...))
9.1722 	EXP 	Created instructRight_leftImg1 = ImageStim(__class__=<class 'psychopy.visual.image.ImageStim'>, anchor=('center', 'center'), autoLog=True, color=array([1., 1., 1.]), colorSpace='rgb', contrast=1.0, depth=-3.0, flipHoriz=False, flipVert=False, image='img/rightArrow.png', interpolate=True, mask=None, maskParams=None, name='instructRight_leftImg1', opacity=1.0, ori=0.0, pos=array([-0.03, -0.3 ]), size=array([0.02, 0.02]), texRes=512, units='height', win=Window(...))
9.1723 	INFO 	keyboard.Keyboard is using iohub backend.
9.1823 	EXP 	Created instructLeft_text = TextStim(__class__=<class 'psychopy.visual.text.TextStim'>, alignHoriz=method-wrapper(...), alignText='center', alignVert=method-wrapper(...), anchorHoriz='center', anchorVert='center', antialias=True, autoDraw=False, autoLog=True, bold=False, color=array([1., 1., 1.]), colorSpace='rgb', contrast=1.0, depth=0.0, flipHoriz=False, flipVert=False, font='Arial', fontFiles=[], height=0.04, italic=False, languageStyle='LTR', name='instructLeft_text', opacity=1.0, ori=0, pos=array([0., 0.]), rgb=UNKNOWN, text=str(...), units='height', win=Window(...), wrapWidth=1.3)
9.2435 	EXP 	Created instructLeft_centerImg = ImageStim(__class__=<class 'psychopy.visual.image.ImageStim'>, anchor=('center', 'center'), autoLog=True, color=array([1., 1., 1.]), colorSpace='rgb', contrast=1.0, depth=-1.0, flipHoriz=False, flipVert=False, image='img/leftArrow.png', interpolate=True, mask=None, maskParams=None, name='instructLeft_centerImg', opacity=1.0, ori=0.0, pos=array([ 0. , -0.3]), size=array([0.02, 0.02]), texRes=512, units='height', win=Window(...))
9.3020 	EXP 	Created instructLeft_rightImg1 = ImageStim(__class__=<class 'psychopy.visual.image.ImageStim'>, anchor=('center', 'center'), autoLog=True, color=array([1., 1., 1.]), colorSpace='rgb', contrast=1.0, depth=-2.0, flipHoriz=False, flipVert=False, image='img/leftArrow.png', interpolate=True, mask=None, maskParams=None, name='instructLeft_rightImg1', opacity=1.0, ori=0.0, pos=array([ 0.03, -0.3 ]), size=array([0.02, 0.02]), texRes=512, units='height', win=Window(...))
9.3640 	EXP 	Created instructLeft_leftImg1 = ImageStim(__class__=<class 'psychopy.visual.image.ImageStim'>, anchor=('center', 'center'), autoLog=True, color=array([1., 1., 1.]), colorSpace='rgb', contrast=1.0, depth=-3.0, flipHoriz=False, flipVert=False, image='img/leftArrow.png', interpolate=True, mask=None, maskParams=None, name='instructLeft_leftImg1', opacity=1.0, ori=0.0, pos=array([-0.03, -0.3 ]), size=array([0.02, 0.02]), texRes=512, units='height', win=Window(...))
9.3641 	INFO 	keyboard.Keyboard is using iohub backend.
9.3936 	EXP 	Created instructInconRight_text = TextStim(__class__=<class 'psychopy.visual.text.TextStim'>, alignHoriz=method-wrapper(...), alignText='center', alignVert=method-wrapper(...), anchorHoriz='center', anchorVert='center', antialias=True, autoDraw=False, autoLog=True, bold=False, color=array([1., 1., 1.]), colorSpace='rgb', contrast=1.0, depth=0.0, flipHoriz=False, flipVert=False, font='Arial', fontFiles=[], height=0.04, italic=False, languageStyle='LTR', name='instructInconRight_text', opacity=1.0, ori=0, pos=array([0., 0.]), rgb=UNKNOWN, text=str(...), units='height', win=Window(...), wrapWidth=1.3)
9.4374 	EXP 	Created instructIncon_centerImg = ImageStim(__class__=<class 'psychopy.visual.image.ImageStim'>, anchor=('center', 'center'), autoLog=True, color=array([1., 1., 1.]), colorSpace='rgb', contrast=1.0, depth=-1.0, flipHoriz=False, flipVert=False, image='img/rightArrow.png', interpolate=True, mask=None, maskParams=None, name='instructIncon_centerImg', opacity=1.0, ori=0.0, pos=array([ 0. , -0.3]), size=array([0.02, 0.02]), texRes=512, units='height', win=Window(...))
9.4805 	EXP 	Created instructIncon_rightImg1 = ImageStim(__class__=<class 'psychopy.visual.image.ImageStim'>, anchor=('center', 'center'), autoLog=True, color=array([1., 1., 1.]), colorSpace='rgb', contrast=1.0, depth=-2.0, flipHoriz=False, flipVert=False, image='img/leftArrow.png', interpolate=True, mask=None, maskParams=None, name='instructIncon_rightImg1', opacity=1.0, ori=0.0, pos=array([ 0.03, -0.3 ]), size=array([0.02, 0.02]), texRes=512, units='height', win=Window(...))
9.5242 	EXP 	Created instructIncon_leftImg1 = ImageStim(__class__=<class 'psychopy.visual.image.ImageStim'>, anchor=('center', 'center'), autoLog=True, color=array([1., 1., 1.]), colorSpace='rgb', contrast=1.0, depth=-3.0, flipHoriz=False, flipVert=False, image='img/leftArrow.png', interpolate=True, mask=None, maskParams=None, name='instructIncon_leftImg1', opacity=1.0, ori=0.0, pos=array([-0.03, -0.3 ]), size=array([0.02, 0.02]), texRes=512, units='height', win=Window(...))
9.5243 	INFO 	keyboard.Keyboard is using iohub backend.
9.5318 	EXP 	Created instructInconLeft_text = TextStim(__class__=<class 'psychopy.visual.text.TextStim'>, alignHoriz=method-wrapper(...), alignText='center', alignVert=method-wrapper(...), anchorHoriz='center', anchorVert='center', antialias=True, autoDraw=False, autoLog=True, bold=False, color=array([1., 1., 1.]), colorSpace='rgb', contrast=1.0, depth=0.0, flipHoriz=False, flipVert=False, font='Arial', fontFiles=[], height=0.04, italic=False, languageStyle='LTR', name='instructInconLeft_text', opacity=1.0, ori=0, pos=array([0., 0.]), rgb=UNKNOWN, text=str(...), units='height', win=Window(...), wrapWidth=1.3)
9.5766 	EXP 	Created instructInconLeft_centerImg = ImageStim(__class__=<class 'psychopy.visual.image.ImageStim'>, anchor=('center', 'center'), autoLog=True, color=array([1., 1., 1.]), colorSpace='rgb', contrast=1.0, depth=-1.0, flipHoriz=False, flipVert=False, image='img/leftArrow.png', interpolate=True, mask=None, maskParams=None, name='instructInconLeft_centerImg', opacity=1.0, ori=0.0, pos=array([ 0. , -0.3]), size=array([0.02, 0.02]), texRes=512, units='height', win=Window(...))
9.6216 	EXP 	Created instructInconLeft_rightImg1 = ImageStim(__class__=<class 'psychopy.visual.image.ImageStim'>, anchor=('center', 'center'), autoLog=True, color=array([1., 1., 1.]), colorSpace='rgb', contrast=1.0, depth=-2.0, flipHoriz=False, flipVert=False, image='img/rightArrow.png', interpolate=True, mask=None, maskParams=None, name='instructInconLeft_rightImg1', opacity=1.0, ori=0.0, pos=array([ 0.03, -0.3 ]), size=array([0.02, 0.02]), texRes=512, units='height', win=Window(...))
9.6710 	EXP 	Created instructInconLeft_leftImg1 = ImageStim(__class__=<class 'psychopy.visual.image.ImageStim'>, anchor=('center', 'center'), autoLog=True, color=array([1., 1., 1.]), colorSpace='rgb', contrast=1.0, depth=-3.0, flipHoriz=False, flipVert=False, image='img/rightArrow.png', interpolate=True, mask=None, maskParams=None, name='instructInconLeft_leftImg1', opacity=1.0, ori=0.0, pos=array([-0.03, -0.3 ]), size=array([0.02, 0.02]), texRes=512, units='height', win=Window(...))
9.6710 	INFO 	keyboard.Keyboard is using iohub backend.
9.6953 	EXP 	Created prac_blockText = TextStim(__class__=<class 'psychopy.visual.text.TextStim'>, alignHoriz=method-wrapper(...), alignText='center', alignVert=method-wrapper(...), anchorHoriz='center', anchorVert='center', antialias=True, autoDraw=False, autoLog=True, bold=False, color=array([1., 1., 1.]), colorSpace='rgb', contrast=1.0, depth=-1.0, flipHoriz=False, flipVert=False, font='Arial', fontFiles=[], height=0.06, italic=False, languageStyle='LTR', name='prac_blockText', opacity=1.0, ori=0.0, pos=array([0. , 0.3]), rgb=UNKNOWN, text='Practice', units='height', win=Window(...), wrapWidth=1.3)
9.7125 	EXP 	Created prac_reminder_text = TextStim(__class__=<class 'psychopy.visual.text.TextStim'>, alignHoriz=method-wrapper(...), alignText='center', alignVert=method-wrapper(...), anchorHoriz='center', anchorVert='center', antialias=True, autoDraw=False, autoLog=True, bold=False, color=array([1., 1., 1.]), colorSpace='rgb', contrast=1.0, depth=-2.0, flipHoriz=False, flipVert=False, font='Arial', fontFiles=[], height=0.04, italic=False, languageStyle='LTR', name='prac_reminder_text', opacity=1.0, ori=0, pos=array([0., 0.]), rgb=UNKNOWN, text=str(...), units='height', win=Window(...), wrapWidth=1.3)
9.7125 	INFO 	keyboard.Keyboard is using iohub backend.
9.7169 	EXP 	Created initFixation_img = ImageStim(__class__=<class 'psychopy.visual.image.ImageStim'>, anchor=('center', 'center'), autoLog=True, color=array([1., 1., 1.]), colorSpace='rgb', contrast=1.0, depth=0.0, flipHoriz=False, flipVert=False, image='sin', interpolate=True, mask=None, maskParams=None, name='initFixation_img', opacity=1.0, ori=0.0, pos=array([ 0.   , -0.015]), size=array([0.26, 0.22]), texRes=512, units='height', win=Window(...))
9.7213 	EXP 	Created bigFace = ImageStim(__class__=<class 'psychopy.visual.image.ImageStim'>, anchor=('center', 'center'), autoLog=True, color=array([1., 1., 1.]), colorSpace='rgb', contrast=1.0, depth=-1.0, flipHoriz=False, flipVert=False, image='sin', interpolate=True, mask=None, maskParams=None, name='bigFace', opacity=0.85, ori=0.0, pos=array([0., 0.]), size=array([0.4267, 0.3   ]), texRes=128.0, units='height', win=Window(...))
9.7258 	EXP 	Created cover_background_2 = ImageStim(__class__=<class 'psychopy.visual.image.ImageStim'>, anchor=('center', 'center'), autoLog=True, color=array([1., 1., 1.]), colorSpace='rgb', contrast=1.0, depth=-2.0, flipHoriz=False, flipVert=False, image='sin', interpolate=True, mask=None, maskParams=None, name='cover_background_2', opacity=1.0, ori=0.0, pos=array([ 0.   , -0.015]), size=array([0.26, 0.22]), texRes=128.0, units='height', win=Window(...))
9.7304 	EXP 	Created prac_centerImg = ImageStim(__class__=<class 'psychopy.visual.image.ImageStim'>, anchor=('center', 'center'), autoLog=True, color=array([1., 1., 1.]), colorSpace='rgb', contrast=1.0, depth=-3.0, flipHoriz=False, flipVert=False, image='sin', interpolate=True, mask=None, maskParams=None, name='prac_centerImg', opacity=1.0, ori=0.0, pos=array([0., 0.]), size=array([1., 1.]), texRes=512, units='height', win=Window(...))
9.7350 	EXP 	Created prac_rightImg1 = ImageStim(__class__=<class 'psychopy.visual.image.ImageStim'>, anchor=('center', 'center'), autoLog=True, color=array([1., 1., 1.]), colorSpace='rgb', contrast=1.0, depth=-4.0, flipHoriz=False, flipVert=False, image='sin', interpolate=True, mask=None, maskParams=None, name='prac_rightImg1', opacity=1.0, ori=0.0, pos=array([0., 0.]), size=array([1., 1.]), texRes=512, units='height', win=Window(...))
9.7395 	EXP 	Created prac_rightImg2 = ImageStim(__class__=<class 'psychopy.visual.image.ImageStim'>, anchor=('center', 'center'), autoLog=True, color=array([1., 1., 1.]), colorSpace='rgb', contrast=1.0, depth=-5.0, flipHoriz=False, flipVert=False, image='sin', interpolate=True, mask=None, maskParams=None, name='prac_rightImg2', opacity=1.0, ori=0.0, pos=array([0., 0.]), size=array([1., 1.]), texRes=512, units='height', win=Window(...))
9.7445 	EXP 	Created prac_leftImg1 = ImageStim(__class__=<class 'psychopy.visual.image.ImageStim'>, anchor=('center', 'center'), autoLog=True, color=array([1., 1., 1.]), colorSpace='rgb', contrast=1.0, depth=-6.0, flipHoriz=False, flipVert=False, image='sin', interpolate=True, mask=None, maskParams=None, name='prac_leftImg1', opacity=1.0, ori=0.0, pos=array([0., 0.]), size=array([1., 1.]), texRes=512, units='height', win=Window(...))
9.7491 	EXP 	Created prac_leftImg2 = ImageStim(__class__=<class 'psychopy.visual.image.ImageStim'>, anchor=('center', 'center'), autoLog=True, color=array([1., 1., 1.]), colorSpace='rgb', contrast=1.0, depth=-7.0, flipHoriz=False, flipVert=False, image='sin', interpolate=True, mask=None, maskParams=None, name='prac_leftImg2', opacity=1.0, ori=0.0, pos=array([0., 0.]), size=array([1., 1.]), texRes=512, units='height', win=Window(...))
9.7545 	EXP 	Created prac_fixImg = ImageStim(__class__=<class 'psychopy.visual.image.ImageStim'>, anchor=('center', 'center'), autoLog=True, color=array([1., 1., 1.]), colorSpace='rgb', contrast=1.0, depth=-8.0, flipHoriz=False, flipVert=False, image='sin', interpolate=True, mask=None, maskParams=None, name='prac_fixImg', opacity=1.0, ori=0.0, pos=array([ 0.   , -0.015]), size=array([0.26, 0.22]), texRes=512, units='height', win=Window(...))
9.7545 	INFO 	keyboard.Keyboard is using iohub backend.
9.7558 	EXP 	Created prac_blockFeed_text = TextStim(__class__=<class 'psychopy.visual.text.TextStim'>, alignHoriz=method-wrapper(...), alignText='center', alignVert=method-wrapper(...), anchorHoriz='center', anchorVert='center', antialias=True, autoDraw=False, autoLog=True, bold=False, color=array([1., 1., 1.]), colorSpace='rgb', contrast=1.0, depth=-1.0, flipHoriz=False, flipVert=False, font='Arial', fontFiles=[], height=0.04, italic=False, languageStyle='LTR', name='prac_blockFeed_text', opacity=1.0, ori=0, pos=array([0., 0.]), rgb=UNKNOWN, text='', units='height', win=Window(...), wrapWidth=1.3)
9.7601 	EXP 	Created prac_pressContinue = TextStim(__class__=<class 'psychopy.visual.text.TextStim'>, alignHoriz=method-wrapper(...), alignText='center', alignVert=method-wrapper(...), anchorHoriz='center', anchorVert='center', antialias=True, autoDraw=False, autoLog=True, bold=False, color=array([1., 1., 1.]), colorSpace='rgb', contrast=1.0, depth=-2.0, flipHoriz=False, flipVert=False, font='Arial', fontFiles=[], height=0.04, italic=False, languageStyle='LTR', name='prac_pressContinue', opacity=1.0, ori=0.0, pos=array([ 0. , -0.3]), rgb=UNKNOWN, text='Press the right key', units='height', win=Window(...), wrapWidth=1.3)
9.7601 	INFO 	keyboard.Keyboard is using iohub backend.
9.7615 	EXP 	Created task_blockText = TextStim(__class__=<class 'psychopy.visual.text.TextStim'>, alignHoriz=method-wrapper(...), alignText='center', alignVert=method-wrapper(...), anchorHoriz='center', anchorVert='center', antialias=True, autoDraw=False, autoLog=True, bold=False, color=array([1., 1., 1.]), colorSpace='rgb', contrast=1.0, depth=-1.0, flipHoriz=False, flipVert=False, font='Arial', fontFiles=[], height=0.06, italic=False, languageStyle='LTR', name='task_blockText', opacity=1.0, ori=0.0, pos=array([0. , 0.3]), rgb=UNKNOWN, text='', units='height', win=Window(...), wrapWidth=1.3)
9.7740 	EXP 	Created task_blockReminders_text = TextStim(__class__=<class 'psychopy.visual.text.TextStim'>, alignHoriz=method-wrapper(...), alignText='center', alignVert=method-wrapper(...), anchorHoriz='center', anchorVert='center', antialias=True, autoDraw=False, autoLog=True, bold=False, color=array([1., 1., 1.]), colorSpace='rgb', contrast=1.0, depth=-2.0, flipHoriz=False, flipVert=False, font='Arial', fontFiles=[], height=0.04, italic=False, languageStyle='LTR', name='task_blockReminders_text', opacity=1.0, ori=0, pos=array([0., 0.]), rgb=UNKNOWN, text=str(...), units='height', win=Window(...), wrapWidth=1.3)
9.7741 	INFO 	keyboard.Keyboard is using iohub backend.
9.7793 	EXP 	Created initFixation_img = ImageStim(__class__=<class 'psychopy.visual.image.ImageStim'>, anchor=('center', 'center'), autoLog=True, color=array([1., 1., 1.]), colorSpace='rgb', contrast=1.0, depth=0.0, flipHoriz=False, flipVert=False, image='sin', interpolate=True, mask=None, maskParams=None, name='initFixation_img', opacity=1.0, ori=0.0, pos=array([ 0.   , -0.015]), size=array([0.26, 0.22]), texRes=512, units='height', win=Window(...))
9.7842 	EXP 	Created bigFace_2 = ImageStim(__class__=<class 'psychopy.visual.image.ImageStim'>, anchor=('center', 'center'), autoLog=True, color=array([1., 1., 1.]), colorSpace='rgb', contrast=1.0, depth=-1.0, flipHoriz=False, flipVert=False, image='sin', interpolate=True, mask=None, maskParams=None, name='bigFace_2', opacity=0.85, ori=0.0, pos=array([0., 0.]), size=array([0.4267, 0.3   ]), texRes=128.0, units='height', win=Window(...))
9.8603 	EXP 	Created cover_background = ImageStim(__class__=<class 'psychopy.visual.image.ImageStim'>, anchor=('center', 'center'), autoLog=True, color=array([1., 1., 1.]), colorSpace='rgb', contrast=1.0, depth=-2.0, flipHoriz=False, flipVert=False, image='img/cover_background.png', interpolate=True, mask=None, maskParams=None, name='cover_background', opacity=1.0, ori=0.0, pos=array([ 0.   , -0.015]), size=array([0.26, 0.22]), texRes=128.0, units='height', win=Window(...))
9.8652 	EXP 	Created task_centerImg = ImageStim(__class__=<class 'psychopy.visual.image.ImageStim'>, anchor=('center', 'center'), autoLog=True, color=array([1., 1., 1.]), colorSpace='rgb', contrast=1.0, depth=-3.0, flipHoriz=False, flipVert=False, image='sin', interpolate=True, mask=None, maskParams=None, name='task_centerImg', opacity=1.0, ori=0.0, pos=array([0., 0.]), size=array([1., 1.]), texRes=512, units='height', win=Window(...))
9.8699 	EXP 	Created task_rightImg1 = ImageStim(__class__=<class 'psychopy.visual.image.ImageStim'>, anchor=('center', 'center'), autoLog=True, color=array([1., 1., 1.]), colorSpace='rgb', contrast=1.0, depth=-4.0, flipHoriz=False, flipVert=False, image='sin', interpolate=True, mask=None, maskParams=None, name='task_rightImg1', opacity=1.0, ori=0.0, pos=array([0., 0.]), size=array([1., 1.]), texRes=512, units='height', win=Window(...))
9.8751 	EXP 	Created task_rightImg2 = ImageStim(__class__=<class 'psychopy.visual.image.ImageStim'>, anchor=('center', 'center'), autoLog=True, color=array([1., 1., 1.]), colorSpace='rgb', contrast=1.0, depth=-5.0, flipHoriz=False, flipVert=False, image='sin', interpolate=True, mask=None, maskParams=None, name='task_rightImg2', opacity=1.0, ori=0.0, pos=array([0., 0.]), size=array([1., 1.]), texRes=512, units='height', win=Window(...))
9.8794 	EXP 	Created task_leftImg1 = ImageStim(__class__=<class 'psychopy.visual.image.ImageStim'>, anchor=('center', 'center'), autoLog=True, color=array([1., 1., 1.]), colorSpace='rgb', contrast=1.0, depth=-6.0, flipHoriz=False, flipVert=False, image='sin', interpolate=True, mask=None, maskParams=None, name='task_leftImg1', opacity=1.0, ori=0.0, pos=array([0., 0.]), size=array([1., 1.]), texRes=512, units='height', win=Window(...))
9.8842 	EXP 	Created task_leftImg2 = ImageStim(__class__=<class 'psychopy.visual.image.ImageStim'>, anchor=('center', 'center'), autoLog=True, color=array([1., 1., 1.]), colorSpace='rgb', contrast=1.0, depth=-7.0, flipHoriz=False, flipVert=False, image='sin', interpolate=True, mask=None, maskParams=None, name='task_leftImg2', opacity=1.0, ori=0.0, pos=array([0., 0.]), size=array([1., 1.]), texRes=512, units='height', win=Window(...))
9.8890 	EXP 	Created task_fixImg = ImageStim(__class__=<class 'psychopy.visual.image.ImageStim'>, anchor=('center', 'center'), autoLog=True, color=array([1., 1., 1.]), colorSpace='rgb', contrast=1.0, depth=-8.0, flipHoriz=False, flipVert=False, image='sin', interpolate=True, mask=None, maskParams=None, name='task_fixImg', opacity=1.0, ori=0.0, pos=array([ 0.   , -0.015]), size=array([0.26, 0.22]), texRes=512, units='height', win=Window(...))
9.8890 	INFO 	keyboard.Keyboard is using iohub backend.
9.8911 	EXP 	Created task_blockFeed_text = TextStim(__class__=<class 'psychopy.visual.text.TextStim'>, alignHoriz=method-wrapper(...), alignText='center', alignVert=method-wrapper(...), anchorHoriz='center', anchorVert='center', antialias=True, autoDraw=False, autoLog=True, bold=False, color=array([1., 1., 1.]), colorSpace='rgb', contrast=1.0, depth=-1.0, flipHoriz=False, flipVert=False, font='Arial', fontFiles=[], height=0.12, italic=False, languageStyle='LTR', name='task_blockFeed_text', opacity=1.0, ori=0, pos=array([0. , 0.1]), rgb=UNKNOWN, text='', units='height', win=Window(...), wrapWidth=1.8)
9.8924 	EXP 	Created task_blockFeed_text2 = TextStim(__class__=<class 'psychopy.visual.text.TextStim'>, alignHoriz=method-wrapper(...), alignText='center', alignVert=method-wrapper(...), anchorHoriz='center', anchorVert='center', antialias=True, autoDraw=False, autoLog=True, bold=False, color=array([1., 1., 1.]), colorSpace='rgb', contrast=1.0, depth=-2.0, flipHoriz=False, flipVert=False, font='Arial', fontFiles=[], height=0.04, italic=False, languageStyle='LTR', name='task_blockFeed_text2', opacity=1.0, ori=0, pos=array([ 0. , -0.3]), rgb=UNKNOWN, text='', units='height', win=Window(...), wrapWidth=1.3)
9.8924 	INFO 	keyboard.Keyboard is using iohub backend.
9.9039 	EXP 	Created fix = TextStim(__class__=<class 'psychopy.visual.text.TextStim'>, alignHoriz=method-wrapper(...), alignText='center', alignVert=method-wrapper(...), anchorHoriz='center', anchorVert='center', antialias=True, autoDraw=False, autoLog=True, bold=False, color=array([1., 1., 1.]), colorSpace='rgb', contrast=1.0, depth=0.0, flipHoriz=False, flipVert=False, font='Open Sans', fontFiles=[], height=0.1, italic=False, languageStyle='LTR', name='fix', opacity=1.0, ori=0.0, pos=array([0., 0.]), rgb=UNKNOWN, text='+', units='height', win=Window(...), wrapWidth=1)
9.9294 	EXP 	Created errorNumbers_text_2 = TextStim(__class__=<class 'psychopy.visual.text.TextStim'>, alignHoriz=method-wrapper(...), alignText='center', alignVert=method-wrapper(...), anchorHoriz='center', anchorVert='center', antialias=True, autoDraw=False, autoLog=True, bold=False, color=array([1., 1., 1.]), colorSpace='rgb', contrast=1.0, depth=-1.0, flipHoriz=False, flipVert=False, font='Open Sans', fontFiles=[], height=0.03, italic=False, languageStyle='LTR', name='errorNumbers_text_2', opacity=1.0, ori=0.0, pos=array([0.  , 0.12]), rgb=UNKNOWN, text=str(...), units='height', win=Window(...), wrapWidth=1)
9.9453 	INFO 	keyboard.Keyboard is using iohub backend.
9.9610 	EXP 	Created botherRate_text = TextStim(__class__=<class 'psychopy.visual.text.TextStim'>, alignHoriz=method-wrapper(...), alignText='center', alignVert=method-wrapper(...), anchorHoriz='center', anchorVert='center', antialias=True, autoDraw=False, autoLog=True, bold=False, color=array([1., 1., 1.]), colorSpace='rgb', contrast=1.0, depth=-1.0, flipHoriz=False, flipVert=False, font='Open Sans', fontFiles=[], height=0.03, italic=False, languageStyle='LTR', name='botherRate_text', opacity=1.0, ori=0.0, pos=array([0.  , 0.12]), rgb=UNKNOWN, text=str(...), units='height', win=Window(...), wrapWidth=1)
9.9760 	INFO 	keyboard.Keyboard is using iohub backend.
10.0041 	EXP 	Created instruct_surprise1 = TextStim(__class__=<class 'psychopy.visual.text.TextStim'>, alignHoriz=method-wrapper(...), alignText='center', alignVert=method-wrapper(...), anchorHoriz='center', anchorVert='center', antialias=True, autoDraw=False, autoLog=True, bold=False, color=array([1., 1., 1.]), colorSpace='rgb', contrast=1.0, depth=0.0, flipHoriz=False, flipVert=False, font='Open Sans', fontFiles=[], height=0.04, italic=False, languageStyle='LTR', name='instruct_surprise1', opacity=1.0, ori=0.0, pos=array([0., 0.]), rgb=UNKNOWN, text=str(...), units='height', win=Window(...), wrapWidth=1)
10.0041 	INFO 	keyboard.Keyboard is using iohub backend.
10.0053 	EXP 	Created instructMainTask_text = TextStim(__class__=<class 'psychopy.visual.text.TextStim'>, alignHoriz=method-wrapper(...), alignText='center', alignVert=method-wrapper(...), anchorHoriz='center', anchorVert='center', antialias=True, autoDraw=False, autoLog=True, bold=False, color=array([1., 1., 1.]), colorSpace='rgb', contrast=1.0, depth=0.0, flipHoriz=False, flipVert=False, font='Arial', fontFiles=[], height=0.04, italic=False, languageStyle='LTR', name='instructMainTask_text', opacity=1.0, ori=0, pos=array([0., 0.]), rgb=UNKNOWN, text='', units='height', win=Window(...), wrapWidth=1.3)
10.0053 	INFO 	keyboard.Keyboard is using iohub backend.
10.0087 	EXP 	Created stimulus = ImageStim(__class__=<class 'psychopy.visual.image.ImageStim'>, anchor=('center', 'center'), autoLog=True, color=array([1., 1., 1.]), colorSpace='rgb', contrast=1.0, depth=0.0, flipHoriz=False, flipVert=False, image='sin', interpolate=True, mask=None, maskParams=None, name='stimulus', opacity=1.0, ori=0.0, pos=array([0., 0.]), size=array([0.4267, 0.3   ]), texRes=128.0, units='height', win=Window(...))
10.0190 	EXP 	Created firstQ = TextStim(__class__=<class 'psychopy.visual.text.TextStim'>, alignHoriz=method-wrapper(...), alignText='center', alignVert=method-wrapper(...), anchorHoriz='center', anchorVert='center', antialias=True, autoDraw=False, autoLog=True, bold=False, color=array([1., 1., 1.]), colorSpace='rgb', contrast=1.0, depth=-1.0, flipHoriz=False, flipVert=False, font='Open Sans', fontFiles=[], height=0.025, italic=False, languageStyle='LTR', name='firstQ', opacity=1.0, ori=0.0, pos=array([0. , 0.4]), rgb=UNKNOWN, text='old or new?\n\n', units='height', win=Window(...), wrapWidth=1)
10.0275 	EXP 	window1: mouseVisible = True
10.0475 	DEBUG 	TextBox2 loaded 1 chars with 0 blanks and 1 valid
10.0492 	DEBUG 	TextBox2 loaded 1 chars with 0 blanks and 1 valid
10.0509 	DEBUG 	TextBox2 loaded 1 chars with 0 blanks and 1 valid
10.0524 	DEBUG 	TextBox2 loaded 1 chars with 0 blanks and 1 valid
10.0540 	DEBUG 	TextBox2 loaded 1 chars with 0 blanks and 1 valid
10.0557 	DEBUG 	TextBox2 loaded 1 chars with 0 blanks and 1 valid
10.0574 	DEBUG 	TextBox2 loaded 1 chars with 0 blanks and 1 valid
10.0593 	DEBUG 	TextBox2 loaded 1 chars with 0 blanks and 1 valid
10.0606 	DEBUG 	TextBox2 loaded 1 chars with 0 blanks and 1 valid
10.0620 	DEBUG 	TextBox2 loaded 1 chars with 0 blanks and 1 valid
10.0638 	DEBUG 	TextBox2 loaded 1 chars with 0 blanks and 1 valid
10.0641 	DEBUG 	Uploading Texture Font fontname to graphics card
10.0715 	DEBUG 	Upload of Texture Font fontname complete
10.0900 	DEBUG 	TextBox2 loaded 1 chars with 0 blanks and 1 valid
10.0916 	DEBUG 	TextBox2 loaded 1 chars with 0 blanks and 1 valid
10.0933 	DEBUG 	TextBox2 loaded 1 chars with 0 blanks and 1 valid
10.0950 	DEBUG 	TextBox2 loaded 1 chars with 0 blanks and 1 valid
10.0966 	DEBUG 	TextBox2 loaded 1 chars with 0 blanks and 1 valid
10.0969 	DEBUG 	Uploading Texture Font fontname to graphics card
10.1057 	DEBUG 	Upload of Texture Font fontname complete
10.1242 	DEBUG 	TextBox2 loaded 1 chars with 0 blanks and 1 valid
10.1245 	DEBUG 	Uploading Texture Font fontname to graphics card
10.1320 	DEBUG 	Upload of Texture Font fontname complete
10.1501 	DEBUG 	TextBox2 loaded 1 chars with 0 blanks and 1 valid
10.1504 	DEBUG 	Uploading Texture Font fontname to graphics card
10.1579 	DEBUG 	Upload of Texture Font fontname complete
10.2290 	EXP 	Created first_slider = Slider(__class__=<class 'psychopy.visual.slider.Slider'>, autoDraw=False, autoLog=True, borderColor=None, color=None, colorSpace='rgb', depth=-2, fillColor=None, flip=False, font='Open Sans', granularity=1.0, labelColor=None, labelHeight=0.02, labelWrapWidth=None, labels=list(...), lineColor=None, markerColor=None, name='first_slider', opacity=None, ori=0.0, pos=array([0., 0.]), readOnly=False, self=UNKNOWN, size=array([0.8 , 0.03]), startValue=None, style='rating', styleTweaks=[], ticks=array([1, 2, 3, 4, 5, 6]), units='height', win=Window(...))
10.2322 	EXP 	Created stimulus12_2 = ImageStim(__class__=<class 'psychopy.visual.image.ImageStim'>, anchor=('center', 'center'), autoLog=True, color=array([1., 1., 1.]), colorSpace='rgb', contrast=1.0, depth=0.0, flipHoriz=False, flipVert=False, image='sin', interpolate=True, mask=None, maskParams=None, name='stimulus12_2', opacity=1.0, ori=0.0, pos=array([0. , 0.2]), size=array([0.71116667, 0.5       ]), texRes=128.0, units='height', win=Window(...))
10.2470 	EXP 	Created secondQ_2 = TextStim(__class__=<class 'psychopy.visual.text.TextStim'>, alignHoriz=method-wrapper(...), alignText='center', alignVert=method-wrapper(...), anchorHoriz='center', anchorVert='center', antialias=True, autoDraw=False, autoLog=True, bold=False, color=array([1., 1., 1.]), colorSpace='rgb', contrast=1.0, depth=-1.0, flipHoriz=False, flipVert=False, font='Open Sans', fontFiles=[], height=0.025, italic=False, languageStyle='LTR', name='secondQ_2', opacity=1.0, ori=0.0, pos=array([ 0. , -0.4]), rgb=UNKNOWN, text=str(...), units='height', win=Window(...), wrapWidth=1)
10.2471 	INFO 	keyboard.Keyboard is using iohub backend.
10.2574 	EXP 	Created finishMessage_text = TextStim(__class__=<class 'psychopy.visual.text.TextStim'>, alignHoriz=method-wrapper(...), alignText='center', alignVert=method-wrapper(...), anchorHoriz='center', anchorVert='center', antialias=True, autoDraw=False, autoLog=True, bold=False, color=array([1., 1., 1.]), colorSpace='rgb', contrast=1.0, depth=0.0, flipHoriz=False, flipVert=False, font='Arial', fontFiles=[], height=0.04, italic=False, languageStyle='LTR', name='finishMessage_text', opacity=1.0, ori=0, pos=array([0., 0.]), rgb=UNKNOWN, text='Thank you for your participation!', units='height', win=Window(...), wrapWidth=1.3)
10.2666 	EXP 	textbox_2: autoLog = True
10.2666 	EXP 	textbox_3: autoLog = True
10.2666 	EXP 	first_slider: autoLog = True
10.2666 	EXP 	first_slider: markerPos = None
10.2666 	EXP 	first_slider: styleTweaks = []
10.2666 	EXP 	first_slider: styleTweaks = []
10.2666 	EXP 	first_slider: styleTweaks = []
10.2666 	EXP 	first_slider: styleTweaks = []
10.2666 	EXP 	first_slider: contrast = 1.0
10.2666 	EXP 	first_slider: autoLog = True
10.2666 	EXP 	welcome_text: autoDraw = True
14.9625 	DATA 	Keypress: 8
14.9716 	DEBUG 	TextBox2 loaded 1 chars with 0 blanks and 1 valid
14.9721 	DEBUG 	Uploading Texture Font fontname to graphics card
14.9750 	DEBUG 	Upload of Texture Font fontname complete
15.0379 	EXP 	welcome_text: autoDraw = False
15.0379 	EXP 	instructRight_text: autoDraw = True
15.0379 	EXP 	instructRight_centerImg: autoDraw = True
15.0379 	EXP 	instructRight_rightImg1: autoDraw = True
15.0379 	EXP 	instructRight_leftImg1: autoDraw = True
15.5460 	DATA 	Keypress: 8
15.5598 	EXP 	instructRight_text: autoDraw = False
15.5598 	EXP 	instructRight_centerImg: autoDraw = False
15.5598 	EXP 	instructRight_rightImg1: autoDraw = False
15.5598 	EXP 	instructRight_leftImg1: autoDraw = False
15.5598 	EXP 	instructLeft_text: autoDraw = True
15.5598 	EXP 	instructLeft_centerImg: autoDraw = True
15.5598 	EXP 	instructLeft_rightImg1: autoDraw = True
15.5598 	EXP 	instructLeft_leftImg1: autoDraw = True
15.7275 	DATA 	Keypress: 1
15.7308 	DEBUG 	TextBox2 loaded 1 chars with 0 blanks and 1 valid
15.7311 	DEBUG 	Uploading Texture Font fontname to graphics card
15.7320 	DEBUG 	Upload of Texture Font fontname complete
15.7602 	EXP 	instructLeft_text: autoDraw = False
15.7602 	EXP 	instructLeft_centerImg: autoDraw = False
15.7602 	EXP 	instructLeft_rightImg1: autoDraw = False
15.7602 	EXP 	instructLeft_leftImg1: autoDraw = False
15.7602 	EXP 	instructInconRight_text: autoDraw = True
15.7602 	EXP 	instructIncon_centerImg: autoDraw = True
15.7602 	EXP 	instructIncon_rightImg1: autoDraw = True
15.7602 	EXP 	instructIncon_leftImg1: autoDraw = True
15.9132 	DATA 	Keypress: 8
15.9264 	EXP 	instructInconRight_text: autoDraw = False
15.9264 	EXP 	instructIncon_centerImg: autoDraw = False
15.9264 	EXP 	instructIncon_rightImg1: autoDraw = False
15.9264 	EXP 	instructIncon_leftImg1: autoDraw = False
15.9264 	EXP 	instructInconLeft_text: autoDraw = True
15.9264 	EXP 	instructInconLeft_centerImg: autoDraw = True
15.9264 	EXP 	instructInconLeft_rightImg1: autoDraw = True
15.9264 	EXP 	instructInconLeft_leftImg1: autoDraw = True
16.0616 	DEBUG 	Read csv file with pandas: blockSelect_practice.csv
16.0626 	DEBUG 	Clearing unnamed columns from blockSelect_practice.csv
16.0628 	EXP 	Imported blockSelect_practice.csv as conditions, 1 conditions, 1 params
16.0632 	EXP 	Created sequence: random, trialTypes=1, nReps=0, seed=None
16.0649 	DEBUG 	Read csv file with pandas: blockSelect.csv
16.0656 	DEBUG 	Clearing unnamed columns from blockSelect.csv
16.0658 	EXP 	Imported blockSelect.csv as conditions, 10 conditions, 1 params
16.0661 	EXP 	Created sequence: random, trialTypes=10, nReps=0, seed=None
16.0664 	DATA 	Keypress: 1
16.0748 	EXP 	instructInconLeft_text: autoDraw = False
16.0748 	EXP 	instructInconLeft_centerImg: autoDraw = False
16.0748 	EXP 	instructInconLeft_rightImg1: autoDraw = False
16.0748 	EXP 	instructInconLeft_leftImg1: autoDraw = False
16.0748 	EXP 	fix: autoDraw = True
16.2263 	DATA 	Keypress: 8
16.5745 	EXP 	fix: autoDraw = False
16.5745 	EXP 	fix: autoDraw = False
16.5745 	EXP 	errorNumbers_text_2: autoDraw = True
16.5745 	EXP 	textbox_2: autoDraw = True
16.7598 	DATA 	Keypress: space
16.7615 	DEBUG 	TextBox2 loaded 1 chars with 0 blanks and 1 valid
16.7631 	DEBUG 	TextBox2 loaded 1 chars with 0 blanks and 1 valid
16.7633 	DEBUG 	Uploading Texture Font fontname to graphics card
16.7643 	DEBUG 	Upload of Texture Font fontname complete
16.7764 	EXP 	errorNumbers_text_2: autoDraw = False
16.7764 	EXP 	textbox_2: autoDraw = False
16.7764 	EXP 	botherRate_text: autoDraw = True
16.7764 	EXP 	textbox_3: autoDraw = True
17.1444 	DATA 	Keypress: space
17.1586 	EXP 	botherRate_text: autoDraw = False
17.1586 	EXP 	textbox_3: autoDraw = False
17.1586 	EXP 	instruct_surprise1: autoDraw = True
17.5845 	DEBUG 	Read excel file with openpyxl: surpriseBlock_select_A.xlsx
17.5857 	EXP 	Imported surpriseBlock_select_A.xlsx as conditions, 2 conditions, 13 params
17.5862 	EXP 	Created sequence: sequential, trialTypes=2, nReps=1, seed=None
17.5867 	EXP 	New trial (rep=0, index=0): {'whichSurpriseBlock': 'half_surp_table1A.csv', 'counterbalance': 'A', 'firstQ': 'old or new?', 'secondQ': 'Does this person seem to judge you negatively?', 'first_labelsO': '["Definitely new", "Probably new", "Maybe new", "Maybe old", "Probably old", "Definitely old"]  ', 'sec_labelsO': '["Definitely yes", "Probably yes", "Maybe yes", "Maybe no", "Probably no", "Definitely no"]  ', 'first_ticksO': [1, 2, 3, 4, 5, 6], 'second_ticksO': [6, 5, 4, 3, 2, 1], 'first_posQ': [0, 0.4], 'first_posScale': [0, 0.2], 'second_posQ': [0, -0.4], 'second_posScale': [0, -0.2], 'taskTextSource': 'In this round, press Right key when the face is OLD and the left key when it is new.\n\nTo get ready, rest your right and left index fingers on the right and left buttons, then press the right button when you are ready to begin.'}
17.6111 	DATA 	Keypress: 8
17.6145 	EXP 	instruct_surprise1: autoDraw = False
17.6145 	EXP 	instructMainTask_text: height = 0.04
17.6145 	EXP 	instructMainTask_text: height = 0.04
17.6145 	EXP 	instructMainTask_text: height = 0.04
17.6145 	EXP 	instructMainTask_text: text = 'In this round, press Right key when the face is OLD and the left key when it is new.\n\nTo get ready, rest your right and left index fingers on the right and left buttons, then press the right button when you are ready to begin.'
17.6145 	EXP 	instructMainTask_text: autoDraw = True
17.9305 	DEBUG 	Read csv file with pandas: half_surp_table1A.csv
17.9314 	DEBUG 	Clearing unnamed columns from half_surp_table1A.csv
17.9347 	EXP 	Imported half_surp_table1A.csv as conditions, 240 conditions, 2 params
17.9366 	EXP 	Created sequence: random, trialTypes=240, nReps=1, seed=None
17.9370 	EXP 	New trial (rep=0, index=0): OrderedDict([('surp_csv_name', 'csv_files/surprise_csv_files/surpriseTable_row331.csv'), ('counterbalance', 'A')])
17.9518 	DEBUG 	Read csv file with pandas: csv_files/surprise_csv_files/surpriseTable_row331.csv
17.9528 	DEBUG 	Clearing unnamed columns from csv_files/surprise_csv_files/surpriseTable_row331.csv
17.9531 	EXP 	Imported csv_files/surprise_csv_files/surpriseTable_row331.csv as conditions, 1 conditions, 2 params
17.9535 	EXP 	Created sequence: random, trialTypes=1, nReps=1, seed=None
17.9537 	EXP 	New trial (rep=0, index=0): OrderedDict([('surpriseFaces', 'img/neutralC/CFD-MF-348-018-N.jpg'), ('new', 0)])
18.2795 	EXP 	window1: mouseVisible = True
18.2887 	DEBUG 	Saving data for face_flanker_v1 ExperimentHandler
18.2921 	INFO 	saved data to C:\Users\kihossei\Documents\GitHub\memory-for-error-dataset\materials\experiments\mfe_final_version\data/_face_flanker_v1_2022-08-07_15h01.43.092.psydat
18.2936 	INFO 	saved data to 'C:\\Users\\kihossei\\Documents\\GitHub\\memory-for-error-dataset\\materials\\experiments\\mfe_final_version\\data/_face_flanker_v1_2022-08-07_15h01.43.092.csv'
