1.1932 	WARNING 	We strongly recommend you activate the PTB sound engine in PsychoPy prefs as the preferred audio engine. Its timing is vastly superior. Your prefs are currently set to use ['sounddevice', 'PTB', 'pyo', 'pygame'] (in that order).
4.4065 	INFO 	Loaded monitor calibration from ['2022_05_31 11:34']
4.4083 	ERROR 	'0.5000, 0.5000, 0.5000' is not a valid rgb color
6.0499 	EXP 	Created window1 = Window(allowGUI=False, allowStencil=False, autoLog=True, backendConf=UNKNOWN, bitsMode=UNKNOWN, blendMode='avg', bpc=(8, 8, 8), color=array([0, 0, 0]), colorSpace='rgb', depthBits=8, fullscr=<method-wrapper '__getattribute__' of attributeSetter object at 0x000001D102844A30>, gamma=None, gammaErrorPolicy='raise', lms=UNKNOWN, monitor=<psychopy.monitors.calibTools.Monitor object at 0x000001D1044A32B0>, multiSample=False, name='window1', numSamples=2, pos=(0, 0), screen=0, size=array([1920, 1080]), stencilBits=0, stereo=False, units='height', useFBO=True, useRetina=False, viewOri=0.0, viewPos=None, viewScale=None, waitBlanking=True, winType='pyglet')
6.0505 	EXP 	window1: mouseVisible = True
6.0506 	EXP 	window1: Attempting to measure frame rate of screen (0) ...
6.0506 	EXP 	window1: recordFrameIntervals = False
6.2159 	EXP 	window1: recordFrameIntervals = True
6.3993 	EXP 	Screen (0) actual frame rate measured at 59.95Hz
6.3994 	EXP 	window1: recordFrameIntervals = False
8.2491 	INFO 	keyboard.Keyboard is using iohub backend.
8.4295 	EXP 	Created welcome_text = TextStim(__class__=<class 'psychopy.visual.text.TextStim'>, alignHoriz=method-wrapper(...), alignText='center', alignVert=method-wrapper(...), anchorHoriz='center', anchorVert='center', antialias=True, autoDraw=False, autoLog=True, bold=False, color=array([1., 1., 1.]), colorSpace='rgb', contrast=1.0, depth=0.0, flipHoriz=False, flipVert=False, font='Arial', fontFiles=[], height=0.04, italic=False, languageStyle='LTR', name='welcome_text', opacity=1.0, ori=0, pos=array([0., 0.]), rgb=UNKNOWN, text=str(...), units='height', win=Window(...), wrapWidth=1.3)
8.4295 	INFO 	keyboard.Keyboard is using iohub backend.
8.4427 	EXP 	Created instructRight_text = TextStim(__class__=<class 'psychopy.visual.text.TextStim'>, alignHoriz=method-wrapper(...), alignText='center', alignVert=method-wrapper(...), anchorHoriz='center', anchorVert='center', antialias=True, autoDraw=False, autoLog=True, bold=False, color=array([1., 1., 1.]), colorSpace='rgb', contrast=1.0, depth=0.0, flipHoriz=False, flipVert=False, font='Arial', fontFiles=[], height=0.04, italic=False, languageStyle='LTR', name='instructRight_text', opacity=1.0, ori=0, pos=array([0., 0.]), rgb=UNKNOWN, text=str(...), units='height', win=Window(...), wrapWidth=1.3)
8.5119 	EXP 	Created instructRight_centerImg = ImageStim(__class__=<class 'psychopy.visual.image.ImageStim'>, anchor=('center', 'center'), autoLog=True, color=array([1., 1., 1.]), colorSpace='rgb', contrast=1.0, depth=-1.0, flipHoriz=False, flipVert=False, image='img/rightArrow.png', interpolate=True, mask=None, maskParams=None, name='instructRight_centerImg', opacity=1.0, ori=0.0, pos=array([ 0. , -0.3]), size=array([0.02, 0.02]), texRes=512, units='height', win=Window(...))
8.5656 	EXP 	Created instructRight_rightImg1 = ImageStim(__class__=<class 'psychopy.visual.image.ImageStim'>, anchor=('center', 'center'), autoLog=True, color=array([1., 1., 1.]), colorSpace='rgb', contrast=1.0, depth=-2.0, flipHoriz=False, flipVert=False, image='img/rightArrow.png', interpolate=True, mask=None, maskParams=None, name='instructRight_rightImg1', opacity=1.0, ori=0.0, pos=array([ 0.03, -0.3 ]), size=array([0.02, 0.02]), texRes=512, units='height', win=Window(...))
8.6135 	EXP 	Created instructRight_leftImg1 = ImageStim(__class__=<class 'psychopy.visual.image.ImageStim'>, anchor=('center', 'center'), autoLog=True, color=array([1., 1., 1.]), colorSpace='rgb', contrast=1.0, depth=-3.0, flipHoriz=False, flipVert=False, image='img/rightArrow.png', interpolate=True, mask=None, maskParams=None, name='instructRight_leftImg1', opacity=1.0, ori=0.0, pos=array([-0.03, -0.3 ]), size=array([0.02, 0.02]), texRes=512, units='height', win=Window(...))
8.6136 	INFO 	keyboard.Keyboard is using iohub backend.
8.6236 	EXP 	Created instructLeft_text = TextStim(__class__=<class 'psychopy.visual.text.TextStim'>, alignHoriz=method-wrapper(...), alignText='center', alignVert=method-wrapper(...), anchorHoriz='center', anchorVert='center', antialias=True, autoDraw=False, autoLog=True, bold=False, color=array([1., 1., 1.]), colorSpace='rgb', contrast=1.0, depth=0.0, flipHoriz=False, flipVert=False, font='Arial', fontFiles=[], height=0.04, italic=False, languageStyle='LTR', name='instructLeft_text', opacity=1.0, ori=0, pos=array([0., 0.]), rgb=UNKNOWN, text=str(...), units='height', win=Window(...), wrapWidth=1.3)
8.6767 	EXP 	Created instructLeft_centerImg = ImageStim(__class__=<class 'psychopy.visual.image.ImageStim'>, anchor=('center', 'center'), autoLog=True, color=array([1., 1., 1.]), colorSpace='rgb', contrast=1.0, depth=-1.0, flipHoriz=False, flipVert=False, image='img/leftArrow.png', interpolate=True, mask=None, maskParams=None, name='instructLeft_centerImg', opacity=1.0, ori=0.0, pos=array([ 0. , -0.3]), size=array([0.02, 0.02]), texRes=512, units='height', win=Window(...))
8.7395 	EXP 	Created instructLeft_rightImg1 = ImageStim(__class__=<class 'psychopy.visual.image.ImageStim'>, anchor=('center', 'center'), autoLog=True, color=array([1., 1., 1.]), colorSpace='rgb', contrast=1.0, depth=-2.0, flipHoriz=False, flipVert=False, image='img/leftArrow.png', interpolate=True, mask=None, maskParams=None, name='instructLeft_rightImg1', opacity=1.0, ori=0.0, pos=array([ 0.03, -0.3 ]), size=array([0.02, 0.02]), texRes=512, units='height', win=Window(...))
8.7931 	EXP 	Created instructLeft_leftImg1 = ImageStim(__class__=<class 'psychopy.visual.image.ImageStim'>, anchor=('center', 'center'), autoLog=True, color=array([1., 1., 1.]), colorSpace='rgb', contrast=1.0, depth=-3.0, flipHoriz=False, flipVert=False, image='img/leftArrow.png', interpolate=True, mask=None, maskParams=None, name='instructLeft_leftImg1', opacity=1.0, ori=0.0, pos=array([-0.03, -0.3 ]), size=array([0.02, 0.02]), texRes=512, units='height', win=Window(...))
8.7931 	INFO 	keyboard.Keyboard is using iohub backend.
8.8207 	EXP 	Created instructInconRight_text = TextStim(__class__=<class 'psychopy.visual.text.TextStim'>, alignHoriz=method-wrapper(...), alignText='center', alignVert=method-wrapper(...), anchorHoriz='center', anchorVert='center', antialias=True, autoDraw=False, autoLog=True, bold=False, color=array([1., 1., 1.]), colorSpace='rgb', contrast=1.0, depth=0.0, flipHoriz=False, flipVert=False, font='Arial', fontFiles=[], height=0.04, italic=False, languageStyle='LTR', name='instructInconRight_text', opacity=1.0, ori=0, pos=array([0., 0.]), rgb=UNKNOWN, text=str(...), units='height', win=Window(...), wrapWidth=1.3)
8.8629 	EXP 	Created instructIncon_centerImg = ImageStim(__class__=<class 'psychopy.visual.image.ImageStim'>, anchor=('center', 'center'), autoLog=True, color=array([1., 1., 1.]), colorSpace='rgb', contrast=1.0, depth=-1.0, flipHoriz=False, flipVert=False, image='img/rightArrow.png', interpolate=True, mask=None, maskParams=None, name='instructIncon_centerImg', opacity=1.0, ori=0.0, pos=array([ 0. , -0.3]), size=array([0.02, 0.02]), texRes=512, units='height', win=Window(...))
8.9057 	EXP 	Created instructIncon_rightImg1 = ImageStim(__class__=<class 'psychopy.visual.image.ImageStim'>, anchor=('center', 'center'), autoLog=True, color=array([1., 1., 1.]), colorSpace='rgb', contrast=1.0, depth=-2.0, flipHoriz=False, flipVert=False, image='img/leftArrow.png', interpolate=True, mask=None, maskParams=None, name='instructIncon_rightImg1', opacity=1.0, ori=0.0, pos=array([ 0.03, -0.3 ]), size=array([0.02, 0.02]), texRes=512, units='height', win=Window(...))
8.9485 	EXP 	Created instructIncon_leftImg1 = ImageStim(__class__=<class 'psychopy.visual.image.ImageStim'>, anchor=('center', 'center'), autoLog=True, color=array([1., 1., 1.]), colorSpace='rgb', contrast=1.0, depth=-3.0, flipHoriz=False, flipVert=False, image='img/leftArrow.png', interpolate=True, mask=None, maskParams=None, name='instructIncon_leftImg1', opacity=1.0, ori=0.0, pos=array([-0.03, -0.3 ]), size=array([0.02, 0.02]), texRes=512, units='height', win=Window(...))
8.9485 	INFO 	keyboard.Keyboard is using iohub backend.
8.9584 	EXP 	Created instructInconLeft_text = TextStim(__class__=<class 'psychopy.visual.text.TextStim'>, alignHoriz=method-wrapper(...), alignText='center', alignVert=method-wrapper(...), anchorHoriz='center', anchorVert='center', antialias=True, autoDraw=False, autoLog=True, bold=False, color=array([1., 1., 1.]), colorSpace='rgb', contrast=1.0, depth=0.0, flipHoriz=False, flipVert=False, font='Arial', fontFiles=[], height=0.04, italic=False, languageStyle='LTR', name='instructInconLeft_text', opacity=1.0, ori=0, pos=array([0., 0.]), rgb=UNKNOWN, text=str(...), units='height', win=Window(...), wrapWidth=1.3)
9.0010 	EXP 	Created instructInconLeft_centerImg = ImageStim(__class__=<class 'psychopy.visual.image.ImageStim'>, anchor=('center', 'center'), autoLog=True, color=array([1., 1., 1.]), colorSpace='rgb', contrast=1.0, depth=-1.0, flipHoriz=False, flipVert=False, image='img/leftArrow.png', interpolate=True, mask=None, maskParams=None, name='instructInconLeft_centerImg', opacity=1.0, ori=0.0, pos=array([ 0. , -0.3]), size=array([0.02, 0.02]), texRes=512, units='height', win=Window(...))
9.0447 	EXP 	Created instructInconLeft_rightImg1 = ImageStim(__class__=<class 'psychopy.visual.image.ImageStim'>, anchor=('center', 'center'), autoLog=True, color=array([1., 1., 1.]), colorSpace='rgb', contrast=1.0, depth=-2.0, flipHoriz=False, flipVert=False, image='img/rightArrow.png', interpolate=True, mask=None, maskParams=None, name='instructInconLeft_rightImg1', opacity=1.0, ori=0.0, pos=array([ 0.03, -0.3 ]), size=array([0.02, 0.02]), texRes=512, units='height', win=Window(...))
9.0897 	EXP 	Created instructInconLeft_leftImg1 = ImageStim(__class__=<class 'psychopy.visual.image.ImageStim'>, anchor=('center', 'center'), autoLog=True, color=array([1., 1., 1.]), colorSpace='rgb', contrast=1.0, depth=-3.0, flipHoriz=False, flipVert=False, image='img/rightArrow.png', interpolate=True, mask=None, maskParams=None, name='instructInconLeft_leftImg1', opacity=1.0, ori=0.0, pos=array([-0.03, -0.3 ]), size=array([0.02, 0.02]), texRes=512, units='height', win=Window(...))
9.0897 	INFO 	keyboard.Keyboard is using iohub backend.
9.1166 	EXP 	Created prac_blockText = TextStim(__class__=<class 'psychopy.visual.text.TextStim'>, alignHoriz=method-wrapper(...), alignText='center', alignVert=method-wrapper(...), anchorHoriz='center', anchorVert='center', antialias=True, autoDraw=False, autoLog=True, bold=False, color=array([1., 1., 1.]), colorSpace='rgb', contrast=1.0, depth=-1.0, flipHoriz=False, flipVert=False, font='Arial', fontFiles=[], height=0.06, italic=False, languageStyle='LTR', name='prac_blockText', opacity=1.0, ori=0.0, pos=array([0. , 0.3]), rgb=UNKNOWN, text='Practice', units='height', win=Window(...), wrapWidth=1.3)
9.1333 	EXP 	Created prac_reminder_text = TextStim(__class__=<class 'psychopy.visual.text.TextStim'>, alignHoriz=method-wrapper(...), alignText='center', alignVert=method-wrapper(...), anchorHoriz='center', anchorVert='center', antialias=True, autoDraw=False, autoLog=True, bold=False, color=array([1., 1., 1.]), colorSpace='rgb', contrast=1.0, depth=-2.0, flipHoriz=False, flipVert=False, font='Arial', fontFiles=[], height=0.04, italic=False, languageStyle='LTR', name='prac_reminder_text', opacity=1.0, ori=0, pos=array([0., 0.]), rgb=UNKNOWN, text=str(...), units='height', win=Window(...), wrapWidth=1.3)
9.1333 	INFO 	keyboard.Keyboard is using iohub backend.
9.1381 	EXP 	Created initFixation_img = ImageStim(__class__=<class 'psychopy.visual.image.ImageStim'>, anchor=('center', 'center'), autoLog=True, color=array([1., 1., 1.]), colorSpace='rgb', contrast=1.0, depth=0.0, flipHoriz=False, flipVert=False, image='sin', interpolate=True, mask=None, maskParams=None, name='initFixation_img', opacity=1.0, ori=0.0, pos=array([ 0.   , -0.015]), size=array([0.26, 0.22]), texRes=512, units='height', win=Window(...))
9.1425 	EXP 	Created bigFace = ImageStim(__class__=<class 'psychopy.visual.image.ImageStim'>, anchor=('center', 'center'), autoLog=True, color=array([1., 1., 1.]), colorSpace='rgb', contrast=1.0, depth=-1.0, flipHoriz=False, flipVert=False, image='sin', interpolate=True, mask=None, maskParams=None, name='bigFace', opacity=0.85, ori=0.0, pos=array([0., 0.]), size=array([0.4267, 0.3   ]), texRes=128.0, units='height', win=Window(...))
9.1470 	EXP 	Created cover_background_2 = ImageStim(__class__=<class 'psychopy.visual.image.ImageStim'>, anchor=('center', 'center'), autoLog=True, color=array([1., 1., 1.]), colorSpace='rgb', contrast=1.0, depth=-2.0, flipHoriz=False, flipVert=False, image='sin', interpolate=True, mask=None, maskParams=None, name='cover_background_2', opacity=1.0, ori=0.0, pos=array([ 0.   , -0.015]), size=array([0.26, 0.22]), texRes=128.0, units='height', win=Window(...))
9.1513 	EXP 	Created prac_centerImg = ImageStim(__class__=<class 'psychopy.visual.image.ImageStim'>, anchor=('center', 'center'), autoLog=True, color=array([1., 1., 1.]), colorSpace='rgb', contrast=1.0, depth=-3.0, flipHoriz=False, flipVert=False, image='sin', interpolate=True, mask=None, maskParams=None, name='prac_centerImg', opacity=1.0, ori=0.0, pos=array([0., 0.]), size=array([1., 1.]), texRes=512, units='height', win=Window(...))
9.1561 	EXP 	Created prac_rightImg1 = ImageStim(__class__=<class 'psychopy.visual.image.ImageStim'>, anchor=('center', 'center'), autoLog=True, color=array([1., 1., 1.]), colorSpace='rgb', contrast=1.0, depth=-4.0, flipHoriz=False, flipVert=False, image='sin', interpolate=True, mask=None, maskParams=None, name='prac_rightImg1', opacity=1.0, ori=0.0, pos=array([0., 0.]), size=array([1., 1.]), texRes=512, units='height', win=Window(...))
9.1609 	EXP 	Created prac_rightImg2 = ImageStim(__class__=<class 'psychopy.visual.image.ImageStim'>, anchor=('center', 'center'), autoLog=True, color=array([1., 1., 1.]), colorSpace='rgb', contrast=1.0, depth=-5.0, flipHoriz=False, flipVert=False, image='sin', interpolate=True, mask=None, maskParams=None, name='prac_rightImg2', opacity=1.0, ori=0.0, pos=array([0., 0.]), size=array([1., 1.]), texRes=512, units='height', win=Window(...))
9.1665 	EXP 	Created prac_leftImg1 = ImageStim(__class__=<class 'psychopy.visual.image.ImageStim'>, anchor=('center', 'center'), autoLog=True, color=array([1., 1., 1.]), colorSpace='rgb', contrast=1.0, depth=-6.0, flipHoriz=False, flipVert=False, image='sin', interpolate=True, mask=None, maskParams=None, name='prac_leftImg1', opacity=1.0, ori=0.0, pos=array([0., 0.]), size=array([1., 1.]), texRes=512, units='height', win=Window(...))
9.1710 	EXP 	Created prac_leftImg2 = ImageStim(__class__=<class 'psychopy.visual.image.ImageStim'>, anchor=('center', 'center'), autoLog=True, color=array([1., 1., 1.]), colorSpace='rgb', contrast=1.0, depth=-7.0, flipHoriz=False, flipVert=False, image='sin', interpolate=True, mask=None, maskParams=None, name='prac_leftImg2', opacity=1.0, ori=0.0, pos=array([0., 0.]), size=array([1., 1.]), texRes=512, units='height', win=Window(...))
9.1762 	EXP 	Created prac_fixImg = ImageStim(__class__=<class 'psychopy.visual.image.ImageStim'>, anchor=('center', 'center'), autoLog=True, color=array([1., 1., 1.]), colorSpace='rgb', contrast=1.0, depth=-8.0, flipHoriz=False, flipVert=False, image='sin', interpolate=True, mask=None, maskParams=None, name='prac_fixImg', opacity=1.0, ori=0.0, pos=array([ 0.   , -0.015]), size=array([0.26, 0.22]), texRes=512, units='height', win=Window(...))
9.1762 	INFO 	keyboard.Keyboard is using iohub backend.
9.1774 	EXP 	Created prac_blockFeed_text = TextStim(__class__=<class 'psychopy.visual.text.TextStim'>, alignHoriz=method-wrapper(...), alignText='center', alignVert=method-wrapper(...), anchorHoriz='center', anchorVert='center', antialias=True, autoDraw=False, autoLog=True, bold=False, color=array([1., 1., 1.]), colorSpace='rgb', contrast=1.0, depth=-1.0, flipHoriz=False, flipVert=False, font='Arial', fontFiles=[], height=0.04, italic=False, languageStyle='LTR', name='prac_blockFeed_text', opacity=1.0, ori=0, pos=array([0., 0.]), rgb=UNKNOWN, text='', units='height', win=Window(...), wrapWidth=1.3)
9.1815 	EXP 	Created prac_pressContinue = TextStim(__class__=<class 'psychopy.visual.text.TextStim'>, alignHoriz=method-wrapper(...), alignText='center', alignVert=method-wrapper(...), anchorHoriz='center', anchorVert='center', antialias=True, autoDraw=False, autoLog=True, bold=False, color=array([1., 1., 1.]), colorSpace='rgb', contrast=1.0, depth=-2.0, flipHoriz=False, flipVert=False, font='Arial', fontFiles=[], height=0.04, italic=False, languageStyle='LTR', name='prac_pressContinue', opacity=1.0, ori=0.0, pos=array([ 0. , -0.3]), rgb=UNKNOWN, text='Press the right key', units='height', win=Window(...), wrapWidth=1.3)
9.1815 	INFO 	keyboard.Keyboard is using iohub backend.
9.1830 	EXP 	Created task_blockText = TextStim(__class__=<class 'psychopy.visual.text.TextStim'>, alignHoriz=method-wrapper(...), alignText='center', alignVert=method-wrapper(...), anchorHoriz='center', anchorVert='center', antialias=True, autoDraw=False, autoLog=True, bold=False, color=array([1., 1., 1.]), colorSpace='rgb', contrast=1.0, depth=-1.0, flipHoriz=False, flipVert=False, font='Arial', fontFiles=[], height=0.06, italic=False, languageStyle='LTR', name='task_blockText', opacity=1.0, ori=0.0, pos=array([0. , 0.3]), rgb=UNKNOWN, text='', units='height', win=Window(...), wrapWidth=1.3)
9.1938 	EXP 	Created task_blockReminders_text = TextStim(__class__=<class 'psychopy.visual.text.TextStim'>, alignHoriz=method-wrapper(...), alignText='center', alignVert=method-wrapper(...), anchorHoriz='center', anchorVert='center', antialias=True, autoDraw=False, autoLog=True, bold=False, color=array([1., 1., 1.]), colorSpace='rgb', contrast=1.0, depth=-2.0, flipHoriz=False, flipVert=False, font='Arial', fontFiles=[], height=0.04, italic=False, languageStyle='LTR', name='task_blockReminders_text', opacity=1.0, ori=0, pos=array([0., 0.]), rgb=UNKNOWN, text=str(...), units='height', win=Window(...), wrapWidth=1.3)
9.1939 	INFO 	keyboard.Keyboard is using iohub backend.
9.1993 	EXP 	Created initFixation_img = ImageStim(__class__=<class 'psychopy.visual.image.ImageStim'>, anchor=('center', 'center'), autoLog=True, color=array([1., 1., 1.]), colorSpace='rgb', contrast=1.0, depth=0.0, flipHoriz=False, flipVert=False, image='sin', interpolate=True, mask=None, maskParams=None, name='initFixation_img', opacity=1.0, ori=0.0, pos=array([ 0.   , -0.015]), size=array([0.26, 0.22]), texRes=512, units='height', win=Window(...))
9.2058 	EXP 	Created bigFace_2 = ImageStim(__class__=<class 'psychopy.visual.image.ImageStim'>, anchor=('center', 'center'), autoLog=True, color=array([1., 1., 1.]), colorSpace='rgb', contrast=1.0, depth=-1.0, flipHoriz=False, flipVert=False, image='sin', interpolate=True, mask=None, maskParams=None, name='bigFace_2', opacity=0.85, ori=0.0, pos=array([0., 0.]), size=array([0.4267, 0.3   ]), texRes=128.0, units='height', win=Window(...))
9.2753 	EXP 	Created cover_background = ImageStim(__class__=<class 'psychopy.visual.image.ImageStim'>, anchor=('center', 'center'), autoLog=True, color=array([1., 1., 1.]), colorSpace='rgb', contrast=1.0, depth=-2.0, flipHoriz=False, flipVert=False, image='img/cover_background.png', interpolate=True, mask=None, maskParams=None, name='cover_background', opacity=1.0, ori=0.0, pos=array([ 0.   , -0.015]), size=array([0.26, 0.22]), texRes=128.0, units='height', win=Window(...))
9.2799 	EXP 	Created task_centerImg = ImageStim(__class__=<class 'psychopy.visual.image.ImageStim'>, anchor=('center', 'center'), autoLog=True, color=array([1., 1., 1.]), colorSpace='rgb', contrast=1.0, depth=-3.0, flipHoriz=False, flipVert=False, image='sin', interpolate=True, mask=None, maskParams=None, name='task_centerImg', opacity=1.0, ori=0.0, pos=array([0., 0.]), size=array([1., 1.]), texRes=512, units='height', win=Window(...))
9.2850 	EXP 	Created task_rightImg1 = ImageStim(__class__=<class 'psychopy.visual.image.ImageStim'>, anchor=('center', 'center'), autoLog=True, color=array([1., 1., 1.]), colorSpace='rgb', contrast=1.0, depth=-4.0, flipHoriz=False, flipVert=False, image='sin', interpolate=True, mask=None, maskParams=None, name='task_rightImg1', opacity=1.0, ori=0.0, pos=array([0., 0.]), size=array([1., 1.]), texRes=512, units='height', win=Window(...))
9.2895 	EXP 	Created task_rightImg2 = ImageStim(__class__=<class 'psychopy.visual.image.ImageStim'>, anchor=('center', 'center'), autoLog=True, color=array([1., 1., 1.]), colorSpace='rgb', contrast=1.0, depth=-5.0, flipHoriz=False, flipVert=False, image='sin', interpolate=True, mask=None, maskParams=None, name='task_rightImg2', opacity=1.0, ori=0.0, pos=array([0., 0.]), size=array([1., 1.]), texRes=512, units='height', win=Window(...))
9.2947 	EXP 	Created task_leftImg1 = ImageStim(__class__=<class 'psychopy.visual.image.ImageStim'>, anchor=('center', 'center'), autoLog=True, color=array([1., 1., 1.]), colorSpace='rgb', contrast=1.0, depth=-6.0, flipHoriz=False, flipVert=False, image='sin', interpolate=True, mask=None, maskParams=None, name='task_leftImg1', opacity=1.0, ori=0.0, pos=array([0., 0.]), size=array([1., 1.]), texRes=512, units='height', win=Window(...))
9.2993 	EXP 	Created task_leftImg2 = ImageStim(__class__=<class 'psychopy.visual.image.ImageStim'>, anchor=('center', 'center'), autoLog=True, color=array([1., 1., 1.]), colorSpace='rgb', contrast=1.0, depth=-7.0, flipHoriz=False, flipVert=False, image='sin', interpolate=True, mask=None, maskParams=None, name='task_leftImg2', opacity=1.0, ori=0.0, pos=array([0., 0.]), size=array([1., 1.]), texRes=512, units='height', win=Window(...))
9.3038 	EXP 	Created task_fixImg = ImageStim(__class__=<class 'psychopy.visual.image.ImageStim'>, anchor=('center', 'center'), autoLog=True, color=array([1., 1., 1.]), colorSpace='rgb', contrast=1.0, depth=-8.0, flipHoriz=False, flipVert=False, image='sin', interpolate=True, mask=None, maskParams=None, name='task_fixImg', opacity=1.0, ori=0.0, pos=array([ 0.   , -0.015]), size=array([0.26, 0.22]), texRes=512, units='height', win=Window(...))
9.3039 	INFO 	keyboard.Keyboard is using iohub backend.
9.3058 	EXP 	Created task_blockFeed_text = TextStim(__class__=<class 'psychopy.visual.text.TextStim'>, alignHoriz=method-wrapper(...), alignText='center', alignVert=method-wrapper(...), anchorHoriz='center', anchorVert='center', antialias=True, autoDraw=False, autoLog=True, bold=False, color=array([1., 1., 1.]), colorSpace='rgb', contrast=1.0, depth=-1.0, flipHoriz=False, flipVert=False, font='Arial', fontFiles=[], height=0.12, italic=False, languageStyle='LTR', name='task_blockFeed_text', opacity=1.0, ori=0, pos=array([0. , 0.1]), rgb=UNKNOWN, text='', units='height', win=Window(...), wrapWidth=1.8)
9.3070 	EXP 	Created task_blockFeed_text2 = TextStim(__class__=<class 'psychopy.visual.text.TextStim'>, alignHoriz=method-wrapper(...), alignText='center', alignVert=method-wrapper(...), anchorHoriz='center', anchorVert='center', antialias=True, autoDraw=False, autoLog=True, bold=False, color=array([1., 1., 1.]), colorSpace='rgb', contrast=1.0, depth=-2.0, flipHoriz=False, flipVert=False, font='Arial', fontFiles=[], height=0.04, italic=False, languageStyle='LTR', name='task_blockFeed_text2', opacity=1.0, ori=0, pos=array([ 0. , -0.3]), rgb=UNKNOWN, text='', units='height', win=Window(...), wrapWidth=1.3)
9.3071 	INFO 	keyboard.Keyboard is using iohub backend.
9.3217 	EXP 	Created fix = TextStim(__class__=<class 'psychopy.visual.text.TextStim'>, alignHoriz=method-wrapper(...), alignText='center', alignVert=method-wrapper(...), anchorHoriz='center', anchorVert='center', antialias=True, autoDraw=False, autoLog=True, bold=False, color=array([1., 1., 1.]), colorSpace='rgb', contrast=1.0, depth=0.0, flipHoriz=False, flipVert=False, font='Open Sans', fontFiles=[], height=0.1, italic=False, languageStyle='LTR', name='fix', opacity=1.0, ori=0.0, pos=array([0., 0.]), rgb=UNKNOWN, text='+', units='height', win=Window(...), wrapWidth=1)
9.3490 	EXP 	Created errorNumbers_text_2 = TextStim(__class__=<class 'psychopy.visual.text.TextStim'>, alignHoriz=method-wrapper(...), alignText='center', alignVert=method-wrapper(...), anchorHoriz='center', anchorVert='center', antialias=True, autoDraw=False, autoLog=True, bold=False, color=array([1., 1., 1.]), colorSpace='rgb', contrast=1.0, depth=-1.0, flipHoriz=False, flipVert=False, font='Open Sans', fontFiles=[], height=0.03, italic=False, languageStyle='LTR', name='errorNumbers_text_2', opacity=1.0, ori=0.0, pos=array([0.  , 0.12]), rgb=UNKNOWN, text=str(...), units='height', win=Window(...), wrapWidth=1)
9.3628 	INFO 	keyboard.Keyboard is using iohub backend.
9.3783 	EXP 	Created botherRate_text = TextStim(__class__=<class 'psychopy.visual.text.TextStim'>, alignHoriz=method-wrapper(...), alignText='center', alignVert=method-wrapper(...), anchorHoriz='center', anchorVert='center', antialias=True, autoDraw=False, autoLog=True, bold=False, color=array([1., 1., 1.]), colorSpace='rgb', contrast=1.0, depth=-1.0, flipHoriz=False, flipVert=False, font='Open Sans', fontFiles=[], height=0.03, italic=False, languageStyle='LTR', name='botherRate_text', opacity=1.0, ori=0.0, pos=array([0.  , 0.12]), rgb=UNKNOWN, text=str(...), units='height', win=Window(...), wrapWidth=1)
9.3909 	INFO 	keyboard.Keyboard is using iohub backend.
9.4231 	EXP 	Created instruct_surprise1 = TextStim(__class__=<class 'psychopy.visual.text.TextStim'>, alignHoriz=method-wrapper(...), alignText='center', alignVert=method-wrapper(...), anchorHoriz='center', anchorVert='center', antialias=True, autoDraw=False, autoLog=True, bold=False, color=array([1., 1., 1.]), colorSpace='rgb', contrast=1.0, depth=0.0, flipHoriz=False, flipVert=False, font='Open Sans', fontFiles=[], height=0.04, italic=False, languageStyle='LTR', name='instruct_surprise1', opacity=1.0, ori=0.0, pos=array([0., 0.]), rgb=UNKNOWN, text=str(...), units='height', win=Window(...), wrapWidth=1)
9.4231 	INFO 	keyboard.Keyboard is using iohub backend.
9.4243 	EXP 	Created instructMainTask_text = TextStim(__class__=<class 'psychopy.visual.text.TextStim'>, alignHoriz=method-wrapper(...), alignText='center', alignVert=method-wrapper(...), anchorHoriz='center', anchorVert='center', antialias=True, autoDraw=False, autoLog=True, bold=False, color=array([1., 1., 1.]), colorSpace='rgb', contrast=1.0, depth=0.0, flipHoriz=False, flipVert=False, font='Arial', fontFiles=[], height=0.04, italic=False, languageStyle='LTR', name='instructMainTask_text', opacity=1.0, ori=0, pos=array([0., 0.]), rgb=UNKNOWN, text='', units='height', win=Window(...), wrapWidth=1.3)
9.4244 	INFO 	keyboard.Keyboard is using iohub backend.
9.4276 	EXP 	Created stimulus = ImageStim(__class__=<class 'psychopy.visual.image.ImageStim'>, anchor=('center', 'center'), autoLog=True, color=array([1., 1., 1.]), colorSpace='rgb', contrast=1.0, depth=0.0, flipHoriz=False, flipVert=False, image='sin', interpolate=True, mask=None, maskParams=None, name='stimulus', opacity=1.0, ori=0.0, pos=array([0. , 0.2]), size=array([0.71116667, 0.5       ]), texRes=128.0, units='height', win=Window(...))
9.4296 	EXP 	Created instructsurpA1_right = TextStim(__class__=<class 'psychopy.visual.text.TextStim'>, alignHoriz=method-wrapper(...), alignText='center', alignVert=method-wrapper(...), anchorHoriz='center', anchorVert='center', antialias=True, autoDraw=False, autoLog=True, bold=False, color=array([1., 1., 1.]), colorSpace='rgb', contrast=1.0, depth=-1.0, flipHoriz=False, flipVert=False, font='Open Sans', fontFiles=[], height=0.025, italic=False, languageStyle='LTR', name='instructsurpA1_right', opacity=1.0, ori=0.0, pos=array([0., 0.]), rgb=UNKNOWN, text='', units='height', win=Window(...), wrapWidth=1)
9.4308 	EXP 	Created instructsurpA2_left = TextStim(__class__=<class 'psychopy.visual.text.TextStim'>, alignHoriz=method-wrapper(...), alignText='center', alignVert=method-wrapper(...), anchorHoriz='center', anchorVert='center', antialias=True, autoDraw=False, autoLog=True, bold=False, color=array([1., 1., 1.]), colorSpace='rgb', contrast=1.0, depth=-2.0, flipHoriz=False, flipVert=False, font='Open Sans', fontFiles=[], height=0.025, italic=False, languageStyle='LTR', name='instructsurpA2_left', opacity=1.0, ori=0.0, pos=array([-0.6 , -0.03]), rgb=UNKNOWN, text='', units='height', win=Window(...), wrapWidth=1)
9.4396 	EXP 	window1: mouseVisible = True
9.4611 	DEBUG 	TextBox2 loaded 1 chars with 0 blanks and 1 valid
9.4636 	DEBUG 	TextBox2 loaded 1 chars with 0 blanks and 1 valid
9.4790 	DEBUG 	TextBox2 loaded 1 chars with 0 blanks and 1 valid
9.4808 	DEBUG 	TextBox2 loaded 1 chars with 0 blanks and 1 valid
9.4832 	DEBUG 	TextBox2 loaded 1 chars with 0 blanks and 1 valid
9.4859 	DEBUG 	TextBox2 loaded 1 chars with 0 blanks and 1 valid
9.4873 	DEBUG 	TextBox2 loaded 1 chars with 0 blanks and 1 valid
9.4904 	DEBUG 	TextBox2 loaded 1 chars with 0 blanks and 1 valid
9.4913 	DEBUG 	TextBox2 loaded 1 chars with 0 blanks and 1 valid
9.4923 	DEBUG 	TextBox2 loaded 1 chars with 0 blanks and 1 valid
9.4958 	DEBUG 	TextBox2 loaded 1 chars with 0 blanks and 1 valid
9.4962 	DEBUG 	Uploading Texture Font fontname to graphics card
9.5025 	DEBUG 	Upload of Texture Font fontname complete
9.5196 	DEBUG 	TextBox2 loaded 1 chars with 0 blanks and 1 valid
9.5216 	DEBUG 	TextBox2 loaded 1 chars with 0 blanks and 1 valid
9.5244 	DEBUG 	TextBox2 loaded 1 chars with 0 blanks and 1 valid
9.5278 	DEBUG 	TextBox2 loaded 1 chars with 0 blanks and 1 valid
9.5301 	DEBUG 	TextBox2 loaded 1 chars with 0 blanks and 1 valid
9.5304 	DEBUG 	Uploading Texture Font fontname to graphics card
9.5364 	DEBUG 	Upload of Texture Font fontname complete
9.5542 	DEBUG 	TextBox2 loaded 1 chars with 0 blanks and 1 valid
9.5547 	DEBUG 	Uploading Texture Font fontname to graphics card
9.5602 	DEBUG 	Upload of Texture Font fontname complete
9.5782 	DEBUG 	TextBox2 loaded 1 chars with 0 blanks and 1 valid
9.5785 	DEBUG 	Uploading Texture Font fontname to graphics card
9.5844 	DEBUG 	Upload of Texture Font fontname complete
9.6533 	EXP 	Created memory_slider = Slider(__class__=<class 'psychopy.visual.slider.Slider'>, autoDraw=False, autoLog=True, borderColor=None, color=None, colorSpace='rgb', depth=-3, fillColor=None, flip=False, font='Open Sans', granularity=0.0, labelColor=None, labelHeight=0.05, labelWrapWidth=None, labels=list(...), lineColor=None, markerColor=None, name='memory_slider', opacity=None, ori=0.0, pos=array([ 0. , -0.4]), readOnly=False, self=UNKNOWN, size=array([0.5, 0.1]), startValue=None, style='rating', styleTweaks=[], ticks=array([1, 2, 3, 4, 5, 6]), units='height', win=Window(...))
9.6574 	EXP 	Created stimulus12 = ImageStim(__class__=<class 'psychopy.visual.image.ImageStim'>, anchor=('center', 'center'), autoLog=True, color=array([1., 1., 1.]), colorSpace='rgb', contrast=1.0, depth=0.0, flipHoriz=False, flipVert=False, image='sin', interpolate=True, mask=None, maskParams=None, name='stimulus12', opacity=1.0, ori=0.0, pos=array([0. , 0.2]), size=array([0.71116667, 0.5       ]), texRes=128.0, units='height', win=Window(...))
9.6586 	EXP 	Created instructsurpA1_right_2 = TextStim(__class__=<class 'psychopy.visual.text.TextStim'>, alignHoriz=method-wrapper(...), alignText='center', alignVert=method-wrapper(...), anchorHoriz='center', anchorVert='center', antialias=True, autoDraw=False, autoLog=True, bold=False, color=array([1., 1., 1.]), colorSpace='rgb', contrast=1.0, depth=-1.0, flipHoriz=False, flipVert=False, font='Open Sans', fontFiles=[], height=0.025, italic=False, languageStyle='LTR', name='instructsurpA1_right_2', opacity=1.0, ori=0.0, pos=array([0., 0.]), rgb=UNKNOWN, text='', units='height', win=Window(...), wrapWidth=1)
9.6597 	EXP 	Created instructsurpA2_left_2 = TextStim(__class__=<class 'psychopy.visual.text.TextStim'>, alignHoriz=method-wrapper(...), alignText='center', alignVert=method-wrapper(...), anchorHoriz='center', anchorVert='center', antialias=True, autoDraw=False, autoLog=True, bold=False, color=array([1., 1., 1.]), colorSpace='rgb', contrast=1.0, depth=-2.0, flipHoriz=False, flipVert=False, font='Open Sans', fontFiles=[], height=0.025, italic=False, languageStyle='LTR', name='instructsurpA2_left_2', opacity=1.0, ori=0.0, pos=array([-0.6 , -0.03]), rgb=UNKNOWN, text='', units='height', win=Window(...), wrapWidth=1)
9.6597 	INFO 	keyboard.Keyboard is using iohub backend.
9.6718 	EXP 	Created instruct_surprise1_2 = TextStim(__class__=<class 'psychopy.visual.text.TextStim'>, alignHoriz=method-wrapper(...), alignText='center', alignVert=method-wrapper(...), anchorHoriz='center', anchorVert='center', antialias=True, autoDraw=False, autoLog=True, bold=False, color=array([1., 1., 1.]), colorSpace='rgb', contrast=1.0, depth=0.0, flipHoriz=False, flipVert=False, font='Open Sans', fontFiles=[], height=0.04, italic=False, languageStyle='LTR', name='instruct_surprise1_2', opacity=1.0, ori=0.0, pos=array([0., 0.]), rgb=UNKNOWN, text=str(...), units='height', win=Window(...), wrapWidth=1)
9.6718 	INFO 	keyboard.Keyboard is using iohub backend.
9.6730 	EXP 	Created instructMainTask_text_2 = TextStim(__class__=<class 'psychopy.visual.text.TextStim'>, alignHoriz=method-wrapper(...), alignText='center', alignVert=method-wrapper(...), anchorHoriz='center', anchorVert='center', antialias=True, autoDraw=False, autoLog=True, bold=False, color=array([1., 1., 1.]), colorSpace='rgb', contrast=1.0, depth=0.0, flipHoriz=False, flipVert=False, font='Arial', fontFiles=[], height=0.04, italic=False, languageStyle='LTR', name='instructMainTask_text_2', opacity=1.0, ori=0, pos=array([0., 0.]), rgb=UNKNOWN, text='', units='height', win=Window(...), wrapWidth=1.3)
9.6730 	INFO 	keyboard.Keyboard is using iohub backend.
9.6765 	EXP 	Created stimulus12 = ImageStim(__class__=<class 'psychopy.visual.image.ImageStim'>, anchor=('center', 'center'), autoLog=True, color=array([1., 1., 1.]), colorSpace='rgb', contrast=1.0, depth=0.0, flipHoriz=False, flipVert=False, image='sin', interpolate=True, mask=None, maskParams=None, name='stimulus12', opacity=1.0, ori=0.0, pos=array([0. , 0.2]), size=array([0.71116667, 0.5       ]), texRes=128.0, units='height', win=Window(...))
9.6777 	EXP 	Created instructsurpA1_right_2 = TextStim(__class__=<class 'psychopy.visual.text.TextStim'>, alignHoriz=method-wrapper(...), alignText='center', alignVert=method-wrapper(...), anchorHoriz='center', anchorVert='center', antialias=True, autoDraw=False, autoLog=True, bold=False, color=array([1., 1., 1.]), colorSpace='rgb', contrast=1.0, depth=-1.0, flipHoriz=False, flipVert=False, font='Open Sans', fontFiles=[], height=0.025, italic=False, languageStyle='LTR', name='instructsurpA1_right_2', opacity=1.0, ori=0.0, pos=array([0., 0.]), rgb=UNKNOWN, text='', units='height', win=Window(...), wrapWidth=1)
9.6789 	EXP 	Created instructsurpA2_left_2 = TextStim(__class__=<class 'psychopy.visual.text.TextStim'>, alignHoriz=method-wrapper(...), alignText='center', alignVert=method-wrapper(...), anchorHoriz='center', anchorVert='center', antialias=True, autoDraw=False, autoLog=True, bold=False, color=array([1., 1., 1.]), colorSpace='rgb', contrast=1.0, depth=-2.0, flipHoriz=False, flipVert=False, font='Open Sans', fontFiles=[], height=0.025, italic=False, languageStyle='LTR', name='instructsurpA2_left_2', opacity=1.0, ori=0.0, pos=array([-0.6 , -0.03]), rgb=UNKNOWN, text='', units='height', win=Window(...), wrapWidth=1)
9.6789 	INFO 	keyboard.Keyboard is using iohub backend.
9.6934 	EXP 	Created finishMessage_text = TextStim(__class__=<class 'psychopy.visual.text.TextStim'>, alignHoriz=method-wrapper(...), alignText='center', alignVert=method-wrapper(...), anchorHoriz='center', anchorVert='center', antialias=True, autoDraw=False, autoLog=True, bold=False, color=array([1., 1., 1.]), colorSpace='rgb', contrast=1.0, depth=0.0, flipHoriz=False, flipVert=False, font='Arial', fontFiles=[], height=0.04, italic=False, languageStyle='LTR', name='finishMessage_text', opacity=1.0, ori=0, pos=array([0., 0.]), rgb=UNKNOWN, text='Thank you for your participation!', units='height', win=Window(...), wrapWidth=1.3)
9.7023 	EXP 	textbox_2: autoLog = True
9.7023 	EXP 	textbox_3: autoLog = True
9.7023 	EXP 	memory_slider: autoLog = True
9.7023 	EXP 	memory_slider: markerPos = None
9.7023 	EXP 	memory_slider: styleTweaks = []
9.7023 	EXP 	memory_slider: styleTweaks = []
9.7023 	EXP 	memory_slider: styleTweaks = []
9.7023 	EXP 	memory_slider: styleTweaks = []
9.7023 	EXP 	memory_slider: contrast = 1.0
9.7023 	EXP 	memory_slider: autoLog = True
9.7023 	EXP 	welcome_text: autoDraw = True
11.6923 	DATA 	Keypress: 8
11.7020 	DEBUG 	TextBox2 loaded 1 chars with 0 blanks and 1 valid
11.7028 	DEBUG 	Uploading Texture Font fontname to graphics card
11.7048 	DEBUG 	Upload of Texture Font fontname complete
11.7529 	EXP 	welcome_text: autoDraw = False
11.7529 	EXP 	instructRight_text: autoDraw = True
11.7529 	EXP 	instructRight_centerImg: autoDraw = True
11.7529 	EXP 	instructRight_rightImg1: autoDraw = True
11.7529 	EXP 	instructRight_leftImg1: autoDraw = True
12.7482 	DATA 	Keypress: 8
12.7566 	EXP 	instructRight_text: autoDraw = False
12.7566 	EXP 	instructRight_centerImg: autoDraw = False
12.7566 	EXP 	instructRight_rightImg1: autoDraw = False
12.7566 	EXP 	instructRight_leftImg1: autoDraw = False
12.7566 	EXP 	instructLeft_text: autoDraw = True
12.7566 	EXP 	instructLeft_centerImg: autoDraw = True
12.7566 	EXP 	instructLeft_rightImg1: autoDraw = True
12.7566 	EXP 	instructLeft_leftImg1: autoDraw = True
12.9663 	DATA 	Keypress: 1
12.9748 	DEBUG 	TextBox2 loaded 1 chars with 0 blanks and 1 valid
12.9758 	DEBUG 	Uploading Texture Font fontname to graphics card
12.9769 	DEBUG 	Upload of Texture Font fontname complete
12.9847 	EXP 	instructLeft_text: autoDraw = False
12.9847 	EXP 	instructLeft_centerImg: autoDraw = False
12.9847 	EXP 	instructLeft_rightImg1: autoDraw = False
12.9847 	EXP 	instructLeft_leftImg1: autoDraw = False
12.9847 	EXP 	instructInconRight_text: autoDraw = True
12.9847 	EXP 	instructIncon_centerImg: autoDraw = True
12.9847 	EXP 	instructIncon_rightImg1: autoDraw = True
12.9847 	EXP 	instructIncon_leftImg1: autoDraw = True
13.1122 	DATA 	Keypress: 8
13.1236 	EXP 	instructInconRight_text: autoDraw = False
13.1236 	EXP 	instructIncon_centerImg: autoDraw = False
13.1236 	EXP 	instructIncon_rightImg1: autoDraw = False
13.1236 	EXP 	instructIncon_leftImg1: autoDraw = False
13.1236 	EXP 	instructInconLeft_text: autoDraw = True
13.1236 	EXP 	instructInconLeft_centerImg: autoDraw = True
13.1236 	EXP 	instructInconLeft_rightImg1: autoDraw = True
13.1236 	EXP 	instructInconLeft_leftImg1: autoDraw = True
13.3634 	DEBUG 	Read csv file with pandas: blockSelect_practice.csv
13.3671 	DEBUG 	Clearing unnamed columns from blockSelect_practice.csv
13.3678 	EXP 	Imported blockSelect_practice.csv as conditions, 1 conditions, 1 params
13.3686 	EXP 	Created sequence: random, trialTypes=1, nReps=0, seed=None
13.3729 	DEBUG 	Read csv file with pandas: blockSelect.csv
13.3749 	DEBUG 	Clearing unnamed columns from blockSelect.csv
13.3760 	EXP 	Imported blockSelect.csv as conditions, 10 conditions, 1 params
13.3768 	EXP 	Created sequence: random, trialTypes=10, nReps=0, seed=None
13.3774 	DATA 	Keypress: 1
13.3788 	DATA 	Keypress: 8
13.3867 	EXP 	instructInconLeft_text: autoDraw = False
13.3867 	EXP 	instructInconLeft_centerImg: autoDraw = False
13.3867 	EXP 	instructInconLeft_rightImg1: autoDraw = False
13.3867 	EXP 	instructInconLeft_leftImg1: autoDraw = False
13.3867 	EXP 	fix: autoDraw = True
13.6095 	DATA 	Keypress: 1
13.6777 	DATA 	Keypress: 8
13.8895 	EXP 	fix: autoDraw = False
13.8895 	EXP 	errorNumbers_text_2: autoDraw = True
13.8895 	EXP 	textbox_2: autoDraw = True
14.6580 	DATA 	Keypress: space
14.6595 	DEBUG 	TextBox2 loaded 1 chars with 0 blanks and 1 valid
14.6610 	DEBUG 	TextBox2 loaded 1 chars with 0 blanks and 1 valid
14.6613 	DEBUG 	Uploading Texture Font fontname to graphics card
14.6622 	DEBUG 	Upload of Texture Font fontname complete
14.6752 	EXP 	errorNumbers_text_2: autoDraw = False
14.6752 	EXP 	textbox_2: autoDraw = False
14.6752 	EXP 	botherRate_text: autoDraw = True
14.6752 	EXP 	textbox_3: autoDraw = True
14.9486 	DATA 	Keypress: space
14.9743 	EXP 	botherRate_text: autoDraw = False
14.9743 	EXP 	textbox_3: autoDraw = False
14.9743 	EXP 	instruct_surprise1: autoDraw = True
15.5928 	DEBUG 	Read excel file with openpyxl: surpriseBlock_select_A.xlsx
15.5941 	EXP 	Imported surpriseBlock_select_A.xlsx as conditions, 2 conditions, 8 params
15.5951 	EXP 	Created sequence: sequential, trialTypes=2, nReps=1, seed=None
15.5964 	EXP 	New trial (rep=0, index=0): {'whichSurpriseBlock': 'half_surp_table1.csv', 'instructsurpA1': 'OLD - Right Key', 'instructsurpA2': 'NEW - Left Key', 'newKey': 'left', 'taskTextSource': 'In this round, press Right key when the face is OLD and the left key when it is new.\n\nTo get ready, rest your right and left index fingers on the right and left buttons, then press the right button when you are ready to begin.', 'instructfrA1': 'Friendly - Right Key', 'instructfrA2': 'Unfriendly - Left Key', 'FriendlyKey': 'right'}
15.6221 	DATA 	Keypress: 8
15.6259 	EXP 	instruct_surprise1: autoDraw = False
15.6259 	EXP 	instructMainTask_text: height = 0.04
15.6259 	EXP 	instructMainTask_text: height = 0.04
15.6259 	EXP 	instructMainTask_text: height = 0.04
15.6259 	EXP 	instructMainTask_text: text = 'In this round, press Right key when the face is OLD and the left key when it is new.\n\nTo get ready, rest your right and left index fingers on the right and left buttons, then press the right button when you are ready to begin.'
15.6259 	EXP 	instructMainTask_text: autoDraw = True
16.1623 	DATA 	Keypress: 8
16.1824 	DEBUG 	Read csv file with pandas: half_surp_table1.csv
16.1838 	DEBUG 	Clearing unnamed columns from half_surp_table1.csv
16.1884 	EXP 	Imported half_surp_table1.csv as conditions, 240 conditions, 1 params
16.1916 	EXP 	Created sequence: random, trialTypes=240, nReps=1, seed=None
16.1921 	EXP 	New trial (rep=0, index=0): OrderedDict([('surp_csv_name', 'csv_files/surprise_csv_files/surpriseTable_row39.csv')])
16.2089 	DEBUG 	Read csv file with pandas: csv_files/surprise_csv_files/surpriseTable_row39.csv
16.2100 	DEBUG 	Clearing unnamed columns from csv_files/surprise_csv_files/surpriseTable_row39.csv
16.2104 	EXP 	Imported csv_files/surprise_csv_files/surpriseTable_row39.csv as conditions, 1 conditions, 2 params
16.2108 	EXP 	Created sequence: random, trialTypes=1, nReps=1, seed=None
16.2111 	EXP 	New trial (rep=0, index=0): OrderedDict([('surpriseFaces', 'img/neutralC/CFD-WF-216-079-N.jpg'), ('new', 1)])
16.3836 	EXP 	instructMainTask_text: autoDraw = False
16.3836 	EXP 	stimulus: image = 'img/neutralC/CFD-WF-216-079-N.jpg'
16.3836 	EXP 	instructsurpA1_right: height = 0.025
16.3836 	EXP 	instructsurpA1_right: height = 0.025
16.3836 	EXP 	instructsurpA1_right: height = 0.025
16.3836 	EXP 	instructsurpA1_right: text = 'OLD - Right Key'
16.3836 	EXP 	instructsurpA2_left: height = 0.025
16.3836 	EXP 	instructsurpA2_left: height = 0.025
16.3836 	EXP 	instructsurpA2_left: height = 0.025
16.3836 	EXP 	instructsurpA2_left: text = 'NEW - Left Key'
16.3836 	EXP 	memory_slider: markerPos = None
16.3836 	EXP 	memory_slider: markerPos = None
16.3836 	EXP 	stimulus: autoDraw = True
16.3836 	EXP 	instructsurpA1_right: autoDraw = True
16.3836 	EXP 	instructsurpA2_left: autoDraw = True
16.3836 	EXP 	memory_slider: autoDraw = True
25.9038 	DATA 	Keypress: escape
26.9387 	EXP 	window1: mouseVisible = True
26.9388 	DEBUG 	Saving data for face_flanker_v1 ExperimentHandler
26.9413 	INFO 	saved data to C:\Users\kihossei\Documents\GitHub\memory-for-error-dataset\materials\experiments\mfe_final_version\data/_face_flanker_v1_2022-08-01_19h16.03.290.psydat
26.9431 	INFO 	saved data to 'C:\\Users\\kihossei\\Documents\\GitHub\\memory-for-error-dataset\\materials\\experiments\\mfe_final_version\\data/_face_flanker_v1_2022-08-01_19h16.03.290.csv'
