1.8140 	WARNING 	We strongly recommend you activate the PTB sound engine in PsychoPy prefs as the preferred audio engine. Its timing is vastly superior. Your prefs are currently set to use ['sounddevice', 'PTB', 'pyo', 'pygame'] (in that order).
5.8422 	INFO 	Loaded monitor calibration from ['2022_05_31 11:34']
5.8430 	ERROR 	'0.5000, 0.5000, 0.5000' is not a valid rgb color
5.8492 	WARNING 	User requested fullscreen with size [1536  864], but screen is actually [1920, 1080]. Using actual size
7.3363 	EXP 	Created window1 = Window(allowGUI=False, allowStencil=False, autoLog=True, backendConf=UNKNOWN, bitsMode=UNKNOWN, blendMode='avg', bpc=(8, 8, 8), color=array([0, 0, 0]), colorSpace='rgb', depthBits=8, fullscr=<method-wrapper '__getattribute__' of attributeSetter object at 0x000001B467F54A30>, gamma=None, gammaErrorPolicy='raise', lms=UNKNOWN, monitor=<psychopy.monitors.calibTools.Monitor object at 0x000001B469BB1340>, multiSample=False, name='window1', numSamples=2, pos=(0, 0), screen=0, size=array([1920, 1080]), stencilBits=0, stereo=False, units='height', useFBO=True, useRetina=False, viewOri=0.0, viewPos=None, viewScale=None, waitBlanking=True, winType='pyglet')
7.3370 	EXP 	window1: mouseVisible = True
7.3371 	EXP 	window1: Attempting to measure frame rate of screen (0) ...
7.3372 	EXP 	window1: recordFrameIntervals = False
7.5019 	EXP 	window1: recordFrameIntervals = True
7.6856 	EXP 	Screen (0) actual frame rate measured at 59.99Hz
7.6857 	EXP 	window1: recordFrameIntervals = False
9.2342 	INFO 	keyboard.Keyboard is using iohub backend.
9.3565 	EXP 	Created cb = TextStim(__class__=<class 'psychopy.visual.text.TextStim'>, alignHoriz=method-wrapper(...), alignText='center', alignVert=method-wrapper(...), anchorHoriz='center', anchorVert='center', antialias=True, autoDraw=False, autoLog=True, bold=False, color=array([1., 1., 1.]), colorSpace='rgb', contrast=1.0, depth=0.0, flipHoriz=False, flipVert=False, font='Open Sans', fontFiles=[], height=0.03, italic=False, languageStyle='LTR', name='cb', opacity=1.0, ori=0.0, pos=array([0. , 0.2]), rgb=UNKNOWN, text=str(...), units='height', win=Window(...), wrapWidth=1)
9.3635 	EXP 	window1: mouseVisible = True
9.3924 	DEBUG 	TextBox2 loaded 1 chars with 0 blanks and 1 valid
9.3928 	DEBUG 	Uploading Texture Font fontname to graphics card
9.3972 	DEBUG 	Upload of Texture Font fontname complete
9.4171 	DEBUG 	TextBox2 loaded 1 chars with 0 blanks and 1 valid
9.4174 	DEBUG 	Uploading Texture Font fontname to graphics card
9.4208 	DEBUG 	Upload of Texture Font fontname complete
9.4405 	DEBUG 	TextBox2 loaded 1 chars with 0 blanks and 1 valid
9.4407 	DEBUG 	Uploading Texture Font fontname to graphics card
9.4431 	DEBUG 	Upload of Texture Font fontname complete
9.4625 	DEBUG 	TextBox2 loaded 1 chars with 0 blanks and 1 valid
9.4629 	DEBUG 	Uploading Texture Font fontname to graphics card
9.4649 	DEBUG 	Upload of Texture Font fontname complete
9.4848 	DEBUG 	TextBox2 loaded 1 chars with 0 blanks and 1 valid
9.4851 	DEBUG 	Uploading Texture Font fontname to graphics card
9.4873 	DEBUG 	Upload of Texture Font fontname complete
9.5070 	DEBUG 	TextBox2 loaded 1 chars with 0 blanks and 1 valid
9.5073 	DEBUG 	Uploading Texture Font fontname to graphics card
9.5094 	DEBUG 	Upload of Texture Font fontname complete
9.5294 	DEBUG 	TextBox2 loaded 1 chars with 0 blanks and 1 valid
9.5297 	DEBUG 	Uploading Texture Font fontname to graphics card
9.5319 	DEBUG 	Upload of Texture Font fontname complete
9.5516 	DEBUG 	TextBox2 loaded 1 chars with 0 blanks and 1 valid
9.5519 	DEBUG 	Uploading Texture Font fontname to graphics card
9.5540 	DEBUG 	Upload of Texture Font fontname complete
9.5867 	EXP 	Created cb_slider = Slider(__class__=<class 'psychopy.visual.slider.Slider'>, autoDraw=False, autoLog=True, borderColor=None, color=None, colorSpace='rgb', depth=-1, fillColor=None, flip=False, font='Open Sans', granularity=1.0, labelColor=None, labelHeight=0.05, labelWrapWidth=None, labels=['A', 'B', 'C', 'D', 'E', 'F', 'G', 'H'], lineColor=None, markerColor=None, name='cb_slider', opacity=None, ori=0.0, pos=array([ 0. , -0.2]), readOnly=False, self=UNKNOWN, size=array([1.  , 0.05]), startValue=None, style='rating', styleTweaks=[], ticks=array([1, 2, 3, 4, 5, 6, 7, 8]), units='height', win=Window(...))
9.6373 	EXP 	Created welcome_text = TextStim(__class__=<class 'psychopy.visual.text.TextStim'>, alignHoriz=method-wrapper(...), alignText='center', alignVert=method-wrapper(...), anchorHoriz='center', anchorVert='center', antialias=True, autoDraw=False, autoLog=True, bold=False, color=array([1., 1., 1.]), colorSpace='rgb', contrast=1.0, depth=0.0, flipHoriz=False, flipVert=False, font='Arial', fontFiles=[], height=0.04, italic=False, languageStyle='LTR', name='welcome_text', opacity=1.0, ori=0, pos=array([0., 0.]), rgb=UNKNOWN, text=str(...), units='height', win=Window(...), wrapWidth=1.3)
9.6373 	INFO 	keyboard.Keyboard is using iohub backend.
9.6462 	EXP 	Created instructRight_text = TextStim(__class__=<class 'psychopy.visual.text.TextStim'>, alignHoriz=method-wrapper(...), alignText='center', alignVert=method-wrapper(...), anchorHoriz='center', anchorVert='center', antialias=True, autoDraw=False, autoLog=True, bold=False, color=array([1., 1., 1.]), colorSpace='rgb', contrast=1.0, depth=0.0, flipHoriz=False, flipVert=False, font='Arial', fontFiles=[], height=0.04, italic=False, languageStyle='LTR', name='instructRight_text', opacity=1.0, ori=0, pos=array([0., 0.]), rgb=UNKNOWN, text=str(...), units='height', win=Window(...), wrapWidth=1.3)
9.6973 	EXP 	Created instructRight_centerImg = ImageStim(__class__=<class 'psychopy.visual.image.ImageStim'>, anchor=('center', 'center'), autoLog=True, color=array([1., 1., 1.]), colorSpace='rgb', contrast=1.0, depth=-1.0, flipHoriz=False, flipVert=False, image='img/rightArrow.png', interpolate=True, mask=None, maskParams=None, name='instructRight_centerImg', opacity=1.0, ori=0.0, pos=array([ 0. , -0.3]), size=array([0.02, 0.02]), texRes=512, units='height', win=Window(...))
9.7467 	EXP 	Created instructRight_rightImg1 = ImageStim(__class__=<class 'psychopy.visual.image.ImageStim'>, anchor=('center', 'center'), autoLog=True, color=array([1., 1., 1.]), colorSpace='rgb', contrast=1.0, depth=-2.0, flipHoriz=False, flipVert=False, image='img/rightArrow.png', interpolate=True, mask=None, maskParams=None, name='instructRight_rightImg1', opacity=1.0, ori=0.0, pos=array([ 0.03, -0.3 ]), size=array([0.02, 0.02]), texRes=512, units='height', win=Window(...))
9.8049 	EXP 	Created instructRight_leftImg1 = ImageStim(__class__=<class 'psychopy.visual.image.ImageStim'>, anchor=('center', 'center'), autoLog=True, color=array([1., 1., 1.]), colorSpace='rgb', contrast=1.0, depth=-3.0, flipHoriz=False, flipVert=False, image='img/rightArrow.png', interpolate=True, mask=None, maskParams=None, name='instructRight_leftImg1', opacity=1.0, ori=0.0, pos=array([-0.03, -0.3 ]), size=array([0.02, 0.02]), texRes=512, units='height', win=Window(...))
9.8050 	INFO 	keyboard.Keyboard is using iohub backend.
9.8126 	EXP 	Created instructLeft_text = TextStim(__class__=<class 'psychopy.visual.text.TextStim'>, alignHoriz=method-wrapper(...), alignText='center', alignVert=method-wrapper(...), anchorHoriz='center', anchorVert='center', antialias=True, autoDraw=False, autoLog=True, bold=False, color=array([1., 1., 1.]), colorSpace='rgb', contrast=1.0, depth=0.0, flipHoriz=False, flipVert=False, font='Arial', fontFiles=[], height=0.04, italic=False, languageStyle='LTR', name='instructLeft_text', opacity=1.0, ori=0, pos=array([0., 0.]), rgb=UNKNOWN, text=str(...), units='height', win=Window(...), wrapWidth=1.3)
9.8741 	EXP 	Created instructLeft_centerImg = ImageStim(__class__=<class 'psychopy.visual.image.ImageStim'>, anchor=('center', 'center'), autoLog=True, color=array([1., 1., 1.]), colorSpace='rgb', contrast=1.0, depth=-1.0, flipHoriz=False, flipVert=False, image='img/leftArrow.png', interpolate=True, mask=None, maskParams=None, name='instructLeft_centerImg', opacity=1.0, ori=0.0, pos=array([ 0. , -0.3]), size=array([0.02, 0.02]), texRes=512, units='height', win=Window(...))
9.9337 	EXP 	Created instructLeft_rightImg1 = ImageStim(__class__=<class 'psychopy.visual.image.ImageStim'>, anchor=('center', 'center'), autoLog=True, color=array([1., 1., 1.]), colorSpace='rgb', contrast=1.0, depth=-2.0, flipHoriz=False, flipVert=False, image='img/leftArrow.png', interpolate=True, mask=None, maskParams=None, name='instructLeft_rightImg1', opacity=1.0, ori=0.0, pos=array([ 0.03, -0.3 ]), size=array([0.02, 0.02]), texRes=512, units='height', win=Window(...))
9.9931 	EXP 	Created instructLeft_leftImg1 = ImageStim(__class__=<class 'psychopy.visual.image.ImageStim'>, anchor=('center', 'center'), autoLog=True, color=array([1., 1., 1.]), colorSpace='rgb', contrast=1.0, depth=-3.0, flipHoriz=False, flipVert=False, image='img/leftArrow.png', interpolate=True, mask=None, maskParams=None, name='instructLeft_leftImg1', opacity=1.0, ori=0.0, pos=array([-0.03, -0.3 ]), size=array([0.02, 0.02]), texRes=512, units='height', win=Window(...))
9.9931 	INFO 	keyboard.Keyboard is using iohub backend.
10.0202 	EXP 	Created instructInconRight_text = TextStim(__class__=<class 'psychopy.visual.text.TextStim'>, alignHoriz=method-wrapper(...), alignText='center', alignVert=method-wrapper(...), anchorHoriz='center', anchorVert='center', antialias=True, autoDraw=False, autoLog=True, bold=False, color=array([1., 1., 1.]), colorSpace='rgb', contrast=1.0, depth=0.0, flipHoriz=False, flipVert=False, font='Arial', fontFiles=[], height=0.04, italic=False, languageStyle='LTR', name='instructInconRight_text', opacity=1.0, ori=0, pos=array([0., 0.]), rgb=UNKNOWN, text=str(...), units='height', win=Window(...), wrapWidth=1.3)
10.0627 	EXP 	Created instructIncon_centerImg = ImageStim(__class__=<class 'psychopy.visual.image.ImageStim'>, anchor=('center', 'center'), autoLog=True, color=array([1., 1., 1.]), colorSpace='rgb', contrast=1.0, depth=-1.0, flipHoriz=False, flipVert=False, image='img/rightArrow.png', interpolate=True, mask=None, maskParams=None, name='instructIncon_centerImg', opacity=1.0, ori=0.0, pos=array([ 0. , -0.3]), size=array([0.02, 0.02]), texRes=512, units='height', win=Window(...))
10.1059 	EXP 	Created instructIncon_rightImg1 = ImageStim(__class__=<class 'psychopy.visual.image.ImageStim'>, anchor=('center', 'center'), autoLog=True, color=array([1., 1., 1.]), colorSpace='rgb', contrast=1.0, depth=-2.0, flipHoriz=False, flipVert=False, image='img/leftArrow.png', interpolate=True, mask=None, maskParams=None, name='instructIncon_rightImg1', opacity=1.0, ori=0.0, pos=array([ 0.03, -0.3 ]), size=array([0.02, 0.02]), texRes=512, units='height', win=Window(...))
10.1545 	EXP 	Created instructIncon_leftImg1 = ImageStim(__class__=<class 'psychopy.visual.image.ImageStim'>, anchor=('center', 'center'), autoLog=True, color=array([1., 1., 1.]), colorSpace='rgb', contrast=1.0, depth=-3.0, flipHoriz=False, flipVert=False, image='img/leftArrow.png', interpolate=True, mask=None, maskParams=None, name='instructIncon_leftImg1', opacity=1.0, ori=0.0, pos=array([-0.03, -0.3 ]), size=array([0.02, 0.02]), texRes=512, units='height', win=Window(...))
10.1546 	INFO 	keyboard.Keyboard is using iohub backend.
10.1622 	EXP 	Created instructInconLeft_text = TextStim(__class__=<class 'psychopy.visual.text.TextStim'>, alignHoriz=method-wrapper(...), alignText='center', alignVert=method-wrapper(...), anchorHoriz='center', anchorVert='center', antialias=True, autoDraw=False, autoLog=True, bold=False, color=array([1., 1., 1.]), colorSpace='rgb', contrast=1.0, depth=0.0, flipHoriz=False, flipVert=False, font='Arial', fontFiles=[], height=0.04, italic=False, languageStyle='LTR', name='instructInconLeft_text', opacity=1.0, ori=0, pos=array([0., 0.]), rgb=UNKNOWN, text=str(...), units='height', win=Window(...), wrapWidth=1.3)
10.2054 	EXP 	Created instructInconLeft_centerImg = ImageStim(__class__=<class 'psychopy.visual.image.ImageStim'>, anchor=('center', 'center'), autoLog=True, color=array([1., 1., 1.]), colorSpace='rgb', contrast=1.0, depth=-1.0, flipHoriz=False, flipVert=False, image='img/leftArrow.png', interpolate=True, mask=None, maskParams=None, name='instructInconLeft_centerImg', opacity=1.0, ori=0.0, pos=array([ 0. , -0.3]), size=array([0.02, 0.02]), texRes=512, units='height', win=Window(...))
10.2477 	EXP 	Created instructInconLeft_rightImg1 = ImageStim(__class__=<class 'psychopy.visual.image.ImageStim'>, anchor=('center', 'center'), autoLog=True, color=array([1., 1., 1.]), colorSpace='rgb', contrast=1.0, depth=-2.0, flipHoriz=False, flipVert=False, image='img/rightArrow.png', interpolate=True, mask=None, maskParams=None, name='instructInconLeft_rightImg1', opacity=1.0, ori=0.0, pos=array([ 0.03, -0.3 ]), size=array([0.02, 0.02]), texRes=512, units='height', win=Window(...))
10.2950 	EXP 	Created instructInconLeft_leftImg1 = ImageStim(__class__=<class 'psychopy.visual.image.ImageStim'>, anchor=('center', 'center'), autoLog=True, color=array([1., 1., 1.]), colorSpace='rgb', contrast=1.0, depth=-3.0, flipHoriz=False, flipVert=False, image='img/rightArrow.png', interpolate=True, mask=None, maskParams=None, name='instructInconLeft_leftImg1', opacity=1.0, ori=0.0, pos=array([-0.03, -0.3 ]), size=array([0.02, 0.02]), texRes=512, units='height', win=Window(...))
10.2950 	INFO 	keyboard.Keyboard is using iohub backend.
10.3177 	EXP 	Created prac_blockText = TextStim(__class__=<class 'psychopy.visual.text.TextStim'>, alignHoriz=method-wrapper(...), alignText='center', alignVert=method-wrapper(...), anchorHoriz='center', anchorVert='center', antialias=True, autoDraw=False, autoLog=True, bold=False, color=array([1., 1., 1.]), colorSpace='rgb', contrast=1.0, depth=-1.0, flipHoriz=False, flipVert=False, font='Arial', fontFiles=[], height=0.06, italic=False, languageStyle='LTR', name='prac_blockText', opacity=1.0, ori=0.0, pos=array([0. , 0.3]), rgb=UNKNOWN, text='Practice', units='height', win=Window(...), wrapWidth=1.3)
10.3401 	EXP 	Created prac_reminder_text = TextStim(__class__=<class 'psychopy.visual.text.TextStim'>, alignHoriz=method-wrapper(...), alignText='center', alignVert=method-wrapper(...), anchorHoriz='center', anchorVert='center', antialias=True, autoDraw=False, autoLog=True, bold=False, color=array([1., 1., 1.]), colorSpace='rgb', contrast=1.0, depth=-2.0, flipHoriz=False, flipVert=False, font='Arial', fontFiles=[], height=0.04, italic=False, languageStyle='LTR', name='prac_reminder_text', opacity=1.0, ori=0, pos=array([0., 0.]), rgb=UNKNOWN, text=str(...), units='height', win=Window(...), wrapWidth=1.3)
10.3402 	INFO 	keyboard.Keyboard is using iohub backend.
10.3446 	EXP 	Created initFixation_img = ImageStim(__class__=<class 'psychopy.visual.image.ImageStim'>, anchor=('center', 'center'), autoLog=True, color=array([1., 1., 1.]), colorSpace='rgb', contrast=1.0, depth=0.0, flipHoriz=False, flipVert=False, image='sin', interpolate=True, mask=None, maskParams=None, name='initFixation_img', opacity=1.0, ori=0.0, pos=array([ 0.   , -0.015]), size=array([0.26, 0.22]), texRes=512, units='height', win=Window(...))
10.3496 	EXP 	Created bigFace = ImageStim(__class__=<class 'psychopy.visual.image.ImageStim'>, anchor=('center', 'center'), autoLog=True, color=array([1., 1., 1.]), colorSpace='rgb', contrast=1.0, depth=-1.0, flipHoriz=False, flipVert=False, image='sin', interpolate=True, mask=None, maskParams=None, name='bigFace', opacity=0.85, ori=0.0, pos=array([0., 0.]), size=array([0.4267, 0.3   ]), texRes=128.0, units='height', win=Window(...))
10.3543 	EXP 	Created cover_background_2 = ImageStim(__class__=<class 'psychopy.visual.image.ImageStim'>, anchor=('center', 'center'), autoLog=True, color=array([1., 1., 1.]), colorSpace='rgb', contrast=1.0, depth=-2.0, flipHoriz=False, flipVert=False, image='sin', interpolate=True, mask=None, maskParams=None, name='cover_background_2', opacity=1.0, ori=0.0, pos=array([ 0.   , -0.015]), size=array([0.26, 0.22]), texRes=128.0, units='height', win=Window(...))
10.3586 	EXP 	Created prac_centerImg = ImageStim(__class__=<class 'psychopy.visual.image.ImageStim'>, anchor=('center', 'center'), autoLog=True, color=array([1., 1., 1.]), colorSpace='rgb', contrast=1.0, depth=-3.0, flipHoriz=False, flipVert=False, image='sin', interpolate=True, mask=None, maskParams=None, name='prac_centerImg', opacity=1.0, ori=0.0, pos=array([0., 0.]), size=array([1., 1.]), texRes=512, units='height', win=Window(...))
10.3633 	EXP 	Created prac_rightImg1 = ImageStim(__class__=<class 'psychopy.visual.image.ImageStim'>, anchor=('center', 'center'), autoLog=True, color=array([1., 1., 1.]), colorSpace='rgb', contrast=1.0, depth=-4.0, flipHoriz=False, flipVert=False, image='sin', interpolate=True, mask=None, maskParams=None, name='prac_rightImg1', opacity=1.0, ori=0.0, pos=array([0., 0.]), size=array([1., 1.]), texRes=512, units='height', win=Window(...))
10.3683 	EXP 	Created prac_rightImg2 = ImageStim(__class__=<class 'psychopy.visual.image.ImageStim'>, anchor=('center', 'center'), autoLog=True, color=array([1., 1., 1.]), colorSpace='rgb', contrast=1.0, depth=-5.0, flipHoriz=False, flipVert=False, image='sin', interpolate=True, mask=None, maskParams=None, name='prac_rightImg2', opacity=1.0, ori=0.0, pos=array([0., 0.]), size=array([1., 1.]), texRes=512, units='height', win=Window(...))
10.3731 	EXP 	Created prac_leftImg1 = ImageStim(__class__=<class 'psychopy.visual.image.ImageStim'>, anchor=('center', 'center'), autoLog=True, color=array([1., 1., 1.]), colorSpace='rgb', contrast=1.0, depth=-6.0, flipHoriz=False, flipVert=False, image='sin', interpolate=True, mask=None, maskParams=None, name='prac_leftImg1', opacity=1.0, ori=0.0, pos=array([0., 0.]), size=array([1., 1.]), texRes=512, units='height', win=Window(...))
10.3777 	EXP 	Created prac_leftImg2 = ImageStim(__class__=<class 'psychopy.visual.image.ImageStim'>, anchor=('center', 'center'), autoLog=True, color=array([1., 1., 1.]), colorSpace='rgb', contrast=1.0, depth=-7.0, flipHoriz=False, flipVert=False, image='sin', interpolate=True, mask=None, maskParams=None, name='prac_leftImg2', opacity=1.0, ori=0.0, pos=array([0., 0.]), size=array([1., 1.]), texRes=512, units='height', win=Window(...))
10.3826 	EXP 	Created prac_fixImg = ImageStim(__class__=<class 'psychopy.visual.image.ImageStim'>, anchor=('center', 'center'), autoLog=True, color=array([1., 1., 1.]), colorSpace='rgb', contrast=1.0, depth=-8.0, flipHoriz=False, flipVert=False, image='sin', interpolate=True, mask=None, maskParams=None, name='prac_fixImg', opacity=1.0, ori=0.0, pos=array([ 0.   , -0.015]), size=array([0.26, 0.22]), texRes=512, units='height', win=Window(...))
10.3826 	INFO 	keyboard.Keyboard is using iohub backend.
10.3838 	EXP 	Created prac_blockFeed_text = TextStim(__class__=<class 'psychopy.visual.text.TextStim'>, alignHoriz=method-wrapper(...), alignText='center', alignVert=method-wrapper(...), anchorHoriz='center', anchorVert='center', antialias=True, autoDraw=False, autoLog=True, bold=False, color=array([1., 1., 1.]), colorSpace='rgb', contrast=1.0, depth=-1.0, flipHoriz=False, flipVert=False, font='Arial', fontFiles=[], height=0.04, italic=False, languageStyle='LTR', name='prac_blockFeed_text', opacity=1.0, ori=0, pos=array([0., 0.]), rgb=UNKNOWN, text='', units='height', win=Window(...), wrapWidth=1.3)
10.3886 	EXP 	Created prac_pressContinue = TextStim(__class__=<class 'psychopy.visual.text.TextStim'>, alignHoriz=method-wrapper(...), alignText='center', alignVert=method-wrapper(...), anchorHoriz='center', anchorVert='center', antialias=True, autoDraw=False, autoLog=True, bold=False, color=array([1., 1., 1.]), colorSpace='rgb', contrast=1.0, depth=-2.0, flipHoriz=False, flipVert=False, font='Arial', fontFiles=[], height=0.04, italic=False, languageStyle='LTR', name='prac_pressContinue', opacity=1.0, ori=0.0, pos=array([ 0. , -0.3]), rgb=UNKNOWN, text='Press the right key', units='height', win=Window(...), wrapWidth=1.3)
10.3886 	INFO 	keyboard.Keyboard is using iohub backend.
10.3903 	EXP 	Created task_blockText = TextStim(__class__=<class 'psychopy.visual.text.TextStim'>, alignHoriz=method-wrapper(...), alignText='center', alignVert=method-wrapper(...), anchorHoriz='center', anchorVert='center', antialias=True, autoDraw=False, autoLog=True, bold=False, color=array([1., 1., 1.]), colorSpace='rgb', contrast=1.0, depth=-1.0, flipHoriz=False, flipVert=False, font='Arial', fontFiles=[], height=0.06, italic=False, languageStyle='LTR', name='task_blockText', opacity=1.0, ori=0.0, pos=array([0. , 0.3]), rgb=UNKNOWN, text='', units='height', win=Window(...), wrapWidth=1.3)
10.4019 	EXP 	Created task_blockReminders_text = TextStim(__class__=<class 'psychopy.visual.text.TextStim'>, alignHoriz=method-wrapper(...), alignText='center', alignVert=method-wrapper(...), anchorHoriz='center', anchorVert='center', antialias=True, autoDraw=False, autoLog=True, bold=False, color=array([1., 1., 1.]), colorSpace='rgb', contrast=1.0, depth=-2.0, flipHoriz=False, flipVert=False, font='Arial', fontFiles=[], height=0.04, italic=False, languageStyle='LTR', name='task_blockReminders_text', opacity=1.0, ori=0, pos=array([0., 0.]), rgb=UNKNOWN, text=str(...), units='height', win=Window(...), wrapWidth=1.3)
10.4019 	INFO 	keyboard.Keyboard is using iohub backend.
10.4072 	EXP 	Created initFixation_img = ImageStim(__class__=<class 'psychopy.visual.image.ImageStim'>, anchor=('center', 'center'), autoLog=True, color=array([1., 1., 1.]), colorSpace='rgb', contrast=1.0, depth=0.0, flipHoriz=False, flipVert=False, image='sin', interpolate=True, mask=None, maskParams=None, name='initFixation_img', opacity=1.0, ori=0.0, pos=array([ 0.   , -0.015]), size=array([0.26, 0.22]), texRes=512, units='height', win=Window(...))
10.4120 	EXP 	Created bigFace_2 = ImageStim(__class__=<class 'psychopy.visual.image.ImageStim'>, anchor=('center', 'center'), autoLog=True, color=array([1., 1., 1.]), colorSpace='rgb', contrast=1.0, depth=-1.0, flipHoriz=False, flipVert=False, image='sin', interpolate=True, mask=None, maskParams=None, name='bigFace_2', opacity=0.85, ori=0.0, pos=array([0., 0.]), size=array([0.4267, 0.3   ]), texRes=128.0, units='height', win=Window(...))
10.4870 	EXP 	Created cover_background = ImageStim(__class__=<class 'psychopy.visual.image.ImageStim'>, anchor=('center', 'center'), autoLog=True, color=array([1., 1., 1.]), colorSpace='rgb', contrast=1.0, depth=-2.0, flipHoriz=False, flipVert=False, image='img/cover_background.png', interpolate=True, mask=None, maskParams=None, name='cover_background', opacity=1.0, ori=0.0, pos=array([ 0.   , -0.015]), size=array([0.26, 0.22]), texRes=128.0, units='height', win=Window(...))
10.4916 	EXP 	Created task_centerImg = ImageStim(__class__=<class 'psychopy.visual.image.ImageStim'>, anchor=('center', 'center'), autoLog=True, color=array([1., 1., 1.]), colorSpace='rgb', contrast=1.0, depth=-3.0, flipHoriz=False, flipVert=False, image='sin', interpolate=True, mask=None, maskParams=None, name='task_centerImg', opacity=1.0, ori=0.0, pos=array([0., 0.]), size=array([1., 1.]), texRes=512, units='height', win=Window(...))
10.4963 	EXP 	Created task_rightImg1 = ImageStim(__class__=<class 'psychopy.visual.image.ImageStim'>, anchor=('center', 'center'), autoLog=True, color=array([1., 1., 1.]), colorSpace='rgb', contrast=1.0, depth=-4.0, flipHoriz=False, flipVert=False, image='sin', interpolate=True, mask=None, maskParams=None, name='task_rightImg1', opacity=1.0, ori=0.0, pos=array([0., 0.]), size=array([1., 1.]), texRes=512, units='height', win=Window(...))
10.5011 	EXP 	Created task_rightImg2 = ImageStim(__class__=<class 'psychopy.visual.image.ImageStim'>, anchor=('center', 'center'), autoLog=True, color=array([1., 1., 1.]), colorSpace='rgb', contrast=1.0, depth=-5.0, flipHoriz=False, flipVert=False, image='sin', interpolate=True, mask=None, maskParams=None, name='task_rightImg2', opacity=1.0, ori=0.0, pos=array([0., 0.]), size=array([1., 1.]), texRes=512, units='height', win=Window(...))
10.5056 	EXP 	Created task_leftImg1 = ImageStim(__class__=<class 'psychopy.visual.image.ImageStim'>, anchor=('center', 'center'), autoLog=True, color=array([1., 1., 1.]), colorSpace='rgb', contrast=1.0, depth=-6.0, flipHoriz=False, flipVert=False, image='sin', interpolate=True, mask=None, maskParams=None, name='task_leftImg1', opacity=1.0, ori=0.0, pos=array([0., 0.]), size=array([1., 1.]), texRes=512, units='height', win=Window(...))
10.5101 	EXP 	Created task_leftImg2 = ImageStim(__class__=<class 'psychopy.visual.image.ImageStim'>, anchor=('center', 'center'), autoLog=True, color=array([1., 1., 1.]), colorSpace='rgb', contrast=1.0, depth=-7.0, flipHoriz=False, flipVert=False, image='sin', interpolate=True, mask=None, maskParams=None, name='task_leftImg2', opacity=1.0, ori=0.0, pos=array([0., 0.]), size=array([1., 1.]), texRes=512, units='height', win=Window(...))
10.5148 	EXP 	Created task_fixImg = ImageStim(__class__=<class 'psychopy.visual.image.ImageStim'>, anchor=('center', 'center'), autoLog=True, color=array([1., 1., 1.]), colorSpace='rgb', contrast=1.0, depth=-8.0, flipHoriz=False, flipVert=False, image='sin', interpolate=True, mask=None, maskParams=None, name='task_fixImg', opacity=1.0, ori=0.0, pos=array([ 0.   , -0.015]), size=array([0.26, 0.22]), texRes=512, units='height', win=Window(...))
10.5148 	INFO 	keyboard.Keyboard is using iohub backend.
10.5169 	EXP 	Created task_blockFeed_text = TextStim(__class__=<class 'psychopy.visual.text.TextStim'>, alignHoriz=method-wrapper(...), alignText='center', alignVert=method-wrapper(...), anchorHoriz='center', anchorVert='center', antialias=True, autoDraw=False, autoLog=True, bold=False, color=array([1., 1., 1.]), colorSpace='rgb', contrast=1.0, depth=-1.0, flipHoriz=False, flipVert=False, font='Arial', fontFiles=[], height=0.12, italic=False, languageStyle='LTR', name='task_blockFeed_text', opacity=1.0, ori=0, pos=array([0. , 0.1]), rgb=UNKNOWN, text='', units='height', win=Window(...), wrapWidth=1.8)
10.5181 	EXP 	Created task_blockFeed_text2 = TextStim(__class__=<class 'psychopy.visual.text.TextStim'>, alignHoriz=method-wrapper(...), alignText='center', alignVert=method-wrapper(...), anchorHoriz='center', anchorVert='center', antialias=True, autoDraw=False, autoLog=True, bold=False, color=array([1., 1., 1.]), colorSpace='rgb', contrast=1.0, depth=-2.0, flipHoriz=False, flipVert=False, font='Arial', fontFiles=[], height=0.04, italic=False, languageStyle='LTR', name='task_blockFeed_text2', opacity=1.0, ori=0, pos=array([ 0. , -0.3]), rgb=UNKNOWN, text='', units='height', win=Window(...), wrapWidth=1.3)
10.5181 	INFO 	keyboard.Keyboard is using iohub backend.
10.5282 	EXP 	Created fix = TextStim(__class__=<class 'psychopy.visual.text.TextStim'>, alignHoriz=method-wrapper(...), alignText='center', alignVert=method-wrapper(...), anchorHoriz='center', anchorVert='center', antialias=True, autoDraw=False, autoLog=True, bold=False, color=array([1., 1., 1.]), colorSpace='rgb', contrast=1.0, depth=0.0, flipHoriz=False, flipVert=False, font='Open Sans', fontFiles=[], height=0.1, italic=False, languageStyle='LTR', name='fix', opacity=1.0, ori=0.0, pos=array([0., 0.]), rgb=UNKNOWN, text='+', units='height', win=Window(...), wrapWidth=1)
10.5487 	EXP 	Created errorNumbers_text_2 = TextStim(__class__=<class 'psychopy.visual.text.TextStim'>, alignHoriz=method-wrapper(...), alignText='center', alignVert=method-wrapper(...), anchorHoriz='center', anchorVert='center', antialias=True, autoDraw=False, autoLog=True, bold=False, color=array([1., 1., 1.]), colorSpace='rgb', contrast=1.0, depth=-1.0, flipHoriz=False, flipVert=False, font='Open Sans', fontFiles=[], height=0.03, italic=False, languageStyle='LTR', name='errorNumbers_text_2', opacity=1.0, ori=0.0, pos=array([0.  , 0.12]), rgb=UNKNOWN, text=str(...), units='height', win=Window(...), wrapWidth=1)
10.5637 	INFO 	keyboard.Keyboard is using iohub backend.
10.5778 	EXP 	Created botherRate_text = TextStim(__class__=<class 'psychopy.visual.text.TextStim'>, alignHoriz=method-wrapper(...), alignText='center', alignVert=method-wrapper(...), anchorHoriz='center', anchorVert='center', antialias=True, autoDraw=False, autoLog=True, bold=False, color=array([1., 1., 1.]), colorSpace='rgb', contrast=1.0, depth=-1.0, flipHoriz=False, flipVert=False, font='Open Sans', fontFiles=[], height=0.03, italic=False, languageStyle='LTR', name='botherRate_text', opacity=1.0, ori=0.0, pos=array([0.  , 0.12]), rgb=UNKNOWN, text=str(...), units='height', win=Window(...), wrapWidth=1)
10.5923 	INFO 	keyboard.Keyboard is using iohub backend.
10.6152 	EXP 	Created instruct_surprise1 = TextStim(__class__=<class 'psychopy.visual.text.TextStim'>, alignHoriz=method-wrapper(...), alignText='center', alignVert=method-wrapper(...), anchorHoriz='center', anchorVert='center', antialias=True, autoDraw=False, autoLog=True, bold=False, color=array([1., 1., 1.]), colorSpace='rgb', contrast=1.0, depth=0.0, flipHoriz=False, flipVert=False, font='Open Sans', fontFiles=[], height=0.04, italic=False, languageStyle='LTR', name='instruct_surprise1', opacity=1.0, ori=0.0, pos=array([0., 0.]), rgb=UNKNOWN, text=str(...), units='height', win=Window(...), wrapWidth=1)
10.6153 	INFO 	keyboard.Keyboard is using iohub backend.
10.6167 	EXP 	Created instructMainTask_text = TextStim(__class__=<class 'psychopy.visual.text.TextStim'>, alignHoriz=method-wrapper(...), alignText='center', alignVert=method-wrapper(...), anchorHoriz='center', anchorVert='center', antialias=True, autoDraw=False, autoLog=True, bold=False, color=array([1., 1., 1.]), colorSpace='rgb', contrast=1.0, depth=0.0, flipHoriz=False, flipVert=False, font='Arial', fontFiles=[], height=0.04, italic=False, languageStyle='LTR', name='instructMainTask_text', opacity=1.0, ori=0, pos=array([0., 0.]), rgb=UNKNOWN, text='', units='height', win=Window(...), wrapWidth=1.3)
10.6167 	INFO 	keyboard.Keyboard is using iohub backend.
10.6199 	EXP 	Created stimulus = ImageStim(__class__=<class 'psychopy.visual.image.ImageStim'>, anchor=('center', 'center'), autoLog=True, color=array([1., 1., 1.]), colorSpace='rgb', contrast=1.0, depth=0.0, flipHoriz=False, flipVert=False, image='sin', interpolate=True, mask=None, maskParams=None, name='stimulus', opacity=1.0, ori=0.0, pos=array([0., 0.]), size=array([0.4267, 0.3   ]), texRes=128.0, units='height', win=Window(...))
10.6218 	EXP 	Created firstQ = TextStim(__class__=<class 'psychopy.visual.text.TextStim'>, alignHoriz=method-wrapper(...), alignText='center', alignVert=method-wrapper(...), anchorHoriz='center', anchorVert='center', antialias=True, autoDraw=False, autoLog=True, bold=False, color=array([1., 1., 1.]), colorSpace='rgb', contrast=1.0, depth=-1.0, flipHoriz=False, flipVert=False, font='Open Sans', fontFiles=[], height=0.025, italic=False, languageStyle='LTR', name='firstQ', opacity=1.0, ori=0.0, pos=array([0. , 0.4]), rgb=UNKNOWN, text='', units='height', win=Window(...), wrapWidth=1)
10.6275 	EXP 	window1: mouseVisible = True
10.6469 	DEBUG 	TextBox2 loaded 1 chars with 0 blanks and 1 valid
10.6485 	DEBUG 	TextBox2 loaded 1 chars with 0 blanks and 1 valid
10.6503 	DEBUG 	TextBox2 loaded 1 chars with 0 blanks and 1 valid
10.6517 	DEBUG 	TextBox2 loaded 1 chars with 0 blanks and 1 valid
10.6533 	DEBUG 	TextBox2 loaded 1 chars with 0 blanks and 1 valid
10.6549 	DEBUG 	TextBox2 loaded 1 chars with 0 blanks and 1 valid
10.6564 	DEBUG 	TextBox2 loaded 1 chars with 0 blanks and 1 valid
10.6582 	DEBUG 	TextBox2 loaded 1 chars with 0 blanks and 1 valid
10.6595 	DEBUG 	TextBox2 loaded 1 chars with 0 blanks and 1 valid
10.6608 	DEBUG 	TextBox2 loaded 1 chars with 0 blanks and 1 valid
10.6625 	DEBUG 	TextBox2 loaded 1 chars with 0 blanks and 1 valid
10.6628 	DEBUG 	Uploading Texture Font fontname to graphics card
10.6643 	DEBUG 	Upload of Texture Font fontname complete
10.6819 	DEBUG 	TextBox2 loaded 1 chars with 0 blanks and 1 valid
10.6838 	DEBUG 	TextBox2 loaded 1 chars with 0 blanks and 1 valid
10.6855 	DEBUG 	TextBox2 loaded 1 chars with 0 blanks and 1 valid
10.6874 	DEBUG 	TextBox2 loaded 1 chars with 0 blanks and 1 valid
10.6891 	DEBUG 	TextBox2 loaded 1 chars with 0 blanks and 1 valid
10.6894 	DEBUG 	Uploading Texture Font fontname to graphics card
10.6903 	DEBUG 	Upload of Texture Font fontname complete
10.7081 	DEBUG 	TextBox2 loaded 1 chars with 0 blanks and 1 valid
10.7085 	DEBUG 	Uploading Texture Font fontname to graphics card
10.7094 	DEBUG 	Upload of Texture Font fontname complete
10.7272 	DEBUG 	TextBox2 loaded 1 chars with 0 blanks and 1 valid
10.7275 	DEBUG 	Uploading Texture Font fontname to graphics card
10.7284 	DEBUG 	Upload of Texture Font fontname complete
10.8010 	EXP 	Created first_slider = Slider(__class__=<class 'psychopy.visual.slider.Slider'>, autoDraw=False, autoLog=True, borderColor=None, color=None, colorSpace='rgb', depth=-2, fillColor=None, flip=False, font='Open Sans', granularity=1.0, labelColor=None, labelHeight=0.02, labelWrapWidth=None, labels=list(...), lineColor=None, markerColor=None, name='first_slider', opacity=None, ori=0.0, pos=array([0., 0.]), readOnly=False, self=UNKNOWN, size=array([0.8 , 0.03]), startValue=None, style='rating', styleTweaks=[], ticks=array([1, 2, 3, 4, 5, 6]), units='height', win=Window(...))
10.8044 	EXP 	Created stimulus_2 = ImageStim(__class__=<class 'psychopy.visual.image.ImageStim'>, anchor=('center', 'center'), autoLog=True, color=array([1., 1., 1.]), colorSpace='rgb', contrast=1.0, depth=0.0, flipHoriz=False, flipVert=False, image='sin', interpolate=True, mask=None, maskParams=None, name='stimulus_2', opacity=1.0, ori=0.0, pos=array([0., 0.]), size=array([0.4267, 0.3   ]), texRes=128.0, units='height', win=Window(...))
10.8057 	EXP 	Created firstQ_2 = TextStim(__class__=<class 'psychopy.visual.text.TextStim'>, alignHoriz=method-wrapper(...), alignText='center', alignVert=method-wrapper(...), anchorHoriz='center', anchorVert='center', antialias=True, autoDraw=False, autoLog=True, bold=False, color=array([1., 1., 1.]), colorSpace='rgb', contrast=1.0, depth=-1.0, flipHoriz=False, flipVert=False, font='Open Sans', fontFiles=[], height=0.025, italic=False, languageStyle='LTR', name='firstQ_2', opacity=1.0, ori=0.0, pos=array([0. , 0.4]), rgb=UNKNOWN, text='', units='height', win=Window(...), wrapWidth=1)
10.8091 	EXP 	Created stimulus12 = ImageStim(__class__=<class 'psychopy.visual.image.ImageStim'>, anchor=('center', 'center'), autoLog=True, color=array([1., 1., 1.]), colorSpace='rgb', contrast=1.0, depth=0.0, flipHoriz=False, flipVert=False, image='sin', interpolate=True, mask=None, maskParams=None, name='stimulus12', opacity=1.0, ori=0.0, pos=array([0. , 0.2]), size=array([0.71116667, 0.5       ]), texRes=128.0, units='height', win=Window(...))
10.8103 	EXP 	Created secondQ = TextStim(__class__=<class 'psychopy.visual.text.TextStim'>, alignHoriz=method-wrapper(...), alignText='center', alignVert=method-wrapper(...), anchorHoriz='center', anchorVert='center', antialias=True, autoDraw=False, autoLog=True, bold=False, color=array([1., 1., 1.]), colorSpace='rgb', contrast=1.0, depth=-1.0, flipHoriz=False, flipVert=False, font='Open Sans', fontFiles=[], height=0.025, italic=False, languageStyle='LTR', name='secondQ', opacity=1.0, ori=0.0, pos=array([ 0. , -0.4]), rgb=UNKNOWN, text='', units='height', win=Window(...), wrapWidth=1)
10.8103 	INFO 	keyboard.Keyboard is using iohub backend.
10.8372 	EXP 	Created finishMessage_text = TextStim(__class__=<class 'psychopy.visual.text.TextStim'>, alignHoriz=method-wrapper(...), alignText='center', alignVert=method-wrapper(...), anchorHoriz='center', anchorVert='center', antialias=True, autoDraw=False, autoLog=True, bold=False, color=array([1., 1., 1.]), colorSpace='rgb', contrast=1.0, depth=0.0, flipHoriz=False, flipVert=False, font='Arial', fontFiles=[], height=0.04, italic=False, languageStyle='LTR', name='finishMessage_text', opacity=1.0, ori=0, pos=array([0., 0.]), rgb=UNKNOWN, text='Thank you for your participation!', units='height', win=Window(...), wrapWidth=1.3)
10.8920 	EXP 	cb_slider: autoLog = True
10.8920 	EXP 	cb_slider: markerPos = None
10.8920 	EXP 	cb_slider: styleTweaks = []
10.8920 	EXP 	cb_slider: styleTweaks = []
10.8920 	EXP 	cb_slider: styleTweaks = []
10.8920 	EXP 	cb_slider: styleTweaks = []
10.8920 	EXP 	cb_slider: contrast = 1.0
10.8920 	EXP 	cb_slider: autoLog = True
10.8920 	EXP 	textbox_2: autoLog = True
10.8920 	EXP 	textbox_3: autoLog = True
10.8920 	EXP 	first_slider: autoLog = True
10.8920 	EXP 	first_slider: markerPos = None
10.8920 	EXP 	first_slider: styleTweaks = []
10.8920 	EXP 	first_slider: styleTweaks = []
10.8920 	EXP 	first_slider: styleTweaks = []
10.8920 	EXP 	first_slider: styleTweaks = []
10.8920 	EXP 	first_slider: contrast = 1.0
10.8920 	EXP 	first_slider: autoLog = True
10.8920 	EXP 	cb_slider: markerPos = None
10.8920 	EXP 	cb_slider: markerPos = None
10.8920 	EXP 	cb: autoDraw = True
10.8920 	EXP 	cb_slider: autoDraw = True
12.6289 	DATA 	Mouse: Left button down, pos=(735,330)
12.6509 	EXP 	cb_slider: markerPos = 3.041666701436043
12.6689 	EXP 	cb_slider: markerPos = 3.041666701436043
12.6855 	EXP 	cb_slider: markerPos = 3.041666701436043
12.7039 	EXP 	cb_slider: markerPos = 3.041666701436043
12.7208 	EXP 	cb_slider: markerPos = 3.041666701436043
12.7349 	DATA 	Mouse:  Left button up, pos=(735,330)
12.7375 	EXP 	cb_slider: markerPos = 3.041666701436043
12.7543 	EXP 	cb_slider: markerPos = 3.0
12.7687 	EXP 	cb: autoDraw = False
12.7687 	EXP 	cb_slider: autoDraw = False
12.7687 	EXP 	welcome_text: autoDraw = True
13.4058 	DATA 	Keypress: 8
13.4097 	DEBUG 	TextBox2 loaded 1 chars with 0 blanks and 1 valid
13.4100 	DEBUG 	Uploading Texture Font fontname to graphics card
13.4118 	DEBUG 	Upload of Texture Font fontname complete
13.4180 	EXP 	welcome_text: autoDraw = False
13.4180 	EXP 	instructRight_text: autoDraw = True
13.4180 	EXP 	instructRight_centerImg: autoDraw = True
13.4180 	EXP 	instructRight_rightImg1: autoDraw = True
13.4180 	EXP 	instructRight_leftImg1: autoDraw = True
13.7897 	DATA 	Keypress: 8
13.8024 	EXP 	instructRight_text: autoDraw = False
13.8024 	EXP 	instructRight_centerImg: autoDraw = False
13.8024 	EXP 	instructRight_rightImg1: autoDraw = False
13.8024 	EXP 	instructRight_leftImg1: autoDraw = False
13.8024 	EXP 	instructLeft_text: autoDraw = True
13.8024 	EXP 	instructLeft_centerImg: autoDraw = True
13.8024 	EXP 	instructLeft_rightImg1: autoDraw = True
13.8024 	EXP 	instructLeft_leftImg1: autoDraw = True
13.9560 	DATA 	Keypress: 1
13.9594 	DEBUG 	TextBox2 loaded 1 chars with 0 blanks and 1 valid
13.9597 	DEBUG 	Uploading Texture Font fontname to graphics card
13.9606 	DEBUG 	Upload of Texture Font fontname complete
13.9725 	EXP 	instructLeft_text: autoDraw = False
13.9725 	EXP 	instructLeft_centerImg: autoDraw = False
13.9725 	EXP 	instructLeft_rightImg1: autoDraw = False
13.9725 	EXP 	instructLeft_leftImg1: autoDraw = False
13.9725 	EXP 	instructInconRight_text: autoDraw = True
13.9725 	EXP 	instructIncon_centerImg: autoDraw = True
13.9725 	EXP 	instructIncon_rightImg1: autoDraw = True
13.9725 	EXP 	instructIncon_leftImg1: autoDraw = True
14.1617 	DATA 	Keypress: 8
14.1690 	EXP 	instructInconRight_text: autoDraw = False
14.1690 	EXP 	instructIncon_centerImg: autoDraw = False
14.1690 	EXP 	instructIncon_rightImg1: autoDraw = False
14.1690 	EXP 	instructIncon_leftImg1: autoDraw = False
14.1690 	EXP 	instructInconLeft_text: autoDraw = True
14.1690 	EXP 	instructInconLeft_centerImg: autoDraw = True
14.1690 	EXP 	instructInconLeft_rightImg1: autoDraw = True
14.1690 	EXP 	instructInconLeft_leftImg1: autoDraw = True
14.3212 	DEBUG 	Read csv file with pandas: blockSelect_practice.csv
14.3221 	DEBUG 	Clearing unnamed columns from blockSelect_practice.csv
14.3224 	EXP 	Imported blockSelect_practice.csv as conditions, 1 conditions, 1 params
14.3227 	EXP 	Created sequence: random, trialTypes=1, nReps=0, seed=None
14.3243 	DEBUG 	Read csv file with pandas: blockSelect.csv
14.3250 	DEBUG 	Clearing unnamed columns from blockSelect.csv
14.3253 	EXP 	Imported blockSelect.csv as conditions, 10 conditions, 1 params
14.3256 	EXP 	Created sequence: random, trialTypes=10, nReps=0, seed=None
14.3259 	DATA 	Keypress: 1
14.3341 	EXP 	instructInconLeft_text: autoDraw = False
14.3341 	EXP 	instructInconLeft_centerImg: autoDraw = False
14.3341 	EXP 	instructInconLeft_rightImg1: autoDraw = False
14.3341 	EXP 	instructInconLeft_leftImg1: autoDraw = False
14.3341 	EXP 	fix: autoDraw = True
14.4691 	DATA 	Keypress: 8
14.8341 	EXP 	fix: autoDraw = False
14.8341 	EXP 	fix: autoDraw = False
14.8341 	EXP 	errorNumbers_text_2: autoDraw = True
14.8341 	EXP 	textbox_2: autoDraw = True
14.9685 	DATA 	Keypress: space
14.9701 	DEBUG 	TextBox2 loaded 1 chars with 0 blanks and 1 valid
14.9716 	DEBUG 	TextBox2 loaded 1 chars with 0 blanks and 1 valid
14.9719 	DEBUG 	Uploading Texture Font fontname to graphics card
14.9728 	DEBUG 	Upload of Texture Font fontname complete
14.9858 	EXP 	errorNumbers_text_2: autoDraw = False
14.9858 	EXP 	textbox_2: autoDraw = False
14.9858 	EXP 	botherRate_text: autoDraw = True
14.9858 	EXP 	textbox_3: autoDraw = True
15.2873 	DATA 	Keypress: space
15.3011 	EXP 	botherRate_text: autoDraw = False
15.3011 	EXP 	textbox_3: autoDraw = False
15.3011 	EXP 	instruct_surprise1: autoDraw = True
15.7364 	DATA 	Keypress: space
16.0596 	DEBUG 	Read excel file with openpyxl: surpriseBlock_select_A.xlsx
16.0609 	EXP 	Imported surpriseBlock_select_A.xlsx as conditions, 2 conditions, 12 params
16.0613 	EXP 	Created sequence: sequential, trialTypes=2, nReps=1, seed=None
16.0618 	EXP 	New trial (rep=0, index=0): {'whichSurpriseBlock': 'half_surp_table1.csv', 'firstQ': 'old or new?', 'secondQ': 'Does this person seem to judge you negatively?', 'first_labelsO': '["Definitely new", "Probably new", "Maybe new", "Maybe old", "Probably old", "Definitely old"]  ', 'sec_labelsO': '["Definitely yes", "Probably yes", "Maybe yes", "Maybe no", "Probably no", "Definitely no"]  ', 'first_ticksO': [1, 2, 3, 4, 5, 6], 'second_ticksO': [6, 5, 4, 3, 2, 1], 'first_posQ': [0, 0.4], 'first_posScale': [0, 0.2], 'second_posQ': [0, -0.4], 'second_posScale': [0, -0.2], 'taskTextSource': 'In this round, press Right key when the face is OLD and the left key when it is new.\n\nTo get ready, rest your right and left index fingers on the right and left buttons, then press the right button when you are ready to begin.'}
16.0808 	DATA 	Keypress: 8
16.0844 	EXP 	instruct_surprise1: autoDraw = False
16.0844 	EXP 	instructMainTask_text: height = 0.04
16.0844 	EXP 	instructMainTask_text: height = 0.04
16.0844 	EXP 	instructMainTask_text: height = 0.04
16.0844 	EXP 	instructMainTask_text: text = 'In this round, press Right key when the face is OLD and the left key when it is new.\n\nTo get ready, rest your right and left index fingers on the right and left buttons, then press the right button when you are ready to begin.'
16.0844 	EXP 	instructMainTask_text: autoDraw = True
16.4395 	DEBUG 	Read csv file with pandas: half_surp_table1.csv
16.4404 	DEBUG 	Clearing unnamed columns from half_surp_table1.csv
16.4428 	EXP 	Imported half_surp_table1.csv as conditions, 240 conditions, 1 params
16.4446 	EXP 	Created sequence: random, trialTypes=240, nReps=1, seed=None
16.4449 	EXP 	New trial (rep=0, index=0): OrderedDict([('surp_csv_name', 'csv_files/surprise_csv_files/surpriseTable_row454.csv')])
16.4604 	DEBUG 	Read csv file with pandas: csv_files/surprise_csv_files/surpriseTable_row454.csv
16.4614 	DEBUG 	Clearing unnamed columns from csv_files/surprise_csv_files/surpriseTable_row454.csv
16.4619 	EXP 	Imported csv_files/surprise_csv_files/surpriseTable_row454.csv as conditions, 1 conditions, 2 params
16.4623 	EXP 	Created sequence: random, trialTypes=1, nReps=1, seed=None
16.4626 	EXP 	New trial (rep=0, index=0): OrderedDict([('surpriseFaces', 'img/neutralC/CFD-BF-040-003-N.jpg'), ('new', 1)])
16.7524 	EXP 	window1: mouseVisible = True
16.7581 	DEBUG 	Saving data for face_flanker_v1 ExperimentHandler
16.7604 	INFO 	saved data to C:\Users\kihossei\Documents\GitHub\memory-for-error-dataset\materials\experiments\mfe_final_version\data/_face_flanker_v1_2022-08-07_13h51.25.023.psydat
16.7624 	INFO 	saved data to 'C:\\Users\\kihossei\\Documents\\GitHub\\memory-for-error-dataset\\materials\\experiments\\mfe_final_version\\data/_face_flanker_v1_2022-08-07_13h51.25.023.csv'
