1.8626 	WARNING 	We strongly recommend you activate the PTB sound engine in PsychoPy prefs as the preferred audio engine. Its timing is vastly superior. Your prefs are currently set to use ['sounddevice', 'PTB', 'pyo', 'pygame'] (in that order).
6.0431 	INFO 	Loaded monitor calibration from ['2022_05_31 11:34']
6.0444 	ERROR 	'0.5000, 0.5000, 0.5000' is not a valid rgb color
6.0542 	WARNING 	User requested fullscreen with size [1536  864], but screen is actually [1920, 1080]. Using actual size
7.5296 	EXP 	Created window1 = Window(allowGUI=False, allowStencil=False, autoLog=True, backendConf=UNKNOWN, bitsMode=UNKNOWN, blendMode='avg', bpc=(8, 8, 8), color=array([0, 0, 0]), colorSpace='rgb', depthBits=8, fullscr=<method-wrapper '__getattribute__' of attributeSetter object at 0x000001C15CFE9A30>, gamma=None, gammaErrorPolicy='raise', lms=UNKNOWN, monitor=<psychopy.monitors.calibTools.Monitor object at 0x000001C15EC402B0>, multiSample=False, name='window1', numSamples=2, pos=(0, 0), screen=0, size=array([1920, 1080]), stencilBits=0, stereo=False, units='height', useFBO=True, useRetina=False, viewOri=0.0, viewPos=None, viewScale=None, waitBlanking=True, winType='pyglet')
7.5303 	EXP 	window1: mouseVisible = True
7.5304 	EXP 	window1: Attempting to measure frame rate of screen (0) ...
7.5304 	EXP 	window1: recordFrameIntervals = False
7.6951 	EXP 	window1: recordFrameIntervals = True
7.8788 	EXP 	Screen (0) actual frame rate measured at 60.00Hz
7.8789 	EXP 	window1: recordFrameIntervals = False
9.4397 	INFO 	keyboard.Keyboard is using iohub backend.
9.5792 	EXP 	Created welcome_text = TextStim(__class__=<class 'psychopy.visual.text.TextStim'>, alignHoriz=method-wrapper(...), alignText='center', alignVert=method-wrapper(...), anchorHoriz='center', anchorVert='center', antialias=True, autoDraw=False, autoLog=True, bold=False, color=array([1., 1., 1.]), colorSpace='rgb', contrast=1.0, depth=0.0, flipHoriz=False, flipVert=False, font='Arial', fontFiles=[], height=0.04, italic=False, languageStyle='LTR', name='welcome_text', opacity=1.0, ori=0, pos=array([0., 0.]), rgb=UNKNOWN, text=str(...), units='height', win=Window(...), wrapWidth=1.3)
9.5792 	INFO 	keyboard.Keyboard is using iohub backend.
9.5884 	EXP 	Created instructRight_text = TextStim(__class__=<class 'psychopy.visual.text.TextStim'>, alignHoriz=method-wrapper(...), alignText='center', alignVert=method-wrapper(...), anchorHoriz='center', anchorVert='center', antialias=True, autoDraw=False, autoLog=True, bold=False, color=array([1., 1., 1.]), colorSpace='rgb', contrast=1.0, depth=0.0, flipHoriz=False, flipVert=False, font='Arial', fontFiles=[], height=0.04, italic=False, languageStyle='LTR', name='instructRight_text', opacity=1.0, ori=0, pos=array([0., 0.]), rgb=UNKNOWN, text=str(...), units='height', win=Window(...), wrapWidth=1.3)
9.6515 	EXP 	Created instructRight_centerImg = ImageStim(__class__=<class 'psychopy.visual.image.ImageStim'>, anchor=('center', 'center'), autoLog=True, color=array([1., 1., 1.]), colorSpace='rgb', contrast=1.0, depth=-1.0, flipHoriz=False, flipVert=False, image='img/rightArrow.png', interpolate=True, mask=None, maskParams=None, name='instructRight_centerImg', opacity=1.0, ori=0.0, pos=array([ 0. , -0.3]), size=array([0.02, 0.02]), texRes=512, units='height', win=Window(...))
9.7058 	EXP 	Created instructRight_rightImg1 = ImageStim(__class__=<class 'psychopy.visual.image.ImageStim'>, anchor=('center', 'center'), autoLog=True, color=array([1., 1., 1.]), colorSpace='rgb', contrast=1.0, depth=-2.0, flipHoriz=False, flipVert=False, image='img/rightArrow.png', interpolate=True, mask=None, maskParams=None, name='instructRight_rightImg1', opacity=1.0, ori=0.0, pos=array([ 0.03, -0.3 ]), size=array([0.02, 0.02]), texRes=512, units='height', win=Window(...))
9.7653 	EXP 	Created instructRight_leftImg1 = ImageStim(__class__=<class 'psychopy.visual.image.ImageStim'>, anchor=('center', 'center'), autoLog=True, color=array([1., 1., 1.]), colorSpace='rgb', contrast=1.0, depth=-3.0, flipHoriz=False, flipVert=False, image='img/rightArrow.png', interpolate=True, mask=None, maskParams=None, name='instructRight_leftImg1', opacity=1.0, ori=0.0, pos=array([-0.03, -0.3 ]), size=array([0.02, 0.02]), texRes=512, units='height', win=Window(...))
9.7653 	INFO 	keyboard.Keyboard is using iohub backend.
9.7757 	EXP 	Created instructLeft_text = TextStim(__class__=<class 'psychopy.visual.text.TextStim'>, alignHoriz=method-wrapper(...), alignText='center', alignVert=method-wrapper(...), anchorHoriz='center', anchorVert='center', antialias=True, autoDraw=False, autoLog=True, bold=False, color=array([1., 1., 1.]), colorSpace='rgb', contrast=1.0, depth=0.0, flipHoriz=False, flipVert=False, font='Arial', fontFiles=[], height=0.04, italic=False, languageStyle='LTR', name='instructLeft_text', opacity=1.0, ori=0, pos=array([0., 0.]), rgb=UNKNOWN, text=str(...), units='height', win=Window(...), wrapWidth=1.3)
9.8346 	EXP 	Created instructLeft_centerImg = ImageStim(__class__=<class 'psychopy.visual.image.ImageStim'>, anchor=('center', 'center'), autoLog=True, color=array([1., 1., 1.]), colorSpace='rgb', contrast=1.0, depth=-1.0, flipHoriz=False, flipVert=False, image='img/leftArrow.png', interpolate=True, mask=None, maskParams=None, name='instructLeft_centerImg', opacity=1.0, ori=0.0, pos=array([ 0. , -0.3]), size=array([0.02, 0.02]), texRes=512, units='height', win=Window(...))
9.8989 	EXP 	Created instructLeft_rightImg1 = ImageStim(__class__=<class 'psychopy.visual.image.ImageStim'>, anchor=('center', 'center'), autoLog=True, color=array([1., 1., 1.]), colorSpace='rgb', contrast=1.0, depth=-2.0, flipHoriz=False, flipVert=False, image='img/leftArrow.png', interpolate=True, mask=None, maskParams=None, name='instructLeft_rightImg1', opacity=1.0, ori=0.0, pos=array([ 0.03, -0.3 ]), size=array([0.02, 0.02]), texRes=512, units='height', win=Window(...))
9.9658 	EXP 	Created instructLeft_leftImg1 = ImageStim(__class__=<class 'psychopy.visual.image.ImageStim'>, anchor=('center', 'center'), autoLog=True, color=array([1., 1., 1.]), colorSpace='rgb', contrast=1.0, depth=-3.0, flipHoriz=False, flipVert=False, image='img/leftArrow.png', interpolate=True, mask=None, maskParams=None, name='instructLeft_leftImg1', opacity=1.0, ori=0.0, pos=array([-0.03, -0.3 ]), size=array([0.02, 0.02]), texRes=512, units='height', win=Window(...))
9.9658 	INFO 	keyboard.Keyboard is using iohub backend.
9.9931 	EXP 	Created instructInconRight_text = TextStim(__class__=<class 'psychopy.visual.text.TextStim'>, alignHoriz=method-wrapper(...), alignText='center', alignVert=method-wrapper(...), anchorHoriz='center', anchorVert='center', antialias=True, autoDraw=False, autoLog=True, bold=False, color=array([1., 1., 1.]), colorSpace='rgb', contrast=1.0, depth=0.0, flipHoriz=False, flipVert=False, font='Arial', fontFiles=[], height=0.04, italic=False, languageStyle='LTR', name='instructInconRight_text', opacity=1.0, ori=0, pos=array([0., 0.]), rgb=UNKNOWN, text=str(...), units='height', win=Window(...), wrapWidth=1.3)
10.0402 	EXP 	Created instructIncon_centerImg = ImageStim(__class__=<class 'psychopy.visual.image.ImageStim'>, anchor=('center', 'center'), autoLog=True, color=array([1., 1., 1.]), colorSpace='rgb', contrast=1.0, depth=-1.0, flipHoriz=False, flipVert=False, image='img/rightArrow.png', interpolate=True, mask=None, maskParams=None, name='instructIncon_centerImg', opacity=1.0, ori=0.0, pos=array([ 0. , -0.3]), size=array([0.02, 0.02]), texRes=512, units='height', win=Window(...))
10.0880 	EXP 	Created instructIncon_rightImg1 = ImageStim(__class__=<class 'psychopy.visual.image.ImageStim'>, anchor=('center', 'center'), autoLog=True, color=array([1., 1., 1.]), colorSpace='rgb', contrast=1.0, depth=-2.0, flipHoriz=False, flipVert=False, image='img/leftArrow.png', interpolate=True, mask=None, maskParams=None, name='instructIncon_rightImg1', opacity=1.0, ori=0.0, pos=array([ 0.03, -0.3 ]), size=array([0.02, 0.02]), texRes=512, units='height', win=Window(...))
10.1417 	EXP 	Created instructIncon_leftImg1 = ImageStim(__class__=<class 'psychopy.visual.image.ImageStim'>, anchor=('center', 'center'), autoLog=True, color=array([1., 1., 1.]), colorSpace='rgb', contrast=1.0, depth=-3.0, flipHoriz=False, flipVert=False, image='img/leftArrow.png', interpolate=True, mask=None, maskParams=None, name='instructIncon_leftImg1', opacity=1.0, ori=0.0, pos=array([-0.03, -0.3 ]), size=array([0.02, 0.02]), texRes=512, units='height', win=Window(...))
10.1418 	INFO 	keyboard.Keyboard is using iohub backend.
10.1493 	EXP 	Created instructInconLeft_text = TextStim(__class__=<class 'psychopy.visual.text.TextStim'>, alignHoriz=method-wrapper(...), alignText='center', alignVert=method-wrapper(...), anchorHoriz='center', anchorVert='center', antialias=True, autoDraw=False, autoLog=True, bold=False, color=array([1., 1., 1.]), colorSpace='rgb', contrast=1.0, depth=0.0, flipHoriz=False, flipVert=False, font='Arial', fontFiles=[], height=0.04, italic=False, languageStyle='LTR', name='instructInconLeft_text', opacity=1.0, ori=0, pos=array([0., 0.]), rgb=UNKNOWN, text=str(...), units='height', win=Window(...), wrapWidth=1.3)
10.1948 	EXP 	Created instructInconLeft_centerImg = ImageStim(__class__=<class 'psychopy.visual.image.ImageStim'>, anchor=('center', 'center'), autoLog=True, color=array([1., 1., 1.]), colorSpace='rgb', contrast=1.0, depth=-1.0, flipHoriz=False, flipVert=False, image='img/leftArrow.png', interpolate=True, mask=None, maskParams=None, name='instructInconLeft_centerImg', opacity=1.0, ori=0.0, pos=array([ 0. , -0.3]), size=array([0.02, 0.02]), texRes=512, units='height', win=Window(...))
10.2399 	EXP 	Created instructInconLeft_rightImg1 = ImageStim(__class__=<class 'psychopy.visual.image.ImageStim'>, anchor=('center', 'center'), autoLog=True, color=array([1., 1., 1.]), colorSpace='rgb', contrast=1.0, depth=-2.0, flipHoriz=False, flipVert=False, image='img/rightArrow.png', interpolate=True, mask=None, maskParams=None, name='instructInconLeft_rightImg1', opacity=1.0, ori=0.0, pos=array([ 0.03, -0.3 ]), size=array([0.02, 0.02]), texRes=512, units='height', win=Window(...))
10.2858 	EXP 	Created instructInconLeft_leftImg1 = ImageStim(__class__=<class 'psychopy.visual.image.ImageStim'>, anchor=('center', 'center'), autoLog=True, color=array([1., 1., 1.]), colorSpace='rgb', contrast=1.0, depth=-3.0, flipHoriz=False, flipVert=False, image='img/rightArrow.png', interpolate=True, mask=None, maskParams=None, name='instructInconLeft_leftImg1', opacity=1.0, ori=0.0, pos=array([-0.03, -0.3 ]), size=array([0.02, 0.02]), texRes=512, units='height', win=Window(...))
10.2858 	INFO 	keyboard.Keyboard is using iohub backend.
10.3106 	EXP 	Created prac_blockText = TextStim(__class__=<class 'psychopy.visual.text.TextStim'>, alignHoriz=method-wrapper(...), alignText='center', alignVert=method-wrapper(...), anchorHoriz='center', anchorVert='center', antialias=True, autoDraw=False, autoLog=True, bold=False, color=array([1., 1., 1.]), colorSpace='rgb', contrast=1.0, depth=-1.0, flipHoriz=False, flipVert=False, font='Arial', fontFiles=[], height=0.06, italic=False, languageStyle='LTR', name='prac_blockText', opacity=1.0, ori=0.0, pos=array([0. , 0.3]), rgb=UNKNOWN, text='Practice', units='height', win=Window(...), wrapWidth=1.3)
10.3278 	EXP 	Created prac_reminder_text = TextStim(__class__=<class 'psychopy.visual.text.TextStim'>, alignHoriz=method-wrapper(...), alignText='center', alignVert=method-wrapper(...), anchorHoriz='center', anchorVert='center', antialias=True, autoDraw=False, autoLog=True, bold=False, color=array([1., 1., 1.]), colorSpace='rgb', contrast=1.0, depth=-2.0, flipHoriz=False, flipVert=False, font='Arial', fontFiles=[], height=0.04, italic=False, languageStyle='LTR', name='prac_reminder_text', opacity=1.0, ori=0, pos=array([0., 0.]), rgb=UNKNOWN, text=str(...), units='height', win=Window(...), wrapWidth=1.3)
10.3278 	INFO 	keyboard.Keyboard is using iohub backend.
10.3324 	EXP 	Created initFixation_img = ImageStim(__class__=<class 'psychopy.visual.image.ImageStim'>, anchor=('center', 'center'), autoLog=True, color=array([1., 1., 1.]), colorSpace='rgb', contrast=1.0, depth=0.0, flipHoriz=False, flipVert=False, image='sin', interpolate=True, mask=None, maskParams=None, name='initFixation_img', opacity=1.0, ori=0.0, pos=array([ 0.   , -0.015]), size=array([0.26, 0.22]), texRes=512, units='height', win=Window(...))
10.3371 	EXP 	Created bigFace = ImageStim(__class__=<class 'psychopy.visual.image.ImageStim'>, anchor=('center', 'center'), autoLog=True, color=array([1., 1., 1.]), colorSpace='rgb', contrast=1.0, depth=-1.0, flipHoriz=False, flipVert=False, image='sin', interpolate=True, mask=None, maskParams=None, name='bigFace', opacity=0.85, ori=0.0, pos=array([0., 0.]), size=array([0.4267, 0.3   ]), texRes=128.0, units='height', win=Window(...))
10.3415 	EXP 	Created cover_background_2 = ImageStim(__class__=<class 'psychopy.visual.image.ImageStim'>, anchor=('center', 'center'), autoLog=True, color=array([1., 1., 1.]), colorSpace='rgb', contrast=1.0, depth=-2.0, flipHoriz=False, flipVert=False, image='sin', interpolate=True, mask=None, maskParams=None, name='cover_background_2', opacity=1.0, ori=0.0, pos=array([ 0.   , -0.015]), size=array([0.26, 0.22]), texRes=128.0, units='height', win=Window(...))
10.3459 	EXP 	Created prac_centerImg = ImageStim(__class__=<class 'psychopy.visual.image.ImageStim'>, anchor=('center', 'center'), autoLog=True, color=array([1., 1., 1.]), colorSpace='rgb', contrast=1.0, depth=-3.0, flipHoriz=False, flipVert=False, image='sin', interpolate=True, mask=None, maskParams=None, name='prac_centerImg', opacity=1.0, ori=0.0, pos=array([0., 0.]), size=array([1., 1.]), texRes=512, units='height', win=Window(...))
10.3501 	EXP 	Created prac_rightImg1 = ImageStim(__class__=<class 'psychopy.visual.image.ImageStim'>, anchor=('center', 'center'), autoLog=True, color=array([1., 1., 1.]), colorSpace='rgb', contrast=1.0, depth=-4.0, flipHoriz=False, flipVert=False, image='sin', interpolate=True, mask=None, maskParams=None, name='prac_rightImg1', opacity=1.0, ori=0.0, pos=array([0., 0.]), size=array([1., 1.]), texRes=512, units='height', win=Window(...))
10.3545 	EXP 	Created prac_rightImg2 = ImageStim(__class__=<class 'psychopy.visual.image.ImageStim'>, anchor=('center', 'center'), autoLog=True, color=array([1., 1., 1.]), colorSpace='rgb', contrast=1.0, depth=-5.0, flipHoriz=False, flipVert=False, image='sin', interpolate=True, mask=None, maskParams=None, name='prac_rightImg2', opacity=1.0, ori=0.0, pos=array([0., 0.]), size=array([1., 1.]), texRes=512, units='height', win=Window(...))
10.3596 	EXP 	Created prac_leftImg1 = ImageStim(__class__=<class 'psychopy.visual.image.ImageStim'>, anchor=('center', 'center'), autoLog=True, color=array([1., 1., 1.]), colorSpace='rgb', contrast=1.0, depth=-6.0, flipHoriz=False, flipVert=False, image='sin', interpolate=True, mask=None, maskParams=None, name='prac_leftImg1', opacity=1.0, ori=0.0, pos=array([0., 0.]), size=array([1., 1.]), texRes=512, units='height', win=Window(...))
10.3645 	EXP 	Created prac_leftImg2 = ImageStim(__class__=<class 'psychopy.visual.image.ImageStim'>, anchor=('center', 'center'), autoLog=True, color=array([1., 1., 1.]), colorSpace='rgb', contrast=1.0, depth=-7.0, flipHoriz=False, flipVert=False, image='sin', interpolate=True, mask=None, maskParams=None, name='prac_leftImg2', opacity=1.0, ori=0.0, pos=array([0., 0.]), size=array([1., 1.]), texRes=512, units='height', win=Window(...))
10.3689 	EXP 	Created prac_fixImg = ImageStim(__class__=<class 'psychopy.visual.image.ImageStim'>, anchor=('center', 'center'), autoLog=True, color=array([1., 1., 1.]), colorSpace='rgb', contrast=1.0, depth=-8.0, flipHoriz=False, flipVert=False, image='sin', interpolate=True, mask=None, maskParams=None, name='prac_fixImg', opacity=1.0, ori=0.0, pos=array([ 0.   , -0.015]), size=array([0.26, 0.22]), texRes=512, units='height', win=Window(...))
10.3690 	INFO 	keyboard.Keyboard is using iohub backend.
10.3702 	EXP 	Created prac_blockFeed_text = TextStim(__class__=<class 'psychopy.visual.text.TextStim'>, alignHoriz=method-wrapper(...), alignText='center', alignVert=method-wrapper(...), anchorHoriz='center', anchorVert='center', antialias=True, autoDraw=False, autoLog=True, bold=False, color=array([1., 1., 1.]), colorSpace='rgb', contrast=1.0, depth=-1.0, flipHoriz=False, flipVert=False, font='Arial', fontFiles=[], height=0.04, italic=False, languageStyle='LTR', name='prac_blockFeed_text', opacity=1.0, ori=0, pos=array([0., 0.]), rgb=UNKNOWN, text='', units='height', win=Window(...), wrapWidth=1.3)
10.3740 	EXP 	Created prac_pressContinue = TextStim(__class__=<class 'psychopy.visual.text.TextStim'>, alignHoriz=method-wrapper(...), alignText='center', alignVert=method-wrapper(...), anchorHoriz='center', anchorVert='center', antialias=True, autoDraw=False, autoLog=True, bold=False, color=array([1., 1., 1.]), colorSpace='rgb', contrast=1.0, depth=-2.0, flipHoriz=False, flipVert=False, font='Arial', fontFiles=[], height=0.04, italic=False, languageStyle='LTR', name='prac_pressContinue', opacity=1.0, ori=0.0, pos=array([ 0. , -0.3]), rgb=UNKNOWN, text='Press the right key', units='height', win=Window(...), wrapWidth=1.3)
10.3740 	INFO 	keyboard.Keyboard is using iohub backend.
10.3758 	EXP 	Created task_blockText = TextStim(__class__=<class 'psychopy.visual.text.TextStim'>, alignHoriz=method-wrapper(...), alignText='center', alignVert=method-wrapper(...), anchorHoriz='center', anchorVert='center', antialias=True, autoDraw=False, autoLog=True, bold=False, color=array([1., 1., 1.]), colorSpace='rgb', contrast=1.0, depth=-1.0, flipHoriz=False, flipVert=False, font='Arial', fontFiles=[], height=0.06, italic=False, languageStyle='LTR', name='task_blockText', opacity=1.0, ori=0.0, pos=array([0. , 0.3]), rgb=UNKNOWN, text='', units='height', win=Window(...), wrapWidth=1.3)
10.3870 	EXP 	Created task_blockReminders_text = TextStim(__class__=<class 'psychopy.visual.text.TextStim'>, alignHoriz=method-wrapper(...), alignText='center', alignVert=method-wrapper(...), anchorHoriz='center', anchorVert='center', antialias=True, autoDraw=False, autoLog=True, bold=False, color=array([1., 1., 1.]), colorSpace='rgb', contrast=1.0, depth=-2.0, flipHoriz=False, flipVert=False, font='Arial', fontFiles=[], height=0.04, italic=False, languageStyle='LTR', name='task_blockReminders_text', opacity=1.0, ori=0, pos=array([0., 0.]), rgb=UNKNOWN, text=str(...), units='height', win=Window(...), wrapWidth=1.3)
10.3871 	INFO 	keyboard.Keyboard is using iohub backend.
10.3918 	EXP 	Created initFixation_img = ImageStim(__class__=<class 'psychopy.visual.image.ImageStim'>, anchor=('center', 'center'), autoLog=True, color=array([1., 1., 1.]), colorSpace='rgb', contrast=1.0, depth=0.0, flipHoriz=False, flipVert=False, image='sin', interpolate=True, mask=None, maskParams=None, name='initFixation_img', opacity=1.0, ori=0.0, pos=array([ 0.   , -0.015]), size=array([0.26, 0.22]), texRes=512, units='height', win=Window(...))
10.3963 	EXP 	Created bigFace_2 = ImageStim(__class__=<class 'psychopy.visual.image.ImageStim'>, anchor=('center', 'center'), autoLog=True, color=array([1., 1., 1.]), colorSpace='rgb', contrast=1.0, depth=-1.0, flipHoriz=False, flipVert=False, image='sin', interpolate=True, mask=None, maskParams=None, name='bigFace_2', opacity=0.85, ori=0.0, pos=array([0., 0.]), size=array([0.4267, 0.3   ]), texRes=128.0, units='height', win=Window(...))
10.4722 	EXP 	Created cover_background = ImageStim(__class__=<class 'psychopy.visual.image.ImageStim'>, anchor=('center', 'center'), autoLog=True, color=array([1., 1., 1.]), colorSpace='rgb', contrast=1.0, depth=-2.0, flipHoriz=False, flipVert=False, image='img/cover_background.png', interpolate=True, mask=None, maskParams=None, name='cover_background', opacity=1.0, ori=0.0, pos=array([ 0.   , -0.015]), size=array([0.26, 0.22]), texRes=128.0, units='height', win=Window(...))
10.4772 	EXP 	Created task_centerImg = ImageStim(__class__=<class 'psychopy.visual.image.ImageStim'>, anchor=('center', 'center'), autoLog=True, color=array([1., 1., 1.]), colorSpace='rgb', contrast=1.0, depth=-3.0, flipHoriz=False, flipVert=False, image='sin', interpolate=True, mask=None, maskParams=None, name='task_centerImg', opacity=1.0, ori=0.0, pos=array([0., 0.]), size=array([1., 1.]), texRes=512, units='height', win=Window(...))
10.4817 	EXP 	Created task_rightImg1 = ImageStim(__class__=<class 'psychopy.visual.image.ImageStim'>, anchor=('center', 'center'), autoLog=True, color=array([1., 1., 1.]), colorSpace='rgb', contrast=1.0, depth=-4.0, flipHoriz=False, flipVert=False, image='sin', interpolate=True, mask=None, maskParams=None, name='task_rightImg1', opacity=1.0, ori=0.0, pos=array([0., 0.]), size=array([1., 1.]), texRes=512, units='height', win=Window(...))
10.4862 	EXP 	Created task_rightImg2 = ImageStim(__class__=<class 'psychopy.visual.image.ImageStim'>, anchor=('center', 'center'), autoLog=True, color=array([1., 1., 1.]), colorSpace='rgb', contrast=1.0, depth=-5.0, flipHoriz=False, flipVert=False, image='sin', interpolate=True, mask=None, maskParams=None, name='task_rightImg2', opacity=1.0, ori=0.0, pos=array([0., 0.]), size=array([1., 1.]), texRes=512, units='height', win=Window(...))
10.4908 	EXP 	Created task_leftImg1 = ImageStim(__class__=<class 'psychopy.visual.image.ImageStim'>, anchor=('center', 'center'), autoLog=True, color=array([1., 1., 1.]), colorSpace='rgb', contrast=1.0, depth=-6.0, flipHoriz=False, flipVert=False, image='sin', interpolate=True, mask=None, maskParams=None, name='task_leftImg1', opacity=1.0, ori=0.0, pos=array([0., 0.]), size=array([1., 1.]), texRes=512, units='height', win=Window(...))
10.4955 	EXP 	Created task_leftImg2 = ImageStim(__class__=<class 'psychopy.visual.image.ImageStim'>, anchor=('center', 'center'), autoLog=True, color=array([1., 1., 1.]), colorSpace='rgb', contrast=1.0, depth=-7.0, flipHoriz=False, flipVert=False, image='sin', interpolate=True, mask=None, maskParams=None, name='task_leftImg2', opacity=1.0, ori=0.0, pos=array([0., 0.]), size=array([1., 1.]), texRes=512, units='height', win=Window(...))
10.5000 	EXP 	Created task_fixImg = ImageStim(__class__=<class 'psychopy.visual.image.ImageStim'>, anchor=('center', 'center'), autoLog=True, color=array([1., 1., 1.]), colorSpace='rgb', contrast=1.0, depth=-8.0, flipHoriz=False, flipVert=False, image='sin', interpolate=True, mask=None, maskParams=None, name='task_fixImg', opacity=1.0, ori=0.0, pos=array([ 0.   , -0.015]), size=array([0.26, 0.22]), texRes=512, units='height', win=Window(...))
10.5000 	INFO 	keyboard.Keyboard is using iohub backend.
10.5019 	EXP 	Created task_blockFeed_text = TextStim(__class__=<class 'psychopy.visual.text.TextStim'>, alignHoriz=method-wrapper(...), alignText='center', alignVert=method-wrapper(...), anchorHoriz='center', anchorVert='center', antialias=True, autoDraw=False, autoLog=True, bold=False, color=array([1., 1., 1.]), colorSpace='rgb', contrast=1.0, depth=-1.0, flipHoriz=False, flipVert=False, font='Arial', fontFiles=[], height=0.12, italic=False, languageStyle='LTR', name='task_blockFeed_text', opacity=1.0, ori=0, pos=array([0. , 0.1]), rgb=UNKNOWN, text='', units='height', win=Window(...), wrapWidth=1.8)
10.5031 	EXP 	Created task_blockFeed_text2 = TextStim(__class__=<class 'psychopy.visual.text.TextStim'>, alignHoriz=method-wrapper(...), alignText='center', alignVert=method-wrapper(...), anchorHoriz='center', anchorVert='center', antialias=True, autoDraw=False, autoLog=True, bold=False, color=array([1., 1., 1.]), colorSpace='rgb', contrast=1.0, depth=-2.0, flipHoriz=False, flipVert=False, font='Arial', fontFiles=[], height=0.04, italic=False, languageStyle='LTR', name='task_blockFeed_text2', opacity=1.0, ori=0, pos=array([ 0. , -0.3]), rgb=UNKNOWN, text='', units='height', win=Window(...), wrapWidth=1.3)
10.5031 	INFO 	keyboard.Keyboard is using iohub backend.
10.5145 	EXP 	Created fix = TextStim(__class__=<class 'psychopy.visual.text.TextStim'>, alignHoriz=method-wrapper(...), alignText='center', alignVert=method-wrapper(...), anchorHoriz='center', anchorVert='center', antialias=True, autoDraw=False, autoLog=True, bold=False, color=array([1., 1., 1.]), colorSpace='rgb', contrast=1.0, depth=0.0, flipHoriz=False, flipVert=False, font='Open Sans', fontFiles=[], height=0.1, italic=False, languageStyle='LTR', name='fix', opacity=1.0, ori=0.0, pos=array([0., 0.]), rgb=UNKNOWN, text='+', units='height', win=Window(...), wrapWidth=1)
10.5376 	EXP 	Created errorNumbers_text_2 = TextStim(__class__=<class 'psychopy.visual.text.TextStim'>, alignHoriz=method-wrapper(...), alignText='center', alignVert=method-wrapper(...), anchorHoriz='center', anchorVert='center', antialias=True, autoDraw=False, autoLog=True, bold=False, color=array([1., 1., 1.]), colorSpace='rgb', contrast=1.0, depth=-1.0, flipHoriz=False, flipVert=False, font='Open Sans', fontFiles=[], height=0.03, italic=False, languageStyle='LTR', name='errorNumbers_text_2', opacity=1.0, ori=0.0, pos=array([0.  , 0.12]), rgb=UNKNOWN, text=str(...), units='height', win=Window(...), wrapWidth=1)
10.5533 	INFO 	keyboard.Keyboard is using iohub backend.
10.5682 	EXP 	Created botherRate_text = TextStim(__class__=<class 'psychopy.visual.text.TextStim'>, alignHoriz=method-wrapper(...), alignText='center', alignVert=method-wrapper(...), anchorHoriz='center', anchorVert='center', antialias=True, autoDraw=False, autoLog=True, bold=False, color=array([1., 1., 1.]), colorSpace='rgb', contrast=1.0, depth=-1.0, flipHoriz=False, flipVert=False, font='Open Sans', fontFiles=[], height=0.03, italic=False, languageStyle='LTR', name='botherRate_text', opacity=1.0, ori=0.0, pos=array([0.  , 0.12]), rgb=UNKNOWN, text=str(...), units='height', win=Window(...), wrapWidth=1)
10.5826 	INFO 	keyboard.Keyboard is using iohub backend.
10.6110 	EXP 	Created instruct_surprise1 = TextStim(__class__=<class 'psychopy.visual.text.TextStim'>, alignHoriz=method-wrapper(...), alignText='center', alignVert=method-wrapper(...), anchorHoriz='center', anchorVert='center', antialias=True, autoDraw=False, autoLog=True, bold=False, color=array([1., 1., 1.]), colorSpace='rgb', contrast=1.0, depth=0.0, flipHoriz=False, flipVert=False, font='Open Sans', fontFiles=[], height=0.04, italic=False, languageStyle='LTR', name='instruct_surprise1', opacity=1.0, ori=0.0, pos=array([0., 0.]), rgb=UNKNOWN, text=str(...), units='height', win=Window(...), wrapWidth=1)
10.6110 	INFO 	keyboard.Keyboard is using iohub backend.
10.6122 	EXP 	Created instructMainTask_text = TextStim(__class__=<class 'psychopy.visual.text.TextStim'>, alignHoriz=method-wrapper(...), alignText='center', alignVert=method-wrapper(...), anchorHoriz='center', anchorVert='center', antialias=True, autoDraw=False, autoLog=True, bold=False, color=array([1., 1., 1.]), colorSpace='rgb', contrast=1.0, depth=0.0, flipHoriz=False, flipVert=False, font='Arial', fontFiles=[], height=0.04, italic=False, languageStyle='LTR', name='instructMainTask_text', opacity=1.0, ori=0, pos=array([0., 0.]), rgb=UNKNOWN, text='', units='height', win=Window(...), wrapWidth=1.3)
10.6122 	INFO 	keyboard.Keyboard is using iohub backend.
10.6154 	EXP 	Created stimulus = ImageStim(__class__=<class 'psychopy.visual.image.ImageStim'>, anchor=('center', 'center'), autoLog=True, color=array([1., 1., 1.]), colorSpace='rgb', contrast=1.0, depth=0.0, flipHoriz=False, flipVert=False, image='sin', interpolate=True, mask=None, maskParams=None, name='stimulus', opacity=1.0, ori=0.0, pos=array([0., 0.]), size=array([0.4267, 0.3   ]), texRes=128.0, units='height', win=Window(...))
10.6260 	EXP 	Created firstQ = TextStim(__class__=<class 'psychopy.visual.text.TextStim'>, alignHoriz=method-wrapper(...), alignText='center', alignVert=method-wrapper(...), anchorHoriz='center', anchorVert='center', antialias=True, autoDraw=False, autoLog=True, bold=False, color=array([1., 1., 1.]), colorSpace='rgb', contrast=1.0, depth=-1.0, flipHoriz=False, flipVert=False, font='Open Sans', fontFiles=[], height=0.025, italic=False, languageStyle='LTR', name='firstQ', opacity=1.0, ori=0.0, pos=array([0. , 0.4]), rgb=UNKNOWN, text='old or new?\n\n', units='height', win=Window(...), wrapWidth=1)
10.6344 	EXP 	window1: mouseVisible = True
10.6542 	DEBUG 	TextBox2 loaded 1 chars with 0 blanks and 1 valid
10.6559 	DEBUG 	TextBox2 loaded 1 chars with 0 blanks and 1 valid
10.6576 	DEBUG 	TextBox2 loaded 1 chars with 0 blanks and 1 valid
10.6592 	DEBUG 	TextBox2 loaded 1 chars with 0 blanks and 1 valid
10.6609 	DEBUG 	TextBox2 loaded 1 chars with 0 blanks and 1 valid
10.6625 	DEBUG 	TextBox2 loaded 1 chars with 0 blanks and 1 valid
10.6640 	DEBUG 	TextBox2 loaded 1 chars with 0 blanks and 1 valid
10.6658 	DEBUG 	TextBox2 loaded 1 chars with 0 blanks and 1 valid
10.6671 	DEBUG 	TextBox2 loaded 1 chars with 0 blanks and 1 valid
10.6685 	DEBUG 	TextBox2 loaded 1 chars with 0 blanks and 1 valid
10.6703 	DEBUG 	TextBox2 loaded 1 chars with 0 blanks and 1 valid
10.6705 	DEBUG 	Uploading Texture Font fontname to graphics card
10.6790 	DEBUG 	Upload of Texture Font fontname complete
10.6965 	DEBUG 	TextBox2 loaded 1 chars with 0 blanks and 1 valid
10.6981 	DEBUG 	TextBox2 loaded 1 chars with 0 blanks and 1 valid
10.6998 	DEBUG 	TextBox2 loaded 1 chars with 0 blanks and 1 valid
10.7015 	DEBUG 	TextBox2 loaded 1 chars with 0 blanks and 1 valid
10.7031 	DEBUG 	TextBox2 loaded 1 chars with 0 blanks and 1 valid
10.7035 	DEBUG 	Uploading Texture Font fontname to graphics card
10.7105 	DEBUG 	Upload of Texture Font fontname complete
10.7284 	DEBUG 	TextBox2 loaded 1 chars with 0 blanks and 1 valid
10.7288 	DEBUG 	Uploading Texture Font fontname to graphics card
10.7365 	DEBUG 	Upload of Texture Font fontname complete
10.7544 	DEBUG 	TextBox2 loaded 1 chars with 0 blanks and 1 valid
10.7547 	DEBUG 	Uploading Texture Font fontname to graphics card
10.7623 	DEBUG 	Upload of Texture Font fontname complete
10.8322 	EXP 	Created first_slider = Slider(__class__=<class 'psychopy.visual.slider.Slider'>, autoDraw=False, autoLog=True, borderColor=None, color=None, colorSpace='rgb', depth=-2, fillColor=None, flip=False, font='Open Sans', granularity=1.0, labelColor=None, labelHeight=0.02, labelWrapWidth=None, labels=list(...), lineColor=None, markerColor=None, name='first_slider', opacity=None, ori=0.0, pos=array([0., 0.]), readOnly=False, self=UNKNOWN, size=array([0.8 , 0.03]), startValue=None, style='rating', styleTweaks=[], ticks=array([1, 2, 3, 4, 5, 6]), units='height', win=Window(...))
10.8355 	EXP 	Created stimulus12_2 = ImageStim(__class__=<class 'psychopy.visual.image.ImageStim'>, anchor=('center', 'center'), autoLog=True, color=array([1., 1., 1.]), colorSpace='rgb', contrast=1.0, depth=0.0, flipHoriz=False, flipVert=False, image='sin', interpolate=True, mask=None, maskParams=None, name='stimulus12_2', opacity=1.0, ori=0.0, pos=array([0. , 0.2]), size=array([0.71116667, 0.5       ]), texRes=128.0, units='height', win=Window(...))
10.8492 	EXP 	Created secondQ_2 = TextStim(__class__=<class 'psychopy.visual.text.TextStim'>, alignHoriz=method-wrapper(...), alignText='center', alignVert=method-wrapper(...), anchorHoriz='center', anchorVert='center', antialias=True, autoDraw=False, autoLog=True, bold=False, color=array([1., 1., 1.]), colorSpace='rgb', contrast=1.0, depth=-1.0, flipHoriz=False, flipVert=False, font='Open Sans', fontFiles=[], height=0.025, italic=False, languageStyle='LTR', name='secondQ_2', opacity=1.0, ori=0.0, pos=array([ 0. , -0.4]), rgb=UNKNOWN, text=str(...), units='height', win=Window(...), wrapWidth=1)
10.8492 	INFO 	keyboard.Keyboard is using iohub backend.
10.8583 	EXP 	Created finishMessage_text = TextStim(__class__=<class 'psychopy.visual.text.TextStim'>, alignHoriz=method-wrapper(...), alignText='center', alignVert=method-wrapper(...), anchorHoriz='center', anchorVert='center', antialias=True, autoDraw=False, autoLog=True, bold=False, color=array([1., 1., 1.]), colorSpace='rgb', contrast=1.0, depth=0.0, flipHoriz=False, flipVert=False, font='Arial', fontFiles=[], height=0.04, italic=False, languageStyle='LTR', name='finishMessage_text', opacity=1.0, ori=0, pos=array([0., 0.]), rgb=UNKNOWN, text='Thank you for your participation!', units='height', win=Window(...), wrapWidth=1.3)
10.8678 	EXP 	textbox_2: autoLog = True
10.8678 	EXP 	textbox_3: autoLog = True
10.8678 	EXP 	first_slider: autoLog = True
10.8678 	EXP 	first_slider: markerPos = None
10.8678 	EXP 	first_slider: styleTweaks = []
10.8678 	EXP 	first_slider: styleTweaks = []
10.8678 	EXP 	first_slider: styleTweaks = []
10.8678 	EXP 	first_slider: styleTweaks = []
10.8678 	EXP 	first_slider: contrast = 1.0
10.8678 	EXP 	first_slider: autoLog = True
10.8678 	EXP 	welcome_text: autoDraw = True
12.8546 	DATA 	Keypress: 8
12.8592 	DEBUG 	TextBox2 loaded 1 chars with 0 blanks and 1 valid
12.8596 	DEBUG 	Uploading Texture Font fontname to graphics card
12.8611 	DEBUG 	Upload of Texture Font fontname complete
12.8671 	EXP 	welcome_text: autoDraw = False
12.8671 	EXP 	instructRight_text: autoDraw = True
12.8671 	EXP 	instructRight_centerImg: autoDraw = True
12.8671 	EXP 	instructRight_rightImg1: autoDraw = True
12.8671 	EXP 	instructRight_leftImg1: autoDraw = True
13.3834 	DATA 	Keypress: 8
13.3958 	EXP 	instructRight_text: autoDraw = False
13.3958 	EXP 	instructRight_centerImg: autoDraw = False
13.3958 	EXP 	instructRight_rightImg1: autoDraw = False
13.3958 	EXP 	instructRight_leftImg1: autoDraw = False
13.3958 	EXP 	instructLeft_text: autoDraw = True
13.3958 	EXP 	instructLeft_centerImg: autoDraw = True
13.3958 	EXP 	instructLeft_rightImg1: autoDraw = True
13.3958 	EXP 	instructLeft_leftImg1: autoDraw = True
13.5473 	DATA 	Keypress: 1
13.5515 	DEBUG 	TextBox2 loaded 1 chars with 0 blanks and 1 valid
13.5518 	DEBUG 	Uploading Texture Font fontname to graphics card
13.5527 	DEBUG 	Upload of Texture Font fontname complete
13.5797 	EXP 	instructLeft_text: autoDraw = False
13.5797 	EXP 	instructLeft_centerImg: autoDraw = False
13.5797 	EXP 	instructLeft_rightImg1: autoDraw = False
13.5797 	EXP 	instructLeft_leftImg1: autoDraw = False
13.5797 	EXP 	instructInconRight_text: autoDraw = True
13.5797 	EXP 	instructIncon_centerImg: autoDraw = True
13.5797 	EXP 	instructIncon_rightImg1: autoDraw = True
13.5797 	EXP 	instructIncon_leftImg1: autoDraw = True
13.7842 	DATA 	Keypress: 8
13.7957 	EXP 	instructInconRight_text: autoDraw = False
13.7957 	EXP 	instructIncon_centerImg: autoDraw = False
13.7957 	EXP 	instructIncon_rightImg1: autoDraw = False
13.7957 	EXP 	instructIncon_leftImg1: autoDraw = False
13.7957 	EXP 	instructInconLeft_text: autoDraw = True
13.7957 	EXP 	instructInconLeft_centerImg: autoDraw = True
13.7957 	EXP 	instructInconLeft_rightImg1: autoDraw = True
13.7957 	EXP 	instructInconLeft_leftImg1: autoDraw = True
13.8816 	DEBUG 	Read csv file with pandas: blockSelect_practice.csv
13.8828 	DEBUG 	Clearing unnamed columns from blockSelect_practice.csv
13.8831 	EXP 	Imported blockSelect_practice.csv as conditions, 1 conditions, 1 params
13.8835 	EXP 	Created sequence: random, trialTypes=1, nReps=0, seed=None
13.8857 	DEBUG 	Read csv file with pandas: blockSelect.csv
13.8865 	DEBUG 	Clearing unnamed columns from blockSelect.csv
13.8868 	EXP 	Imported blockSelect.csv as conditions, 10 conditions, 1 params
13.8872 	EXP 	Created sequence: random, trialTypes=10, nReps=0, seed=None
13.8875 	DATA 	Keypress: 1
13.8941 	EXP 	instructInconLeft_text: autoDraw = False
13.8941 	EXP 	instructInconLeft_centerImg: autoDraw = False
13.8941 	EXP 	instructInconLeft_rightImg1: autoDraw = False
13.8941 	EXP 	instructInconLeft_leftImg1: autoDraw = False
13.8941 	EXP 	fix: autoDraw = True
14.0789 	DATA 	Keypress: 8
14.1626 	DATA 	Keypress: 1
14.3942 	EXP 	fix: autoDraw = False
14.3942 	EXP 	fix: autoDraw = False
14.3942 	EXP 	errorNumbers_text_2: autoDraw = True
14.3942 	EXP 	textbox_2: autoDraw = True
15.1623 	DATA 	Keypress: space
15.1645 	DEBUG 	TextBox2 loaded 1 chars with 0 blanks and 1 valid
15.1667 	DEBUG 	TextBox2 loaded 1 chars with 0 blanks and 1 valid
15.1670 	DEBUG 	Uploading Texture Font fontname to graphics card
15.1679 	DEBUG 	Upload of Texture Font fontname complete
15.1791 	EXP 	errorNumbers_text_2: autoDraw = False
15.1791 	EXP 	textbox_2: autoDraw = False
15.1791 	EXP 	botherRate_text: autoDraw = True
15.1791 	EXP 	textbox_3: autoDraw = True
15.5312 	DATA 	Keypress: space
15.5610 	EXP 	botherRate_text: autoDraw = False
15.5610 	EXP 	textbox_3: autoDraw = False
15.5610 	EXP 	instruct_surprise1: autoDraw = True
16.2024 	DEBUG 	Read excel file with openpyxl: surpriseBlock_select_A.xlsx
16.2033 	EXP 	Imported surpriseBlock_select_A.xlsx as conditions, 2 conditions, 13 params
16.2037 	EXP 	Created sequence: sequential, trialTypes=2, nReps=1, seed=None
16.2041 	EXP 	New trial (rep=0, index=0): {'whichSurpriseBlock': 'half_surp_table1A.csv', 'counterbalance': 'A', 'firstQ': 'old or new?', 'secondQ': 'Does this person seem to judge you negatively?', 'first_labelsO': '["Definitely new", "Probably new", "Maybe new", "Maybe old", "Probably old", "Definitely old"]  ', 'sec_labelsO': '["Definitely yes", "Probably yes", "Maybe yes", "Maybe no", "Probably no", "Definitely no"]  ', 'first_ticksO': [1, 2, 3, 4, 5, 6], 'second_ticksO': [6, 5, 4, 3, 2, 1], 'first_posQ': [0, 0.4], 'first_posScale': [0, 0.2], 'second_posQ': [0, -0.4], 'second_posScale': [0, -0.2], 'taskTextSource': 'In this round, press Right key when the face is OLD and the left key when it is new.\n\nTo get ready, rest your right and left index fingers on the right and left buttons, then press the right button when you are ready to begin.'}
16.2249 	DATA 	Keypress: 8
16.2283 	EXP 	instruct_surprise1: autoDraw = False
16.2283 	EXP 	instructMainTask_text: height = 0.04
16.2283 	EXP 	instructMainTask_text: height = 0.04
16.2283 	EXP 	instructMainTask_text: height = 0.04
16.2283 	EXP 	instructMainTask_text: text = 'In this round, press Right key when the face is OLD and the left key when it is new.\n\nTo get ready, rest your right and left index fingers on the right and left buttons, then press the right button when you are ready to begin.'
16.2283 	EXP 	instructMainTask_text: autoDraw = True
17.0826 	DEBUG 	Read csv file with pandas: half_surp_table1A.csv
17.0843 	DEBUG 	Clearing unnamed columns from half_surp_table1A.csv
17.0879 	EXP 	Imported half_surp_table1A.csv as conditions, 240 conditions, 2 params
17.0896 	EXP 	Created sequence: random, trialTypes=240, nReps=1, seed=None
17.0898 	EXP 	New trial (rep=0, index=0): OrderedDict([('surp_csv_name', 'csv_files/surprise_csv_files/surpriseTable_row154.csv'), ('counterbalance', 'A')])
17.0984 	DEBUG 	Read csv file with pandas: csv_files/surprise_csv_files/surpriseTable_row154.csv
17.0993 	DEBUG 	Clearing unnamed columns from csv_files/surprise_csv_files/surpriseTable_row154.csv
17.0996 	EXP 	Imported csv_files/surprise_csv_files/surpriseTable_row154.csv as conditions, 1 conditions, 2 params
17.0999 	EXP 	Created sequence: random, trialTypes=1, nReps=1, seed=None
17.1002 	EXP 	New trial (rep=0, index=0): OrderedDict([('surpriseFaces', 'img/neutralC/CFD-AM-240-191-N.jpg'), ('new', 0)])
17.4000 	EXP 	window1: mouseVisible = True
17.4046 	DEBUG 	Saving data for face_flanker_v1 ExperimentHandler
17.4062 	INFO 	saved data to C:\Users\kihossei\Documents\GitHub\memory-for-error-dataset\materials\experiments\mfe_final_version\data/_face_flanker_v1_2022-08-07_14h22.23.431.psydat
17.4080 	INFO 	saved data to 'C:\\Users\\kihossei\\Documents\\GitHub\\memory-for-error-dataset\\materials\\experiments\\mfe_final_version\\data/_face_flanker_v1_2022-08-07_14h22.23.431.csv'
