1.1754 	WARNING 	We strongly recommend you activate the PTB sound engine in PsychoPy prefs as the preferred audio engine. Its timing is vastly superior. Your prefs are currently set to use ['sounddevice', 'PTB', 'pyo', 'pygame'] (in that order).
4.0560 	INFO 	Loaded monitor calibration from ['2022_05_31 11:34']
4.0573 	ERROR 	'0.5000, 0.5000, 0.5000' is not a valid rgb color
5.7094 	EXP 	Created window1 = Window(allowGUI=False, allowStencil=False, autoLog=True, backendConf=UNKNOWN, bitsMode=UNKNOWN, blendMode='avg', bpc=(8, 8, 8), color=array([0, 0, 0]), colorSpace='rgb', depthBits=8, fullscr=<method-wrapper '__getattribute__' of attributeSetter object at 0x000001D0EBE04A30>, gamma=None, gammaErrorPolicy='raise', lms=UNKNOWN, monitor=<psychopy.monitors.calibTools.Monitor object at 0x000001D0EDA63310>, multiSample=False, name='window1', numSamples=2, pos=(0, 0), screen=0, size=array([1920, 1080]), stencilBits=0, stereo=False, units='height', useFBO=True, useRetina=False, viewOri=0.0, viewPos=None, viewScale=None, waitBlanking=True, winType='pyglet')
5.7100 	EXP 	window1: mouseVisible = True
5.7101 	EXP 	window1: Attempting to measure frame rate of screen (0) ...
5.7102 	EXP 	window1: recordFrameIntervals = False
5.8751 	EXP 	window1: recordFrameIntervals = True
6.0592 	EXP 	Screen (0) actual frame rate measured at 59.98Hz
6.0594 	EXP 	window1: recordFrameIntervals = False
7.8166 	INFO 	keyboard.Keyboard is using iohub backend.
7.9615 	EXP 	Created welcome_text = TextStim(__class__=<class 'psychopy.visual.text.TextStim'>, alignHoriz=method-wrapper(...), alignText='center', alignVert=method-wrapper(...), anchorHoriz='center', anchorVert='center', antialias=True, autoDraw=False, autoLog=True, bold=False, color=array([1., 1., 1.]), colorSpace='rgb', contrast=1.0, depth=0.0, flipHoriz=False, flipVert=False, font='Arial', fontFiles=[], height=0.04, italic=False, languageStyle='LTR', name='welcome_text', opacity=1.0, ori=0, pos=array([0., 0.]), rgb=UNKNOWN, text=str(...), units='height', win=Window(...), wrapWidth=1.3)
7.9616 	INFO 	keyboard.Keyboard is using iohub backend.
7.9712 	EXP 	Created instructRight_text = TextStim(__class__=<class 'psychopy.visual.text.TextStim'>, alignHoriz=method-wrapper(...), alignText='center', alignVert=method-wrapper(...), anchorHoriz='center', anchorVert='center', antialias=True, autoDraw=False, autoLog=True, bold=False, color=array([1., 1., 1.]), colorSpace='rgb', contrast=1.0, depth=0.0, flipHoriz=False, flipVert=False, font='Arial', fontFiles=[], height=0.04, italic=False, languageStyle='LTR', name='instructRight_text', opacity=1.0, ori=0, pos=array([0., 0.]), rgb=UNKNOWN, text=str(...), units='height', win=Window(...), wrapWidth=1.3)
8.0272 	EXP 	Created instructRight_centerImg = ImageStim(__class__=<class 'psychopy.visual.image.ImageStim'>, anchor=('center', 'center'), autoLog=True, color=array([1., 1., 1.]), colorSpace='rgb', contrast=1.0, depth=-1.0, flipHoriz=False, flipVert=False, image='img/rightArrow.png', interpolate=True, mask=None, maskParams=None, name='instructRight_centerImg', opacity=1.0, ori=0.0, pos=array([ 0. , -0.3]), size=array([0.02, 0.02]), texRes=512, units='height', win=Window(...))
8.0867 	EXP 	Created instructRight_rightImg1 = ImageStim(__class__=<class 'psychopy.visual.image.ImageStim'>, anchor=('center', 'center'), autoLog=True, color=array([1., 1., 1.]), colorSpace='rgb', contrast=1.0, depth=-2.0, flipHoriz=False, flipVert=False, image='img/rightArrow.png', interpolate=True, mask=None, maskParams=None, name='instructRight_rightImg1', opacity=1.0, ori=0.0, pos=array([ 0.03, -0.3 ]), size=array([0.02, 0.02]), texRes=512, units='height', win=Window(...))
8.1365 	EXP 	Created instructRight_leftImg1 = ImageStim(__class__=<class 'psychopy.visual.image.ImageStim'>, anchor=('center', 'center'), autoLog=True, color=array([1., 1., 1.]), colorSpace='rgb', contrast=1.0, depth=-3.0, flipHoriz=False, flipVert=False, image='img/rightArrow.png', interpolate=True, mask=None, maskParams=None, name='instructRight_leftImg1', opacity=1.0, ori=0.0, pos=array([-0.03, -0.3 ]), size=array([0.02, 0.02]), texRes=512, units='height', win=Window(...))
8.1366 	INFO 	keyboard.Keyboard is using iohub backend.
8.1475 	EXP 	Created instructLeft_text = TextStim(__class__=<class 'psychopy.visual.text.TextStim'>, alignHoriz=method-wrapper(...), alignText='center', alignVert=method-wrapper(...), anchorHoriz='center', anchorVert='center', antialias=True, autoDraw=False, autoLog=True, bold=False, color=array([1., 1., 1.]), colorSpace='rgb', contrast=1.0, depth=0.0, flipHoriz=False, flipVert=False, font='Arial', fontFiles=[], height=0.04, italic=False, languageStyle='LTR', name='instructLeft_text', opacity=1.0, ori=0, pos=array([0., 0.]), rgb=UNKNOWN, text=str(...), units='height', win=Window(...), wrapWidth=1.3)
8.1960 	EXP 	Created instructLeft_centerImg = ImageStim(__class__=<class 'psychopy.visual.image.ImageStim'>, anchor=('center', 'center'), autoLog=True, color=array([1., 1., 1.]), colorSpace='rgb', contrast=1.0, depth=-1.0, flipHoriz=False, flipVert=False, image='img/leftArrow.png', interpolate=True, mask=None, maskParams=None, name='instructLeft_centerImg', opacity=1.0, ori=0.0, pos=array([ 0. , -0.3]), size=array([0.02, 0.02]), texRes=512, units='height', win=Window(...))
8.2528 	EXP 	Created instructLeft_rightImg1 = ImageStim(__class__=<class 'psychopy.visual.image.ImageStim'>, anchor=('center', 'center'), autoLog=True, color=array([1., 1., 1.]), colorSpace='rgb', contrast=1.0, depth=-2.0, flipHoriz=False, flipVert=False, image='img/leftArrow.png', interpolate=True, mask=None, maskParams=None, name='instructLeft_rightImg1', opacity=1.0, ori=0.0, pos=array([ 0.03, -0.3 ]), size=array([0.02, 0.02]), texRes=512, units='height', win=Window(...))
8.3071 	EXP 	Created instructLeft_leftImg1 = ImageStim(__class__=<class 'psychopy.visual.image.ImageStim'>, anchor=('center', 'center'), autoLog=True, color=array([1., 1., 1.]), colorSpace='rgb', contrast=1.0, depth=-3.0, flipHoriz=False, flipVert=False, image='img/leftArrow.png', interpolate=True, mask=None, maskParams=None, name='instructLeft_leftImg1', opacity=1.0, ori=0.0, pos=array([-0.03, -0.3 ]), size=array([0.02, 0.02]), texRes=512, units='height', win=Window(...))
8.3071 	INFO 	keyboard.Keyboard is using iohub backend.
8.3339 	EXP 	Created instructInconRight_text = TextStim(__class__=<class 'psychopy.visual.text.TextStim'>, alignHoriz=method-wrapper(...), alignText='center', alignVert=method-wrapper(...), anchorHoriz='center', anchorVert='center', antialias=True, autoDraw=False, autoLog=True, bold=False, color=array([1., 1., 1.]), colorSpace='rgb', contrast=1.0, depth=0.0, flipHoriz=False, flipVert=False, font='Arial', fontFiles=[], height=0.04, italic=False, languageStyle='LTR', name='instructInconRight_text', opacity=1.0, ori=0, pos=array([0., 0.]), rgb=UNKNOWN, text=str(...), units='height', win=Window(...), wrapWidth=1.3)
8.3765 	EXP 	Created instructIncon_centerImg = ImageStim(__class__=<class 'psychopy.visual.image.ImageStim'>, anchor=('center', 'center'), autoLog=True, color=array([1., 1., 1.]), colorSpace='rgb', contrast=1.0, depth=-1.0, flipHoriz=False, flipVert=False, image='img/rightArrow.png', interpolate=True, mask=None, maskParams=None, name='instructIncon_centerImg', opacity=1.0, ori=0.0, pos=array([ 0. , -0.3]), size=array([0.02, 0.02]), texRes=512, units='height', win=Window(...))
8.4286 	EXP 	Created instructIncon_rightImg1 = ImageStim(__class__=<class 'psychopy.visual.image.ImageStim'>, anchor=('center', 'center'), autoLog=True, color=array([1., 1., 1.]), colorSpace='rgb', contrast=1.0, depth=-2.0, flipHoriz=False, flipVert=False, image='img/leftArrow.png', interpolate=True, mask=None, maskParams=None, name='instructIncon_rightImg1', opacity=1.0, ori=0.0, pos=array([ 0.03, -0.3 ]), size=array([0.02, 0.02]), texRes=512, units='height', win=Window(...))
8.4715 	EXP 	Created instructIncon_leftImg1 = ImageStim(__class__=<class 'psychopy.visual.image.ImageStim'>, anchor=('center', 'center'), autoLog=True, color=array([1., 1., 1.]), colorSpace='rgb', contrast=1.0, depth=-3.0, flipHoriz=False, flipVert=False, image='img/leftArrow.png', interpolate=True, mask=None, maskParams=None, name='instructIncon_leftImg1', opacity=1.0, ori=0.0, pos=array([-0.03, -0.3 ]), size=array([0.02, 0.02]), texRes=512, units='height', win=Window(...))
8.4716 	INFO 	keyboard.Keyboard is using iohub backend.
8.4796 	EXP 	Created instructInconLeft_text = TextStim(__class__=<class 'psychopy.visual.text.TextStim'>, alignHoriz=method-wrapper(...), alignText='center', alignVert=method-wrapper(...), anchorHoriz='center', anchorVert='center', antialias=True, autoDraw=False, autoLog=True, bold=False, color=array([1., 1., 1.]), colorSpace='rgb', contrast=1.0, depth=0.0, flipHoriz=False, flipVert=False, font='Arial', fontFiles=[], height=0.04, italic=False, languageStyle='LTR', name='instructInconLeft_text', opacity=1.0, ori=0, pos=array([0., 0.]), rgb=UNKNOWN, text=str(...), units='height', win=Window(...), wrapWidth=1.3)
8.5228 	EXP 	Created instructInconLeft_centerImg = ImageStim(__class__=<class 'psychopy.visual.image.ImageStim'>, anchor=('center', 'center'), autoLog=True, color=array([1., 1., 1.]), colorSpace='rgb', contrast=1.0, depth=-1.0, flipHoriz=False, flipVert=False, image='img/leftArrow.png', interpolate=True, mask=None, maskParams=None, name='instructInconLeft_centerImg', opacity=1.0, ori=0.0, pos=array([ 0. , -0.3]), size=array([0.02, 0.02]), texRes=512, units='height', win=Window(...))
8.5676 	EXP 	Created instructInconLeft_rightImg1 = ImageStim(__class__=<class 'psychopy.visual.image.ImageStim'>, anchor=('center', 'center'), autoLog=True, color=array([1., 1., 1.]), colorSpace='rgb', contrast=1.0, depth=-2.0, flipHoriz=False, flipVert=False, image='img/rightArrow.png', interpolate=True, mask=None, maskParams=None, name='instructInconLeft_rightImg1', opacity=1.0, ori=0.0, pos=array([ 0.03, -0.3 ]), size=array([0.02, 0.02]), texRes=512, units='height', win=Window(...))
8.6149 	EXP 	Created instructInconLeft_leftImg1 = ImageStim(__class__=<class 'psychopy.visual.image.ImageStim'>, anchor=('center', 'center'), autoLog=True, color=array([1., 1., 1.]), colorSpace='rgb', contrast=1.0, depth=-3.0, flipHoriz=False, flipVert=False, image='img/rightArrow.png', interpolate=True, mask=None, maskParams=None, name='instructInconLeft_leftImg1', opacity=1.0, ori=0.0, pos=array([-0.03, -0.3 ]), size=array([0.02, 0.02]), texRes=512, units='height', win=Window(...))
8.6150 	INFO 	keyboard.Keyboard is using iohub backend.
8.6437 	EXP 	Created prac_blockText = TextStim(__class__=<class 'psychopy.visual.text.TextStim'>, alignHoriz=method-wrapper(...), alignText='center', alignVert=method-wrapper(...), anchorHoriz='center', anchorVert='center', antialias=True, autoDraw=False, autoLog=True, bold=False, color=array([1., 1., 1.]), colorSpace='rgb', contrast=1.0, depth=-1.0, flipHoriz=False, flipVert=False, font='Arial', fontFiles=[], height=0.06, italic=False, languageStyle='LTR', name='prac_blockText', opacity=1.0, ori=0.0, pos=array([0. , 0.3]), rgb=UNKNOWN, text='Practice', units='height', win=Window(...), wrapWidth=1.3)
8.6602 	EXP 	Created prac_reminder_text = TextStim(__class__=<class 'psychopy.visual.text.TextStim'>, alignHoriz=method-wrapper(...), alignText='center', alignVert=method-wrapper(...), anchorHoriz='center', anchorVert='center', antialias=True, autoDraw=False, autoLog=True, bold=False, color=array([1., 1., 1.]), colorSpace='rgb', contrast=1.0, depth=-2.0, flipHoriz=False, flipVert=False, font='Arial', fontFiles=[], height=0.04, italic=False, languageStyle='LTR', name='prac_reminder_text', opacity=1.0, ori=0, pos=array([0., 0.]), rgb=UNKNOWN, text=str(...), units='height', win=Window(...), wrapWidth=1.3)
8.6602 	INFO 	keyboard.Keyboard is using iohub backend.
8.6649 	EXP 	Created initFixation_img = ImageStim(__class__=<class 'psychopy.visual.image.ImageStim'>, anchor=('center', 'center'), autoLog=True, color=array([1., 1., 1.]), colorSpace='rgb', contrast=1.0, depth=0.0, flipHoriz=False, flipVert=False, image='sin', interpolate=True, mask=None, maskParams=None, name='initFixation_img', opacity=1.0, ori=0.0, pos=array([ 0.   , -0.015]), size=array([0.26, 0.22]), texRes=512, units='height', win=Window(...))
8.6689 	EXP 	Created bigFace = ImageStim(__class__=<class 'psychopy.visual.image.ImageStim'>, anchor=('center', 'center'), autoLog=True, color=array([1., 1., 1.]), colorSpace='rgb', contrast=1.0, depth=-1.0, flipHoriz=False, flipVert=False, image='sin', interpolate=True, mask=None, maskParams=None, name='bigFace', opacity=0.85, ori=0.0, pos=array([0., 0.]), size=array([0.4267, 0.3   ]), texRes=128.0, units='height', win=Window(...))
8.6737 	EXP 	Created cover_background_2 = ImageStim(__class__=<class 'psychopy.visual.image.ImageStim'>, anchor=('center', 'center'), autoLog=True, color=array([1., 1., 1.]), colorSpace='rgb', contrast=1.0, depth=-2.0, flipHoriz=False, flipVert=False, image='sin', interpolate=True, mask=None, maskParams=None, name='cover_background_2', opacity=1.0, ori=0.0, pos=array([ 0.   , -0.015]), size=array([0.26, 0.22]), texRes=128.0, units='height', win=Window(...))
8.6779 	EXP 	Created prac_centerImg = ImageStim(__class__=<class 'psychopy.visual.image.ImageStim'>, anchor=('center', 'center'), autoLog=True, color=array([1., 1., 1.]), colorSpace='rgb', contrast=1.0, depth=-3.0, flipHoriz=False, flipVert=False, image='sin', interpolate=True, mask=None, maskParams=None, name='prac_centerImg', opacity=1.0, ori=0.0, pos=array([0., 0.]), size=array([1., 1.]), texRes=512, units='height', win=Window(...))
8.6821 	EXP 	Created prac_rightImg1 = ImageStim(__class__=<class 'psychopy.visual.image.ImageStim'>, anchor=('center', 'center'), autoLog=True, color=array([1., 1., 1.]), colorSpace='rgb', contrast=1.0, depth=-4.0, flipHoriz=False, flipVert=False, image='sin', interpolate=True, mask=None, maskParams=None, name='prac_rightImg1', opacity=1.0, ori=0.0, pos=array([0., 0.]), size=array([1., 1.]), texRes=512, units='height', win=Window(...))
8.6867 	EXP 	Created prac_rightImg2 = ImageStim(__class__=<class 'psychopy.visual.image.ImageStim'>, anchor=('center', 'center'), autoLog=True, color=array([1., 1., 1.]), colorSpace='rgb', contrast=1.0, depth=-5.0, flipHoriz=False, flipVert=False, image='sin', interpolate=True, mask=None, maskParams=None, name='prac_rightImg2', opacity=1.0, ori=0.0, pos=array([0., 0.]), size=array([1., 1.]), texRes=512, units='height', win=Window(...))
8.6916 	EXP 	Created prac_leftImg1 = ImageStim(__class__=<class 'psychopy.visual.image.ImageStim'>, anchor=('center', 'center'), autoLog=True, color=array([1., 1., 1.]), colorSpace='rgb', contrast=1.0, depth=-6.0, flipHoriz=False, flipVert=False, image='sin', interpolate=True, mask=None, maskParams=None, name='prac_leftImg1', opacity=1.0, ori=0.0, pos=array([0., 0.]), size=array([1., 1.]), texRes=512, units='height', win=Window(...))
8.6964 	EXP 	Created prac_leftImg2 = ImageStim(__class__=<class 'psychopy.visual.image.ImageStim'>, anchor=('center', 'center'), autoLog=True, color=array([1., 1., 1.]), colorSpace='rgb', contrast=1.0, depth=-7.0, flipHoriz=False, flipVert=False, image='sin', interpolate=True, mask=None, maskParams=None, name='prac_leftImg2', opacity=1.0, ori=0.0, pos=array([0., 0.]), size=array([1., 1.]), texRes=512, units='height', win=Window(...))
8.7012 	EXP 	Created prac_fixImg = ImageStim(__class__=<class 'psychopy.visual.image.ImageStim'>, anchor=('center', 'center'), autoLog=True, color=array([1., 1., 1.]), colorSpace='rgb', contrast=1.0, depth=-8.0, flipHoriz=False, flipVert=False, image='sin', interpolate=True, mask=None, maskParams=None, name='prac_fixImg', opacity=1.0, ori=0.0, pos=array([ 0.   , -0.015]), size=array([0.26, 0.22]), texRes=512, units='height', win=Window(...))
8.7013 	INFO 	keyboard.Keyboard is using iohub backend.
8.7028 	EXP 	Created prac_blockFeed_text = TextStim(__class__=<class 'psychopy.visual.text.TextStim'>, alignHoriz=method-wrapper(...), alignText='center', alignVert=method-wrapper(...), anchorHoriz='center', anchorVert='center', antialias=True, autoDraw=False, autoLog=True, bold=False, color=array([1., 1., 1.]), colorSpace='rgb', contrast=1.0, depth=-1.0, flipHoriz=False, flipVert=False, font='Arial', fontFiles=[], height=0.04, italic=False, languageStyle='LTR', name='prac_blockFeed_text', opacity=1.0, ori=0, pos=array([0., 0.]), rgb=UNKNOWN, text='', units='height', win=Window(...), wrapWidth=1.3)
8.7070 	EXP 	Created prac_pressContinue = TextStim(__class__=<class 'psychopy.visual.text.TextStim'>, alignHoriz=method-wrapper(...), alignText='center', alignVert=method-wrapper(...), anchorHoriz='center', anchorVert='center', antialias=True, autoDraw=False, autoLog=True, bold=False, color=array([1., 1., 1.]), colorSpace='rgb', contrast=1.0, depth=-2.0, flipHoriz=False, flipVert=False, font='Arial', fontFiles=[], height=0.04, italic=False, languageStyle='LTR', name='prac_pressContinue', opacity=1.0, ori=0.0, pos=array([ 0. , -0.3]), rgb=UNKNOWN, text='Press the right key', units='height', win=Window(...), wrapWidth=1.3)
8.7070 	INFO 	keyboard.Keyboard is using iohub backend.
8.7083 	EXP 	Created task_blockText = TextStim(__class__=<class 'psychopy.visual.text.TextStim'>, alignHoriz=method-wrapper(...), alignText='center', alignVert=method-wrapper(...), anchorHoriz='center', anchorVert='center', antialias=True, autoDraw=False, autoLog=True, bold=False, color=array([1., 1., 1.]), colorSpace='rgb', contrast=1.0, depth=-1.0, flipHoriz=False, flipVert=False, font='Arial', fontFiles=[], height=0.06, italic=False, languageStyle='LTR', name='task_blockText', opacity=1.0, ori=0.0, pos=array([0. , 0.3]), rgb=UNKNOWN, text='', units='height', win=Window(...), wrapWidth=1.3)
8.7197 	EXP 	Created task_blockReminders_text = TextStim(__class__=<class 'psychopy.visual.text.TextStim'>, alignHoriz=method-wrapper(...), alignText='center', alignVert=method-wrapper(...), anchorHoriz='center', anchorVert='center', antialias=True, autoDraw=False, autoLog=True, bold=False, color=array([1., 1., 1.]), colorSpace='rgb', contrast=1.0, depth=-2.0, flipHoriz=False, flipVert=False, font='Arial', fontFiles=[], height=0.04, italic=False, languageStyle='LTR', name='task_blockReminders_text', opacity=1.0, ori=0, pos=array([0., 0.]), rgb=UNKNOWN, text=str(...), units='height', win=Window(...), wrapWidth=1.3)
8.7197 	INFO 	keyboard.Keyboard is using iohub backend.
8.7247 	EXP 	Created initFixation_img = ImageStim(__class__=<class 'psychopy.visual.image.ImageStim'>, anchor=('center', 'center'), autoLog=True, color=array([1., 1., 1.]), colorSpace='rgb', contrast=1.0, depth=0.0, flipHoriz=False, flipVert=False, image='sin', interpolate=True, mask=None, maskParams=None, name='initFixation_img', opacity=1.0, ori=0.0, pos=array([ 0.   , -0.015]), size=array([0.26, 0.22]), texRes=512, units='height', win=Window(...))
8.7292 	EXP 	Created bigFace_2 = ImageStim(__class__=<class 'psychopy.visual.image.ImageStim'>, anchor=('center', 'center'), autoLog=True, color=array([1., 1., 1.]), colorSpace='rgb', contrast=1.0, depth=-1.0, flipHoriz=False, flipVert=False, image='sin', interpolate=True, mask=None, maskParams=None, name='bigFace_2', opacity=0.85, ori=0.0, pos=array([0., 0.]), size=array([0.4267, 0.3   ]), texRes=128.0, units='height', win=Window(...))
8.7898 	EXP 	Created cover_background = ImageStim(__class__=<class 'psychopy.visual.image.ImageStim'>, anchor=('center', 'center'), autoLog=True, color=array([1., 1., 1.]), colorSpace='rgb', contrast=1.0, depth=-2.0, flipHoriz=False, flipVert=False, image='img/cover_background.png', interpolate=True, mask=None, maskParams=None, name='cover_background', opacity=1.0, ori=0.0, pos=array([ 0.   , -0.015]), size=array([0.26, 0.22]), texRes=128.0, units='height', win=Window(...))
8.7949 	EXP 	Created task_centerImg = ImageStim(__class__=<class 'psychopy.visual.image.ImageStim'>, anchor=('center', 'center'), autoLog=True, color=array([1., 1., 1.]), colorSpace='rgb', contrast=1.0, depth=-3.0, flipHoriz=False, flipVert=False, image='sin', interpolate=True, mask=None, maskParams=None, name='task_centerImg', opacity=1.0, ori=0.0, pos=array([0., 0.]), size=array([1., 1.]), texRes=512, units='height', win=Window(...))
8.7993 	EXP 	Created task_rightImg1 = ImageStim(__class__=<class 'psychopy.visual.image.ImageStim'>, anchor=('center', 'center'), autoLog=True, color=array([1., 1., 1.]), colorSpace='rgb', contrast=1.0, depth=-4.0, flipHoriz=False, flipVert=False, image='sin', interpolate=True, mask=None, maskParams=None, name='task_rightImg1', opacity=1.0, ori=0.0, pos=array([0., 0.]), size=array([1., 1.]), texRes=512, units='height', win=Window(...))
8.8040 	EXP 	Created task_rightImg2 = ImageStim(__class__=<class 'psychopy.visual.image.ImageStim'>, anchor=('center', 'center'), autoLog=True, color=array([1., 1., 1.]), colorSpace='rgb', contrast=1.0, depth=-5.0, flipHoriz=False, flipVert=False, image='sin', interpolate=True, mask=None, maskParams=None, name='task_rightImg2', opacity=1.0, ori=0.0, pos=array([0., 0.]), size=array([1., 1.]), texRes=512, units='height', win=Window(...))
8.8086 	EXP 	Created task_leftImg1 = ImageStim(__class__=<class 'psychopy.visual.image.ImageStim'>, anchor=('center', 'center'), autoLog=True, color=array([1., 1., 1.]), colorSpace='rgb', contrast=1.0, depth=-6.0, flipHoriz=False, flipVert=False, image='sin', interpolate=True, mask=None, maskParams=None, name='task_leftImg1', opacity=1.0, ori=0.0, pos=array([0., 0.]), size=array([1., 1.]), texRes=512, units='height', win=Window(...))
8.8138 	EXP 	Created task_leftImg2 = ImageStim(__class__=<class 'psychopy.visual.image.ImageStim'>, anchor=('center', 'center'), autoLog=True, color=array([1., 1., 1.]), colorSpace='rgb', contrast=1.0, depth=-7.0, flipHoriz=False, flipVert=False, image='sin', interpolate=True, mask=None, maskParams=None, name='task_leftImg2', opacity=1.0, ori=0.0, pos=array([0., 0.]), size=array([1., 1.]), texRes=512, units='height', win=Window(...))
8.8183 	EXP 	Created task_fixImg = ImageStim(__class__=<class 'psychopy.visual.image.ImageStim'>, anchor=('center', 'center'), autoLog=True, color=array([1., 1., 1.]), colorSpace='rgb', contrast=1.0, depth=-8.0, flipHoriz=False, flipVert=False, image='sin', interpolate=True, mask=None, maskParams=None, name='task_fixImg', opacity=1.0, ori=0.0, pos=array([ 0.   , -0.015]), size=array([0.26, 0.22]), texRes=512, units='height', win=Window(...))
8.8183 	INFO 	keyboard.Keyboard is using iohub backend.
8.8202 	EXP 	Created task_blockFeed_text = TextStim(__class__=<class 'psychopy.visual.text.TextStim'>, alignHoriz=method-wrapper(...), alignText='center', alignVert=method-wrapper(...), anchorHoriz='center', anchorVert='center', antialias=True, autoDraw=False, autoLog=True, bold=False, color=array([1., 1., 1.]), colorSpace='rgb', contrast=1.0, depth=-1.0, flipHoriz=False, flipVert=False, font='Arial', fontFiles=[], height=0.12, italic=False, languageStyle='LTR', name='task_blockFeed_text', opacity=1.0, ori=0, pos=array([0. , 0.1]), rgb=UNKNOWN, text='', units='height', win=Window(...), wrapWidth=1.8)
8.8214 	EXP 	Created task_blockFeed_text2 = TextStim(__class__=<class 'psychopy.visual.text.TextStim'>, alignHoriz=method-wrapper(...), alignText='center', alignVert=method-wrapper(...), anchorHoriz='center', anchorVert='center', antialias=True, autoDraw=False, autoLog=True, bold=False, color=array([1., 1., 1.]), colorSpace='rgb', contrast=1.0, depth=-2.0, flipHoriz=False, flipVert=False, font='Arial', fontFiles=[], height=0.04, italic=False, languageStyle='LTR', name='task_blockFeed_text2', opacity=1.0, ori=0, pos=array([ 0. , -0.3]), rgb=UNKNOWN, text='', units='height', win=Window(...), wrapWidth=1.3)
8.8215 	INFO 	keyboard.Keyboard is using iohub backend.
8.8331 	EXP 	Created fix = TextStim(__class__=<class 'psychopy.visual.text.TextStim'>, alignHoriz=method-wrapper(...), alignText='center', alignVert=method-wrapper(...), anchorHoriz='center', anchorVert='center', antialias=True, autoDraw=False, autoLog=True, bold=False, color=array([1., 1., 1.]), colorSpace='rgb', contrast=1.0, depth=0.0, flipHoriz=False, flipVert=False, font='Open Sans', fontFiles=[], height=0.1, italic=False, languageStyle='LTR', name='fix', opacity=1.0, ori=0.0, pos=array([0., 0.]), rgb=UNKNOWN, text='+', units='height', win=Window(...), wrapWidth=1)
8.8589 	EXP 	Created errorNumbers_text_2 = TextStim(__class__=<class 'psychopy.visual.text.TextStim'>, alignHoriz=method-wrapper(...), alignText='center', alignVert=method-wrapper(...), anchorHoriz='center', anchorVert='center', antialias=True, autoDraw=False, autoLog=True, bold=False, color=array([1., 1., 1.]), colorSpace='rgb', contrast=1.0, depth=-1.0, flipHoriz=False, flipVert=False, font='Open Sans', fontFiles=[], height=0.03, italic=False, languageStyle='LTR', name='errorNumbers_text_2', opacity=1.0, ori=0.0, pos=array([0.  , 0.12]), rgb=UNKNOWN, text=str(...), units='height', win=Window(...), wrapWidth=1)
8.8727 	INFO 	keyboard.Keyboard is using iohub backend.
8.8884 	EXP 	Created botherRate_text = TextStim(__class__=<class 'psychopy.visual.text.TextStim'>, alignHoriz=method-wrapper(...), alignText='center', alignVert=method-wrapper(...), anchorHoriz='center', anchorVert='center', antialias=True, autoDraw=False, autoLog=True, bold=False, color=array([1., 1., 1.]), colorSpace='rgb', contrast=1.0, depth=-1.0, flipHoriz=False, flipVert=False, font='Open Sans', fontFiles=[], height=0.03, italic=False, languageStyle='LTR', name='botherRate_text', opacity=1.0, ori=0.0, pos=array([0.  , 0.12]), rgb=UNKNOWN, text=str(...), units='height', win=Window(...), wrapWidth=1)
8.9013 	INFO 	keyboard.Keyboard is using iohub backend.
8.9324 	EXP 	Created instruct_surprise1 = TextStim(__class__=<class 'psychopy.visual.text.TextStim'>, alignHoriz=method-wrapper(...), alignText='center', alignVert=method-wrapper(...), anchorHoriz='center', anchorVert='center', antialias=True, autoDraw=False, autoLog=True, bold=False, color=array([1., 1., 1.]), colorSpace='rgb', contrast=1.0, depth=0.0, flipHoriz=False, flipVert=False, font='Open Sans', fontFiles=[], height=0.04, italic=False, languageStyle='LTR', name='instruct_surprise1', opacity=1.0, ori=0.0, pos=array([0., 0.]), rgb=UNKNOWN, text=str(...), units='height', win=Window(...), wrapWidth=1)
8.9325 	INFO 	keyboard.Keyboard is using iohub backend.
8.9337 	EXP 	Created instructMainTask_text = TextStim(__class__=<class 'psychopy.visual.text.TextStim'>, alignHoriz=method-wrapper(...), alignText='center', alignVert=method-wrapper(...), anchorHoriz='center', anchorVert='center', antialias=True, autoDraw=False, autoLog=True, bold=False, color=array([1., 1., 1.]), colorSpace='rgb', contrast=1.0, depth=0.0, flipHoriz=False, flipVert=False, font='Arial', fontFiles=[], height=0.04, italic=False, languageStyle='LTR', name='instructMainTask_text', opacity=1.0, ori=0, pos=array([0., 0.]), rgb=UNKNOWN, text='', units='height', win=Window(...), wrapWidth=1.3)
8.9338 	INFO 	keyboard.Keyboard is using iohub backend.
8.9369 	EXP 	Created stimulus = ImageStim(__class__=<class 'psychopy.visual.image.ImageStim'>, anchor=('center', 'center'), autoLog=True, color=array([1., 1., 1.]), colorSpace='rgb', contrast=1.0, depth=0.0, flipHoriz=False, flipVert=False, image='sin', interpolate=True, mask=None, maskParams=None, name='stimulus', opacity=1.0, ori=0.0, pos=array([0. , 0.2]), size=array([0.71116667, 0.5       ]), texRes=128.0, units='height', win=Window(...))
8.9389 	EXP 	Created instructsurpA1_right = TextStim(__class__=<class 'psychopy.visual.text.TextStim'>, alignHoriz=method-wrapper(...), alignText='center', alignVert=method-wrapper(...), anchorHoriz='center', anchorVert='center', antialias=True, autoDraw=False, autoLog=True, bold=False, color=array([1., 1., 1.]), colorSpace='rgb', contrast=1.0, depth=-1.0, flipHoriz=False, flipVert=False, font='Open Sans', fontFiles=[], height=0.025, italic=False, languageStyle='LTR', name='instructsurpA1_right', opacity=1.0, ori=0.0, pos=array([0., 0.]), rgb=UNKNOWN, text='', units='height', win=Window(...), wrapWidth=1)
8.9401 	EXP 	Created instructsurpA2_left = TextStim(__class__=<class 'psychopy.visual.text.TextStim'>, alignHoriz=method-wrapper(...), alignText='center', alignVert=method-wrapper(...), anchorHoriz='center', anchorVert='center', antialias=True, autoDraw=False, autoLog=True, bold=False, color=array([1., 1., 1.]), colorSpace='rgb', contrast=1.0, depth=-2.0, flipHoriz=False, flipVert=False, font='Open Sans', fontFiles=[], height=0.025, italic=False, languageStyle='LTR', name='instructsurpA2_left', opacity=1.0, ori=0.0, pos=array([-0.6 , -0.03]), rgb=UNKNOWN, text='', units='height', win=Window(...), wrapWidth=1)
8.9486 	EXP 	window1: mouseVisible = True
8.9665 	DEBUG 	TextBox2 loaded 1 chars with 0 blanks and 1 valid
8.9677 	DEBUG 	TextBox2 loaded 1 chars with 0 blanks and 1 valid
8.9691 	DEBUG 	TextBox2 loaded 1 chars with 0 blanks and 1 valid
8.9702 	DEBUG 	TextBox2 loaded 1 chars with 0 blanks and 1 valid
8.9714 	DEBUG 	TextBox2 loaded 1 chars with 0 blanks and 1 valid
8.9727 	DEBUG 	TextBox2 loaded 1 chars with 0 blanks and 1 valid
8.9738 	DEBUG 	TextBox2 loaded 1 chars with 0 blanks and 1 valid
8.9751 	DEBUG 	TextBox2 loaded 1 chars with 0 blanks and 1 valid
8.9760 	DEBUG 	TextBox2 loaded 1 chars with 0 blanks and 1 valid
8.9770 	DEBUG 	TextBox2 loaded 1 chars with 0 blanks and 1 valid
8.9783 	DEBUG 	TextBox2 loaded 1 chars with 0 blanks and 1 valid
8.9786 	DEBUG 	Uploading Texture Font fontname to graphics card
8.9857 	DEBUG 	Upload of Texture Font fontname complete
9.0011 	DEBUG 	TextBox2 loaded 1 chars with 0 blanks and 1 valid
9.0024 	DEBUG 	TextBox2 loaded 1 chars with 0 blanks and 1 valid
9.0037 	DEBUG 	TextBox2 loaded 1 chars with 0 blanks and 1 valid
9.0050 	DEBUG 	TextBox2 loaded 1 chars with 0 blanks and 1 valid
9.0062 	DEBUG 	TextBox2 loaded 1 chars with 0 blanks and 1 valid
9.0065 	DEBUG 	Uploading Texture Font fontname to graphics card
9.0130 	DEBUG 	Upload of Texture Font fontname complete
9.0286 	DEBUG 	TextBox2 loaded 1 chars with 0 blanks and 1 valid
9.0289 	DEBUG 	Uploading Texture Font fontname to graphics card
9.0345 	DEBUG 	Upload of Texture Font fontname complete
9.0499 	DEBUG 	TextBox2 loaded 1 chars with 0 blanks and 1 valid
9.0502 	DEBUG 	Uploading Texture Font fontname to graphics card
9.0561 	DEBUG 	Upload of Texture Font fontname complete
9.1242 	EXP 	Created memory_slider = Slider(__class__=<class 'psychopy.visual.slider.Slider'>, autoDraw=False, autoLog=True, borderColor=None, color=None, colorSpace='rgb', depth=-3, fillColor=None, flip=False, font='Open Sans', granularity=0.0, labelColor=None, labelHeight=0.02, labelWrapWidth=None, labels=list(...), lineColor=None, markerColor=None, name='memory_slider', opacity=None, ori=0.0, pos=array([ 0. , -0.2]), readOnly=False, self=UNKNOWN, size=array([0.8 , 0.03]), startValue=None, style='rating', styleTweaks=[], ticks=array([1, 2, 3, 4, 5, 6]), units='height', win=Window(...))
9.1277 	EXP 	Created stimulus12 = ImageStim(__class__=<class 'psychopy.visual.image.ImageStim'>, anchor=('center', 'center'), autoLog=True, color=array([1., 1., 1.]), colorSpace='rgb', contrast=1.0, depth=0.0, flipHoriz=False, flipVert=False, image='sin', interpolate=True, mask=None, maskParams=None, name='stimulus12', opacity=1.0, ori=0.0, pos=array([0. , 0.2]), size=array([0.71116667, 0.5       ]), texRes=128.0, units='height', win=Window(...))
9.1288 	EXP 	Created instructsurpA1_right_2 = TextStim(__class__=<class 'psychopy.visual.text.TextStim'>, alignHoriz=method-wrapper(...), alignText='center', alignVert=method-wrapper(...), anchorHoriz='center', anchorVert='center', antialias=True, autoDraw=False, autoLog=True, bold=False, color=array([1., 1., 1.]), colorSpace='rgb', contrast=1.0, depth=-1.0, flipHoriz=False, flipVert=False, font='Open Sans', fontFiles=[], height=0.025, italic=False, languageStyle='LTR', name='instructsurpA1_right_2', opacity=1.0, ori=0.0, pos=array([0., 0.]), rgb=UNKNOWN, text='', units='height', win=Window(...), wrapWidth=1)
9.1299 	EXP 	Created instructsurpA2_left_2 = TextStim(__class__=<class 'psychopy.visual.text.TextStim'>, alignHoriz=method-wrapper(...), alignText='center', alignVert=method-wrapper(...), anchorHoriz='center', anchorVert='center', antialias=True, autoDraw=False, autoLog=True, bold=False, color=array([1., 1., 1.]), colorSpace='rgb', contrast=1.0, depth=-2.0, flipHoriz=False, flipVert=False, font='Open Sans', fontFiles=[], height=0.025, italic=False, languageStyle='LTR', name='instructsurpA2_left_2', opacity=1.0, ori=0.0, pos=array([-0.6 , -0.03]), rgb=UNKNOWN, text='', units='height', win=Window(...), wrapWidth=1)
9.1300 	INFO 	keyboard.Keyboard is using iohub backend.
9.1412 	EXP 	Created instruct_surprise1_2 = TextStim(__class__=<class 'psychopy.visual.text.TextStim'>, alignHoriz=method-wrapper(...), alignText='center', alignVert=method-wrapper(...), anchorHoriz='center', anchorVert='center', antialias=True, autoDraw=False, autoLog=True, bold=False, color=array([1., 1., 1.]), colorSpace='rgb', contrast=1.0, depth=0.0, flipHoriz=False, flipVert=False, font='Open Sans', fontFiles=[], height=0.04, italic=False, languageStyle='LTR', name='instruct_surprise1_2', opacity=1.0, ori=0.0, pos=array([0., 0.]), rgb=UNKNOWN, text=str(...), units='height', win=Window(...), wrapWidth=1)
9.1413 	INFO 	keyboard.Keyboard is using iohub backend.
9.1429 	EXP 	Created instructMainTask_text_2 = TextStim(__class__=<class 'psychopy.visual.text.TextStim'>, alignHoriz=method-wrapper(...), alignText='center', alignVert=method-wrapper(...), anchorHoriz='center', anchorVert='center', antialias=True, autoDraw=False, autoLog=True, bold=False, color=array([1., 1., 1.]), colorSpace='rgb', contrast=1.0, depth=0.0, flipHoriz=False, flipVert=False, font='Arial', fontFiles=[], height=0.04, italic=False, languageStyle='LTR', name='instructMainTask_text_2', opacity=1.0, ori=0, pos=array([0., 0.]), rgb=UNKNOWN, text='', units='height', win=Window(...), wrapWidth=1.3)
9.1429 	INFO 	keyboard.Keyboard is using iohub backend.
9.1461 	EXP 	Created stimulus12 = ImageStim(__class__=<class 'psychopy.visual.image.ImageStim'>, anchor=('center', 'center'), autoLog=True, color=array([1., 1., 1.]), colorSpace='rgb', contrast=1.0, depth=0.0, flipHoriz=False, flipVert=False, image='sin', interpolate=True, mask=None, maskParams=None, name='stimulus12', opacity=1.0, ori=0.0, pos=array([0. , 0.2]), size=array([0.71116667, 0.5       ]), texRes=128.0, units='height', win=Window(...))
9.1473 	EXP 	Created instructsurpA1_right_2 = TextStim(__class__=<class 'psychopy.visual.text.TextStim'>, alignHoriz=method-wrapper(...), alignText='center', alignVert=method-wrapper(...), anchorHoriz='center', anchorVert='center', antialias=True, autoDraw=False, autoLog=True, bold=False, color=array([1., 1., 1.]), colorSpace='rgb', contrast=1.0, depth=-1.0, flipHoriz=False, flipVert=False, font='Open Sans', fontFiles=[], height=0.025, italic=False, languageStyle='LTR', name='instructsurpA1_right_2', opacity=1.0, ori=0.0, pos=array([0., 0.]), rgb=UNKNOWN, text='', units='height', win=Window(...), wrapWidth=1)
9.1485 	EXP 	Created instructsurpA2_left_2 = TextStim(__class__=<class 'psychopy.visual.text.TextStim'>, alignHoriz=method-wrapper(...), alignText='center', alignVert=method-wrapper(...), anchorHoriz='center', anchorVert='center', antialias=True, autoDraw=False, autoLog=True, bold=False, color=array([1., 1., 1.]), colorSpace='rgb', contrast=1.0, depth=-2.0, flipHoriz=False, flipVert=False, font='Open Sans', fontFiles=[], height=0.025, italic=False, languageStyle='LTR', name='instructsurpA2_left_2', opacity=1.0, ori=0.0, pos=array([-0.6 , -0.03]), rgb=UNKNOWN, text='', units='height', win=Window(...), wrapWidth=1)
9.1485 	INFO 	keyboard.Keyboard is using iohub backend.
9.1667 	EXP 	Created finishMessage_text = TextStim(__class__=<class 'psychopy.visual.text.TextStim'>, alignHoriz=method-wrapper(...), alignText='center', alignVert=method-wrapper(...), anchorHoriz='center', anchorVert='center', antialias=True, autoDraw=False, autoLog=True, bold=False, color=array([1., 1., 1.]), colorSpace='rgb', contrast=1.0, depth=0.0, flipHoriz=False, flipVert=False, font='Arial', fontFiles=[], height=0.04, italic=False, languageStyle='LTR', name='finishMessage_text', opacity=1.0, ori=0, pos=array([0., 0.]), rgb=UNKNOWN, text='Thank you for your participation!', units='height', win=Window(...), wrapWidth=1.3)
9.1758 	EXP 	textbox_2: autoLog = True
9.1758 	EXP 	textbox_3: autoLog = True
9.1758 	EXP 	memory_slider: autoLog = True
9.1758 	EXP 	memory_slider: markerPos = None
9.1758 	EXP 	memory_slider: styleTweaks = []
9.1758 	EXP 	memory_slider: styleTweaks = []
9.1758 	EXP 	memory_slider: styleTweaks = []
9.1758 	EXP 	memory_slider: styleTweaks = []
9.1758 	EXP 	memory_slider: contrast = 1.0
9.1758 	EXP 	memory_slider: autoLog = True
9.1758 	EXP 	welcome_text: autoDraw = True
10.6503 	DATA 	Keypress: 8
10.6575 	DEBUG 	TextBox2 loaded 1 chars with 0 blanks and 1 valid
10.6581 	DEBUG 	Uploading Texture Font fontname to graphics card
10.6596 	DEBUG 	Upload of Texture Font fontname complete
10.7273 	EXP 	welcome_text: autoDraw = False
10.7273 	EXP 	instructRight_text: autoDraw = True
10.7273 	EXP 	instructRight_centerImg: autoDraw = True
10.7273 	EXP 	instructRight_rightImg1: autoDraw = True
10.7273 	EXP 	instructRight_leftImg1: autoDraw = True
11.2516 	DATA 	Keypress: 8
11.2650 	EXP 	instructRight_text: autoDraw = False
11.2650 	EXP 	instructRight_centerImg: autoDraw = False
11.2650 	EXP 	instructRight_rightImg1: autoDraw = False
11.2650 	EXP 	instructRight_leftImg1: autoDraw = False
11.2650 	EXP 	instructLeft_text: autoDraw = True
11.2650 	EXP 	instructLeft_centerImg: autoDraw = True
11.2650 	EXP 	instructLeft_rightImg1: autoDraw = True
11.2650 	EXP 	instructLeft_leftImg1: autoDraw = True
11.4024 	DATA 	Keypress: 1
11.4094 	DEBUG 	TextBox2 loaded 1 chars with 0 blanks and 1 valid
11.4100 	DEBUG 	Uploading Texture Font fontname to graphics card
11.4110 	DEBUG 	Upload of Texture Font fontname complete
11.4337 	EXP 	instructLeft_text: autoDraw = False
11.4337 	EXP 	instructLeft_centerImg: autoDraw = False
11.4337 	EXP 	instructLeft_rightImg1: autoDraw = False
11.4337 	EXP 	instructLeft_leftImg1: autoDraw = False
11.4337 	EXP 	instructInconRight_text: autoDraw = True
11.4337 	EXP 	instructIncon_centerImg: autoDraw = True
11.4337 	EXP 	instructIncon_rightImg1: autoDraw = True
11.4337 	EXP 	instructIncon_leftImg1: autoDraw = True
11.5907 	DATA 	Keypress: 8
11.5987 	EXP 	instructInconRight_text: autoDraw = False
11.5987 	EXP 	instructIncon_centerImg: autoDraw = False
11.5987 	EXP 	instructIncon_rightImg1: autoDraw = False
11.5987 	EXP 	instructIncon_leftImg1: autoDraw = False
11.5987 	EXP 	instructInconLeft_text: autoDraw = True
11.5987 	EXP 	instructInconLeft_centerImg: autoDraw = True
11.5987 	EXP 	instructInconLeft_rightImg1: autoDraw = True
11.5987 	EXP 	instructInconLeft_leftImg1: autoDraw = True
11.7370 	DEBUG 	Read csv file with pandas: blockSelect_practice.csv
11.7393 	DEBUG 	Clearing unnamed columns from blockSelect_practice.csv
11.7399 	EXP 	Imported blockSelect_practice.csv as conditions, 1 conditions, 1 params
11.7406 	EXP 	Created sequence: random, trialTypes=1, nReps=0, seed=None
11.7446 	DEBUG 	Read csv file with pandas: blockSelect.csv
11.7465 	DEBUG 	Clearing unnamed columns from blockSelect.csv
11.7472 	EXP 	Imported blockSelect.csv as conditions, 10 conditions, 1 params
11.7479 	EXP 	Created sequence: random, trialTypes=10, nReps=0, seed=None
11.7485 	DATA 	Keypress: 1
11.7573 	EXP 	instructInconLeft_text: autoDraw = False
11.7573 	EXP 	instructInconLeft_centerImg: autoDraw = False
11.7573 	EXP 	instructInconLeft_rightImg1: autoDraw = False
11.7573 	EXP 	instructInconLeft_leftImg1: autoDraw = False
11.7573 	EXP 	fix: autoDraw = True
11.8670 	DATA 	Keypress: 8
12.0171 	DATA 	Keypress: 1
12.1509 	DATA 	Keypress: 8
12.2694 	EXP 	fix: autoDraw = False
12.2694 	EXP 	errorNumbers_text_2: autoDraw = True
12.2694 	EXP 	textbox_2: autoDraw = True
12.7500 	DATA 	Keypress: space
12.7517 	DEBUG 	TextBox2 loaded 1 chars with 0 blanks and 1 valid
12.7537 	DEBUG 	TextBox2 loaded 1 chars with 0 blanks and 1 valid
12.7543 	DEBUG 	Uploading Texture Font fontname to graphics card
12.7553 	DEBUG 	Upload of Texture Font fontname complete
12.7666 	EXP 	errorNumbers_text_2: autoDraw = False
12.7666 	EXP 	textbox_2: autoDraw = False
12.7666 	EXP 	botherRate_text: autoDraw = True
12.7666 	EXP 	textbox_3: autoDraw = True
13.1192 	DATA 	Keypress: space
13.1325 	EXP 	botherRate_text: autoDraw = False
13.1325 	EXP 	textbox_3: autoDraw = False
13.1325 	EXP 	instruct_surprise1: autoDraw = True
13.8199 	DEBUG 	Read excel file with openpyxl: surpriseBlock_select_A.xlsx
13.8217 	EXP 	Imported surpriseBlock_select_A.xlsx as conditions, 2 conditions, 8 params
13.8226 	EXP 	Created sequence: sequential, trialTypes=2, nReps=1, seed=None
13.8241 	EXP 	New trial (rep=0, index=0): {'whichSurpriseBlock': 'half_surp_table1.csv', 'instructsurpA1': 'OLD - Right Key', 'instructsurpA2': 'NEW - Left Key', 'newKey': 'left', 'taskTextSource': 'In this round, press Right key when the face is OLD and the left key when it is new.\n\nTo get ready, rest your right and left index fingers on the right and left buttons, then press the right button when you are ready to begin.', 'instructfrA1': 'Friendly - Right Key', 'instructfrA2': 'Unfriendly - Left Key', 'FriendlyKey': 'right'}
13.8430 	DATA 	Keypress: 8
13.8464 	EXP 	instruct_surprise1: autoDraw = False
13.8464 	EXP 	instructMainTask_text: height = 0.04
13.8464 	EXP 	instructMainTask_text: height = 0.04
13.8464 	EXP 	instructMainTask_text: height = 0.04
13.8464 	EXP 	instructMainTask_text: text = 'In this round, press Right key when the face is OLD and the left key when it is new.\n\nTo get ready, rest your right and left index fingers on the right and left buttons, then press the right button when you are ready to begin.'
13.8464 	EXP 	instructMainTask_text: autoDraw = True
14.2722 	DATA 	Keypress: 1
14.4047 	DATA 	Keypress: 8
14.4251 	DEBUG 	Read csv file with pandas: half_surp_table1.csv
14.4270 	DEBUG 	Clearing unnamed columns from half_surp_table1.csv
14.4315 	EXP 	Imported half_surp_table1.csv as conditions, 240 conditions, 1 params
14.4352 	EXP 	Created sequence: random, trialTypes=240, nReps=1, seed=None
14.4356 	EXP 	New trial (rep=0, index=0): OrderedDict([('surp_csv_name', 'csv_files/surprise_csv_files/surpriseTable_row283.csv')])
14.4545 	DEBUG 	Read csv file with pandas: csv_files/surprise_csv_files/surpriseTable_row283.csv
14.4561 	DEBUG 	Clearing unnamed columns from csv_files/surprise_csv_files/surpriseTable_row283.csv
14.4568 	EXP 	Imported csv_files/surprise_csv_files/surpriseTable_row283.csv as conditions, 1 conditions, 2 params
14.4576 	EXP 	Created sequence: random, trialTypes=1, nReps=1, seed=None
14.4580 	EXP 	New trial (rep=0, index=0): OrderedDict([('surpriseFaces', 'img/neutralC/CFD-LF-213-079-N.jpg'), ('new', 1)])
14.6155 	EXP 	instructMainTask_text: autoDraw = False
14.6155 	EXP 	stimulus: image = 'img/neutralC/CFD-LF-213-079-N.jpg'
14.6155 	EXP 	instructsurpA1_right: height = 0.025
14.6155 	EXP 	instructsurpA1_right: height = 0.025
14.6155 	EXP 	instructsurpA1_right: height = 0.025
14.6155 	EXP 	instructsurpA1_right: text = 'OLD - Right Key'
14.6155 	EXP 	instructsurpA2_left: height = 0.025
14.6155 	EXP 	instructsurpA2_left: height = 0.025
14.6155 	EXP 	instructsurpA2_left: height = 0.025
14.6155 	EXP 	instructsurpA2_left: text = 'NEW - Left Key'
14.6155 	EXP 	memory_slider: markerPos = None
14.6155 	EXP 	memory_slider: markerPos = None
14.6155 	EXP 	stimulus: autoDraw = True
14.6155 	EXP 	instructsurpA1_right: autoDraw = True
14.6155 	EXP 	instructsurpA2_left: autoDraw = True
14.6155 	EXP 	memory_slider: autoDraw = True
14.6955 	DATA 	Keypress: 8
29.2014 	DATA 	Mouse: Left button down, pos=(865,342)
29.3109 	DATA 	Mouse:  Left button up, pos=(865,342)
29.6960 	DATA 	Mouse: Left button down, pos=(871,331)
29.7172 	EXP 	memory_slider: markerPos = 2.9849537033587694
29.7362 	EXP 	memory_slider: markerPos = 2.9849537033587694
29.7531 	EXP 	memory_slider: markerPos = 2.9849537033587694
29.7719 	EXP 	memory_slider: markerPos = 2.9849537033587694
29.7969 	DATA 	Mouse:  Left button up, pos=(871,331)
29.7997 	EXP 	memory_slider: markerPos = 2.9849537033587694
29.8252 	EXP 	memory_slider: markerPos = 2.9849537033587694
29.9539 	EXP 	stimulus: autoDraw = False
29.9539 	EXP 	instructsurpA1_right: autoDraw = False
29.9539 	EXP 	instructsurpA2_left: autoDraw = False
29.9539 	EXP 	memory_slider: autoDraw = False
29.9539 	EXP 	stimulus12: image = 'img/neutralC/CFD-LF-213-079-N.jpg'
29.9539 	EXP 	instructsurpA1_right_2: height = 0.025
29.9539 	EXP 	instructsurpA1_right_2: height = 0.025
29.9539 	EXP 	instructsurpA1_right_2: height = 0.025
29.9539 	EXP 	instructsurpA1_right_2: text = 'Friendly - Right Key'
29.9539 	EXP 	instructsurpA2_left_2: height = 0.025
29.9539 	EXP 	instructsurpA2_left_2: height = 0.025
29.9539 	EXP 	instructsurpA2_left_2: height = 0.025
29.9539 	EXP 	instructsurpA2_left_2: text = 'Unfriendly - Left Key'
29.9539 	EXP 	stimulus12: autoDraw = True
29.9539 	EXP 	instructsurpA1_right_2: autoDraw = True
29.9539 	EXP 	instructsurpA2_left_2: autoDraw = True
34.5250 	EXP 	New trial (rep=0, index=1): OrderedDict([('surp_csv_name', 'csv_files/surprise_csv_files/surpriseTable_row413.csv')])
34.5401 	DEBUG 	Read csv file with pandas: csv_files/surprise_csv_files/surpriseTable_row413.csv
34.5409 	DEBUG 	Clearing unnamed columns from csv_files/surprise_csv_files/surpriseTable_row413.csv
34.5412 	EXP 	Imported csv_files/surprise_csv_files/surpriseTable_row413.csv as conditions, 1 conditions, 2 params
34.5416 	EXP 	Created sequence: random, trialTypes=1, nReps=1, seed=None
34.5418 	EXP 	New trial (rep=0, index=0): OrderedDict([('surpriseFaces', 'img/neutralC/CFD-LF-252-172-N.jpg'), ('new', 0)])
34.7049 	DATA 	Keypress: 1
34.7352 	EXP 	stimulus12: autoDraw = False
34.7352 	EXP 	instructsurpA1_right_2: autoDraw = False
34.7352 	EXP 	instructsurpA2_left_2: autoDraw = False
34.7352 	EXP 	stimulus: image = 'img/neutralC/CFD-LF-252-172-N.jpg'
34.7352 	EXP 	instructsurpA1_right: text = 'OLD - Right Key'
34.7352 	EXP 	instructsurpA2_left: text = 'NEW - Left Key'
34.7352 	EXP 	memory_slider: markerPos = None
34.7352 	EXP 	memory_slider: markerPos = None
34.7352 	EXP 	stimulus: autoDraw = True
34.7352 	EXP 	instructsurpA1_right: autoDraw = True
34.7352 	EXP 	instructsurpA2_left: autoDraw = True
34.7352 	EXP 	memory_slider: autoDraw = True
36.3149 	DATA 	Mouse: Left button down, pos=(670,452)
36.4409 	DATA 	Mouse:  Left button up, pos=(670,452)
37.3446 	DATA 	Mouse: Left button down, pos=(324,323)
37.4752 	DATA 	Mouse:  Left button up, pos=(324,323)
37.8522 	DATA 	Mouse: Left button down, pos=(475,485)
37.9592 	DATA 	Mouse:  Left button up, pos=(475,485)
38.6104 	DATA 	Mouse: Left button down, pos=(1598,317)
38.6930 	DATA 	Mouse:  Left button up, pos=(1598,317)
39.0275 	DATA 	Mouse: Left button down, pos=(1270,93)
39.1202 	DATA 	Mouse:  Left button up, pos=(1270,93)
39.5278 	DATA 	Mouse: Left button down, pos=(1373,442)
39.6284 	DATA 	Mouse:  Left button up, pos=(1373,442)
39.9784 	DATA 	Mouse: Left button down, pos=(1136,433)
40.0707 	DATA 	Mouse:  Left button up, pos=(1136,433)
41.8972 	DATA 	Mouse: Left button down, pos=(872,323)
41.9136 	EXP 	memory_slider: markerPos = 2.990740755572915
41.9313 	EXP 	memory_slider: markerPos = 2.990740755572915
41.9509 	EXP 	memory_slider: markerPos = 2.990740755572915
41.9701 	EXP 	memory_slider: markerPos = 2.990740755572915
41.9875 	EXP 	memory_slider: markerPos = 2.990740755572915
42.0048 	EXP 	memory_slider: markerPos = 2.990740755572915
42.0226 	EXP 	memory_slider: markerPos = 2.990740755572915
42.0381 	DATA 	Mouse:  Left button up, pos=(872,323)
42.0407 	EXP 	memory_slider: markerPos = 2.990740755572915
42.0586 	EXP 	memory_slider: markerPos = 2.990740755572915
42.1621 	EXP 	stimulus: autoDraw = False
42.1621 	EXP 	instructsurpA1_right: autoDraw = False
42.1621 	EXP 	instructsurpA2_left: autoDraw = False
42.1621 	EXP 	memory_slider: autoDraw = False
42.1621 	EXP 	stimulus12: image = 'img/neutralC/CFD-LF-252-172-N.jpg'
42.1621 	EXP 	instructsurpA1_right_2: text = 'Friendly - Right Key'
42.1621 	EXP 	instructsurpA2_left_2: text = 'Unfriendly - Left Key'
42.1621 	EXP 	stimulus12: autoDraw = True
42.1621 	EXP 	instructsurpA1_right_2: autoDraw = True
42.1621 	EXP 	instructsurpA2_left_2: autoDraw = True
43.7517 	EXP 	New trial (rep=0, index=2): OrderedDict([('surp_csv_name', 'csv_files/surprise_csv_files/surpriseTable_row386.csv')])
43.7658 	DEBUG 	Read csv file with pandas: csv_files/surprise_csv_files/surpriseTable_row386.csv
43.7675 	DEBUG 	Clearing unnamed columns from csv_files/surprise_csv_files/surpriseTable_row386.csv
43.7681 	EXP 	Imported csv_files/surprise_csv_files/surpriseTable_row386.csv as conditions, 1 conditions, 2 params
43.7687 	EXP 	Created sequence: random, trialTypes=1, nReps=1, seed=None
43.7691 	EXP 	New trial (rep=0, index=0): OrderedDict([('surpriseFaces', 'img/neutralC/CFD-WF-238-023-N.jpg'), ('new', 0)])
43.8883 	DATA 	Keypress: 1
43.9056 	EXP 	stimulus12: autoDraw = False
43.9056 	EXP 	instructsurpA1_right_2: autoDraw = False
43.9056 	EXP 	instructsurpA2_left_2: autoDraw = False
43.9056 	EXP 	stimulus: image = 'img/neutralC/CFD-WF-238-023-N.jpg'
43.9056 	EXP 	instructsurpA1_right: text = 'OLD - Right Key'
43.9056 	EXP 	instructsurpA2_left: text = 'NEW - Left Key'
43.9056 	EXP 	memory_slider: markerPos = None
43.9056 	EXP 	memory_slider: markerPos = None
43.9056 	EXP 	stimulus: autoDraw = True
43.9056 	EXP 	instructsurpA1_right: autoDraw = True
43.9056 	EXP 	instructsurpA2_left: autoDraw = True
43.9056 	EXP 	memory_slider: autoDraw = True
45.2279 	DATA 	Mouse: Left button down, pos=(696,366)
45.3615 	DATA 	Mouse:  Left button up, pos=(696,366)
46.3105 	DATA 	Mouse: Left button down, pos=(697,285)
46.4507 	DATA 	Mouse:  Left button up, pos=(697,285)
47.2782 	DATA 	Mouse: Left button down, pos=(699,329)
47.3056 	EXP 	memory_slider: markerPos = 1.9895833767950535
47.3275 	EXP 	memory_slider: markerPos = 1.9895833767950535
47.3474 	EXP 	memory_slider: markerPos = 1.9895833767950535
47.3658 	EXP 	memory_slider: markerPos = 1.9895833767950535
47.3853 	EXP 	memory_slider: markerPos = 1.9895833767950535
47.4045 	EXP 	memory_slider: markerPos = 1.9895833767950535
47.4219 	EXP 	memory_slider: markerPos = 1.9895833767950535
47.4242 	DATA 	Mouse:  Left button up, pos=(699,329)
47.4400 	EXP 	memory_slider: markerPos = 1.9895833767950535
47.5443 	EXP 	stimulus: autoDraw = False
47.5443 	EXP 	instructsurpA1_right: autoDraw = False
47.5443 	EXP 	instructsurpA2_left: autoDraw = False
47.5443 	EXP 	memory_slider: autoDraw = False
47.5443 	EXP 	stimulus12: image = 'img/neutralC/CFD-WF-238-023-N.jpg'
47.5443 	EXP 	instructsurpA1_right_2: text = 'Friendly - Right Key'
47.5443 	EXP 	instructsurpA2_left_2: text = 'Unfriendly - Left Key'
47.5443 	EXP 	stimulus12: autoDraw = True
47.5443 	EXP 	instructsurpA1_right_2: autoDraw = True
47.5443 	EXP 	instructsurpA2_left_2: autoDraw = True
49.4905 	EXP 	New trial (rep=0, index=3): OrderedDict([('surp_csv_name', 'csv_files/surprise_csv_files/surpriseTable_row479.csv')])
49.5084 	DEBUG 	Read csv file with pandas: csv_files/surprise_csv_files/surpriseTable_row479.csv
49.5099 	DEBUG 	Clearing unnamed columns from csv_files/surprise_csv_files/surpriseTable_row479.csv
49.5105 	EXP 	Imported csv_files/surprise_csv_files/surpriseTable_row479.csv as conditions, 1 conditions, 2 params
49.5111 	EXP 	Created sequence: random, trialTypes=1, nReps=1, seed=None
49.5117 	EXP 	New trial (rep=0, index=0): OrderedDict([('surpriseFaces', 'img/neutralC/CFD-MF-345-025-N.jpg'), ('new', 1)])
49.6205 	DATA 	Keypress: 1
49.6389 	EXP 	stimulus12: autoDraw = False
49.6389 	EXP 	instructsurpA1_right_2: autoDraw = False
49.6389 	EXP 	instructsurpA2_left_2: autoDraw = False
49.6389 	EXP 	stimulus: image = 'img/neutralC/CFD-MF-345-025-N.jpg'
49.6389 	EXP 	instructsurpA1_right: text = 'OLD - Right Key'
49.6389 	EXP 	instructsurpA2_left: text = 'NEW - Left Key'
49.6389 	EXP 	memory_slider: markerPos = None
49.6389 	EXP 	memory_slider: markerPos = None
49.6389 	EXP 	stimulus: autoDraw = True
49.6389 	EXP 	instructsurpA1_right: autoDraw = True
49.6389 	EXP 	instructsurpA2_left: autoDraw = True
49.6389 	EXP 	memory_slider: autoDraw = True
50.5827 	DATA 	Mouse: Left button down, pos=(528,329)
50.6041 	EXP 	memory_slider: markerPos = 0.999999962747097
50.6246 	EXP 	memory_slider: markerPos = 0.999999962747097
50.6440 	EXP 	memory_slider: markerPos = 0.999999962747097
50.6633 	EXP 	memory_slider: markerPos = 0.999999962747097
50.6788 	DATA 	Mouse:  Left button up, pos=(528,329)
50.6817 	EXP 	memory_slider: markerPos = 0.999999962747097
50.7001 	EXP 	memory_slider: markerPos = 1
50.7990 	EXP 	stimulus: autoDraw = False
50.7990 	EXP 	instructsurpA1_right: autoDraw = False
50.7990 	EXP 	instructsurpA2_left: autoDraw = False
50.7990 	EXP 	memory_slider: autoDraw = False
50.7990 	EXP 	stimulus12: image = 'img/neutralC/CFD-MF-345-025-N.jpg'
50.7990 	EXP 	instructsurpA1_right_2: text = 'Friendly - Right Key'
50.7990 	EXP 	instructsurpA2_left_2: text = 'Unfriendly - Left Key'
50.7990 	EXP 	stimulus12: autoDraw = True
50.7990 	EXP 	instructsurpA1_right_2: autoDraw = True
50.7990 	EXP 	instructsurpA2_left_2: autoDraw = True
51.7912 	EXP 	New trial (rep=0, index=4): OrderedDict([('surp_csv_name', 'csv_files/surprise_csv_files/surpriseTable_row50.csv')])
51.7982 	DEBUG 	Read csv file with pandas: csv_files/surprise_csv_files/surpriseTable_row50.csv
51.7989 	DEBUG 	Clearing unnamed columns from csv_files/surprise_csv_files/surpriseTable_row50.csv
51.7992 	EXP 	Imported csv_files/surprise_csv_files/surpriseTable_row50.csv as conditions, 1 conditions, 2 params
51.7995 	EXP 	Created sequence: random, trialTypes=1, nReps=1, seed=None
51.7998 	EXP 	New trial (rep=0, index=0): OrderedDict([('surpriseFaces', 'img/neutralC/CFD-IM-674-281-N.jpg'), ('new', 0)])
51.8943 	DATA 	Keypress: 1
51.9112 	EXP 	stimulus12: autoDraw = False
51.9112 	EXP 	instructsurpA1_right_2: autoDraw = False
51.9112 	EXP 	instructsurpA2_left_2: autoDraw = False
51.9112 	EXP 	stimulus: image = 'img/neutralC/CFD-IM-674-281-N.jpg'
51.9112 	EXP 	instructsurpA1_right: text = 'OLD - Right Key'
51.9112 	EXP 	instructsurpA2_left: text = 'NEW - Left Key'
51.9112 	EXP 	memory_slider: markerPos = None
51.9112 	EXP 	memory_slider: markerPos = None
51.9112 	EXP 	stimulus: autoDraw = True
51.9112 	EXP 	instructsurpA1_right: autoDraw = True
51.9112 	EXP 	instructsurpA2_left: autoDraw = True
51.9112 	EXP 	memory_slider: autoDraw = True
53.0685 	DATA 	Mouse: Left button down, pos=(1045,331)
53.0897 	EXP 	memory_slider: markerPos = 3.9918981343507767
53.1090 	EXP 	memory_slider: markerPos = 3.9918981343507767
53.1275 	EXP 	memory_slider: markerPos = 3.9918981343507767
53.1447 	EXP 	memory_slider: markerPos = 3.9918981343507767
53.1626 	EXP 	memory_slider: markerPos = 3.9918981343507767
53.1783 	DATA 	Mouse:  Left button up, pos=(1045,331)
53.1811 	EXP 	memory_slider: markerPos = 3.9918981343507767
53.1994 	EXP 	memory_slider: markerPos = 3.9918981343507767
53.2980 	EXP 	stimulus: autoDraw = False
53.2980 	EXP 	instructsurpA1_right: autoDraw = False
53.2980 	EXP 	instructsurpA2_left: autoDraw = False
53.2980 	EXP 	memory_slider: autoDraw = False
53.2980 	EXP 	stimulus12: image = 'img/neutralC/CFD-IM-674-281-N.jpg'
53.2980 	EXP 	instructsurpA1_right_2: text = 'Friendly - Right Key'
53.2980 	EXP 	instructsurpA2_left_2: text = 'Unfriendly - Left Key'
53.2980 	EXP 	stimulus12: autoDraw = True
53.2980 	EXP 	instructsurpA1_right_2: autoDraw = True
53.2980 	EXP 	instructsurpA2_left_2: autoDraw = True
54.4126 	DATA 	Keypress: 1
54.4282 	EXP 	New trial (rep=0, index=5): OrderedDict([('surp_csv_name', 'csv_files/surprise_csv_files/surpriseTable_row264.csv')])
54.4392 	DEBUG 	Read csv file with pandas: csv_files/surprise_csv_files/surpriseTable_row264.csv
54.4404 	DEBUG 	Clearing unnamed columns from csv_files/surprise_csv_files/surpriseTable_row264.csv
54.4410 	EXP 	Imported csv_files/surprise_csv_files/surpriseTable_row264.csv as conditions, 1 conditions, 2 params
54.4415 	EXP 	Created sequence: random, trialTypes=1, nReps=1, seed=None
54.4419 	EXP 	New trial (rep=0, index=0): OrderedDict([('surpriseFaces', 'img/neutralC/CFD-BF-216-132-N.jpg'), ('new', 1)])
54.5720 	EXP 	stimulus12: autoDraw = False
54.5720 	EXP 	instructsurpA1_right_2: autoDraw = False
54.5720 	EXP 	instructsurpA2_left_2: autoDraw = False
54.5720 	EXP 	stimulus: image = 'img/neutralC/CFD-BF-216-132-N.jpg'
54.5720 	EXP 	instructsurpA1_right: text = 'OLD - Right Key'
54.5720 	EXP 	instructsurpA2_left: text = 'NEW - Left Key'
54.5720 	EXP 	memory_slider: markerPos = None
54.5720 	EXP 	memory_slider: markerPos = None
54.5720 	EXP 	stimulus: autoDraw = True
54.5720 	EXP 	instructsurpA1_right: autoDraw = True
54.5720 	EXP 	instructsurpA2_left: autoDraw = True
54.5720 	EXP 	memory_slider: autoDraw = True
55.1938 	DATA 	Mouse: Left button down, pos=(874,319)
55.2118 	EXP 	memory_slider: markerPos = 3.0023148134350777
55.2310 	EXP 	memory_slider: markerPos = 3.0023148134350777
55.2508 	EXP 	memory_slider: markerPos = 3.0023148134350777
55.2677 	EXP 	memory_slider: markerPos = 3.0023148134350777
55.2848 	EXP 	memory_slider: markerPos = 3.0023148134350777
55.3025 	EXP 	memory_slider: markerPos = 3.0023148134350777
55.3053 	DATA 	Mouse:  Left button up, pos=(874,319)
55.3212 	EXP 	memory_slider: markerPos = 3.0023148134350777
55.4119 	EXP 	stimulus: autoDraw = False
55.4119 	EXP 	instructsurpA1_right: autoDraw = False
55.4119 	EXP 	instructsurpA2_left: autoDraw = False
55.4119 	EXP 	memory_slider: autoDraw = False
55.4119 	EXP 	stimulus12: image = 'img/neutralC/CFD-BF-216-132-N.jpg'
55.4119 	EXP 	instructsurpA1_right_2: text = 'Friendly - Right Key'
55.4119 	EXP 	instructsurpA2_left_2: text = 'Unfriendly - Left Key'
55.4119 	EXP 	stimulus12: autoDraw = True
55.4119 	EXP 	instructsurpA1_right_2: autoDraw = True
55.4119 	EXP 	instructsurpA2_left_2: autoDraw = True
58.5813 	EXP 	New trial (rep=0, index=6): OrderedDict([('surp_csv_name', 'csv_files/surprise_csv_files/surpriseTable_row16.csv')])
58.5943 	DEBUG 	Read csv file with pandas: csv_files/surprise_csv_files/surpriseTable_row16.csv
58.5953 	DEBUG 	Clearing unnamed columns from csv_files/surprise_csv_files/surpriseTable_row16.csv
58.5959 	EXP 	Imported csv_files/surprise_csv_files/surpriseTable_row16.csv as conditions, 1 conditions, 2 params
58.5962 	EXP 	Created sequence: random, trialTypes=1, nReps=1, seed=None
58.5966 	EXP 	New trial (rep=0, index=0): OrderedDict([('surpriseFaces', 'img/neutralC/CFD-BF-041-001-N.jpg'), ('new', 0)])
58.6972 	DATA 	Keypress: 1
58.7145 	EXP 	stimulus12: autoDraw = False
58.7145 	EXP 	instructsurpA1_right_2: autoDraw = False
58.7145 	EXP 	instructsurpA2_left_2: autoDraw = False
58.7145 	EXP 	stimulus: image = 'img/neutralC/CFD-BF-041-001-N.jpg'
58.7145 	EXP 	instructsurpA1_right: text = 'OLD - Right Key'
58.7145 	EXP 	instructsurpA2_left: text = 'NEW - Left Key'
58.7145 	EXP 	memory_slider: markerPos = None
58.7145 	EXP 	memory_slider: markerPos = None
58.7145 	EXP 	stimulus: autoDraw = True
58.7145 	EXP 	instructsurpA1_right: autoDraw = True
58.7145 	EXP 	instructsurpA2_left: autoDraw = True
58.7145 	EXP 	memory_slider: autoDraw = True
67.5977 	DATA 	Keypress: 1
71.3262 	DATA 	Mouse: Left button down, pos=(874,324)
71.3421 	EXP 	memory_slider: markerPos = 3.0023148134350777
71.3594 	EXP 	memory_slider: markerPos = 3.0023148134350777
71.3768 	EXP 	memory_slider: markerPos = 3.0023148134350777
71.3950 	EXP 	memory_slider: markerPos = 3.0023148134350777
71.4182 	EXP 	memory_slider: markerPos = 3.0023148134350777
71.4349 	DATA 	Mouse:  Left button up, pos=(874,324)
71.4375 	EXP 	memory_slider: markerPos = 3.0023148134350777
71.4545 	EXP 	memory_slider: markerPos = 3.0023148134350777
71.5693 	EXP 	stimulus: autoDraw = False
71.5693 	EXP 	instructsurpA1_right: autoDraw = False
71.5693 	EXP 	instructsurpA2_left: autoDraw = False
71.5693 	EXP 	memory_slider: autoDraw = False
71.5693 	EXP 	stimulus12: image = 'img/neutralC/CFD-BF-041-001-N.jpg'
71.5693 	EXP 	instructsurpA1_right_2: text = 'Friendly - Right Key'
71.5693 	EXP 	instructsurpA2_left_2: text = 'Unfriendly - Left Key'
71.5693 	EXP 	stimulus12: autoDraw = True
71.5693 	EXP 	instructsurpA1_right_2: autoDraw = True
71.5693 	EXP 	instructsurpA2_left_2: autoDraw = True
73.7811 	EXP 	New trial (rep=0, index=7): OrderedDict([('surp_csv_name', 'csv_files/surprise_csv_files/surpriseTable_row98.csv')])
73.7982 	DEBUG 	Read csv file with pandas: csv_files/surprise_csv_files/surpriseTable_row98.csv
73.7996 	DEBUG 	Clearing unnamed columns from csv_files/surprise_csv_files/surpriseTable_row98.csv
73.8002 	EXP 	Imported csv_files/surprise_csv_files/surpriseTable_row98.csv as conditions, 1 conditions, 2 params
73.8007 	EXP 	Created sequence: random, trialTypes=1, nReps=1, seed=None
73.8013 	EXP 	New trial (rep=0, index=0): OrderedDict([('surpriseFaces', 'img/neutralC/CFD-IF-649-016-N.jpg'), ('new', 0)])
73.9113 	DATA 	Keypress: 1
73.9287 	EXP 	stimulus12: autoDraw = False
73.9287 	EXP 	instructsurpA1_right_2: autoDraw = False
73.9287 	EXP 	instructsurpA2_left_2: autoDraw = False
73.9287 	EXP 	stimulus: image = 'img/neutralC/CFD-IF-649-016-N.jpg'
73.9287 	EXP 	instructsurpA1_right: text = 'OLD - Right Key'
73.9287 	EXP 	instructsurpA2_left: text = 'NEW - Left Key'
73.9287 	EXP 	memory_slider: markerPos = None
73.9287 	EXP 	memory_slider: markerPos = None
73.9287 	EXP 	stimulus: autoDraw = True
73.9287 	EXP 	instructsurpA1_right: autoDraw = True
73.9287 	EXP 	instructsurpA2_left: autoDraw = True
73.9287 	EXP 	memory_slider: autoDraw = True
75.8565 	DATA 	Keypress: escape
76.7120 	EXP 	window1: mouseVisible = True
76.7121 	DEBUG 	Saving data for face_flanker_v1 ExperimentHandler
76.7163 	INFO 	saved data to C:\Users\kihossei\Documents\GitHub\memory-for-error-dataset\materials\experiments\mfe_final_version\data/_face_flanker_v1_2022-08-01_19h27.26.800.psydat
76.7225 	INFO 	saved data to 'C:\\Users\\kihossei\\Documents\\GitHub\\memory-for-error-dataset\\materials\\experiments\\mfe_final_version\\data/_face_flanker_v1_2022-08-01_19h27.26.800.csv'
